[2026-03-18T08:04:55.288+0000] {taskinstance.py:1956} INFO - Dependencies all met for dep_context=non-requeueable deps ti=<TaskInstance: sales_analysis_pipeline.analyze_sales manual__2026-03-18T08:04:52.872865+00:00 [queued]>
[2026-03-18T08:04:55.291+0000] {taskinstance.py:1956} INFO - Dependencies all met for dep_context=requeueable deps ti=<TaskInstance: sales_analysis_pipeline.analyze_sales manual__2026-03-18T08:04:52.872865+00:00 [queued]>
[2026-03-18T08:04:55.291+0000] {taskinstance.py:2170} INFO - Starting attempt 1 of 1
[2026-03-18T08:04:55.294+0000] {taskinstance.py:2191} INFO - Executing <Task(BashOperator): analyze_sales> on 2026-03-18 08:04:52.872865+00:00
[2026-03-18T08:04:55.296+0000] {standard_task_runner.py:60} INFO - Started process 97 to run task
[2026-03-18T08:04:55.298+0000] {standard_task_runner.py:87} INFO - Running: ['***', 'tasks', 'run', 'sales_analysis_pipeline', 'analyze_sales', 'manual__2026-03-18T08:04:52.872865+00:00', '--job-id', '16', '--raw', '--subdir', 'DAGS_FOLDER/sales_analysis_dag.py', '--cfg-path', '/tmp/tmpbfq5v8tz']
[2026-03-18T08:04:55.299+0000] {standard_task_runner.py:88} INFO - Job 16: Subtask analyze_sales
[2026-03-18T08:04:55.313+0000] {task_command.py:423} INFO - Running <TaskInstance: sales_analysis_pipeline.analyze_sales manual__2026-03-18T08:04:52.872865+00:00 [running]> on host 36b0a99a4849
[2026-03-18T08:04:55.334+0000] {taskinstance.py:2480} INFO - Exporting env vars: AIRFLOW_CTX_DAG_OWNER='***' AIRFLOW_CTX_DAG_ID='sales_analysis_pipeline' AIRFLOW_CTX_TASK_ID='analyze_sales' AIRFLOW_CTX_EXECUTION_DATE='2026-03-18T08:04:52.872865+00:00' AIRFLOW_CTX_TRY_NUMBER='1' AIRFLOW_CTX_DAG_RUN_ID='manual__2026-03-18T08:04:52.872865+00:00'
[2026-03-18T08:04:55.335+0000] {subprocess.py:63} INFO - Tmp dir root location: /tmp
[2026-03-18T08:04:55.335+0000] {subprocess.py:75} INFO - Running command: ['/usr/bin/bash', '-c', 'cd /opt/*** && python scripts/analyze_sales.py']
[2026-03-18T08:04:55.339+0000] {subprocess.py:86} INFO - Output:
[2026-03-18T08:04:55.507+0000] {subprocess.py:93} INFO - Traceback (most recent call last):
[2026-03-18T08:04:55.507+0000] {subprocess.py:93} INFO -   File "scripts/analyze_sales.py", line 3, in <module>
[2026-03-18T08:04:55.508+0000] {subprocess.py:93} INFO -     import plotly.express as px
[2026-03-18T08:04:55.508+0000] {subprocess.py:93} INFO - ModuleNotFoundError: No module named 'plotly'
[2026-03-18T08:04:55.534+0000] {subprocess.py:97} INFO - Command exited with return code 1
[2026-03-18T08:04:55.538+0000] {taskinstance.py:2698} ERROR - Task failed with exception
Traceback (most recent call last):
  File "/home/airflow/.local/lib/python3.8/site-packages/airflow/models/taskinstance.py", line 433, in _execute_task
    result = execute_callable(context=context, **execute_callable_kwargs)
  File "/home/airflow/.local/lib/python3.8/site-packages/airflow/operators/bash.py", line 212, in execute
    raise AirflowException(
airflow.exceptions.AirflowException: Bash command failed. The command returned a non-zero exit code 1.
[2026-03-18T08:04:55.540+0000] {taskinstance.py:1138} INFO - Marking task as FAILED. dag_id=sales_analysis_pipeline, task_id=analyze_sales, execution_date=20260318T080452, start_date=20260318T080455, end_date=20260318T080455
[2026-03-18T08:04:55.544+0000] {standard_task_runner.py:107} ERROR - Failed to execute job 16 for task analyze_sales (Bash command failed. The command returned a non-zero exit code 1.; 97)
[2026-03-18T08:04:55.572+0000] {local_task_job_runner.py:234} INFO - Task exited with return code 1
[2026-03-18T08:04:55.582+0000] {taskinstance.py:3280} INFO - 0 downstream tasks scheduled from follow-on schedule check
