[2026-03-18T07:50:17.976+0000] {processor.py:161} INFO - Started process (PID=597) to work on /opt/airflow/dags/sales_analysis_dag.py
[2026-03-18T07:50:17.977+0000] {processor.py:830} INFO - Processing file /opt/airflow/dags/sales_analysis_dag.py for tasks to queue
[2026-03-18T07:50:17.978+0000] {logging_mixin.py:188} INFO - [2026-03-18T07:50:17.978+0000] {dagbag.py:538} INFO - Filling up the DagBag from /opt/airflow/dags/sales_analysis_dag.py
[2026-03-18T07:50:17.983+0000] {processor.py:840} INFO - DAG(s) 'sales_analysis_pipeline' retrieved from /opt/airflow/dags/sales_analysis_dag.py
[2026-03-18T07:50:18.024+0000] {logging_mixin.py:188} INFO - [2026-03-18T07:50:18.024+0000] {override.py:1769} INFO - Created Permission View: can read on DAG:sales_analysis_pipeline
[2026-03-18T07:50:18.028+0000] {logging_mixin.py:188} INFO - [2026-03-18T07:50:18.028+0000] {override.py:1769} INFO - Created Permission View: can delete on DAG:sales_analysis_pipeline
[2026-03-18T07:50:18.030+0000] {logging_mixin.py:188} INFO - [2026-03-18T07:50:18.030+0000] {override.py:1769} INFO - Created Permission View: can edit on DAG:sales_analysis_pipeline
[2026-03-18T07:50:18.030+0000] {logging_mixin.py:188} INFO - [2026-03-18T07:50:18.030+0000] {dag.py:3036} INFO - Sync 1 DAGs
[2026-03-18T07:50:18.034+0000] {logging_mixin.py:188} INFO - [2026-03-18T07:50:18.034+0000] {dag.py:3058} INFO - Creating ORM DAG for sales_analysis_pipeline
[2026-03-18T07:50:18.034+0000] {logging_mixin.py:188} INFO - [2026-03-18T07:50:18.034+0000] {dag.py:3823} INFO - Setting next_dagrun for sales_analysis_pipeline to None, run_after=None
[2026-03-18T07:50:18.040+0000] {processor.py:183} INFO - Processing /opt/airflow/dags/sales_analysis_dag.py took 0.066 seconds
[2026-03-18T07:50:48.485+0000] {processor.py:161} INFO - Started process (PID=653) to work on /opt/airflow/dags/sales_analysis_dag.py
[2026-03-18T07:50:48.486+0000] {processor.py:830} INFO - Processing file /opt/airflow/dags/sales_analysis_dag.py for tasks to queue
[2026-03-18T07:50:48.490+0000] {logging_mixin.py:188} INFO - [2026-03-18T07:50:48.490+0000] {dagbag.py:538} INFO - Filling up the DagBag from /opt/airflow/dags/sales_analysis_dag.py
[2026-03-18T07:50:48.499+0000] {processor.py:840} INFO - DAG(s) 'sales_analysis_pipeline' retrieved from /opt/airflow/dags/sales_analysis_dag.py
[2026-03-18T07:50:48.517+0000] {logging_mixin.py:188} INFO - [2026-03-18T07:50:48.517+0000] {dag.py:3036} INFO - Sync 1 DAGs
[2026-03-18T07:50:48.524+0000] {logging_mixin.py:188} INFO - [2026-03-18T07:50:48.524+0000] {dag.py:3823} INFO - Setting next_dagrun for sales_analysis_pipeline to None, run_after=None
[2026-03-18T07:50:48.532+0000] {processor.py:183} INFO - Processing /opt/airflow/dags/sales_analysis_dag.py took 0.053 seconds
[2026-03-18T07:51:18.972+0000] {processor.py:161} INFO - Started process (PID=709) to work on /opt/airflow/dags/sales_analysis_dag.py
[2026-03-18T07:51:18.974+0000] {processor.py:830} INFO - Processing file /opt/airflow/dags/sales_analysis_dag.py for tasks to queue
[2026-03-18T07:51:18.975+0000] {logging_mixin.py:188} INFO - [2026-03-18T07:51:18.975+0000] {dagbag.py:538} INFO - Filling up the DagBag from /opt/airflow/dags/sales_analysis_dag.py
[2026-03-18T07:51:18.982+0000] {processor.py:840} INFO - DAG(s) 'sales_analysis_pipeline' retrieved from /opt/airflow/dags/sales_analysis_dag.py
[2026-03-18T07:51:18.998+0000] {logging_mixin.py:188} INFO - [2026-03-18T07:51:18.998+0000] {dag.py:3036} INFO - Sync 1 DAGs
[2026-03-18T07:51:19.004+0000] {logging_mixin.py:188} INFO - [2026-03-18T07:51:19.004+0000] {dag.py:3823} INFO - Setting next_dagrun for sales_analysis_pipeline to None, run_after=None
[2026-03-18T07:51:19.012+0000] {processor.py:183} INFO - Processing /opt/airflow/dags/sales_analysis_dag.py took 0.044 seconds
[2026-03-18T07:51:49.468+0000] {processor.py:161} INFO - Started process (PID=765) to work on /opt/airflow/dags/sales_analysis_dag.py
[2026-03-18T07:51:49.469+0000] {processor.py:830} INFO - Processing file /opt/airflow/dags/sales_analysis_dag.py for tasks to queue
[2026-03-18T07:51:49.471+0000] {logging_mixin.py:188} INFO - [2026-03-18T07:51:49.471+0000] {dagbag.py:538} INFO - Filling up the DagBag from /opt/airflow/dags/sales_analysis_dag.py
[2026-03-18T07:51:49.477+0000] {processor.py:840} INFO - DAG(s) 'sales_analysis_pipeline' retrieved from /opt/airflow/dags/sales_analysis_dag.py
[2026-03-18T07:51:49.489+0000] {logging_mixin.py:188} INFO - [2026-03-18T07:51:49.489+0000] {dag.py:3036} INFO - Sync 1 DAGs
[2026-03-18T07:51:49.495+0000] {logging_mixin.py:188} INFO - [2026-03-18T07:51:49.495+0000] {dag.py:3823} INFO - Setting next_dagrun for sales_analysis_pipeline to None, run_after=None
[2026-03-18T07:51:49.503+0000] {processor.py:183} INFO - Processing /opt/airflow/dags/sales_analysis_dag.py took 0.037 seconds
[2026-03-18T07:52:19.947+0000] {processor.py:161} INFO - Started process (PID=821) to work on /opt/airflow/dags/sales_analysis_dag.py
[2026-03-18T07:52:19.950+0000] {processor.py:830} INFO - Processing file /opt/airflow/dags/sales_analysis_dag.py for tasks to queue
[2026-03-18T07:52:19.952+0000] {logging_mixin.py:188} INFO - [2026-03-18T07:52:19.952+0000] {dagbag.py:538} INFO - Filling up the DagBag from /opt/airflow/dags/sales_analysis_dag.py
[2026-03-18T07:52:19.960+0000] {processor.py:840} INFO - DAG(s) 'sales_analysis_pipeline' retrieved from /opt/airflow/dags/sales_analysis_dag.py
[2026-03-18T07:52:19.979+0000] {logging_mixin.py:188} INFO - [2026-03-18T07:52:19.979+0000] {dag.py:3036} INFO - Sync 1 DAGs
[2026-03-18T07:52:19.986+0000] {logging_mixin.py:188} INFO - [2026-03-18T07:52:19.986+0000] {dag.py:3823} INFO - Setting next_dagrun for sales_analysis_pipeline to None, run_after=None
[2026-03-18T07:52:19.994+0000] {processor.py:183} INFO - Processing /opt/airflow/dags/sales_analysis_dag.py took 0.053 seconds
[2026-03-18T07:52:50.472+0000] {processor.py:161} INFO - Started process (PID=877) to work on /opt/airflow/dags/sales_analysis_dag.py
[2026-03-18T07:52:50.473+0000] {processor.py:830} INFO - Processing file /opt/airflow/dags/sales_analysis_dag.py for tasks to queue
[2026-03-18T07:52:50.474+0000] {logging_mixin.py:188} INFO - [2026-03-18T07:52:50.474+0000] {dagbag.py:538} INFO - Filling up the DagBag from /opt/airflow/dags/sales_analysis_dag.py
[2026-03-18T07:52:50.478+0000] {processor.py:840} INFO - DAG(s) 'sales_analysis_pipeline' retrieved from /opt/airflow/dags/sales_analysis_dag.py
[2026-03-18T07:52:50.487+0000] {logging_mixin.py:188} INFO - [2026-03-18T07:52:50.487+0000] {dag.py:3036} INFO - Sync 1 DAGs
[2026-03-18T07:52:50.493+0000] {logging_mixin.py:188} INFO - [2026-03-18T07:52:50.493+0000] {dag.py:3823} INFO - Setting next_dagrun for sales_analysis_pipeline to None, run_after=None
[2026-03-18T07:52:50.500+0000] {processor.py:183} INFO - Processing /opt/airflow/dags/sales_analysis_dag.py took 0.031 seconds
[2026-03-18T07:53:20.961+0000] {processor.py:161} INFO - Started process (PID=933) to work on /opt/airflow/dags/sales_analysis_dag.py
[2026-03-18T07:53:20.962+0000] {processor.py:830} INFO - Processing file /opt/airflow/dags/sales_analysis_dag.py for tasks to queue
[2026-03-18T07:53:20.964+0000] {logging_mixin.py:188} INFO - [2026-03-18T07:53:20.963+0000] {dagbag.py:538} INFO - Filling up the DagBag from /opt/airflow/dags/sales_analysis_dag.py
[2026-03-18T07:53:20.969+0000] {processor.py:840} INFO - DAG(s) 'sales_analysis_pipeline' retrieved from /opt/airflow/dags/sales_analysis_dag.py
[2026-03-18T07:53:20.983+0000] {logging_mixin.py:188} INFO - [2026-03-18T07:53:20.983+0000] {dag.py:3036} INFO - Sync 1 DAGs
[2026-03-18T07:53:20.988+0000] {logging_mixin.py:188} INFO - [2026-03-18T07:53:20.988+0000] {dag.py:3823} INFO - Setting next_dagrun for sales_analysis_pipeline to None, run_after=None
[2026-03-18T07:53:20.997+0000] {processor.py:183} INFO - Processing /opt/airflow/dags/sales_analysis_dag.py took 0.040 seconds
[2026-03-18T07:53:51.457+0000] {processor.py:161} INFO - Started process (PID=989) to work on /opt/airflow/dags/sales_analysis_dag.py
[2026-03-18T07:53:51.458+0000] {processor.py:830} INFO - Processing file /opt/airflow/dags/sales_analysis_dag.py for tasks to queue
[2026-03-18T07:53:51.459+0000] {logging_mixin.py:188} INFO - [2026-03-18T07:53:51.459+0000] {dagbag.py:538} INFO - Filling up the DagBag from /opt/airflow/dags/sales_analysis_dag.py
[2026-03-18T07:53:51.465+0000] {processor.py:840} INFO - DAG(s) 'sales_analysis_pipeline' retrieved from /opt/airflow/dags/sales_analysis_dag.py
[2026-03-18T07:53:51.477+0000] {logging_mixin.py:188} INFO - [2026-03-18T07:53:51.476+0000] {dag.py:3036} INFO - Sync 1 DAGs
[2026-03-18T07:53:51.485+0000] {logging_mixin.py:188} INFO - [2026-03-18T07:53:51.484+0000] {dag.py:3823} INFO - Setting next_dagrun for sales_analysis_pipeline to None, run_after=None
[2026-03-18T07:53:51.495+0000] {processor.py:183} INFO - Processing /opt/airflow/dags/sales_analysis_dag.py took 0.045 seconds
[2026-03-18T07:54:21.891+0000] {processor.py:161} INFO - Started process (PID=1045) to work on /opt/airflow/dags/sales_analysis_dag.py
[2026-03-18T07:54:21.892+0000] {processor.py:830} INFO - Processing file /opt/airflow/dags/sales_analysis_dag.py for tasks to queue
[2026-03-18T07:54:21.893+0000] {logging_mixin.py:188} INFO - [2026-03-18T07:54:21.893+0000] {dagbag.py:538} INFO - Filling up the DagBag from /opt/airflow/dags/sales_analysis_dag.py
[2026-03-18T07:54:21.897+0000] {processor.py:840} INFO - DAG(s) 'sales_analysis_pipeline' retrieved from /opt/airflow/dags/sales_analysis_dag.py
[2026-03-18T07:54:21.911+0000] {logging_mixin.py:188} INFO - [2026-03-18T07:54:21.911+0000] {dag.py:3036} INFO - Sync 1 DAGs
[2026-03-18T07:54:21.918+0000] {logging_mixin.py:188} INFO - [2026-03-18T07:54:21.917+0000] {dag.py:3823} INFO - Setting next_dagrun for sales_analysis_pipeline to None, run_after=None
[2026-03-18T07:54:21.927+0000] {processor.py:183} INFO - Processing /opt/airflow/dags/sales_analysis_dag.py took 0.040 seconds
[2026-03-18T07:54:52.346+0000] {processor.py:161} INFO - Started process (PID=1101) to work on /opt/airflow/dags/sales_analysis_dag.py
[2026-03-18T07:54:52.347+0000] {processor.py:830} INFO - Processing file /opt/airflow/dags/sales_analysis_dag.py for tasks to queue
[2026-03-18T07:54:52.349+0000] {logging_mixin.py:188} INFO - [2026-03-18T07:54:52.349+0000] {dagbag.py:538} INFO - Filling up the DagBag from /opt/airflow/dags/sales_analysis_dag.py
[2026-03-18T07:54:52.355+0000] {processor.py:840} INFO - DAG(s) 'sales_analysis_pipeline' retrieved from /opt/airflow/dags/sales_analysis_dag.py
[2026-03-18T07:54:52.371+0000] {logging_mixin.py:188} INFO - [2026-03-18T07:54:52.371+0000] {dag.py:3036} INFO - Sync 1 DAGs
[2026-03-18T07:54:52.378+0000] {logging_mixin.py:188} INFO - [2026-03-18T07:54:52.377+0000] {dag.py:3823} INFO - Setting next_dagrun for sales_analysis_pipeline to None, run_after=None
[2026-03-18T07:54:52.386+0000] {processor.py:183} INFO - Processing /opt/airflow/dags/sales_analysis_dag.py took 0.044 seconds
[2026-03-18T07:55:22.835+0000] {processor.py:161} INFO - Started process (PID=1163) to work on /opt/airflow/dags/sales_analysis_dag.py
[2026-03-18T07:55:22.836+0000] {processor.py:830} INFO - Processing file /opt/airflow/dags/sales_analysis_dag.py for tasks to queue
[2026-03-18T07:55:22.838+0000] {logging_mixin.py:188} INFO - [2026-03-18T07:55:22.837+0000] {dagbag.py:538} INFO - Filling up the DagBag from /opt/airflow/dags/sales_analysis_dag.py
[2026-03-18T07:55:22.843+0000] {processor.py:840} INFO - DAG(s) 'sales_analysis_pipeline' retrieved from /opt/airflow/dags/sales_analysis_dag.py
[2026-03-18T07:55:22.856+0000] {logging_mixin.py:188} INFO - [2026-03-18T07:55:22.855+0000] {dag.py:3036} INFO - Sync 1 DAGs
[2026-03-18T07:55:22.861+0000] {logging_mixin.py:188} INFO - [2026-03-18T07:55:22.861+0000] {dag.py:3823} INFO - Setting next_dagrun for sales_analysis_pipeline to None, run_after=None
[2026-03-18T07:55:22.870+0000] {processor.py:183} INFO - Processing /opt/airflow/dags/sales_analysis_dag.py took 0.038 seconds
[2026-03-18T07:55:53.263+0000] {processor.py:161} INFO - Started process (PID=1219) to work on /opt/airflow/dags/sales_analysis_dag.py
[2026-03-18T07:55:53.265+0000] {processor.py:830} INFO - Processing file /opt/airflow/dags/sales_analysis_dag.py for tasks to queue
[2026-03-18T07:55:53.267+0000] {logging_mixin.py:188} INFO - [2026-03-18T07:55:53.267+0000] {dagbag.py:538} INFO - Filling up the DagBag from /opt/airflow/dags/sales_analysis_dag.py
[2026-03-18T07:55:53.274+0000] {processor.py:840} INFO - DAG(s) 'sales_analysis_pipeline' retrieved from /opt/airflow/dags/sales_analysis_dag.py
[2026-03-18T07:55:53.290+0000] {logging_mixin.py:188} INFO - [2026-03-18T07:55:53.290+0000] {dag.py:3036} INFO - Sync 1 DAGs
[2026-03-18T07:55:53.296+0000] {logging_mixin.py:188} INFO - [2026-03-18T07:55:53.296+0000] {dag.py:3823} INFO - Setting next_dagrun for sales_analysis_pipeline to None, run_after=None
[2026-03-18T07:55:53.304+0000] {processor.py:183} INFO - Processing /opt/airflow/dags/sales_analysis_dag.py took 0.045 seconds
[2026-03-18T07:56:23.656+0000] {processor.py:161} INFO - Started process (PID=1275) to work on /opt/airflow/dags/sales_analysis_dag.py
[2026-03-18T07:56:23.658+0000] {processor.py:830} INFO - Processing file /opt/airflow/dags/sales_analysis_dag.py for tasks to queue
[2026-03-18T07:56:23.659+0000] {logging_mixin.py:188} INFO - [2026-03-18T07:56:23.659+0000] {dagbag.py:538} INFO - Filling up the DagBag from /opt/airflow/dags/sales_analysis_dag.py
[2026-03-18T07:56:23.663+0000] {processor.py:840} INFO - DAG(s) 'sales_analysis_pipeline' retrieved from /opt/airflow/dags/sales_analysis_dag.py
[2026-03-18T07:56:23.674+0000] {logging_mixin.py:188} INFO - [2026-03-18T07:56:23.674+0000] {dag.py:3036} INFO - Sync 1 DAGs
[2026-03-18T07:56:23.680+0000] {logging_mixin.py:188} INFO - [2026-03-18T07:56:23.680+0000] {dag.py:3823} INFO - Setting next_dagrun for sales_analysis_pipeline to None, run_after=None
[2026-03-18T07:56:23.689+0000] {processor.py:183} INFO - Processing /opt/airflow/dags/sales_analysis_dag.py took 0.035 seconds
[2026-03-18T07:56:54.104+0000] {processor.py:161} INFO - Started process (PID=1331) to work on /opt/airflow/dags/sales_analysis_dag.py
[2026-03-18T07:56:54.105+0000] {processor.py:830} INFO - Processing file /opt/airflow/dags/sales_analysis_dag.py for tasks to queue
[2026-03-18T07:56:54.107+0000] {logging_mixin.py:188} INFO - [2026-03-18T07:56:54.106+0000] {dagbag.py:538} INFO - Filling up the DagBag from /opt/airflow/dags/sales_analysis_dag.py
[2026-03-18T07:56:54.112+0000] {processor.py:840} INFO - DAG(s) 'sales_analysis_pipeline' retrieved from /opt/airflow/dags/sales_analysis_dag.py
[2026-03-18T07:56:54.125+0000] {logging_mixin.py:188} INFO - [2026-03-18T07:56:54.125+0000] {dag.py:3036} INFO - Sync 1 DAGs
[2026-03-18T07:56:54.132+0000] {logging_mixin.py:188} INFO - [2026-03-18T07:56:54.132+0000] {dag.py:3823} INFO - Setting next_dagrun for sales_analysis_pipeline to None, run_after=None
[2026-03-18T07:56:54.140+0000] {processor.py:183} INFO - Processing /opt/airflow/dags/sales_analysis_dag.py took 0.040 seconds
[2026-03-18T07:57:24.620+0000] {processor.py:161} INFO - Started process (PID=1387) to work on /opt/airflow/dags/sales_analysis_dag.py
[2026-03-18T07:57:24.622+0000] {processor.py:830} INFO - Processing file /opt/airflow/dags/sales_analysis_dag.py for tasks to queue
[2026-03-18T07:57:24.624+0000] {logging_mixin.py:188} INFO - [2026-03-18T07:57:24.624+0000] {dagbag.py:538} INFO - Filling up the DagBag from /opt/airflow/dags/sales_analysis_dag.py
[2026-03-18T07:57:24.630+0000] {processor.py:840} INFO - DAG(s) 'sales_analysis_pipeline' retrieved from /opt/airflow/dags/sales_analysis_dag.py
[2026-03-18T07:57:24.647+0000] {logging_mixin.py:188} INFO - [2026-03-18T07:57:24.647+0000] {dag.py:3036} INFO - Sync 1 DAGs
[2026-03-18T07:57:24.653+0000] {logging_mixin.py:188} INFO - [2026-03-18T07:57:24.653+0000] {dag.py:3823} INFO - Setting next_dagrun for sales_analysis_pipeline to None, run_after=None
[2026-03-18T07:57:24.661+0000] {processor.py:183} INFO - Processing /opt/airflow/dags/sales_analysis_dag.py took 0.046 seconds
[2026-03-18T07:57:55.129+0000] {processor.py:161} INFO - Started process (PID=1443) to work on /opt/airflow/dags/sales_analysis_dag.py
[2026-03-18T07:57:55.130+0000] {processor.py:830} INFO - Processing file /opt/airflow/dags/sales_analysis_dag.py for tasks to queue
[2026-03-18T07:57:55.133+0000] {logging_mixin.py:188} INFO - [2026-03-18T07:57:55.133+0000] {dagbag.py:538} INFO - Filling up the DagBag from /opt/airflow/dags/sales_analysis_dag.py
[2026-03-18T07:57:55.141+0000] {processor.py:840} INFO - DAG(s) 'sales_analysis_pipeline' retrieved from /opt/airflow/dags/sales_analysis_dag.py
[2026-03-18T07:57:55.157+0000] {logging_mixin.py:188} INFO - [2026-03-18T07:57:55.156+0000] {dag.py:3036} INFO - Sync 1 DAGs
[2026-03-18T07:57:55.163+0000] {logging_mixin.py:188} INFO - [2026-03-18T07:57:55.163+0000] {dag.py:3823} INFO - Setting next_dagrun for sales_analysis_pipeline to None, run_after=None
[2026-03-18T07:57:55.170+0000] {processor.py:183} INFO - Processing /opt/airflow/dags/sales_analysis_dag.py took 0.047 seconds
[2026-03-18T07:58:25.615+0000] {processor.py:161} INFO - Started process (PID=1499) to work on /opt/airflow/dags/sales_analysis_dag.py
[2026-03-18T07:58:25.616+0000] {processor.py:830} INFO - Processing file /opt/airflow/dags/sales_analysis_dag.py for tasks to queue
[2026-03-18T07:58:25.619+0000] {logging_mixin.py:188} INFO - [2026-03-18T07:58:25.618+0000] {dagbag.py:538} INFO - Filling up the DagBag from /opt/airflow/dags/sales_analysis_dag.py
[2026-03-18T07:58:25.625+0000] {processor.py:840} INFO - DAG(s) 'sales_analysis_pipeline' retrieved from /opt/airflow/dags/sales_analysis_dag.py
[2026-03-18T07:58:25.642+0000] {logging_mixin.py:188} INFO - [2026-03-18T07:58:25.642+0000] {dag.py:3036} INFO - Sync 1 DAGs
[2026-03-18T07:58:25.648+0000] {logging_mixin.py:188} INFO - [2026-03-18T07:58:25.648+0000] {dag.py:3823} INFO - Setting next_dagrun for sales_analysis_pipeline to None, run_after=None
[2026-03-18T07:58:25.657+0000] {processor.py:183} INFO - Processing /opt/airflow/dags/sales_analysis_dag.py took 0.046 seconds
[2026-03-18T07:58:56.120+0000] {processor.py:161} INFO - Started process (PID=1555) to work on /opt/airflow/dags/sales_analysis_dag.py
[2026-03-18T07:58:56.121+0000] {processor.py:830} INFO - Processing file /opt/airflow/dags/sales_analysis_dag.py for tasks to queue
[2026-03-18T07:58:56.123+0000] {logging_mixin.py:188} INFO - [2026-03-18T07:58:56.123+0000] {dagbag.py:538} INFO - Filling up the DagBag from /opt/airflow/dags/sales_analysis_dag.py
[2026-03-18T07:58:56.129+0000] {processor.py:840} INFO - DAG(s) 'sales_analysis_pipeline' retrieved from /opt/airflow/dags/sales_analysis_dag.py
[2026-03-18T07:58:56.144+0000] {logging_mixin.py:188} INFO - [2026-03-18T07:58:56.144+0000] {dag.py:3036} INFO - Sync 1 DAGs
[2026-03-18T07:58:56.151+0000] {logging_mixin.py:188} INFO - [2026-03-18T07:58:56.151+0000] {dag.py:3823} INFO - Setting next_dagrun for sales_analysis_pipeline to None, run_after=None
[2026-03-18T07:58:56.159+0000] {processor.py:183} INFO - Processing /opt/airflow/dags/sales_analysis_dag.py took 0.044 seconds
[2026-03-18T07:59:26.665+0000] {processor.py:161} INFO - Started process (PID=1611) to work on /opt/airflow/dags/sales_analysis_dag.py
[2026-03-18T07:59:26.666+0000] {processor.py:830} INFO - Processing file /opt/airflow/dags/sales_analysis_dag.py for tasks to queue
[2026-03-18T07:59:26.668+0000] {logging_mixin.py:188} INFO - [2026-03-18T07:59:26.668+0000] {dagbag.py:538} INFO - Filling up the DagBag from /opt/airflow/dags/sales_analysis_dag.py
[2026-03-18T07:59:26.672+0000] {processor.py:840} INFO - DAG(s) 'sales_analysis_pipeline' retrieved from /opt/airflow/dags/sales_analysis_dag.py
[2026-03-18T07:59:26.687+0000] {logging_mixin.py:188} INFO - [2026-03-18T07:59:26.687+0000] {dag.py:3036} INFO - Sync 1 DAGs
[2026-03-18T07:59:26.693+0000] {logging_mixin.py:188} INFO - [2026-03-18T07:59:26.692+0000] {dag.py:3823} INFO - Setting next_dagrun for sales_analysis_pipeline to None, run_after=None
[2026-03-18T07:59:26.701+0000] {processor.py:183} INFO - Processing /opt/airflow/dags/sales_analysis_dag.py took 0.040 seconds
[2026-03-18T08:00:01.082+0000] {processor.py:161} INFO - Started process (PID=47) to work on /opt/airflow/dags/sales_analysis_dag.py
[2026-03-18T08:00:01.083+0000] {processor.py:830} INFO - Processing file /opt/airflow/dags/sales_analysis_dag.py for tasks to queue
[2026-03-18T08:00:01.084+0000] {logging_mixin.py:188} INFO - [2026-03-18T08:00:01.084+0000] {dagbag.py:538} INFO - Filling up the DagBag from /opt/airflow/dags/sales_analysis_dag.py
[2026-03-18T08:00:01.100+0000] {processor.py:840} INFO - DAG(s) 'sales_analysis_pipeline' retrieved from /opt/airflow/dags/sales_analysis_dag.py
[2026-03-18T08:00:01.205+0000] {logging_mixin.py:188} INFO - [2026-03-18T08:00:01.205+0000] {dag.py:3036} INFO - Sync 1 DAGs
[2026-03-18T08:00:01.210+0000] {logging_mixin.py:188} INFO - [2026-03-18T08:00:01.210+0000] {dag.py:3823} INFO - Setting next_dagrun for sales_analysis_pipeline to None, run_after=None
[2026-03-18T08:00:01.228+0000] {processor.py:183} INFO - Processing /opt/airflow/dags/sales_analysis_dag.py took 0.147 seconds
[2026-03-18T08:00:31.340+0000] {processor.py:161} INFO - Started process (PID=102) to work on /opt/airflow/dags/sales_analysis_dag.py
[2026-03-18T08:00:31.342+0000] {processor.py:830} INFO - Processing file /opt/airflow/dags/sales_analysis_dag.py for tasks to queue
[2026-03-18T08:00:31.344+0000] {logging_mixin.py:188} INFO - [2026-03-18T08:00:31.344+0000] {dagbag.py:538} INFO - Filling up the DagBag from /opt/airflow/dags/sales_analysis_dag.py
[2026-03-18T08:00:31.352+0000] {processor.py:840} INFO - DAG(s) 'sales_analysis_pipeline' retrieved from /opt/airflow/dags/sales_analysis_dag.py
[2026-03-18T08:00:31.368+0000] {logging_mixin.py:188} INFO - [2026-03-18T08:00:31.368+0000] {dag.py:3036} INFO - Sync 1 DAGs
[2026-03-18T08:00:31.378+0000] {logging_mixin.py:188} INFO - [2026-03-18T08:00:31.378+0000] {dag.py:3823} INFO - Setting next_dagrun for sales_analysis_pipeline to None, run_after=None
[2026-03-18T08:00:31.387+0000] {processor.py:183} INFO - Processing /opt/airflow/dags/sales_analysis_dag.py took 0.052 seconds
[2026-03-18T08:01:01.641+0000] {processor.py:161} INFO - Started process (PID=158) to work on /opt/airflow/dags/sales_analysis_dag.py
[2026-03-18T08:01:01.643+0000] {processor.py:830} INFO - Processing file /opt/airflow/dags/sales_analysis_dag.py for tasks to queue
[2026-03-18T08:01:01.646+0000] {logging_mixin.py:188} INFO - [2026-03-18T08:01:01.646+0000] {dagbag.py:538} INFO - Filling up the DagBag from /opt/airflow/dags/sales_analysis_dag.py
[2026-03-18T08:01:01.655+0000] {processor.py:840} INFO - DAG(s) 'sales_analysis_pipeline' retrieved from /opt/airflow/dags/sales_analysis_dag.py
[2026-03-18T08:01:01.669+0000] {logging_mixin.py:188} INFO - [2026-03-18T08:01:01.669+0000] {dag.py:3036} INFO - Sync 1 DAGs
[2026-03-18T08:01:01.678+0000] {logging_mixin.py:188} INFO - [2026-03-18T08:01:01.678+0000] {dag.py:3823} INFO - Setting next_dagrun for sales_analysis_pipeline to None, run_after=None
[2026-03-18T08:01:01.689+0000] {processor.py:183} INFO - Processing /opt/airflow/dags/sales_analysis_dag.py took 0.052 seconds
[2026-03-18T08:01:32.199+0000] {processor.py:161} INFO - Started process (PID=214) to work on /opt/airflow/dags/sales_analysis_dag.py
[2026-03-18T08:01:32.200+0000] {processor.py:830} INFO - Processing file /opt/airflow/dags/sales_analysis_dag.py for tasks to queue
[2026-03-18T08:01:32.203+0000] {logging_mixin.py:188} INFO - [2026-03-18T08:01:32.203+0000] {dagbag.py:538} INFO - Filling up the DagBag from /opt/airflow/dags/sales_analysis_dag.py
[2026-03-18T08:01:32.206+0000] {processor.py:840} INFO - DAG(s) 'sales_analysis_pipeline' retrieved from /opt/airflow/dags/sales_analysis_dag.py
[2026-03-18T08:01:32.221+0000] {logging_mixin.py:188} INFO - [2026-03-18T08:01:32.221+0000] {dag.py:3036} INFO - Sync 1 DAGs
[2026-03-18T08:01:32.226+0000] {logging_mixin.py:188} INFO - [2026-03-18T08:01:32.226+0000] {dag.py:3823} INFO - Setting next_dagrun for sales_analysis_pipeline to None, run_after=None
[2026-03-18T08:01:32.240+0000] {processor.py:183} INFO - Processing /opt/airflow/dags/sales_analysis_dag.py took 0.043 seconds
[2026-03-18T08:02:02.683+0000] {processor.py:161} INFO - Started process (PID=269) to work on /opt/airflow/dags/sales_analysis_dag.py
[2026-03-18T08:02:02.686+0000] {processor.py:830} INFO - Processing file /opt/airflow/dags/sales_analysis_dag.py for tasks to queue
[2026-03-18T08:02:02.689+0000] {logging_mixin.py:188} INFO - [2026-03-18T08:02:02.688+0000] {dagbag.py:538} INFO - Filling up the DagBag from /opt/airflow/dags/sales_analysis_dag.py
[2026-03-18T08:02:02.697+0000] {processor.py:840} INFO - DAG(s) 'sales_analysis_pipeline' retrieved from /opt/airflow/dags/sales_analysis_dag.py
[2026-03-18T08:02:02.714+0000] {logging_mixin.py:188} INFO - [2026-03-18T08:02:02.714+0000] {dag.py:3036} INFO - Sync 1 DAGs
[2026-03-18T08:02:02.724+0000] {logging_mixin.py:188} INFO - [2026-03-18T08:02:02.724+0000] {dag.py:3823} INFO - Setting next_dagrun for sales_analysis_pipeline to None, run_after=None
[2026-03-18T08:02:02.737+0000] {processor.py:183} INFO - Processing /opt/airflow/dags/sales_analysis_dag.py took 0.059 seconds
[2026-03-18T08:02:33.282+0000] {processor.py:161} INFO - Started process (PID=325) to work on /opt/airflow/dags/sales_analysis_dag.py
[2026-03-18T08:02:33.284+0000] {processor.py:830} INFO - Processing file /opt/airflow/dags/sales_analysis_dag.py for tasks to queue
[2026-03-18T08:02:33.287+0000] {logging_mixin.py:188} INFO - [2026-03-18T08:02:33.287+0000] {dagbag.py:538} INFO - Filling up the DagBag from /opt/airflow/dags/sales_analysis_dag.py
[2026-03-18T08:02:33.296+0000] {processor.py:840} INFO - DAG(s) 'sales_analysis_pipeline' retrieved from /opt/airflow/dags/sales_analysis_dag.py
[2026-03-18T08:02:33.316+0000] {logging_mixin.py:188} INFO - [2026-03-18T08:02:33.315+0000] {dag.py:3036} INFO - Sync 1 DAGs
[2026-03-18T08:02:33.326+0000] {logging_mixin.py:188} INFO - [2026-03-18T08:02:33.326+0000] {dag.py:3823} INFO - Setting next_dagrun for sales_analysis_pipeline to None, run_after=None
[2026-03-18T08:02:33.341+0000] {processor.py:183} INFO - Processing /opt/airflow/dags/sales_analysis_dag.py took 0.064 seconds
[2026-03-18T08:03:03.850+0000] {processor.py:161} INFO - Started process (PID=381) to work on /opt/airflow/dags/sales_analysis_dag.py
[2026-03-18T08:03:03.852+0000] {processor.py:830} INFO - Processing file /opt/airflow/dags/sales_analysis_dag.py for tasks to queue
[2026-03-18T08:03:03.854+0000] {logging_mixin.py:188} INFO - [2026-03-18T08:03:03.854+0000] {dagbag.py:538} INFO - Filling up the DagBag from /opt/airflow/dags/sales_analysis_dag.py
[2026-03-18T08:03:03.864+0000] {processor.py:840} INFO - DAG(s) 'sales_analysis_pipeline' retrieved from /opt/airflow/dags/sales_analysis_dag.py
[2026-03-18T08:03:03.879+0000] {logging_mixin.py:188} INFO - [2026-03-18T08:03:03.878+0000] {dag.py:3036} INFO - Sync 1 DAGs
[2026-03-18T08:03:03.888+0000] {logging_mixin.py:188} INFO - [2026-03-18T08:03:03.888+0000] {dag.py:3823} INFO - Setting next_dagrun for sales_analysis_pipeline to None, run_after=None
[2026-03-18T08:03:03.907+0000] {processor.py:183} INFO - Processing /opt/airflow/dags/sales_analysis_dag.py took 0.060 seconds
[2026-03-18T08:03:34.484+0000] {processor.py:161} INFO - Started process (PID=437) to work on /opt/airflow/dags/sales_analysis_dag.py
[2026-03-18T08:03:34.485+0000] {processor.py:830} INFO - Processing file /opt/airflow/dags/sales_analysis_dag.py for tasks to queue
[2026-03-18T08:03:34.489+0000] {logging_mixin.py:188} INFO - [2026-03-18T08:03:34.488+0000] {dagbag.py:538} INFO - Filling up the DagBag from /opt/airflow/dags/sales_analysis_dag.py
[2026-03-18T08:03:34.496+0000] {processor.py:840} INFO - DAG(s) 'sales_analysis_pipeline' retrieved from /opt/airflow/dags/sales_analysis_dag.py
[2026-03-18T08:03:34.517+0000] {logging_mixin.py:188} INFO - [2026-03-18T08:03:34.517+0000] {dag.py:3036} INFO - Sync 1 DAGs
[2026-03-18T08:03:34.525+0000] {logging_mixin.py:188} INFO - [2026-03-18T08:03:34.525+0000] {dag.py:3823} INFO - Setting next_dagrun for sales_analysis_pipeline to None, run_after=None
[2026-03-18T08:03:34.537+0000] {processor.py:183} INFO - Processing /opt/airflow/dags/sales_analysis_dag.py took 0.057 seconds
[2026-03-18T08:04:05.035+0000] {processor.py:161} INFO - Started process (PID=493) to work on /opt/airflow/dags/sales_analysis_dag.py
[2026-03-18T08:04:05.036+0000] {processor.py:830} INFO - Processing file /opt/airflow/dags/sales_analysis_dag.py for tasks to queue
[2026-03-18T08:04:05.041+0000] {logging_mixin.py:188} INFO - [2026-03-18T08:04:05.040+0000] {dagbag.py:538} INFO - Filling up the DagBag from /opt/airflow/dags/sales_analysis_dag.py
[2026-03-18T08:04:05.050+0000] {processor.py:840} INFO - DAG(s) 'sales_analysis_pipeline' retrieved from /opt/airflow/dags/sales_analysis_dag.py
[2026-03-18T08:04:05.067+0000] {logging_mixin.py:188} INFO - [2026-03-18T08:04:05.066+0000] {dag.py:3036} INFO - Sync 1 DAGs
[2026-03-18T08:04:05.074+0000] {logging_mixin.py:188} INFO - [2026-03-18T08:04:05.073+0000] {dag.py:3823} INFO - Setting next_dagrun for sales_analysis_pipeline to None, run_after=None
[2026-03-18T08:04:05.086+0000] {processor.py:183} INFO - Processing /opt/airflow/dags/sales_analysis_dag.py took 0.055 seconds
[2026-03-18T08:04:28.828+0000] {processor.py:161} INFO - Started process (PID=47) to work on /opt/airflow/dags/sales_analysis_dag.py
[2026-03-18T08:04:28.830+0000] {processor.py:830} INFO - Processing file /opt/airflow/dags/sales_analysis_dag.py for tasks to queue
[2026-03-18T08:04:28.831+0000] {logging_mixin.py:188} INFO - [2026-03-18T08:04:28.830+0000] {dagbag.py:538} INFO - Filling up the DagBag from /opt/airflow/dags/sales_analysis_dag.py
[2026-03-18T08:04:28.846+0000] {processor.py:840} INFO - DAG(s) 'sales_analysis_pipeline' retrieved from /opt/airflow/dags/sales_analysis_dag.py
[2026-03-18T08:04:28.974+0000] {logging_mixin.py:188} INFO - [2026-03-18T08:04:28.974+0000] {dag.py:3036} INFO - Sync 1 DAGs
[2026-03-18T08:04:28.980+0000] {logging_mixin.py:188} INFO - [2026-03-18T08:04:28.980+0000] {dag.py:3823} INFO - Setting next_dagrun for sales_analysis_pipeline to None, run_after=None
[2026-03-18T08:04:28.990+0000] {processor.py:183} INFO - Processing /opt/airflow/dags/sales_analysis_dag.py took 0.164 seconds
[2026-03-18T08:04:59.184+0000] {processor.py:161} INFO - Started process (PID=103) to work on /opt/airflow/dags/sales_analysis_dag.py
[2026-03-18T08:04:59.186+0000] {processor.py:830} INFO - Processing file /opt/airflow/dags/sales_analysis_dag.py for tasks to queue
[2026-03-18T08:04:59.188+0000] {logging_mixin.py:188} INFO - [2026-03-18T08:04:59.187+0000] {dagbag.py:538} INFO - Filling up the DagBag from /opt/airflow/dags/sales_analysis_dag.py
[2026-03-18T08:04:59.196+0000] {processor.py:840} INFO - DAG(s) 'sales_analysis_pipeline' retrieved from /opt/airflow/dags/sales_analysis_dag.py
[2026-03-18T08:04:59.215+0000] {logging_mixin.py:188} INFO - [2026-03-18T08:04:59.215+0000] {dag.py:3036} INFO - Sync 1 DAGs
[2026-03-18T08:04:59.223+0000] {logging_mixin.py:188} INFO - [2026-03-18T08:04:59.223+0000] {dag.py:3823} INFO - Setting next_dagrun for sales_analysis_pipeline to None, run_after=None
[2026-03-18T08:04:59.236+0000] {processor.py:183} INFO - Processing /opt/airflow/dags/sales_analysis_dag.py took 0.056 seconds
[2026-03-18T08:05:29.432+0000] {processor.py:161} INFO - Started process (PID=158) to work on /opt/airflow/dags/sales_analysis_dag.py
[2026-03-18T08:05:29.434+0000] {processor.py:830} INFO - Processing file /opt/airflow/dags/sales_analysis_dag.py for tasks to queue
[2026-03-18T08:05:29.438+0000] {logging_mixin.py:188} INFO - [2026-03-18T08:05:29.438+0000] {dagbag.py:538} INFO - Filling up the DagBag from /opt/airflow/dags/sales_analysis_dag.py
[2026-03-18T08:05:29.446+0000] {processor.py:840} INFO - DAG(s) 'sales_analysis_pipeline' retrieved from /opt/airflow/dags/sales_analysis_dag.py
[2026-03-18T08:05:29.460+0000] {logging_mixin.py:188} INFO - [2026-03-18T08:05:29.460+0000] {dag.py:3036} INFO - Sync 1 DAGs
[2026-03-18T08:05:29.468+0000] {logging_mixin.py:188} INFO - [2026-03-18T08:05:29.468+0000] {dag.py:3823} INFO - Setting next_dagrun for sales_analysis_pipeline to None, run_after=None
[2026-03-18T08:05:29.483+0000] {processor.py:183} INFO - Processing /opt/airflow/dags/sales_analysis_dag.py took 0.055 seconds
[2026-03-18T08:06:13.394+0000] {processor.py:161} INFO - Started process (PID=93) to work on /opt/airflow/dags/sales_analysis_dag.py
[2026-03-18T08:06:13.395+0000] {processor.py:830} INFO - Processing file /opt/airflow/dags/sales_analysis_dag.py for tasks to queue
[2026-03-18T08:06:13.397+0000] {logging_mixin.py:188} INFO - [2026-03-18T08:06:13.397+0000] {dagbag.py:538} INFO - Filling up the DagBag from /opt/airflow/dags/sales_analysis_dag.py
[2026-03-18T08:06:13.418+0000] {processor.py:840} INFO - DAG(s) 'sales_analysis_pipeline' retrieved from /opt/airflow/dags/sales_analysis_dag.py
[2026-03-18T08:06:13.547+0000] {logging_mixin.py:188} INFO - [2026-03-18T08:06:13.547+0000] {dag.py:3036} INFO - Sync 1 DAGs
[2026-03-18T08:06:13.555+0000] {logging_mixin.py:188} INFO - [2026-03-18T08:06:13.554+0000] {dag.py:3823} INFO - Setting next_dagrun for sales_analysis_pipeline to None, run_after=None
[2026-03-18T08:06:13.571+0000] {processor.py:183} INFO - Processing /opt/airflow/dags/sales_analysis_dag.py took 0.180 seconds
[2026-03-18T08:06:43.783+0000] {processor.py:161} INFO - Started process (PID=149) to work on /opt/airflow/dags/sales_analysis_dag.py
[2026-03-18T08:06:43.786+0000] {processor.py:830} INFO - Processing file /opt/airflow/dags/sales_analysis_dag.py for tasks to queue
[2026-03-18T08:06:43.794+0000] {logging_mixin.py:188} INFO - [2026-03-18T08:06:43.794+0000] {dagbag.py:538} INFO - Filling up the DagBag from /opt/airflow/dags/sales_analysis_dag.py
[2026-03-18T08:06:43.802+0000] {processor.py:840} INFO - DAG(s) 'sales_analysis_pipeline' retrieved from /opt/airflow/dags/sales_analysis_dag.py
[2026-03-18T08:06:43.822+0000] {logging_mixin.py:188} INFO - [2026-03-18T08:06:43.822+0000] {dag.py:3036} INFO - Sync 1 DAGs
[2026-03-18T08:06:43.830+0000] {logging_mixin.py:188} INFO - [2026-03-18T08:06:43.830+0000] {dag.py:3823} INFO - Setting next_dagrun for sales_analysis_pipeline to None, run_after=None
[2026-03-18T08:06:43.845+0000] {processor.py:183} INFO - Processing /opt/airflow/dags/sales_analysis_dag.py took 0.066 seconds
[2026-03-18T08:07:14.467+0000] {processor.py:161} INFO - Started process (PID=205) to work on /opt/airflow/dags/sales_analysis_dag.py
[2026-03-18T08:07:14.469+0000] {processor.py:830} INFO - Processing file /opt/airflow/dags/sales_analysis_dag.py for tasks to queue
[2026-03-18T08:07:14.473+0000] {logging_mixin.py:188} INFO - [2026-03-18T08:07:14.472+0000] {dagbag.py:538} INFO - Filling up the DagBag from /opt/airflow/dags/sales_analysis_dag.py
[2026-03-18T08:07:14.485+0000] {processor.py:840} INFO - DAG(s) 'sales_analysis_pipeline' retrieved from /opt/airflow/dags/sales_analysis_dag.py
[2026-03-18T08:07:14.506+0000] {logging_mixin.py:188} INFO - [2026-03-18T08:07:14.506+0000] {dag.py:3036} INFO - Sync 1 DAGs
[2026-03-18T08:07:14.520+0000] {logging_mixin.py:188} INFO - [2026-03-18T08:07:14.519+0000] {dag.py:3823} INFO - Setting next_dagrun for sales_analysis_pipeline to None, run_after=None
[2026-03-18T08:07:14.536+0000] {processor.py:183} INFO - Processing /opt/airflow/dags/sales_analysis_dag.py took 0.073 seconds
[2026-03-18T08:07:45.018+0000] {processor.py:161} INFO - Started process (PID=261) to work on /opt/airflow/dags/sales_analysis_dag.py
[2026-03-18T08:07:45.019+0000] {processor.py:830} INFO - Processing file /opt/airflow/dags/sales_analysis_dag.py for tasks to queue
[2026-03-18T08:07:45.021+0000] {logging_mixin.py:188} INFO - [2026-03-18T08:07:45.021+0000] {dagbag.py:538} INFO - Filling up the DagBag from /opt/airflow/dags/sales_analysis_dag.py
[2026-03-18T08:07:45.033+0000] {processor.py:840} INFO - DAG(s) 'sales_analysis_pipeline' retrieved from /opt/airflow/dags/sales_analysis_dag.py
[2026-03-18T08:07:45.050+0000] {logging_mixin.py:188} INFO - [2026-03-18T08:07:45.050+0000] {dag.py:3036} INFO - Sync 1 DAGs
[2026-03-18T08:07:45.057+0000] {logging_mixin.py:188} INFO - [2026-03-18T08:07:45.057+0000] {dag.py:3823} INFO - Setting next_dagrun for sales_analysis_pipeline to None, run_after=None
[2026-03-18T08:07:45.069+0000] {processor.py:183} INFO - Processing /opt/airflow/dags/sales_analysis_dag.py took 0.056 seconds
[2026-03-18T08:08:15.516+0000] {processor.py:161} INFO - Started process (PID=317) to work on /opt/airflow/dags/sales_analysis_dag.py
[2026-03-18T08:08:15.519+0000] {processor.py:830} INFO - Processing file /opt/airflow/dags/sales_analysis_dag.py for tasks to queue
[2026-03-18T08:08:15.520+0000] {logging_mixin.py:188} INFO - [2026-03-18T08:08:15.520+0000] {dagbag.py:538} INFO - Filling up the DagBag from /opt/airflow/dags/sales_analysis_dag.py
[2026-03-18T08:08:15.528+0000] {processor.py:840} INFO - DAG(s) 'sales_analysis_pipeline' retrieved from /opt/airflow/dags/sales_analysis_dag.py
[2026-03-18T08:08:15.543+0000] {logging_mixin.py:188} INFO - [2026-03-18T08:08:15.543+0000] {dag.py:3036} INFO - Sync 1 DAGs
[2026-03-18T08:08:15.551+0000] {logging_mixin.py:188} INFO - [2026-03-18T08:08:15.551+0000] {dag.py:3823} INFO - Setting next_dagrun for sales_analysis_pipeline to None, run_after=None
[2026-03-18T08:08:15.566+0000] {processor.py:183} INFO - Processing /opt/airflow/dags/sales_analysis_dag.py took 0.054 seconds
[2026-03-18T08:08:46.078+0000] {processor.py:161} INFO - Started process (PID=379) to work on /opt/airflow/dags/sales_analysis_dag.py
[2026-03-18T08:08:46.081+0000] {processor.py:830} INFO - Processing file /opt/airflow/dags/sales_analysis_dag.py for tasks to queue
[2026-03-18T08:08:46.083+0000] {logging_mixin.py:188} INFO - [2026-03-18T08:08:46.082+0000] {dagbag.py:538} INFO - Filling up the DagBag from /opt/airflow/dags/sales_analysis_dag.py
[2026-03-18T08:08:46.092+0000] {processor.py:840} INFO - DAG(s) 'sales_analysis_pipeline' retrieved from /opt/airflow/dags/sales_analysis_dag.py
[2026-03-18T08:08:46.108+0000] {logging_mixin.py:188} INFO - [2026-03-18T08:08:46.108+0000] {dag.py:3036} INFO - Sync 1 DAGs
[2026-03-18T08:08:46.114+0000] {logging_mixin.py:188} INFO - [2026-03-18T08:08:46.114+0000] {dag.py:3823} INFO - Setting next_dagrun for sales_analysis_pipeline to None, run_after=None
[2026-03-18T08:08:46.127+0000] {processor.py:183} INFO - Processing /opt/airflow/dags/sales_analysis_dag.py took 0.052 seconds
[2026-03-18T08:09:16.576+0000] {processor.py:161} INFO - Started process (PID=435) to work on /opt/airflow/dags/sales_analysis_dag.py
[2026-03-18T08:09:16.579+0000] {processor.py:830} INFO - Processing file /opt/airflow/dags/sales_analysis_dag.py for tasks to queue
[2026-03-18T08:09:16.582+0000] {logging_mixin.py:188} INFO - [2026-03-18T08:09:16.581+0000] {dagbag.py:538} INFO - Filling up the DagBag from /opt/airflow/dags/sales_analysis_dag.py
[2026-03-18T08:09:16.589+0000] {processor.py:840} INFO - DAG(s) 'sales_analysis_pipeline' retrieved from /opt/airflow/dags/sales_analysis_dag.py
[2026-03-18T08:09:16.604+0000] {logging_mixin.py:188} INFO - [2026-03-18T08:09:16.604+0000] {dag.py:3036} INFO - Sync 1 DAGs
[2026-03-18T08:09:16.611+0000] {logging_mixin.py:188} INFO - [2026-03-18T08:09:16.611+0000] {dag.py:3823} INFO - Setting next_dagrun for sales_analysis_pipeline to None, run_after=None
[2026-03-18T08:09:16.625+0000] {processor.py:183} INFO - Processing /opt/airflow/dags/sales_analysis_dag.py took 0.052 seconds
[2026-03-18T08:09:47.136+0000] {processor.py:161} INFO - Started process (PID=491) to work on /opt/airflow/dags/sales_analysis_dag.py
[2026-03-18T08:09:47.139+0000] {processor.py:830} INFO - Processing file /opt/airflow/dags/sales_analysis_dag.py for tasks to queue
[2026-03-18T08:09:47.141+0000] {logging_mixin.py:188} INFO - [2026-03-18T08:09:47.141+0000] {dagbag.py:538} INFO - Filling up the DagBag from /opt/airflow/dags/sales_analysis_dag.py
[2026-03-18T08:09:47.150+0000] {processor.py:840} INFO - DAG(s) 'sales_analysis_pipeline' retrieved from /opt/airflow/dags/sales_analysis_dag.py
[2026-03-18T08:09:47.164+0000] {logging_mixin.py:188} INFO - [2026-03-18T08:09:47.164+0000] {dag.py:3036} INFO - Sync 1 DAGs
[2026-03-18T08:09:47.175+0000] {logging_mixin.py:188} INFO - [2026-03-18T08:09:47.175+0000] {dag.py:3823} INFO - Setting next_dagrun for sales_analysis_pipeline to None, run_after=None
[2026-03-18T08:09:47.189+0000] {processor.py:183} INFO - Processing /opt/airflow/dags/sales_analysis_dag.py took 0.056 seconds
[2026-03-18T08:10:17.609+0000] {processor.py:161} INFO - Started process (PID=547) to work on /opt/airflow/dags/sales_analysis_dag.py
[2026-03-18T08:10:17.613+0000] {processor.py:830} INFO - Processing file /opt/airflow/dags/sales_analysis_dag.py for tasks to queue
[2026-03-18T08:10:17.616+0000] {logging_mixin.py:188} INFO - [2026-03-18T08:10:17.616+0000] {dagbag.py:538} INFO - Filling up the DagBag from /opt/airflow/dags/sales_analysis_dag.py
[2026-03-18T08:10:17.622+0000] {processor.py:840} INFO - DAG(s) 'sales_analysis_pipeline' retrieved from /opt/airflow/dags/sales_analysis_dag.py
[2026-03-18T08:10:17.638+0000] {logging_mixin.py:188} INFO - [2026-03-18T08:10:17.638+0000] {dag.py:3036} INFO - Sync 1 DAGs
[2026-03-18T08:10:17.649+0000] {logging_mixin.py:188} INFO - [2026-03-18T08:10:17.649+0000] {dag.py:3823} INFO - Setting next_dagrun for sales_analysis_pipeline to None, run_after=None
[2026-03-18T08:10:17.665+0000] {processor.py:183} INFO - Processing /opt/airflow/dags/sales_analysis_dag.py took 0.059 seconds
[2026-03-18T08:10:48.207+0000] {processor.py:161} INFO - Started process (PID=603) to work on /opt/airflow/dags/sales_analysis_dag.py
[2026-03-18T08:10:48.209+0000] {processor.py:830} INFO - Processing file /opt/airflow/dags/sales_analysis_dag.py for tasks to queue
[2026-03-18T08:10:48.212+0000] {logging_mixin.py:188} INFO - [2026-03-18T08:10:48.212+0000] {dagbag.py:538} INFO - Filling up the DagBag from /opt/airflow/dags/sales_analysis_dag.py
[2026-03-18T08:10:48.224+0000] {processor.py:840} INFO - DAG(s) 'sales_analysis_pipeline' retrieved from /opt/airflow/dags/sales_analysis_dag.py
[2026-03-18T08:10:48.241+0000] {logging_mixin.py:188} INFO - [2026-03-18T08:10:48.241+0000] {dag.py:3036} INFO - Sync 1 DAGs
[2026-03-18T08:10:48.254+0000] {logging_mixin.py:188} INFO - [2026-03-18T08:10:48.253+0000] {dag.py:3823} INFO - Setting next_dagrun for sales_analysis_pipeline to None, run_after=None
[2026-03-18T08:10:48.267+0000] {processor.py:183} INFO - Processing /opt/airflow/dags/sales_analysis_dag.py took 0.065 seconds
[2026-03-18T08:11:18.645+0000] {processor.py:161} INFO - Started process (PID=659) to work on /opt/airflow/dags/sales_analysis_dag.py
[2026-03-18T08:11:18.649+0000] {processor.py:830} INFO - Processing file /opt/airflow/dags/sales_analysis_dag.py for tasks to queue
[2026-03-18T08:11:18.651+0000] {logging_mixin.py:188} INFO - [2026-03-18T08:11:18.651+0000] {dagbag.py:538} INFO - Filling up the DagBag from /opt/airflow/dags/sales_analysis_dag.py
[2026-03-18T08:11:18.663+0000] {processor.py:840} INFO - DAG(s) 'sales_analysis_pipeline' retrieved from /opt/airflow/dags/sales_analysis_dag.py
[2026-03-18T08:11:18.685+0000] {logging_mixin.py:188} INFO - [2026-03-18T08:11:18.685+0000] {dag.py:3036} INFO - Sync 1 DAGs
[2026-03-18T08:11:18.694+0000] {logging_mixin.py:188} INFO - [2026-03-18T08:11:18.694+0000] {dag.py:3823} INFO - Setting next_dagrun for sales_analysis_pipeline to None, run_after=None
[2026-03-18T08:11:18.710+0000] {processor.py:183} INFO - Processing /opt/airflow/dags/sales_analysis_dag.py took 0.069 seconds
[2026-03-18T08:11:49.215+0000] {processor.py:161} INFO - Started process (PID=715) to work on /opt/airflow/dags/sales_analysis_dag.py
[2026-03-18T08:11:49.216+0000] {processor.py:830} INFO - Processing file /opt/airflow/dags/sales_analysis_dag.py for tasks to queue
[2026-03-18T08:11:49.220+0000] {logging_mixin.py:188} INFO - [2026-03-18T08:11:49.220+0000] {dagbag.py:538} INFO - Filling up the DagBag from /opt/airflow/dags/sales_analysis_dag.py
[2026-03-18T08:11:49.226+0000] {processor.py:840} INFO - DAG(s) 'sales_analysis_pipeline' retrieved from /opt/airflow/dags/sales_analysis_dag.py
[2026-03-18T08:11:49.242+0000] {logging_mixin.py:188} INFO - [2026-03-18T08:11:49.242+0000] {dag.py:3036} INFO - Sync 1 DAGs
[2026-03-18T08:11:49.252+0000] {logging_mixin.py:188} INFO - [2026-03-18T08:11:49.252+0000] {dag.py:3823} INFO - Setting next_dagrun for sales_analysis_pipeline to None, run_after=None
[2026-03-18T08:11:49.264+0000] {processor.py:183} INFO - Processing /opt/airflow/dags/sales_analysis_dag.py took 0.053 seconds
[2026-03-18T08:12:19.795+0000] {processor.py:161} INFO - Started process (PID=771) to work on /opt/airflow/dags/sales_analysis_dag.py
[2026-03-18T08:12:19.797+0000] {processor.py:830} INFO - Processing file /opt/airflow/dags/sales_analysis_dag.py for tasks to queue
[2026-03-18T08:12:19.800+0000] {logging_mixin.py:188} INFO - [2026-03-18T08:12:19.799+0000] {dagbag.py:538} INFO - Filling up the DagBag from /opt/airflow/dags/sales_analysis_dag.py
[2026-03-18T08:12:19.803+0000] {processor.py:840} INFO - DAG(s) 'sales_analysis_pipeline' retrieved from /opt/airflow/dags/sales_analysis_dag.py
[2026-03-18T08:12:19.816+0000] {logging_mixin.py:188} INFO - [2026-03-18T08:12:19.815+0000] {dag.py:3036} INFO - Sync 1 DAGs
[2026-03-18T08:12:19.824+0000] {logging_mixin.py:188} INFO - [2026-03-18T08:12:19.823+0000] {dag.py:3823} INFO - Setting next_dagrun for sales_analysis_pipeline to None, run_after=None
[2026-03-18T08:12:19.833+0000] {processor.py:183} INFO - Processing /opt/airflow/dags/sales_analysis_dag.py took 0.040 seconds
[2026-03-18T08:12:50.189+0000] {processor.py:161} INFO - Started process (PID=827) to work on /opt/airflow/dags/sales_analysis_dag.py
[2026-03-18T08:12:50.190+0000] {processor.py:830} INFO - Processing file /opt/airflow/dags/sales_analysis_dag.py for tasks to queue
[2026-03-18T08:12:50.193+0000] {logging_mixin.py:188} INFO - [2026-03-18T08:12:50.193+0000] {dagbag.py:538} INFO - Filling up the DagBag from /opt/airflow/dags/sales_analysis_dag.py
[2026-03-18T08:12:50.197+0000] {processor.py:840} INFO - DAG(s) 'sales_analysis_pipeline' retrieved from /opt/airflow/dags/sales_analysis_dag.py
[2026-03-18T08:12:50.209+0000] {logging_mixin.py:188} INFO - [2026-03-18T08:12:50.209+0000] {dag.py:3036} INFO - Sync 1 DAGs
[2026-03-18T08:12:50.215+0000] {logging_mixin.py:188} INFO - [2026-03-18T08:12:50.215+0000] {dag.py:3823} INFO - Setting next_dagrun for sales_analysis_pipeline to None, run_after=None
[2026-03-18T08:12:50.229+0000] {processor.py:183} INFO - Processing /opt/airflow/dags/sales_analysis_dag.py took 0.042 seconds
[2026-03-18T08:13:20.615+0000] {processor.py:161} INFO - Started process (PID=883) to work on /opt/airflow/dags/sales_analysis_dag.py
[2026-03-18T08:13:20.616+0000] {processor.py:830} INFO - Processing file /opt/airflow/dags/sales_analysis_dag.py for tasks to queue
[2026-03-18T08:13:20.618+0000] {logging_mixin.py:188} INFO - [2026-03-18T08:13:20.618+0000] {dagbag.py:538} INFO - Filling up the DagBag from /opt/airflow/dags/sales_analysis_dag.py
[2026-03-18T08:13:20.626+0000] {processor.py:840} INFO - DAG(s) 'sales_analysis_pipeline' retrieved from /opt/airflow/dags/sales_analysis_dag.py
[2026-03-18T08:13:20.641+0000] {logging_mixin.py:188} INFO - [2026-03-18T08:13:20.641+0000] {dag.py:3036} INFO - Sync 1 DAGs
[2026-03-18T08:13:20.648+0000] {logging_mixin.py:188} INFO - [2026-03-18T08:13:20.648+0000] {dag.py:3823} INFO - Setting next_dagrun for sales_analysis_pipeline to None, run_after=None
[2026-03-18T08:13:20.664+0000] {processor.py:183} INFO - Processing /opt/airflow/dags/sales_analysis_dag.py took 0.051 seconds
[2026-03-18T08:13:51.126+0000] {processor.py:161} INFO - Started process (PID=939) to work on /opt/airflow/dags/sales_analysis_dag.py
[2026-03-18T08:13:51.128+0000] {processor.py:830} INFO - Processing file /opt/airflow/dags/sales_analysis_dag.py for tasks to queue
[2026-03-18T08:13:51.131+0000] {logging_mixin.py:188} INFO - [2026-03-18T08:13:51.131+0000] {dagbag.py:538} INFO - Filling up the DagBag from /opt/airflow/dags/sales_analysis_dag.py
[2026-03-18T08:13:51.144+0000] {processor.py:840} INFO - DAG(s) 'sales_analysis_pipeline' retrieved from /opt/airflow/dags/sales_analysis_dag.py
[2026-03-18T08:13:51.169+0000] {logging_mixin.py:188} INFO - [2026-03-18T08:13:51.169+0000] {dag.py:3036} INFO - Sync 1 DAGs
[2026-03-18T08:13:51.183+0000] {logging_mixin.py:188} INFO - [2026-03-18T08:13:51.183+0000] {dag.py:3823} INFO - Setting next_dagrun for sales_analysis_pipeline to None, run_after=None
[2026-03-18T08:13:51.196+0000] {processor.py:183} INFO - Processing /opt/airflow/dags/sales_analysis_dag.py took 0.076 seconds
[2026-03-18T08:14:21.745+0000] {processor.py:161} INFO - Started process (PID=995) to work on /opt/airflow/dags/sales_analysis_dag.py
[2026-03-18T08:14:21.748+0000] {processor.py:830} INFO - Processing file /opt/airflow/dags/sales_analysis_dag.py for tasks to queue
[2026-03-18T08:14:21.751+0000] {logging_mixin.py:188} INFO - [2026-03-18T08:14:21.751+0000] {dagbag.py:538} INFO - Filling up the DagBag from /opt/airflow/dags/sales_analysis_dag.py
[2026-03-18T08:14:21.761+0000] {processor.py:840} INFO - DAG(s) 'sales_analysis_pipeline' retrieved from /opt/airflow/dags/sales_analysis_dag.py
[2026-03-18T08:14:21.777+0000] {logging_mixin.py:188} INFO - [2026-03-18T08:14:21.777+0000] {dag.py:3036} INFO - Sync 1 DAGs
[2026-03-18T08:14:21.786+0000] {logging_mixin.py:188} INFO - [2026-03-18T08:14:21.786+0000] {dag.py:3823} INFO - Setting next_dagrun for sales_analysis_pipeline to None, run_after=None
[2026-03-18T08:14:21.801+0000] {processor.py:183} INFO - Processing /opt/airflow/dags/sales_analysis_dag.py took 0.061 seconds
[2026-03-18T08:14:52.317+0000] {processor.py:161} INFO - Started process (PID=1051) to work on /opt/airflow/dags/sales_analysis_dag.py
[2026-03-18T08:14:52.320+0000] {processor.py:830} INFO - Processing file /opt/airflow/dags/sales_analysis_dag.py for tasks to queue
[2026-03-18T08:14:52.321+0000] {logging_mixin.py:188} INFO - [2026-03-18T08:14:52.321+0000] {dagbag.py:538} INFO - Filling up the DagBag from /opt/airflow/dags/sales_analysis_dag.py
[2026-03-18T08:14:52.327+0000] {processor.py:840} INFO - DAG(s) 'sales_analysis_pipeline' retrieved from /opt/airflow/dags/sales_analysis_dag.py
[2026-03-18T08:14:52.342+0000] {logging_mixin.py:188} INFO - [2026-03-18T08:14:52.342+0000] {dag.py:3036} INFO - Sync 1 DAGs
[2026-03-18T08:14:52.351+0000] {logging_mixin.py:188} INFO - [2026-03-18T08:14:52.351+0000] {dag.py:3823} INFO - Setting next_dagrun for sales_analysis_pipeline to None, run_after=None
[2026-03-18T08:14:52.363+0000] {processor.py:183} INFO - Processing /opt/airflow/dags/sales_analysis_dag.py took 0.051 seconds
[2026-03-18T08:15:23.003+0000] {processor.py:161} INFO - Started process (PID=1107) to work on /opt/airflow/dags/sales_analysis_dag.py
[2026-03-18T08:15:23.005+0000] {processor.py:830} INFO - Processing file /opt/airflow/dags/sales_analysis_dag.py for tasks to queue
[2026-03-18T08:15:23.007+0000] {logging_mixin.py:188} INFO - [2026-03-18T08:15:23.007+0000] {dagbag.py:538} INFO - Filling up the DagBag from /opt/airflow/dags/sales_analysis_dag.py
[2026-03-18T08:15:23.014+0000] {processor.py:840} INFO - DAG(s) 'sales_analysis_pipeline' retrieved from /opt/airflow/dags/sales_analysis_dag.py
[2026-03-18T08:15:23.039+0000] {logging_mixin.py:188} INFO - [2026-03-18T08:15:23.039+0000] {dag.py:3036} INFO - Sync 1 DAGs
[2026-03-18T08:15:23.046+0000] {logging_mixin.py:188} INFO - [2026-03-18T08:15:23.046+0000] {dag.py:3823} INFO - Setting next_dagrun for sales_analysis_pipeline to None, run_after=None
[2026-03-18T08:15:23.059+0000] {processor.py:183} INFO - Processing /opt/airflow/dags/sales_analysis_dag.py took 0.062 seconds
[2026-03-18T08:15:53.557+0000] {processor.py:161} INFO - Started process (PID=1163) to work on /opt/airflow/dags/sales_analysis_dag.py
[2026-03-18T08:15:53.558+0000] {processor.py:830} INFO - Processing file /opt/airflow/dags/sales_analysis_dag.py for tasks to queue
[2026-03-18T08:15:53.560+0000] {logging_mixin.py:188} INFO - [2026-03-18T08:15:53.560+0000] {dagbag.py:538} INFO - Filling up the DagBag from /opt/airflow/dags/sales_analysis_dag.py
[2026-03-18T08:15:53.564+0000] {processor.py:840} INFO - DAG(s) 'sales_analysis_pipeline' retrieved from /opt/airflow/dags/sales_analysis_dag.py
[2026-03-18T08:15:53.578+0000] {logging_mixin.py:188} INFO - [2026-03-18T08:15:53.578+0000] {dag.py:3036} INFO - Sync 1 DAGs
[2026-03-18T08:15:53.586+0000] {logging_mixin.py:188} INFO - [2026-03-18T08:15:53.586+0000] {dag.py:3823} INFO - Setting next_dagrun for sales_analysis_pipeline to None, run_after=None
[2026-03-18T08:15:53.603+0000] {processor.py:183} INFO - Processing /opt/airflow/dags/sales_analysis_dag.py took 0.048 seconds
[2026-03-18T08:16:24.061+0000] {processor.py:161} INFO - Started process (PID=1219) to work on /opt/airflow/dags/sales_analysis_dag.py
[2026-03-18T08:16:24.063+0000] {processor.py:830} INFO - Processing file /opt/airflow/dags/sales_analysis_dag.py for tasks to queue
[2026-03-18T08:16:24.066+0000] {logging_mixin.py:188} INFO - [2026-03-18T08:16:24.065+0000] {dagbag.py:538} INFO - Filling up the DagBag from /opt/airflow/dags/sales_analysis_dag.py
[2026-03-18T08:16:24.071+0000] {processor.py:840} INFO - DAG(s) 'sales_analysis_pipeline' retrieved from /opt/airflow/dags/sales_analysis_dag.py
[2026-03-18T08:16:24.091+0000] {logging_mixin.py:188} INFO - [2026-03-18T08:16:24.091+0000] {dag.py:3036} INFO - Sync 1 DAGs
[2026-03-18T08:16:24.099+0000] {logging_mixin.py:188} INFO - [2026-03-18T08:16:24.099+0000] {dag.py:3823} INFO - Setting next_dagrun for sales_analysis_pipeline to None, run_after=None
[2026-03-18T08:16:24.110+0000] {processor.py:183} INFO - Processing /opt/airflow/dags/sales_analysis_dag.py took 0.054 seconds
[2026-03-18T08:16:54.658+0000] {processor.py:161} INFO - Started process (PID=1276) to work on /opt/airflow/dags/sales_analysis_dag.py
[2026-03-18T08:16:54.662+0000] {processor.py:830} INFO - Processing file /opt/airflow/dags/sales_analysis_dag.py for tasks to queue
[2026-03-18T08:16:54.664+0000] {logging_mixin.py:188} INFO - [2026-03-18T08:16:54.664+0000] {dagbag.py:538} INFO - Filling up the DagBag from /opt/airflow/dags/sales_analysis_dag.py
[2026-03-18T08:16:54.669+0000] {processor.py:840} INFO - DAG(s) 'sales_analysis_pipeline' retrieved from /opt/airflow/dags/sales_analysis_dag.py
[2026-03-18T08:16:54.684+0000] {logging_mixin.py:188} INFO - [2026-03-18T08:16:54.684+0000] {dag.py:3036} INFO - Sync 1 DAGs
[2026-03-18T08:16:54.693+0000] {logging_mixin.py:188} INFO - [2026-03-18T08:16:54.693+0000] {dag.py:3823} INFO - Setting next_dagrun for sales_analysis_pipeline to None, run_after=None
[2026-03-18T08:16:54.706+0000] {processor.py:183} INFO - Processing /opt/airflow/dags/sales_analysis_dag.py took 0.052 seconds
[2026-03-18T08:17:25.107+0000] {processor.py:161} INFO - Started process (PID=1332) to work on /opt/airflow/dags/sales_analysis_dag.py
[2026-03-18T08:17:25.109+0000] {processor.py:830} INFO - Processing file /opt/airflow/dags/sales_analysis_dag.py for tasks to queue
[2026-03-18T08:17:25.112+0000] {logging_mixin.py:188} INFO - [2026-03-18T08:17:25.112+0000] {dagbag.py:538} INFO - Filling up the DagBag from /opt/airflow/dags/sales_analysis_dag.py
[2026-03-18T08:17:25.117+0000] {processor.py:840} INFO - DAG(s) 'sales_analysis_pipeline' retrieved from /opt/airflow/dags/sales_analysis_dag.py
[2026-03-18T08:17:25.138+0000] {logging_mixin.py:188} INFO - [2026-03-18T08:17:25.137+0000] {dag.py:3036} INFO - Sync 1 DAGs
[2026-03-18T08:17:25.145+0000] {logging_mixin.py:188} INFO - [2026-03-18T08:17:25.145+0000] {dag.py:3823} INFO - Setting next_dagrun for sales_analysis_pipeline to None, run_after=None
[2026-03-18T08:17:25.163+0000] {processor.py:183} INFO - Processing /opt/airflow/dags/sales_analysis_dag.py took 0.058 seconds
[2026-03-18T08:17:55.698+0000] {processor.py:161} INFO - Started process (PID=1388) to work on /opt/airflow/dags/sales_analysis_dag.py
[2026-03-18T08:17:55.700+0000] {processor.py:830} INFO - Processing file /opt/airflow/dags/sales_analysis_dag.py for tasks to queue
[2026-03-18T08:17:55.702+0000] {logging_mixin.py:188} INFO - [2026-03-18T08:17:55.701+0000] {dagbag.py:538} INFO - Filling up the DagBag from /opt/airflow/dags/sales_analysis_dag.py
[2026-03-18T08:17:55.707+0000] {processor.py:840} INFO - DAG(s) 'sales_analysis_pipeline' retrieved from /opt/airflow/dags/sales_analysis_dag.py
[2026-03-18T08:17:55.724+0000] {logging_mixin.py:188} INFO - [2026-03-18T08:17:55.724+0000] {dag.py:3036} INFO - Sync 1 DAGs
[2026-03-18T08:17:55.732+0000] {logging_mixin.py:188} INFO - [2026-03-18T08:17:55.732+0000] {dag.py:3823} INFO - Setting next_dagrun for sales_analysis_pipeline to None, run_after=None
[2026-03-18T08:17:55.746+0000] {processor.py:183} INFO - Processing /opt/airflow/dags/sales_analysis_dag.py took 0.050 seconds
[2026-03-18T08:18:26.220+0000] {processor.py:161} INFO - Started process (PID=1444) to work on /opt/airflow/dags/sales_analysis_dag.py
[2026-03-18T08:18:26.223+0000] {processor.py:830} INFO - Processing file /opt/airflow/dags/sales_analysis_dag.py for tasks to queue
[2026-03-18T08:18:26.226+0000] {logging_mixin.py:188} INFO - [2026-03-18T08:18:26.226+0000] {dagbag.py:538} INFO - Filling up the DagBag from /opt/airflow/dags/sales_analysis_dag.py
[2026-03-18T08:18:26.232+0000] {processor.py:840} INFO - DAG(s) 'sales_analysis_pipeline' retrieved from /opt/airflow/dags/sales_analysis_dag.py
[2026-03-18T08:18:26.255+0000] {logging_mixin.py:188} INFO - [2026-03-18T08:18:26.255+0000] {dag.py:3036} INFO - Sync 1 DAGs
[2026-03-18T08:18:26.262+0000] {logging_mixin.py:188} INFO - [2026-03-18T08:18:26.262+0000] {dag.py:3823} INFO - Setting next_dagrun for sales_analysis_pipeline to None, run_after=None
[2026-03-18T08:18:26.276+0000] {processor.py:183} INFO - Processing /opt/airflow/dags/sales_analysis_dag.py took 0.060 seconds
[2026-03-18T08:18:56.755+0000] {processor.py:161} INFO - Started process (PID=1500) to work on /opt/airflow/dags/sales_analysis_dag.py
[2026-03-18T08:18:56.758+0000] {processor.py:830} INFO - Processing file /opt/airflow/dags/sales_analysis_dag.py for tasks to queue
[2026-03-18T08:18:56.762+0000] {logging_mixin.py:188} INFO - [2026-03-18T08:18:56.762+0000] {dagbag.py:538} INFO - Filling up the DagBag from /opt/airflow/dags/sales_analysis_dag.py
[2026-03-18T08:18:56.772+0000] {processor.py:840} INFO - DAG(s) 'sales_analysis_pipeline' retrieved from /opt/airflow/dags/sales_analysis_dag.py
[2026-03-18T08:18:56.792+0000] {logging_mixin.py:188} INFO - [2026-03-18T08:18:56.792+0000] {dag.py:3036} INFO - Sync 1 DAGs
[2026-03-18T08:18:56.800+0000] {logging_mixin.py:188} INFO - [2026-03-18T08:18:56.800+0000] {dag.py:3823} INFO - Setting next_dagrun for sales_analysis_pipeline to None, run_after=None
[2026-03-18T08:18:56.818+0000] {processor.py:183} INFO - Processing /opt/airflow/dags/sales_analysis_dag.py took 0.069 seconds
[2026-03-18T08:19:27.221+0000] {processor.py:161} INFO - Started process (PID=1556) to work on /opt/airflow/dags/sales_analysis_dag.py
[2026-03-18T08:19:27.225+0000] {processor.py:830} INFO - Processing file /opt/airflow/dags/sales_analysis_dag.py for tasks to queue
[2026-03-18T08:19:27.227+0000] {logging_mixin.py:188} INFO - [2026-03-18T08:19:27.227+0000] {dagbag.py:538} INFO - Filling up the DagBag from /opt/airflow/dags/sales_analysis_dag.py
[2026-03-18T08:19:27.236+0000] {processor.py:840} INFO - DAG(s) 'sales_analysis_pipeline' retrieved from /opt/airflow/dags/sales_analysis_dag.py
[2026-03-18T08:19:27.255+0000] {logging_mixin.py:188} INFO - [2026-03-18T08:19:27.255+0000] {dag.py:3036} INFO - Sync 1 DAGs
[2026-03-18T08:19:27.262+0000] {logging_mixin.py:188} INFO - [2026-03-18T08:19:27.262+0000] {dag.py:3823} INFO - Setting next_dagrun for sales_analysis_pipeline to None, run_after=None
[2026-03-18T08:19:27.276+0000] {processor.py:183} INFO - Processing /opt/airflow/dags/sales_analysis_dag.py took 0.059 seconds
