[2026-03-18T07:57:15.388+0000] {taskinstance.py:1956} INFO - Dependencies all met for dep_context=non-requeueable deps ti=<TaskInstance: sales_analysis_pipeline.load_to_sqlite manual__2026-03-18T07:52:14.815756+00:00 [queued]>
[2026-03-18T07:57:15.391+0000] {taskinstance.py:1956} INFO - Dependencies all met for dep_context=requeueable deps ti=<TaskInstance: sales_analysis_pipeline.load_to_sqlite manual__2026-03-18T07:52:14.815756+00:00 [queued]>
[2026-03-18T07:57:15.391+0000] {taskinstance.py:2170} INFO - Starting attempt 3 of 3
[2026-03-18T07:57:15.395+0000] {taskinstance.py:2191} INFO - Executing <Task(BashOperator): load_to_sqlite> on 2026-03-18 07:52:14.815756+00:00
[2026-03-18T07:57:15.397+0000] {standard_task_runner.py:60} INFO - Started process 278 to run task
[2026-03-18T07:57:15.398+0000] {standard_task_runner.py:87} INFO - Running: ['***', 'tasks', 'run', 'sales_analysis_pipeline', 'load_to_sqlite', 'manual__2026-03-18T07:52:14.815756+00:00', '--job-id', '7', '--raw', '--subdir', 'DAGS_FOLDER/sales_analysis_dag.py', '--cfg-path', '/tmp/tmp6oavgcaj']
[2026-03-18T07:57:15.399+0000] {standard_task_runner.py:88} INFO - Job 7: Subtask load_to_sqlite
[2026-03-18T07:57:15.415+0000] {task_command.py:423} INFO - Running <TaskInstance: sales_analysis_pipeline.load_to_sqlite manual__2026-03-18T07:52:14.815756+00:00 [running]> on host 4c6e5da4c5d1
[2026-03-18T07:57:15.440+0000] {taskinstance.py:2480} INFO - Exporting env vars: AIRFLOW_CTX_DAG_OWNER='***' AIRFLOW_CTX_DAG_ID='sales_analysis_pipeline' AIRFLOW_CTX_TASK_ID='load_to_sqlite' AIRFLOW_CTX_EXECUTION_DATE='2026-03-18T07:52:14.815756+00:00' AIRFLOW_CTX_TRY_NUMBER='3' AIRFLOW_CTX_DAG_RUN_ID='manual__2026-03-18T07:52:14.815756+00:00'
[2026-03-18T07:57:15.441+0000] {subprocess.py:63} INFO - Tmp dir root location: /tmp
[2026-03-18T07:57:15.441+0000] {subprocess.py:75} INFO - Running command: ['/usr/bin/bash', '-c', 'cd /opt/*** && python scripts/load_to_sqlite.py']
[2026-03-18T07:57:15.445+0000] {subprocess.py:86} INFO - Output:
[2026-03-18T07:57:15.453+0000] {subprocess.py:93} INFO - python: can't open file 'scripts/load_to_sqlite.py': [Errno 2] No such file or directory
[2026-03-18T07:57:15.455+0000] {subprocess.py:97} INFO - Command exited with return code 2
[2026-03-18T07:57:15.459+0000] {taskinstance.py:2698} ERROR - Task failed with exception
Traceback (most recent call last):
  File "/home/airflow/.local/lib/python3.8/site-packages/airflow/models/taskinstance.py", line 433, in _execute_task
    result = execute_callable(context=context, **execute_callable_kwargs)
  File "/home/airflow/.local/lib/python3.8/site-packages/airflow/operators/bash.py", line 212, in execute
    raise AirflowException(
airflow.exceptions.AirflowException: Bash command failed. The command returned a non-zero exit code 2.
[2026-03-18T07:57:15.461+0000] {taskinstance.py:1138} INFO - Marking task as FAILED. dag_id=sales_analysis_pipeline, task_id=load_to_sqlite, execution_date=20260318T075214, start_date=20260318T075715, end_date=20260318T075715
[2026-03-18T07:57:15.465+0000] {standard_task_runner.py:107} ERROR - Failed to execute job 7 for task load_to_sqlite (Bash command failed. The command returned a non-zero exit code 2.; 278)
[2026-03-18T07:57:15.496+0000] {local_task_job_runner.py:234} INFO - Task exited with return code 1
[2026-03-18T07:57:15.507+0000] {taskinstance.py:3280} INFO - 0 downstream tasks scheduled from follow-on schedule check
