[2026-03-18T08:00:56.914+0000] {taskinstance.py:1956} INFO - Dependencies all met for dep_context=non-requeueable deps ti=<TaskInstance: sales_analysis_pipeline.analyze_sales manual__2026-03-18T08:00:54.520964+00:00 [queued]>
[2026-03-18T08:00:56.916+0000] {taskinstance.py:1956} INFO - Dependencies all met for dep_context=requeueable deps ti=<TaskInstance: sales_analysis_pipeline.analyze_sales manual__2026-03-18T08:00:54.520964+00:00 [queued]>
[2026-03-18T08:00:56.916+0000] {taskinstance.py:2170} INFO - Starting attempt 1 of 1
[2026-03-18T08:00:56.920+0000] {taskinstance.py:2191} INFO - Executing <Task(BashOperator): analyze_sales> on 2026-03-18 08:00:54.520964+00:00
[2026-03-18T08:00:56.922+0000] {standard_task_runner.py:60} INFO - Started process 105 to run task
[2026-03-18T08:00:56.924+0000] {standard_task_runner.py:87} INFO - Running: ['***', 'tasks', 'run', 'sales_analysis_pipeline', 'analyze_sales', 'manual__2026-03-18T08:00:54.520964+00:00', '--job-id', '12', '--raw', '--subdir', 'DAGS_FOLDER/sales_analysis_dag.py', '--cfg-path', '/tmp/tmp8gdiwiyk']
[2026-03-18T08:00:56.926+0000] {standard_task_runner.py:88} INFO - Job 12: Subtask analyze_sales
[2026-03-18T08:00:56.942+0000] {task_command.py:423} INFO - Running <TaskInstance: sales_analysis_pipeline.analyze_sales manual__2026-03-18T08:00:54.520964+00:00 [running]> on host dbeeba0da7a4
[2026-03-18T08:00:56.964+0000] {taskinstance.py:2480} INFO - Exporting env vars: AIRFLOW_CTX_DAG_OWNER='***' AIRFLOW_CTX_DAG_ID='sales_analysis_pipeline' AIRFLOW_CTX_TASK_ID='analyze_sales' AIRFLOW_CTX_EXECUTION_DATE='2026-03-18T08:00:54.520964+00:00' AIRFLOW_CTX_TRY_NUMBER='1' AIRFLOW_CTX_DAG_RUN_ID='manual__2026-03-18T08:00:54.520964+00:00'
[2026-03-18T08:00:56.965+0000] {subprocess.py:63} INFO - Tmp dir root location: /tmp
[2026-03-18T08:00:56.965+0000] {subprocess.py:75} INFO - Running command: ['/usr/bin/bash', '-c', 'cd /opt/*** && python scripts/analyze_sales.py']
[2026-03-18T08:00:56.969+0000] {subprocess.py:86} INFO - Output:
[2026-03-18T08:00:57.148+0000] {subprocess.py:93} INFO - Traceback (most recent call last):
[2026-03-18T08:00:57.152+0000] {subprocess.py:93} INFO -   File "scripts/analyze_sales.py", line 3, in <module>
[2026-03-18T08:00:57.152+0000] {subprocess.py:93} INFO -     import plotly.express as px
[2026-03-18T08:00:57.152+0000] {subprocess.py:93} INFO - ModuleNotFoundError: No module named 'plotly'
[2026-03-18T08:00:57.171+0000] {subprocess.py:97} INFO - Command exited with return code 1
[2026-03-18T08:00:57.176+0000] {taskinstance.py:2698} ERROR - Task failed with exception
Traceback (most recent call last):
  File "/home/airflow/.local/lib/python3.8/site-packages/airflow/models/taskinstance.py", line 433, in _execute_task
    result = execute_callable(context=context, **execute_callable_kwargs)
  File "/home/airflow/.local/lib/python3.8/site-packages/airflow/operators/bash.py", line 212, in execute
    raise AirflowException(
airflow.exceptions.AirflowException: Bash command failed. The command returned a non-zero exit code 1.
[2026-03-18T08:00:57.177+0000] {taskinstance.py:1138} INFO - Marking task as FAILED. dag_id=sales_analysis_pipeline, task_id=analyze_sales, execution_date=20260318T080054, start_date=20260318T080056, end_date=20260318T080057
[2026-03-18T08:00:57.186+0000] {standard_task_runner.py:107} ERROR - Failed to execute job 12 for task analyze_sales (Bash command failed. The command returned a non-zero exit code 1.; 105)
[2026-03-18T08:00:57.230+0000] {local_task_job_runner.py:234} INFO - Task exited with return code 1
[2026-03-18T08:00:57.239+0000] {taskinstance.py:3280} INFO - 0 downstream tasks scheduled from follow-on schedule check
