[2026-03-18T07:45:17.752+0000] {processor.py:161} INFO - Started process (PID=50) to work on /home/airflow/.local/lib/python3.8/site-packages/airflow/example_dags/example_task_group_decorator.py
[2026-03-18T07:45:17.753+0000] {processor.py:830} INFO - Processing file /home/airflow/.local/lib/python3.8/site-packages/airflow/example_dags/example_task_group_decorator.py for tasks to queue
[2026-03-18T07:45:17.754+0000] {logging_mixin.py:188} INFO - [2026-03-18T07:45:17.753+0000] {dagbag.py:538} INFO - Filling up the DagBag from /home/airflow/.local/lib/python3.8/site-packages/airflow/example_dags/example_task_group_decorator.py
[2026-03-18T07:45:17.761+0000] {processor.py:840} INFO - DAG(s) 'example_task_group_decorator' retrieved from /home/airflow/.local/lib/python3.8/site-packages/airflow/example_dags/example_task_group_decorator.py
[2026-03-18T07:45:17.820+0000] {logging_mixin.py:188} INFO - [2026-03-18T07:45:17.820+0000] {override.py:1769} INFO - Created Permission View: can read on DAG:example_task_group_decorator
[2026-03-18T07:45:17.824+0000] {logging_mixin.py:188} INFO - [2026-03-18T07:45:17.824+0000] {override.py:1769} INFO - Created Permission View: can delete on DAG:example_task_group_decorator
[2026-03-18T07:45:17.827+0000] {logging_mixin.py:188} INFO - [2026-03-18T07:45:17.827+0000] {override.py:1769} INFO - Created Permission View: can edit on DAG:example_task_group_decorator
[2026-03-18T07:45:17.827+0000] {logging_mixin.py:188} INFO - [2026-03-18T07:45:17.827+0000] {dag.py:3036} INFO - Sync 1 DAGs
[2026-03-18T07:45:17.832+0000] {logging_mixin.py:188} INFO - [2026-03-18T07:45:17.832+0000] {dag.py:3058} INFO - Creating ORM DAG for example_task_group_decorator
[2026-03-18T07:45:17.838+0000] {logging_mixin.py:188} INFO - [2026-03-18T07:45:17.837+0000] {dag.py:3823} INFO - Setting next_dagrun for example_task_group_decorator to 2026-03-17 00:00:00+00:00, run_after=2026-03-18 00:00:00+00:00
[2026-03-18T07:45:17.845+0000] {processor.py:183} INFO - Processing /home/airflow/.local/lib/python3.8/site-packages/airflow/example_dags/example_task_group_decorator.py took 0.095 seconds
[2026-03-18T07:45:48.038+0000] {processor.py:161} INFO - Started process (PID=105) to work on /home/airflow/.local/lib/python3.8/site-packages/airflow/example_dags/example_task_group_decorator.py
[2026-03-18T07:45:48.039+0000] {processor.py:830} INFO - Processing file /home/airflow/.local/lib/python3.8/site-packages/airflow/example_dags/example_task_group_decorator.py for tasks to queue
[2026-03-18T07:45:48.042+0000] {logging_mixin.py:188} INFO - [2026-03-18T07:45:48.042+0000] {dagbag.py:538} INFO - Filling up the DagBag from /home/airflow/.local/lib/python3.8/site-packages/airflow/example_dags/example_task_group_decorator.py
[2026-03-18T07:45:48.048+0000] {processor.py:840} INFO - DAG(s) 'example_task_group_decorator' retrieved from /home/airflow/.local/lib/python3.8/site-packages/airflow/example_dags/example_task_group_decorator.py
[2026-03-18T07:45:48.063+0000] {logging_mixin.py:188} INFO - [2026-03-18T07:45:48.063+0000] {dag.py:3036} INFO - Sync 1 DAGs
[2026-03-18T07:45:48.072+0000] {logging_mixin.py:188} INFO - [2026-03-18T07:45:48.072+0000] {dag.py:3823} INFO - Setting next_dagrun for example_task_group_decorator to 2026-03-17 00:00:00+00:00, run_after=2026-03-18 00:00:00+00:00
[2026-03-18T07:45:48.079+0000] {processor.py:183} INFO - Processing /home/airflow/.local/lib/python3.8/site-packages/airflow/example_dags/example_task_group_decorator.py took 0.043 seconds
[2026-03-18T07:46:18.397+0000] {processor.py:161} INFO - Started process (PID=160) to work on /home/airflow/.local/lib/python3.8/site-packages/airflow/example_dags/example_task_group_decorator.py
[2026-03-18T07:46:18.401+0000] {processor.py:830} INFO - Processing file /home/airflow/.local/lib/python3.8/site-packages/airflow/example_dags/example_task_group_decorator.py for tasks to queue
[2026-03-18T07:46:18.402+0000] {logging_mixin.py:188} INFO - [2026-03-18T07:46:18.402+0000] {dagbag.py:538} INFO - Filling up the DagBag from /home/airflow/.local/lib/python3.8/site-packages/airflow/example_dags/example_task_group_decorator.py
[2026-03-18T07:46:18.408+0000] {processor.py:840} INFO - DAG(s) 'example_task_group_decorator' retrieved from /home/airflow/.local/lib/python3.8/site-packages/airflow/example_dags/example_task_group_decorator.py
[2026-03-18T07:46:18.420+0000] {logging_mixin.py:188} INFO - [2026-03-18T07:46:18.419+0000] {dag.py:3036} INFO - Sync 1 DAGs
[2026-03-18T07:46:18.429+0000] {logging_mixin.py:188} INFO - [2026-03-18T07:46:18.429+0000] {dag.py:3823} INFO - Setting next_dagrun for example_task_group_decorator to 2026-03-17 00:00:00+00:00, run_after=2026-03-18 00:00:00+00:00
[2026-03-18T07:46:18.436+0000] {processor.py:183} INFO - Processing /home/airflow/.local/lib/python3.8/site-packages/airflow/example_dags/example_task_group_decorator.py took 0.040 seconds
[2026-03-18T07:46:48.761+0000] {processor.py:161} INFO - Started process (PID=215) to work on /home/airflow/.local/lib/python3.8/site-packages/airflow/example_dags/example_task_group_decorator.py
[2026-03-18T07:46:48.761+0000] {processor.py:830} INFO - Processing file /home/airflow/.local/lib/python3.8/site-packages/airflow/example_dags/example_task_group_decorator.py for tasks to queue
[2026-03-18T07:46:48.762+0000] {logging_mixin.py:188} INFO - [2026-03-18T07:46:48.762+0000] {dagbag.py:538} INFO - Filling up the DagBag from /home/airflow/.local/lib/python3.8/site-packages/airflow/example_dags/example_task_group_decorator.py
[2026-03-18T07:46:48.769+0000] {processor.py:840} INFO - DAG(s) 'example_task_group_decorator' retrieved from /home/airflow/.local/lib/python3.8/site-packages/airflow/example_dags/example_task_group_decorator.py
[2026-03-18T07:46:48.778+0000] {logging_mixin.py:188} INFO - [2026-03-18T07:46:48.778+0000] {dag.py:3036} INFO - Sync 1 DAGs
[2026-03-18T07:46:48.788+0000] {logging_mixin.py:188} INFO - [2026-03-18T07:46:48.788+0000] {dag.py:3823} INFO - Setting next_dagrun for example_task_group_decorator to 2026-03-17 00:00:00+00:00, run_after=2026-03-18 00:00:00+00:00
[2026-03-18T07:46:48.795+0000] {processor.py:183} INFO - Processing /home/airflow/.local/lib/python3.8/site-packages/airflow/example_dags/example_task_group_decorator.py took 0.035 seconds
[2026-03-18T07:47:19.067+0000] {processor.py:161} INFO - Started process (PID=270) to work on /home/airflow/.local/lib/python3.8/site-packages/airflow/example_dags/example_task_group_decorator.py
[2026-03-18T07:47:19.069+0000] {processor.py:830} INFO - Processing file /home/airflow/.local/lib/python3.8/site-packages/airflow/example_dags/example_task_group_decorator.py for tasks to queue
[2026-03-18T07:47:19.071+0000] {logging_mixin.py:188} INFO - [2026-03-18T07:47:19.071+0000] {dagbag.py:538} INFO - Filling up the DagBag from /home/airflow/.local/lib/python3.8/site-packages/airflow/example_dags/example_task_group_decorator.py
[2026-03-18T07:47:19.080+0000] {processor.py:840} INFO - DAG(s) 'example_task_group_decorator' retrieved from /home/airflow/.local/lib/python3.8/site-packages/airflow/example_dags/example_task_group_decorator.py
[2026-03-18T07:47:19.093+0000] {logging_mixin.py:188} INFO - [2026-03-18T07:47:19.093+0000] {dag.py:3036} INFO - Sync 1 DAGs
[2026-03-18T07:47:19.104+0000] {logging_mixin.py:188} INFO - [2026-03-18T07:47:19.104+0000] {dag.py:3823} INFO - Setting next_dagrun for example_task_group_decorator to 2026-03-17 00:00:00+00:00, run_after=2026-03-18 00:00:00+00:00
[2026-03-18T07:47:19.113+0000] {processor.py:183} INFO - Processing /home/airflow/.local/lib/python3.8/site-packages/airflow/example_dags/example_task_group_decorator.py took 0.047 seconds
[2026-03-18T07:47:49.512+0000] {processor.py:161} INFO - Started process (PID=325) to work on /home/airflow/.local/lib/python3.8/site-packages/airflow/example_dags/example_task_group_decorator.py
[2026-03-18T07:47:49.514+0000] {processor.py:830} INFO - Processing file /home/airflow/.local/lib/python3.8/site-packages/airflow/example_dags/example_task_group_decorator.py for tasks to queue
[2026-03-18T07:47:49.514+0000] {logging_mixin.py:188} INFO - [2026-03-18T07:47:49.514+0000] {dagbag.py:538} INFO - Filling up the DagBag from /home/airflow/.local/lib/python3.8/site-packages/airflow/example_dags/example_task_group_decorator.py
[2026-03-18T07:47:49.520+0000] {processor.py:840} INFO - DAG(s) 'example_task_group_decorator' retrieved from /home/airflow/.local/lib/python3.8/site-packages/airflow/example_dags/example_task_group_decorator.py
[2026-03-18T07:47:49.532+0000] {logging_mixin.py:188} INFO - [2026-03-18T07:47:49.532+0000] {dag.py:3036} INFO - Sync 1 DAGs
[2026-03-18T07:47:49.543+0000] {logging_mixin.py:188} INFO - [2026-03-18T07:47:49.543+0000] {dag.py:3823} INFO - Setting next_dagrun for example_task_group_decorator to 2026-03-17 00:00:00+00:00, run_after=2026-03-18 00:00:00+00:00
[2026-03-18T07:47:49.550+0000] {processor.py:183} INFO - Processing /home/airflow/.local/lib/python3.8/site-packages/airflow/example_dags/example_task_group_decorator.py took 0.041 seconds
[2026-03-18T07:48:19.912+0000] {processor.py:161} INFO - Started process (PID=380) to work on /home/airflow/.local/lib/python3.8/site-packages/airflow/example_dags/example_task_group_decorator.py
[2026-03-18T07:48:19.913+0000] {processor.py:830} INFO - Processing file /home/airflow/.local/lib/python3.8/site-packages/airflow/example_dags/example_task_group_decorator.py for tasks to queue
[2026-03-18T07:48:19.915+0000] {logging_mixin.py:188} INFO - [2026-03-18T07:48:19.915+0000] {dagbag.py:538} INFO - Filling up the DagBag from /home/airflow/.local/lib/python3.8/site-packages/airflow/example_dags/example_task_group_decorator.py
[2026-03-18T07:48:19.922+0000] {processor.py:840} INFO - DAG(s) 'example_task_group_decorator' retrieved from /home/airflow/.local/lib/python3.8/site-packages/airflow/example_dags/example_task_group_decorator.py
[2026-03-18T07:48:19.933+0000] {logging_mixin.py:188} INFO - [2026-03-18T07:48:19.932+0000] {dag.py:3036} INFO - Sync 1 DAGs
[2026-03-18T07:48:19.945+0000] {logging_mixin.py:188} INFO - [2026-03-18T07:48:19.945+0000] {dag.py:3823} INFO - Setting next_dagrun for example_task_group_decorator to 2026-03-17 00:00:00+00:00, run_after=2026-03-18 00:00:00+00:00
[2026-03-18T07:48:19.952+0000] {processor.py:183} INFO - Processing /home/airflow/.local/lib/python3.8/site-packages/airflow/example_dags/example_task_group_decorator.py took 0.043 seconds
[2026-03-18T07:48:50.239+0000] {processor.py:161} INFO - Started process (PID=435) to work on /home/airflow/.local/lib/python3.8/site-packages/airflow/example_dags/example_task_group_decorator.py
[2026-03-18T07:48:50.240+0000] {processor.py:830} INFO - Processing file /home/airflow/.local/lib/python3.8/site-packages/airflow/example_dags/example_task_group_decorator.py for tasks to queue
[2026-03-18T07:48:50.241+0000] {logging_mixin.py:188} INFO - [2026-03-18T07:48:50.240+0000] {dagbag.py:538} INFO - Filling up the DagBag from /home/airflow/.local/lib/python3.8/site-packages/airflow/example_dags/example_task_group_decorator.py
[2026-03-18T07:48:50.247+0000] {processor.py:840} INFO - DAG(s) 'example_task_group_decorator' retrieved from /home/airflow/.local/lib/python3.8/site-packages/airflow/example_dags/example_task_group_decorator.py
[2026-03-18T07:48:50.258+0000] {logging_mixin.py:188} INFO - [2026-03-18T07:48:50.258+0000] {dag.py:3036} INFO - Sync 1 DAGs
[2026-03-18T07:48:50.268+0000] {logging_mixin.py:188} INFO - [2026-03-18T07:48:50.268+0000] {dag.py:3823} INFO - Setting next_dagrun for example_task_group_decorator to 2026-03-17 00:00:00+00:00, run_after=2026-03-18 00:00:00+00:00
[2026-03-18T07:48:50.276+0000] {processor.py:183} INFO - Processing /home/airflow/.local/lib/python3.8/site-packages/airflow/example_dags/example_task_group_decorator.py took 0.039 seconds
[2026-03-18T07:49:20.511+0000] {processor.py:161} INFO - Started process (PID=490) to work on /home/airflow/.local/lib/python3.8/site-packages/airflow/example_dags/example_task_group_decorator.py
[2026-03-18T07:49:20.512+0000] {processor.py:830} INFO - Processing file /home/airflow/.local/lib/python3.8/site-packages/airflow/example_dags/example_task_group_decorator.py for tasks to queue
[2026-03-18T07:49:20.513+0000] {logging_mixin.py:188} INFO - [2026-03-18T07:49:20.513+0000] {dagbag.py:538} INFO - Filling up the DagBag from /home/airflow/.local/lib/python3.8/site-packages/airflow/example_dags/example_task_group_decorator.py
[2026-03-18T07:49:20.519+0000] {processor.py:840} INFO - DAG(s) 'example_task_group_decorator' retrieved from /home/airflow/.local/lib/python3.8/site-packages/airflow/example_dags/example_task_group_decorator.py
[2026-03-18T07:49:20.529+0000] {logging_mixin.py:188} INFO - [2026-03-18T07:49:20.529+0000] {dag.py:3036} INFO - Sync 1 DAGs
[2026-03-18T07:49:20.539+0000] {logging_mixin.py:188} INFO - [2026-03-18T07:49:20.539+0000] {dag.py:3823} INFO - Setting next_dagrun for example_task_group_decorator to 2026-03-17 00:00:00+00:00, run_after=2026-03-18 00:00:00+00:00
[2026-03-18T07:49:20.546+0000] {processor.py:183} INFO - Processing /home/airflow/.local/lib/python3.8/site-packages/airflow/example_dags/example_task_group_decorator.py took 0.037 seconds
[2026-03-18T07:49:50.799+0000] {processor.py:161} INFO - Started process (PID=545) to work on /home/airflow/.local/lib/python3.8/site-packages/airflow/example_dags/example_task_group_decorator.py
[2026-03-18T07:49:50.800+0000] {processor.py:830} INFO - Processing file /home/airflow/.local/lib/python3.8/site-packages/airflow/example_dags/example_task_group_decorator.py for tasks to queue
[2026-03-18T07:49:50.801+0000] {logging_mixin.py:188} INFO - [2026-03-18T07:49:50.801+0000] {dagbag.py:538} INFO - Filling up the DagBag from /home/airflow/.local/lib/python3.8/site-packages/airflow/example_dags/example_task_group_decorator.py
[2026-03-18T07:49:50.806+0000] {processor.py:840} INFO - DAG(s) 'example_task_group_decorator' retrieved from /home/airflow/.local/lib/python3.8/site-packages/airflow/example_dags/example_task_group_decorator.py
[2026-03-18T07:49:50.816+0000] {logging_mixin.py:188} INFO - [2026-03-18T07:49:50.816+0000] {dag.py:3036} INFO - Sync 1 DAGs
[2026-03-18T07:49:50.826+0000] {logging_mixin.py:188} INFO - [2026-03-18T07:49:50.826+0000] {dag.py:3823} INFO - Setting next_dagrun for example_task_group_decorator to 2026-03-17 00:00:00+00:00, run_after=2026-03-18 00:00:00+00:00
[2026-03-18T07:49:50.833+0000] {processor.py:183} INFO - Processing /home/airflow/.local/lib/python3.8/site-packages/airflow/example_dags/example_task_group_decorator.py took 0.035 seconds
[2026-03-18T07:50:21.099+0000] {processor.py:161} INFO - Started process (PID=601) to work on /home/airflow/.local/lib/python3.8/site-packages/airflow/example_dags/example_task_group_decorator.py
[2026-03-18T07:50:21.100+0000] {processor.py:830} INFO - Processing file /home/airflow/.local/lib/python3.8/site-packages/airflow/example_dags/example_task_group_decorator.py for tasks to queue
[2026-03-18T07:50:21.101+0000] {logging_mixin.py:188} INFO - [2026-03-18T07:50:21.101+0000] {dagbag.py:538} INFO - Filling up the DagBag from /home/airflow/.local/lib/python3.8/site-packages/airflow/example_dags/example_task_group_decorator.py
[2026-03-18T07:50:21.108+0000] {processor.py:840} INFO - DAG(s) 'example_task_group_decorator' retrieved from /home/airflow/.local/lib/python3.8/site-packages/airflow/example_dags/example_task_group_decorator.py
[2026-03-18T07:50:21.119+0000] {logging_mixin.py:188} INFO - [2026-03-18T07:50:21.119+0000] {dag.py:3036} INFO - Sync 1 DAGs
[2026-03-18T07:50:21.129+0000] {logging_mixin.py:188} INFO - [2026-03-18T07:50:21.129+0000] {dag.py:3823} INFO - Setting next_dagrun for example_task_group_decorator to 2026-03-17 00:00:00+00:00, run_after=2026-03-18 00:00:00+00:00
[2026-03-18T07:50:21.139+0000] {processor.py:183} INFO - Processing /home/airflow/.local/lib/python3.8/site-packages/airflow/example_dags/example_task_group_decorator.py took 0.043 seconds
[2026-03-18T07:50:51.618+0000] {processor.py:161} INFO - Started process (PID=657) to work on /home/airflow/.local/lib/python3.8/site-packages/airflow/example_dags/example_task_group_decorator.py
[2026-03-18T07:50:51.618+0000] {processor.py:830} INFO - Processing file /home/airflow/.local/lib/python3.8/site-packages/airflow/example_dags/example_task_group_decorator.py for tasks to queue
[2026-03-18T07:50:51.620+0000] {logging_mixin.py:188} INFO - [2026-03-18T07:50:51.620+0000] {dagbag.py:538} INFO - Filling up the DagBag from /home/airflow/.local/lib/python3.8/site-packages/airflow/example_dags/example_task_group_decorator.py
[2026-03-18T07:50:51.628+0000] {processor.py:840} INFO - DAG(s) 'example_task_group_decorator' retrieved from /home/airflow/.local/lib/python3.8/site-packages/airflow/example_dags/example_task_group_decorator.py
[2026-03-18T07:50:51.643+0000] {logging_mixin.py:188} INFO - [2026-03-18T07:50:51.643+0000] {dag.py:3036} INFO - Sync 1 DAGs
[2026-03-18T07:50:51.654+0000] {logging_mixin.py:188} INFO - [2026-03-18T07:50:51.654+0000] {dag.py:3823} INFO - Setting next_dagrun for example_task_group_decorator to 2026-03-17 00:00:00+00:00, run_after=2026-03-18 00:00:00+00:00
[2026-03-18T07:50:51.665+0000] {processor.py:183} INFO - Processing /home/airflow/.local/lib/python3.8/site-packages/airflow/example_dags/example_task_group_decorator.py took 0.050 seconds
[2026-03-18T07:51:22.090+0000] {processor.py:161} INFO - Started process (PID=713) to work on /home/airflow/.local/lib/python3.8/site-packages/airflow/example_dags/example_task_group_decorator.py
[2026-03-18T07:51:22.091+0000] {processor.py:830} INFO - Processing file /home/airflow/.local/lib/python3.8/site-packages/airflow/example_dags/example_task_group_decorator.py for tasks to queue
[2026-03-18T07:51:22.091+0000] {logging_mixin.py:188} INFO - [2026-03-18T07:51:22.091+0000] {dagbag.py:538} INFO - Filling up the DagBag from /home/airflow/.local/lib/python3.8/site-packages/airflow/example_dags/example_task_group_decorator.py
[2026-03-18T07:51:22.100+0000] {processor.py:840} INFO - DAG(s) 'example_task_group_decorator' retrieved from /home/airflow/.local/lib/python3.8/site-packages/airflow/example_dags/example_task_group_decorator.py
[2026-03-18T07:51:22.113+0000] {logging_mixin.py:188} INFO - [2026-03-18T07:51:22.113+0000] {dag.py:3036} INFO - Sync 1 DAGs
[2026-03-18T07:51:22.122+0000] {logging_mixin.py:188} INFO - [2026-03-18T07:51:22.122+0000] {dag.py:3823} INFO - Setting next_dagrun for example_task_group_decorator to 2026-03-17 00:00:00+00:00, run_after=2026-03-18 00:00:00+00:00
[2026-03-18T07:51:22.137+0000] {processor.py:183} INFO - Processing /home/airflow/.local/lib/python3.8/site-packages/airflow/example_dags/example_task_group_decorator.py took 0.049 seconds
[2026-03-18T07:51:52.561+0000] {processor.py:161} INFO - Started process (PID=775) to work on /home/airflow/.local/lib/python3.8/site-packages/airflow/example_dags/example_task_group_decorator.py
[2026-03-18T07:51:52.563+0000] {processor.py:830} INFO - Processing file /home/airflow/.local/lib/python3.8/site-packages/airflow/example_dags/example_task_group_decorator.py for tasks to queue
[2026-03-18T07:51:52.563+0000] {logging_mixin.py:188} INFO - [2026-03-18T07:51:52.563+0000] {dagbag.py:538} INFO - Filling up the DagBag from /home/airflow/.local/lib/python3.8/site-packages/airflow/example_dags/example_task_group_decorator.py
[2026-03-18T07:51:52.571+0000] {processor.py:840} INFO - DAG(s) 'example_task_group_decorator' retrieved from /home/airflow/.local/lib/python3.8/site-packages/airflow/example_dags/example_task_group_decorator.py
[2026-03-18T07:51:52.584+0000] {logging_mixin.py:188} INFO - [2026-03-18T07:51:52.584+0000] {dag.py:3036} INFO - Sync 1 DAGs
[2026-03-18T07:51:52.593+0000] {logging_mixin.py:188} INFO - [2026-03-18T07:51:52.593+0000] {dag.py:3823} INFO - Setting next_dagrun for example_task_group_decorator to 2026-03-17 00:00:00+00:00, run_after=2026-03-18 00:00:00+00:00
[2026-03-18T07:51:52.606+0000] {processor.py:183} INFO - Processing /home/airflow/.local/lib/python3.8/site-packages/airflow/example_dags/example_task_group_decorator.py took 0.046 seconds
[2026-03-18T07:52:23.068+0000] {processor.py:161} INFO - Started process (PID=831) to work on /home/airflow/.local/lib/python3.8/site-packages/airflow/example_dags/example_task_group_decorator.py
[2026-03-18T07:52:23.071+0000] {processor.py:830} INFO - Processing file /home/airflow/.local/lib/python3.8/site-packages/airflow/example_dags/example_task_group_decorator.py for tasks to queue
[2026-03-18T07:52:23.072+0000] {logging_mixin.py:188} INFO - [2026-03-18T07:52:23.072+0000] {dagbag.py:538} INFO - Filling up the DagBag from /home/airflow/.local/lib/python3.8/site-packages/airflow/example_dags/example_task_group_decorator.py
[2026-03-18T07:52:23.079+0000] {processor.py:840} INFO - DAG(s) 'example_task_group_decorator' retrieved from /home/airflow/.local/lib/python3.8/site-packages/airflow/example_dags/example_task_group_decorator.py
[2026-03-18T07:52:23.093+0000] {logging_mixin.py:188} INFO - [2026-03-18T07:52:23.093+0000] {dag.py:3036} INFO - Sync 1 DAGs
[2026-03-18T07:52:23.105+0000] {logging_mixin.py:188} INFO - [2026-03-18T07:52:23.104+0000] {dag.py:3823} INFO - Setting next_dagrun for example_task_group_decorator to 2026-03-17 00:00:00+00:00, run_after=2026-03-18 00:00:00+00:00
[2026-03-18T07:52:23.116+0000] {processor.py:183} INFO - Processing /home/airflow/.local/lib/python3.8/site-packages/airflow/example_dags/example_task_group_decorator.py took 0.049 seconds
[2026-03-18T07:52:53.595+0000] {processor.py:161} INFO - Started process (PID=887) to work on /home/airflow/.local/lib/python3.8/site-packages/airflow/example_dags/example_task_group_decorator.py
[2026-03-18T07:52:53.596+0000] {processor.py:830} INFO - Processing file /home/airflow/.local/lib/python3.8/site-packages/airflow/example_dags/example_task_group_decorator.py for tasks to queue
[2026-03-18T07:52:53.597+0000] {logging_mixin.py:188} INFO - [2026-03-18T07:52:53.597+0000] {dagbag.py:538} INFO - Filling up the DagBag from /home/airflow/.local/lib/python3.8/site-packages/airflow/example_dags/example_task_group_decorator.py
[2026-03-18T07:52:53.604+0000] {processor.py:840} INFO - DAG(s) 'example_task_group_decorator' retrieved from /home/airflow/.local/lib/python3.8/site-packages/airflow/example_dags/example_task_group_decorator.py
[2026-03-18T07:52:53.615+0000] {logging_mixin.py:188} INFO - [2026-03-18T07:52:53.615+0000] {dag.py:3036} INFO - Sync 1 DAGs
[2026-03-18T07:52:53.624+0000] {logging_mixin.py:188} INFO - [2026-03-18T07:52:53.624+0000] {dag.py:3823} INFO - Setting next_dagrun for example_task_group_decorator to 2026-03-17 00:00:00+00:00, run_after=2026-03-18 00:00:00+00:00
[2026-03-18T07:52:53.635+0000] {processor.py:183} INFO - Processing /home/airflow/.local/lib/python3.8/site-packages/airflow/example_dags/example_task_group_decorator.py took 0.041 seconds
[2026-03-18T07:53:24.088+0000] {processor.py:161} INFO - Started process (PID=943) to work on /home/airflow/.local/lib/python3.8/site-packages/airflow/example_dags/example_task_group_decorator.py
[2026-03-18T07:53:24.089+0000] {processor.py:830} INFO - Processing file /home/airflow/.local/lib/python3.8/site-packages/airflow/example_dags/example_task_group_decorator.py for tasks to queue
[2026-03-18T07:53:24.090+0000] {logging_mixin.py:188} INFO - [2026-03-18T07:53:24.090+0000] {dagbag.py:538} INFO - Filling up the DagBag from /home/airflow/.local/lib/python3.8/site-packages/airflow/example_dags/example_task_group_decorator.py
[2026-03-18T07:53:24.097+0000] {processor.py:840} INFO - DAG(s) 'example_task_group_decorator' retrieved from /home/airflow/.local/lib/python3.8/site-packages/airflow/example_dags/example_task_group_decorator.py
[2026-03-18T07:53:24.109+0000] {logging_mixin.py:188} INFO - [2026-03-18T07:53:24.109+0000] {dag.py:3036} INFO - Sync 1 DAGs
[2026-03-18T07:53:24.119+0000] {logging_mixin.py:188} INFO - [2026-03-18T07:53:24.119+0000] {dag.py:3823} INFO - Setting next_dagrun for example_task_group_decorator to 2026-03-17 00:00:00+00:00, run_after=2026-03-18 00:00:00+00:00
[2026-03-18T07:53:24.133+0000] {processor.py:183} INFO - Processing /home/airflow/.local/lib/python3.8/site-packages/airflow/example_dags/example_task_group_decorator.py took 0.047 seconds
[2026-03-18T07:53:54.570+0000] {processor.py:161} INFO - Started process (PID=999) to work on /home/airflow/.local/lib/python3.8/site-packages/airflow/example_dags/example_task_group_decorator.py
[2026-03-18T07:53:54.571+0000] {processor.py:830} INFO - Processing file /home/airflow/.local/lib/python3.8/site-packages/airflow/example_dags/example_task_group_decorator.py for tasks to queue
[2026-03-18T07:53:54.574+0000] {logging_mixin.py:188} INFO - [2026-03-18T07:53:54.574+0000] {dagbag.py:538} INFO - Filling up the DagBag from /home/airflow/.local/lib/python3.8/site-packages/airflow/example_dags/example_task_group_decorator.py
[2026-03-18T07:53:54.580+0000] {processor.py:840} INFO - DAG(s) 'example_task_group_decorator' retrieved from /home/airflow/.local/lib/python3.8/site-packages/airflow/example_dags/example_task_group_decorator.py
[2026-03-18T07:53:54.595+0000] {logging_mixin.py:188} INFO - [2026-03-18T07:53:54.595+0000] {dag.py:3036} INFO - Sync 1 DAGs
[2026-03-18T07:53:54.603+0000] {logging_mixin.py:188} INFO - [2026-03-18T07:53:54.603+0000] {dag.py:3823} INFO - Setting next_dagrun for example_task_group_decorator to 2026-03-17 00:00:00+00:00, run_after=2026-03-18 00:00:00+00:00
[2026-03-18T07:53:54.610+0000] {processor.py:183} INFO - Processing /home/airflow/.local/lib/python3.8/site-packages/airflow/example_dags/example_task_group_decorator.py took 0.042 seconds
[2026-03-18T07:54:25.012+0000] {processor.py:161} INFO - Started process (PID=1055) to work on /home/airflow/.local/lib/python3.8/site-packages/airflow/example_dags/example_task_group_decorator.py
[2026-03-18T07:54:25.014+0000] {processor.py:830} INFO - Processing file /home/airflow/.local/lib/python3.8/site-packages/airflow/example_dags/example_task_group_decorator.py for tasks to queue
[2026-03-18T07:54:25.015+0000] {logging_mixin.py:188} INFO - [2026-03-18T07:54:25.015+0000] {dagbag.py:538} INFO - Filling up the DagBag from /home/airflow/.local/lib/python3.8/site-packages/airflow/example_dags/example_task_group_decorator.py
[2026-03-18T07:54:25.022+0000] {processor.py:840} INFO - DAG(s) 'example_task_group_decorator' retrieved from /home/airflow/.local/lib/python3.8/site-packages/airflow/example_dags/example_task_group_decorator.py
[2026-03-18T07:54:25.033+0000] {logging_mixin.py:188} INFO - [2026-03-18T07:54:25.033+0000] {dag.py:3036} INFO - Sync 1 DAGs
[2026-03-18T07:54:25.042+0000] {logging_mixin.py:188} INFO - [2026-03-18T07:54:25.042+0000] {dag.py:3823} INFO - Setting next_dagrun for example_task_group_decorator to 2026-03-17 00:00:00+00:00, run_after=2026-03-18 00:00:00+00:00
[2026-03-18T07:54:25.056+0000] {processor.py:183} INFO - Processing /home/airflow/.local/lib/python3.8/site-packages/airflow/example_dags/example_task_group_decorator.py took 0.046 seconds
[2026-03-18T07:54:55.469+0000] {processor.py:161} INFO - Started process (PID=1111) to work on /home/airflow/.local/lib/python3.8/site-packages/airflow/example_dags/example_task_group_decorator.py
[2026-03-18T07:54:55.471+0000] {processor.py:830} INFO - Processing file /home/airflow/.local/lib/python3.8/site-packages/airflow/example_dags/example_task_group_decorator.py for tasks to queue
[2026-03-18T07:54:55.472+0000] {logging_mixin.py:188} INFO - [2026-03-18T07:54:55.472+0000] {dagbag.py:538} INFO - Filling up the DagBag from /home/airflow/.local/lib/python3.8/site-packages/airflow/example_dags/example_task_group_decorator.py
[2026-03-18T07:54:55.478+0000] {processor.py:840} INFO - DAG(s) 'example_task_group_decorator' retrieved from /home/airflow/.local/lib/python3.8/site-packages/airflow/example_dags/example_task_group_decorator.py
[2026-03-18T07:54:55.492+0000] {logging_mixin.py:188} INFO - [2026-03-18T07:54:55.492+0000] {dag.py:3036} INFO - Sync 1 DAGs
[2026-03-18T07:54:55.500+0000] {logging_mixin.py:188} INFO - [2026-03-18T07:54:55.500+0000] {dag.py:3823} INFO - Setting next_dagrun for example_task_group_decorator to 2026-03-17 00:00:00+00:00, run_after=2026-03-18 00:00:00+00:00
[2026-03-18T07:54:55.509+0000] {processor.py:183} INFO - Processing /home/airflow/.local/lib/python3.8/site-packages/airflow/example_dags/example_task_group_decorator.py took 0.042 seconds
[2026-03-18T07:55:25.959+0000] {processor.py:161} INFO - Started process (PID=1167) to work on /home/airflow/.local/lib/python3.8/site-packages/airflow/example_dags/example_task_group_decorator.py
[2026-03-18T07:55:25.960+0000] {processor.py:830} INFO - Processing file /home/airflow/.local/lib/python3.8/site-packages/airflow/example_dags/example_task_group_decorator.py for tasks to queue
[2026-03-18T07:55:25.961+0000] {logging_mixin.py:188} INFO - [2026-03-18T07:55:25.961+0000] {dagbag.py:538} INFO - Filling up the DagBag from /home/airflow/.local/lib/python3.8/site-packages/airflow/example_dags/example_task_group_decorator.py
[2026-03-18T07:55:25.968+0000] {processor.py:840} INFO - DAG(s) 'example_task_group_decorator' retrieved from /home/airflow/.local/lib/python3.8/site-packages/airflow/example_dags/example_task_group_decorator.py
[2026-03-18T07:55:25.977+0000] {logging_mixin.py:188} INFO - [2026-03-18T07:55:25.977+0000] {dag.py:3036} INFO - Sync 1 DAGs
[2026-03-18T07:55:25.985+0000] {logging_mixin.py:188} INFO - [2026-03-18T07:55:25.985+0000] {dag.py:3823} INFO - Setting next_dagrun for example_task_group_decorator to 2026-03-17 00:00:00+00:00, run_after=2026-03-18 00:00:00+00:00
[2026-03-18T07:55:25.996+0000] {processor.py:183} INFO - Processing /home/airflow/.local/lib/python3.8/site-packages/airflow/example_dags/example_task_group_decorator.py took 0.039 seconds
[2026-03-18T07:55:56.387+0000] {processor.py:161} INFO - Started process (PID=1223) to work on /home/airflow/.local/lib/python3.8/site-packages/airflow/example_dags/example_task_group_decorator.py
[2026-03-18T07:55:56.390+0000] {processor.py:830} INFO - Processing file /home/airflow/.local/lib/python3.8/site-packages/airflow/example_dags/example_task_group_decorator.py for tasks to queue
[2026-03-18T07:55:56.390+0000] {logging_mixin.py:188} INFO - [2026-03-18T07:55:56.390+0000] {dagbag.py:538} INFO - Filling up the DagBag from /home/airflow/.local/lib/python3.8/site-packages/airflow/example_dags/example_task_group_decorator.py
[2026-03-18T07:55:56.396+0000] {processor.py:840} INFO - DAG(s) 'example_task_group_decorator' retrieved from /home/airflow/.local/lib/python3.8/site-packages/airflow/example_dags/example_task_group_decorator.py
[2026-03-18T07:55:56.407+0000] {logging_mixin.py:188} INFO - [2026-03-18T07:55:56.406+0000] {dag.py:3036} INFO - Sync 1 DAGs
[2026-03-18T07:55:56.415+0000] {logging_mixin.py:188} INFO - [2026-03-18T07:55:56.415+0000] {dag.py:3823} INFO - Setting next_dagrun for example_task_group_decorator to 2026-03-17 00:00:00+00:00, run_after=2026-03-18 00:00:00+00:00
[2026-03-18T07:55:56.426+0000] {processor.py:183} INFO - Processing /home/airflow/.local/lib/python3.8/site-packages/airflow/example_dags/example_task_group_decorator.py took 0.041 seconds
[2026-03-18T07:56:26.766+0000] {processor.py:161} INFO - Started process (PID=1279) to work on /home/airflow/.local/lib/python3.8/site-packages/airflow/example_dags/example_task_group_decorator.py
[2026-03-18T07:56:26.769+0000] {processor.py:830} INFO - Processing file /home/airflow/.local/lib/python3.8/site-packages/airflow/example_dags/example_task_group_decorator.py for tasks to queue
[2026-03-18T07:56:26.771+0000] {logging_mixin.py:188} INFO - [2026-03-18T07:56:26.770+0000] {dagbag.py:538} INFO - Filling up the DagBag from /home/airflow/.local/lib/python3.8/site-packages/airflow/example_dags/example_task_group_decorator.py
[2026-03-18T07:56:26.777+0000] {processor.py:840} INFO - DAG(s) 'example_task_group_decorator' retrieved from /home/airflow/.local/lib/python3.8/site-packages/airflow/example_dags/example_task_group_decorator.py
[2026-03-18T07:56:26.792+0000] {logging_mixin.py:188} INFO - [2026-03-18T07:56:26.792+0000] {dag.py:3036} INFO - Sync 1 DAGs
[2026-03-18T07:56:26.801+0000] {logging_mixin.py:188} INFO - [2026-03-18T07:56:26.800+0000] {dag.py:3823} INFO - Setting next_dagrun for example_task_group_decorator to 2026-03-17 00:00:00+00:00, run_after=2026-03-18 00:00:00+00:00
[2026-03-18T07:56:26.812+0000] {processor.py:183} INFO - Processing /home/airflow/.local/lib/python3.8/site-packages/airflow/example_dags/example_task_group_decorator.py took 0.047 seconds
[2026-03-18T07:56:57.234+0000] {processor.py:161} INFO - Started process (PID=1335) to work on /home/airflow/.local/lib/python3.8/site-packages/airflow/example_dags/example_task_group_decorator.py
[2026-03-18T07:56:57.236+0000] {processor.py:830} INFO - Processing file /home/airflow/.local/lib/python3.8/site-packages/airflow/example_dags/example_task_group_decorator.py for tasks to queue
[2026-03-18T07:56:57.238+0000] {logging_mixin.py:188} INFO - [2026-03-18T07:56:57.238+0000] {dagbag.py:538} INFO - Filling up the DagBag from /home/airflow/.local/lib/python3.8/site-packages/airflow/example_dags/example_task_group_decorator.py
[2026-03-18T07:56:57.245+0000] {processor.py:840} INFO - DAG(s) 'example_task_group_decorator' retrieved from /home/airflow/.local/lib/python3.8/site-packages/airflow/example_dags/example_task_group_decorator.py
[2026-03-18T07:56:57.257+0000] {logging_mixin.py:188} INFO - [2026-03-18T07:56:57.257+0000] {dag.py:3036} INFO - Sync 1 DAGs
[2026-03-18T07:56:57.267+0000] {logging_mixin.py:188} INFO - [2026-03-18T07:56:57.267+0000] {dag.py:3823} INFO - Setting next_dagrun for example_task_group_decorator to 2026-03-17 00:00:00+00:00, run_after=2026-03-18 00:00:00+00:00
[2026-03-18T07:56:57.278+0000] {processor.py:183} INFO - Processing /home/airflow/.local/lib/python3.8/site-packages/airflow/example_dags/example_task_group_decorator.py took 0.046 seconds
[2026-03-18T07:57:27.743+0000] {processor.py:161} INFO - Started process (PID=1391) to work on /home/airflow/.local/lib/python3.8/site-packages/airflow/example_dags/example_task_group_decorator.py
[2026-03-18T07:57:27.744+0000] {processor.py:830} INFO - Processing file /home/airflow/.local/lib/python3.8/site-packages/airflow/example_dags/example_task_group_decorator.py for tasks to queue
[2026-03-18T07:57:27.745+0000] {logging_mixin.py:188} INFO - [2026-03-18T07:57:27.745+0000] {dagbag.py:538} INFO - Filling up the DagBag from /home/airflow/.local/lib/python3.8/site-packages/airflow/example_dags/example_task_group_decorator.py
[2026-03-18T07:57:27.751+0000] {processor.py:840} INFO - DAG(s) 'example_task_group_decorator' retrieved from /home/airflow/.local/lib/python3.8/site-packages/airflow/example_dags/example_task_group_decorator.py
[2026-03-18T07:57:27.764+0000] {logging_mixin.py:188} INFO - [2026-03-18T07:57:27.764+0000] {dag.py:3036} INFO - Sync 1 DAGs
[2026-03-18T07:57:27.773+0000] {logging_mixin.py:188} INFO - [2026-03-18T07:57:27.773+0000] {dag.py:3823} INFO - Setting next_dagrun for example_task_group_decorator to 2026-03-17 00:00:00+00:00, run_after=2026-03-18 00:00:00+00:00
[2026-03-18T07:57:27.783+0000] {processor.py:183} INFO - Processing /home/airflow/.local/lib/python3.8/site-packages/airflow/example_dags/example_task_group_decorator.py took 0.041 seconds
[2026-03-18T07:57:58.258+0000] {processor.py:161} INFO - Started process (PID=1447) to work on /home/airflow/.local/lib/python3.8/site-packages/airflow/example_dags/example_task_group_decorator.py
[2026-03-18T07:57:58.259+0000] {processor.py:830} INFO - Processing file /home/airflow/.local/lib/python3.8/site-packages/airflow/example_dags/example_task_group_decorator.py for tasks to queue
[2026-03-18T07:57:58.262+0000] {logging_mixin.py:188} INFO - [2026-03-18T07:57:58.262+0000] {dagbag.py:538} INFO - Filling up the DagBag from /home/airflow/.local/lib/python3.8/site-packages/airflow/example_dags/example_task_group_decorator.py
[2026-03-18T07:57:58.270+0000] {processor.py:840} INFO - DAG(s) 'example_task_group_decorator' retrieved from /home/airflow/.local/lib/python3.8/site-packages/airflow/example_dags/example_task_group_decorator.py
[2026-03-18T07:57:58.283+0000] {logging_mixin.py:188} INFO - [2026-03-18T07:57:58.283+0000] {dag.py:3036} INFO - Sync 1 DAGs
[2026-03-18T07:57:58.291+0000] {logging_mixin.py:188} INFO - [2026-03-18T07:57:58.291+0000] {dag.py:3823} INFO - Setting next_dagrun for example_task_group_decorator to 2026-03-17 00:00:00+00:00, run_after=2026-03-18 00:00:00+00:00
[2026-03-18T07:57:58.297+0000] {processor.py:183} INFO - Processing /home/airflow/.local/lib/python3.8/site-packages/airflow/example_dags/example_task_group_decorator.py took 0.041 seconds
[2026-03-18T07:58:28.724+0000] {processor.py:161} INFO - Started process (PID=1503) to work on /home/airflow/.local/lib/python3.8/site-packages/airflow/example_dags/example_task_group_decorator.py
[2026-03-18T07:58:28.724+0000] {processor.py:830} INFO - Processing file /home/airflow/.local/lib/python3.8/site-packages/airflow/example_dags/example_task_group_decorator.py for tasks to queue
[2026-03-18T07:58:28.726+0000] {logging_mixin.py:188} INFO - [2026-03-18T07:58:28.725+0000] {dagbag.py:538} INFO - Filling up the DagBag from /home/airflow/.local/lib/python3.8/site-packages/airflow/example_dags/example_task_group_decorator.py
[2026-03-18T07:58:28.733+0000] {processor.py:840} INFO - DAG(s) 'example_task_group_decorator' retrieved from /home/airflow/.local/lib/python3.8/site-packages/airflow/example_dags/example_task_group_decorator.py
[2026-03-18T07:58:28.748+0000] {logging_mixin.py:188} INFO - [2026-03-18T07:58:28.747+0000] {dag.py:3036} INFO - Sync 1 DAGs
[2026-03-18T07:58:28.755+0000] {logging_mixin.py:188} INFO - [2026-03-18T07:58:28.755+0000] {dag.py:3823} INFO - Setting next_dagrun for example_task_group_decorator to 2026-03-17 00:00:00+00:00, run_after=2026-03-18 00:00:00+00:00
[2026-03-18T07:58:28.761+0000] {processor.py:183} INFO - Processing /home/airflow/.local/lib/python3.8/site-packages/airflow/example_dags/example_task_group_decorator.py took 0.039 seconds
[2026-03-18T07:58:59.221+0000] {processor.py:161} INFO - Started process (PID=1559) to work on /home/airflow/.local/lib/python3.8/site-packages/airflow/example_dags/example_task_group_decorator.py
[2026-03-18T07:58:59.222+0000] {processor.py:830} INFO - Processing file /home/airflow/.local/lib/python3.8/site-packages/airflow/example_dags/example_task_group_decorator.py for tasks to queue
[2026-03-18T07:58:59.222+0000] {logging_mixin.py:188} INFO - [2026-03-18T07:58:59.222+0000] {dagbag.py:538} INFO - Filling up the DagBag from /home/airflow/.local/lib/python3.8/site-packages/airflow/example_dags/example_task_group_decorator.py
[2026-03-18T07:58:59.228+0000] {processor.py:840} INFO - DAG(s) 'example_task_group_decorator' retrieved from /home/airflow/.local/lib/python3.8/site-packages/airflow/example_dags/example_task_group_decorator.py
[2026-03-18T07:58:59.242+0000] {logging_mixin.py:188} INFO - [2026-03-18T07:58:59.242+0000] {dag.py:3036} INFO - Sync 1 DAGs
[2026-03-18T07:58:59.251+0000] {logging_mixin.py:188} INFO - [2026-03-18T07:58:59.251+0000] {dag.py:3823} INFO - Setting next_dagrun for example_task_group_decorator to 2026-03-17 00:00:00+00:00, run_after=2026-03-18 00:00:00+00:00
[2026-03-18T07:58:59.262+0000] {processor.py:183} INFO - Processing /home/airflow/.local/lib/python3.8/site-packages/airflow/example_dags/example_task_group_decorator.py took 0.042 seconds
[2026-03-18T07:59:29.788+0000] {processor.py:161} INFO - Started process (PID=1615) to work on /home/airflow/.local/lib/python3.8/site-packages/airflow/example_dags/example_task_group_decorator.py
[2026-03-18T07:59:29.789+0000] {processor.py:830} INFO - Processing file /home/airflow/.local/lib/python3.8/site-packages/airflow/example_dags/example_task_group_decorator.py for tasks to queue
[2026-03-18T07:59:29.790+0000] {logging_mixin.py:188} INFO - [2026-03-18T07:59:29.790+0000] {dagbag.py:538} INFO - Filling up the DagBag from /home/airflow/.local/lib/python3.8/site-packages/airflow/example_dags/example_task_group_decorator.py
[2026-03-18T07:59:29.797+0000] {processor.py:840} INFO - DAG(s) 'example_task_group_decorator' retrieved from /home/airflow/.local/lib/python3.8/site-packages/airflow/example_dags/example_task_group_decorator.py
[2026-03-18T07:59:29.808+0000] {logging_mixin.py:188} INFO - [2026-03-18T07:59:29.808+0000] {dag.py:3036} INFO - Sync 1 DAGs
[2026-03-18T07:59:29.817+0000] {logging_mixin.py:188} INFO - [2026-03-18T07:59:29.816+0000] {dag.py:3823} INFO - Setting next_dagrun for example_task_group_decorator to 2026-03-17 00:00:00+00:00, run_after=2026-03-18 00:00:00+00:00
[2026-03-18T07:59:29.827+0000] {processor.py:183} INFO - Processing /home/airflow/.local/lib/python3.8/site-packages/airflow/example_dags/example_task_group_decorator.py took 0.040 seconds
[2026-03-18T08:00:01.253+0000] {processor.py:161} INFO - Started process (PID=51) to work on /home/airflow/.local/lib/python3.8/site-packages/airflow/example_dags/example_task_group_decorator.py
[2026-03-18T08:00:01.254+0000] {processor.py:830} INFO - Processing file /home/airflow/.local/lib/python3.8/site-packages/airflow/example_dags/example_task_group_decorator.py for tasks to queue
[2026-03-18T08:00:01.255+0000] {logging_mixin.py:188} INFO - [2026-03-18T08:00:01.255+0000] {dagbag.py:538} INFO - Filling up the DagBag from /home/airflow/.local/lib/python3.8/site-packages/airflow/example_dags/example_task_group_decorator.py
[2026-03-18T08:00:01.264+0000] {processor.py:840} INFO - DAG(s) 'example_task_group_decorator' retrieved from /home/airflow/.local/lib/python3.8/site-packages/airflow/example_dags/example_task_group_decorator.py
[2026-03-18T08:00:01.270+0000] {logging_mixin.py:188} INFO - [2026-03-18T08:00:01.270+0000] {dag.py:3036} INFO - Sync 1 DAGs
[2026-03-18T08:00:01.280+0000] {logging_mixin.py:188} INFO - [2026-03-18T08:00:01.279+0000] {dag.py:3823} INFO - Setting next_dagrun for example_task_group_decorator to 2026-03-17 00:00:00+00:00, run_after=2026-03-18 00:00:00+00:00
[2026-03-18T08:00:01.288+0000] {processor.py:183} INFO - Processing /home/airflow/.local/lib/python3.8/site-packages/airflow/example_dags/example_task_group_decorator.py took 0.037 seconds
[2026-03-18T08:00:31.541+0000] {processor.py:161} INFO - Started process (PID=106) to work on /home/airflow/.local/lib/python3.8/site-packages/airflow/example_dags/example_task_group_decorator.py
[2026-03-18T08:00:31.541+0000] {processor.py:830} INFO - Processing file /home/airflow/.local/lib/python3.8/site-packages/airflow/example_dags/example_task_group_decorator.py for tasks to queue
[2026-03-18T08:00:31.542+0000] {logging_mixin.py:188} INFO - [2026-03-18T08:00:31.542+0000] {dagbag.py:538} INFO - Filling up the DagBag from /home/airflow/.local/lib/python3.8/site-packages/airflow/example_dags/example_task_group_decorator.py
[2026-03-18T08:00:31.548+0000] {processor.py:840} INFO - DAG(s) 'example_task_group_decorator' retrieved from /home/airflow/.local/lib/python3.8/site-packages/airflow/example_dags/example_task_group_decorator.py
[2026-03-18T08:00:31.584+0000] {logging_mixin.py:188} INFO - [2026-03-18T08:00:31.584+0000] {dag.py:3036} INFO - Sync 1 DAGs
[2026-03-18T08:00:31.591+0000] {logging_mixin.py:188} INFO - [2026-03-18T08:00:31.591+0000] {dag.py:3823} INFO - Setting next_dagrun for example_task_group_decorator to 2026-03-17 00:00:00+00:00, run_after=2026-03-18 00:00:00+00:00
[2026-03-18T08:00:31.597+0000] {processor.py:183} INFO - Processing /home/airflow/.local/lib/python3.8/site-packages/airflow/example_dags/example_task_group_decorator.py took 0.058 seconds
[2026-03-18T08:01:01.740+0000] {processor.py:161} INFO - Started process (PID=162) to work on /home/airflow/.local/lib/python3.8/site-packages/airflow/example_dags/example_task_group_decorator.py
[2026-03-18T08:01:01.741+0000] {processor.py:830} INFO - Processing file /home/airflow/.local/lib/python3.8/site-packages/airflow/example_dags/example_task_group_decorator.py for tasks to queue
[2026-03-18T08:01:01.742+0000] {logging_mixin.py:188} INFO - [2026-03-18T08:01:01.742+0000] {dagbag.py:538} INFO - Filling up the DagBag from /home/airflow/.local/lib/python3.8/site-packages/airflow/example_dags/example_task_group_decorator.py
[2026-03-18T08:01:01.749+0000] {processor.py:840} INFO - DAG(s) 'example_task_group_decorator' retrieved from /home/airflow/.local/lib/python3.8/site-packages/airflow/example_dags/example_task_group_decorator.py
[2026-03-18T08:01:01.759+0000] {logging_mixin.py:188} INFO - [2026-03-18T08:01:01.759+0000] {dag.py:3036} INFO - Sync 1 DAGs
[2026-03-18T08:01:01.769+0000] {logging_mixin.py:188} INFO - [2026-03-18T08:01:01.769+0000] {dag.py:3823} INFO - Setting next_dagrun for example_task_group_decorator to 2026-03-17 00:00:00+00:00, run_after=2026-03-18 00:00:00+00:00
[2026-03-18T08:01:01.780+0000] {processor.py:183} INFO - Processing /home/airflow/.local/lib/python3.8/site-packages/airflow/example_dags/example_task_group_decorator.py took 0.041 seconds
[2026-03-18T08:01:32.300+0000] {processor.py:161} INFO - Started process (PID=218) to work on /home/airflow/.local/lib/python3.8/site-packages/airflow/example_dags/example_task_group_decorator.py
[2026-03-18T08:01:32.301+0000] {processor.py:830} INFO - Processing file /home/airflow/.local/lib/python3.8/site-packages/airflow/example_dags/example_task_group_decorator.py for tasks to queue
[2026-03-18T08:01:32.302+0000] {logging_mixin.py:188} INFO - [2026-03-18T08:01:32.302+0000] {dagbag.py:538} INFO - Filling up the DagBag from /home/airflow/.local/lib/python3.8/site-packages/airflow/example_dags/example_task_group_decorator.py
[2026-03-18T08:01:32.308+0000] {processor.py:840} INFO - DAG(s) 'example_task_group_decorator' retrieved from /home/airflow/.local/lib/python3.8/site-packages/airflow/example_dags/example_task_group_decorator.py
[2026-03-18T08:01:32.319+0000] {logging_mixin.py:188} INFO - [2026-03-18T08:01:32.319+0000] {dag.py:3036} INFO - Sync 1 DAGs
[2026-03-18T08:01:32.327+0000] {logging_mixin.py:188} INFO - [2026-03-18T08:01:32.327+0000] {dag.py:3823} INFO - Setting next_dagrun for example_task_group_decorator to 2026-03-17 00:00:00+00:00, run_after=2026-03-18 00:00:00+00:00
[2026-03-18T08:01:32.338+0000] {processor.py:183} INFO - Processing /home/airflow/.local/lib/python3.8/site-packages/airflow/example_dags/example_task_group_decorator.py took 0.039 seconds
[2026-03-18T08:02:02.803+0000] {processor.py:161} INFO - Started process (PID=273) to work on /home/airflow/.local/lib/python3.8/site-packages/airflow/example_dags/example_task_group_decorator.py
[2026-03-18T08:02:02.805+0000] {processor.py:830} INFO - Processing file /home/airflow/.local/lib/python3.8/site-packages/airflow/example_dags/example_task_group_decorator.py for tasks to queue
[2026-03-18T08:02:02.805+0000] {logging_mixin.py:188} INFO - [2026-03-18T08:02:02.805+0000] {dagbag.py:538} INFO - Filling up the DagBag from /home/airflow/.local/lib/python3.8/site-packages/airflow/example_dags/example_task_group_decorator.py
[2026-03-18T08:02:02.811+0000] {processor.py:840} INFO - DAG(s) 'example_task_group_decorator' retrieved from /home/airflow/.local/lib/python3.8/site-packages/airflow/example_dags/example_task_group_decorator.py
[2026-03-18T08:02:02.819+0000] {logging_mixin.py:188} INFO - [2026-03-18T08:02:02.819+0000] {dag.py:3036} INFO - Sync 1 DAGs
[2026-03-18T08:02:02.826+0000] {logging_mixin.py:188} INFO - [2026-03-18T08:02:02.826+0000] {dag.py:3823} INFO - Setting next_dagrun for example_task_group_decorator to 2026-03-17 00:00:00+00:00, run_after=2026-03-18 00:00:00+00:00
[2026-03-18T08:02:02.832+0000] {processor.py:183} INFO - Processing /home/airflow/.local/lib/python3.8/site-packages/airflow/example_dags/example_task_group_decorator.py took 0.030 seconds
[2026-03-18T08:02:33.400+0000] {processor.py:161} INFO - Started process (PID=329) to work on /home/airflow/.local/lib/python3.8/site-packages/airflow/example_dags/example_task_group_decorator.py
[2026-03-18T08:02:33.401+0000] {processor.py:830} INFO - Processing file /home/airflow/.local/lib/python3.8/site-packages/airflow/example_dags/example_task_group_decorator.py for tasks to queue
[2026-03-18T08:02:33.402+0000] {logging_mixin.py:188} INFO - [2026-03-18T08:02:33.402+0000] {dagbag.py:538} INFO - Filling up the DagBag from /home/airflow/.local/lib/python3.8/site-packages/airflow/example_dags/example_task_group_decorator.py
[2026-03-18T08:02:33.411+0000] {processor.py:840} INFO - DAG(s) 'example_task_group_decorator' retrieved from /home/airflow/.local/lib/python3.8/site-packages/airflow/example_dags/example_task_group_decorator.py
[2026-03-18T08:02:33.423+0000] {logging_mixin.py:188} INFO - [2026-03-18T08:02:33.423+0000] {dag.py:3036} INFO - Sync 1 DAGs
[2026-03-18T08:02:33.433+0000] {logging_mixin.py:188} INFO - [2026-03-18T08:02:33.433+0000] {dag.py:3823} INFO - Setting next_dagrun for example_task_group_decorator to 2026-03-17 00:00:00+00:00, run_after=2026-03-18 00:00:00+00:00
[2026-03-18T08:02:33.443+0000] {processor.py:183} INFO - Processing /home/airflow/.local/lib/python3.8/site-packages/airflow/example_dags/example_task_group_decorator.py took 0.045 seconds
[2026-03-18T08:03:03.972+0000] {processor.py:161} INFO - Started process (PID=385) to work on /home/airflow/.local/lib/python3.8/site-packages/airflow/example_dags/example_task_group_decorator.py
[2026-03-18T08:03:03.973+0000] {processor.py:830} INFO - Processing file /home/airflow/.local/lib/python3.8/site-packages/airflow/example_dags/example_task_group_decorator.py for tasks to queue
[2026-03-18T08:03:03.974+0000] {logging_mixin.py:188} INFO - [2026-03-18T08:03:03.973+0000] {dagbag.py:538} INFO - Filling up the DagBag from /home/airflow/.local/lib/python3.8/site-packages/airflow/example_dags/example_task_group_decorator.py
[2026-03-18T08:03:03.982+0000] {processor.py:840} INFO - DAG(s) 'example_task_group_decorator' retrieved from /home/airflow/.local/lib/python3.8/site-packages/airflow/example_dags/example_task_group_decorator.py
[2026-03-18T08:03:03.994+0000] {logging_mixin.py:188} INFO - [2026-03-18T08:03:03.994+0000] {dag.py:3036} INFO - Sync 1 DAGs
[2026-03-18T08:03:04.005+0000] {logging_mixin.py:188} INFO - [2026-03-18T08:03:04.005+0000] {dag.py:3823} INFO - Setting next_dagrun for example_task_group_decorator to 2026-03-17 00:00:00+00:00, run_after=2026-03-18 00:00:00+00:00
[2026-03-18T08:03:04.021+0000] {processor.py:183} INFO - Processing /home/airflow/.local/lib/python3.8/site-packages/airflow/example_dags/example_task_group_decorator.py took 0.051 seconds
[2026-03-18T08:03:34.597+0000] {processor.py:161} INFO - Started process (PID=441) to work on /home/airflow/.local/lib/python3.8/site-packages/airflow/example_dags/example_task_group_decorator.py
[2026-03-18T08:03:34.598+0000] {processor.py:830} INFO - Processing file /home/airflow/.local/lib/python3.8/site-packages/airflow/example_dags/example_task_group_decorator.py for tasks to queue
[2026-03-18T08:03:34.600+0000] {logging_mixin.py:188} INFO - [2026-03-18T08:03:34.599+0000] {dagbag.py:538} INFO - Filling up the DagBag from /home/airflow/.local/lib/python3.8/site-packages/airflow/example_dags/example_task_group_decorator.py
[2026-03-18T08:03:34.606+0000] {processor.py:840} INFO - DAG(s) 'example_task_group_decorator' retrieved from /home/airflow/.local/lib/python3.8/site-packages/airflow/example_dags/example_task_group_decorator.py
[2026-03-18T08:03:34.617+0000] {logging_mixin.py:188} INFO - [2026-03-18T08:03:34.617+0000] {dag.py:3036} INFO - Sync 1 DAGs
[2026-03-18T08:03:34.629+0000] {logging_mixin.py:188} INFO - [2026-03-18T08:03:34.629+0000] {dag.py:3823} INFO - Setting next_dagrun for example_task_group_decorator to 2026-03-17 00:00:00+00:00, run_after=2026-03-18 00:00:00+00:00
[2026-03-18T08:03:34.644+0000] {processor.py:183} INFO - Processing /home/airflow/.local/lib/python3.8/site-packages/airflow/example_dags/example_task_group_decorator.py took 0.049 seconds
[2026-03-18T08:04:05.146+0000] {processor.py:161} INFO - Started process (PID=497) to work on /home/airflow/.local/lib/python3.8/site-packages/airflow/example_dags/example_task_group_decorator.py
[2026-03-18T08:04:05.147+0000] {processor.py:830} INFO - Processing file /home/airflow/.local/lib/python3.8/site-packages/airflow/example_dags/example_task_group_decorator.py for tasks to queue
[2026-03-18T08:04:05.148+0000] {logging_mixin.py:188} INFO - [2026-03-18T08:04:05.148+0000] {dagbag.py:538} INFO - Filling up the DagBag from /home/airflow/.local/lib/python3.8/site-packages/airflow/example_dags/example_task_group_decorator.py
[2026-03-18T08:04:05.156+0000] {processor.py:840} INFO - DAG(s) 'example_task_group_decorator' retrieved from /home/airflow/.local/lib/python3.8/site-packages/airflow/example_dags/example_task_group_decorator.py
[2026-03-18T08:04:05.167+0000] {logging_mixin.py:188} INFO - [2026-03-18T08:04:05.166+0000] {dag.py:3036} INFO - Sync 1 DAGs
[2026-03-18T08:04:05.179+0000] {logging_mixin.py:188} INFO - [2026-03-18T08:04:05.178+0000] {dag.py:3823} INFO - Setting next_dagrun for example_task_group_decorator to 2026-03-17 00:00:00+00:00, run_after=2026-03-18 00:00:00+00:00
[2026-03-18T08:04:05.197+0000] {processor.py:183} INFO - Processing /home/airflow/.local/lib/python3.8/site-packages/airflow/example_dags/example_task_group_decorator.py took 0.053 seconds
[2026-03-18T08:04:29.015+0000] {processor.py:161} INFO - Started process (PID=51) to work on /home/airflow/.local/lib/python3.8/site-packages/airflow/example_dags/example_task_group_decorator.py
[2026-03-18T08:04:29.016+0000] {processor.py:830} INFO - Processing file /home/airflow/.local/lib/python3.8/site-packages/airflow/example_dags/example_task_group_decorator.py for tasks to queue
[2026-03-18T08:04:29.016+0000] {logging_mixin.py:188} INFO - [2026-03-18T08:04:29.016+0000] {dagbag.py:538} INFO - Filling up the DagBag from /home/airflow/.local/lib/python3.8/site-packages/airflow/example_dags/example_task_group_decorator.py
[2026-03-18T08:04:29.025+0000] {processor.py:840} INFO - DAG(s) 'example_task_group_decorator' retrieved from /home/airflow/.local/lib/python3.8/site-packages/airflow/example_dags/example_task_group_decorator.py
[2026-03-18T08:04:29.031+0000] {logging_mixin.py:188} INFO - [2026-03-18T08:04:29.031+0000] {dag.py:3036} INFO - Sync 1 DAGs
[2026-03-18T08:04:29.045+0000] {logging_mixin.py:188} INFO - [2026-03-18T08:04:29.045+0000] {dag.py:3823} INFO - Setting next_dagrun for example_task_group_decorator to 2026-03-17 00:00:00+00:00, run_after=2026-03-18 00:00:00+00:00
[2026-03-18T08:04:29.062+0000] {processor.py:183} INFO - Processing /home/airflow/.local/lib/python3.8/site-packages/airflow/example_dags/example_task_group_decorator.py took 0.049 seconds
[2026-03-18T08:04:59.319+0000] {processor.py:161} INFO - Started process (PID=107) to work on /home/airflow/.local/lib/python3.8/site-packages/airflow/example_dags/example_task_group_decorator.py
[2026-03-18T08:04:59.320+0000] {processor.py:830} INFO - Processing file /home/airflow/.local/lib/python3.8/site-packages/airflow/example_dags/example_task_group_decorator.py for tasks to queue
[2026-03-18T08:04:59.321+0000] {logging_mixin.py:188} INFO - [2026-03-18T08:04:59.321+0000] {dagbag.py:538} INFO - Filling up the DagBag from /home/airflow/.local/lib/python3.8/site-packages/airflow/example_dags/example_task_group_decorator.py
[2026-03-18T08:04:59.327+0000] {processor.py:840} INFO - DAG(s) 'example_task_group_decorator' retrieved from /home/airflow/.local/lib/python3.8/site-packages/airflow/example_dags/example_task_group_decorator.py
[2026-03-18T08:04:59.370+0000] {logging_mixin.py:188} INFO - [2026-03-18T08:04:59.370+0000] {dag.py:3036} INFO - Sync 1 DAGs
[2026-03-18T08:04:59.377+0000] {logging_mixin.py:188} INFO - [2026-03-18T08:04:59.377+0000] {dag.py:3823} INFO - Setting next_dagrun for example_task_group_decorator to 2026-03-17 00:00:00+00:00, run_after=2026-03-18 00:00:00+00:00
[2026-03-18T08:04:59.384+0000] {processor.py:183} INFO - Processing /home/airflow/.local/lib/python3.8/site-packages/airflow/example_dags/example_task_group_decorator.py took 0.067 seconds
[2026-03-18T08:05:29.540+0000] {processor.py:161} INFO - Started process (PID=162) to work on /home/airflow/.local/lib/python3.8/site-packages/airflow/example_dags/example_task_group_decorator.py
[2026-03-18T08:05:29.541+0000] {processor.py:830} INFO - Processing file /home/airflow/.local/lib/python3.8/site-packages/airflow/example_dags/example_task_group_decorator.py for tasks to queue
[2026-03-18T08:05:29.542+0000] {logging_mixin.py:188} INFO - [2026-03-18T08:05:29.542+0000] {dagbag.py:538} INFO - Filling up the DagBag from /home/airflow/.local/lib/python3.8/site-packages/airflow/example_dags/example_task_group_decorator.py
[2026-03-18T08:05:29.549+0000] {processor.py:840} INFO - DAG(s) 'example_task_group_decorator' retrieved from /home/airflow/.local/lib/python3.8/site-packages/airflow/example_dags/example_task_group_decorator.py
[2026-03-18T08:05:29.563+0000] {logging_mixin.py:188} INFO - [2026-03-18T08:05:29.563+0000] {dag.py:3036} INFO - Sync 1 DAGs
[2026-03-18T08:05:29.571+0000] {logging_mixin.py:188} INFO - [2026-03-18T08:05:29.570+0000] {dag.py:3823} INFO - Setting next_dagrun for example_task_group_decorator to 2026-03-17 00:00:00+00:00, run_after=2026-03-18 00:00:00+00:00
[2026-03-18T08:05:29.585+0000] {processor.py:183} INFO - Processing /home/airflow/.local/lib/python3.8/site-packages/airflow/example_dags/example_task_group_decorator.py took 0.046 seconds
[2026-03-18T08:06:13.709+0000] {processor.py:161} INFO - Started process (PID=97) to work on /home/airflow/.local/lib/python3.8/site-packages/airflow/example_dags/example_task_group_decorator.py
[2026-03-18T08:06:13.711+0000] {processor.py:830} INFO - Processing file /home/airflow/.local/lib/python3.8/site-packages/airflow/example_dags/example_task_group_decorator.py for tasks to queue
[2026-03-18T08:06:13.712+0000] {logging_mixin.py:188} INFO - [2026-03-18T08:06:13.712+0000] {dagbag.py:538} INFO - Filling up the DagBag from /home/airflow/.local/lib/python3.8/site-packages/airflow/example_dags/example_task_group_decorator.py
[2026-03-18T08:06:13.725+0000] {processor.py:840} INFO - DAG(s) 'example_task_group_decorator' retrieved from /home/airflow/.local/lib/python3.8/site-packages/airflow/example_dags/example_task_group_decorator.py
[2026-03-18T08:06:13.781+0000] {logging_mixin.py:188} INFO - [2026-03-18T08:06:13.781+0000] {dag.py:3036} INFO - Sync 1 DAGs
[2026-03-18T08:06:13.795+0000] {logging_mixin.py:188} INFO - [2026-03-18T08:06:13.794+0000] {dag.py:3823} INFO - Setting next_dagrun for example_task_group_decorator to 2026-03-17 00:00:00+00:00, run_after=2026-03-18 00:00:00+00:00
[2026-03-18T08:06:13.804+0000] {processor.py:183} INFO - Processing /home/airflow/.local/lib/python3.8/site-packages/airflow/example_dags/example_task_group_decorator.py took 0.098 seconds
[2026-03-18T08:06:43.908+0000] {processor.py:161} INFO - Started process (PID=153) to work on /home/airflow/.local/lib/python3.8/site-packages/airflow/example_dags/example_task_group_decorator.py
[2026-03-18T08:06:43.909+0000] {processor.py:830} INFO - Processing file /home/airflow/.local/lib/python3.8/site-packages/airflow/example_dags/example_task_group_decorator.py for tasks to queue
[2026-03-18T08:06:43.911+0000] {logging_mixin.py:188} INFO - [2026-03-18T08:06:43.910+0000] {dagbag.py:538} INFO - Filling up the DagBag from /home/airflow/.local/lib/python3.8/site-packages/airflow/example_dags/example_task_group_decorator.py
[2026-03-18T08:06:43.920+0000] {processor.py:840} INFO - DAG(s) 'example_task_group_decorator' retrieved from /home/airflow/.local/lib/python3.8/site-packages/airflow/example_dags/example_task_group_decorator.py
[2026-03-18T08:06:43.932+0000] {logging_mixin.py:188} INFO - [2026-03-18T08:06:43.932+0000] {dag.py:3036} INFO - Sync 1 DAGs
[2026-03-18T08:06:43.949+0000] {logging_mixin.py:188} INFO - [2026-03-18T08:06:43.949+0000] {dag.py:3823} INFO - Setting next_dagrun for example_task_group_decorator to 2026-03-17 00:00:00+00:00, run_after=2026-03-18 00:00:00+00:00
[2026-03-18T08:06:43.960+0000] {processor.py:183} INFO - Processing /home/airflow/.local/lib/python3.8/site-packages/airflow/example_dags/example_task_group_decorator.py took 0.054 seconds
[2026-03-18T08:07:14.600+0000] {processor.py:161} INFO - Started process (PID=209) to work on /home/airflow/.local/lib/python3.8/site-packages/airflow/example_dags/example_task_group_decorator.py
[2026-03-18T08:07:14.602+0000] {processor.py:830} INFO - Processing file /home/airflow/.local/lib/python3.8/site-packages/airflow/example_dags/example_task_group_decorator.py for tasks to queue
[2026-03-18T08:07:14.603+0000] {logging_mixin.py:188} INFO - [2026-03-18T08:07:14.603+0000] {dagbag.py:538} INFO - Filling up the DagBag from /home/airflow/.local/lib/python3.8/site-packages/airflow/example_dags/example_task_group_decorator.py
[2026-03-18T08:07:14.612+0000] {processor.py:840} INFO - DAG(s) 'example_task_group_decorator' retrieved from /home/airflow/.local/lib/python3.8/site-packages/airflow/example_dags/example_task_group_decorator.py
[2026-03-18T08:07:14.624+0000] {logging_mixin.py:188} INFO - [2026-03-18T08:07:14.624+0000] {dag.py:3036} INFO - Sync 1 DAGs
[2026-03-18T08:07:14.636+0000] {logging_mixin.py:188} INFO - [2026-03-18T08:07:14.636+0000] {dag.py:3823} INFO - Setting next_dagrun for example_task_group_decorator to 2026-03-17 00:00:00+00:00, run_after=2026-03-18 00:00:00+00:00
[2026-03-18T08:07:14.645+0000] {processor.py:183} INFO - Processing /home/airflow/.local/lib/python3.8/site-packages/airflow/example_dags/example_task_group_decorator.py took 0.046 seconds
[2026-03-18T08:07:45.129+0000] {processor.py:161} INFO - Started process (PID=265) to work on /home/airflow/.local/lib/python3.8/site-packages/airflow/example_dags/example_task_group_decorator.py
[2026-03-18T08:07:45.131+0000] {processor.py:830} INFO - Processing file /home/airflow/.local/lib/python3.8/site-packages/airflow/example_dags/example_task_group_decorator.py for tasks to queue
[2026-03-18T08:07:45.132+0000] {logging_mixin.py:188} INFO - [2026-03-18T08:07:45.132+0000] {dagbag.py:538} INFO - Filling up the DagBag from /home/airflow/.local/lib/python3.8/site-packages/airflow/example_dags/example_task_group_decorator.py
[2026-03-18T08:07:45.139+0000] {processor.py:840} INFO - DAG(s) 'example_task_group_decorator' retrieved from /home/airflow/.local/lib/python3.8/site-packages/airflow/example_dags/example_task_group_decorator.py
[2026-03-18T08:07:45.150+0000] {logging_mixin.py:188} INFO - [2026-03-18T08:07:45.150+0000] {dag.py:3036} INFO - Sync 1 DAGs
[2026-03-18T08:07:45.161+0000] {logging_mixin.py:188} INFO - [2026-03-18T08:07:45.160+0000] {dag.py:3823} INFO - Setting next_dagrun for example_task_group_decorator to 2026-03-17 00:00:00+00:00, run_after=2026-03-18 00:00:00+00:00
[2026-03-18T08:07:45.173+0000] {processor.py:183} INFO - Processing /home/airflow/.local/lib/python3.8/site-packages/airflow/example_dags/example_task_group_decorator.py took 0.045 seconds
[2026-03-18T08:08:15.620+0000] {processor.py:161} INFO - Started process (PID=321) to work on /home/airflow/.local/lib/python3.8/site-packages/airflow/example_dags/example_task_group_decorator.py
[2026-03-18T08:08:15.621+0000] {processor.py:830} INFO - Processing file /home/airflow/.local/lib/python3.8/site-packages/airflow/example_dags/example_task_group_decorator.py for tasks to queue
[2026-03-18T08:08:15.621+0000] {logging_mixin.py:188} INFO - [2026-03-18T08:08:15.621+0000] {dagbag.py:538} INFO - Filling up the DagBag from /home/airflow/.local/lib/python3.8/site-packages/airflow/example_dags/example_task_group_decorator.py
[2026-03-18T08:08:15.627+0000] {processor.py:840} INFO - DAG(s) 'example_task_group_decorator' retrieved from /home/airflow/.local/lib/python3.8/site-packages/airflow/example_dags/example_task_group_decorator.py
[2026-03-18T08:08:15.640+0000] {logging_mixin.py:188} INFO - [2026-03-18T08:08:15.640+0000] {dag.py:3036} INFO - Sync 1 DAGs
[2026-03-18T08:08:15.651+0000] {logging_mixin.py:188} INFO - [2026-03-18T08:08:15.651+0000] {dag.py:3823} INFO - Setting next_dagrun for example_task_group_decorator to 2026-03-17 00:00:00+00:00, run_after=2026-03-18 00:00:00+00:00
[2026-03-18T08:08:15.665+0000] {processor.py:183} INFO - Processing /home/airflow/.local/lib/python3.8/site-packages/airflow/example_dags/example_task_group_decorator.py took 0.047 seconds
[2026-03-18T08:08:46.191+0000] {processor.py:161} INFO - Started process (PID=383) to work on /home/airflow/.local/lib/python3.8/site-packages/airflow/example_dags/example_task_group_decorator.py
[2026-03-18T08:08:46.192+0000] {processor.py:830} INFO - Processing file /home/airflow/.local/lib/python3.8/site-packages/airflow/example_dags/example_task_group_decorator.py for tasks to queue
[2026-03-18T08:08:46.195+0000] {logging_mixin.py:188} INFO - [2026-03-18T08:08:46.195+0000] {dagbag.py:538} INFO - Filling up the DagBag from /home/airflow/.local/lib/python3.8/site-packages/airflow/example_dags/example_task_group_decorator.py
[2026-03-18T08:08:46.200+0000] {processor.py:840} INFO - DAG(s) 'example_task_group_decorator' retrieved from /home/airflow/.local/lib/python3.8/site-packages/airflow/example_dags/example_task_group_decorator.py
[2026-03-18T08:08:46.214+0000] {logging_mixin.py:188} INFO - [2026-03-18T08:08:46.214+0000] {dag.py:3036} INFO - Sync 1 DAGs
[2026-03-18T08:08:46.222+0000] {logging_mixin.py:188} INFO - [2026-03-18T08:08:46.222+0000] {dag.py:3823} INFO - Setting next_dagrun for example_task_group_decorator to 2026-03-17 00:00:00+00:00, run_after=2026-03-18 00:00:00+00:00
[2026-03-18T08:08:46.233+0000] {processor.py:183} INFO - Processing /home/airflow/.local/lib/python3.8/site-packages/airflow/example_dags/example_task_group_decorator.py took 0.044 seconds
[2026-03-18T08:09:16.689+0000] {processor.py:161} INFO - Started process (PID=439) to work on /home/airflow/.local/lib/python3.8/site-packages/airflow/example_dags/example_task_group_decorator.py
[2026-03-18T08:09:16.690+0000] {processor.py:830} INFO - Processing file /home/airflow/.local/lib/python3.8/site-packages/airflow/example_dags/example_task_group_decorator.py for tasks to queue
[2026-03-18T08:09:16.692+0000] {logging_mixin.py:188} INFO - [2026-03-18T08:09:16.691+0000] {dagbag.py:538} INFO - Filling up the DagBag from /home/airflow/.local/lib/python3.8/site-packages/airflow/example_dags/example_task_group_decorator.py
[2026-03-18T08:09:16.699+0000] {processor.py:840} INFO - DAG(s) 'example_task_group_decorator' retrieved from /home/airflow/.local/lib/python3.8/site-packages/airflow/example_dags/example_task_group_decorator.py
[2026-03-18T08:09:16.711+0000] {logging_mixin.py:188} INFO - [2026-03-18T08:09:16.711+0000] {dag.py:3036} INFO - Sync 1 DAGs
[2026-03-18T08:09:16.724+0000] {logging_mixin.py:188} INFO - [2026-03-18T08:09:16.724+0000] {dag.py:3823} INFO - Setting next_dagrun for example_task_group_decorator to 2026-03-17 00:00:00+00:00, run_after=2026-03-18 00:00:00+00:00
[2026-03-18T08:09:16.739+0000] {processor.py:183} INFO - Processing /home/airflow/.local/lib/python3.8/site-packages/airflow/example_dags/example_task_group_decorator.py took 0.052 seconds
[2026-03-18T08:09:47.244+0000] {processor.py:161} INFO - Started process (PID=495) to work on /home/airflow/.local/lib/python3.8/site-packages/airflow/example_dags/example_task_group_decorator.py
[2026-03-18T08:09:47.245+0000] {processor.py:830} INFO - Processing file /home/airflow/.local/lib/python3.8/site-packages/airflow/example_dags/example_task_group_decorator.py for tasks to queue
[2026-03-18T08:09:47.246+0000] {logging_mixin.py:188} INFO - [2026-03-18T08:09:47.245+0000] {dagbag.py:538} INFO - Filling up the DagBag from /home/airflow/.local/lib/python3.8/site-packages/airflow/example_dags/example_task_group_decorator.py
[2026-03-18T08:09:47.252+0000] {processor.py:840} INFO - DAG(s) 'example_task_group_decorator' retrieved from /home/airflow/.local/lib/python3.8/site-packages/airflow/example_dags/example_task_group_decorator.py
[2026-03-18T08:09:47.264+0000] {logging_mixin.py:188} INFO - [2026-03-18T08:09:47.264+0000] {dag.py:3036} INFO - Sync 1 DAGs
[2026-03-18T08:09:47.275+0000] {logging_mixin.py:188} INFO - [2026-03-18T08:09:47.275+0000] {dag.py:3823} INFO - Setting next_dagrun for example_task_group_decorator to 2026-03-17 00:00:00+00:00, run_after=2026-03-18 00:00:00+00:00
[2026-03-18T08:09:47.288+0000] {processor.py:183} INFO - Processing /home/airflow/.local/lib/python3.8/site-packages/airflow/example_dags/example_task_group_decorator.py took 0.045 seconds
[2026-03-18T08:10:17.735+0000] {processor.py:161} INFO - Started process (PID=551) to work on /home/airflow/.local/lib/python3.8/site-packages/airflow/example_dags/example_task_group_decorator.py
[2026-03-18T08:10:17.736+0000] {processor.py:830} INFO - Processing file /home/airflow/.local/lib/python3.8/site-packages/airflow/example_dags/example_task_group_decorator.py for tasks to queue
[2026-03-18T08:10:17.737+0000] {logging_mixin.py:188} INFO - [2026-03-18T08:10:17.737+0000] {dagbag.py:538} INFO - Filling up the DagBag from /home/airflow/.local/lib/python3.8/site-packages/airflow/example_dags/example_task_group_decorator.py
[2026-03-18T08:10:17.744+0000] {processor.py:840} INFO - DAG(s) 'example_task_group_decorator' retrieved from /home/airflow/.local/lib/python3.8/site-packages/airflow/example_dags/example_task_group_decorator.py
[2026-03-18T08:10:17.756+0000] {logging_mixin.py:188} INFO - [2026-03-18T08:10:17.756+0000] {dag.py:3036} INFO - Sync 1 DAGs
[2026-03-18T08:10:17.767+0000] {logging_mixin.py:188} INFO - [2026-03-18T08:10:17.767+0000] {dag.py:3823} INFO - Setting next_dagrun for example_task_group_decorator to 2026-03-17 00:00:00+00:00, run_after=2026-03-18 00:00:00+00:00
[2026-03-18T08:10:17.781+0000] {processor.py:183} INFO - Processing /home/airflow/.local/lib/python3.8/site-packages/airflow/example_dags/example_task_group_decorator.py took 0.048 seconds
[2026-03-18T08:10:48.328+0000] {processor.py:161} INFO - Started process (PID=607) to work on /home/airflow/.local/lib/python3.8/site-packages/airflow/example_dags/example_task_group_decorator.py
[2026-03-18T08:10:48.330+0000] {processor.py:830} INFO - Processing file /home/airflow/.local/lib/python3.8/site-packages/airflow/example_dags/example_task_group_decorator.py for tasks to queue
[2026-03-18T08:10:48.331+0000] {logging_mixin.py:188} INFO - [2026-03-18T08:10:48.331+0000] {dagbag.py:538} INFO - Filling up the DagBag from /home/airflow/.local/lib/python3.8/site-packages/airflow/example_dags/example_task_group_decorator.py
[2026-03-18T08:10:48.338+0000] {processor.py:840} INFO - DAG(s) 'example_task_group_decorator' retrieved from /home/airflow/.local/lib/python3.8/site-packages/airflow/example_dags/example_task_group_decorator.py
[2026-03-18T08:10:48.349+0000] {logging_mixin.py:188} INFO - [2026-03-18T08:10:48.349+0000] {dag.py:3036} INFO - Sync 1 DAGs
[2026-03-18T08:10:48.359+0000] {logging_mixin.py:188} INFO - [2026-03-18T08:10:48.359+0000] {dag.py:3823} INFO - Setting next_dagrun for example_task_group_decorator to 2026-03-17 00:00:00+00:00, run_after=2026-03-18 00:00:00+00:00
[2026-03-18T08:10:48.369+0000] {processor.py:183} INFO - Processing /home/airflow/.local/lib/python3.8/site-packages/airflow/example_dags/example_task_group_decorator.py took 0.042 seconds
[2026-03-18T08:11:18.780+0000] {processor.py:161} INFO - Started process (PID=663) to work on /home/airflow/.local/lib/python3.8/site-packages/airflow/example_dags/example_task_group_decorator.py
[2026-03-18T08:11:18.782+0000] {processor.py:830} INFO - Processing file /home/airflow/.local/lib/python3.8/site-packages/airflow/example_dags/example_task_group_decorator.py for tasks to queue
[2026-03-18T08:11:18.783+0000] {logging_mixin.py:188} INFO - [2026-03-18T08:11:18.783+0000] {dagbag.py:538} INFO - Filling up the DagBag from /home/airflow/.local/lib/python3.8/site-packages/airflow/example_dags/example_task_group_decorator.py
[2026-03-18T08:11:18.790+0000] {processor.py:840} INFO - DAG(s) 'example_task_group_decorator' retrieved from /home/airflow/.local/lib/python3.8/site-packages/airflow/example_dags/example_task_group_decorator.py
[2026-03-18T08:11:18.802+0000] {logging_mixin.py:188} INFO - [2026-03-18T08:11:18.802+0000] {dag.py:3036} INFO - Sync 1 DAGs
[2026-03-18T08:11:18.818+0000] {logging_mixin.py:188} INFO - [2026-03-18T08:11:18.818+0000] {dag.py:3823} INFO - Setting next_dagrun for example_task_group_decorator to 2026-03-17 00:00:00+00:00, run_after=2026-03-18 00:00:00+00:00
[2026-03-18T08:11:18.836+0000] {processor.py:183} INFO - Processing /home/airflow/.local/lib/python3.8/site-packages/airflow/example_dags/example_task_group_decorator.py took 0.056 seconds
[2026-03-18T08:11:49.334+0000] {processor.py:161} INFO - Started process (PID=719) to work on /home/airflow/.local/lib/python3.8/site-packages/airflow/example_dags/example_task_group_decorator.py
[2026-03-18T08:11:49.335+0000] {processor.py:830} INFO - Processing file /home/airflow/.local/lib/python3.8/site-packages/airflow/example_dags/example_task_group_decorator.py for tasks to queue
[2026-03-18T08:11:49.336+0000] {logging_mixin.py:188} INFO - [2026-03-18T08:11:49.335+0000] {dagbag.py:538} INFO - Filling up the DagBag from /home/airflow/.local/lib/python3.8/site-packages/airflow/example_dags/example_task_group_decorator.py
[2026-03-18T08:11:49.342+0000] {processor.py:840} INFO - DAG(s) 'example_task_group_decorator' retrieved from /home/airflow/.local/lib/python3.8/site-packages/airflow/example_dags/example_task_group_decorator.py
[2026-03-18T08:11:49.353+0000] {logging_mixin.py:188} INFO - [2026-03-18T08:11:49.353+0000] {dag.py:3036} INFO - Sync 1 DAGs
[2026-03-18T08:11:49.364+0000] {logging_mixin.py:188} INFO - [2026-03-18T08:11:49.364+0000] {dag.py:3823} INFO - Setting next_dagrun for example_task_group_decorator to 2026-03-17 00:00:00+00:00, run_after=2026-03-18 00:00:00+00:00
[2026-03-18T08:11:49.371+0000] {processor.py:183} INFO - Processing /home/airflow/.local/lib/python3.8/site-packages/airflow/example_dags/example_task_group_decorator.py took 0.039 seconds
[2026-03-18T08:12:19.890+0000] {processor.py:161} INFO - Started process (PID=775) to work on /home/airflow/.local/lib/python3.8/site-packages/airflow/example_dags/example_task_group_decorator.py
[2026-03-18T08:12:19.892+0000] {processor.py:830} INFO - Processing file /home/airflow/.local/lib/python3.8/site-packages/airflow/example_dags/example_task_group_decorator.py for tasks to queue
[2026-03-18T08:12:19.894+0000] {logging_mixin.py:188} INFO - [2026-03-18T08:12:19.894+0000] {dagbag.py:538} INFO - Filling up the DagBag from /home/airflow/.local/lib/python3.8/site-packages/airflow/example_dags/example_task_group_decorator.py
[2026-03-18T08:12:19.903+0000] {processor.py:840} INFO - DAG(s) 'example_task_group_decorator' retrieved from /home/airflow/.local/lib/python3.8/site-packages/airflow/example_dags/example_task_group_decorator.py
[2026-03-18T08:12:19.917+0000] {logging_mixin.py:188} INFO - [2026-03-18T08:12:19.916+0000] {dag.py:3036} INFO - Sync 1 DAGs
[2026-03-18T08:12:19.926+0000] {logging_mixin.py:188} INFO - [2026-03-18T08:12:19.926+0000] {dag.py:3823} INFO - Setting next_dagrun for example_task_group_decorator to 2026-03-17 00:00:00+00:00, run_after=2026-03-18 00:00:00+00:00
[2026-03-18T08:12:19.937+0000] {processor.py:183} INFO - Processing /home/airflow/.local/lib/python3.8/site-packages/airflow/example_dags/example_task_group_decorator.py took 0.048 seconds
[2026-03-18T08:12:50.280+0000] {processor.py:161} INFO - Started process (PID=831) to work on /home/airflow/.local/lib/python3.8/site-packages/airflow/example_dags/example_task_group_decorator.py
[2026-03-18T08:12:50.280+0000] {processor.py:830} INFO - Processing file /home/airflow/.local/lib/python3.8/site-packages/airflow/example_dags/example_task_group_decorator.py for tasks to queue
[2026-03-18T08:12:50.281+0000] {logging_mixin.py:188} INFO - [2026-03-18T08:12:50.281+0000] {dagbag.py:538} INFO - Filling up the DagBag from /home/airflow/.local/lib/python3.8/site-packages/airflow/example_dags/example_task_group_decorator.py
[2026-03-18T08:12:50.286+0000] {processor.py:840} INFO - DAG(s) 'example_task_group_decorator' retrieved from /home/airflow/.local/lib/python3.8/site-packages/airflow/example_dags/example_task_group_decorator.py
[2026-03-18T08:12:50.297+0000] {logging_mixin.py:188} INFO - [2026-03-18T08:12:50.297+0000] {dag.py:3036} INFO - Sync 1 DAGs
[2026-03-18T08:12:50.307+0000] {logging_mixin.py:188} INFO - [2026-03-18T08:12:50.307+0000] {dag.py:3823} INFO - Setting next_dagrun for example_task_group_decorator to 2026-03-17 00:00:00+00:00, run_after=2026-03-18 00:00:00+00:00
[2026-03-18T08:12:50.321+0000] {processor.py:183} INFO - Processing /home/airflow/.local/lib/python3.8/site-packages/airflow/example_dags/example_task_group_decorator.py took 0.043 seconds
[2026-03-18T08:13:20.721+0000] {processor.py:161} INFO - Started process (PID=887) to work on /home/airflow/.local/lib/python3.8/site-packages/airflow/example_dags/example_task_group_decorator.py
[2026-03-18T08:13:20.722+0000] {processor.py:830} INFO - Processing file /home/airflow/.local/lib/python3.8/site-packages/airflow/example_dags/example_task_group_decorator.py for tasks to queue
[2026-03-18T08:13:20.723+0000] {logging_mixin.py:188} INFO - [2026-03-18T08:13:20.723+0000] {dagbag.py:538} INFO - Filling up the DagBag from /home/airflow/.local/lib/python3.8/site-packages/airflow/example_dags/example_task_group_decorator.py
[2026-03-18T08:13:20.730+0000] {processor.py:840} INFO - DAG(s) 'example_task_group_decorator' retrieved from /home/airflow/.local/lib/python3.8/site-packages/airflow/example_dags/example_task_group_decorator.py
[2026-03-18T08:13:20.740+0000] {logging_mixin.py:188} INFO - [2026-03-18T08:13:20.740+0000] {dag.py:3036} INFO - Sync 1 DAGs
[2026-03-18T08:13:20.751+0000] {logging_mixin.py:188} INFO - [2026-03-18T08:13:20.751+0000] {dag.py:3823} INFO - Setting next_dagrun for example_task_group_decorator to 2026-03-17 00:00:00+00:00, run_after=2026-03-18 00:00:00+00:00
[2026-03-18T08:13:20.767+0000] {processor.py:183} INFO - Processing /home/airflow/.local/lib/python3.8/site-packages/airflow/example_dags/example_task_group_decorator.py took 0.048 seconds
[2026-03-18T08:13:51.264+0000] {processor.py:161} INFO - Started process (PID=943) to work on /home/airflow/.local/lib/python3.8/site-packages/airflow/example_dags/example_task_group_decorator.py
[2026-03-18T08:13:51.265+0000] {processor.py:830} INFO - Processing file /home/airflow/.local/lib/python3.8/site-packages/airflow/example_dags/example_task_group_decorator.py for tasks to queue
[2026-03-18T08:13:51.266+0000] {logging_mixin.py:188} INFO - [2026-03-18T08:13:51.266+0000] {dagbag.py:538} INFO - Filling up the DagBag from /home/airflow/.local/lib/python3.8/site-packages/airflow/example_dags/example_task_group_decorator.py
[2026-03-18T08:13:51.274+0000] {processor.py:840} INFO - DAG(s) 'example_task_group_decorator' retrieved from /home/airflow/.local/lib/python3.8/site-packages/airflow/example_dags/example_task_group_decorator.py
[2026-03-18T08:13:51.287+0000] {logging_mixin.py:188} INFO - [2026-03-18T08:13:51.286+0000] {dag.py:3036} INFO - Sync 1 DAGs
[2026-03-18T08:13:51.297+0000] {logging_mixin.py:188} INFO - [2026-03-18T08:13:51.297+0000] {dag.py:3823} INFO - Setting next_dagrun for example_task_group_decorator to 2026-03-17 00:00:00+00:00, run_after=2026-03-18 00:00:00+00:00
[2026-03-18T08:13:51.315+0000] {processor.py:183} INFO - Processing /home/airflow/.local/lib/python3.8/site-packages/airflow/example_dags/example_task_group_decorator.py took 0.052 seconds
[2026-03-18T08:14:21.861+0000] {processor.py:161} INFO - Started process (PID=999) to work on /home/airflow/.local/lib/python3.8/site-packages/airflow/example_dags/example_task_group_decorator.py
[2026-03-18T08:14:21.861+0000] {processor.py:830} INFO - Processing file /home/airflow/.local/lib/python3.8/site-packages/airflow/example_dags/example_task_group_decorator.py for tasks to queue
[2026-03-18T08:14:21.863+0000] {logging_mixin.py:188} INFO - [2026-03-18T08:14:21.863+0000] {dagbag.py:538} INFO - Filling up the DagBag from /home/airflow/.local/lib/python3.8/site-packages/airflow/example_dags/example_task_group_decorator.py
[2026-03-18T08:14:21.870+0000] {processor.py:840} INFO - DAG(s) 'example_task_group_decorator' retrieved from /home/airflow/.local/lib/python3.8/site-packages/airflow/example_dags/example_task_group_decorator.py
[2026-03-18T08:14:21.880+0000] {logging_mixin.py:188} INFO - [2026-03-18T08:14:21.880+0000] {dag.py:3036} INFO - Sync 1 DAGs
[2026-03-18T08:14:21.889+0000] {logging_mixin.py:188} INFO - [2026-03-18T08:14:21.889+0000] {dag.py:3823} INFO - Setting next_dagrun for example_task_group_decorator to 2026-03-17 00:00:00+00:00, run_after=2026-03-18 00:00:00+00:00
[2026-03-18T08:14:21.900+0000] {processor.py:183} INFO - Processing /home/airflow/.local/lib/python3.8/site-packages/airflow/example_dags/example_task_group_decorator.py took 0.041 seconds
[2026-03-18T08:14:52.417+0000] {processor.py:161} INFO - Started process (PID=1055) to work on /home/airflow/.local/lib/python3.8/site-packages/airflow/example_dags/example_task_group_decorator.py
[2026-03-18T08:14:52.418+0000] {processor.py:830} INFO - Processing file /home/airflow/.local/lib/python3.8/site-packages/airflow/example_dags/example_task_group_decorator.py for tasks to queue
[2026-03-18T08:14:52.418+0000] {logging_mixin.py:188} INFO - [2026-03-18T08:14:52.418+0000] {dagbag.py:538} INFO - Filling up the DagBag from /home/airflow/.local/lib/python3.8/site-packages/airflow/example_dags/example_task_group_decorator.py
[2026-03-18T08:14:52.425+0000] {processor.py:840} INFO - DAG(s) 'example_task_group_decorator' retrieved from /home/airflow/.local/lib/python3.8/site-packages/airflow/example_dags/example_task_group_decorator.py
[2026-03-18T08:14:52.442+0000] {logging_mixin.py:188} INFO - [2026-03-18T08:14:52.442+0000] {dag.py:3036} INFO - Sync 1 DAGs
[2026-03-18T08:14:52.450+0000] {logging_mixin.py:188} INFO - [2026-03-18T08:14:52.450+0000] {dag.py:3823} INFO - Setting next_dagrun for example_task_group_decorator to 2026-03-17 00:00:00+00:00, run_after=2026-03-18 00:00:00+00:00
[2026-03-18T08:14:52.458+0000] {processor.py:183} INFO - Processing /home/airflow/.local/lib/python3.8/site-packages/airflow/example_dags/example_task_group_decorator.py took 0.043 seconds
[2026-03-18T08:15:23.118+0000] {processor.py:161} INFO - Started process (PID=1111) to work on /home/airflow/.local/lib/python3.8/site-packages/airflow/example_dags/example_task_group_decorator.py
[2026-03-18T08:15:23.119+0000] {processor.py:830} INFO - Processing file /home/airflow/.local/lib/python3.8/site-packages/airflow/example_dags/example_task_group_decorator.py for tasks to queue
[2026-03-18T08:15:23.120+0000] {logging_mixin.py:188} INFO - [2026-03-18T08:15:23.120+0000] {dagbag.py:538} INFO - Filling up the DagBag from /home/airflow/.local/lib/python3.8/site-packages/airflow/example_dags/example_task_group_decorator.py
[2026-03-18T08:15:23.128+0000] {processor.py:840} INFO - DAG(s) 'example_task_group_decorator' retrieved from /home/airflow/.local/lib/python3.8/site-packages/airflow/example_dags/example_task_group_decorator.py
[2026-03-18T08:15:23.139+0000] {logging_mixin.py:188} INFO - [2026-03-18T08:15:23.139+0000] {dag.py:3036} INFO - Sync 1 DAGs
[2026-03-18T08:15:23.149+0000] {logging_mixin.py:188} INFO - [2026-03-18T08:15:23.149+0000] {dag.py:3823} INFO - Setting next_dagrun for example_task_group_decorator to 2026-03-17 00:00:00+00:00, run_after=2026-03-18 00:00:00+00:00
[2026-03-18T08:15:23.162+0000] {processor.py:183} INFO - Processing /home/airflow/.local/lib/python3.8/site-packages/airflow/example_dags/example_task_group_decorator.py took 0.046 seconds
[2026-03-18T08:15:53.662+0000] {processor.py:161} INFO - Started process (PID=1167) to work on /home/airflow/.local/lib/python3.8/site-packages/airflow/example_dags/example_task_group_decorator.py
[2026-03-18T08:15:53.663+0000] {processor.py:830} INFO - Processing file /home/airflow/.local/lib/python3.8/site-packages/airflow/example_dags/example_task_group_decorator.py for tasks to queue
[2026-03-18T08:15:53.665+0000] {logging_mixin.py:188} INFO - [2026-03-18T08:15:53.665+0000] {dagbag.py:538} INFO - Filling up the DagBag from /home/airflow/.local/lib/python3.8/site-packages/airflow/example_dags/example_task_group_decorator.py
[2026-03-18T08:15:53.672+0000] {processor.py:840} INFO - DAG(s) 'example_task_group_decorator' retrieved from /home/airflow/.local/lib/python3.8/site-packages/airflow/example_dags/example_task_group_decorator.py
[2026-03-18T08:15:53.686+0000] {logging_mixin.py:188} INFO - [2026-03-18T08:15:53.686+0000] {dag.py:3036} INFO - Sync 1 DAGs
[2026-03-18T08:15:53.697+0000] {logging_mixin.py:188} INFO - [2026-03-18T08:15:53.697+0000] {dag.py:3823} INFO - Setting next_dagrun for example_task_group_decorator to 2026-03-17 00:00:00+00:00, run_after=2026-03-18 00:00:00+00:00
[2026-03-18T08:15:53.703+0000] {processor.py:183} INFO - Processing /home/airflow/.local/lib/python3.8/site-packages/airflow/example_dags/example_task_group_decorator.py took 0.043 seconds
[2026-03-18T08:16:24.163+0000] {processor.py:161} INFO - Started process (PID=1223) to work on /home/airflow/.local/lib/python3.8/site-packages/airflow/example_dags/example_task_group_decorator.py
[2026-03-18T08:16:24.164+0000] {processor.py:830} INFO - Processing file /home/airflow/.local/lib/python3.8/site-packages/airflow/example_dags/example_task_group_decorator.py for tasks to queue
[2026-03-18T08:16:24.165+0000] {logging_mixin.py:188} INFO - [2026-03-18T08:16:24.165+0000] {dagbag.py:538} INFO - Filling up the DagBag from /home/airflow/.local/lib/python3.8/site-packages/airflow/example_dags/example_task_group_decorator.py
[2026-03-18T08:16:24.172+0000] {processor.py:840} INFO - DAG(s) 'example_task_group_decorator' retrieved from /home/airflow/.local/lib/python3.8/site-packages/airflow/example_dags/example_task_group_decorator.py
[2026-03-18T08:16:24.184+0000] {logging_mixin.py:188} INFO - [2026-03-18T08:16:24.184+0000] {dag.py:3036} INFO - Sync 1 DAGs
[2026-03-18T08:16:24.194+0000] {logging_mixin.py:188} INFO - [2026-03-18T08:16:24.194+0000] {dag.py:3823} INFO - Setting next_dagrun for example_task_group_decorator to 2026-03-17 00:00:00+00:00, run_after=2026-03-18 00:00:00+00:00
[2026-03-18T08:16:24.210+0000] {processor.py:183} INFO - Processing /home/airflow/.local/lib/python3.8/site-packages/airflow/example_dags/example_task_group_decorator.py took 0.048 seconds
[2026-03-18T08:16:54.762+0000] {processor.py:161} INFO - Started process (PID=1280) to work on /home/airflow/.local/lib/python3.8/site-packages/airflow/example_dags/example_task_group_decorator.py
[2026-03-18T08:16:54.763+0000] {processor.py:830} INFO - Processing file /home/airflow/.local/lib/python3.8/site-packages/airflow/example_dags/example_task_group_decorator.py for tasks to queue
[2026-03-18T08:16:54.764+0000] {logging_mixin.py:188} INFO - [2026-03-18T08:16:54.764+0000] {dagbag.py:538} INFO - Filling up the DagBag from /home/airflow/.local/lib/python3.8/site-packages/airflow/example_dags/example_task_group_decorator.py
[2026-03-18T08:16:54.772+0000] {processor.py:840} INFO - DAG(s) 'example_task_group_decorator' retrieved from /home/airflow/.local/lib/python3.8/site-packages/airflow/example_dags/example_task_group_decorator.py
[2026-03-18T08:16:54.784+0000] {logging_mixin.py:188} INFO - [2026-03-18T08:16:54.784+0000] {dag.py:3036} INFO - Sync 1 DAGs
[2026-03-18T08:16:54.792+0000] {logging_mixin.py:188} INFO - [2026-03-18T08:16:54.792+0000] {dag.py:3823} INFO - Setting next_dagrun for example_task_group_decorator to 2026-03-17 00:00:00+00:00, run_after=2026-03-18 00:00:00+00:00
[2026-03-18T08:16:54.807+0000] {processor.py:183} INFO - Processing /home/airflow/.local/lib/python3.8/site-packages/airflow/example_dags/example_task_group_decorator.py took 0.046 seconds
[2026-03-18T08:17:25.240+0000] {processor.py:161} INFO - Started process (PID=1336) to work on /home/airflow/.local/lib/python3.8/site-packages/airflow/example_dags/example_task_group_decorator.py
[2026-03-18T08:17:25.241+0000] {processor.py:830} INFO - Processing file /home/airflow/.local/lib/python3.8/site-packages/airflow/example_dags/example_task_group_decorator.py for tasks to queue
[2026-03-18T08:17:25.242+0000] {logging_mixin.py:188} INFO - [2026-03-18T08:17:25.242+0000] {dagbag.py:538} INFO - Filling up the DagBag from /home/airflow/.local/lib/python3.8/site-packages/airflow/example_dags/example_task_group_decorator.py
[2026-03-18T08:17:25.250+0000] {processor.py:840} INFO - DAG(s) 'example_task_group_decorator' retrieved from /home/airflow/.local/lib/python3.8/site-packages/airflow/example_dags/example_task_group_decorator.py
[2026-03-18T08:17:25.261+0000] {logging_mixin.py:188} INFO - [2026-03-18T08:17:25.261+0000] {dag.py:3036} INFO - Sync 1 DAGs
[2026-03-18T08:17:25.272+0000] {logging_mixin.py:188} INFO - [2026-03-18T08:17:25.272+0000] {dag.py:3823} INFO - Setting next_dagrun for example_task_group_decorator to 2026-03-17 00:00:00+00:00, run_after=2026-03-18 00:00:00+00:00
[2026-03-18T08:17:25.284+0000] {processor.py:183} INFO - Processing /home/airflow/.local/lib/python3.8/site-packages/airflow/example_dags/example_task_group_decorator.py took 0.046 seconds
[2026-03-18T08:17:55.808+0000] {processor.py:161} INFO - Started process (PID=1392) to work on /home/airflow/.local/lib/python3.8/site-packages/airflow/example_dags/example_task_group_decorator.py
[2026-03-18T08:17:55.809+0000] {processor.py:830} INFO - Processing file /home/airflow/.local/lib/python3.8/site-packages/airflow/example_dags/example_task_group_decorator.py for tasks to queue
[2026-03-18T08:17:55.810+0000] {logging_mixin.py:188} INFO - [2026-03-18T08:17:55.810+0000] {dagbag.py:538} INFO - Filling up the DagBag from /home/airflow/.local/lib/python3.8/site-packages/airflow/example_dags/example_task_group_decorator.py
[2026-03-18T08:17:55.815+0000] {processor.py:840} INFO - DAG(s) 'example_task_group_decorator' retrieved from /home/airflow/.local/lib/python3.8/site-packages/airflow/example_dags/example_task_group_decorator.py
[2026-03-18T08:17:55.828+0000] {logging_mixin.py:188} INFO - [2026-03-18T08:17:55.828+0000] {dag.py:3036} INFO - Sync 1 DAGs
[2026-03-18T08:17:55.838+0000] {logging_mixin.py:188} INFO - [2026-03-18T08:17:55.838+0000] {dag.py:3823} INFO - Setting next_dagrun for example_task_group_decorator to 2026-03-17 00:00:00+00:00, run_after=2026-03-18 00:00:00+00:00
[2026-03-18T08:17:55.848+0000] {processor.py:183} INFO - Processing /home/airflow/.local/lib/python3.8/site-packages/airflow/example_dags/example_task_group_decorator.py took 0.042 seconds
[2026-03-18T08:18:26.330+0000] {processor.py:161} INFO - Started process (PID=1448) to work on /home/airflow/.local/lib/python3.8/site-packages/airflow/example_dags/example_task_group_decorator.py
[2026-03-18T08:18:26.332+0000] {processor.py:830} INFO - Processing file /home/airflow/.local/lib/python3.8/site-packages/airflow/example_dags/example_task_group_decorator.py for tasks to queue
[2026-03-18T08:18:26.332+0000] {logging_mixin.py:188} INFO - [2026-03-18T08:18:26.332+0000] {dagbag.py:538} INFO - Filling up the DagBag from /home/airflow/.local/lib/python3.8/site-packages/airflow/example_dags/example_task_group_decorator.py
[2026-03-18T08:18:26.338+0000] {processor.py:840} INFO - DAG(s) 'example_task_group_decorator' retrieved from /home/airflow/.local/lib/python3.8/site-packages/airflow/example_dags/example_task_group_decorator.py
[2026-03-18T08:18:26.350+0000] {logging_mixin.py:188} INFO - [2026-03-18T08:18:26.350+0000] {dag.py:3036} INFO - Sync 1 DAGs
[2026-03-18T08:18:26.362+0000] {logging_mixin.py:188} INFO - [2026-03-18T08:18:26.362+0000] {dag.py:3823} INFO - Setting next_dagrun for example_task_group_decorator to 2026-03-17 00:00:00+00:00, run_after=2026-03-18 00:00:00+00:00
[2026-03-18T08:18:26.376+0000] {processor.py:183} INFO - Processing /home/airflow/.local/lib/python3.8/site-packages/airflow/example_dags/example_task_group_decorator.py took 0.048 seconds
[2026-03-18T08:18:56.876+0000] {processor.py:161} INFO - Started process (PID=1504) to work on /home/airflow/.local/lib/python3.8/site-packages/airflow/example_dags/example_task_group_decorator.py
[2026-03-18T08:18:56.877+0000] {processor.py:830} INFO - Processing file /home/airflow/.local/lib/python3.8/site-packages/airflow/example_dags/example_task_group_decorator.py for tasks to queue
[2026-03-18T08:18:56.878+0000] {logging_mixin.py:188} INFO - [2026-03-18T08:18:56.878+0000] {dagbag.py:538} INFO - Filling up the DagBag from /home/airflow/.local/lib/python3.8/site-packages/airflow/example_dags/example_task_group_decorator.py
[2026-03-18T08:18:56.888+0000] {processor.py:840} INFO - DAG(s) 'example_task_group_decorator' retrieved from /home/airflow/.local/lib/python3.8/site-packages/airflow/example_dags/example_task_group_decorator.py
[2026-03-18T08:18:56.902+0000] {logging_mixin.py:188} INFO - [2026-03-18T08:18:56.902+0000] {dag.py:3036} INFO - Sync 1 DAGs
[2026-03-18T08:18:56.912+0000] {logging_mixin.py:188} INFO - [2026-03-18T08:18:56.912+0000] {dag.py:3823} INFO - Setting next_dagrun for example_task_group_decorator to 2026-03-17 00:00:00+00:00, run_after=2026-03-18 00:00:00+00:00
[2026-03-18T08:18:56.922+0000] {processor.py:183} INFO - Processing /home/airflow/.local/lib/python3.8/site-packages/airflow/example_dags/example_task_group_decorator.py took 0.047 seconds
[2026-03-18T08:19:27.333+0000] {processor.py:161} INFO - Started process (PID=1560) to work on /home/airflow/.local/lib/python3.8/site-packages/airflow/example_dags/example_task_group_decorator.py
[2026-03-18T08:19:27.334+0000] {processor.py:830} INFO - Processing file /home/airflow/.local/lib/python3.8/site-packages/airflow/example_dags/example_task_group_decorator.py for tasks to queue
[2026-03-18T08:19:27.335+0000] {logging_mixin.py:188} INFO - [2026-03-18T08:19:27.335+0000] {dagbag.py:538} INFO - Filling up the DagBag from /home/airflow/.local/lib/python3.8/site-packages/airflow/example_dags/example_task_group_decorator.py
[2026-03-18T08:19:27.342+0000] {processor.py:840} INFO - DAG(s) 'example_task_group_decorator' retrieved from /home/airflow/.local/lib/python3.8/site-packages/airflow/example_dags/example_task_group_decorator.py
[2026-03-18T08:19:27.354+0000] {logging_mixin.py:188} INFO - [2026-03-18T08:19:27.354+0000] {dag.py:3036} INFO - Sync 1 DAGs
[2026-03-18T08:19:27.364+0000] {logging_mixin.py:188} INFO - [2026-03-18T08:19:27.364+0000] {dag.py:3823} INFO - Setting next_dagrun for example_task_group_decorator to 2026-03-17 00:00:00+00:00, run_after=2026-03-18 00:00:00+00:00
[2026-03-18T08:19:27.377+0000] {processor.py:183} INFO - Processing /home/airflow/.local/lib/python3.8/site-packages/airflow/example_dags/example_task_group_decorator.py took 0.046 seconds
