[2026-03-18T07:45:18.900+0000] {processor.py:161} INFO - Started process (PID=74) to work on /home/airflow/.local/lib/python3.8/site-packages/airflow/example_dags/example_branch_python_dop_operator_3.py
[2026-03-18T07:45:18.901+0000] {processor.py:830} INFO - Processing file /home/airflow/.local/lib/python3.8/site-packages/airflow/example_dags/example_branch_python_dop_operator_3.py for tasks to queue
[2026-03-18T07:45:18.902+0000] {logging_mixin.py:188} INFO - [2026-03-18T07:45:18.902+0000] {dagbag.py:538} INFO - Filling up the DagBag from /home/airflow/.local/lib/python3.8/site-packages/airflow/example_dags/example_branch_python_dop_operator_3.py
[2026-03-18T07:45:18.906+0000] {processor.py:840} INFO - DAG(s) 'example_branch_dop_operator_v3' retrieved from /home/airflow/.local/lib/python3.8/site-packages/airflow/example_dags/example_branch_python_dop_operator_3.py
[2026-03-18T07:45:18.950+0000] {logging_mixin.py:188} INFO - [2026-03-18T07:45:18.949+0000] {override.py:1769} INFO - Created Permission View: can read on DAG:example_branch_dop_operator_v3
[2026-03-18T07:45:18.954+0000] {logging_mixin.py:188} INFO - [2026-03-18T07:45:18.954+0000] {override.py:1769} INFO - Created Permission View: can delete on DAG:example_branch_dop_operator_v3
[2026-03-18T07:45:18.956+0000] {logging_mixin.py:188} INFO - [2026-03-18T07:45:18.956+0000] {override.py:1769} INFO - Created Permission View: can edit on DAG:example_branch_dop_operator_v3
[2026-03-18T07:45:18.956+0000] {logging_mixin.py:188} INFO - [2026-03-18T07:45:18.956+0000] {dag.py:3036} INFO - Sync 1 DAGs
[2026-03-18T07:45:18.961+0000] {logging_mixin.py:188} INFO - [2026-03-18T07:45:18.961+0000] {dag.py:3058} INFO - Creating ORM DAG for example_branch_dop_operator_v3
[2026-03-18T07:45:18.966+0000] {logging_mixin.py:188} INFO - [2026-03-18T07:45:18.966+0000] {dag.py:3823} INFO - Setting next_dagrun for example_branch_dop_operator_v3 to 2026-03-18 07:44:00+00:00, run_after=2026-03-18 07:45:00+00:00
[2026-03-18T07:45:18.972+0000] {processor.py:183} INFO - Processing /home/airflow/.local/lib/python3.8/site-packages/airflow/example_dags/example_branch_python_dop_operator_3.py took 0.073 seconds
[2026-03-18T07:45:49.541+0000] {processor.py:161} INFO - Started process (PID=129) to work on /home/airflow/.local/lib/python3.8/site-packages/airflow/example_dags/example_branch_python_dop_operator_3.py
[2026-03-18T07:45:49.541+0000] {processor.py:830} INFO - Processing file /home/airflow/.local/lib/python3.8/site-packages/airflow/example_dags/example_branch_python_dop_operator_3.py for tasks to queue
[2026-03-18T07:45:49.542+0000] {logging_mixin.py:188} INFO - [2026-03-18T07:45:49.542+0000] {dagbag.py:538} INFO - Filling up the DagBag from /home/airflow/.local/lib/python3.8/site-packages/airflow/example_dags/example_branch_python_dop_operator_3.py
[2026-03-18T07:45:49.547+0000] {processor.py:840} INFO - DAG(s) 'example_branch_dop_operator_v3' retrieved from /home/airflow/.local/lib/python3.8/site-packages/airflow/example_dags/example_branch_python_dop_operator_3.py
[2026-03-18T07:45:49.556+0000] {logging_mixin.py:188} INFO - [2026-03-18T07:45:49.556+0000] {dag.py:3036} INFO - Sync 1 DAGs
[2026-03-18T07:45:49.567+0000] {logging_mixin.py:188} INFO - [2026-03-18T07:45:49.567+0000] {dag.py:3823} INFO - Setting next_dagrun for example_branch_dop_operator_v3 to 2026-03-18 07:44:00+00:00, run_after=2026-03-18 07:45:00+00:00
[2026-03-18T07:45:49.577+0000] {processor.py:183} INFO - Processing /home/airflow/.local/lib/python3.8/site-packages/airflow/example_dags/example_branch_python_dop_operator_3.py took 0.038 seconds
[2026-03-18T07:46:19.984+0000] {processor.py:161} INFO - Started process (PID=184) to work on /home/airflow/.local/lib/python3.8/site-packages/airflow/example_dags/example_branch_python_dop_operator_3.py
[2026-03-18T07:46:19.984+0000] {processor.py:830} INFO - Processing file /home/airflow/.local/lib/python3.8/site-packages/airflow/example_dags/example_branch_python_dop_operator_3.py for tasks to queue
[2026-03-18T07:46:19.985+0000] {logging_mixin.py:188} INFO - [2026-03-18T07:46:19.985+0000] {dagbag.py:538} INFO - Filling up the DagBag from /home/airflow/.local/lib/python3.8/site-packages/airflow/example_dags/example_branch_python_dop_operator_3.py
[2026-03-18T07:46:19.989+0000] {processor.py:840} INFO - DAG(s) 'example_branch_dop_operator_v3' retrieved from /home/airflow/.local/lib/python3.8/site-packages/airflow/example_dags/example_branch_python_dop_operator_3.py
[2026-03-18T07:46:19.998+0000] {logging_mixin.py:188} INFO - [2026-03-18T07:46:19.998+0000] {dag.py:3036} INFO - Sync 1 DAGs
[2026-03-18T07:46:20.009+0000] {logging_mixin.py:188} INFO - [2026-03-18T07:46:20.009+0000] {dag.py:3823} INFO - Setting next_dagrun for example_branch_dop_operator_v3 to 2026-03-18 07:45:00+00:00, run_after=2026-03-18 07:46:00+00:00
[2026-03-18T07:46:20.017+0000] {processor.py:183} INFO - Processing /home/airflow/.local/lib/python3.8/site-packages/airflow/example_dags/example_branch_python_dop_operator_3.py took 0.034 seconds
[2026-03-18T07:46:50.310+0000] {processor.py:161} INFO - Started process (PID=239) to work on /home/airflow/.local/lib/python3.8/site-packages/airflow/example_dags/example_branch_python_dop_operator_3.py
[2026-03-18T07:46:50.311+0000] {processor.py:830} INFO - Processing file /home/airflow/.local/lib/python3.8/site-packages/airflow/example_dags/example_branch_python_dop_operator_3.py for tasks to queue
[2026-03-18T07:46:50.313+0000] {logging_mixin.py:188} INFO - [2026-03-18T07:46:50.313+0000] {dagbag.py:538} INFO - Filling up the DagBag from /home/airflow/.local/lib/python3.8/site-packages/airflow/example_dags/example_branch_python_dop_operator_3.py
[2026-03-18T07:46:50.318+0000] {processor.py:840} INFO - DAG(s) 'example_branch_dop_operator_v3' retrieved from /home/airflow/.local/lib/python3.8/site-packages/airflow/example_dags/example_branch_python_dop_operator_3.py
[2026-03-18T07:46:50.330+0000] {logging_mixin.py:188} INFO - [2026-03-18T07:46:50.330+0000] {dag.py:3036} INFO - Sync 1 DAGs
[2026-03-18T07:46:50.342+0000] {logging_mixin.py:188} INFO - [2026-03-18T07:46:50.342+0000] {dag.py:3823} INFO - Setting next_dagrun for example_branch_dop_operator_v3 to 2026-03-18 07:45:00+00:00, run_after=2026-03-18 07:46:00+00:00
[2026-03-18T07:46:50.350+0000] {processor.py:183} INFO - Processing /home/airflow/.local/lib/python3.8/site-packages/airflow/example_dags/example_branch_python_dop_operator_3.py took 0.042 seconds
[2026-03-18T07:47:20.664+0000] {processor.py:161} INFO - Started process (PID=294) to work on /home/airflow/.local/lib/python3.8/site-packages/airflow/example_dags/example_branch_python_dop_operator_3.py
[2026-03-18T07:47:20.666+0000] {processor.py:830} INFO - Processing file /home/airflow/.local/lib/python3.8/site-packages/airflow/example_dags/example_branch_python_dop_operator_3.py for tasks to queue
[2026-03-18T07:47:20.667+0000] {logging_mixin.py:188} INFO - [2026-03-18T07:47:20.666+0000] {dagbag.py:538} INFO - Filling up the DagBag from /home/airflow/.local/lib/python3.8/site-packages/airflow/example_dags/example_branch_python_dop_operator_3.py
[2026-03-18T07:47:20.671+0000] {processor.py:840} INFO - DAG(s) 'example_branch_dop_operator_v3' retrieved from /home/airflow/.local/lib/python3.8/site-packages/airflow/example_dags/example_branch_python_dop_operator_3.py
[2026-03-18T07:47:20.681+0000] {logging_mixin.py:188} INFO - [2026-03-18T07:47:20.681+0000] {dag.py:3036} INFO - Sync 1 DAGs
[2026-03-18T07:47:20.692+0000] {logging_mixin.py:188} INFO - [2026-03-18T07:47:20.692+0000] {dag.py:3823} INFO - Setting next_dagrun for example_branch_dop_operator_v3 to 2026-03-18 07:46:00+00:00, run_after=2026-03-18 07:47:00+00:00
[2026-03-18T07:47:20.701+0000] {processor.py:183} INFO - Processing /home/airflow/.local/lib/python3.8/site-packages/airflow/example_dags/example_branch_python_dop_operator_3.py took 0.039 seconds
[2026-03-18T07:47:51.067+0000] {processor.py:161} INFO - Started process (PID=349) to work on /home/airflow/.local/lib/python3.8/site-packages/airflow/example_dags/example_branch_python_dop_operator_3.py
[2026-03-18T07:47:51.067+0000] {processor.py:830} INFO - Processing file /home/airflow/.local/lib/python3.8/site-packages/airflow/example_dags/example_branch_python_dop_operator_3.py for tasks to queue
[2026-03-18T07:47:51.068+0000] {logging_mixin.py:188} INFO - [2026-03-18T07:47:51.068+0000] {dagbag.py:538} INFO - Filling up the DagBag from /home/airflow/.local/lib/python3.8/site-packages/airflow/example_dags/example_branch_python_dop_operator_3.py
[2026-03-18T07:47:51.072+0000] {processor.py:840} INFO - DAG(s) 'example_branch_dop_operator_v3' retrieved from /home/airflow/.local/lib/python3.8/site-packages/airflow/example_dags/example_branch_python_dop_operator_3.py
[2026-03-18T07:47:51.081+0000] {logging_mixin.py:188} INFO - [2026-03-18T07:47:51.081+0000] {dag.py:3036} INFO - Sync 1 DAGs
[2026-03-18T07:47:51.092+0000] {logging_mixin.py:188} INFO - [2026-03-18T07:47:51.092+0000] {dag.py:3823} INFO - Setting next_dagrun for example_branch_dop_operator_v3 to 2026-03-18 07:46:00+00:00, run_after=2026-03-18 07:47:00+00:00
[2026-03-18T07:47:51.099+0000] {processor.py:183} INFO - Processing /home/airflow/.local/lib/python3.8/site-packages/airflow/example_dags/example_branch_python_dop_operator_3.py took 0.033 seconds
[2026-03-18T07:48:21.485+0000] {processor.py:161} INFO - Started process (PID=404) to work on /home/airflow/.local/lib/python3.8/site-packages/airflow/example_dags/example_branch_python_dop_operator_3.py
[2026-03-18T07:48:21.485+0000] {processor.py:830} INFO - Processing file /home/airflow/.local/lib/python3.8/site-packages/airflow/example_dags/example_branch_python_dop_operator_3.py for tasks to queue
[2026-03-18T07:48:21.486+0000] {logging_mixin.py:188} INFO - [2026-03-18T07:48:21.486+0000] {dagbag.py:538} INFO - Filling up the DagBag from /home/airflow/.local/lib/python3.8/site-packages/airflow/example_dags/example_branch_python_dop_operator_3.py
[2026-03-18T07:48:21.490+0000] {processor.py:840} INFO - DAG(s) 'example_branch_dop_operator_v3' retrieved from /home/airflow/.local/lib/python3.8/site-packages/airflow/example_dags/example_branch_python_dop_operator_3.py
[2026-03-18T07:48:21.499+0000] {logging_mixin.py:188} INFO - [2026-03-18T07:48:21.498+0000] {dag.py:3036} INFO - Sync 1 DAGs
[2026-03-18T07:48:21.511+0000] {logging_mixin.py:188} INFO - [2026-03-18T07:48:21.511+0000] {dag.py:3823} INFO - Setting next_dagrun for example_branch_dop_operator_v3 to 2026-03-18 07:47:00+00:00, run_after=2026-03-18 07:48:00+00:00
[2026-03-18T07:48:21.518+0000] {processor.py:183} INFO - Processing /home/airflow/.local/lib/python3.8/site-packages/airflow/example_dags/example_branch_python_dop_operator_3.py took 0.035 seconds
[2026-03-18T07:48:51.791+0000] {processor.py:161} INFO - Started process (PID=459) to work on /home/airflow/.local/lib/python3.8/site-packages/airflow/example_dags/example_branch_python_dop_operator_3.py
[2026-03-18T07:48:51.791+0000] {processor.py:830} INFO - Processing file /home/airflow/.local/lib/python3.8/site-packages/airflow/example_dags/example_branch_python_dop_operator_3.py for tasks to queue
[2026-03-18T07:48:51.792+0000] {logging_mixin.py:188} INFO - [2026-03-18T07:48:51.792+0000] {dagbag.py:538} INFO - Filling up the DagBag from /home/airflow/.local/lib/python3.8/site-packages/airflow/example_dags/example_branch_python_dop_operator_3.py
[2026-03-18T07:48:51.796+0000] {processor.py:840} INFO - DAG(s) 'example_branch_dop_operator_v3' retrieved from /home/airflow/.local/lib/python3.8/site-packages/airflow/example_dags/example_branch_python_dop_operator_3.py
[2026-03-18T07:48:51.803+0000] {logging_mixin.py:188} INFO - [2026-03-18T07:48:51.803+0000] {dag.py:3036} INFO - Sync 1 DAGs
[2026-03-18T07:48:51.813+0000] {logging_mixin.py:188} INFO - [2026-03-18T07:48:51.813+0000] {dag.py:3823} INFO - Setting next_dagrun for example_branch_dop_operator_v3 to 2026-03-18 07:47:00+00:00, run_after=2026-03-18 07:48:00+00:00
[2026-03-18T07:48:51.819+0000] {processor.py:183} INFO - Processing /home/airflow/.local/lib/python3.8/site-packages/airflow/example_dags/example_branch_python_dop_operator_3.py took 0.030 seconds
[2026-03-18T07:49:22.034+0000] {processor.py:161} INFO - Started process (PID=520) to work on /home/airflow/.local/lib/python3.8/site-packages/airflow/example_dags/example_branch_python_dop_operator_3.py
[2026-03-18T07:49:22.035+0000] {processor.py:830} INFO - Processing file /home/airflow/.local/lib/python3.8/site-packages/airflow/example_dags/example_branch_python_dop_operator_3.py for tasks to queue
[2026-03-18T07:49:22.036+0000] {logging_mixin.py:188} INFO - [2026-03-18T07:49:22.036+0000] {dagbag.py:538} INFO - Filling up the DagBag from /home/airflow/.local/lib/python3.8/site-packages/airflow/example_dags/example_branch_python_dop_operator_3.py
[2026-03-18T07:49:22.040+0000] {processor.py:840} INFO - DAG(s) 'example_branch_dop_operator_v3' retrieved from /home/airflow/.local/lib/python3.8/site-packages/airflow/example_dags/example_branch_python_dop_operator_3.py
[2026-03-18T07:49:22.047+0000] {logging_mixin.py:188} INFO - [2026-03-18T07:49:22.047+0000] {dag.py:3036} INFO - Sync 1 DAGs
[2026-03-18T07:49:22.057+0000] {logging_mixin.py:188} INFO - [2026-03-18T07:49:22.057+0000] {dag.py:3823} INFO - Setting next_dagrun for example_branch_dop_operator_v3 to 2026-03-18 07:48:00+00:00, run_after=2026-03-18 07:49:00+00:00
[2026-03-18T07:49:22.063+0000] {processor.py:183} INFO - Processing /home/airflow/.local/lib/python3.8/site-packages/airflow/example_dags/example_branch_python_dop_operator_3.py took 0.031 seconds
[2026-03-18T07:49:52.304+0000] {processor.py:161} INFO - Started process (PID=575) to work on /home/airflow/.local/lib/python3.8/site-packages/airflow/example_dags/example_branch_python_dop_operator_3.py
[2026-03-18T07:49:52.305+0000] {processor.py:830} INFO - Processing file /home/airflow/.local/lib/python3.8/site-packages/airflow/example_dags/example_branch_python_dop_operator_3.py for tasks to queue
[2026-03-18T07:49:52.305+0000] {logging_mixin.py:188} INFO - [2026-03-18T07:49:52.305+0000] {dagbag.py:538} INFO - Filling up the DagBag from /home/airflow/.local/lib/python3.8/site-packages/airflow/example_dags/example_branch_python_dop_operator_3.py
[2026-03-18T07:49:52.309+0000] {processor.py:840} INFO - DAG(s) 'example_branch_dop_operator_v3' retrieved from /home/airflow/.local/lib/python3.8/site-packages/airflow/example_dags/example_branch_python_dop_operator_3.py
[2026-03-18T07:49:52.317+0000] {logging_mixin.py:188} INFO - [2026-03-18T07:49:52.317+0000] {dag.py:3036} INFO - Sync 1 DAGs
[2026-03-18T07:49:52.327+0000] {logging_mixin.py:188} INFO - [2026-03-18T07:49:52.327+0000] {dag.py:3823} INFO - Setting next_dagrun for example_branch_dop_operator_v3 to 2026-03-18 07:48:00+00:00, run_after=2026-03-18 07:49:00+00:00
[2026-03-18T07:49:52.334+0000] {processor.py:183} INFO - Processing /home/airflow/.local/lib/python3.8/site-packages/airflow/example_dags/example_branch_python_dop_operator_3.py took 0.031 seconds
[2026-03-18T07:50:22.721+0000] {processor.py:161} INFO - Started process (PID=631) to work on /home/airflow/.local/lib/python3.8/site-packages/airflow/example_dags/example_branch_python_dop_operator_3.py
[2026-03-18T07:50:22.723+0000] {processor.py:830} INFO - Processing file /home/airflow/.local/lib/python3.8/site-packages/airflow/example_dags/example_branch_python_dop_operator_3.py for tasks to queue
[2026-03-18T07:50:22.723+0000] {logging_mixin.py:188} INFO - [2026-03-18T07:50:22.723+0000] {dagbag.py:538} INFO - Filling up the DagBag from /home/airflow/.local/lib/python3.8/site-packages/airflow/example_dags/example_branch_python_dop_operator_3.py
[2026-03-18T07:50:22.729+0000] {processor.py:840} INFO - DAG(s) 'example_branch_dop_operator_v3' retrieved from /home/airflow/.local/lib/python3.8/site-packages/airflow/example_dags/example_branch_python_dop_operator_3.py
[2026-03-18T07:50:22.742+0000] {logging_mixin.py:188} INFO - [2026-03-18T07:50:22.742+0000] {dag.py:3036} INFO - Sync 1 DAGs
[2026-03-18T07:50:22.752+0000] {logging_mixin.py:188} INFO - [2026-03-18T07:50:22.752+0000] {dag.py:3823} INFO - Setting next_dagrun for example_branch_dop_operator_v3 to 2026-03-18 07:49:00+00:00, run_after=2026-03-18 07:50:00+00:00
[2026-03-18T07:50:22.762+0000] {processor.py:183} INFO - Processing /home/airflow/.local/lib/python3.8/site-packages/airflow/example_dags/example_branch_python_dop_operator_3.py took 0.042 seconds
[2026-03-18T07:50:53.189+0000] {processor.py:161} INFO - Started process (PID=687) to work on /home/airflow/.local/lib/python3.8/site-packages/airflow/example_dags/example_branch_python_dop_operator_3.py
[2026-03-18T07:50:53.190+0000] {processor.py:830} INFO - Processing file /home/airflow/.local/lib/python3.8/site-packages/airflow/example_dags/example_branch_python_dop_operator_3.py for tasks to queue
[2026-03-18T07:50:53.191+0000] {logging_mixin.py:188} INFO - [2026-03-18T07:50:53.191+0000] {dagbag.py:538} INFO - Filling up the DagBag from /home/airflow/.local/lib/python3.8/site-packages/airflow/example_dags/example_branch_python_dop_operator_3.py
[2026-03-18T07:50:53.196+0000] {processor.py:840} INFO - DAG(s) 'example_branch_dop_operator_v3' retrieved from /home/airflow/.local/lib/python3.8/site-packages/airflow/example_dags/example_branch_python_dop_operator_3.py
[2026-03-18T07:50:53.211+0000] {logging_mixin.py:188} INFO - [2026-03-18T07:50:53.210+0000] {dag.py:3036} INFO - Sync 1 DAGs
[2026-03-18T07:50:53.224+0000] {logging_mixin.py:188} INFO - [2026-03-18T07:50:53.224+0000] {dag.py:3823} INFO - Setting next_dagrun for example_branch_dop_operator_v3 to 2026-03-18 07:49:00+00:00, run_after=2026-03-18 07:50:00+00:00
[2026-03-18T07:50:53.233+0000] {processor.py:183} INFO - Processing /home/airflow/.local/lib/python3.8/site-packages/airflow/example_dags/example_branch_python_dop_operator_3.py took 0.046 seconds
[2026-03-18T07:51:23.722+0000] {processor.py:161} INFO - Started process (PID=743) to work on /home/airflow/.local/lib/python3.8/site-packages/airflow/example_dags/example_branch_python_dop_operator_3.py
[2026-03-18T07:51:23.726+0000] {processor.py:830} INFO - Processing file /home/airflow/.local/lib/python3.8/site-packages/airflow/example_dags/example_branch_python_dop_operator_3.py for tasks to queue
[2026-03-18T07:51:23.726+0000] {logging_mixin.py:188} INFO - [2026-03-18T07:51:23.726+0000] {dagbag.py:538} INFO - Filling up the DagBag from /home/airflow/.local/lib/python3.8/site-packages/airflow/example_dags/example_branch_python_dop_operator_3.py
[2026-03-18T07:51:23.730+0000] {processor.py:840} INFO - DAG(s) 'example_branch_dop_operator_v3' retrieved from /home/airflow/.local/lib/python3.8/site-packages/airflow/example_dags/example_branch_python_dop_operator_3.py
[2026-03-18T07:51:23.740+0000] {logging_mixin.py:188} INFO - [2026-03-18T07:51:23.740+0000] {dag.py:3036} INFO - Sync 1 DAGs
[2026-03-18T07:51:23.752+0000] {logging_mixin.py:188} INFO - [2026-03-18T07:51:23.751+0000] {dag.py:3823} INFO - Setting next_dagrun for example_branch_dop_operator_v3 to 2026-03-18 07:50:00+00:00, run_after=2026-03-18 07:51:00+00:00
[2026-03-18T07:51:23.762+0000] {processor.py:183} INFO - Processing /home/airflow/.local/lib/python3.8/site-packages/airflow/example_dags/example_branch_python_dop_operator_3.py took 0.041 seconds
[2026-03-18T07:51:54.224+0000] {processor.py:161} INFO - Started process (PID=799) to work on /home/airflow/.local/lib/python3.8/site-packages/airflow/example_dags/example_branch_python_dop_operator_3.py
[2026-03-18T07:51:54.225+0000] {processor.py:830} INFO - Processing file /home/airflow/.local/lib/python3.8/site-packages/airflow/example_dags/example_branch_python_dop_operator_3.py for tasks to queue
[2026-03-18T07:51:54.226+0000] {logging_mixin.py:188} INFO - [2026-03-18T07:51:54.226+0000] {dagbag.py:538} INFO - Filling up the DagBag from /home/airflow/.local/lib/python3.8/site-packages/airflow/example_dags/example_branch_python_dop_operator_3.py
[2026-03-18T07:51:54.230+0000] {processor.py:840} INFO - DAG(s) 'example_branch_dop_operator_v3' retrieved from /home/airflow/.local/lib/python3.8/site-packages/airflow/example_dags/example_branch_python_dop_operator_3.py
[2026-03-18T07:51:54.239+0000] {logging_mixin.py:188} INFO - [2026-03-18T07:51:54.239+0000] {dag.py:3036} INFO - Sync 1 DAGs
[2026-03-18T07:51:54.250+0000] {logging_mixin.py:188} INFO - [2026-03-18T07:51:54.249+0000] {dag.py:3823} INFO - Setting next_dagrun for example_branch_dop_operator_v3 to 2026-03-18 07:50:00+00:00, run_after=2026-03-18 07:51:00+00:00
[2026-03-18T07:51:54.261+0000] {processor.py:183} INFO - Processing /home/airflow/.local/lib/python3.8/site-packages/airflow/example_dags/example_branch_python_dop_operator_3.py took 0.038 seconds
[2026-03-18T07:52:24.759+0000] {processor.py:161} INFO - Started process (PID=855) to work on /home/airflow/.local/lib/python3.8/site-packages/airflow/example_dags/example_branch_python_dop_operator_3.py
[2026-03-18T07:52:24.760+0000] {processor.py:830} INFO - Processing file /home/airflow/.local/lib/python3.8/site-packages/airflow/example_dags/example_branch_python_dop_operator_3.py for tasks to queue
[2026-03-18T07:52:24.761+0000] {logging_mixin.py:188} INFO - [2026-03-18T07:52:24.761+0000] {dagbag.py:538} INFO - Filling up the DagBag from /home/airflow/.local/lib/python3.8/site-packages/airflow/example_dags/example_branch_python_dop_operator_3.py
[2026-03-18T07:52:24.765+0000] {processor.py:840} INFO - DAG(s) 'example_branch_dop_operator_v3' retrieved from /home/airflow/.local/lib/python3.8/site-packages/airflow/example_dags/example_branch_python_dop_operator_3.py
[2026-03-18T07:52:24.778+0000] {logging_mixin.py:188} INFO - [2026-03-18T07:52:24.778+0000] {dag.py:3036} INFO - Sync 1 DAGs
[2026-03-18T07:52:24.791+0000] {logging_mixin.py:188} INFO - [2026-03-18T07:52:24.791+0000] {dag.py:3823} INFO - Setting next_dagrun for example_branch_dop_operator_v3 to 2026-03-18 07:51:00+00:00, run_after=2026-03-18 07:52:00+00:00
[2026-03-18T07:52:24.808+0000] {processor.py:183} INFO - Processing /home/airflow/.local/lib/python3.8/site-packages/airflow/example_dags/example_branch_python_dop_operator_3.py took 0.050 seconds
[2026-03-18T07:52:55.230+0000] {processor.py:161} INFO - Started process (PID=911) to work on /home/airflow/.local/lib/python3.8/site-packages/airflow/example_dags/example_branch_python_dop_operator_3.py
[2026-03-18T07:52:55.231+0000] {processor.py:830} INFO - Processing file /home/airflow/.local/lib/python3.8/site-packages/airflow/example_dags/example_branch_python_dop_operator_3.py for tasks to queue
[2026-03-18T07:52:55.233+0000] {logging_mixin.py:188} INFO - [2026-03-18T07:52:55.233+0000] {dagbag.py:538} INFO - Filling up the DagBag from /home/airflow/.local/lib/python3.8/site-packages/airflow/example_dags/example_branch_python_dop_operator_3.py
[2026-03-18T07:52:55.238+0000] {processor.py:840} INFO - DAG(s) 'example_branch_dop_operator_v3' retrieved from /home/airflow/.local/lib/python3.8/site-packages/airflow/example_dags/example_branch_python_dop_operator_3.py
[2026-03-18T07:52:55.247+0000] {logging_mixin.py:188} INFO - [2026-03-18T07:52:55.247+0000] {dag.py:3036} INFO - Sync 1 DAGs
[2026-03-18T07:52:55.259+0000] {logging_mixin.py:188} INFO - [2026-03-18T07:52:55.259+0000] {dag.py:3823} INFO - Setting next_dagrun for example_branch_dop_operator_v3 to 2026-03-18 07:51:00+00:00, run_after=2026-03-18 07:52:00+00:00
[2026-03-18T07:52:55.267+0000] {processor.py:183} INFO - Processing /home/airflow/.local/lib/python3.8/site-packages/airflow/example_dags/example_branch_python_dop_operator_3.py took 0.039 seconds
[2026-03-18T07:53:25.707+0000] {processor.py:161} INFO - Started process (PID=967) to work on /home/airflow/.local/lib/python3.8/site-packages/airflow/example_dags/example_branch_python_dop_operator_3.py
[2026-03-18T07:53:25.708+0000] {processor.py:830} INFO - Processing file /home/airflow/.local/lib/python3.8/site-packages/airflow/example_dags/example_branch_python_dop_operator_3.py for tasks to queue
[2026-03-18T07:53:25.709+0000] {logging_mixin.py:188} INFO - [2026-03-18T07:53:25.709+0000] {dagbag.py:538} INFO - Filling up the DagBag from /home/airflow/.local/lib/python3.8/site-packages/airflow/example_dags/example_branch_python_dop_operator_3.py
[2026-03-18T07:53:25.713+0000] {processor.py:840} INFO - DAG(s) 'example_branch_dop_operator_v3' retrieved from /home/airflow/.local/lib/python3.8/site-packages/airflow/example_dags/example_branch_python_dop_operator_3.py
[2026-03-18T07:53:25.722+0000] {logging_mixin.py:188} INFO - [2026-03-18T07:53:25.722+0000] {dag.py:3036} INFO - Sync 1 DAGs
[2026-03-18T07:53:25.734+0000] {logging_mixin.py:188} INFO - [2026-03-18T07:53:25.734+0000] {dag.py:3823} INFO - Setting next_dagrun for example_branch_dop_operator_v3 to 2026-03-18 07:52:00+00:00, run_after=2026-03-18 07:53:00+00:00
[2026-03-18T07:53:25.742+0000] {processor.py:183} INFO - Processing /home/airflow/.local/lib/python3.8/site-packages/airflow/example_dags/example_branch_python_dop_operator_3.py took 0.037 seconds
[2026-03-18T07:53:56.210+0000] {processor.py:161} INFO - Started process (PID=1023) to work on /home/airflow/.local/lib/python3.8/site-packages/airflow/example_dags/example_branch_python_dop_operator_3.py
[2026-03-18T07:53:56.210+0000] {processor.py:830} INFO - Processing file /home/airflow/.local/lib/python3.8/site-packages/airflow/example_dags/example_branch_python_dop_operator_3.py for tasks to queue
[2026-03-18T07:53:56.212+0000] {logging_mixin.py:188} INFO - [2026-03-18T07:53:56.212+0000] {dagbag.py:538} INFO - Filling up the DagBag from /home/airflow/.local/lib/python3.8/site-packages/airflow/example_dags/example_branch_python_dop_operator_3.py
[2026-03-18T07:53:56.216+0000] {processor.py:840} INFO - DAG(s) 'example_branch_dop_operator_v3' retrieved from /home/airflow/.local/lib/python3.8/site-packages/airflow/example_dags/example_branch_python_dop_operator_3.py
[2026-03-18T07:53:56.227+0000] {logging_mixin.py:188} INFO - [2026-03-18T07:53:56.227+0000] {dag.py:3036} INFO - Sync 1 DAGs
[2026-03-18T07:53:56.239+0000] {logging_mixin.py:188} INFO - [2026-03-18T07:53:56.239+0000] {dag.py:3823} INFO - Setting next_dagrun for example_branch_dop_operator_v3 to 2026-03-18 07:52:00+00:00, run_after=2026-03-18 07:53:00+00:00
[2026-03-18T07:53:56.247+0000] {processor.py:183} INFO - Processing /home/airflow/.local/lib/python3.8/site-packages/airflow/example_dags/example_branch_python_dop_operator_3.py took 0.038 seconds
[2026-03-18T07:54:26.588+0000] {processor.py:161} INFO - Started process (PID=1079) to work on /home/airflow/.local/lib/python3.8/site-packages/airflow/example_dags/example_branch_python_dop_operator_3.py
[2026-03-18T07:54:26.589+0000] {processor.py:830} INFO - Processing file /home/airflow/.local/lib/python3.8/site-packages/airflow/example_dags/example_branch_python_dop_operator_3.py for tasks to queue
[2026-03-18T07:54:26.592+0000] {logging_mixin.py:188} INFO - [2026-03-18T07:54:26.591+0000] {dagbag.py:538} INFO - Filling up the DagBag from /home/airflow/.local/lib/python3.8/site-packages/airflow/example_dags/example_branch_python_dop_operator_3.py
[2026-03-18T07:54:26.596+0000] {processor.py:840} INFO - DAG(s) 'example_branch_dop_operator_v3' retrieved from /home/airflow/.local/lib/python3.8/site-packages/airflow/example_dags/example_branch_python_dop_operator_3.py
[2026-03-18T07:54:26.611+0000] {logging_mixin.py:188} INFO - [2026-03-18T07:54:26.609+0000] {dag.py:3036} INFO - Sync 1 DAGs
[2026-03-18T07:54:26.621+0000] {logging_mixin.py:188} INFO - [2026-03-18T07:54:26.621+0000] {dag.py:3823} INFO - Setting next_dagrun for example_branch_dop_operator_v3 to 2026-03-18 07:53:00+00:00, run_after=2026-03-18 07:54:00+00:00
[2026-03-18T07:54:26.629+0000] {processor.py:183} INFO - Processing /home/airflow/.local/lib/python3.8/site-packages/airflow/example_dags/example_branch_python_dop_operator_3.py took 0.042 seconds
[2026-03-18T07:54:57.086+0000] {processor.py:161} INFO - Started process (PID=1135) to work on /home/airflow/.local/lib/python3.8/site-packages/airflow/example_dags/example_branch_python_dop_operator_3.py
[2026-03-18T07:54:57.087+0000] {processor.py:830} INFO - Processing file /home/airflow/.local/lib/python3.8/site-packages/airflow/example_dags/example_branch_python_dop_operator_3.py for tasks to queue
[2026-03-18T07:54:57.087+0000] {logging_mixin.py:188} INFO - [2026-03-18T07:54:57.087+0000] {dagbag.py:538} INFO - Filling up the DagBag from /home/airflow/.local/lib/python3.8/site-packages/airflow/example_dags/example_branch_python_dop_operator_3.py
[2026-03-18T07:54:57.095+0000] {processor.py:840} INFO - DAG(s) 'example_branch_dop_operator_v3' retrieved from /home/airflow/.local/lib/python3.8/site-packages/airflow/example_dags/example_branch_python_dop_operator_3.py
[2026-03-18T07:54:57.106+0000] {logging_mixin.py:188} INFO - [2026-03-18T07:54:57.106+0000] {dag.py:3036} INFO - Sync 1 DAGs
[2026-03-18T07:54:57.116+0000] {logging_mixin.py:188} INFO - [2026-03-18T07:54:57.116+0000] {dag.py:3823} INFO - Setting next_dagrun for example_branch_dop_operator_v3 to 2026-03-18 07:53:00+00:00, run_after=2026-03-18 07:54:00+00:00
[2026-03-18T07:54:57.127+0000] {processor.py:183} INFO - Processing /home/airflow/.local/lib/python3.8/site-packages/airflow/example_dags/example_branch_python_dop_operator_3.py took 0.042 seconds
[2026-03-18T07:55:27.539+0000] {processor.py:161} INFO - Started process (PID=1191) to work on /home/airflow/.local/lib/python3.8/site-packages/airflow/example_dags/example_branch_python_dop_operator_3.py
[2026-03-18T07:55:27.540+0000] {processor.py:830} INFO - Processing file /home/airflow/.local/lib/python3.8/site-packages/airflow/example_dags/example_branch_python_dop_operator_3.py for tasks to queue
[2026-03-18T07:55:27.543+0000] {logging_mixin.py:188} INFO - [2026-03-18T07:55:27.543+0000] {dagbag.py:538} INFO - Filling up the DagBag from /home/airflow/.local/lib/python3.8/site-packages/airflow/example_dags/example_branch_python_dop_operator_3.py
[2026-03-18T07:55:27.546+0000] {processor.py:840} INFO - DAG(s) 'example_branch_dop_operator_v3' retrieved from /home/airflow/.local/lib/python3.8/site-packages/airflow/example_dags/example_branch_python_dop_operator_3.py
[2026-03-18T07:55:27.555+0000] {logging_mixin.py:188} INFO - [2026-03-18T07:55:27.554+0000] {dag.py:3036} INFO - Sync 1 DAGs
[2026-03-18T07:55:27.564+0000] {logging_mixin.py:188} INFO - [2026-03-18T07:55:27.564+0000] {dag.py:3823} INFO - Setting next_dagrun for example_branch_dop_operator_v3 to 2026-03-18 07:54:00+00:00, run_after=2026-03-18 07:55:00+00:00
[2026-03-18T07:55:27.571+0000] {processor.py:183} INFO - Processing /home/airflow/.local/lib/python3.8/site-packages/airflow/example_dags/example_branch_python_dop_operator_3.py took 0.033 seconds
[2026-03-18T07:55:57.964+0000] {processor.py:161} INFO - Started process (PID=1247) to work on /home/airflow/.local/lib/python3.8/site-packages/airflow/example_dags/example_branch_python_dop_operator_3.py
[2026-03-18T07:55:57.965+0000] {processor.py:830} INFO - Processing file /home/airflow/.local/lib/python3.8/site-packages/airflow/example_dags/example_branch_python_dop_operator_3.py for tasks to queue
[2026-03-18T07:55:57.966+0000] {logging_mixin.py:188} INFO - [2026-03-18T07:55:57.966+0000] {dagbag.py:538} INFO - Filling up the DagBag from /home/airflow/.local/lib/python3.8/site-packages/airflow/example_dags/example_branch_python_dop_operator_3.py
[2026-03-18T07:55:57.969+0000] {processor.py:840} INFO - DAG(s) 'example_branch_dop_operator_v3' retrieved from /home/airflow/.local/lib/python3.8/site-packages/airflow/example_dags/example_branch_python_dop_operator_3.py
[2026-03-18T07:55:57.980+0000] {logging_mixin.py:188} INFO - [2026-03-18T07:55:57.980+0000] {dag.py:3036} INFO - Sync 1 DAGs
[2026-03-18T07:55:57.989+0000] {logging_mixin.py:188} INFO - [2026-03-18T07:55:57.989+0000] {dag.py:3823} INFO - Setting next_dagrun for example_branch_dop_operator_v3 to 2026-03-18 07:54:00+00:00, run_after=2026-03-18 07:55:00+00:00
[2026-03-18T07:55:57.999+0000] {processor.py:183} INFO - Processing /home/airflow/.local/lib/python3.8/site-packages/airflow/example_dags/example_branch_python_dop_operator_3.py took 0.037 seconds
[2026-03-18T07:56:28.379+0000] {processor.py:161} INFO - Started process (PID=1303) to work on /home/airflow/.local/lib/python3.8/site-packages/airflow/example_dags/example_branch_python_dop_operator_3.py
[2026-03-18T07:56:28.379+0000] {processor.py:830} INFO - Processing file /home/airflow/.local/lib/python3.8/site-packages/airflow/example_dags/example_branch_python_dop_operator_3.py for tasks to queue
[2026-03-18T07:56:28.380+0000] {logging_mixin.py:188} INFO - [2026-03-18T07:56:28.380+0000] {dagbag.py:538} INFO - Filling up the DagBag from /home/airflow/.local/lib/python3.8/site-packages/airflow/example_dags/example_branch_python_dop_operator_3.py
[2026-03-18T07:56:28.385+0000] {processor.py:840} INFO - DAG(s) 'example_branch_dop_operator_v3' retrieved from /home/airflow/.local/lib/python3.8/site-packages/airflow/example_dags/example_branch_python_dop_operator_3.py
[2026-03-18T07:56:28.397+0000] {logging_mixin.py:188} INFO - [2026-03-18T07:56:28.397+0000] {dag.py:3036} INFO - Sync 1 DAGs
[2026-03-18T07:56:28.407+0000] {logging_mixin.py:188} INFO - [2026-03-18T07:56:28.407+0000] {dag.py:3823} INFO - Setting next_dagrun for example_branch_dop_operator_v3 to 2026-03-18 07:55:00+00:00, run_after=2026-03-18 07:56:00+00:00
[2026-03-18T07:56:28.419+0000] {processor.py:183} INFO - Processing /home/airflow/.local/lib/python3.8/site-packages/airflow/example_dags/example_branch_python_dop_operator_3.py took 0.042 seconds
[2026-03-18T07:56:58.851+0000] {processor.py:161} INFO - Started process (PID=1359) to work on /home/airflow/.local/lib/python3.8/site-packages/airflow/example_dags/example_branch_python_dop_operator_3.py
[2026-03-18T07:56:58.854+0000] {processor.py:830} INFO - Processing file /home/airflow/.local/lib/python3.8/site-packages/airflow/example_dags/example_branch_python_dop_operator_3.py for tasks to queue
[2026-03-18T07:56:58.854+0000] {logging_mixin.py:188} INFO - [2026-03-18T07:56:58.854+0000] {dagbag.py:538} INFO - Filling up the DagBag from /home/airflow/.local/lib/python3.8/site-packages/airflow/example_dags/example_branch_python_dop_operator_3.py
[2026-03-18T07:56:58.859+0000] {processor.py:840} INFO - DAG(s) 'example_branch_dop_operator_v3' retrieved from /home/airflow/.local/lib/python3.8/site-packages/airflow/example_dags/example_branch_python_dop_operator_3.py
[2026-03-18T07:56:58.870+0000] {logging_mixin.py:188} INFO - [2026-03-18T07:56:58.870+0000] {dag.py:3036} INFO - Sync 1 DAGs
[2026-03-18T07:56:58.883+0000] {logging_mixin.py:188} INFO - [2026-03-18T07:56:58.883+0000] {dag.py:3823} INFO - Setting next_dagrun for example_branch_dop_operator_v3 to 2026-03-18 07:55:00+00:00, run_after=2026-03-18 07:56:00+00:00
[2026-03-18T07:56:58.892+0000] {processor.py:183} INFO - Processing /home/airflow/.local/lib/python3.8/site-packages/airflow/example_dags/example_branch_python_dop_operator_3.py took 0.042 seconds
[2026-03-18T07:57:29.330+0000] {processor.py:161} INFO - Started process (PID=1415) to work on /home/airflow/.local/lib/python3.8/site-packages/airflow/example_dags/example_branch_python_dop_operator_3.py
[2026-03-18T07:57:29.331+0000] {processor.py:830} INFO - Processing file /home/airflow/.local/lib/python3.8/site-packages/airflow/example_dags/example_branch_python_dop_operator_3.py for tasks to queue
[2026-03-18T07:57:29.332+0000] {logging_mixin.py:188} INFO - [2026-03-18T07:57:29.332+0000] {dagbag.py:538} INFO - Filling up the DagBag from /home/airflow/.local/lib/python3.8/site-packages/airflow/example_dags/example_branch_python_dop_operator_3.py
[2026-03-18T07:57:29.336+0000] {processor.py:840} INFO - DAG(s) 'example_branch_dop_operator_v3' retrieved from /home/airflow/.local/lib/python3.8/site-packages/airflow/example_dags/example_branch_python_dop_operator_3.py
[2026-03-18T07:57:29.347+0000] {logging_mixin.py:188} INFO - [2026-03-18T07:57:29.347+0000] {dag.py:3036} INFO - Sync 1 DAGs
[2026-03-18T07:57:29.356+0000] {logging_mixin.py:188} INFO - [2026-03-18T07:57:29.356+0000] {dag.py:3823} INFO - Setting next_dagrun for example_branch_dop_operator_v3 to 2026-03-18 07:56:00+00:00, run_after=2026-03-18 07:57:00+00:00
[2026-03-18T07:57:29.367+0000] {processor.py:183} INFO - Processing /home/airflow/.local/lib/python3.8/site-packages/airflow/example_dags/example_branch_python_dop_operator_3.py took 0.039 seconds
[2026-03-18T07:57:59.899+0000] {processor.py:161} INFO - Started process (PID=1471) to work on /home/airflow/.local/lib/python3.8/site-packages/airflow/example_dags/example_branch_python_dop_operator_3.py
[2026-03-18T07:57:59.901+0000] {processor.py:830} INFO - Processing file /home/airflow/.local/lib/python3.8/site-packages/airflow/example_dags/example_branch_python_dop_operator_3.py for tasks to queue
[2026-03-18T07:57:59.902+0000] {logging_mixin.py:188} INFO - [2026-03-18T07:57:59.902+0000] {dagbag.py:538} INFO - Filling up the DagBag from /home/airflow/.local/lib/python3.8/site-packages/airflow/example_dags/example_branch_python_dop_operator_3.py
[2026-03-18T07:57:59.906+0000] {processor.py:840} INFO - DAG(s) 'example_branch_dop_operator_v3' retrieved from /home/airflow/.local/lib/python3.8/site-packages/airflow/example_dags/example_branch_python_dop_operator_3.py
[2026-03-18T07:57:59.916+0000] {logging_mixin.py:188} INFO - [2026-03-18T07:57:59.916+0000] {dag.py:3036} INFO - Sync 1 DAGs
[2026-03-18T07:57:59.928+0000] {logging_mixin.py:188} INFO - [2026-03-18T07:57:59.928+0000] {dag.py:3823} INFO - Setting next_dagrun for example_branch_dop_operator_v3 to 2026-03-18 07:56:00+00:00, run_after=2026-03-18 07:57:00+00:00
[2026-03-18T07:57:59.944+0000] {processor.py:183} INFO - Processing /home/airflow/.local/lib/python3.8/site-packages/airflow/example_dags/example_branch_python_dop_operator_3.py took 0.046 seconds
[2026-03-18T07:58:30.300+0000] {processor.py:161} INFO - Started process (PID=1527) to work on /home/airflow/.local/lib/python3.8/site-packages/airflow/example_dags/example_branch_python_dop_operator_3.py
[2026-03-18T07:58:30.301+0000] {processor.py:830} INFO - Processing file /home/airflow/.local/lib/python3.8/site-packages/airflow/example_dags/example_branch_python_dop_operator_3.py for tasks to queue
[2026-03-18T07:58:30.303+0000] {logging_mixin.py:188} INFO - [2026-03-18T07:58:30.303+0000] {dagbag.py:538} INFO - Filling up the DagBag from /home/airflow/.local/lib/python3.8/site-packages/airflow/example_dags/example_branch_python_dop_operator_3.py
[2026-03-18T07:58:30.308+0000] {processor.py:840} INFO - DAG(s) 'example_branch_dop_operator_v3' retrieved from /home/airflow/.local/lib/python3.8/site-packages/airflow/example_dags/example_branch_python_dop_operator_3.py
[2026-03-18T07:58:30.321+0000] {logging_mixin.py:188} INFO - [2026-03-18T07:58:30.321+0000] {dag.py:3036} INFO - Sync 1 DAGs
[2026-03-18T07:58:30.331+0000] {logging_mixin.py:188} INFO - [2026-03-18T07:58:30.331+0000] {dag.py:3823} INFO - Setting next_dagrun for example_branch_dop_operator_v3 to 2026-03-18 07:57:00+00:00, run_after=2026-03-18 07:58:00+00:00
[2026-03-18T07:58:30.344+0000] {processor.py:183} INFO - Processing /home/airflow/.local/lib/python3.8/site-packages/airflow/example_dags/example_branch_python_dop_operator_3.py took 0.045 seconds
[2026-03-18T07:59:00.870+0000] {processor.py:161} INFO - Started process (PID=1583) to work on /home/airflow/.local/lib/python3.8/site-packages/airflow/example_dags/example_branch_python_dop_operator_3.py
[2026-03-18T07:59:00.871+0000] {processor.py:830} INFO - Processing file /home/airflow/.local/lib/python3.8/site-packages/airflow/example_dags/example_branch_python_dop_operator_3.py for tasks to queue
[2026-03-18T07:59:00.873+0000] {logging_mixin.py:188} INFO - [2026-03-18T07:59:00.873+0000] {dagbag.py:538} INFO - Filling up the DagBag from /home/airflow/.local/lib/python3.8/site-packages/airflow/example_dags/example_branch_python_dop_operator_3.py
[2026-03-18T07:59:00.877+0000] {processor.py:840} INFO - DAG(s) 'example_branch_dop_operator_v3' retrieved from /home/airflow/.local/lib/python3.8/site-packages/airflow/example_dags/example_branch_python_dop_operator_3.py
[2026-03-18T07:59:00.885+0000] {logging_mixin.py:188} INFO - [2026-03-18T07:59:00.885+0000] {dag.py:3036} INFO - Sync 1 DAGs
[2026-03-18T07:59:00.898+0000] {logging_mixin.py:188} INFO - [2026-03-18T07:59:00.898+0000] {dag.py:3823} INFO - Setting next_dagrun for example_branch_dop_operator_v3 to 2026-03-18 07:58:00+00:00, run_after=2026-03-18 07:59:00+00:00
[2026-03-18T07:59:00.907+0000] {processor.py:183} INFO - Processing /home/airflow/.local/lib/python3.8/site-packages/airflow/example_dags/example_branch_python_dop_operator_3.py took 0.039 seconds
[2026-03-18T07:59:31.379+0000] {processor.py:161} INFO - Started process (PID=1639) to work on /home/airflow/.local/lib/python3.8/site-packages/airflow/example_dags/example_branch_python_dop_operator_3.py
[2026-03-18T07:59:31.379+0000] {processor.py:830} INFO - Processing file /home/airflow/.local/lib/python3.8/site-packages/airflow/example_dags/example_branch_python_dop_operator_3.py for tasks to queue
[2026-03-18T07:59:31.380+0000] {logging_mixin.py:188} INFO - [2026-03-18T07:59:31.380+0000] {dagbag.py:538} INFO - Filling up the DagBag from /home/airflow/.local/lib/python3.8/site-packages/airflow/example_dags/example_branch_python_dop_operator_3.py
[2026-03-18T07:59:31.385+0000] {processor.py:840} INFO - DAG(s) 'example_branch_dop_operator_v3' retrieved from /home/airflow/.local/lib/python3.8/site-packages/airflow/example_dags/example_branch_python_dop_operator_3.py
[2026-03-18T07:59:31.400+0000] {logging_mixin.py:188} INFO - [2026-03-18T07:59:31.400+0000] {dag.py:3036} INFO - Sync 1 DAGs
[2026-03-18T07:59:31.410+0000] {logging_mixin.py:188} INFO - [2026-03-18T07:59:31.410+0000] {dag.py:3823} INFO - Setting next_dagrun for example_branch_dop_operator_v3 to 2026-03-18 07:58:00+00:00, run_after=2026-03-18 07:59:00+00:00
[2026-03-18T07:59:31.424+0000] {processor.py:183} INFO - Processing /home/airflow/.local/lib/python3.8/site-packages/airflow/example_dags/example_branch_python_dop_operator_3.py took 0.047 seconds
[2026-03-18T08:00:01.985+0000] {processor.py:161} INFO - Started process (PID=75) to work on /home/airflow/.local/lib/python3.8/site-packages/airflow/example_dags/example_branch_python_dop_operator_3.py
[2026-03-18T08:00:01.986+0000] {processor.py:830} INFO - Processing file /home/airflow/.local/lib/python3.8/site-packages/airflow/example_dags/example_branch_python_dop_operator_3.py for tasks to queue
[2026-03-18T08:00:01.987+0000] {logging_mixin.py:188} INFO - [2026-03-18T08:00:01.987+0000] {dagbag.py:538} INFO - Filling up the DagBag from /home/airflow/.local/lib/python3.8/site-packages/airflow/example_dags/example_branch_python_dop_operator_3.py
[2026-03-18T08:00:01.992+0000] {processor.py:840} INFO - DAG(s) 'example_branch_dop_operator_v3' retrieved from /home/airflow/.local/lib/python3.8/site-packages/airflow/example_dags/example_branch_python_dop_operator_3.py
[2026-03-18T08:00:02.002+0000] {logging_mixin.py:188} INFO - [2026-03-18T08:00:02.002+0000] {dag.py:3036} INFO - Sync 1 DAGs
[2026-03-18T08:00:02.019+0000] {logging_mixin.py:188} INFO - [2026-03-18T08:00:02.019+0000] {dag.py:3823} INFO - Setting next_dagrun for example_branch_dop_operator_v3 to 2026-03-18 07:59:00+00:00, run_after=2026-03-18 08:00:00+00:00
[2026-03-18T08:00:02.032+0000] {processor.py:183} INFO - Processing /home/airflow/.local/lib/python3.8/site-packages/airflow/example_dags/example_branch_python_dop_operator_3.py took 0.048 seconds
[2026-03-18T08:00:32.606+0000] {processor.py:161} INFO - Started process (PID=130) to work on /home/airflow/.local/lib/python3.8/site-packages/airflow/example_dags/example_branch_python_dop_operator_3.py
[2026-03-18T08:00:32.606+0000] {processor.py:830} INFO - Processing file /home/airflow/.local/lib/python3.8/site-packages/airflow/example_dags/example_branch_python_dop_operator_3.py for tasks to queue
[2026-03-18T08:00:32.607+0000] {logging_mixin.py:188} INFO - [2026-03-18T08:00:32.607+0000] {dagbag.py:538} INFO - Filling up the DagBag from /home/airflow/.local/lib/python3.8/site-packages/airflow/example_dags/example_branch_python_dop_operator_3.py
[2026-03-18T08:00:32.610+0000] {processor.py:840} INFO - DAG(s) 'example_branch_dop_operator_v3' retrieved from /home/airflow/.local/lib/python3.8/site-packages/airflow/example_dags/example_branch_python_dop_operator_3.py
[2026-03-18T08:00:32.656+0000] {logging_mixin.py:188} INFO - [2026-03-18T08:00:32.656+0000] {dag.py:3036} INFO - Sync 1 DAGs
[2026-03-18T08:00:32.665+0000] {logging_mixin.py:188} INFO - [2026-03-18T08:00:32.665+0000] {dag.py:3823} INFO - Setting next_dagrun for example_branch_dop_operator_v3 to 2026-03-18 07:59:00+00:00, run_after=2026-03-18 08:00:00+00:00
[2026-03-18T08:00:32.672+0000] {processor.py:183} INFO - Processing /home/airflow/.local/lib/python3.8/site-packages/airflow/example_dags/example_branch_python_dop_operator_3.py took 0.068 seconds
[2026-03-18T08:01:03.391+0000] {processor.py:161} INFO - Started process (PID=186) to work on /home/airflow/.local/lib/python3.8/site-packages/airflow/example_dags/example_branch_python_dop_operator_3.py
[2026-03-18T08:01:03.392+0000] {processor.py:830} INFO - Processing file /home/airflow/.local/lib/python3.8/site-packages/airflow/example_dags/example_branch_python_dop_operator_3.py for tasks to queue
[2026-03-18T08:01:03.393+0000] {logging_mixin.py:188} INFO - [2026-03-18T08:01:03.393+0000] {dagbag.py:538} INFO - Filling up the DagBag from /home/airflow/.local/lib/python3.8/site-packages/airflow/example_dags/example_branch_python_dop_operator_3.py
[2026-03-18T08:01:03.396+0000] {processor.py:840} INFO - DAG(s) 'example_branch_dop_operator_v3' retrieved from /home/airflow/.local/lib/python3.8/site-packages/airflow/example_dags/example_branch_python_dop_operator_3.py
[2026-03-18T08:01:03.404+0000] {logging_mixin.py:188} INFO - [2026-03-18T08:01:03.404+0000] {dag.py:3036} INFO - Sync 1 DAGs
[2026-03-18T08:01:03.414+0000] {logging_mixin.py:188} INFO - [2026-03-18T08:01:03.413+0000] {dag.py:3823} INFO - Setting next_dagrun for example_branch_dop_operator_v3 to 2026-03-18 08:00:00+00:00, run_after=2026-03-18 08:01:00+00:00
[2026-03-18T08:01:03.423+0000] {processor.py:183} INFO - Processing /home/airflow/.local/lib/python3.8/site-packages/airflow/example_dags/example_branch_python_dop_operator_3.py took 0.033 seconds
[2026-03-18T08:01:33.877+0000] {processor.py:161} INFO - Started process (PID=242) to work on /home/airflow/.local/lib/python3.8/site-packages/airflow/example_dags/example_branch_python_dop_operator_3.py
[2026-03-18T08:01:33.879+0000] {processor.py:830} INFO - Processing file /home/airflow/.local/lib/python3.8/site-packages/airflow/example_dags/example_branch_python_dop_operator_3.py for tasks to queue
[2026-03-18T08:01:33.880+0000] {logging_mixin.py:188} INFO - [2026-03-18T08:01:33.880+0000] {dagbag.py:538} INFO - Filling up the DagBag from /home/airflow/.local/lib/python3.8/site-packages/airflow/example_dags/example_branch_python_dop_operator_3.py
[2026-03-18T08:01:33.885+0000] {processor.py:840} INFO - DAG(s) 'example_branch_dop_operator_v3' retrieved from /home/airflow/.local/lib/python3.8/site-packages/airflow/example_dags/example_branch_python_dop_operator_3.py
[2026-03-18T08:01:33.897+0000] {logging_mixin.py:188} INFO - [2026-03-18T08:01:33.897+0000] {dag.py:3036} INFO - Sync 1 DAGs
[2026-03-18T08:01:33.908+0000] {logging_mixin.py:188} INFO - [2026-03-18T08:01:33.908+0000] {dag.py:3823} INFO - Setting next_dagrun for example_branch_dop_operator_v3 to 2026-03-18 08:00:00+00:00, run_after=2026-03-18 08:01:00+00:00
[2026-03-18T08:01:33.915+0000] {processor.py:183} INFO - Processing /home/airflow/.local/lib/python3.8/site-packages/airflow/example_dags/example_branch_python_dop_operator_3.py took 0.039 seconds
[2026-03-18T08:02:04.462+0000] {processor.py:161} INFO - Started process (PID=297) to work on /home/airflow/.local/lib/python3.8/site-packages/airflow/example_dags/example_branch_python_dop_operator_3.py
[2026-03-18T08:02:04.463+0000] {processor.py:830} INFO - Processing file /home/airflow/.local/lib/python3.8/site-packages/airflow/example_dags/example_branch_python_dop_operator_3.py for tasks to queue
[2026-03-18T08:02:04.463+0000] {logging_mixin.py:188} INFO - [2026-03-18T08:02:04.463+0000] {dagbag.py:538} INFO - Filling up the DagBag from /home/airflow/.local/lib/python3.8/site-packages/airflow/example_dags/example_branch_python_dop_operator_3.py
[2026-03-18T08:02:04.471+0000] {processor.py:840} INFO - DAG(s) 'example_branch_dop_operator_v3' retrieved from /home/airflow/.local/lib/python3.8/site-packages/airflow/example_dags/example_branch_python_dop_operator_3.py
[2026-03-18T08:02:04.482+0000] {logging_mixin.py:188} INFO - [2026-03-18T08:02:04.482+0000] {dag.py:3036} INFO - Sync 1 DAGs
[2026-03-18T08:02:04.494+0000] {logging_mixin.py:188} INFO - [2026-03-18T08:02:04.493+0000] {dag.py:3823} INFO - Setting next_dagrun for example_branch_dop_operator_v3 to 2026-03-18 08:01:00+00:00, run_after=2026-03-18 08:02:00+00:00
[2026-03-18T08:02:04.508+0000] {processor.py:183} INFO - Processing /home/airflow/.local/lib/python3.8/site-packages/airflow/example_dags/example_branch_python_dop_operator_3.py took 0.048 seconds
[2026-03-18T08:02:35.054+0000] {processor.py:161} INFO - Started process (PID=353) to work on /home/airflow/.local/lib/python3.8/site-packages/airflow/example_dags/example_branch_python_dop_operator_3.py
[2026-03-18T08:02:35.056+0000] {processor.py:830} INFO - Processing file /home/airflow/.local/lib/python3.8/site-packages/airflow/example_dags/example_branch_python_dop_operator_3.py for tasks to queue
[2026-03-18T08:02:35.057+0000] {logging_mixin.py:188} INFO - [2026-03-18T08:02:35.057+0000] {dagbag.py:538} INFO - Filling up the DagBag from /home/airflow/.local/lib/python3.8/site-packages/airflow/example_dags/example_branch_python_dop_operator_3.py
[2026-03-18T08:02:35.063+0000] {processor.py:840} INFO - DAG(s) 'example_branch_dop_operator_v3' retrieved from /home/airflow/.local/lib/python3.8/site-packages/airflow/example_dags/example_branch_python_dop_operator_3.py
[2026-03-18T08:02:35.075+0000] {logging_mixin.py:188} INFO - [2026-03-18T08:02:35.075+0000] {dag.py:3036} INFO - Sync 1 DAGs
[2026-03-18T08:02:35.086+0000] {logging_mixin.py:188} INFO - [2026-03-18T08:02:35.086+0000] {dag.py:3823} INFO - Setting next_dagrun for example_branch_dop_operator_v3 to 2026-03-18 08:01:00+00:00, run_after=2026-03-18 08:02:00+00:00
[2026-03-18T08:02:35.096+0000] {processor.py:183} INFO - Processing /home/airflow/.local/lib/python3.8/site-packages/airflow/example_dags/example_branch_python_dop_operator_3.py took 0.044 seconds
[2026-03-18T08:03:05.634+0000] {processor.py:161} INFO - Started process (PID=415) to work on /home/airflow/.local/lib/python3.8/site-packages/airflow/example_dags/example_branch_python_dop_operator_3.py
[2026-03-18T08:03:05.634+0000] {processor.py:830} INFO - Processing file /home/airflow/.local/lib/python3.8/site-packages/airflow/example_dags/example_branch_python_dop_operator_3.py for tasks to queue
[2026-03-18T08:03:05.635+0000] {logging_mixin.py:188} INFO - [2026-03-18T08:03:05.635+0000] {dagbag.py:538} INFO - Filling up the DagBag from /home/airflow/.local/lib/python3.8/site-packages/airflow/example_dags/example_branch_python_dop_operator_3.py
[2026-03-18T08:03:05.639+0000] {processor.py:840} INFO - DAG(s) 'example_branch_dop_operator_v3' retrieved from /home/airflow/.local/lib/python3.8/site-packages/airflow/example_dags/example_branch_python_dop_operator_3.py
[2026-03-18T08:03:05.647+0000] {logging_mixin.py:188} INFO - [2026-03-18T08:03:05.647+0000] {dag.py:3036} INFO - Sync 1 DAGs
[2026-03-18T08:03:05.660+0000] {logging_mixin.py:188} INFO - [2026-03-18T08:03:05.660+0000] {dag.py:3823} INFO - Setting next_dagrun for example_branch_dop_operator_v3 to 2026-03-18 08:02:00+00:00, run_after=2026-03-18 08:03:00+00:00
[2026-03-18T08:03:05.669+0000] {processor.py:183} INFO - Processing /home/airflow/.local/lib/python3.8/site-packages/airflow/example_dags/example_branch_python_dop_operator_3.py took 0.037 seconds
[2026-03-18T08:03:36.258+0000] {processor.py:161} INFO - Started process (PID=471) to work on /home/airflow/.local/lib/python3.8/site-packages/airflow/example_dags/example_branch_python_dop_operator_3.py
[2026-03-18T08:03:36.259+0000] {processor.py:830} INFO - Processing file /home/airflow/.local/lib/python3.8/site-packages/airflow/example_dags/example_branch_python_dop_operator_3.py for tasks to queue
[2026-03-18T08:03:36.260+0000] {logging_mixin.py:188} INFO - [2026-03-18T08:03:36.260+0000] {dagbag.py:538} INFO - Filling up the DagBag from /home/airflow/.local/lib/python3.8/site-packages/airflow/example_dags/example_branch_python_dop_operator_3.py
[2026-03-18T08:03:36.265+0000] {processor.py:840} INFO - DAG(s) 'example_branch_dop_operator_v3' retrieved from /home/airflow/.local/lib/python3.8/site-packages/airflow/example_dags/example_branch_python_dop_operator_3.py
[2026-03-18T08:03:36.274+0000] {logging_mixin.py:188} INFO - [2026-03-18T08:03:36.274+0000] {dag.py:3036} INFO - Sync 1 DAGs
[2026-03-18T08:03:36.284+0000] {logging_mixin.py:188} INFO - [2026-03-18T08:03:36.284+0000] {dag.py:3823} INFO - Setting next_dagrun for example_branch_dop_operator_v3 to 2026-03-18 08:02:00+00:00, run_after=2026-03-18 08:03:00+00:00
[2026-03-18T08:03:36.294+0000] {processor.py:183} INFO - Processing /home/airflow/.local/lib/python3.8/site-packages/airflow/example_dags/example_branch_python_dop_operator_3.py took 0.038 seconds
[2026-03-18T08:04:06.835+0000] {processor.py:161} INFO - Started process (PID=527) to work on /home/airflow/.local/lib/python3.8/site-packages/airflow/example_dags/example_branch_python_dop_operator_3.py
[2026-03-18T08:04:06.836+0000] {processor.py:830} INFO - Processing file /home/airflow/.local/lib/python3.8/site-packages/airflow/example_dags/example_branch_python_dop_operator_3.py for tasks to queue
[2026-03-18T08:04:06.838+0000] {logging_mixin.py:188} INFO - [2026-03-18T08:04:06.837+0000] {dagbag.py:538} INFO - Filling up the DagBag from /home/airflow/.local/lib/python3.8/site-packages/airflow/example_dags/example_branch_python_dop_operator_3.py
[2026-03-18T08:04:06.842+0000] {processor.py:840} INFO - DAG(s) 'example_branch_dop_operator_v3' retrieved from /home/airflow/.local/lib/python3.8/site-packages/airflow/example_dags/example_branch_python_dop_operator_3.py
[2026-03-18T08:04:06.854+0000] {logging_mixin.py:188} INFO - [2026-03-18T08:04:06.854+0000] {dag.py:3036} INFO - Sync 1 DAGs
[2026-03-18T08:04:06.864+0000] {logging_mixin.py:188} INFO - [2026-03-18T08:04:06.864+0000] {dag.py:3823} INFO - Setting next_dagrun for example_branch_dop_operator_v3 to 2026-03-18 08:03:00+00:00, run_after=2026-03-18 08:04:00+00:00
[2026-03-18T08:04:06.877+0000] {processor.py:183} INFO - Processing /home/airflow/.local/lib/python3.8/site-packages/airflow/example_dags/example_branch_python_dop_operator_3.py took 0.044 seconds
[2026-03-18T08:04:29.772+0000] {processor.py:161} INFO - Started process (PID=75) to work on /home/airflow/.local/lib/python3.8/site-packages/airflow/example_dags/example_branch_python_dop_operator_3.py
[2026-03-18T08:04:29.773+0000] {processor.py:830} INFO - Processing file /home/airflow/.local/lib/python3.8/site-packages/airflow/example_dags/example_branch_python_dop_operator_3.py for tasks to queue
[2026-03-18T08:04:29.774+0000] {logging_mixin.py:188} INFO - [2026-03-18T08:04:29.774+0000] {dagbag.py:538} INFO - Filling up the DagBag from /home/airflow/.local/lib/python3.8/site-packages/airflow/example_dags/example_branch_python_dop_operator_3.py
[2026-03-18T08:04:29.780+0000] {processor.py:840} INFO - DAG(s) 'example_branch_dop_operator_v3' retrieved from /home/airflow/.local/lib/python3.8/site-packages/airflow/example_dags/example_branch_python_dop_operator_3.py
[2026-03-18T08:04:29.790+0000] {logging_mixin.py:188} INFO - [2026-03-18T08:04:29.790+0000] {dag.py:3036} INFO - Sync 1 DAGs
[2026-03-18T08:04:29.809+0000] {logging_mixin.py:188} INFO - [2026-03-18T08:04:29.809+0000] {dag.py:3823} INFO - Setting next_dagrun for example_branch_dop_operator_v3 to 2026-03-18 08:03:00+00:00, run_after=2026-03-18 08:04:00+00:00
[2026-03-18T08:04:29.825+0000] {processor.py:183} INFO - Processing /home/airflow/.local/lib/python3.8/site-packages/airflow/example_dags/example_branch_python_dop_operator_3.py took 0.055 seconds
[2026-03-18T08:05:00.369+0000] {processor.py:161} INFO - Started process (PID=131) to work on /home/airflow/.local/lib/python3.8/site-packages/airflow/example_dags/example_branch_python_dop_operator_3.py
[2026-03-18T08:05:00.369+0000] {processor.py:830} INFO - Processing file /home/airflow/.local/lib/python3.8/site-packages/airflow/example_dags/example_branch_python_dop_operator_3.py for tasks to queue
[2026-03-18T08:05:00.371+0000] {logging_mixin.py:188} INFO - [2026-03-18T08:05:00.371+0000] {dagbag.py:538} INFO - Filling up the DagBag from /home/airflow/.local/lib/python3.8/site-packages/airflow/example_dags/example_branch_python_dop_operator_3.py
[2026-03-18T08:05:00.378+0000] {processor.py:840} INFO - DAG(s) 'example_branch_dop_operator_v3' retrieved from /home/airflow/.local/lib/python3.8/site-packages/airflow/example_dags/example_branch_python_dop_operator_3.py
[2026-03-18T08:05:00.424+0000] {logging_mixin.py:188} INFO - [2026-03-18T08:05:00.424+0000] {dag.py:3036} INFO - Sync 1 DAGs
[2026-03-18T08:05:00.436+0000] {logging_mixin.py:188} INFO - [2026-03-18T08:05:00.436+0000] {dag.py:3823} INFO - Setting next_dagrun for example_branch_dop_operator_v3 to 2026-03-18 08:04:00+00:00, run_after=2026-03-18 08:05:00+00:00
[2026-03-18T08:05:00.453+0000] {processor.py:183} INFO - Processing /home/airflow/.local/lib/python3.8/site-packages/airflow/example_dags/example_branch_python_dop_operator_3.py took 0.085 seconds
[2026-03-18T08:05:31.363+0000] {processor.py:161} INFO - Started process (PID=186) to work on /home/airflow/.local/lib/python3.8/site-packages/airflow/example_dags/example_branch_python_dop_operator_3.py
[2026-03-18T08:05:31.364+0000] {processor.py:830} INFO - Processing file /home/airflow/.local/lib/python3.8/site-packages/airflow/example_dags/example_branch_python_dop_operator_3.py for tasks to queue
[2026-03-18T08:05:31.366+0000] {logging_mixin.py:188} INFO - [2026-03-18T08:05:31.366+0000] {dagbag.py:538} INFO - Filling up the DagBag from /home/airflow/.local/lib/python3.8/site-packages/airflow/example_dags/example_branch_python_dop_operator_3.py
[2026-03-18T08:05:31.372+0000] {processor.py:840} INFO - DAG(s) 'example_branch_dop_operator_v3' retrieved from /home/airflow/.local/lib/python3.8/site-packages/airflow/example_dags/example_branch_python_dop_operator_3.py
[2026-03-18T08:05:31.386+0000] {logging_mixin.py:188} INFO - [2026-03-18T08:05:31.385+0000] {dag.py:3036} INFO - Sync 1 DAGs
[2026-03-18T08:05:31.405+0000] {logging_mixin.py:188} INFO - [2026-03-18T08:05:31.405+0000] {dag.py:3823} INFO - Setting next_dagrun for example_branch_dop_operator_v3 to 2026-03-18 08:04:00+00:00, run_after=2026-03-18 08:05:00+00:00
[2026-03-18T08:05:31.428+0000] {processor.py:183} INFO - Processing /home/airflow/.local/lib/python3.8/site-packages/airflow/example_dags/example_branch_python_dop_operator_3.py took 0.068 seconds
[2026-03-18T08:06:14.954+0000] {processor.py:161} INFO - Started process (PID=121) to work on /home/airflow/.local/lib/python3.8/site-packages/airflow/example_dags/example_branch_python_dop_operator_3.py
[2026-03-18T08:06:14.955+0000] {processor.py:830} INFO - Processing file /home/airflow/.local/lib/python3.8/site-packages/airflow/example_dags/example_branch_python_dop_operator_3.py for tasks to queue
[2026-03-18T08:06:14.955+0000] {logging_mixin.py:188} INFO - [2026-03-18T08:06:14.955+0000] {dagbag.py:538} INFO - Filling up the DagBag from /home/airflow/.local/lib/python3.8/site-packages/airflow/example_dags/example_branch_python_dop_operator_3.py
[2026-03-18T08:06:14.964+0000] {processor.py:840} INFO - DAG(s) 'example_branch_dop_operator_v3' retrieved from /home/airflow/.local/lib/python3.8/site-packages/airflow/example_dags/example_branch_python_dop_operator_3.py
[2026-03-18T08:06:15.024+0000] {logging_mixin.py:188} INFO - [2026-03-18T08:06:15.024+0000] {dag.py:3036} INFO - Sync 1 DAGs
[2026-03-18T08:06:15.035+0000] {logging_mixin.py:188} INFO - [2026-03-18T08:06:15.035+0000] {dag.py:3823} INFO - Setting next_dagrun for example_branch_dop_operator_v3 to 2026-03-18 08:05:00+00:00, run_after=2026-03-18 08:06:00+00:00
[2026-03-18T08:06:15.043+0000] {processor.py:183} INFO - Processing /home/airflow/.local/lib/python3.8/site-packages/airflow/example_dags/example_branch_python_dop_operator_3.py took 0.090 seconds
[2026-03-18T08:06:45.578+0000] {processor.py:161} INFO - Started process (PID=177) to work on /home/airflow/.local/lib/python3.8/site-packages/airflow/example_dags/example_branch_python_dop_operator_3.py
[2026-03-18T08:06:45.579+0000] {processor.py:830} INFO - Processing file /home/airflow/.local/lib/python3.8/site-packages/airflow/example_dags/example_branch_python_dop_operator_3.py for tasks to queue
[2026-03-18T08:06:45.580+0000] {logging_mixin.py:188} INFO - [2026-03-18T08:06:45.580+0000] {dagbag.py:538} INFO - Filling up the DagBag from /home/airflow/.local/lib/python3.8/site-packages/airflow/example_dags/example_branch_python_dop_operator_3.py
[2026-03-18T08:06:45.586+0000] {processor.py:840} INFO - DAG(s) 'example_branch_dop_operator_v3' retrieved from /home/airflow/.local/lib/python3.8/site-packages/airflow/example_dags/example_branch_python_dop_operator_3.py
[2026-03-18T08:06:45.602+0000] {logging_mixin.py:188} INFO - [2026-03-18T08:06:45.602+0000] {dag.py:3036} INFO - Sync 1 DAGs
[2026-03-18T08:06:45.615+0000] {logging_mixin.py:188} INFO - [2026-03-18T08:06:45.615+0000] {dag.py:3823} INFO - Setting next_dagrun for example_branch_dop_operator_v3 to 2026-03-18 08:05:00+00:00, run_after=2026-03-18 08:06:00+00:00
[2026-03-18T08:06:45.627+0000] {processor.py:183} INFO - Processing /home/airflow/.local/lib/python3.8/site-packages/airflow/example_dags/example_branch_python_dop_operator_3.py took 0.052 seconds
[2026-03-18T08:07:16.235+0000] {processor.py:161} INFO - Started process (PID=239) to work on /home/airflow/.local/lib/python3.8/site-packages/airflow/example_dags/example_branch_python_dop_operator_3.py
[2026-03-18T08:07:16.235+0000] {processor.py:830} INFO - Processing file /home/airflow/.local/lib/python3.8/site-packages/airflow/example_dags/example_branch_python_dop_operator_3.py for tasks to queue
[2026-03-18T08:07:16.236+0000] {logging_mixin.py:188} INFO - [2026-03-18T08:07:16.236+0000] {dagbag.py:538} INFO - Filling up the DagBag from /home/airflow/.local/lib/python3.8/site-packages/airflow/example_dags/example_branch_python_dop_operator_3.py
[2026-03-18T08:07:16.240+0000] {processor.py:840} INFO - DAG(s) 'example_branch_dop_operator_v3' retrieved from /home/airflow/.local/lib/python3.8/site-packages/airflow/example_dags/example_branch_python_dop_operator_3.py
[2026-03-18T08:07:16.252+0000] {logging_mixin.py:188} INFO - [2026-03-18T08:07:16.252+0000] {dag.py:3036} INFO - Sync 1 DAGs
[2026-03-18T08:07:16.265+0000] {logging_mixin.py:188} INFO - [2026-03-18T08:07:16.265+0000] {dag.py:3823} INFO - Setting next_dagrun for example_branch_dop_operator_v3 to 2026-03-18 08:06:00+00:00, run_after=2026-03-18 08:07:00+00:00
[2026-03-18T08:07:16.274+0000] {processor.py:183} INFO - Processing /home/airflow/.local/lib/python3.8/site-packages/airflow/example_dags/example_branch_python_dop_operator_3.py took 0.041 seconds
[2026-03-18T08:07:46.738+0000] {processor.py:161} INFO - Started process (PID=295) to work on /home/airflow/.local/lib/python3.8/site-packages/airflow/example_dags/example_branch_python_dop_operator_3.py
[2026-03-18T08:07:46.739+0000] {processor.py:830} INFO - Processing file /home/airflow/.local/lib/python3.8/site-packages/airflow/example_dags/example_branch_python_dop_operator_3.py for tasks to queue
[2026-03-18T08:07:46.740+0000] {logging_mixin.py:188} INFO - [2026-03-18T08:07:46.739+0000] {dagbag.py:538} INFO - Filling up the DagBag from /home/airflow/.local/lib/python3.8/site-packages/airflow/example_dags/example_branch_python_dop_operator_3.py
[2026-03-18T08:07:46.745+0000] {processor.py:840} INFO - DAG(s) 'example_branch_dop_operator_v3' retrieved from /home/airflow/.local/lib/python3.8/site-packages/airflow/example_dags/example_branch_python_dop_operator_3.py
[2026-03-18T08:07:46.756+0000] {logging_mixin.py:188} INFO - [2026-03-18T08:07:46.756+0000] {dag.py:3036} INFO - Sync 1 DAGs
[2026-03-18T08:07:46.766+0000] {logging_mixin.py:188} INFO - [2026-03-18T08:07:46.766+0000] {dag.py:3823} INFO - Setting next_dagrun for example_branch_dop_operator_v3 to 2026-03-18 08:06:00+00:00, run_after=2026-03-18 08:07:00+00:00
[2026-03-18T08:07:46.772+0000] {processor.py:183} INFO - Processing /home/airflow/.local/lib/python3.8/site-packages/airflow/example_dags/example_branch_python_dop_operator_3.py took 0.036 seconds
[2026-03-18T08:08:17.283+0000] {processor.py:161} INFO - Started process (PID=351) to work on /home/airflow/.local/lib/python3.8/site-packages/airflow/example_dags/example_branch_python_dop_operator_3.py
[2026-03-18T08:08:17.285+0000] {processor.py:830} INFO - Processing file /home/airflow/.local/lib/python3.8/site-packages/airflow/example_dags/example_branch_python_dop_operator_3.py for tasks to queue
[2026-03-18T08:08:17.286+0000] {logging_mixin.py:188} INFO - [2026-03-18T08:08:17.285+0000] {dagbag.py:538} INFO - Filling up the DagBag from /home/airflow/.local/lib/python3.8/site-packages/airflow/example_dags/example_branch_python_dop_operator_3.py
[2026-03-18T08:08:17.291+0000] {processor.py:840} INFO - DAG(s) 'example_branch_dop_operator_v3' retrieved from /home/airflow/.local/lib/python3.8/site-packages/airflow/example_dags/example_branch_python_dop_operator_3.py
[2026-03-18T08:08:17.302+0000] {logging_mixin.py:188} INFO - [2026-03-18T08:08:17.302+0000] {dag.py:3036} INFO - Sync 1 DAGs
[2026-03-18T08:08:17.314+0000] {logging_mixin.py:188} INFO - [2026-03-18T08:08:17.314+0000] {dag.py:3823} INFO - Setting next_dagrun for example_branch_dop_operator_v3 to 2026-03-18 08:07:00+00:00, run_after=2026-03-18 08:08:00+00:00
[2026-03-18T08:08:17.321+0000] {processor.py:183} INFO - Processing /home/airflow/.local/lib/python3.8/site-packages/airflow/example_dags/example_branch_python_dop_operator_3.py took 0.040 seconds
[2026-03-18T08:08:47.805+0000] {processor.py:161} INFO - Started process (PID=407) to work on /home/airflow/.local/lib/python3.8/site-packages/airflow/example_dags/example_branch_python_dop_operator_3.py
[2026-03-18T08:08:47.806+0000] {processor.py:830} INFO - Processing file /home/airflow/.local/lib/python3.8/site-packages/airflow/example_dags/example_branch_python_dop_operator_3.py for tasks to queue
[2026-03-18T08:08:47.807+0000] {logging_mixin.py:188} INFO - [2026-03-18T08:08:47.807+0000] {dagbag.py:538} INFO - Filling up the DagBag from /home/airflow/.local/lib/python3.8/site-packages/airflow/example_dags/example_branch_python_dop_operator_3.py
[2026-03-18T08:08:47.810+0000] {processor.py:840} INFO - DAG(s) 'example_branch_dop_operator_v3' retrieved from /home/airflow/.local/lib/python3.8/site-packages/airflow/example_dags/example_branch_python_dop_operator_3.py
[2026-03-18T08:08:47.822+0000] {logging_mixin.py:188} INFO - [2026-03-18T08:08:47.822+0000] {dag.py:3036} INFO - Sync 1 DAGs
[2026-03-18T08:08:47.830+0000] {logging_mixin.py:188} INFO - [2026-03-18T08:08:47.830+0000] {dag.py:3823} INFO - Setting next_dagrun for example_branch_dop_operator_v3 to 2026-03-18 08:07:00+00:00, run_after=2026-03-18 08:08:00+00:00
[2026-03-18T08:08:47.841+0000] {processor.py:183} INFO - Processing /home/airflow/.local/lib/python3.8/site-packages/airflow/example_dags/example_branch_python_dop_operator_3.py took 0.038 seconds
[2026-03-18T08:09:18.320+0000] {processor.py:161} INFO - Started process (PID=463) to work on /home/airflow/.local/lib/python3.8/site-packages/airflow/example_dags/example_branch_python_dop_operator_3.py
[2026-03-18T08:09:18.321+0000] {processor.py:830} INFO - Processing file /home/airflow/.local/lib/python3.8/site-packages/airflow/example_dags/example_branch_python_dop_operator_3.py for tasks to queue
[2026-03-18T08:09:18.322+0000] {logging_mixin.py:188} INFO - [2026-03-18T08:09:18.322+0000] {dagbag.py:538} INFO - Filling up the DagBag from /home/airflow/.local/lib/python3.8/site-packages/airflow/example_dags/example_branch_python_dop_operator_3.py
[2026-03-18T08:09:18.326+0000] {processor.py:840} INFO - DAG(s) 'example_branch_dop_operator_v3' retrieved from /home/airflow/.local/lib/python3.8/site-packages/airflow/example_dags/example_branch_python_dop_operator_3.py
[2026-03-18T08:09:18.334+0000] {logging_mixin.py:188} INFO - [2026-03-18T08:09:18.333+0000] {dag.py:3036} INFO - Sync 1 DAGs
[2026-03-18T08:09:18.345+0000] {logging_mixin.py:188} INFO - [2026-03-18T08:09:18.345+0000] {dag.py:3823} INFO - Setting next_dagrun for example_branch_dop_operator_v3 to 2026-03-18 08:08:00+00:00, run_after=2026-03-18 08:09:00+00:00
[2026-03-18T08:09:18.356+0000] {processor.py:183} INFO - Processing /home/airflow/.local/lib/python3.8/site-packages/airflow/example_dags/example_branch_python_dop_operator_3.py took 0.037 seconds
[2026-03-18T08:09:48.866+0000] {processor.py:161} INFO - Started process (PID=519) to work on /home/airflow/.local/lib/python3.8/site-packages/airflow/example_dags/example_branch_python_dop_operator_3.py
[2026-03-18T08:09:48.866+0000] {processor.py:830} INFO - Processing file /home/airflow/.local/lib/python3.8/site-packages/airflow/example_dags/example_branch_python_dop_operator_3.py for tasks to queue
[2026-03-18T08:09:48.867+0000] {logging_mixin.py:188} INFO - [2026-03-18T08:09:48.867+0000] {dagbag.py:538} INFO - Filling up the DagBag from /home/airflow/.local/lib/python3.8/site-packages/airflow/example_dags/example_branch_python_dop_operator_3.py
[2026-03-18T08:09:48.870+0000] {processor.py:840} INFO - DAG(s) 'example_branch_dop_operator_v3' retrieved from /home/airflow/.local/lib/python3.8/site-packages/airflow/example_dags/example_branch_python_dop_operator_3.py
[2026-03-18T08:09:48.878+0000] {logging_mixin.py:188} INFO - [2026-03-18T08:09:48.878+0000] {dag.py:3036} INFO - Sync 1 DAGs
[2026-03-18T08:09:48.886+0000] {logging_mixin.py:188} INFO - [2026-03-18T08:09:48.886+0000] {dag.py:3823} INFO - Setting next_dagrun for example_branch_dop_operator_v3 to 2026-03-18 08:08:00+00:00, run_after=2026-03-18 08:09:00+00:00
[2026-03-18T08:09:48.892+0000] {processor.py:183} INFO - Processing /home/airflow/.local/lib/python3.8/site-packages/airflow/example_dags/example_branch_python_dop_operator_3.py took 0.027 seconds
[2026-03-18T08:10:19.389+0000] {processor.py:161} INFO - Started process (PID=575) to work on /home/airflow/.local/lib/python3.8/site-packages/airflow/example_dags/example_branch_python_dop_operator_3.py
[2026-03-18T08:10:19.390+0000] {processor.py:830} INFO - Processing file /home/airflow/.local/lib/python3.8/site-packages/airflow/example_dags/example_branch_python_dop_operator_3.py for tasks to queue
[2026-03-18T08:10:19.391+0000] {logging_mixin.py:188} INFO - [2026-03-18T08:10:19.391+0000] {dagbag.py:538} INFO - Filling up the DagBag from /home/airflow/.local/lib/python3.8/site-packages/airflow/example_dags/example_branch_python_dop_operator_3.py
[2026-03-18T08:10:19.397+0000] {processor.py:840} INFO - DAG(s) 'example_branch_dop_operator_v3' retrieved from /home/airflow/.local/lib/python3.8/site-packages/airflow/example_dags/example_branch_python_dop_operator_3.py
[2026-03-18T08:10:19.410+0000] {logging_mixin.py:188} INFO - [2026-03-18T08:10:19.410+0000] {dag.py:3036} INFO - Sync 1 DAGs
[2026-03-18T08:10:19.422+0000] {logging_mixin.py:188} INFO - [2026-03-18T08:10:19.422+0000] {dag.py:3823} INFO - Setting next_dagrun for example_branch_dop_operator_v3 to 2026-03-18 08:09:00+00:00, run_after=2026-03-18 08:10:00+00:00
[2026-03-18T08:10:19.432+0000] {processor.py:183} INFO - Processing /home/airflow/.local/lib/python3.8/site-packages/airflow/example_dags/example_branch_python_dop_operator_3.py took 0.045 seconds
[2026-03-18T08:10:49.896+0000] {processor.py:161} INFO - Started process (PID=631) to work on /home/airflow/.local/lib/python3.8/site-packages/airflow/example_dags/example_branch_python_dop_operator_3.py
[2026-03-18T08:10:49.897+0000] {processor.py:830} INFO - Processing file /home/airflow/.local/lib/python3.8/site-packages/airflow/example_dags/example_branch_python_dop_operator_3.py for tasks to queue
[2026-03-18T08:10:49.898+0000] {logging_mixin.py:188} INFO - [2026-03-18T08:10:49.898+0000] {dagbag.py:538} INFO - Filling up the DagBag from /home/airflow/.local/lib/python3.8/site-packages/airflow/example_dags/example_branch_python_dop_operator_3.py
[2026-03-18T08:10:49.902+0000] {processor.py:840} INFO - DAG(s) 'example_branch_dop_operator_v3' retrieved from /home/airflow/.local/lib/python3.8/site-packages/airflow/example_dags/example_branch_python_dop_operator_3.py
[2026-03-18T08:10:49.909+0000] {logging_mixin.py:188} INFO - [2026-03-18T08:10:49.909+0000] {dag.py:3036} INFO - Sync 1 DAGs
[2026-03-18T08:10:49.919+0000] {logging_mixin.py:188} INFO - [2026-03-18T08:10:49.919+0000] {dag.py:3823} INFO - Setting next_dagrun for example_branch_dop_operator_v3 to 2026-03-18 08:09:00+00:00, run_after=2026-03-18 08:10:00+00:00
[2026-03-18T08:10:49.929+0000] {processor.py:183} INFO - Processing /home/airflow/.local/lib/python3.8/site-packages/airflow/example_dags/example_branch_python_dop_operator_3.py took 0.034 seconds
[2026-03-18T08:11:20.413+0000] {processor.py:161} INFO - Started process (PID=687) to work on /home/airflow/.local/lib/python3.8/site-packages/airflow/example_dags/example_branch_python_dop_operator_3.py
[2026-03-18T08:11:20.414+0000] {processor.py:830} INFO - Processing file /home/airflow/.local/lib/python3.8/site-packages/airflow/example_dags/example_branch_python_dop_operator_3.py for tasks to queue
[2026-03-18T08:11:20.414+0000] {logging_mixin.py:188} INFO - [2026-03-18T08:11:20.414+0000] {dagbag.py:538} INFO - Filling up the DagBag from /home/airflow/.local/lib/python3.8/site-packages/airflow/example_dags/example_branch_python_dop_operator_3.py
[2026-03-18T08:11:20.417+0000] {processor.py:840} INFO - DAG(s) 'example_branch_dop_operator_v3' retrieved from /home/airflow/.local/lib/python3.8/site-packages/airflow/example_dags/example_branch_python_dop_operator_3.py
[2026-03-18T08:11:20.425+0000] {logging_mixin.py:188} INFO - [2026-03-18T08:11:20.425+0000] {dag.py:3036} INFO - Sync 1 DAGs
[2026-03-18T08:11:20.433+0000] {logging_mixin.py:188} INFO - [2026-03-18T08:11:20.433+0000] {dag.py:3823} INFO - Setting next_dagrun for example_branch_dop_operator_v3 to 2026-03-18 08:10:00+00:00, run_after=2026-03-18 08:11:00+00:00
[2026-03-18T08:11:20.439+0000] {processor.py:183} INFO - Processing /home/airflow/.local/lib/python3.8/site-packages/airflow/example_dags/example_branch_python_dop_operator_3.py took 0.027 seconds
[2026-03-18T08:11:50.923+0000] {processor.py:161} INFO - Started process (PID=743) to work on /home/airflow/.local/lib/python3.8/site-packages/airflow/example_dags/example_branch_python_dop_operator_3.py
[2026-03-18T08:11:50.924+0000] {processor.py:830} INFO - Processing file /home/airflow/.local/lib/python3.8/site-packages/airflow/example_dags/example_branch_python_dop_operator_3.py for tasks to queue
[2026-03-18T08:11:50.925+0000] {logging_mixin.py:188} INFO - [2026-03-18T08:11:50.925+0000] {dagbag.py:538} INFO - Filling up the DagBag from /home/airflow/.local/lib/python3.8/site-packages/airflow/example_dags/example_branch_python_dop_operator_3.py
[2026-03-18T08:11:50.930+0000] {processor.py:840} INFO - DAG(s) 'example_branch_dop_operator_v3' retrieved from /home/airflow/.local/lib/python3.8/site-packages/airflow/example_dags/example_branch_python_dop_operator_3.py
[2026-03-18T08:11:50.944+0000] {logging_mixin.py:188} INFO - [2026-03-18T08:11:50.944+0000] {dag.py:3036} INFO - Sync 1 DAGs
[2026-03-18T08:11:50.955+0000] {logging_mixin.py:188} INFO - [2026-03-18T08:11:50.955+0000] {dag.py:3823} INFO - Setting next_dagrun for example_branch_dop_operator_v3 to 2026-03-18 08:10:00+00:00, run_after=2026-03-18 08:11:00+00:00
[2026-03-18T08:11:50.964+0000] {processor.py:183} INFO - Processing /home/airflow/.local/lib/python3.8/site-packages/airflow/example_dags/example_branch_python_dop_operator_3.py took 0.043 seconds
[2026-03-18T08:12:21.499+0000] {processor.py:161} INFO - Started process (PID=799) to work on /home/airflow/.local/lib/python3.8/site-packages/airflow/example_dags/example_branch_python_dop_operator_3.py
[2026-03-18T08:12:21.500+0000] {processor.py:830} INFO - Processing file /home/airflow/.local/lib/python3.8/site-packages/airflow/example_dags/example_branch_python_dop_operator_3.py for tasks to queue
[2026-03-18T08:12:21.502+0000] {logging_mixin.py:188} INFO - [2026-03-18T08:12:21.502+0000] {dagbag.py:538} INFO - Filling up the DagBag from /home/airflow/.local/lib/python3.8/site-packages/airflow/example_dags/example_branch_python_dop_operator_3.py
[2026-03-18T08:12:21.509+0000] {processor.py:840} INFO - DAG(s) 'example_branch_dop_operator_v3' retrieved from /home/airflow/.local/lib/python3.8/site-packages/airflow/example_dags/example_branch_python_dop_operator_3.py
[2026-03-18T08:12:21.520+0000] {logging_mixin.py:188} INFO - [2026-03-18T08:12:21.520+0000] {dag.py:3036} INFO - Sync 1 DAGs
[2026-03-18T08:12:21.529+0000] {logging_mixin.py:188} INFO - [2026-03-18T08:12:21.529+0000] {dag.py:3823} INFO - Setting next_dagrun for example_branch_dop_operator_v3 to 2026-03-18 08:11:00+00:00, run_after=2026-03-18 08:12:00+00:00
[2026-03-18T08:12:21.540+0000] {processor.py:183} INFO - Processing /home/airflow/.local/lib/python3.8/site-packages/airflow/example_dags/example_branch_python_dop_operator_3.py took 0.042 seconds
[2026-03-18T08:12:51.848+0000] {processor.py:161} INFO - Started process (PID=855) to work on /home/airflow/.local/lib/python3.8/site-packages/airflow/example_dags/example_branch_python_dop_operator_3.py
[2026-03-18T08:12:51.849+0000] {processor.py:830} INFO - Processing file /home/airflow/.local/lib/python3.8/site-packages/airflow/example_dags/example_branch_python_dop_operator_3.py for tasks to queue
[2026-03-18T08:12:51.851+0000] {logging_mixin.py:188} INFO - [2026-03-18T08:12:51.851+0000] {dagbag.py:538} INFO - Filling up the DagBag from /home/airflow/.local/lib/python3.8/site-packages/airflow/example_dags/example_branch_python_dop_operator_3.py
[2026-03-18T08:12:51.856+0000] {processor.py:840} INFO - DAG(s) 'example_branch_dop_operator_v3' retrieved from /home/airflow/.local/lib/python3.8/site-packages/airflow/example_dags/example_branch_python_dop_operator_3.py
[2026-03-18T08:12:51.870+0000] {logging_mixin.py:188} INFO - [2026-03-18T08:12:51.870+0000] {dag.py:3036} INFO - Sync 1 DAGs
[2026-03-18T08:12:51.884+0000] {logging_mixin.py:188} INFO - [2026-03-18T08:12:51.884+0000] {dag.py:3823} INFO - Setting next_dagrun for example_branch_dop_operator_v3 to 2026-03-18 08:11:00+00:00, run_after=2026-03-18 08:12:00+00:00
[2026-03-18T08:12:51.891+0000] {processor.py:183} INFO - Processing /home/airflow/.local/lib/python3.8/site-packages/airflow/example_dags/example_branch_python_dop_operator_3.py took 0.045 seconds
[2026-03-18T08:13:22.338+0000] {processor.py:161} INFO - Started process (PID=911) to work on /home/airflow/.local/lib/python3.8/site-packages/airflow/example_dags/example_branch_python_dop_operator_3.py
[2026-03-18T08:13:22.339+0000] {processor.py:830} INFO - Processing file /home/airflow/.local/lib/python3.8/site-packages/airflow/example_dags/example_branch_python_dop_operator_3.py for tasks to queue
[2026-03-18T08:13:22.340+0000] {logging_mixin.py:188} INFO - [2026-03-18T08:13:22.340+0000] {dagbag.py:538} INFO - Filling up the DagBag from /home/airflow/.local/lib/python3.8/site-packages/airflow/example_dags/example_branch_python_dop_operator_3.py
[2026-03-18T08:13:22.345+0000] {processor.py:840} INFO - DAG(s) 'example_branch_dop_operator_v3' retrieved from /home/airflow/.local/lib/python3.8/site-packages/airflow/example_dags/example_branch_python_dop_operator_3.py
[2026-03-18T08:13:22.358+0000] {logging_mixin.py:188} INFO - [2026-03-18T08:13:22.358+0000] {dag.py:3036} INFO - Sync 1 DAGs
[2026-03-18T08:13:22.370+0000] {logging_mixin.py:188} INFO - [2026-03-18T08:13:22.370+0000] {dag.py:3823} INFO - Setting next_dagrun for example_branch_dop_operator_v3 to 2026-03-18 08:12:00+00:00, run_after=2026-03-18 08:13:00+00:00
[2026-03-18T08:13:22.383+0000] {processor.py:183} INFO - Processing /home/airflow/.local/lib/python3.8/site-packages/airflow/example_dags/example_branch_python_dop_operator_3.py took 0.047 seconds
[2026-03-18T08:13:52.891+0000] {processor.py:161} INFO - Started process (PID=967) to work on /home/airflow/.local/lib/python3.8/site-packages/airflow/example_dags/example_branch_python_dop_operator_3.py
[2026-03-18T08:13:52.892+0000] {processor.py:830} INFO - Processing file /home/airflow/.local/lib/python3.8/site-packages/airflow/example_dags/example_branch_python_dop_operator_3.py for tasks to queue
[2026-03-18T08:13:52.893+0000] {logging_mixin.py:188} INFO - [2026-03-18T08:13:52.893+0000] {dagbag.py:538} INFO - Filling up the DagBag from /home/airflow/.local/lib/python3.8/site-packages/airflow/example_dags/example_branch_python_dop_operator_3.py
[2026-03-18T08:13:52.898+0000] {processor.py:840} INFO - DAG(s) 'example_branch_dop_operator_v3' retrieved from /home/airflow/.local/lib/python3.8/site-packages/airflow/example_dags/example_branch_python_dop_operator_3.py
[2026-03-18T08:13:52.910+0000] {logging_mixin.py:188} INFO - [2026-03-18T08:13:52.910+0000] {dag.py:3036} INFO - Sync 1 DAGs
[2026-03-18T08:13:52.919+0000] {logging_mixin.py:188} INFO - [2026-03-18T08:13:52.919+0000] {dag.py:3823} INFO - Setting next_dagrun for example_branch_dop_operator_v3 to 2026-03-18 08:12:00+00:00, run_after=2026-03-18 08:13:00+00:00
[2026-03-18T08:13:52.928+0000] {processor.py:183} INFO - Processing /home/airflow/.local/lib/python3.8/site-packages/airflow/example_dags/example_branch_python_dop_operator_3.py took 0.039 seconds
[2026-03-18T08:14:23.525+0000] {processor.py:161} INFO - Started process (PID=1023) to work on /home/airflow/.local/lib/python3.8/site-packages/airflow/example_dags/example_branch_python_dop_operator_3.py
[2026-03-18T08:14:23.525+0000] {processor.py:830} INFO - Processing file /home/airflow/.local/lib/python3.8/site-packages/airflow/example_dags/example_branch_python_dop_operator_3.py for tasks to queue
[2026-03-18T08:14:23.526+0000] {logging_mixin.py:188} INFO - [2026-03-18T08:14:23.526+0000] {dagbag.py:538} INFO - Filling up the DagBag from /home/airflow/.local/lib/python3.8/site-packages/airflow/example_dags/example_branch_python_dop_operator_3.py
[2026-03-18T08:14:23.531+0000] {processor.py:840} INFO - DAG(s) 'example_branch_dop_operator_v3' retrieved from /home/airflow/.local/lib/python3.8/site-packages/airflow/example_dags/example_branch_python_dop_operator_3.py
[2026-03-18T08:14:23.542+0000] {logging_mixin.py:188} INFO - [2026-03-18T08:14:23.542+0000] {dag.py:3036} INFO - Sync 1 DAGs
[2026-03-18T08:14:23.553+0000] {logging_mixin.py:188} INFO - [2026-03-18T08:14:23.553+0000] {dag.py:3823} INFO - Setting next_dagrun for example_branch_dop_operator_v3 to 2026-03-18 08:13:00+00:00, run_after=2026-03-18 08:14:00+00:00
[2026-03-18T08:14:23.564+0000] {processor.py:183} INFO - Processing /home/airflow/.local/lib/python3.8/site-packages/airflow/example_dags/example_branch_python_dop_operator_3.py took 0.041 seconds
[2026-03-18T08:14:54.060+0000] {processor.py:161} INFO - Started process (PID=1079) to work on /home/airflow/.local/lib/python3.8/site-packages/airflow/example_dags/example_branch_python_dop_operator_3.py
[2026-03-18T08:14:54.061+0000] {processor.py:830} INFO - Processing file /home/airflow/.local/lib/python3.8/site-packages/airflow/example_dags/example_branch_python_dop_operator_3.py for tasks to queue
[2026-03-18T08:14:54.061+0000] {logging_mixin.py:188} INFO - [2026-03-18T08:14:54.061+0000] {dagbag.py:538} INFO - Filling up the DagBag from /home/airflow/.local/lib/python3.8/site-packages/airflow/example_dags/example_branch_python_dop_operator_3.py
[2026-03-18T08:14:54.066+0000] {processor.py:840} INFO - DAG(s) 'example_branch_dop_operator_v3' retrieved from /home/airflow/.local/lib/python3.8/site-packages/airflow/example_dags/example_branch_python_dop_operator_3.py
[2026-03-18T08:14:54.075+0000] {logging_mixin.py:188} INFO - [2026-03-18T08:14:54.075+0000] {dag.py:3036} INFO - Sync 1 DAGs
[2026-03-18T08:14:54.086+0000] {logging_mixin.py:188} INFO - [2026-03-18T08:14:54.086+0000] {dag.py:3823} INFO - Setting next_dagrun for example_branch_dop_operator_v3 to 2026-03-18 08:13:00+00:00, run_after=2026-03-18 08:14:00+00:00
[2026-03-18T08:14:54.098+0000] {processor.py:183} INFO - Processing /home/airflow/.local/lib/python3.8/site-packages/airflow/example_dags/example_branch_python_dop_operator_3.py took 0.040 seconds
[2026-03-18T08:15:24.719+0000] {processor.py:161} INFO - Started process (PID=1135) to work on /home/airflow/.local/lib/python3.8/site-packages/airflow/example_dags/example_branch_python_dop_operator_3.py
[2026-03-18T08:15:24.720+0000] {processor.py:830} INFO - Processing file /home/airflow/.local/lib/python3.8/site-packages/airflow/example_dags/example_branch_python_dop_operator_3.py for tasks to queue
[2026-03-18T08:15:24.722+0000] {logging_mixin.py:188} INFO - [2026-03-18T08:15:24.722+0000] {dagbag.py:538} INFO - Filling up the DagBag from /home/airflow/.local/lib/python3.8/site-packages/airflow/example_dags/example_branch_python_dop_operator_3.py
[2026-03-18T08:15:24.727+0000] {processor.py:840} INFO - DAG(s) 'example_branch_dop_operator_v3' retrieved from /home/airflow/.local/lib/python3.8/site-packages/airflow/example_dags/example_branch_python_dop_operator_3.py
[2026-03-18T08:15:24.742+0000] {logging_mixin.py:188} INFO - [2026-03-18T08:15:24.742+0000] {dag.py:3036} INFO - Sync 1 DAGs
[2026-03-18T08:15:24.753+0000] {logging_mixin.py:188} INFO - [2026-03-18T08:15:24.753+0000] {dag.py:3823} INFO - Setting next_dagrun for example_branch_dop_operator_v3 to 2026-03-18 08:14:00+00:00, run_after=2026-03-18 08:15:00+00:00
[2026-03-18T08:15:24.763+0000] {processor.py:183} INFO - Processing /home/airflow/.local/lib/python3.8/site-packages/airflow/example_dags/example_branch_python_dop_operator_3.py took 0.045 seconds
[2026-03-18T08:15:55.280+0000] {processor.py:161} INFO - Started process (PID=1191) to work on /home/airflow/.local/lib/python3.8/site-packages/airflow/example_dags/example_branch_python_dop_operator_3.py
[2026-03-18T08:15:55.280+0000] {processor.py:830} INFO - Processing file /home/airflow/.local/lib/python3.8/site-packages/airflow/example_dags/example_branch_python_dop_operator_3.py for tasks to queue
[2026-03-18T08:15:55.281+0000] {logging_mixin.py:188} INFO - [2026-03-18T08:15:55.281+0000] {dagbag.py:538} INFO - Filling up the DagBag from /home/airflow/.local/lib/python3.8/site-packages/airflow/example_dags/example_branch_python_dop_operator_3.py
[2026-03-18T08:15:55.285+0000] {processor.py:840} INFO - DAG(s) 'example_branch_dop_operator_v3' retrieved from /home/airflow/.local/lib/python3.8/site-packages/airflow/example_dags/example_branch_python_dop_operator_3.py
[2026-03-18T08:15:55.298+0000] {logging_mixin.py:188} INFO - [2026-03-18T08:15:55.298+0000] {dag.py:3036} INFO - Sync 1 DAGs
[2026-03-18T08:15:55.311+0000] {logging_mixin.py:188} INFO - [2026-03-18T08:15:55.311+0000] {dag.py:3823} INFO - Setting next_dagrun for example_branch_dop_operator_v3 to 2026-03-18 08:14:00+00:00, run_after=2026-03-18 08:15:00+00:00
[2026-03-18T08:15:55.319+0000] {processor.py:183} INFO - Processing /home/airflow/.local/lib/python3.8/site-packages/airflow/example_dags/example_branch_python_dop_operator_3.py took 0.040 seconds
[2026-03-18T08:16:25.802+0000] {processor.py:161} INFO - Started process (PID=1247) to work on /home/airflow/.local/lib/python3.8/site-packages/airflow/example_dags/example_branch_python_dop_operator_3.py
[2026-03-18T08:16:25.802+0000] {processor.py:830} INFO - Processing file /home/airflow/.local/lib/python3.8/site-packages/airflow/example_dags/example_branch_python_dop_operator_3.py for tasks to queue
[2026-03-18T08:16:25.803+0000] {logging_mixin.py:188} INFO - [2026-03-18T08:16:25.803+0000] {dagbag.py:538} INFO - Filling up the DagBag from /home/airflow/.local/lib/python3.8/site-packages/airflow/example_dags/example_branch_python_dop_operator_3.py
[2026-03-18T08:16:25.807+0000] {processor.py:840} INFO - DAG(s) 'example_branch_dop_operator_v3' retrieved from /home/airflow/.local/lib/python3.8/site-packages/airflow/example_dags/example_branch_python_dop_operator_3.py
[2026-03-18T08:16:25.816+0000] {logging_mixin.py:188} INFO - [2026-03-18T08:16:25.816+0000] {dag.py:3036} INFO - Sync 1 DAGs
[2026-03-18T08:16:25.824+0000] {logging_mixin.py:188} INFO - [2026-03-18T08:16:25.824+0000] {dag.py:3823} INFO - Setting next_dagrun for example_branch_dop_operator_v3 to 2026-03-18 08:15:00+00:00, run_after=2026-03-18 08:16:00+00:00
[2026-03-18T08:16:25.835+0000] {processor.py:183} INFO - Processing /home/airflow/.local/lib/python3.8/site-packages/airflow/example_dags/example_branch_python_dop_operator_3.py took 0.035 seconds
[2026-03-18T08:16:56.343+0000] {processor.py:161} INFO - Started process (PID=1304) to work on /home/airflow/.local/lib/python3.8/site-packages/airflow/example_dags/example_branch_python_dop_operator_3.py
[2026-03-18T08:16:56.343+0000] {processor.py:830} INFO - Processing file /home/airflow/.local/lib/python3.8/site-packages/airflow/example_dags/example_branch_python_dop_operator_3.py for tasks to queue
[2026-03-18T08:16:56.345+0000] {logging_mixin.py:188} INFO - [2026-03-18T08:16:56.345+0000] {dagbag.py:538} INFO - Filling up the DagBag from /home/airflow/.local/lib/python3.8/site-packages/airflow/example_dags/example_branch_python_dop_operator_3.py
[2026-03-18T08:16:56.350+0000] {processor.py:840} INFO - DAG(s) 'example_branch_dop_operator_v3' retrieved from /home/airflow/.local/lib/python3.8/site-packages/airflow/example_dags/example_branch_python_dop_operator_3.py
[2026-03-18T08:16:56.361+0000] {logging_mixin.py:188} INFO - [2026-03-18T08:16:56.361+0000] {dag.py:3036} INFO - Sync 1 DAGs
[2026-03-18T08:16:56.369+0000] {logging_mixin.py:188} INFO - [2026-03-18T08:16:56.369+0000] {dag.py:3823} INFO - Setting next_dagrun for example_branch_dop_operator_v3 to 2026-03-18 08:15:00+00:00, run_after=2026-03-18 08:16:00+00:00
[2026-03-18T08:16:56.379+0000] {processor.py:183} INFO - Processing /home/airflow/.local/lib/python3.8/site-packages/airflow/example_dags/example_branch_python_dop_operator_3.py took 0.038 seconds
