[2026-03-18T07:45:19.460+0000] {processor.py:161} INFO - Started process (PID=86) to work on /home/airflow/.local/lib/python3.8/site-packages/airflow/example_dags/example_latest_only.py
[2026-03-18T07:45:19.460+0000] {processor.py:830} INFO - Processing file /home/airflow/.local/lib/python3.8/site-packages/airflow/example_dags/example_latest_only.py for tasks to queue
[2026-03-18T07:45:19.461+0000] {logging_mixin.py:188} INFO - [2026-03-18T07:45:19.461+0000] {dagbag.py:538} INFO - Filling up the DagBag from /home/airflow/.local/lib/python3.8/site-packages/airflow/example_dags/example_latest_only.py
[2026-03-18T07:45:19.464+0000] {processor.py:840} INFO - DAG(s) 'latest_only' retrieved from /home/airflow/.local/lib/python3.8/site-packages/airflow/example_dags/example_latest_only.py
[2026-03-18T07:45:19.510+0000] {logging_mixin.py:188} INFO - [2026-03-18T07:45:19.509+0000] {override.py:1769} INFO - Created Permission View: can read on DAG:latest_only
[2026-03-18T07:45:19.514+0000] {logging_mixin.py:188} INFO - [2026-03-18T07:45:19.514+0000] {override.py:1769} INFO - Created Permission View: can delete on DAG:latest_only
[2026-03-18T07:45:19.516+0000] {logging_mixin.py:188} INFO - [2026-03-18T07:45:19.516+0000] {override.py:1769} INFO - Created Permission View: can edit on DAG:latest_only
[2026-03-18T07:45:19.516+0000] {logging_mixin.py:188} INFO - [2026-03-18T07:45:19.516+0000] {dag.py:3036} INFO - Sync 1 DAGs
[2026-03-18T07:45:19.523+0000] {logging_mixin.py:188} INFO - [2026-03-18T07:45:19.523+0000] {dag.py:3058} INFO - Creating ORM DAG for latest_only
[2026-03-18T07:45:19.528+0000] {logging_mixin.py:188} INFO - [2026-03-18T07:45:19.528+0000] {dag.py:3823} INFO - Setting next_dagrun for latest_only to 2026-03-18 00:00:00+00:00, run_after=2026-03-18 04:00:00+00:00
[2026-03-18T07:45:19.537+0000] {processor.py:183} INFO - Processing /home/airflow/.local/lib/python3.8/site-packages/airflow/example_dags/example_latest_only.py took 0.078 seconds
[2026-03-18T07:45:49.900+0000] {processor.py:161} INFO - Started process (PID=141) to work on /home/airflow/.local/lib/python3.8/site-packages/airflow/example_dags/example_latest_only.py
[2026-03-18T07:45:49.901+0000] {processor.py:830} INFO - Processing file /home/airflow/.local/lib/python3.8/site-packages/airflow/example_dags/example_latest_only.py for tasks to queue
[2026-03-18T07:45:49.902+0000] {logging_mixin.py:188} INFO - [2026-03-18T07:45:49.901+0000] {dagbag.py:538} INFO - Filling up the DagBag from /home/airflow/.local/lib/python3.8/site-packages/airflow/example_dags/example_latest_only.py
[2026-03-18T07:45:49.905+0000] {processor.py:840} INFO - DAG(s) 'latest_only' retrieved from /home/airflow/.local/lib/python3.8/site-packages/airflow/example_dags/example_latest_only.py
[2026-03-18T07:45:49.914+0000] {logging_mixin.py:188} INFO - [2026-03-18T07:45:49.914+0000] {dag.py:3036} INFO - Sync 1 DAGs
[2026-03-18T07:45:49.923+0000] {logging_mixin.py:188} INFO - [2026-03-18T07:45:49.923+0000] {dag.py:3823} INFO - Setting next_dagrun for latest_only to 2026-03-18 00:00:00+00:00, run_after=2026-03-18 04:00:00+00:00
[2026-03-18T07:45:49.933+0000] {processor.py:183} INFO - Processing /home/airflow/.local/lib/python3.8/site-packages/airflow/example_dags/example_latest_only.py took 0.034 seconds
[2026-03-18T07:46:20.314+0000] {processor.py:161} INFO - Started process (PID=196) to work on /home/airflow/.local/lib/python3.8/site-packages/airflow/example_dags/example_latest_only.py
[2026-03-18T07:46:20.314+0000] {processor.py:830} INFO - Processing file /home/airflow/.local/lib/python3.8/site-packages/airflow/example_dags/example_latest_only.py for tasks to queue
[2026-03-18T07:46:20.315+0000] {logging_mixin.py:188} INFO - [2026-03-18T07:46:20.315+0000] {dagbag.py:538} INFO - Filling up the DagBag from /home/airflow/.local/lib/python3.8/site-packages/airflow/example_dags/example_latest_only.py
[2026-03-18T07:46:20.318+0000] {processor.py:840} INFO - DAG(s) 'latest_only' retrieved from /home/airflow/.local/lib/python3.8/site-packages/airflow/example_dags/example_latest_only.py
[2026-03-18T07:46:20.328+0000] {logging_mixin.py:188} INFO - [2026-03-18T07:46:20.328+0000] {dag.py:3036} INFO - Sync 1 DAGs
[2026-03-18T07:46:20.337+0000] {logging_mixin.py:188} INFO - [2026-03-18T07:46:20.337+0000] {dag.py:3823} INFO - Setting next_dagrun for latest_only to 2026-03-18 00:00:00+00:00, run_after=2026-03-18 04:00:00+00:00
[2026-03-18T07:46:20.343+0000] {processor.py:183} INFO - Processing /home/airflow/.local/lib/python3.8/site-packages/airflow/example_dags/example_latest_only.py took 0.031 seconds
[2026-03-18T07:46:50.605+0000] {processor.py:161} INFO - Started process (PID=251) to work on /home/airflow/.local/lib/python3.8/site-packages/airflow/example_dags/example_latest_only.py
[2026-03-18T07:46:50.606+0000] {processor.py:830} INFO - Processing file /home/airflow/.local/lib/python3.8/site-packages/airflow/example_dags/example_latest_only.py for tasks to queue
[2026-03-18T07:46:50.606+0000] {logging_mixin.py:188} INFO - [2026-03-18T07:46:50.606+0000] {dagbag.py:538} INFO - Filling up the DagBag from /home/airflow/.local/lib/python3.8/site-packages/airflow/example_dags/example_latest_only.py
[2026-03-18T07:46:50.609+0000] {processor.py:840} INFO - DAG(s) 'latest_only' retrieved from /home/airflow/.local/lib/python3.8/site-packages/airflow/example_dags/example_latest_only.py
[2026-03-18T07:46:50.619+0000] {logging_mixin.py:188} INFO - [2026-03-18T07:46:50.619+0000] {dag.py:3036} INFO - Sync 1 DAGs
[2026-03-18T07:46:50.627+0000] {logging_mixin.py:188} INFO - [2026-03-18T07:46:50.627+0000] {dag.py:3823} INFO - Setting next_dagrun for latest_only to 2026-03-18 00:00:00+00:00, run_after=2026-03-18 04:00:00+00:00
[2026-03-18T07:46:50.634+0000] {processor.py:183} INFO - Processing /home/airflow/.local/lib/python3.8/site-packages/airflow/example_dags/example_latest_only.py took 0.031 seconds
[2026-03-18T07:47:21.011+0000] {processor.py:161} INFO - Started process (PID=306) to work on /home/airflow/.local/lib/python3.8/site-packages/airflow/example_dags/example_latest_only.py
[2026-03-18T07:47:21.011+0000] {processor.py:830} INFO - Processing file /home/airflow/.local/lib/python3.8/site-packages/airflow/example_dags/example_latest_only.py for tasks to queue
[2026-03-18T07:47:21.012+0000] {logging_mixin.py:188} INFO - [2026-03-18T07:47:21.012+0000] {dagbag.py:538} INFO - Filling up the DagBag from /home/airflow/.local/lib/python3.8/site-packages/airflow/example_dags/example_latest_only.py
[2026-03-18T07:47:21.016+0000] {processor.py:840} INFO - DAG(s) 'latest_only' retrieved from /home/airflow/.local/lib/python3.8/site-packages/airflow/example_dags/example_latest_only.py
[2026-03-18T07:47:21.030+0000] {logging_mixin.py:188} INFO - [2026-03-18T07:47:21.030+0000] {dag.py:3036} INFO - Sync 1 DAGs
[2026-03-18T07:47:21.040+0000] {logging_mixin.py:188} INFO - [2026-03-18T07:47:21.040+0000] {dag.py:3823} INFO - Setting next_dagrun for latest_only to 2026-03-18 00:00:00+00:00, run_after=2026-03-18 04:00:00+00:00
[2026-03-18T07:47:21.048+0000] {processor.py:183} INFO - Processing /home/airflow/.local/lib/python3.8/site-packages/airflow/example_dags/example_latest_only.py took 0.039 seconds
[2026-03-18T07:47:51.397+0000] {processor.py:161} INFO - Started process (PID=361) to work on /home/airflow/.local/lib/python3.8/site-packages/airflow/example_dags/example_latest_only.py
[2026-03-18T07:47:51.397+0000] {processor.py:830} INFO - Processing file /home/airflow/.local/lib/python3.8/site-packages/airflow/example_dags/example_latest_only.py for tasks to queue
[2026-03-18T07:47:51.398+0000] {logging_mixin.py:188} INFO - [2026-03-18T07:47:51.398+0000] {dagbag.py:538} INFO - Filling up the DagBag from /home/airflow/.local/lib/python3.8/site-packages/airflow/example_dags/example_latest_only.py
[2026-03-18T07:47:51.401+0000] {processor.py:840} INFO - DAG(s) 'latest_only' retrieved from /home/airflow/.local/lib/python3.8/site-packages/airflow/example_dags/example_latest_only.py
[2026-03-18T07:47:51.412+0000] {logging_mixin.py:188} INFO - [2026-03-18T07:47:51.412+0000] {dag.py:3036} INFO - Sync 1 DAGs
[2026-03-18T07:47:51.425+0000] {logging_mixin.py:188} INFO - [2026-03-18T07:47:51.425+0000] {dag.py:3823} INFO - Setting next_dagrun for latest_only to 2026-03-18 00:00:00+00:00, run_after=2026-03-18 04:00:00+00:00
[2026-03-18T07:47:51.434+0000] {processor.py:183} INFO - Processing /home/airflow/.local/lib/python3.8/site-packages/airflow/example_dags/example_latest_only.py took 0.039 seconds
[2026-03-18T07:48:21.793+0000] {processor.py:161} INFO - Started process (PID=416) to work on /home/airflow/.local/lib/python3.8/site-packages/airflow/example_dags/example_latest_only.py
[2026-03-18T07:48:21.794+0000] {processor.py:830} INFO - Processing file /home/airflow/.local/lib/python3.8/site-packages/airflow/example_dags/example_latest_only.py for tasks to queue
[2026-03-18T07:48:21.795+0000] {logging_mixin.py:188} INFO - [2026-03-18T07:48:21.794+0000] {dagbag.py:538} INFO - Filling up the DagBag from /home/airflow/.local/lib/python3.8/site-packages/airflow/example_dags/example_latest_only.py
[2026-03-18T07:48:21.797+0000] {processor.py:840} INFO - DAG(s) 'latest_only' retrieved from /home/airflow/.local/lib/python3.8/site-packages/airflow/example_dags/example_latest_only.py
[2026-03-18T07:48:21.806+0000] {logging_mixin.py:188} INFO - [2026-03-18T07:48:21.806+0000] {dag.py:3036} INFO - Sync 1 DAGs
[2026-03-18T07:48:21.817+0000] {logging_mixin.py:188} INFO - [2026-03-18T07:48:21.817+0000] {dag.py:3823} INFO - Setting next_dagrun for latest_only to 2026-03-18 00:00:00+00:00, run_after=2026-03-18 04:00:00+00:00
[2026-03-18T07:48:21.825+0000] {processor.py:183} INFO - Processing /home/airflow/.local/lib/python3.8/site-packages/airflow/example_dags/example_latest_only.py took 0.034 seconds
[2026-03-18T07:48:52.066+0000] {processor.py:161} INFO - Started process (PID=477) to work on /home/airflow/.local/lib/python3.8/site-packages/airflow/example_dags/example_latest_only.py
[2026-03-18T07:48:52.067+0000] {processor.py:830} INFO - Processing file /home/airflow/.local/lib/python3.8/site-packages/airflow/example_dags/example_latest_only.py for tasks to queue
[2026-03-18T07:48:52.067+0000] {logging_mixin.py:188} INFO - [2026-03-18T07:48:52.067+0000] {dagbag.py:538} INFO - Filling up the DagBag from /home/airflow/.local/lib/python3.8/site-packages/airflow/example_dags/example_latest_only.py
[2026-03-18T07:48:52.069+0000] {processor.py:840} INFO - DAG(s) 'latest_only' retrieved from /home/airflow/.local/lib/python3.8/site-packages/airflow/example_dags/example_latest_only.py
[2026-03-18T07:48:52.077+0000] {logging_mixin.py:188} INFO - [2026-03-18T07:48:52.077+0000] {dag.py:3036} INFO - Sync 1 DAGs
[2026-03-18T07:48:52.084+0000] {logging_mixin.py:188} INFO - [2026-03-18T07:48:52.084+0000] {dag.py:3823} INFO - Setting next_dagrun for latest_only to 2026-03-18 00:00:00+00:00, run_after=2026-03-18 04:00:00+00:00
[2026-03-18T07:48:52.091+0000] {processor.py:183} INFO - Processing /home/airflow/.local/lib/python3.8/site-packages/airflow/example_dags/example_latest_only.py took 0.026 seconds
[2026-03-18T07:49:22.331+0000] {processor.py:161} INFO - Started process (PID=532) to work on /home/airflow/.local/lib/python3.8/site-packages/airflow/example_dags/example_latest_only.py
[2026-03-18T07:49:22.331+0000] {processor.py:830} INFO - Processing file /home/airflow/.local/lib/python3.8/site-packages/airflow/example_dags/example_latest_only.py for tasks to queue
[2026-03-18T07:49:22.332+0000] {logging_mixin.py:188} INFO - [2026-03-18T07:49:22.332+0000] {dagbag.py:538} INFO - Filling up the DagBag from /home/airflow/.local/lib/python3.8/site-packages/airflow/example_dags/example_latest_only.py
[2026-03-18T07:49:22.335+0000] {processor.py:840} INFO - DAG(s) 'latest_only' retrieved from /home/airflow/.local/lib/python3.8/site-packages/airflow/example_dags/example_latest_only.py
[2026-03-18T07:49:22.346+0000] {logging_mixin.py:188} INFO - [2026-03-18T07:49:22.346+0000] {dag.py:3036} INFO - Sync 1 DAGs
[2026-03-18T07:49:22.355+0000] {logging_mixin.py:188} INFO - [2026-03-18T07:49:22.354+0000] {dag.py:3823} INFO - Setting next_dagrun for latest_only to 2026-03-18 00:00:00+00:00, run_after=2026-03-18 04:00:00+00:00
[2026-03-18T07:49:22.361+0000] {processor.py:183} INFO - Processing /home/airflow/.local/lib/python3.8/site-packages/airflow/example_dags/example_latest_only.py took 0.031 seconds
[2026-03-18T07:49:52.587+0000] {processor.py:161} INFO - Started process (PID=587) to work on /home/airflow/.local/lib/python3.8/site-packages/airflow/example_dags/example_latest_only.py
[2026-03-18T07:49:52.588+0000] {processor.py:830} INFO - Processing file /home/airflow/.local/lib/python3.8/site-packages/airflow/example_dags/example_latest_only.py for tasks to queue
[2026-03-18T07:49:52.590+0000] {logging_mixin.py:188} INFO - [2026-03-18T07:49:52.589+0000] {dagbag.py:538} INFO - Filling up the DagBag from /home/airflow/.local/lib/python3.8/site-packages/airflow/example_dags/example_latest_only.py
[2026-03-18T07:49:52.592+0000] {processor.py:840} INFO - DAG(s) 'latest_only' retrieved from /home/airflow/.local/lib/python3.8/site-packages/airflow/example_dags/example_latest_only.py
[2026-03-18T07:49:52.600+0000] {logging_mixin.py:188} INFO - [2026-03-18T07:49:52.600+0000] {dag.py:3036} INFO - Sync 1 DAGs
[2026-03-18T07:49:52.609+0000] {logging_mixin.py:188} INFO - [2026-03-18T07:49:52.609+0000] {dag.py:3823} INFO - Setting next_dagrun for latest_only to 2026-03-18 00:00:00+00:00, run_after=2026-03-18 04:00:00+00:00
[2026-03-18T07:49:52.615+0000] {processor.py:183} INFO - Processing /home/airflow/.local/lib/python3.8/site-packages/airflow/example_dags/example_latest_only.py took 0.029 seconds
[2026-03-18T07:50:23.048+0000] {processor.py:161} INFO - Started process (PID=643) to work on /home/airflow/.local/lib/python3.8/site-packages/airflow/example_dags/example_latest_only.py
[2026-03-18T07:50:23.049+0000] {processor.py:830} INFO - Processing file /home/airflow/.local/lib/python3.8/site-packages/airflow/example_dags/example_latest_only.py for tasks to queue
[2026-03-18T07:50:23.051+0000] {logging_mixin.py:188} INFO - [2026-03-18T07:50:23.051+0000] {dagbag.py:538} INFO - Filling up the DagBag from /home/airflow/.local/lib/python3.8/site-packages/airflow/example_dags/example_latest_only.py
[2026-03-18T07:50:23.054+0000] {processor.py:840} INFO - DAG(s) 'latest_only' retrieved from /home/airflow/.local/lib/python3.8/site-packages/airflow/example_dags/example_latest_only.py
[2026-03-18T07:50:23.067+0000] {logging_mixin.py:188} INFO - [2026-03-18T07:50:23.067+0000] {dag.py:3036} INFO - Sync 1 DAGs
[2026-03-18T07:50:23.076+0000] {logging_mixin.py:188} INFO - [2026-03-18T07:50:23.076+0000] {dag.py:3823} INFO - Setting next_dagrun for latest_only to 2026-03-18 00:00:00+00:00, run_after=2026-03-18 04:00:00+00:00
[2026-03-18T07:50:23.088+0000] {processor.py:183} INFO - Processing /home/airflow/.local/lib/python3.8/site-packages/airflow/example_dags/example_latest_only.py took 0.041 seconds
[2026-03-18T07:50:53.555+0000] {processor.py:161} INFO - Started process (PID=699) to work on /home/airflow/.local/lib/python3.8/site-packages/airflow/example_dags/example_latest_only.py
[2026-03-18T07:50:53.555+0000] {processor.py:830} INFO - Processing file /home/airflow/.local/lib/python3.8/site-packages/airflow/example_dags/example_latest_only.py for tasks to queue
[2026-03-18T07:50:53.556+0000] {logging_mixin.py:188} INFO - [2026-03-18T07:50:53.556+0000] {dagbag.py:538} INFO - Filling up the DagBag from /home/airflow/.local/lib/python3.8/site-packages/airflow/example_dags/example_latest_only.py
[2026-03-18T07:50:53.558+0000] {processor.py:840} INFO - DAG(s) 'latest_only' retrieved from /home/airflow/.local/lib/python3.8/site-packages/airflow/example_dags/example_latest_only.py
[2026-03-18T07:50:53.567+0000] {logging_mixin.py:188} INFO - [2026-03-18T07:50:53.567+0000] {dag.py:3036} INFO - Sync 1 DAGs
[2026-03-18T07:50:53.577+0000] {logging_mixin.py:188} INFO - [2026-03-18T07:50:53.577+0000] {dag.py:3823} INFO - Setting next_dagrun for latest_only to 2026-03-18 00:00:00+00:00, run_after=2026-03-18 04:00:00+00:00
[2026-03-18T07:50:53.589+0000] {processor.py:183} INFO - Processing /home/airflow/.local/lib/python3.8/site-packages/airflow/example_dags/example_latest_only.py took 0.036 seconds
[2026-03-18T07:51:24.047+0000] {processor.py:161} INFO - Started process (PID=755) to work on /home/airflow/.local/lib/python3.8/site-packages/airflow/example_dags/example_latest_only.py
[2026-03-18T07:51:24.048+0000] {processor.py:830} INFO - Processing file /home/airflow/.local/lib/python3.8/site-packages/airflow/example_dags/example_latest_only.py for tasks to queue
[2026-03-18T07:51:24.050+0000] {logging_mixin.py:188} INFO - [2026-03-18T07:51:24.050+0000] {dagbag.py:538} INFO - Filling up the DagBag from /home/airflow/.local/lib/python3.8/site-packages/airflow/example_dags/example_latest_only.py
[2026-03-18T07:51:24.056+0000] {processor.py:840} INFO - DAG(s) 'latest_only' retrieved from /home/airflow/.local/lib/python3.8/site-packages/airflow/example_dags/example_latest_only.py
[2026-03-18T07:51:24.065+0000] {logging_mixin.py:188} INFO - [2026-03-18T07:51:24.065+0000] {dag.py:3036} INFO - Sync 1 DAGs
[2026-03-18T07:51:24.075+0000] {logging_mixin.py:188} INFO - [2026-03-18T07:51:24.075+0000] {dag.py:3823} INFO - Setting next_dagrun for latest_only to 2026-03-18 00:00:00+00:00, run_after=2026-03-18 04:00:00+00:00
[2026-03-18T07:51:24.083+0000] {processor.py:183} INFO - Processing /home/airflow/.local/lib/python3.8/site-packages/airflow/example_dags/example_latest_only.py took 0.038 seconds
[2026-03-18T07:51:54.535+0000] {processor.py:161} INFO - Started process (PID=811) to work on /home/airflow/.local/lib/python3.8/site-packages/airflow/example_dags/example_latest_only.py
[2026-03-18T07:51:54.539+0000] {processor.py:830} INFO - Processing file /home/airflow/.local/lib/python3.8/site-packages/airflow/example_dags/example_latest_only.py for tasks to queue
[2026-03-18T07:51:54.541+0000] {logging_mixin.py:188} INFO - [2026-03-18T07:51:54.541+0000] {dagbag.py:538} INFO - Filling up the DagBag from /home/airflow/.local/lib/python3.8/site-packages/airflow/example_dags/example_latest_only.py
[2026-03-18T07:51:54.544+0000] {processor.py:840} INFO - DAG(s) 'latest_only' retrieved from /home/airflow/.local/lib/python3.8/site-packages/airflow/example_dags/example_latest_only.py
[2026-03-18T07:51:54.556+0000] {logging_mixin.py:188} INFO - [2026-03-18T07:51:54.556+0000] {dag.py:3036} INFO - Sync 1 DAGs
[2026-03-18T07:51:54.567+0000] {logging_mixin.py:188} INFO - [2026-03-18T07:51:54.567+0000] {dag.py:3823} INFO - Setting next_dagrun for latest_only to 2026-03-18 00:00:00+00:00, run_after=2026-03-18 04:00:00+00:00
[2026-03-18T07:51:54.576+0000] {processor.py:183} INFO - Processing /home/airflow/.local/lib/python3.8/site-packages/airflow/example_dags/example_latest_only.py took 0.042 seconds
[2026-03-18T07:52:25.121+0000] {processor.py:161} INFO - Started process (PID=867) to work on /home/airflow/.local/lib/python3.8/site-packages/airflow/example_dags/example_latest_only.py
[2026-03-18T07:52:25.122+0000] {processor.py:830} INFO - Processing file /home/airflow/.local/lib/python3.8/site-packages/airflow/example_dags/example_latest_only.py for tasks to queue
[2026-03-18T07:52:25.123+0000] {logging_mixin.py:188} INFO - [2026-03-18T07:52:25.123+0000] {dagbag.py:538} INFO - Filling up the DagBag from /home/airflow/.local/lib/python3.8/site-packages/airflow/example_dags/example_latest_only.py
[2026-03-18T07:52:25.126+0000] {processor.py:840} INFO - DAG(s) 'latest_only' retrieved from /home/airflow/.local/lib/python3.8/site-packages/airflow/example_dags/example_latest_only.py
[2026-03-18T07:52:25.134+0000] {logging_mixin.py:188} INFO - [2026-03-18T07:52:25.134+0000] {dag.py:3036} INFO - Sync 1 DAGs
[2026-03-18T07:52:25.142+0000] {logging_mixin.py:188} INFO - [2026-03-18T07:52:25.142+0000] {dag.py:3823} INFO - Setting next_dagrun for latest_only to 2026-03-18 00:00:00+00:00, run_after=2026-03-18 04:00:00+00:00
[2026-03-18T07:52:25.156+0000] {processor.py:183} INFO - Processing /home/airflow/.local/lib/python3.8/site-packages/airflow/example_dags/example_latest_only.py took 0.037 seconds
[2026-03-18T07:52:55.548+0000] {processor.py:161} INFO - Started process (PID=923) to work on /home/airflow/.local/lib/python3.8/site-packages/airflow/example_dags/example_latest_only.py
[2026-03-18T07:52:55.549+0000] {processor.py:830} INFO - Processing file /home/airflow/.local/lib/python3.8/site-packages/airflow/example_dags/example_latest_only.py for tasks to queue
[2026-03-18T07:52:55.550+0000] {logging_mixin.py:188} INFO - [2026-03-18T07:52:55.549+0000] {dagbag.py:538} INFO - Filling up the DagBag from /home/airflow/.local/lib/python3.8/site-packages/airflow/example_dags/example_latest_only.py
[2026-03-18T07:52:55.552+0000] {processor.py:840} INFO - DAG(s) 'latest_only' retrieved from /home/airflow/.local/lib/python3.8/site-packages/airflow/example_dags/example_latest_only.py
[2026-03-18T07:52:55.561+0000] {logging_mixin.py:188} INFO - [2026-03-18T07:52:55.561+0000] {dag.py:3036} INFO - Sync 1 DAGs
[2026-03-18T07:52:55.572+0000] {logging_mixin.py:188} INFO - [2026-03-18T07:52:55.572+0000] {dag.py:3823} INFO - Setting next_dagrun for latest_only to 2026-03-18 00:00:00+00:00, run_after=2026-03-18 04:00:00+00:00
[2026-03-18T07:52:55.582+0000] {processor.py:183} INFO - Processing /home/airflow/.local/lib/python3.8/site-packages/airflow/example_dags/example_latest_only.py took 0.036 seconds
[2026-03-18T07:53:26.031+0000] {processor.py:161} INFO - Started process (PID=979) to work on /home/airflow/.local/lib/python3.8/site-packages/airflow/example_dags/example_latest_only.py
[2026-03-18T07:53:26.032+0000] {processor.py:830} INFO - Processing file /home/airflow/.local/lib/python3.8/site-packages/airflow/example_dags/example_latest_only.py for tasks to queue
[2026-03-18T07:53:26.033+0000] {logging_mixin.py:188} INFO - [2026-03-18T07:53:26.033+0000] {dagbag.py:538} INFO - Filling up the DagBag from /home/airflow/.local/lib/python3.8/site-packages/airflow/example_dags/example_latest_only.py
[2026-03-18T07:53:26.035+0000] {processor.py:840} INFO - DAG(s) 'latest_only' retrieved from /home/airflow/.local/lib/python3.8/site-packages/airflow/example_dags/example_latest_only.py
[2026-03-18T07:53:26.047+0000] {logging_mixin.py:188} INFO - [2026-03-18T07:53:26.047+0000] {dag.py:3036} INFO - Sync 1 DAGs
[2026-03-18T07:53:26.056+0000] {logging_mixin.py:188} INFO - [2026-03-18T07:53:26.056+0000] {dag.py:3823} INFO - Setting next_dagrun for latest_only to 2026-03-18 00:00:00+00:00, run_after=2026-03-18 04:00:00+00:00
[2026-03-18T07:53:26.068+0000] {processor.py:183} INFO - Processing /home/airflow/.local/lib/python3.8/site-packages/airflow/example_dags/example_latest_only.py took 0.038 seconds
[2026-03-18T07:53:56.507+0000] {processor.py:161} INFO - Started process (PID=1035) to work on /home/airflow/.local/lib/python3.8/site-packages/airflow/example_dags/example_latest_only.py
[2026-03-18T07:53:56.509+0000] {processor.py:830} INFO - Processing file /home/airflow/.local/lib/python3.8/site-packages/airflow/example_dags/example_latest_only.py for tasks to queue
[2026-03-18T07:53:56.509+0000] {logging_mixin.py:188} INFO - [2026-03-18T07:53:56.509+0000] {dagbag.py:538} INFO - Filling up the DagBag from /home/airflow/.local/lib/python3.8/site-packages/airflow/example_dags/example_latest_only.py
[2026-03-18T07:53:56.511+0000] {processor.py:840} INFO - DAG(s) 'latest_only' retrieved from /home/airflow/.local/lib/python3.8/site-packages/airflow/example_dags/example_latest_only.py
[2026-03-18T07:53:56.522+0000] {logging_mixin.py:188} INFO - [2026-03-18T07:53:56.522+0000] {dag.py:3036} INFO - Sync 1 DAGs
[2026-03-18T07:53:56.532+0000] {logging_mixin.py:188} INFO - [2026-03-18T07:53:56.531+0000] {dag.py:3823} INFO - Setting next_dagrun for latest_only to 2026-03-18 00:00:00+00:00, run_after=2026-03-18 04:00:00+00:00
[2026-03-18T07:53:56.539+0000] {processor.py:183} INFO - Processing /home/airflow/.local/lib/python3.8/site-packages/airflow/example_dags/example_latest_only.py took 0.034 seconds
[2026-03-18T07:54:26.936+0000] {processor.py:161} INFO - Started process (PID=1091) to work on /home/airflow/.local/lib/python3.8/site-packages/airflow/example_dags/example_latest_only.py
[2026-03-18T07:54:26.938+0000] {processor.py:830} INFO - Processing file /home/airflow/.local/lib/python3.8/site-packages/airflow/example_dags/example_latest_only.py for tasks to queue
[2026-03-18T07:54:26.939+0000] {logging_mixin.py:188} INFO - [2026-03-18T07:54:26.939+0000] {dagbag.py:538} INFO - Filling up the DagBag from /home/airflow/.local/lib/python3.8/site-packages/airflow/example_dags/example_latest_only.py
[2026-03-18T07:54:26.942+0000] {processor.py:840} INFO - DAG(s) 'latest_only' retrieved from /home/airflow/.local/lib/python3.8/site-packages/airflow/example_dags/example_latest_only.py
[2026-03-18T07:54:26.955+0000] {logging_mixin.py:188} INFO - [2026-03-18T07:54:26.955+0000] {dag.py:3036} INFO - Sync 1 DAGs
[2026-03-18T07:54:26.965+0000] {logging_mixin.py:188} INFO - [2026-03-18T07:54:26.965+0000] {dag.py:3823} INFO - Setting next_dagrun for latest_only to 2026-03-18 00:00:00+00:00, run_after=2026-03-18 04:00:00+00:00
[2026-03-18T07:54:26.974+0000] {processor.py:183} INFO - Processing /home/airflow/.local/lib/python3.8/site-packages/airflow/example_dags/example_latest_only.py took 0.040 seconds
[2026-03-18T07:54:57.410+0000] {processor.py:161} INFO - Started process (PID=1147) to work on /home/airflow/.local/lib/python3.8/site-packages/airflow/example_dags/example_latest_only.py
[2026-03-18T07:54:57.411+0000] {processor.py:830} INFO - Processing file /home/airflow/.local/lib/python3.8/site-packages/airflow/example_dags/example_latest_only.py for tasks to queue
[2026-03-18T07:54:57.411+0000] {logging_mixin.py:188} INFO - [2026-03-18T07:54:57.411+0000] {dagbag.py:538} INFO - Filling up the DagBag from /home/airflow/.local/lib/python3.8/site-packages/airflow/example_dags/example_latest_only.py
[2026-03-18T07:54:57.414+0000] {processor.py:840} INFO - DAG(s) 'latest_only' retrieved from /home/airflow/.local/lib/python3.8/site-packages/airflow/example_dags/example_latest_only.py
[2026-03-18T07:54:57.424+0000] {logging_mixin.py:188} INFO - [2026-03-18T07:54:57.424+0000] {dag.py:3036} INFO - Sync 1 DAGs
[2026-03-18T07:54:57.431+0000] {logging_mixin.py:188} INFO - [2026-03-18T07:54:57.431+0000] {dag.py:3823} INFO - Setting next_dagrun for latest_only to 2026-03-18 00:00:00+00:00, run_after=2026-03-18 04:00:00+00:00
[2026-03-18T07:54:57.443+0000] {processor.py:183} INFO - Processing /home/airflow/.local/lib/python3.8/site-packages/airflow/example_dags/example_latest_only.py took 0.035 seconds
[2026-03-18T07:55:27.854+0000] {processor.py:161} INFO - Started process (PID=1203) to work on /home/airflow/.local/lib/python3.8/site-packages/airflow/example_dags/example_latest_only.py
[2026-03-18T07:55:27.854+0000] {processor.py:830} INFO - Processing file /home/airflow/.local/lib/python3.8/site-packages/airflow/example_dags/example_latest_only.py for tasks to queue
[2026-03-18T07:55:27.855+0000] {logging_mixin.py:188} INFO - [2026-03-18T07:55:27.855+0000] {dagbag.py:538} INFO - Filling up the DagBag from /home/airflow/.local/lib/python3.8/site-packages/airflow/example_dags/example_latest_only.py
[2026-03-18T07:55:27.857+0000] {processor.py:840} INFO - DAG(s) 'latest_only' retrieved from /home/airflow/.local/lib/python3.8/site-packages/airflow/example_dags/example_latest_only.py
[2026-03-18T07:55:27.867+0000] {logging_mixin.py:188} INFO - [2026-03-18T07:55:27.867+0000] {dag.py:3036} INFO - Sync 1 DAGs
[2026-03-18T07:55:27.877+0000] {logging_mixin.py:188} INFO - [2026-03-18T07:55:27.877+0000] {dag.py:3823} INFO - Setting next_dagrun for latest_only to 2026-03-18 00:00:00+00:00, run_after=2026-03-18 04:00:00+00:00
[2026-03-18T07:55:27.885+0000] {processor.py:183} INFO - Processing /home/airflow/.local/lib/python3.8/site-packages/airflow/example_dags/example_latest_only.py took 0.034 seconds
[2026-03-18T07:55:58.291+0000] {processor.py:161} INFO - Started process (PID=1259) to work on /home/airflow/.local/lib/python3.8/site-packages/airflow/example_dags/example_latest_only.py
[2026-03-18T07:55:58.292+0000] {processor.py:830} INFO - Processing file /home/airflow/.local/lib/python3.8/site-packages/airflow/example_dags/example_latest_only.py for tasks to queue
[2026-03-18T07:55:58.293+0000] {logging_mixin.py:188} INFO - [2026-03-18T07:55:58.293+0000] {dagbag.py:538} INFO - Filling up the DagBag from /home/airflow/.local/lib/python3.8/site-packages/airflow/example_dags/example_latest_only.py
[2026-03-18T07:55:58.297+0000] {processor.py:840} INFO - DAG(s) 'latest_only' retrieved from /home/airflow/.local/lib/python3.8/site-packages/airflow/example_dags/example_latest_only.py
[2026-03-18T07:55:58.307+0000] {logging_mixin.py:188} INFO - [2026-03-18T07:55:58.307+0000] {dag.py:3036} INFO - Sync 1 DAGs
[2026-03-18T07:55:58.316+0000] {logging_mixin.py:188} INFO - [2026-03-18T07:55:58.316+0000] {dag.py:3823} INFO - Setting next_dagrun for latest_only to 2026-03-18 00:00:00+00:00, run_after=2026-03-18 04:00:00+00:00
[2026-03-18T07:55:58.325+0000] {processor.py:183} INFO - Processing /home/airflow/.local/lib/python3.8/site-packages/airflow/example_dags/example_latest_only.py took 0.035 seconds
[2026-03-18T07:56:28.703+0000] {processor.py:161} INFO - Started process (PID=1315) to work on /home/airflow/.local/lib/python3.8/site-packages/airflow/example_dags/example_latest_only.py
[2026-03-18T07:56:28.704+0000] {processor.py:830} INFO - Processing file /home/airflow/.local/lib/python3.8/site-packages/airflow/example_dags/example_latest_only.py for tasks to queue
[2026-03-18T07:56:28.705+0000] {logging_mixin.py:188} INFO - [2026-03-18T07:56:28.704+0000] {dagbag.py:538} INFO - Filling up the DagBag from /home/airflow/.local/lib/python3.8/site-packages/airflow/example_dags/example_latest_only.py
[2026-03-18T07:56:28.707+0000] {processor.py:840} INFO - DAG(s) 'latest_only' retrieved from /home/airflow/.local/lib/python3.8/site-packages/airflow/example_dags/example_latest_only.py
[2026-03-18T07:56:28.717+0000] {logging_mixin.py:188} INFO - [2026-03-18T07:56:28.717+0000] {dag.py:3036} INFO - Sync 1 DAGs
[2026-03-18T07:56:28.727+0000] {logging_mixin.py:188} INFO - [2026-03-18T07:56:28.727+0000] {dag.py:3823} INFO - Setting next_dagrun for latest_only to 2026-03-18 00:00:00+00:00, run_after=2026-03-18 04:00:00+00:00
[2026-03-18T07:56:28.738+0000] {processor.py:183} INFO - Processing /home/airflow/.local/lib/python3.8/site-packages/airflow/example_dags/example_latest_only.py took 0.036 seconds
[2026-03-18T07:56:59.244+0000] {processor.py:161} INFO - Started process (PID=1371) to work on /home/airflow/.local/lib/python3.8/site-packages/airflow/example_dags/example_latest_only.py
[2026-03-18T07:56:59.244+0000] {processor.py:830} INFO - Processing file /home/airflow/.local/lib/python3.8/site-packages/airflow/example_dags/example_latest_only.py for tasks to queue
[2026-03-18T07:56:59.246+0000] {logging_mixin.py:188} INFO - [2026-03-18T07:56:59.246+0000] {dagbag.py:538} INFO - Filling up the DagBag from /home/airflow/.local/lib/python3.8/site-packages/airflow/example_dags/example_latest_only.py
[2026-03-18T07:56:59.248+0000] {processor.py:840} INFO - DAG(s) 'latest_only' retrieved from /home/airflow/.local/lib/python3.8/site-packages/airflow/example_dags/example_latest_only.py
[2026-03-18T07:56:59.261+0000] {logging_mixin.py:188} INFO - [2026-03-18T07:56:59.261+0000] {dag.py:3036} INFO - Sync 1 DAGs
[2026-03-18T07:56:59.270+0000] {logging_mixin.py:188} INFO - [2026-03-18T07:56:59.270+0000] {dag.py:3823} INFO - Setting next_dagrun for latest_only to 2026-03-18 00:00:00+00:00, run_after=2026-03-18 04:00:00+00:00
[2026-03-18T07:56:59.282+0000] {processor.py:183} INFO - Processing /home/airflow/.local/lib/python3.8/site-packages/airflow/example_dags/example_latest_only.py took 0.041 seconds
[2026-03-18T07:57:29.698+0000] {processor.py:161} INFO - Started process (PID=1427) to work on /home/airflow/.local/lib/python3.8/site-packages/airflow/example_dags/example_latest_only.py
[2026-03-18T07:57:29.699+0000] {processor.py:830} INFO - Processing file /home/airflow/.local/lib/python3.8/site-packages/airflow/example_dags/example_latest_only.py for tasks to queue
[2026-03-18T07:57:29.700+0000] {logging_mixin.py:188} INFO - [2026-03-18T07:57:29.700+0000] {dagbag.py:538} INFO - Filling up the DagBag from /home/airflow/.local/lib/python3.8/site-packages/airflow/example_dags/example_latest_only.py
[2026-03-18T07:57:29.702+0000] {processor.py:840} INFO - DAG(s) 'latest_only' retrieved from /home/airflow/.local/lib/python3.8/site-packages/airflow/example_dags/example_latest_only.py
[2026-03-18T07:57:29.712+0000] {logging_mixin.py:188} INFO - [2026-03-18T07:57:29.711+0000] {dag.py:3036} INFO - Sync 1 DAGs
[2026-03-18T07:57:29.723+0000] {logging_mixin.py:188} INFO - [2026-03-18T07:57:29.723+0000] {dag.py:3823} INFO - Setting next_dagrun for latest_only to 2026-03-18 00:00:00+00:00, run_after=2026-03-18 04:00:00+00:00
[2026-03-18T07:57:29.735+0000] {processor.py:183} INFO - Processing /home/airflow/.local/lib/python3.8/site-packages/airflow/example_dags/example_latest_only.py took 0.039 seconds
[2026-03-18T07:58:00.243+0000] {processor.py:161} INFO - Started process (PID=1483) to work on /home/airflow/.local/lib/python3.8/site-packages/airflow/example_dags/example_latest_only.py
[2026-03-18T07:58:00.244+0000] {processor.py:830} INFO - Processing file /home/airflow/.local/lib/python3.8/site-packages/airflow/example_dags/example_latest_only.py for tasks to queue
[2026-03-18T07:58:00.245+0000] {logging_mixin.py:188} INFO - [2026-03-18T07:58:00.245+0000] {dagbag.py:538} INFO - Filling up the DagBag from /home/airflow/.local/lib/python3.8/site-packages/airflow/example_dags/example_latest_only.py
[2026-03-18T07:58:00.249+0000] {processor.py:840} INFO - DAG(s) 'latest_only' retrieved from /home/airflow/.local/lib/python3.8/site-packages/airflow/example_dags/example_latest_only.py
[2026-03-18T07:58:00.256+0000] {logging_mixin.py:188} INFO - [2026-03-18T07:58:00.256+0000] {dag.py:3036} INFO - Sync 1 DAGs
[2026-03-18T07:58:00.265+0000] {logging_mixin.py:188} INFO - [2026-03-18T07:58:00.265+0000] {dag.py:3823} INFO - Setting next_dagrun for latest_only to 2026-03-18 00:00:00+00:00, run_after=2026-03-18 04:00:00+00:00
[2026-03-18T07:58:00.272+0000] {processor.py:183} INFO - Processing /home/airflow/.local/lib/python3.8/site-packages/airflow/example_dags/example_latest_only.py took 0.031 seconds
[2026-03-18T07:58:30.669+0000] {processor.py:161} INFO - Started process (PID=1539) to work on /home/airflow/.local/lib/python3.8/site-packages/airflow/example_dags/example_latest_only.py
[2026-03-18T07:58:30.670+0000] {processor.py:830} INFO - Processing file /home/airflow/.local/lib/python3.8/site-packages/airflow/example_dags/example_latest_only.py for tasks to queue
[2026-03-18T07:58:30.673+0000] {logging_mixin.py:188} INFO - [2026-03-18T07:58:30.672+0000] {dagbag.py:538} INFO - Filling up the DagBag from /home/airflow/.local/lib/python3.8/site-packages/airflow/example_dags/example_latest_only.py
[2026-03-18T07:58:30.674+0000] {processor.py:840} INFO - DAG(s) 'latest_only' retrieved from /home/airflow/.local/lib/python3.8/site-packages/airflow/example_dags/example_latest_only.py
[2026-03-18T07:58:30.684+0000] {logging_mixin.py:188} INFO - [2026-03-18T07:58:30.683+0000] {dag.py:3036} INFO - Sync 1 DAGs
[2026-03-18T07:58:30.694+0000] {logging_mixin.py:188} INFO - [2026-03-18T07:58:30.694+0000] {dag.py:3823} INFO - Setting next_dagrun for latest_only to 2026-03-18 00:00:00+00:00, run_after=2026-03-18 04:00:00+00:00
[2026-03-18T07:58:30.706+0000] {processor.py:183} INFO - Processing /home/airflow/.local/lib/python3.8/site-packages/airflow/example_dags/example_latest_only.py took 0.038 seconds
[2026-03-18T07:59:01.236+0000] {processor.py:161} INFO - Started process (PID=1595) to work on /home/airflow/.local/lib/python3.8/site-packages/airflow/example_dags/example_latest_only.py
[2026-03-18T07:59:01.236+0000] {processor.py:830} INFO - Processing file /home/airflow/.local/lib/python3.8/site-packages/airflow/example_dags/example_latest_only.py for tasks to queue
[2026-03-18T07:59:01.237+0000] {logging_mixin.py:188} INFO - [2026-03-18T07:59:01.237+0000] {dagbag.py:538} INFO - Filling up the DagBag from /home/airflow/.local/lib/python3.8/site-packages/airflow/example_dags/example_latest_only.py
[2026-03-18T07:59:01.239+0000] {processor.py:840} INFO - DAG(s) 'latest_only' retrieved from /home/airflow/.local/lib/python3.8/site-packages/airflow/example_dags/example_latest_only.py
[2026-03-18T07:59:01.248+0000] {logging_mixin.py:188} INFO - [2026-03-18T07:59:01.248+0000] {dag.py:3036} INFO - Sync 1 DAGs
[2026-03-18T07:59:01.257+0000] {logging_mixin.py:188} INFO - [2026-03-18T07:59:01.257+0000] {dag.py:3823} INFO - Setting next_dagrun for latest_only to 2026-03-18 00:00:00+00:00, run_after=2026-03-18 04:00:00+00:00
[2026-03-18T07:59:01.265+0000] {processor.py:183} INFO - Processing /home/airflow/.local/lib/python3.8/site-packages/airflow/example_dags/example_latest_only.py took 0.031 seconds
[2026-03-18T07:59:31.785+0000] {processor.py:161} INFO - Started process (PID=1651) to work on /home/airflow/.local/lib/python3.8/site-packages/airflow/example_dags/example_latest_only.py
[2026-03-18T07:59:31.785+0000] {processor.py:830} INFO - Processing file /home/airflow/.local/lib/python3.8/site-packages/airflow/example_dags/example_latest_only.py for tasks to queue
[2026-03-18T07:59:31.786+0000] {logging_mixin.py:188} INFO - [2026-03-18T07:59:31.786+0000] {dagbag.py:538} INFO - Filling up the DagBag from /home/airflow/.local/lib/python3.8/site-packages/airflow/example_dags/example_latest_only.py
[2026-03-18T07:59:31.788+0000] {processor.py:840} INFO - DAG(s) 'latest_only' retrieved from /home/airflow/.local/lib/python3.8/site-packages/airflow/example_dags/example_latest_only.py
[2026-03-18T07:59:31.798+0000] {logging_mixin.py:188} INFO - [2026-03-18T07:59:31.798+0000] {dag.py:3036} INFO - Sync 1 DAGs
[2026-03-18T07:59:31.811+0000] {logging_mixin.py:188} INFO - [2026-03-18T07:59:31.810+0000] {dag.py:3823} INFO - Setting next_dagrun for latest_only to 2026-03-18 00:00:00+00:00, run_after=2026-03-18 04:00:00+00:00
[2026-03-18T07:59:31.823+0000] {processor.py:183} INFO - Processing /home/airflow/.local/lib/python3.8/site-packages/airflow/example_dags/example_latest_only.py took 0.040 seconds
[2026-03-18T08:00:02.398+0000] {processor.py:161} INFO - Started process (PID=87) to work on /home/airflow/.local/lib/python3.8/site-packages/airflow/example_dags/example_latest_only.py
[2026-03-18T08:00:02.399+0000] {processor.py:830} INFO - Processing file /home/airflow/.local/lib/python3.8/site-packages/airflow/example_dags/example_latest_only.py for tasks to queue
[2026-03-18T08:00:02.400+0000] {logging_mixin.py:188} INFO - [2026-03-18T08:00:02.400+0000] {dagbag.py:538} INFO - Filling up the DagBag from /home/airflow/.local/lib/python3.8/site-packages/airflow/example_dags/example_latest_only.py
[2026-03-18T08:00:02.402+0000] {processor.py:840} INFO - DAG(s) 'latest_only' retrieved from /home/airflow/.local/lib/python3.8/site-packages/airflow/example_dags/example_latest_only.py
[2026-03-18T08:00:02.408+0000] {logging_mixin.py:188} INFO - [2026-03-18T08:00:02.408+0000] {dag.py:3036} INFO - Sync 1 DAGs
[2026-03-18T08:00:02.418+0000] {logging_mixin.py:188} INFO - [2026-03-18T08:00:02.417+0000] {dag.py:3823} INFO - Setting next_dagrun for latest_only to 2026-03-18 04:00:00+00:00, run_after=2026-03-18 08:00:00+00:00
[2026-03-18T08:00:02.425+0000] {processor.py:183} INFO - Processing /home/airflow/.local/lib/python3.8/site-packages/airflow/example_dags/example_latest_only.py took 0.029 seconds
[2026-03-18T08:00:33.112+0000] {processor.py:161} INFO - Started process (PID=142) to work on /home/airflow/.local/lib/python3.8/site-packages/airflow/example_dags/example_latest_only.py
[2026-03-18T08:00:33.112+0000] {processor.py:830} INFO - Processing file /home/airflow/.local/lib/python3.8/site-packages/airflow/example_dags/example_latest_only.py for tasks to queue
[2026-03-18T08:00:33.113+0000] {logging_mixin.py:188} INFO - [2026-03-18T08:00:33.113+0000] {dagbag.py:538} INFO - Filling up the DagBag from /home/airflow/.local/lib/python3.8/site-packages/airflow/example_dags/example_latest_only.py
[2026-03-18T08:00:33.115+0000] {processor.py:840} INFO - DAG(s) 'latest_only' retrieved from /home/airflow/.local/lib/python3.8/site-packages/airflow/example_dags/example_latest_only.py
[2026-03-18T08:00:33.151+0000] {logging_mixin.py:188} INFO - [2026-03-18T08:00:33.151+0000] {dag.py:3036} INFO - Sync 1 DAGs
[2026-03-18T08:00:33.160+0000] {logging_mixin.py:188} INFO - [2026-03-18T08:00:33.160+0000] {dag.py:3823} INFO - Setting next_dagrun for latest_only to 2026-03-18 04:00:00+00:00, run_after=2026-03-18 08:00:00+00:00
[2026-03-18T08:00:33.179+0000] {processor.py:183} INFO - Processing /home/airflow/.local/lib/python3.8/site-packages/airflow/example_dags/example_latest_only.py took 0.069 seconds
[2026-03-18T08:01:03.736+0000] {processor.py:161} INFO - Started process (PID=198) to work on /home/airflow/.local/lib/python3.8/site-packages/airflow/example_dags/example_latest_only.py
[2026-03-18T08:01:03.736+0000] {processor.py:830} INFO - Processing file /home/airflow/.local/lib/python3.8/site-packages/airflow/example_dags/example_latest_only.py for tasks to queue
[2026-03-18T08:01:03.737+0000] {logging_mixin.py:188} INFO - [2026-03-18T08:01:03.737+0000] {dagbag.py:538} INFO - Filling up the DagBag from /home/airflow/.local/lib/python3.8/site-packages/airflow/example_dags/example_latest_only.py
[2026-03-18T08:01:03.739+0000] {processor.py:840} INFO - DAG(s) 'latest_only' retrieved from /home/airflow/.local/lib/python3.8/site-packages/airflow/example_dags/example_latest_only.py
[2026-03-18T08:01:03.747+0000] {logging_mixin.py:188} INFO - [2026-03-18T08:01:03.747+0000] {dag.py:3036} INFO - Sync 1 DAGs
[2026-03-18T08:01:03.754+0000] {logging_mixin.py:188} INFO - [2026-03-18T08:01:03.753+0000] {dag.py:3823} INFO - Setting next_dagrun for latest_only to 2026-03-18 04:00:00+00:00, run_after=2026-03-18 08:00:00+00:00
[2026-03-18T08:01:03.759+0000] {processor.py:183} INFO - Processing /home/airflow/.local/lib/python3.8/site-packages/airflow/example_dags/example_latest_only.py took 0.025 seconds
[2026-03-18T08:01:34.213+0000] {processor.py:161} INFO - Started process (PID=254) to work on /home/airflow/.local/lib/python3.8/site-packages/airflow/example_dags/example_latest_only.py
[2026-03-18T08:01:34.214+0000] {processor.py:830} INFO - Processing file /home/airflow/.local/lib/python3.8/site-packages/airflow/example_dags/example_latest_only.py for tasks to queue
[2026-03-18T08:01:34.215+0000] {logging_mixin.py:188} INFO - [2026-03-18T08:01:34.215+0000] {dagbag.py:538} INFO - Filling up the DagBag from /home/airflow/.local/lib/python3.8/site-packages/airflow/example_dags/example_latest_only.py
[2026-03-18T08:01:34.218+0000] {processor.py:840} INFO - DAG(s) 'latest_only' retrieved from /home/airflow/.local/lib/python3.8/site-packages/airflow/example_dags/example_latest_only.py
[2026-03-18T08:01:34.227+0000] {logging_mixin.py:188} INFO - [2026-03-18T08:01:34.227+0000] {dag.py:3036} INFO - Sync 1 DAGs
[2026-03-18T08:01:34.237+0000] {logging_mixin.py:188} INFO - [2026-03-18T08:01:34.237+0000] {dag.py:3823} INFO - Setting next_dagrun for latest_only to 2026-03-18 04:00:00+00:00, run_after=2026-03-18 08:00:00+00:00
[2026-03-18T08:01:34.244+0000] {processor.py:183} INFO - Processing /home/airflow/.local/lib/python3.8/site-packages/airflow/example_dags/example_latest_only.py took 0.033 seconds
[2026-03-18T08:02:04.813+0000] {processor.py:161} INFO - Started process (PID=309) to work on /home/airflow/.local/lib/python3.8/site-packages/airflow/example_dags/example_latest_only.py
[2026-03-18T08:02:04.814+0000] {processor.py:830} INFO - Processing file /home/airflow/.local/lib/python3.8/site-packages/airflow/example_dags/example_latest_only.py for tasks to queue
[2026-03-18T08:02:04.815+0000] {logging_mixin.py:188} INFO - [2026-03-18T08:02:04.815+0000] {dagbag.py:538} INFO - Filling up the DagBag from /home/airflow/.local/lib/python3.8/site-packages/airflow/example_dags/example_latest_only.py
[2026-03-18T08:02:04.817+0000] {processor.py:840} INFO - DAG(s) 'latest_only' retrieved from /home/airflow/.local/lib/python3.8/site-packages/airflow/example_dags/example_latest_only.py
[2026-03-18T08:02:04.829+0000] {logging_mixin.py:188} INFO - [2026-03-18T08:02:04.828+0000] {dag.py:3036} INFO - Sync 1 DAGs
[2026-03-18T08:02:04.839+0000] {logging_mixin.py:188} INFO - [2026-03-18T08:02:04.839+0000] {dag.py:3823} INFO - Setting next_dagrun for latest_only to 2026-03-18 04:00:00+00:00, run_after=2026-03-18 08:00:00+00:00
[2026-03-18T08:02:04.846+0000] {processor.py:183} INFO - Processing /home/airflow/.local/lib/python3.8/site-packages/airflow/example_dags/example_latest_only.py took 0.035 seconds
[2026-03-18T08:02:35.384+0000] {processor.py:161} INFO - Started process (PID=365) to work on /home/airflow/.local/lib/python3.8/site-packages/airflow/example_dags/example_latest_only.py
[2026-03-18T08:02:35.385+0000] {processor.py:830} INFO - Processing file /home/airflow/.local/lib/python3.8/site-packages/airflow/example_dags/example_latest_only.py for tasks to queue
[2026-03-18T08:02:35.386+0000] {logging_mixin.py:188} INFO - [2026-03-18T08:02:35.386+0000] {dagbag.py:538} INFO - Filling up the DagBag from /home/airflow/.local/lib/python3.8/site-packages/airflow/example_dags/example_latest_only.py
[2026-03-18T08:02:35.388+0000] {processor.py:840} INFO - DAG(s) 'latest_only' retrieved from /home/airflow/.local/lib/python3.8/site-packages/airflow/example_dags/example_latest_only.py
[2026-03-18T08:02:35.399+0000] {logging_mixin.py:188} INFO - [2026-03-18T08:02:35.399+0000] {dag.py:3036} INFO - Sync 1 DAGs
[2026-03-18T08:02:35.408+0000] {logging_mixin.py:188} INFO - [2026-03-18T08:02:35.407+0000] {dag.py:3823} INFO - Setting next_dagrun for latest_only to 2026-03-18 04:00:00+00:00, run_after=2026-03-18 08:00:00+00:00
[2026-03-18T08:02:35.423+0000] {processor.py:183} INFO - Processing /home/airflow/.local/lib/python3.8/site-packages/airflow/example_dags/example_latest_only.py took 0.040 seconds
[2026-03-18T08:03:06.024+0000] {processor.py:161} INFO - Started process (PID=427) to work on /home/airflow/.local/lib/python3.8/site-packages/airflow/example_dags/example_latest_only.py
[2026-03-18T08:03:06.027+0000] {processor.py:830} INFO - Processing file /home/airflow/.local/lib/python3.8/site-packages/airflow/example_dags/example_latest_only.py for tasks to queue
[2026-03-18T08:03:06.027+0000] {logging_mixin.py:188} INFO - [2026-03-18T08:03:06.027+0000] {dagbag.py:538} INFO - Filling up the DagBag from /home/airflow/.local/lib/python3.8/site-packages/airflow/example_dags/example_latest_only.py
[2026-03-18T08:03:06.030+0000] {processor.py:840} INFO - DAG(s) 'latest_only' retrieved from /home/airflow/.local/lib/python3.8/site-packages/airflow/example_dags/example_latest_only.py
[2026-03-18T08:03:06.038+0000] {logging_mixin.py:188} INFO - [2026-03-18T08:03:06.038+0000] {dag.py:3036} INFO - Sync 1 DAGs
[2026-03-18T08:03:06.049+0000] {logging_mixin.py:188} INFO - [2026-03-18T08:03:06.049+0000] {dag.py:3823} INFO - Setting next_dagrun for latest_only to 2026-03-18 04:00:00+00:00, run_after=2026-03-18 08:00:00+00:00
[2026-03-18T08:03:06.059+0000] {processor.py:183} INFO - Processing /home/airflow/.local/lib/python3.8/site-packages/airflow/example_dags/example_latest_only.py took 0.036 seconds
[2026-03-18T08:03:36.587+0000] {processor.py:161} INFO - Started process (PID=483) to work on /home/airflow/.local/lib/python3.8/site-packages/airflow/example_dags/example_latest_only.py
[2026-03-18T08:03:36.588+0000] {processor.py:830} INFO - Processing file /home/airflow/.local/lib/python3.8/site-packages/airflow/example_dags/example_latest_only.py for tasks to queue
[2026-03-18T08:03:36.589+0000] {logging_mixin.py:188} INFO - [2026-03-18T08:03:36.589+0000] {dagbag.py:538} INFO - Filling up the DagBag from /home/airflow/.local/lib/python3.8/site-packages/airflow/example_dags/example_latest_only.py
[2026-03-18T08:03:36.592+0000] {processor.py:840} INFO - DAG(s) 'latest_only' retrieved from /home/airflow/.local/lib/python3.8/site-packages/airflow/example_dags/example_latest_only.py
[2026-03-18T08:03:36.600+0000] {logging_mixin.py:188} INFO - [2026-03-18T08:03:36.600+0000] {dag.py:3036} INFO - Sync 1 DAGs
[2026-03-18T08:03:36.612+0000] {logging_mixin.py:188} INFO - [2026-03-18T08:03:36.612+0000] {dag.py:3823} INFO - Setting next_dagrun for latest_only to 2026-03-18 04:00:00+00:00, run_after=2026-03-18 08:00:00+00:00
[2026-03-18T08:03:36.622+0000] {processor.py:183} INFO - Processing /home/airflow/.local/lib/python3.8/site-packages/airflow/example_dags/example_latest_only.py took 0.036 seconds
[2026-03-18T08:04:07.184+0000] {processor.py:161} INFO - Started process (PID=539) to work on /home/airflow/.local/lib/python3.8/site-packages/airflow/example_dags/example_latest_only.py
[2026-03-18T08:04:07.185+0000] {processor.py:830} INFO - Processing file /home/airflow/.local/lib/python3.8/site-packages/airflow/example_dags/example_latest_only.py for tasks to queue
[2026-03-18T08:04:07.186+0000] {logging_mixin.py:188} INFO - [2026-03-18T08:04:07.186+0000] {dagbag.py:538} INFO - Filling up the DagBag from /home/airflow/.local/lib/python3.8/site-packages/airflow/example_dags/example_latest_only.py
[2026-03-18T08:04:07.188+0000] {processor.py:840} INFO - DAG(s) 'latest_only' retrieved from /home/airflow/.local/lib/python3.8/site-packages/airflow/example_dags/example_latest_only.py
[2026-03-18T08:04:07.197+0000] {logging_mixin.py:188} INFO - [2026-03-18T08:04:07.196+0000] {dag.py:3036} INFO - Sync 1 DAGs
[2026-03-18T08:04:07.208+0000] {logging_mixin.py:188} INFO - [2026-03-18T08:04:07.207+0000] {dag.py:3823} INFO - Setting next_dagrun for latest_only to 2026-03-18 04:00:00+00:00, run_after=2026-03-18 08:00:00+00:00
[2026-03-18T08:04:07.220+0000] {processor.py:183} INFO - Processing /home/airflow/.local/lib/python3.8/site-packages/airflow/example_dags/example_latest_only.py took 0.038 seconds
[2026-03-18T08:04:30.193+0000] {processor.py:161} INFO - Started process (PID=87) to work on /home/airflow/.local/lib/python3.8/site-packages/airflow/example_dags/example_latest_only.py
[2026-03-18T08:04:30.196+0000] {processor.py:830} INFO - Processing file /home/airflow/.local/lib/python3.8/site-packages/airflow/example_dags/example_latest_only.py for tasks to queue
[2026-03-18T08:04:30.197+0000] {logging_mixin.py:188} INFO - [2026-03-18T08:04:30.197+0000] {dagbag.py:538} INFO - Filling up the DagBag from /home/airflow/.local/lib/python3.8/site-packages/airflow/example_dags/example_latest_only.py
[2026-03-18T08:04:30.207+0000] {processor.py:840} INFO - DAG(s) 'latest_only' retrieved from /home/airflow/.local/lib/python3.8/site-packages/airflow/example_dags/example_latest_only.py
[2026-03-18T08:04:30.216+0000] {logging_mixin.py:188} INFO - [2026-03-18T08:04:30.216+0000] {dag.py:3036} INFO - Sync 1 DAGs
[2026-03-18T08:04:30.236+0000] {logging_mixin.py:188} INFO - [2026-03-18T08:04:30.235+0000] {dag.py:3823} INFO - Setting next_dagrun for latest_only to 2026-03-18 04:00:00+00:00, run_after=2026-03-18 08:00:00+00:00
[2026-03-18T08:04:30.249+0000] {processor.py:183} INFO - Processing /home/airflow/.local/lib/python3.8/site-packages/airflow/example_dags/example_latest_only.py took 0.058 seconds
[2026-03-18T08:05:00.887+0000] {processor.py:161} INFO - Started process (PID=143) to work on /home/airflow/.local/lib/python3.8/site-packages/airflow/example_dags/example_latest_only.py
[2026-03-18T08:05:00.888+0000] {processor.py:830} INFO - Processing file /home/airflow/.local/lib/python3.8/site-packages/airflow/example_dags/example_latest_only.py for tasks to queue
[2026-03-18T08:05:00.889+0000] {logging_mixin.py:188} INFO - [2026-03-18T08:05:00.889+0000] {dagbag.py:538} INFO - Filling up the DagBag from /home/airflow/.local/lib/python3.8/site-packages/airflow/example_dags/example_latest_only.py
[2026-03-18T08:05:00.892+0000] {processor.py:840} INFO - DAG(s) 'latest_only' retrieved from /home/airflow/.local/lib/python3.8/site-packages/airflow/example_dags/example_latest_only.py
[2026-03-18T08:05:00.933+0000] {logging_mixin.py:188} INFO - [2026-03-18T08:05:00.933+0000] {dag.py:3036} INFO - Sync 1 DAGs
[2026-03-18T08:05:00.943+0000] {logging_mixin.py:188} INFO - [2026-03-18T08:05:00.943+0000] {dag.py:3823} INFO - Setting next_dagrun for latest_only to 2026-03-18 04:00:00+00:00, run_after=2026-03-18 08:00:00+00:00
[2026-03-18T08:05:00.952+0000] {processor.py:183} INFO - Processing /home/airflow/.local/lib/python3.8/site-packages/airflow/example_dags/example_latest_only.py took 0.067 seconds
[2026-03-18T08:05:31.853+0000] {processor.py:161} INFO - Started process (PID=198) to work on /home/airflow/.local/lib/python3.8/site-packages/airflow/example_dags/example_latest_only.py
[2026-03-18T08:05:31.854+0000] {processor.py:830} INFO - Processing file /home/airflow/.local/lib/python3.8/site-packages/airflow/example_dags/example_latest_only.py for tasks to queue
[2026-03-18T08:05:31.855+0000] {logging_mixin.py:188} INFO - [2026-03-18T08:05:31.855+0000] {dagbag.py:538} INFO - Filling up the DagBag from /home/airflow/.local/lib/python3.8/site-packages/airflow/example_dags/example_latest_only.py
[2026-03-18T08:05:31.858+0000] {processor.py:840} INFO - DAG(s) 'latest_only' retrieved from /home/airflow/.local/lib/python3.8/site-packages/airflow/example_dags/example_latest_only.py
[2026-03-18T08:05:31.871+0000] {logging_mixin.py:188} INFO - [2026-03-18T08:05:31.871+0000] {dag.py:3036} INFO - Sync 1 DAGs
[2026-03-18T08:05:31.887+0000] {logging_mixin.py:188} INFO - [2026-03-18T08:05:31.886+0000] {dag.py:3823} INFO - Setting next_dagrun for latest_only to 2026-03-18 04:00:00+00:00, run_after=2026-03-18 08:00:00+00:00
[2026-03-18T08:05:31.902+0000] {processor.py:183} INFO - Processing /home/airflow/.local/lib/python3.8/site-packages/airflow/example_dags/example_latest_only.py took 0.051 seconds
[2026-03-18T08:06:15.597+0000] {processor.py:161} INFO - Started process (PID=133) to work on /home/airflow/.local/lib/python3.8/site-packages/airflow/example_dags/example_latest_only.py
[2026-03-18T08:06:15.598+0000] {processor.py:830} INFO - Processing file /home/airflow/.local/lib/python3.8/site-packages/airflow/example_dags/example_latest_only.py for tasks to queue
[2026-03-18T08:06:15.599+0000] {logging_mixin.py:188} INFO - [2026-03-18T08:06:15.599+0000] {dagbag.py:538} INFO - Filling up the DagBag from /home/airflow/.local/lib/python3.8/site-packages/airflow/example_dags/example_latest_only.py
[2026-03-18T08:06:15.602+0000] {processor.py:840} INFO - DAG(s) 'latest_only' retrieved from /home/airflow/.local/lib/python3.8/site-packages/airflow/example_dags/example_latest_only.py
[2026-03-18T08:06:15.652+0000] {logging_mixin.py:188} INFO - [2026-03-18T08:06:15.652+0000] {dag.py:3036} INFO - Sync 1 DAGs
[2026-03-18T08:06:15.663+0000] {logging_mixin.py:188} INFO - [2026-03-18T08:06:15.663+0000] {dag.py:3823} INFO - Setting next_dagrun for latest_only to 2026-03-18 04:00:00+00:00, run_after=2026-03-18 08:00:00+00:00
[2026-03-18T08:06:15.676+0000] {processor.py:183} INFO - Processing /home/airflow/.local/lib/python3.8/site-packages/airflow/example_dags/example_latest_only.py took 0.081 seconds
[2026-03-18T08:06:46.005+0000] {processor.py:161} INFO - Started process (PID=195) to work on /home/airflow/.local/lib/python3.8/site-packages/airflow/example_dags/example_latest_only.py
[2026-03-18T08:06:46.007+0000] {processor.py:830} INFO - Processing file /home/airflow/.local/lib/python3.8/site-packages/airflow/example_dags/example_latest_only.py for tasks to queue
[2026-03-18T08:06:46.008+0000] {logging_mixin.py:188} INFO - [2026-03-18T08:06:46.007+0000] {dagbag.py:538} INFO - Filling up the DagBag from /home/airflow/.local/lib/python3.8/site-packages/airflow/example_dags/example_latest_only.py
[2026-03-18T08:06:46.010+0000] {processor.py:840} INFO - DAG(s) 'latest_only' retrieved from /home/airflow/.local/lib/python3.8/site-packages/airflow/example_dags/example_latest_only.py
[2026-03-18T08:06:46.023+0000] {logging_mixin.py:188} INFO - [2026-03-18T08:06:46.023+0000] {dag.py:3036} INFO - Sync 1 DAGs
[2026-03-18T08:06:46.034+0000] {logging_mixin.py:188} INFO - [2026-03-18T08:06:46.034+0000] {dag.py:3823} INFO - Setting next_dagrun for latest_only to 2026-03-18 04:00:00+00:00, run_after=2026-03-18 08:00:00+00:00
[2026-03-18T08:06:46.043+0000] {processor.py:183} INFO - Processing /home/airflow/.local/lib/python3.8/site-packages/airflow/example_dags/example_latest_only.py took 0.040 seconds
[2026-03-18T08:07:16.575+0000] {processor.py:161} INFO - Started process (PID=251) to work on /home/airflow/.local/lib/python3.8/site-packages/airflow/example_dags/example_latest_only.py
[2026-03-18T08:07:16.575+0000] {processor.py:830} INFO - Processing file /home/airflow/.local/lib/python3.8/site-packages/airflow/example_dags/example_latest_only.py for tasks to queue
[2026-03-18T08:07:16.576+0000] {logging_mixin.py:188} INFO - [2026-03-18T08:07:16.576+0000] {dagbag.py:538} INFO - Filling up the DagBag from /home/airflow/.local/lib/python3.8/site-packages/airflow/example_dags/example_latest_only.py
[2026-03-18T08:07:16.579+0000] {processor.py:840} INFO - DAG(s) 'latest_only' retrieved from /home/airflow/.local/lib/python3.8/site-packages/airflow/example_dags/example_latest_only.py
[2026-03-18T08:07:16.591+0000] {logging_mixin.py:188} INFO - [2026-03-18T08:07:16.591+0000] {dag.py:3036} INFO - Sync 1 DAGs
[2026-03-18T08:07:16.601+0000] {logging_mixin.py:188} INFO - [2026-03-18T08:07:16.601+0000] {dag.py:3823} INFO - Setting next_dagrun for latest_only to 2026-03-18 04:00:00+00:00, run_after=2026-03-18 08:00:00+00:00
[2026-03-18T08:07:16.615+0000] {processor.py:183} INFO - Processing /home/airflow/.local/lib/python3.8/site-packages/airflow/example_dags/example_latest_only.py took 0.042 seconds
[2026-03-18T08:07:47.044+0000] {processor.py:161} INFO - Started process (PID=307) to work on /home/airflow/.local/lib/python3.8/site-packages/airflow/example_dags/example_latest_only.py
[2026-03-18T08:07:47.046+0000] {processor.py:830} INFO - Processing file /home/airflow/.local/lib/python3.8/site-packages/airflow/example_dags/example_latest_only.py for tasks to queue
[2026-03-18T08:07:47.047+0000] {logging_mixin.py:188} INFO - [2026-03-18T08:07:47.047+0000] {dagbag.py:538} INFO - Filling up the DagBag from /home/airflow/.local/lib/python3.8/site-packages/airflow/example_dags/example_latest_only.py
[2026-03-18T08:07:47.050+0000] {processor.py:840} INFO - DAG(s) 'latest_only' retrieved from /home/airflow/.local/lib/python3.8/site-packages/airflow/example_dags/example_latest_only.py
[2026-03-18T08:07:47.061+0000] {logging_mixin.py:188} INFO - [2026-03-18T08:07:47.061+0000] {dag.py:3036} INFO - Sync 1 DAGs
[2026-03-18T08:07:47.071+0000] {logging_mixin.py:188} INFO - [2026-03-18T08:07:47.071+0000] {dag.py:3823} INFO - Setting next_dagrun for latest_only to 2026-03-18 04:00:00+00:00, run_after=2026-03-18 08:00:00+00:00
[2026-03-18T08:07:47.080+0000] {processor.py:183} INFO - Processing /home/airflow/.local/lib/python3.8/site-packages/airflow/example_dags/example_latest_only.py took 0.038 seconds
[2026-03-18T08:08:17.623+0000] {processor.py:161} INFO - Started process (PID=363) to work on /home/airflow/.local/lib/python3.8/site-packages/airflow/example_dags/example_latest_only.py
[2026-03-18T08:08:17.624+0000] {processor.py:830} INFO - Processing file /home/airflow/.local/lib/python3.8/site-packages/airflow/example_dags/example_latest_only.py for tasks to queue
[2026-03-18T08:08:17.625+0000] {logging_mixin.py:188} INFO - [2026-03-18T08:08:17.625+0000] {dagbag.py:538} INFO - Filling up the DagBag from /home/airflow/.local/lib/python3.8/site-packages/airflow/example_dags/example_latest_only.py
[2026-03-18T08:08:17.628+0000] {processor.py:840} INFO - DAG(s) 'latest_only' retrieved from /home/airflow/.local/lib/python3.8/site-packages/airflow/example_dags/example_latest_only.py
[2026-03-18T08:08:17.639+0000] {logging_mixin.py:188} INFO - [2026-03-18T08:08:17.639+0000] {dag.py:3036} INFO - Sync 1 DAGs
[2026-03-18T08:08:17.650+0000] {logging_mixin.py:188} INFO - [2026-03-18T08:08:17.650+0000] {dag.py:3823} INFO - Setting next_dagrun for latest_only to 2026-03-18 04:00:00+00:00, run_after=2026-03-18 08:00:00+00:00
[2026-03-18T08:08:17.660+0000] {processor.py:183} INFO - Processing /home/airflow/.local/lib/python3.8/site-packages/airflow/example_dags/example_latest_only.py took 0.038 seconds
[2026-03-18T08:08:48.133+0000] {processor.py:161} INFO - Started process (PID=419) to work on /home/airflow/.local/lib/python3.8/site-packages/airflow/example_dags/example_latest_only.py
[2026-03-18T08:08:48.134+0000] {processor.py:830} INFO - Processing file /home/airflow/.local/lib/python3.8/site-packages/airflow/example_dags/example_latest_only.py for tasks to queue
[2026-03-18T08:08:48.135+0000] {logging_mixin.py:188} INFO - [2026-03-18T08:08:48.135+0000] {dagbag.py:538} INFO - Filling up the DagBag from /home/airflow/.local/lib/python3.8/site-packages/airflow/example_dags/example_latest_only.py
[2026-03-18T08:08:48.138+0000] {processor.py:840} INFO - DAG(s) 'latest_only' retrieved from /home/airflow/.local/lib/python3.8/site-packages/airflow/example_dags/example_latest_only.py
[2026-03-18T08:08:48.151+0000] {logging_mixin.py:188} INFO - [2026-03-18T08:08:48.150+0000] {dag.py:3036} INFO - Sync 1 DAGs
[2026-03-18T08:08:48.160+0000] {logging_mixin.py:188} INFO - [2026-03-18T08:08:48.160+0000] {dag.py:3823} INFO - Setting next_dagrun for latest_only to 2026-03-18 04:00:00+00:00, run_after=2026-03-18 08:00:00+00:00
[2026-03-18T08:08:48.167+0000] {processor.py:183} INFO - Processing /home/airflow/.local/lib/python3.8/site-packages/airflow/example_dags/example_latest_only.py took 0.035 seconds
[2026-03-18T08:09:18.660+0000] {processor.py:161} INFO - Started process (PID=475) to work on /home/airflow/.local/lib/python3.8/site-packages/airflow/example_dags/example_latest_only.py
[2026-03-18T08:09:18.660+0000] {processor.py:830} INFO - Processing file /home/airflow/.local/lib/python3.8/site-packages/airflow/example_dags/example_latest_only.py for tasks to queue
[2026-03-18T08:09:18.661+0000] {logging_mixin.py:188} INFO - [2026-03-18T08:09:18.661+0000] {dagbag.py:538} INFO - Filling up the DagBag from /home/airflow/.local/lib/python3.8/site-packages/airflow/example_dags/example_latest_only.py
[2026-03-18T08:09:18.664+0000] {processor.py:840} INFO - DAG(s) 'latest_only' retrieved from /home/airflow/.local/lib/python3.8/site-packages/airflow/example_dags/example_latest_only.py
[2026-03-18T08:09:18.673+0000] {logging_mixin.py:188} INFO - [2026-03-18T08:09:18.673+0000] {dag.py:3036} INFO - Sync 1 DAGs
[2026-03-18T08:09:18.682+0000] {logging_mixin.py:188} INFO - [2026-03-18T08:09:18.682+0000] {dag.py:3823} INFO - Setting next_dagrun for latest_only to 2026-03-18 04:00:00+00:00, run_after=2026-03-18 08:00:00+00:00
[2026-03-18T08:09:18.695+0000] {processor.py:183} INFO - Processing /home/airflow/.local/lib/python3.8/site-packages/airflow/example_dags/example_latest_only.py took 0.037 seconds
[2026-03-18T08:09:49.146+0000] {processor.py:161} INFO - Started process (PID=531) to work on /home/airflow/.local/lib/python3.8/site-packages/airflow/example_dags/example_latest_only.py
[2026-03-18T08:09:49.148+0000] {processor.py:830} INFO - Processing file /home/airflow/.local/lib/python3.8/site-packages/airflow/example_dags/example_latest_only.py for tasks to queue
[2026-03-18T08:09:49.148+0000] {logging_mixin.py:188} INFO - [2026-03-18T08:09:49.148+0000] {dagbag.py:538} INFO - Filling up the DagBag from /home/airflow/.local/lib/python3.8/site-packages/airflow/example_dags/example_latest_only.py
[2026-03-18T08:09:49.151+0000] {processor.py:840} INFO - DAG(s) 'latest_only' retrieved from /home/airflow/.local/lib/python3.8/site-packages/airflow/example_dags/example_latest_only.py
[2026-03-18T08:09:49.161+0000] {logging_mixin.py:188} INFO - [2026-03-18T08:09:49.161+0000] {dag.py:3036} INFO - Sync 1 DAGs
[2026-03-18T08:09:49.170+0000] {logging_mixin.py:188} INFO - [2026-03-18T08:09:49.170+0000] {dag.py:3823} INFO - Setting next_dagrun for latest_only to 2026-03-18 04:00:00+00:00, run_after=2026-03-18 08:00:00+00:00
[2026-03-18T08:09:49.181+0000] {processor.py:183} INFO - Processing /home/airflow/.local/lib/python3.8/site-packages/airflow/example_dags/example_latest_only.py took 0.036 seconds
[2026-03-18T08:10:19.770+0000] {processor.py:161} INFO - Started process (PID=587) to work on /home/airflow/.local/lib/python3.8/site-packages/airflow/example_dags/example_latest_only.py
[2026-03-18T08:10:19.771+0000] {processor.py:830} INFO - Processing file /home/airflow/.local/lib/python3.8/site-packages/airflow/example_dags/example_latest_only.py for tasks to queue
[2026-03-18T08:10:19.772+0000] {logging_mixin.py:188} INFO - [2026-03-18T08:10:19.772+0000] {dagbag.py:538} INFO - Filling up the DagBag from /home/airflow/.local/lib/python3.8/site-packages/airflow/example_dags/example_latest_only.py
[2026-03-18T08:10:19.774+0000] {processor.py:840} INFO - DAG(s) 'latest_only' retrieved from /home/airflow/.local/lib/python3.8/site-packages/airflow/example_dags/example_latest_only.py
[2026-03-18T08:10:19.783+0000] {logging_mixin.py:188} INFO - [2026-03-18T08:10:19.783+0000] {dag.py:3036} INFO - Sync 1 DAGs
[2026-03-18T08:10:19.792+0000] {logging_mixin.py:188} INFO - [2026-03-18T08:10:19.792+0000] {dag.py:3823} INFO - Setting next_dagrun for latest_only to 2026-03-18 04:00:00+00:00, run_after=2026-03-18 08:00:00+00:00
[2026-03-18T08:10:19.799+0000] {processor.py:183} INFO - Processing /home/airflow/.local/lib/python3.8/site-packages/airflow/example_dags/example_latest_only.py took 0.030 seconds
[2026-03-18T08:10:50.226+0000] {processor.py:161} INFO - Started process (PID=643) to work on /home/airflow/.local/lib/python3.8/site-packages/airflow/example_dags/example_latest_only.py
[2026-03-18T08:10:50.227+0000] {processor.py:830} INFO - Processing file /home/airflow/.local/lib/python3.8/site-packages/airflow/example_dags/example_latest_only.py for tasks to queue
[2026-03-18T08:10:50.227+0000] {logging_mixin.py:188} INFO - [2026-03-18T08:10:50.227+0000] {dagbag.py:538} INFO - Filling up the DagBag from /home/airflow/.local/lib/python3.8/site-packages/airflow/example_dags/example_latest_only.py
[2026-03-18T08:10:50.230+0000] {processor.py:840} INFO - DAG(s) 'latest_only' retrieved from /home/airflow/.local/lib/python3.8/site-packages/airflow/example_dags/example_latest_only.py
[2026-03-18T08:10:50.240+0000] {logging_mixin.py:188} INFO - [2026-03-18T08:10:50.240+0000] {dag.py:3036} INFO - Sync 1 DAGs
[2026-03-18T08:10:50.248+0000] {logging_mixin.py:188} INFO - [2026-03-18T08:10:50.248+0000] {dag.py:3823} INFO - Setting next_dagrun for latest_only to 2026-03-18 04:00:00+00:00, run_after=2026-03-18 08:00:00+00:00
[2026-03-18T08:10:50.261+0000] {processor.py:183} INFO - Processing /home/airflow/.local/lib/python3.8/site-packages/airflow/example_dags/example_latest_only.py took 0.037 seconds
[2026-03-18T08:11:20.754+0000] {processor.py:161} INFO - Started process (PID=699) to work on /home/airflow/.local/lib/python3.8/site-packages/airflow/example_dags/example_latest_only.py
[2026-03-18T08:11:20.754+0000] {processor.py:830} INFO - Processing file /home/airflow/.local/lib/python3.8/site-packages/airflow/example_dags/example_latest_only.py for tasks to queue
[2026-03-18T08:11:20.756+0000] {logging_mixin.py:188} INFO - [2026-03-18T08:11:20.756+0000] {dagbag.py:538} INFO - Filling up the DagBag from /home/airflow/.local/lib/python3.8/site-packages/airflow/example_dags/example_latest_only.py
[2026-03-18T08:11:20.759+0000] {processor.py:840} INFO - DAG(s) 'latest_only' retrieved from /home/airflow/.local/lib/python3.8/site-packages/airflow/example_dags/example_latest_only.py
[2026-03-18T08:11:20.771+0000] {logging_mixin.py:188} INFO - [2026-03-18T08:11:20.771+0000] {dag.py:3036} INFO - Sync 1 DAGs
[2026-03-18T08:11:20.779+0000] {logging_mixin.py:188} INFO - [2026-03-18T08:11:20.779+0000] {dag.py:3823} INFO - Setting next_dagrun for latest_only to 2026-03-18 04:00:00+00:00, run_after=2026-03-18 08:00:00+00:00
[2026-03-18T08:11:20.786+0000] {processor.py:183} INFO - Processing /home/airflow/.local/lib/python3.8/site-packages/airflow/example_dags/example_latest_only.py took 0.034 seconds
[2026-03-18T08:11:51.310+0000] {processor.py:161} INFO - Started process (PID=755) to work on /home/airflow/.local/lib/python3.8/site-packages/airflow/example_dags/example_latest_only.py
[2026-03-18T08:11:51.310+0000] {processor.py:830} INFO - Processing file /home/airflow/.local/lib/python3.8/site-packages/airflow/example_dags/example_latest_only.py for tasks to queue
[2026-03-18T08:11:51.311+0000] {logging_mixin.py:188} INFO - [2026-03-18T08:11:51.311+0000] {dagbag.py:538} INFO - Filling up the DagBag from /home/airflow/.local/lib/python3.8/site-packages/airflow/example_dags/example_latest_only.py
[2026-03-18T08:11:51.314+0000] {processor.py:840} INFO - DAG(s) 'latest_only' retrieved from /home/airflow/.local/lib/python3.8/site-packages/airflow/example_dags/example_latest_only.py
[2026-03-18T08:11:51.326+0000] {logging_mixin.py:188} INFO - [2026-03-18T08:11:51.326+0000] {dag.py:3036} INFO - Sync 1 DAGs
[2026-03-18T08:11:51.339+0000] {logging_mixin.py:188} INFO - [2026-03-18T08:11:51.339+0000] {dag.py:3823} INFO - Setting next_dagrun for latest_only to 2026-03-18 04:00:00+00:00, run_after=2026-03-18 08:00:00+00:00
[2026-03-18T08:11:51.351+0000] {processor.py:183} INFO - Processing /home/airflow/.local/lib/python3.8/site-packages/airflow/example_dags/example_latest_only.py took 0.043 seconds
[2026-03-18T08:12:21.833+0000] {processor.py:161} INFO - Started process (PID=811) to work on /home/airflow/.local/lib/python3.8/site-packages/airflow/example_dags/example_latest_only.py
[2026-03-18T08:12:21.834+0000] {processor.py:830} INFO - Processing file /home/airflow/.local/lib/python3.8/site-packages/airflow/example_dags/example_latest_only.py for tasks to queue
[2026-03-18T08:12:21.835+0000] {logging_mixin.py:188} INFO - [2026-03-18T08:12:21.835+0000] {dagbag.py:538} INFO - Filling up the DagBag from /home/airflow/.local/lib/python3.8/site-packages/airflow/example_dags/example_latest_only.py
[2026-03-18T08:12:21.838+0000] {processor.py:840} INFO - DAG(s) 'latest_only' retrieved from /home/airflow/.local/lib/python3.8/site-packages/airflow/example_dags/example_latest_only.py
[2026-03-18T08:12:21.847+0000] {logging_mixin.py:188} INFO - [2026-03-18T08:12:21.847+0000] {dag.py:3036} INFO - Sync 1 DAGs
[2026-03-18T08:12:21.857+0000] {logging_mixin.py:188} INFO - [2026-03-18T08:12:21.857+0000] {dag.py:3823} INFO - Setting next_dagrun for latest_only to 2026-03-18 04:00:00+00:00, run_after=2026-03-18 08:00:00+00:00
[2026-03-18T08:12:21.874+0000] {processor.py:183} INFO - Processing /home/airflow/.local/lib/python3.8/site-packages/airflow/example_dags/example_latest_only.py took 0.042 seconds
[2026-03-18T08:12:52.189+0000] {processor.py:161} INFO - Started process (PID=867) to work on /home/airflow/.local/lib/python3.8/site-packages/airflow/example_dags/example_latest_only.py
[2026-03-18T08:12:52.190+0000] {processor.py:830} INFO - Processing file /home/airflow/.local/lib/python3.8/site-packages/airflow/example_dags/example_latest_only.py for tasks to queue
[2026-03-18T08:12:52.192+0000] {logging_mixin.py:188} INFO - [2026-03-18T08:12:52.191+0000] {dagbag.py:538} INFO - Filling up the DagBag from /home/airflow/.local/lib/python3.8/site-packages/airflow/example_dags/example_latest_only.py
[2026-03-18T08:12:52.194+0000] {processor.py:840} INFO - DAG(s) 'latest_only' retrieved from /home/airflow/.local/lib/python3.8/site-packages/airflow/example_dags/example_latest_only.py
[2026-03-18T08:12:52.206+0000] {logging_mixin.py:188} INFO - [2026-03-18T08:12:52.205+0000] {dag.py:3036} INFO - Sync 1 DAGs
[2026-03-18T08:12:52.217+0000] {logging_mixin.py:188} INFO - [2026-03-18T08:12:52.217+0000] {dag.py:3823} INFO - Setting next_dagrun for latest_only to 2026-03-18 04:00:00+00:00, run_after=2026-03-18 08:00:00+00:00
[2026-03-18T08:12:52.224+0000] {processor.py:183} INFO - Processing /home/airflow/.local/lib/python3.8/site-packages/airflow/example_dags/example_latest_only.py took 0.036 seconds
[2026-03-18T08:13:22.651+0000] {processor.py:161} INFO - Started process (PID=923) to work on /home/airflow/.local/lib/python3.8/site-packages/airflow/example_dags/example_latest_only.py
[2026-03-18T08:13:22.651+0000] {processor.py:830} INFO - Processing file /home/airflow/.local/lib/python3.8/site-packages/airflow/example_dags/example_latest_only.py for tasks to queue
[2026-03-18T08:13:22.652+0000] {logging_mixin.py:188} INFO - [2026-03-18T08:13:22.652+0000] {dagbag.py:538} INFO - Filling up the DagBag from /home/airflow/.local/lib/python3.8/site-packages/airflow/example_dags/example_latest_only.py
[2026-03-18T08:13:22.656+0000] {processor.py:840} INFO - DAG(s) 'latest_only' retrieved from /home/airflow/.local/lib/python3.8/site-packages/airflow/example_dags/example_latest_only.py
[2026-03-18T08:13:22.665+0000] {logging_mixin.py:188} INFO - [2026-03-18T08:13:22.664+0000] {dag.py:3036} INFO - Sync 1 DAGs
[2026-03-18T08:13:22.674+0000] {logging_mixin.py:188} INFO - [2026-03-18T08:13:22.673+0000] {dag.py:3823} INFO - Setting next_dagrun for latest_only to 2026-03-18 04:00:00+00:00, run_after=2026-03-18 08:00:00+00:00
[2026-03-18T08:13:22.686+0000] {processor.py:183} INFO - Processing /home/airflow/.local/lib/python3.8/site-packages/airflow/example_dags/example_latest_only.py took 0.037 seconds
[2026-03-18T08:13:53.258+0000] {processor.py:161} INFO - Started process (PID=979) to work on /home/airflow/.local/lib/python3.8/site-packages/airflow/example_dags/example_latest_only.py
[2026-03-18T08:13:53.259+0000] {processor.py:830} INFO - Processing file /home/airflow/.local/lib/python3.8/site-packages/airflow/example_dags/example_latest_only.py for tasks to queue
[2026-03-18T08:13:53.261+0000] {logging_mixin.py:188} INFO - [2026-03-18T08:13:53.261+0000] {dagbag.py:538} INFO - Filling up the DagBag from /home/airflow/.local/lib/python3.8/site-packages/airflow/example_dags/example_latest_only.py
[2026-03-18T08:13:53.263+0000] {processor.py:840} INFO - DAG(s) 'latest_only' retrieved from /home/airflow/.local/lib/python3.8/site-packages/airflow/example_dags/example_latest_only.py
[2026-03-18T08:13:53.275+0000] {logging_mixin.py:188} INFO - [2026-03-18T08:13:53.275+0000] {dag.py:3036} INFO - Sync 1 DAGs
[2026-03-18T08:13:53.284+0000] {logging_mixin.py:188} INFO - [2026-03-18T08:13:53.284+0000] {dag.py:3823} INFO - Setting next_dagrun for latest_only to 2026-03-18 04:00:00+00:00, run_after=2026-03-18 08:00:00+00:00
[2026-03-18T08:13:53.296+0000] {processor.py:183} INFO - Processing /home/airflow/.local/lib/python3.8/site-packages/airflow/example_dags/example_latest_only.py took 0.040 seconds
[2026-03-18T08:14:23.853+0000] {processor.py:161} INFO - Started process (PID=1035) to work on /home/airflow/.local/lib/python3.8/site-packages/airflow/example_dags/example_latest_only.py
[2026-03-18T08:14:23.855+0000] {processor.py:830} INFO - Processing file /home/airflow/.local/lib/python3.8/site-packages/airflow/example_dags/example_latest_only.py for tasks to queue
[2026-03-18T08:14:23.856+0000] {logging_mixin.py:188} INFO - [2026-03-18T08:14:23.856+0000] {dagbag.py:538} INFO - Filling up the DagBag from /home/airflow/.local/lib/python3.8/site-packages/airflow/example_dags/example_latest_only.py
[2026-03-18T08:14:23.858+0000] {processor.py:840} INFO - DAG(s) 'latest_only' retrieved from /home/airflow/.local/lib/python3.8/site-packages/airflow/example_dags/example_latest_only.py
[2026-03-18T08:14:23.868+0000] {logging_mixin.py:188} INFO - [2026-03-18T08:14:23.867+0000] {dag.py:3036} INFO - Sync 1 DAGs
[2026-03-18T08:14:23.877+0000] {logging_mixin.py:188} INFO - [2026-03-18T08:14:23.877+0000] {dag.py:3823} INFO - Setting next_dagrun for latest_only to 2026-03-18 04:00:00+00:00, run_after=2026-03-18 08:00:00+00:00
[2026-03-18T08:14:23.892+0000] {processor.py:183} INFO - Processing /home/airflow/.local/lib/python3.8/site-packages/airflow/example_dags/example_latest_only.py took 0.041 seconds
[2026-03-18T08:14:54.467+0000] {processor.py:161} INFO - Started process (PID=1091) to work on /home/airflow/.local/lib/python3.8/site-packages/airflow/example_dags/example_latest_only.py
[2026-03-18T08:14:54.469+0000] {processor.py:830} INFO - Processing file /home/airflow/.local/lib/python3.8/site-packages/airflow/example_dags/example_latest_only.py for tasks to queue
[2026-03-18T08:14:54.469+0000] {logging_mixin.py:188} INFO - [2026-03-18T08:14:54.469+0000] {dagbag.py:538} INFO - Filling up the DagBag from /home/airflow/.local/lib/python3.8/site-packages/airflow/example_dags/example_latest_only.py
[2026-03-18T08:14:54.472+0000] {processor.py:840} INFO - DAG(s) 'latest_only' retrieved from /home/airflow/.local/lib/python3.8/site-packages/airflow/example_dags/example_latest_only.py
[2026-03-18T08:14:54.486+0000] {logging_mixin.py:188} INFO - [2026-03-18T08:14:54.486+0000] {dag.py:3036} INFO - Sync 1 DAGs
[2026-03-18T08:14:54.500+0000] {logging_mixin.py:188} INFO - [2026-03-18T08:14:54.500+0000] {dag.py:3823} INFO - Setting next_dagrun for latest_only to 2026-03-18 04:00:00+00:00, run_after=2026-03-18 08:00:00+00:00
[2026-03-18T08:14:54.512+0000] {processor.py:183} INFO - Processing /home/airflow/.local/lib/python3.8/site-packages/airflow/example_dags/example_latest_only.py took 0.047 seconds
[2026-03-18T08:15:25.121+0000] {processor.py:161} INFO - Started process (PID=1147) to work on /home/airflow/.local/lib/python3.8/site-packages/airflow/example_dags/example_latest_only.py
[2026-03-18T08:15:25.122+0000] {processor.py:830} INFO - Processing file /home/airflow/.local/lib/python3.8/site-packages/airflow/example_dags/example_latest_only.py for tasks to queue
[2026-03-18T08:15:25.123+0000] {logging_mixin.py:188} INFO - [2026-03-18T08:15:25.123+0000] {dagbag.py:538} INFO - Filling up the DagBag from /home/airflow/.local/lib/python3.8/site-packages/airflow/example_dags/example_latest_only.py
[2026-03-18T08:15:25.125+0000] {processor.py:840} INFO - DAG(s) 'latest_only' retrieved from /home/airflow/.local/lib/python3.8/site-packages/airflow/example_dags/example_latest_only.py
[2026-03-18T08:15:25.141+0000] {logging_mixin.py:188} INFO - [2026-03-18T08:15:25.141+0000] {dag.py:3036} INFO - Sync 1 DAGs
[2026-03-18T08:15:25.153+0000] {logging_mixin.py:188} INFO - [2026-03-18T08:15:25.153+0000] {dag.py:3823} INFO - Setting next_dagrun for latest_only to 2026-03-18 04:00:00+00:00, run_after=2026-03-18 08:00:00+00:00
[2026-03-18T08:15:25.163+0000] {processor.py:183} INFO - Processing /home/airflow/.local/lib/python3.8/site-packages/airflow/example_dags/example_latest_only.py took 0.043 seconds
[2026-03-18T08:15:55.591+0000] {processor.py:161} INFO - Started process (PID=1203) to work on /home/airflow/.local/lib/python3.8/site-packages/airflow/example_dags/example_latest_only.py
[2026-03-18T08:15:55.592+0000] {processor.py:830} INFO - Processing file /home/airflow/.local/lib/python3.8/site-packages/airflow/example_dags/example_latest_only.py for tasks to queue
[2026-03-18T08:15:55.593+0000] {logging_mixin.py:188} INFO - [2026-03-18T08:15:55.593+0000] {dagbag.py:538} INFO - Filling up the DagBag from /home/airflow/.local/lib/python3.8/site-packages/airflow/example_dags/example_latest_only.py
[2026-03-18T08:15:55.595+0000] {processor.py:840} INFO - DAG(s) 'latest_only' retrieved from /home/airflow/.local/lib/python3.8/site-packages/airflow/example_dags/example_latest_only.py
[2026-03-18T08:15:55.606+0000] {logging_mixin.py:188} INFO - [2026-03-18T08:15:55.605+0000] {dag.py:3036} INFO - Sync 1 DAGs
[2026-03-18T08:15:55.614+0000] {logging_mixin.py:188} INFO - [2026-03-18T08:15:55.614+0000] {dag.py:3823} INFO - Setting next_dagrun for latest_only to 2026-03-18 04:00:00+00:00, run_after=2026-03-18 08:00:00+00:00
[2026-03-18T08:15:55.628+0000] {processor.py:183} INFO - Processing /home/airflow/.local/lib/python3.8/site-packages/airflow/example_dags/example_latest_only.py took 0.039 seconds
[2026-03-18T08:16:26.162+0000] {processor.py:161} INFO - Started process (PID=1259) to work on /home/airflow/.local/lib/python3.8/site-packages/airflow/example_dags/example_latest_only.py
[2026-03-18T08:16:26.163+0000] {processor.py:830} INFO - Processing file /home/airflow/.local/lib/python3.8/site-packages/airflow/example_dags/example_latest_only.py for tasks to queue
[2026-03-18T08:16:26.164+0000] {logging_mixin.py:188} INFO - [2026-03-18T08:16:26.164+0000] {dagbag.py:538} INFO - Filling up the DagBag from /home/airflow/.local/lib/python3.8/site-packages/airflow/example_dags/example_latest_only.py
[2026-03-18T08:16:26.166+0000] {processor.py:840} INFO - DAG(s) 'latest_only' retrieved from /home/airflow/.local/lib/python3.8/site-packages/airflow/example_dags/example_latest_only.py
[2026-03-18T08:16:26.178+0000] {logging_mixin.py:188} INFO - [2026-03-18T08:16:26.178+0000] {dag.py:3036} INFO - Sync 1 DAGs
[2026-03-18T08:16:26.189+0000] {logging_mixin.py:188} INFO - [2026-03-18T08:16:26.189+0000] {dag.py:3823} INFO - Setting next_dagrun for latest_only to 2026-03-18 04:00:00+00:00, run_after=2026-03-18 08:00:00+00:00
[2026-03-18T08:16:26.199+0000] {processor.py:183} INFO - Processing /home/airflow/.local/lib/python3.8/site-packages/airflow/example_dags/example_latest_only.py took 0.039 seconds
[2026-03-18T08:16:56.646+0000] {processor.py:161} INFO - Started process (PID=1316) to work on /home/airflow/.local/lib/python3.8/site-packages/airflow/example_dags/example_latest_only.py
[2026-03-18T08:16:56.647+0000] {processor.py:830} INFO - Processing file /home/airflow/.local/lib/python3.8/site-packages/airflow/example_dags/example_latest_only.py for tasks to queue
[2026-03-18T08:16:56.648+0000] {logging_mixin.py:188} INFO - [2026-03-18T08:16:56.648+0000] {dagbag.py:538} INFO - Filling up the DagBag from /home/airflow/.local/lib/python3.8/site-packages/airflow/example_dags/example_latest_only.py
[2026-03-18T08:16:56.651+0000] {processor.py:840} INFO - DAG(s) 'latest_only' retrieved from /home/airflow/.local/lib/python3.8/site-packages/airflow/example_dags/example_latest_only.py
[2026-03-18T08:16:56.659+0000] {logging_mixin.py:188} INFO - [2026-03-18T08:16:56.659+0000] {dag.py:3036} INFO - Sync 1 DAGs
[2026-03-18T08:16:56.668+0000] {logging_mixin.py:188} INFO - [2026-03-18T08:16:56.668+0000] {dag.py:3823} INFO - Setting next_dagrun for latest_only to 2026-03-18 04:00:00+00:00, run_after=2026-03-18 08:00:00+00:00
[2026-03-18T08:16:56.677+0000] {processor.py:183} INFO - Processing /home/airflow/.local/lib/python3.8/site-packages/airflow/example_dags/example_latest_only.py took 0.032 seconds
[2026-03-18T08:17:27.280+0000] {processor.py:161} INFO - Started process (PID=1372) to work on /home/airflow/.local/lib/python3.8/site-packages/airflow/example_dags/example_latest_only.py
[2026-03-18T08:17:27.281+0000] {processor.py:830} INFO - Processing file /home/airflow/.local/lib/python3.8/site-packages/airflow/example_dags/example_latest_only.py for tasks to queue
[2026-03-18T08:17:27.282+0000] {logging_mixin.py:188} INFO - [2026-03-18T08:17:27.282+0000] {dagbag.py:538} INFO - Filling up the DagBag from /home/airflow/.local/lib/python3.8/site-packages/airflow/example_dags/example_latest_only.py
[2026-03-18T08:17:27.286+0000] {processor.py:840} INFO - DAG(s) 'latest_only' retrieved from /home/airflow/.local/lib/python3.8/site-packages/airflow/example_dags/example_latest_only.py
[2026-03-18T08:17:27.295+0000] {logging_mixin.py:188} INFO - [2026-03-18T08:17:27.295+0000] {dag.py:3036} INFO - Sync 1 DAGs
[2026-03-18T08:17:27.305+0000] {logging_mixin.py:188} INFO - [2026-03-18T08:17:27.305+0000] {dag.py:3823} INFO - Setting next_dagrun for latest_only to 2026-03-18 04:00:00+00:00, run_after=2026-03-18 08:00:00+00:00
[2026-03-18T08:17:27.320+0000] {processor.py:183} INFO - Processing /home/airflow/.local/lib/python3.8/site-packages/airflow/example_dags/example_latest_only.py took 0.042 seconds
[2026-03-18T08:17:57.715+0000] {processor.py:161} INFO - Started process (PID=1428) to work on /home/airflow/.local/lib/python3.8/site-packages/airflow/example_dags/example_latest_only.py
[2026-03-18T08:17:57.716+0000] {processor.py:830} INFO - Processing file /home/airflow/.local/lib/python3.8/site-packages/airflow/example_dags/example_latest_only.py for tasks to queue
[2026-03-18T08:17:57.717+0000] {logging_mixin.py:188} INFO - [2026-03-18T08:17:57.717+0000] {dagbag.py:538} INFO - Filling up the DagBag from /home/airflow/.local/lib/python3.8/site-packages/airflow/example_dags/example_latest_only.py
[2026-03-18T08:17:57.718+0000] {processor.py:840} INFO - DAG(s) 'latest_only' retrieved from /home/airflow/.local/lib/python3.8/site-packages/airflow/example_dags/example_latest_only.py
[2026-03-18T08:17:57.726+0000] {logging_mixin.py:188} INFO - [2026-03-18T08:17:57.726+0000] {dag.py:3036} INFO - Sync 1 DAGs
[2026-03-18T08:17:57.734+0000] {logging_mixin.py:188} INFO - [2026-03-18T08:17:57.733+0000] {dag.py:3823} INFO - Setting next_dagrun for latest_only to 2026-03-18 04:00:00+00:00, run_after=2026-03-18 08:00:00+00:00
[2026-03-18T08:17:57.739+0000] {processor.py:183} INFO - Processing /home/airflow/.local/lib/python3.8/site-packages/airflow/example_dags/example_latest_only.py took 0.025 seconds
[2026-03-18T08:18:28.293+0000] {processor.py:161} INFO - Started process (PID=1484) to work on /home/airflow/.local/lib/python3.8/site-packages/airflow/example_dags/example_latest_only.py
[2026-03-18T08:18:28.298+0000] {processor.py:830} INFO - Processing file /home/airflow/.local/lib/python3.8/site-packages/airflow/example_dags/example_latest_only.py for tasks to queue
[2026-03-18T08:18:28.301+0000] {logging_mixin.py:188} INFO - [2026-03-18T08:18:28.301+0000] {dagbag.py:538} INFO - Filling up the DagBag from /home/airflow/.local/lib/python3.8/site-packages/airflow/example_dags/example_latest_only.py
[2026-03-18T08:18:28.306+0000] {processor.py:840} INFO - DAG(s) 'latest_only' retrieved from /home/airflow/.local/lib/python3.8/site-packages/airflow/example_dags/example_latest_only.py
[2026-03-18T08:18:28.316+0000] {logging_mixin.py:188} INFO - [2026-03-18T08:18:28.316+0000] {dag.py:3036} INFO - Sync 1 DAGs
[2026-03-18T08:18:28.325+0000] {logging_mixin.py:188} INFO - [2026-03-18T08:18:28.325+0000] {dag.py:3823} INFO - Setting next_dagrun for latest_only to 2026-03-18 04:00:00+00:00, run_after=2026-03-18 08:00:00+00:00
[2026-03-18T08:18:28.335+0000] {processor.py:183} INFO - Processing /home/airflow/.local/lib/python3.8/site-packages/airflow/example_dags/example_latest_only.py took 0.044 seconds
[2026-03-18T08:18:58.775+0000] {processor.py:161} INFO - Started process (PID=1540) to work on /home/airflow/.local/lib/python3.8/site-packages/airflow/example_dags/example_latest_only.py
[2026-03-18T08:18:58.777+0000] {processor.py:830} INFO - Processing file /home/airflow/.local/lib/python3.8/site-packages/airflow/example_dags/example_latest_only.py for tasks to queue
[2026-03-18T08:18:58.779+0000] {logging_mixin.py:188} INFO - [2026-03-18T08:18:58.779+0000] {dagbag.py:538} INFO - Filling up the DagBag from /home/airflow/.local/lib/python3.8/site-packages/airflow/example_dags/example_latest_only.py
[2026-03-18T08:18:58.783+0000] {processor.py:840} INFO - DAG(s) 'latest_only' retrieved from /home/airflow/.local/lib/python3.8/site-packages/airflow/example_dags/example_latest_only.py
[2026-03-18T08:18:58.793+0000] {logging_mixin.py:188} INFO - [2026-03-18T08:18:58.793+0000] {dag.py:3036} INFO - Sync 1 DAGs
[2026-03-18T08:18:58.803+0000] {logging_mixin.py:188} INFO - [2026-03-18T08:18:58.803+0000] {dag.py:3823} INFO - Setting next_dagrun for latest_only to 2026-03-18 04:00:00+00:00, run_after=2026-03-18 08:00:00+00:00
[2026-03-18T08:18:58.811+0000] {processor.py:183} INFO - Processing /home/airflow/.local/lib/python3.8/site-packages/airflow/example_dags/example_latest_only.py took 0.037 seconds
[2026-03-18T08:19:29.195+0000] {processor.py:161} INFO - Started process (PID=1596) to work on /home/airflow/.local/lib/python3.8/site-packages/airflow/example_dags/example_latest_only.py
[2026-03-18T08:19:29.195+0000] {processor.py:830} INFO - Processing file /home/airflow/.local/lib/python3.8/site-packages/airflow/example_dags/example_latest_only.py for tasks to queue
[2026-03-18T08:19:29.196+0000] {logging_mixin.py:188} INFO - [2026-03-18T08:19:29.196+0000] {dagbag.py:538} INFO - Filling up the DagBag from /home/airflow/.local/lib/python3.8/site-packages/airflow/example_dags/example_latest_only.py
[2026-03-18T08:19:29.198+0000] {processor.py:840} INFO - DAG(s) 'latest_only' retrieved from /home/airflow/.local/lib/python3.8/site-packages/airflow/example_dags/example_latest_only.py
[2026-03-18T08:19:29.206+0000] {logging_mixin.py:188} INFO - [2026-03-18T08:19:29.205+0000] {dag.py:3036} INFO - Sync 1 DAGs
[2026-03-18T08:19:29.216+0000] {logging_mixin.py:188} INFO - [2026-03-18T08:19:29.216+0000] {dag.py:3823} INFO - Setting next_dagrun for latest_only to 2026-03-18 04:00:00+00:00, run_after=2026-03-18 08:00:00+00:00
[2026-03-18T08:19:29.224+0000] {processor.py:183} INFO - Processing /home/airflow/.local/lib/python3.8/site-packages/airflow/example_dags/example_latest_only.py took 0.031 seconds
