[2026-03-18T07:45:17.956+0000] {processor.py:161} INFO - Started process (PID=54) to work on /home/airflow/.local/lib/python3.8/site-packages/airflow/example_dags/example_sensor_decorator.py
[2026-03-18T07:45:17.957+0000] {processor.py:830} INFO - Processing file /home/airflow/.local/lib/python3.8/site-packages/airflow/example_dags/example_sensor_decorator.py for tasks to queue
[2026-03-18T07:45:17.959+0000] {logging_mixin.py:188} INFO - [2026-03-18T07:45:17.959+0000] {dagbag.py:538} INFO - Filling up the DagBag from /home/airflow/.local/lib/python3.8/site-packages/airflow/example_dags/example_sensor_decorator.py
[2026-03-18T07:45:17.966+0000] {processor.py:840} INFO - DAG(s) 'example_sensor_decorator' retrieved from /home/airflow/.local/lib/python3.8/site-packages/airflow/example_dags/example_sensor_decorator.py
[2026-03-18T07:45:18.008+0000] {logging_mixin.py:188} INFO - [2026-03-18T07:45:18.007+0000] {override.py:1769} INFO - Created Permission View: can read on DAG:example_sensor_decorator
[2026-03-18T07:45:18.012+0000] {logging_mixin.py:188} INFO - [2026-03-18T07:45:18.012+0000] {override.py:1769} INFO - Created Permission View: can delete on DAG:example_sensor_decorator
[2026-03-18T07:45:18.015+0000] {logging_mixin.py:188} INFO - [2026-03-18T07:45:18.015+0000] {override.py:1769} INFO - Created Permission View: can edit on DAG:example_sensor_decorator
[2026-03-18T07:45:18.015+0000] {logging_mixin.py:188} INFO - [2026-03-18T07:45:18.015+0000] {dag.py:3036} INFO - Sync 1 DAGs
[2026-03-18T07:45:18.020+0000] {logging_mixin.py:188} INFO - [2026-03-18T07:45:18.020+0000] {dag.py:3058} INFO - Creating ORM DAG for example_sensor_decorator
[2026-03-18T07:45:18.021+0000] {logging_mixin.py:188} INFO - [2026-03-18T07:45:18.021+0000] {dag.py:3823} INFO - Setting next_dagrun for example_sensor_decorator to None, run_after=None
[2026-03-18T07:45:18.029+0000] {processor.py:183} INFO - Processing /home/airflow/.local/lib/python3.8/site-packages/airflow/example_dags/example_sensor_decorator.py took 0.075 seconds
[2026-03-18T07:45:48.130+0000] {processor.py:161} INFO - Started process (PID=109) to work on /home/airflow/.local/lib/python3.8/site-packages/airflow/example_dags/example_sensor_decorator.py
[2026-03-18T07:45:48.130+0000] {processor.py:830} INFO - Processing file /home/airflow/.local/lib/python3.8/site-packages/airflow/example_dags/example_sensor_decorator.py for tasks to queue
[2026-03-18T07:45:48.131+0000] {logging_mixin.py:188} INFO - [2026-03-18T07:45:48.131+0000] {dagbag.py:538} INFO - Filling up the DagBag from /home/airflow/.local/lib/python3.8/site-packages/airflow/example_dags/example_sensor_decorator.py
[2026-03-18T07:45:48.134+0000] {processor.py:840} INFO - DAG(s) 'example_sensor_decorator' retrieved from /home/airflow/.local/lib/python3.8/site-packages/airflow/example_dags/example_sensor_decorator.py
[2026-03-18T07:45:48.145+0000] {logging_mixin.py:188} INFO - [2026-03-18T07:45:48.145+0000] {dag.py:3036} INFO - Sync 1 DAGs
[2026-03-18T07:45:48.150+0000] {logging_mixin.py:188} INFO - [2026-03-18T07:45:48.150+0000] {dag.py:3823} INFO - Setting next_dagrun for example_sensor_decorator to None, run_after=None
[2026-03-18T07:45:48.156+0000] {processor.py:183} INFO - Processing /home/airflow/.local/lib/python3.8/site-packages/airflow/example_dags/example_sensor_decorator.py took 0.028 seconds
[2026-03-18T07:46:18.488+0000] {processor.py:161} INFO - Started process (PID=164) to work on /home/airflow/.local/lib/python3.8/site-packages/airflow/example_dags/example_sensor_decorator.py
[2026-03-18T07:46:18.489+0000] {processor.py:830} INFO - Processing file /home/airflow/.local/lib/python3.8/site-packages/airflow/example_dags/example_sensor_decorator.py for tasks to queue
[2026-03-18T07:46:18.489+0000] {logging_mixin.py:188} INFO - [2026-03-18T07:46:18.489+0000] {dagbag.py:538} INFO - Filling up the DagBag from /home/airflow/.local/lib/python3.8/site-packages/airflow/example_dags/example_sensor_decorator.py
[2026-03-18T07:46:18.493+0000] {processor.py:840} INFO - DAG(s) 'example_sensor_decorator' retrieved from /home/airflow/.local/lib/python3.8/site-packages/airflow/example_dags/example_sensor_decorator.py
[2026-03-18T07:46:18.502+0000] {logging_mixin.py:188} INFO - [2026-03-18T07:46:18.502+0000] {dag.py:3036} INFO - Sync 1 DAGs
[2026-03-18T07:46:18.509+0000] {logging_mixin.py:188} INFO - [2026-03-18T07:46:18.509+0000] {dag.py:3823} INFO - Setting next_dagrun for example_sensor_decorator to None, run_after=None
[2026-03-18T07:46:18.518+0000] {processor.py:183} INFO - Processing /home/airflow/.local/lib/python3.8/site-packages/airflow/example_dags/example_sensor_decorator.py took 0.032 seconds
[2026-03-18T07:46:48.845+0000] {processor.py:161} INFO - Started process (PID=219) to work on /home/airflow/.local/lib/python3.8/site-packages/airflow/example_dags/example_sensor_decorator.py
[2026-03-18T07:46:48.846+0000] {processor.py:830} INFO - Processing file /home/airflow/.local/lib/python3.8/site-packages/airflow/example_dags/example_sensor_decorator.py for tasks to queue
[2026-03-18T07:46:48.847+0000] {logging_mixin.py:188} INFO - [2026-03-18T07:46:48.847+0000] {dagbag.py:538} INFO - Filling up the DagBag from /home/airflow/.local/lib/python3.8/site-packages/airflow/example_dags/example_sensor_decorator.py
[2026-03-18T07:46:48.850+0000] {processor.py:840} INFO - DAG(s) 'example_sensor_decorator' retrieved from /home/airflow/.local/lib/python3.8/site-packages/airflow/example_dags/example_sensor_decorator.py
[2026-03-18T07:46:48.858+0000] {logging_mixin.py:188} INFO - [2026-03-18T07:46:48.858+0000] {dag.py:3036} INFO - Sync 1 DAGs
[2026-03-18T07:46:48.865+0000] {logging_mixin.py:188} INFO - [2026-03-18T07:46:48.865+0000] {dag.py:3823} INFO - Setting next_dagrun for example_sensor_decorator to None, run_after=None
[2026-03-18T07:46:48.872+0000] {processor.py:183} INFO - Processing /home/airflow/.local/lib/python3.8/site-packages/airflow/example_dags/example_sensor_decorator.py took 0.028 seconds
[2026-03-18T07:47:19.170+0000] {processor.py:161} INFO - Started process (PID=274) to work on /home/airflow/.local/lib/python3.8/site-packages/airflow/example_dags/example_sensor_decorator.py
[2026-03-18T07:47:19.170+0000] {processor.py:830} INFO - Processing file /home/airflow/.local/lib/python3.8/site-packages/airflow/example_dags/example_sensor_decorator.py for tasks to queue
[2026-03-18T07:47:19.171+0000] {logging_mixin.py:188} INFO - [2026-03-18T07:47:19.171+0000] {dagbag.py:538} INFO - Filling up the DagBag from /home/airflow/.local/lib/python3.8/site-packages/airflow/example_dags/example_sensor_decorator.py
[2026-03-18T07:47:19.175+0000] {processor.py:840} INFO - DAG(s) 'example_sensor_decorator' retrieved from /home/airflow/.local/lib/python3.8/site-packages/airflow/example_dags/example_sensor_decorator.py
[2026-03-18T07:47:19.183+0000] {logging_mixin.py:188} INFO - [2026-03-18T07:47:19.183+0000] {dag.py:3036} INFO - Sync 1 DAGs
[2026-03-18T07:47:19.190+0000] {logging_mixin.py:188} INFO - [2026-03-18T07:47:19.190+0000] {dag.py:3823} INFO - Setting next_dagrun for example_sensor_decorator to None, run_after=None
[2026-03-18T07:47:19.198+0000] {processor.py:183} INFO - Processing /home/airflow/.local/lib/python3.8/site-packages/airflow/example_dags/example_sensor_decorator.py took 0.029 seconds
[2026-03-18T07:47:49.609+0000] {processor.py:161} INFO - Started process (PID=329) to work on /home/airflow/.local/lib/python3.8/site-packages/airflow/example_dags/example_sensor_decorator.py
[2026-03-18T07:47:49.610+0000] {processor.py:830} INFO - Processing file /home/airflow/.local/lib/python3.8/site-packages/airflow/example_dags/example_sensor_decorator.py for tasks to queue
[2026-03-18T07:47:49.611+0000] {logging_mixin.py:188} INFO - [2026-03-18T07:47:49.611+0000] {dagbag.py:538} INFO - Filling up the DagBag from /home/airflow/.local/lib/python3.8/site-packages/airflow/example_dags/example_sensor_decorator.py
[2026-03-18T07:47:49.614+0000] {processor.py:840} INFO - DAG(s) 'example_sensor_decorator' retrieved from /home/airflow/.local/lib/python3.8/site-packages/airflow/example_dags/example_sensor_decorator.py
[2026-03-18T07:47:49.622+0000] {logging_mixin.py:188} INFO - [2026-03-18T07:47:49.622+0000] {dag.py:3036} INFO - Sync 1 DAGs
[2026-03-18T07:47:49.631+0000] {logging_mixin.py:188} INFO - [2026-03-18T07:47:49.631+0000] {dag.py:3823} INFO - Setting next_dagrun for example_sensor_decorator to None, run_after=None
[2026-03-18T07:47:49.640+0000] {processor.py:183} INFO - Processing /home/airflow/.local/lib/python3.8/site-packages/airflow/example_dags/example_sensor_decorator.py took 0.032 seconds
[2026-03-18T07:48:20.003+0000] {processor.py:161} INFO - Started process (PID=384) to work on /home/airflow/.local/lib/python3.8/site-packages/airflow/example_dags/example_sensor_decorator.py
[2026-03-18T07:48:20.005+0000] {processor.py:830} INFO - Processing file /home/airflow/.local/lib/python3.8/site-packages/airflow/example_dags/example_sensor_decorator.py for tasks to queue
[2026-03-18T07:48:20.006+0000] {logging_mixin.py:188} INFO - [2026-03-18T07:48:20.006+0000] {dagbag.py:538} INFO - Filling up the DagBag from /home/airflow/.local/lib/python3.8/site-packages/airflow/example_dags/example_sensor_decorator.py
[2026-03-18T07:48:20.009+0000] {processor.py:840} INFO - DAG(s) 'example_sensor_decorator' retrieved from /home/airflow/.local/lib/python3.8/site-packages/airflow/example_dags/example_sensor_decorator.py
[2026-03-18T07:48:20.018+0000] {logging_mixin.py:188} INFO - [2026-03-18T07:48:20.018+0000] {dag.py:3036} INFO - Sync 1 DAGs
[2026-03-18T07:48:20.024+0000] {logging_mixin.py:188} INFO - [2026-03-18T07:48:20.024+0000] {dag.py:3823} INFO - Setting next_dagrun for example_sensor_decorator to None, run_after=None
[2026-03-18T07:48:20.031+0000] {processor.py:183} INFO - Processing /home/airflow/.local/lib/python3.8/site-packages/airflow/example_dags/example_sensor_decorator.py took 0.030 seconds
[2026-03-18T07:48:50.334+0000] {processor.py:161} INFO - Started process (PID=439) to work on /home/airflow/.local/lib/python3.8/site-packages/airflow/example_dags/example_sensor_decorator.py
[2026-03-18T07:48:50.334+0000] {processor.py:830} INFO - Processing file /home/airflow/.local/lib/python3.8/site-packages/airflow/example_dags/example_sensor_decorator.py for tasks to queue
[2026-03-18T07:48:50.335+0000] {logging_mixin.py:188} INFO - [2026-03-18T07:48:50.335+0000] {dagbag.py:538} INFO - Filling up the DagBag from /home/airflow/.local/lib/python3.8/site-packages/airflow/example_dags/example_sensor_decorator.py
[2026-03-18T07:48:50.338+0000] {processor.py:840} INFO - DAG(s) 'example_sensor_decorator' retrieved from /home/airflow/.local/lib/python3.8/site-packages/airflow/example_dags/example_sensor_decorator.py
[2026-03-18T07:48:50.349+0000] {logging_mixin.py:188} INFO - [2026-03-18T07:48:50.349+0000] {dag.py:3036} INFO - Sync 1 DAGs
[2026-03-18T07:48:50.354+0000] {logging_mixin.py:188} INFO - [2026-03-18T07:48:50.354+0000] {dag.py:3823} INFO - Setting next_dagrun for example_sensor_decorator to None, run_after=None
[2026-03-18T07:48:50.362+0000] {processor.py:183} INFO - Processing /home/airflow/.local/lib/python3.8/site-packages/airflow/example_dags/example_sensor_decorator.py took 0.030 seconds
[2026-03-18T07:49:20.594+0000] {processor.py:161} INFO - Started process (PID=494) to work on /home/airflow/.local/lib/python3.8/site-packages/airflow/example_dags/example_sensor_decorator.py
[2026-03-18T07:49:20.594+0000] {processor.py:830} INFO - Processing file /home/airflow/.local/lib/python3.8/site-packages/airflow/example_dags/example_sensor_decorator.py for tasks to queue
[2026-03-18T07:49:20.596+0000] {logging_mixin.py:188} INFO - [2026-03-18T07:49:20.596+0000] {dagbag.py:538} INFO - Filling up the DagBag from /home/airflow/.local/lib/python3.8/site-packages/airflow/example_dags/example_sensor_decorator.py
[2026-03-18T07:49:20.599+0000] {processor.py:840} INFO - DAG(s) 'example_sensor_decorator' retrieved from /home/airflow/.local/lib/python3.8/site-packages/airflow/example_dags/example_sensor_decorator.py
[2026-03-18T07:49:20.607+0000] {logging_mixin.py:188} INFO - [2026-03-18T07:49:20.607+0000] {dag.py:3036} INFO - Sync 1 DAGs
[2026-03-18T07:49:20.612+0000] {logging_mixin.py:188} INFO - [2026-03-18T07:49:20.612+0000] {dag.py:3823} INFO - Setting next_dagrun for example_sensor_decorator to None, run_after=None
[2026-03-18T07:49:20.618+0000] {processor.py:183} INFO - Processing /home/airflow/.local/lib/python3.8/site-packages/airflow/example_dags/example_sensor_decorator.py took 0.026 seconds
[2026-03-18T07:49:50.880+0000] {processor.py:161} INFO - Started process (PID=549) to work on /home/airflow/.local/lib/python3.8/site-packages/airflow/example_dags/example_sensor_decorator.py
[2026-03-18T07:49:50.880+0000] {processor.py:830} INFO - Processing file /home/airflow/.local/lib/python3.8/site-packages/airflow/example_dags/example_sensor_decorator.py for tasks to queue
[2026-03-18T07:49:50.881+0000] {logging_mixin.py:188} INFO - [2026-03-18T07:49:50.881+0000] {dagbag.py:538} INFO - Filling up the DagBag from /home/airflow/.local/lib/python3.8/site-packages/airflow/example_dags/example_sensor_decorator.py
[2026-03-18T07:49:50.884+0000] {processor.py:840} INFO - DAG(s) 'example_sensor_decorator' retrieved from /home/airflow/.local/lib/python3.8/site-packages/airflow/example_dags/example_sensor_decorator.py
[2026-03-18T07:49:50.892+0000] {logging_mixin.py:188} INFO - [2026-03-18T07:49:50.892+0000] {dag.py:3036} INFO - Sync 1 DAGs
[2026-03-18T07:49:50.897+0000] {logging_mixin.py:188} INFO - [2026-03-18T07:49:50.897+0000] {dag.py:3823} INFO - Setting next_dagrun for example_sensor_decorator to None, run_after=None
[2026-03-18T07:49:50.904+0000] {processor.py:183} INFO - Processing /home/airflow/.local/lib/python3.8/site-packages/airflow/example_dags/example_sensor_decorator.py took 0.026 seconds
[2026-03-18T07:50:21.204+0000] {processor.py:161} INFO - Started process (PID=605) to work on /home/airflow/.local/lib/python3.8/site-packages/airflow/example_dags/example_sensor_decorator.py
[2026-03-18T07:50:21.205+0000] {processor.py:830} INFO - Processing file /home/airflow/.local/lib/python3.8/site-packages/airflow/example_dags/example_sensor_decorator.py for tasks to queue
[2026-03-18T07:50:21.207+0000] {logging_mixin.py:188} INFO - [2026-03-18T07:50:21.207+0000] {dagbag.py:538} INFO - Filling up the DagBag from /home/airflow/.local/lib/python3.8/site-packages/airflow/example_dags/example_sensor_decorator.py
[2026-03-18T07:50:21.211+0000] {processor.py:840} INFO - DAG(s) 'example_sensor_decorator' retrieved from /home/airflow/.local/lib/python3.8/site-packages/airflow/example_dags/example_sensor_decorator.py
[2026-03-18T07:50:21.223+0000] {logging_mixin.py:188} INFO - [2026-03-18T07:50:21.223+0000] {dag.py:3036} INFO - Sync 1 DAGs
[2026-03-18T07:50:21.229+0000] {logging_mixin.py:188} INFO - [2026-03-18T07:50:21.229+0000] {dag.py:3823} INFO - Setting next_dagrun for example_sensor_decorator to None, run_after=None
[2026-03-18T07:50:21.236+0000] {processor.py:183} INFO - Processing /home/airflow/.local/lib/python3.8/site-packages/airflow/example_dags/example_sensor_decorator.py took 0.034 seconds
[2026-03-18T07:50:51.731+0000] {processor.py:161} INFO - Started process (PID=661) to work on /home/airflow/.local/lib/python3.8/site-packages/airflow/example_dags/example_sensor_decorator.py
[2026-03-18T07:50:51.732+0000] {processor.py:830} INFO - Processing file /home/airflow/.local/lib/python3.8/site-packages/airflow/example_dags/example_sensor_decorator.py for tasks to queue
[2026-03-18T07:50:51.733+0000] {logging_mixin.py:188} INFO - [2026-03-18T07:50:51.733+0000] {dagbag.py:538} INFO - Filling up the DagBag from /home/airflow/.local/lib/python3.8/site-packages/airflow/example_dags/example_sensor_decorator.py
[2026-03-18T07:50:51.736+0000] {processor.py:840} INFO - DAG(s) 'example_sensor_decorator' retrieved from /home/airflow/.local/lib/python3.8/site-packages/airflow/example_dags/example_sensor_decorator.py
[2026-03-18T07:50:51.747+0000] {logging_mixin.py:188} INFO - [2026-03-18T07:50:51.747+0000] {dag.py:3036} INFO - Sync 1 DAGs
[2026-03-18T07:50:51.753+0000] {logging_mixin.py:188} INFO - [2026-03-18T07:50:51.753+0000] {dag.py:3823} INFO - Setting next_dagrun for example_sensor_decorator to None, run_after=None
[2026-03-18T07:50:51.765+0000] {processor.py:183} INFO - Processing /home/airflow/.local/lib/python3.8/site-packages/airflow/example_dags/example_sensor_decorator.py took 0.036 seconds
[2026-03-18T07:51:22.195+0000] {processor.py:161} INFO - Started process (PID=723) to work on /home/airflow/.local/lib/python3.8/site-packages/airflow/example_dags/example_sensor_decorator.py
[2026-03-18T07:51:22.196+0000] {processor.py:830} INFO - Processing file /home/airflow/.local/lib/python3.8/site-packages/airflow/example_dags/example_sensor_decorator.py for tasks to queue
[2026-03-18T07:51:22.197+0000] {logging_mixin.py:188} INFO - [2026-03-18T07:51:22.197+0000] {dagbag.py:538} INFO - Filling up the DagBag from /home/airflow/.local/lib/python3.8/site-packages/airflow/example_dags/example_sensor_decorator.py
[2026-03-18T07:51:22.201+0000] {processor.py:840} INFO - DAG(s) 'example_sensor_decorator' retrieved from /home/airflow/.local/lib/python3.8/site-packages/airflow/example_dags/example_sensor_decorator.py
[2026-03-18T07:51:22.211+0000] {logging_mixin.py:188} INFO - [2026-03-18T07:51:22.210+0000] {dag.py:3036} INFO - Sync 1 DAGs
[2026-03-18T07:51:22.217+0000] {logging_mixin.py:188} INFO - [2026-03-18T07:51:22.216+0000] {dag.py:3823} INFO - Setting next_dagrun for example_sensor_decorator to None, run_after=None
[2026-03-18T07:51:22.227+0000] {processor.py:183} INFO - Processing /home/airflow/.local/lib/python3.8/site-packages/airflow/example_dags/example_sensor_decorator.py took 0.033 seconds
[2026-03-18T07:51:52.658+0000] {processor.py:161} INFO - Started process (PID=779) to work on /home/airflow/.local/lib/python3.8/site-packages/airflow/example_dags/example_sensor_decorator.py
[2026-03-18T07:51:52.659+0000] {processor.py:830} INFO - Processing file /home/airflow/.local/lib/python3.8/site-packages/airflow/example_dags/example_sensor_decorator.py for tasks to queue
[2026-03-18T07:51:52.660+0000] {logging_mixin.py:188} INFO - [2026-03-18T07:51:52.660+0000] {dagbag.py:538} INFO - Filling up the DagBag from /home/airflow/.local/lib/python3.8/site-packages/airflow/example_dags/example_sensor_decorator.py
[2026-03-18T07:51:52.663+0000] {processor.py:840} INFO - DAG(s) 'example_sensor_decorator' retrieved from /home/airflow/.local/lib/python3.8/site-packages/airflow/example_dags/example_sensor_decorator.py
[2026-03-18T07:51:52.672+0000] {logging_mixin.py:188} INFO - [2026-03-18T07:51:52.672+0000] {dag.py:3036} INFO - Sync 1 DAGs
[2026-03-18T07:51:52.677+0000] {logging_mixin.py:188} INFO - [2026-03-18T07:51:52.677+0000] {dag.py:3823} INFO - Setting next_dagrun for example_sensor_decorator to None, run_after=None
[2026-03-18T07:51:52.690+0000] {processor.py:183} INFO - Processing /home/airflow/.local/lib/python3.8/site-packages/airflow/example_dags/example_sensor_decorator.py took 0.033 seconds
[2026-03-18T07:52:23.178+0000] {processor.py:161} INFO - Started process (PID=835) to work on /home/airflow/.local/lib/python3.8/site-packages/airflow/example_dags/example_sensor_decorator.py
[2026-03-18T07:52:23.178+0000] {processor.py:830} INFO - Processing file /home/airflow/.local/lib/python3.8/site-packages/airflow/example_dags/example_sensor_decorator.py for tasks to queue
[2026-03-18T07:52:23.180+0000] {logging_mixin.py:188} INFO - [2026-03-18T07:52:23.180+0000] {dagbag.py:538} INFO - Filling up the DagBag from /home/airflow/.local/lib/python3.8/site-packages/airflow/example_dags/example_sensor_decorator.py
[2026-03-18T07:52:23.184+0000] {processor.py:840} INFO - DAG(s) 'example_sensor_decorator' retrieved from /home/airflow/.local/lib/python3.8/site-packages/airflow/example_dags/example_sensor_decorator.py
[2026-03-18T07:52:23.197+0000] {logging_mixin.py:188} INFO - [2026-03-18T07:52:23.197+0000] {dag.py:3036} INFO - Sync 1 DAGs
[2026-03-18T07:52:23.202+0000] {logging_mixin.py:188} INFO - [2026-03-18T07:52:23.202+0000] {dag.py:3823} INFO - Setting next_dagrun for example_sensor_decorator to None, run_after=None
[2026-03-18T07:52:23.221+0000] {processor.py:183} INFO - Processing /home/airflow/.local/lib/python3.8/site-packages/airflow/example_dags/example_sensor_decorator.py took 0.045 seconds
[2026-03-18T07:52:53.689+0000] {processor.py:161} INFO - Started process (PID=891) to work on /home/airflow/.local/lib/python3.8/site-packages/airflow/example_dags/example_sensor_decorator.py
[2026-03-18T07:52:53.690+0000] {processor.py:830} INFO - Processing file /home/airflow/.local/lib/python3.8/site-packages/airflow/example_dags/example_sensor_decorator.py for tasks to queue
[2026-03-18T07:52:53.692+0000] {logging_mixin.py:188} INFO - [2026-03-18T07:52:53.692+0000] {dagbag.py:538} INFO - Filling up the DagBag from /home/airflow/.local/lib/python3.8/site-packages/airflow/example_dags/example_sensor_decorator.py
[2026-03-18T07:52:53.695+0000] {processor.py:840} INFO - DAG(s) 'example_sensor_decorator' retrieved from /home/airflow/.local/lib/python3.8/site-packages/airflow/example_dags/example_sensor_decorator.py
[2026-03-18T07:52:53.705+0000] {logging_mixin.py:188} INFO - [2026-03-18T07:52:53.705+0000] {dag.py:3036} INFO - Sync 1 DAGs
[2026-03-18T07:52:53.712+0000] {logging_mixin.py:188} INFO - [2026-03-18T07:52:53.712+0000] {dag.py:3823} INFO - Setting next_dagrun for example_sensor_decorator to None, run_after=None
[2026-03-18T07:52:53.725+0000] {processor.py:183} INFO - Processing /home/airflow/.local/lib/python3.8/site-packages/airflow/example_dags/example_sensor_decorator.py took 0.038 seconds
[2026-03-18T07:53:24.184+0000] {processor.py:161} INFO - Started process (PID=947) to work on /home/airflow/.local/lib/python3.8/site-packages/airflow/example_dags/example_sensor_decorator.py
[2026-03-18T07:53:24.184+0000] {processor.py:830} INFO - Processing file /home/airflow/.local/lib/python3.8/site-packages/airflow/example_dags/example_sensor_decorator.py for tasks to queue
[2026-03-18T07:53:24.185+0000] {logging_mixin.py:188} INFO - [2026-03-18T07:53:24.185+0000] {dagbag.py:538} INFO - Filling up the DagBag from /home/airflow/.local/lib/python3.8/site-packages/airflow/example_dags/example_sensor_decorator.py
[2026-03-18T07:53:24.188+0000] {processor.py:840} INFO - DAG(s) 'example_sensor_decorator' retrieved from /home/airflow/.local/lib/python3.8/site-packages/airflow/example_dags/example_sensor_decorator.py
[2026-03-18T07:53:24.198+0000] {logging_mixin.py:188} INFO - [2026-03-18T07:53:24.198+0000] {dag.py:3036} INFO - Sync 1 DAGs
[2026-03-18T07:53:24.203+0000] {logging_mixin.py:188} INFO - [2026-03-18T07:53:24.203+0000] {dag.py:3823} INFO - Setting next_dagrun for example_sensor_decorator to None, run_after=None
[2026-03-18T07:53:24.216+0000] {processor.py:183} INFO - Processing /home/airflow/.local/lib/python3.8/site-packages/airflow/example_dags/example_sensor_decorator.py took 0.034 seconds
[2026-03-18T07:53:54.663+0000] {processor.py:161} INFO - Started process (PID=1003) to work on /home/airflow/.local/lib/python3.8/site-packages/airflow/example_dags/example_sensor_decorator.py
[2026-03-18T07:53:54.664+0000] {processor.py:830} INFO - Processing file /home/airflow/.local/lib/python3.8/site-packages/airflow/example_dags/example_sensor_decorator.py for tasks to queue
[2026-03-18T07:53:54.665+0000] {logging_mixin.py:188} INFO - [2026-03-18T07:53:54.665+0000] {dagbag.py:538} INFO - Filling up the DagBag from /home/airflow/.local/lib/python3.8/site-packages/airflow/example_dags/example_sensor_decorator.py
[2026-03-18T07:53:54.672+0000] {processor.py:840} INFO - DAG(s) 'example_sensor_decorator' retrieved from /home/airflow/.local/lib/python3.8/site-packages/airflow/example_dags/example_sensor_decorator.py
[2026-03-18T07:53:54.682+0000] {logging_mixin.py:188} INFO - [2026-03-18T07:53:54.681+0000] {dag.py:3036} INFO - Sync 1 DAGs
[2026-03-18T07:53:54.687+0000] {logging_mixin.py:188} INFO - [2026-03-18T07:53:54.687+0000] {dag.py:3823} INFO - Setting next_dagrun for example_sensor_decorator to None, run_after=None
[2026-03-18T07:53:54.695+0000] {processor.py:183} INFO - Processing /home/airflow/.local/lib/python3.8/site-packages/airflow/example_dags/example_sensor_decorator.py took 0.034 seconds
[2026-03-18T07:54:25.114+0000] {processor.py:161} INFO - Started process (PID=1059) to work on /home/airflow/.local/lib/python3.8/site-packages/airflow/example_dags/example_sensor_decorator.py
[2026-03-18T07:54:25.115+0000] {processor.py:830} INFO - Processing file /home/airflow/.local/lib/python3.8/site-packages/airflow/example_dags/example_sensor_decorator.py for tasks to queue
[2026-03-18T07:54:25.118+0000] {logging_mixin.py:188} INFO - [2026-03-18T07:54:25.118+0000] {dagbag.py:538} INFO - Filling up the DagBag from /home/airflow/.local/lib/python3.8/site-packages/airflow/example_dags/example_sensor_decorator.py
[2026-03-18T07:54:25.121+0000] {processor.py:840} INFO - DAG(s) 'example_sensor_decorator' retrieved from /home/airflow/.local/lib/python3.8/site-packages/airflow/example_dags/example_sensor_decorator.py
[2026-03-18T07:54:25.130+0000] {logging_mixin.py:188} INFO - [2026-03-18T07:54:25.130+0000] {dag.py:3036} INFO - Sync 1 DAGs
[2026-03-18T07:54:25.135+0000] {logging_mixin.py:188} INFO - [2026-03-18T07:54:25.135+0000] {dag.py:3823} INFO - Setting next_dagrun for example_sensor_decorator to None, run_after=None
[2026-03-18T07:54:25.142+0000] {processor.py:183} INFO - Processing /home/airflow/.local/lib/python3.8/site-packages/airflow/example_dags/example_sensor_decorator.py took 0.029 seconds
[2026-03-18T07:54:55.562+0000] {processor.py:161} INFO - Started process (PID=1115) to work on /home/airflow/.local/lib/python3.8/site-packages/airflow/example_dags/example_sensor_decorator.py
[2026-03-18T07:54:55.563+0000] {processor.py:830} INFO - Processing file /home/airflow/.local/lib/python3.8/site-packages/airflow/example_dags/example_sensor_decorator.py for tasks to queue
[2026-03-18T07:54:55.564+0000] {logging_mixin.py:188} INFO - [2026-03-18T07:54:55.564+0000] {dagbag.py:538} INFO - Filling up the DagBag from /home/airflow/.local/lib/python3.8/site-packages/airflow/example_dags/example_sensor_decorator.py
[2026-03-18T07:54:55.569+0000] {processor.py:840} INFO - DAG(s) 'example_sensor_decorator' retrieved from /home/airflow/.local/lib/python3.8/site-packages/airflow/example_dags/example_sensor_decorator.py
[2026-03-18T07:54:55.579+0000] {logging_mixin.py:188} INFO - [2026-03-18T07:54:55.579+0000] {dag.py:3036} INFO - Sync 1 DAGs
[2026-03-18T07:54:55.584+0000] {logging_mixin.py:188} INFO - [2026-03-18T07:54:55.584+0000] {dag.py:3823} INFO - Setting next_dagrun for example_sensor_decorator to None, run_after=None
[2026-03-18T07:54:55.595+0000] {processor.py:183} INFO - Processing /home/airflow/.local/lib/python3.8/site-packages/airflow/example_dags/example_sensor_decorator.py took 0.035 seconds
[2026-03-18T07:55:26.045+0000] {processor.py:161} INFO - Started process (PID=1171) to work on /home/airflow/.local/lib/python3.8/site-packages/airflow/example_dags/example_sensor_decorator.py
[2026-03-18T07:55:26.045+0000] {processor.py:830} INFO - Processing file /home/airflow/.local/lib/python3.8/site-packages/airflow/example_dags/example_sensor_decorator.py for tasks to queue
[2026-03-18T07:55:26.046+0000] {logging_mixin.py:188} INFO - [2026-03-18T07:55:26.046+0000] {dagbag.py:538} INFO - Filling up the DagBag from /home/airflow/.local/lib/python3.8/site-packages/airflow/example_dags/example_sensor_decorator.py
[2026-03-18T07:55:26.049+0000] {processor.py:840} INFO - DAG(s) 'example_sensor_decorator' retrieved from /home/airflow/.local/lib/python3.8/site-packages/airflow/example_dags/example_sensor_decorator.py
[2026-03-18T07:55:26.057+0000] {logging_mixin.py:188} INFO - [2026-03-18T07:55:26.057+0000] {dag.py:3036} INFO - Sync 1 DAGs
[2026-03-18T07:55:26.063+0000] {logging_mixin.py:188} INFO - [2026-03-18T07:55:26.063+0000] {dag.py:3823} INFO - Setting next_dagrun for example_sensor_decorator to None, run_after=None
[2026-03-18T07:55:26.073+0000] {processor.py:183} INFO - Processing /home/airflow/.local/lib/python3.8/site-packages/airflow/example_dags/example_sensor_decorator.py took 0.030 seconds
[2026-03-18T07:55:56.480+0000] {processor.py:161} INFO - Started process (PID=1227) to work on /home/airflow/.local/lib/python3.8/site-packages/airflow/example_dags/example_sensor_decorator.py
[2026-03-18T07:55:56.481+0000] {processor.py:830} INFO - Processing file /home/airflow/.local/lib/python3.8/site-packages/airflow/example_dags/example_sensor_decorator.py for tasks to queue
[2026-03-18T07:55:56.483+0000] {logging_mixin.py:188} INFO - [2026-03-18T07:55:56.483+0000] {dagbag.py:538} INFO - Filling up the DagBag from /home/airflow/.local/lib/python3.8/site-packages/airflow/example_dags/example_sensor_decorator.py
[2026-03-18T07:55:56.488+0000] {processor.py:840} INFO - DAG(s) 'example_sensor_decorator' retrieved from /home/airflow/.local/lib/python3.8/site-packages/airflow/example_dags/example_sensor_decorator.py
[2026-03-18T07:55:56.498+0000] {logging_mixin.py:188} INFO - [2026-03-18T07:55:56.498+0000] {dag.py:3036} INFO - Sync 1 DAGs
[2026-03-18T07:55:56.506+0000] {logging_mixin.py:188} INFO - [2026-03-18T07:55:56.506+0000] {dag.py:3823} INFO - Setting next_dagrun for example_sensor_decorator to None, run_after=None
[2026-03-18T07:55:56.513+0000] {processor.py:183} INFO - Processing /home/airflow/.local/lib/python3.8/site-packages/airflow/example_dags/example_sensor_decorator.py took 0.035 seconds
[2026-03-18T07:56:26.864+0000] {processor.py:161} INFO - Started process (PID=1283) to work on /home/airflow/.local/lib/python3.8/site-packages/airflow/example_dags/example_sensor_decorator.py
[2026-03-18T07:56:26.865+0000] {processor.py:830} INFO - Processing file /home/airflow/.local/lib/python3.8/site-packages/airflow/example_dags/example_sensor_decorator.py for tasks to queue
[2026-03-18T07:56:26.866+0000] {logging_mixin.py:188} INFO - [2026-03-18T07:56:26.866+0000] {dagbag.py:538} INFO - Filling up the DagBag from /home/airflow/.local/lib/python3.8/site-packages/airflow/example_dags/example_sensor_decorator.py
[2026-03-18T07:56:26.870+0000] {processor.py:840} INFO - DAG(s) 'example_sensor_decorator' retrieved from /home/airflow/.local/lib/python3.8/site-packages/airflow/example_dags/example_sensor_decorator.py
[2026-03-18T07:56:26.881+0000] {logging_mixin.py:188} INFO - [2026-03-18T07:56:26.880+0000] {dag.py:3036} INFO - Sync 1 DAGs
[2026-03-18T07:56:26.885+0000] {logging_mixin.py:188} INFO - [2026-03-18T07:56:26.885+0000] {dag.py:3823} INFO - Setting next_dagrun for example_sensor_decorator to None, run_after=None
[2026-03-18T07:56:26.892+0000] {processor.py:183} INFO - Processing /home/airflow/.local/lib/python3.8/site-packages/airflow/example_dags/example_sensor_decorator.py took 0.030 seconds
[2026-03-18T07:56:57.332+0000] {processor.py:161} INFO - Started process (PID=1339) to work on /home/airflow/.local/lib/python3.8/site-packages/airflow/example_dags/example_sensor_decorator.py
[2026-03-18T07:56:57.333+0000] {processor.py:830} INFO - Processing file /home/airflow/.local/lib/python3.8/site-packages/airflow/example_dags/example_sensor_decorator.py for tasks to queue
[2026-03-18T07:56:57.334+0000] {logging_mixin.py:188} INFO - [2026-03-18T07:56:57.333+0000] {dagbag.py:538} INFO - Filling up the DagBag from /home/airflow/.local/lib/python3.8/site-packages/airflow/example_dags/example_sensor_decorator.py
[2026-03-18T07:56:57.337+0000] {processor.py:840} INFO - DAG(s) 'example_sensor_decorator' retrieved from /home/airflow/.local/lib/python3.8/site-packages/airflow/example_dags/example_sensor_decorator.py
[2026-03-18T07:56:57.345+0000] {logging_mixin.py:188} INFO - [2026-03-18T07:56:57.345+0000] {dag.py:3036} INFO - Sync 1 DAGs
[2026-03-18T07:56:57.350+0000] {logging_mixin.py:188} INFO - [2026-03-18T07:56:57.350+0000] {dag.py:3823} INFO - Setting next_dagrun for example_sensor_decorator to None, run_after=None
[2026-03-18T07:56:57.363+0000] {processor.py:183} INFO - Processing /home/airflow/.local/lib/python3.8/site-packages/airflow/example_dags/example_sensor_decorator.py took 0.033 seconds
[2026-03-18T07:57:27.840+0000] {processor.py:161} INFO - Started process (PID=1395) to work on /home/airflow/.local/lib/python3.8/site-packages/airflow/example_dags/example_sensor_decorator.py
[2026-03-18T07:57:27.840+0000] {processor.py:830} INFO - Processing file /home/airflow/.local/lib/python3.8/site-packages/airflow/example_dags/example_sensor_decorator.py for tasks to queue
[2026-03-18T07:57:27.841+0000] {logging_mixin.py:188} INFO - [2026-03-18T07:57:27.841+0000] {dagbag.py:538} INFO - Filling up the DagBag from /home/airflow/.local/lib/python3.8/site-packages/airflow/example_dags/example_sensor_decorator.py
[2026-03-18T07:57:27.845+0000] {processor.py:840} INFO - DAG(s) 'example_sensor_decorator' retrieved from /home/airflow/.local/lib/python3.8/site-packages/airflow/example_dags/example_sensor_decorator.py
[2026-03-18T07:57:27.853+0000] {logging_mixin.py:188} INFO - [2026-03-18T07:57:27.853+0000] {dag.py:3036} INFO - Sync 1 DAGs
[2026-03-18T07:57:27.859+0000] {logging_mixin.py:188} INFO - [2026-03-18T07:57:27.859+0000] {dag.py:3823} INFO - Setting next_dagrun for example_sensor_decorator to None, run_after=None
[2026-03-18T07:57:27.870+0000] {processor.py:183} INFO - Processing /home/airflow/.local/lib/python3.8/site-packages/airflow/example_dags/example_sensor_decorator.py took 0.032 seconds
[2026-03-18T07:57:58.353+0000] {processor.py:161} INFO - Started process (PID=1451) to work on /home/airflow/.local/lib/python3.8/site-packages/airflow/example_dags/example_sensor_decorator.py
[2026-03-18T07:57:58.355+0000] {processor.py:830} INFO - Processing file /home/airflow/.local/lib/python3.8/site-packages/airflow/example_dags/example_sensor_decorator.py for tasks to queue
[2026-03-18T07:57:58.357+0000] {logging_mixin.py:188} INFO - [2026-03-18T07:57:58.357+0000] {dagbag.py:538} INFO - Filling up the DagBag from /home/airflow/.local/lib/python3.8/site-packages/airflow/example_dags/example_sensor_decorator.py
[2026-03-18T07:57:58.360+0000] {processor.py:840} INFO - DAG(s) 'example_sensor_decorator' retrieved from /home/airflow/.local/lib/python3.8/site-packages/airflow/example_dags/example_sensor_decorator.py
[2026-03-18T07:57:58.373+0000] {logging_mixin.py:188} INFO - [2026-03-18T07:57:58.373+0000] {dag.py:3036} INFO - Sync 1 DAGs
[2026-03-18T07:57:58.378+0000] {logging_mixin.py:188} INFO - [2026-03-18T07:57:58.378+0000] {dag.py:3823} INFO - Setting next_dagrun for example_sensor_decorator to None, run_after=None
[2026-03-18T07:57:58.386+0000] {processor.py:183} INFO - Processing /home/airflow/.local/lib/python3.8/site-packages/airflow/example_dags/example_sensor_decorator.py took 0.035 seconds
[2026-03-18T07:58:28.816+0000] {processor.py:161} INFO - Started process (PID=1507) to work on /home/airflow/.local/lib/python3.8/site-packages/airflow/example_dags/example_sensor_decorator.py
[2026-03-18T07:58:28.818+0000] {processor.py:830} INFO - Processing file /home/airflow/.local/lib/python3.8/site-packages/airflow/example_dags/example_sensor_decorator.py for tasks to queue
[2026-03-18T07:58:28.819+0000] {logging_mixin.py:188} INFO - [2026-03-18T07:58:28.819+0000] {dagbag.py:538} INFO - Filling up the DagBag from /home/airflow/.local/lib/python3.8/site-packages/airflow/example_dags/example_sensor_decorator.py
[2026-03-18T07:58:28.823+0000] {processor.py:840} INFO - DAG(s) 'example_sensor_decorator' retrieved from /home/airflow/.local/lib/python3.8/site-packages/airflow/example_dags/example_sensor_decorator.py
[2026-03-18T07:58:28.834+0000] {logging_mixin.py:188} INFO - [2026-03-18T07:58:28.834+0000] {dag.py:3036} INFO - Sync 1 DAGs
[2026-03-18T07:58:28.839+0000] {logging_mixin.py:188} INFO - [2026-03-18T07:58:28.839+0000] {dag.py:3823} INFO - Setting next_dagrun for example_sensor_decorator to None, run_after=None
[2026-03-18T07:58:28.846+0000] {processor.py:183} INFO - Processing /home/airflow/.local/lib/python3.8/site-packages/airflow/example_dags/example_sensor_decorator.py took 0.031 seconds
[2026-03-18T07:58:59.331+0000] {processor.py:161} INFO - Started process (PID=1563) to work on /home/airflow/.local/lib/python3.8/site-packages/airflow/example_dags/example_sensor_decorator.py
[2026-03-18T07:58:59.333+0000] {processor.py:830} INFO - Processing file /home/airflow/.local/lib/python3.8/site-packages/airflow/example_dags/example_sensor_decorator.py for tasks to queue
[2026-03-18T07:58:59.334+0000] {logging_mixin.py:188} INFO - [2026-03-18T07:58:59.333+0000] {dagbag.py:538} INFO - Filling up the DagBag from /home/airflow/.local/lib/python3.8/site-packages/airflow/example_dags/example_sensor_decorator.py
[2026-03-18T07:58:59.337+0000] {processor.py:840} INFO - DAG(s) 'example_sensor_decorator' retrieved from /home/airflow/.local/lib/python3.8/site-packages/airflow/example_dags/example_sensor_decorator.py
[2026-03-18T07:58:59.349+0000] {logging_mixin.py:188} INFO - [2026-03-18T07:58:59.349+0000] {dag.py:3036} INFO - Sync 1 DAGs
[2026-03-18T07:58:59.356+0000] {logging_mixin.py:188} INFO - [2026-03-18T07:58:59.356+0000] {dag.py:3823} INFO - Setting next_dagrun for example_sensor_decorator to None, run_after=None
[2026-03-18T07:58:59.365+0000] {processor.py:183} INFO - Processing /home/airflow/.local/lib/python3.8/site-packages/airflow/example_dags/example_sensor_decorator.py took 0.037 seconds
[2026-03-18T07:59:29.883+0000] {processor.py:161} INFO - Started process (PID=1619) to work on /home/airflow/.local/lib/python3.8/site-packages/airflow/example_dags/example_sensor_decorator.py
[2026-03-18T07:59:29.883+0000] {processor.py:830} INFO - Processing file /home/airflow/.local/lib/python3.8/site-packages/airflow/example_dags/example_sensor_decorator.py for tasks to queue
[2026-03-18T07:59:29.885+0000] {logging_mixin.py:188} INFO - [2026-03-18T07:59:29.885+0000] {dagbag.py:538} INFO - Filling up the DagBag from /home/airflow/.local/lib/python3.8/site-packages/airflow/example_dags/example_sensor_decorator.py
[2026-03-18T07:59:29.889+0000] {processor.py:840} INFO - DAG(s) 'example_sensor_decorator' retrieved from /home/airflow/.local/lib/python3.8/site-packages/airflow/example_dags/example_sensor_decorator.py
[2026-03-18T07:59:29.896+0000] {logging_mixin.py:188} INFO - [2026-03-18T07:59:29.896+0000] {dag.py:3036} INFO - Sync 1 DAGs
[2026-03-18T07:59:29.901+0000] {logging_mixin.py:188} INFO - [2026-03-18T07:59:29.901+0000] {dag.py:3823} INFO - Setting next_dagrun for example_sensor_decorator to None, run_after=None
[2026-03-18T07:59:29.914+0000] {processor.py:183} INFO - Processing /home/airflow/.local/lib/python3.8/site-packages/airflow/example_dags/example_sensor_decorator.py took 0.033 seconds
[2026-03-18T08:00:01.385+0000] {processor.py:161} INFO - Started process (PID=55) to work on /home/airflow/.local/lib/python3.8/site-packages/airflow/example_dags/example_sensor_decorator.py
[2026-03-18T08:00:01.385+0000] {processor.py:830} INFO - Processing file /home/airflow/.local/lib/python3.8/site-packages/airflow/example_dags/example_sensor_decorator.py for tasks to queue
[2026-03-18T08:00:01.386+0000] {logging_mixin.py:188} INFO - [2026-03-18T08:00:01.386+0000] {dagbag.py:538} INFO - Filling up the DagBag from /home/airflow/.local/lib/python3.8/site-packages/airflow/example_dags/example_sensor_decorator.py
[2026-03-18T08:00:01.394+0000] {processor.py:840} INFO - DAG(s) 'example_sensor_decorator' retrieved from /home/airflow/.local/lib/python3.8/site-packages/airflow/example_dags/example_sensor_decorator.py
[2026-03-18T08:00:01.400+0000] {logging_mixin.py:188} INFO - [2026-03-18T08:00:01.400+0000] {dag.py:3036} INFO - Sync 1 DAGs
[2026-03-18T08:00:01.410+0000] {logging_mixin.py:188} INFO - [2026-03-18T08:00:01.409+0000] {dag.py:3823} INFO - Setting next_dagrun for example_sensor_decorator to None, run_after=None
[2026-03-18T08:00:01.425+0000] {processor.py:183} INFO - Processing /home/airflow/.local/lib/python3.8/site-packages/airflow/example_dags/example_sensor_decorator.py took 0.042 seconds
[2026-03-18T08:00:31.757+0000] {processor.py:161} INFO - Started process (PID=110) to work on /home/airflow/.local/lib/python3.8/site-packages/airflow/example_dags/example_sensor_decorator.py
[2026-03-18T08:00:31.757+0000] {processor.py:830} INFO - Processing file /home/airflow/.local/lib/python3.8/site-packages/airflow/example_dags/example_sensor_decorator.py for tasks to queue
[2026-03-18T08:00:31.758+0000] {logging_mixin.py:188} INFO - [2026-03-18T08:00:31.758+0000] {dagbag.py:538} INFO - Filling up the DagBag from /home/airflow/.local/lib/python3.8/site-packages/airflow/example_dags/example_sensor_decorator.py
[2026-03-18T08:00:31.761+0000] {processor.py:840} INFO - DAG(s) 'example_sensor_decorator' retrieved from /home/airflow/.local/lib/python3.8/site-packages/airflow/example_dags/example_sensor_decorator.py
[2026-03-18T08:00:31.816+0000] {logging_mixin.py:188} INFO - [2026-03-18T08:00:31.816+0000] {dag.py:3036} INFO - Sync 1 DAGs
[2026-03-18T08:00:31.823+0000] {logging_mixin.py:188} INFO - [2026-03-18T08:00:31.822+0000] {dag.py:3823} INFO - Setting next_dagrun for example_sensor_decorator to None, run_after=None
[2026-03-18T08:00:31.837+0000] {processor.py:183} INFO - Processing /home/airflow/.local/lib/python3.8/site-packages/airflow/example_dags/example_sensor_decorator.py took 0.082 seconds
[2026-03-18T08:01:02.844+0000] {processor.py:161} INFO - Started process (PID=166) to work on /home/airflow/.local/lib/python3.8/site-packages/airflow/example_dags/example_sensor_decorator.py
[2026-03-18T08:01:02.846+0000] {processor.py:830} INFO - Processing file /home/airflow/.local/lib/python3.8/site-packages/airflow/example_dags/example_sensor_decorator.py for tasks to queue
[2026-03-18T08:01:02.849+0000] {logging_mixin.py:188} INFO - [2026-03-18T08:01:02.849+0000] {dagbag.py:538} INFO - Filling up the DagBag from /home/airflow/.local/lib/python3.8/site-packages/airflow/example_dags/example_sensor_decorator.py
[2026-03-18T08:01:02.852+0000] {processor.py:840} INFO - DAG(s) 'example_sensor_decorator' retrieved from /home/airflow/.local/lib/python3.8/site-packages/airflow/example_dags/example_sensor_decorator.py
[2026-03-18T08:01:02.877+0000] {logging_mixin.py:188} INFO - [2026-03-18T08:01:02.877+0000] {dag.py:3036} INFO - Sync 1 DAGs
[2026-03-18T08:01:02.883+0000] {logging_mixin.py:188} INFO - [2026-03-18T08:01:02.883+0000] {dag.py:3823} INFO - Setting next_dagrun for example_sensor_decorator to None, run_after=None
[2026-03-18T08:01:02.894+0000] {processor.py:183} INFO - Processing /home/airflow/.local/lib/python3.8/site-packages/airflow/example_dags/example_sensor_decorator.py took 0.052 seconds
[2026-03-18T08:01:33.371+0000] {processor.py:161} INFO - Started process (PID=222) to work on /home/airflow/.local/lib/python3.8/site-packages/airflow/example_dags/example_sensor_decorator.py
[2026-03-18T08:01:33.372+0000] {processor.py:830} INFO - Processing file /home/airflow/.local/lib/python3.8/site-packages/airflow/example_dags/example_sensor_decorator.py for tasks to queue
[2026-03-18T08:01:33.374+0000] {logging_mixin.py:188} INFO - [2026-03-18T08:01:33.374+0000] {dagbag.py:538} INFO - Filling up the DagBag from /home/airflow/.local/lib/python3.8/site-packages/airflow/example_dags/example_sensor_decorator.py
[2026-03-18T08:01:33.377+0000] {processor.py:840} INFO - DAG(s) 'example_sensor_decorator' retrieved from /home/airflow/.local/lib/python3.8/site-packages/airflow/example_dags/example_sensor_decorator.py
[2026-03-18T08:01:33.392+0000] {logging_mixin.py:188} INFO - [2026-03-18T08:01:33.392+0000] {dag.py:3036} INFO - Sync 1 DAGs
[2026-03-18T08:01:33.399+0000] {logging_mixin.py:188} INFO - [2026-03-18T08:01:33.399+0000] {dag.py:3823} INFO - Setting next_dagrun for example_sensor_decorator to None, run_after=None
[2026-03-18T08:01:33.408+0000] {processor.py:183} INFO - Processing /home/airflow/.local/lib/python3.8/site-packages/airflow/example_dags/example_sensor_decorator.py took 0.041 seconds
[2026-03-18T08:02:03.902+0000] {processor.py:161} INFO - Started process (PID=277) to work on /home/airflow/.local/lib/python3.8/site-packages/airflow/example_dags/example_sensor_decorator.py
[2026-03-18T08:02:03.906+0000] {processor.py:830} INFO - Processing file /home/airflow/.local/lib/python3.8/site-packages/airflow/example_dags/example_sensor_decorator.py for tasks to queue
[2026-03-18T08:02:03.908+0000] {logging_mixin.py:188} INFO - [2026-03-18T08:02:03.908+0000] {dagbag.py:538} INFO - Filling up the DagBag from /home/airflow/.local/lib/python3.8/site-packages/airflow/example_dags/example_sensor_decorator.py
[2026-03-18T08:02:03.914+0000] {processor.py:840} INFO - DAG(s) 'example_sensor_decorator' retrieved from /home/airflow/.local/lib/python3.8/site-packages/airflow/example_dags/example_sensor_decorator.py
[2026-03-18T08:02:03.930+0000] {logging_mixin.py:188} INFO - [2026-03-18T08:02:03.929+0000] {dag.py:3036} INFO - Sync 1 DAGs
[2026-03-18T08:02:03.938+0000] {logging_mixin.py:188} INFO - [2026-03-18T08:02:03.938+0000] {dag.py:3823} INFO - Setting next_dagrun for example_sensor_decorator to None, run_after=None
[2026-03-18T08:02:03.954+0000] {processor.py:183} INFO - Processing /home/airflow/.local/lib/python3.8/site-packages/airflow/example_dags/example_sensor_decorator.py took 0.055 seconds
[2026-03-18T08:02:34.520+0000] {processor.py:161} INFO - Started process (PID=333) to work on /home/airflow/.local/lib/python3.8/site-packages/airflow/example_dags/example_sensor_decorator.py
[2026-03-18T08:02:34.521+0000] {processor.py:830} INFO - Processing file /home/airflow/.local/lib/python3.8/site-packages/airflow/example_dags/example_sensor_decorator.py for tasks to queue
[2026-03-18T08:02:34.523+0000] {logging_mixin.py:188} INFO - [2026-03-18T08:02:34.523+0000] {dagbag.py:538} INFO - Filling up the DagBag from /home/airflow/.local/lib/python3.8/site-packages/airflow/example_dags/example_sensor_decorator.py
[2026-03-18T08:02:34.531+0000] {processor.py:840} INFO - DAG(s) 'example_sensor_decorator' retrieved from /home/airflow/.local/lib/python3.8/site-packages/airflow/example_dags/example_sensor_decorator.py
[2026-03-18T08:02:34.544+0000] {logging_mixin.py:188} INFO - [2026-03-18T08:02:34.544+0000] {dag.py:3036} INFO - Sync 1 DAGs
[2026-03-18T08:02:34.550+0000] {logging_mixin.py:188} INFO - [2026-03-18T08:02:34.550+0000] {dag.py:3823} INFO - Setting next_dagrun for example_sensor_decorator to None, run_after=None
[2026-03-18T08:02:34.564+0000] {processor.py:183} INFO - Processing /home/airflow/.local/lib/python3.8/site-packages/airflow/example_dags/example_sensor_decorator.py took 0.048 seconds
[2026-03-18T08:03:05.095+0000] {processor.py:161} INFO - Started process (PID=389) to work on /home/airflow/.local/lib/python3.8/site-packages/airflow/example_dags/example_sensor_decorator.py
[2026-03-18T08:03:05.096+0000] {processor.py:830} INFO - Processing file /home/airflow/.local/lib/python3.8/site-packages/airflow/example_dags/example_sensor_decorator.py for tasks to queue
[2026-03-18T08:03:05.097+0000] {logging_mixin.py:188} INFO - [2026-03-18T08:03:05.097+0000] {dagbag.py:538} INFO - Filling up the DagBag from /home/airflow/.local/lib/python3.8/site-packages/airflow/example_dags/example_sensor_decorator.py
[2026-03-18T08:03:05.102+0000] {processor.py:840} INFO - DAG(s) 'example_sensor_decorator' retrieved from /home/airflow/.local/lib/python3.8/site-packages/airflow/example_dags/example_sensor_decorator.py
[2026-03-18T08:03:05.118+0000] {logging_mixin.py:188} INFO - [2026-03-18T08:03:05.118+0000] {dag.py:3036} INFO - Sync 1 DAGs
[2026-03-18T08:03:05.124+0000] {logging_mixin.py:188} INFO - [2026-03-18T08:03:05.124+0000] {dag.py:3823} INFO - Setting next_dagrun for example_sensor_decorator to None, run_after=None
[2026-03-18T08:03:05.136+0000] {processor.py:183} INFO - Processing /home/airflow/.local/lib/python3.8/site-packages/airflow/example_dags/example_sensor_decorator.py took 0.044 seconds
[2026-03-18T08:03:35.735+0000] {processor.py:161} INFO - Started process (PID=451) to work on /home/airflow/.local/lib/python3.8/site-packages/airflow/example_dags/example_sensor_decorator.py
[2026-03-18T08:03:35.736+0000] {processor.py:830} INFO - Processing file /home/airflow/.local/lib/python3.8/site-packages/airflow/example_dags/example_sensor_decorator.py for tasks to queue
[2026-03-18T08:03:35.737+0000] {logging_mixin.py:188} INFO - [2026-03-18T08:03:35.737+0000] {dagbag.py:538} INFO - Filling up the DagBag from /home/airflow/.local/lib/python3.8/site-packages/airflow/example_dags/example_sensor_decorator.py
[2026-03-18T08:03:35.746+0000] {processor.py:840} INFO - DAG(s) 'example_sensor_decorator' retrieved from /home/airflow/.local/lib/python3.8/site-packages/airflow/example_dags/example_sensor_decorator.py
[2026-03-18T08:03:35.762+0000] {logging_mixin.py:188} INFO - [2026-03-18T08:03:35.762+0000] {dag.py:3036} INFO - Sync 1 DAGs
[2026-03-18T08:03:35.769+0000] {logging_mixin.py:188} INFO - [2026-03-18T08:03:35.768+0000] {dag.py:3823} INFO - Setting next_dagrun for example_sensor_decorator to None, run_after=None
[2026-03-18T08:03:35.783+0000] {processor.py:183} INFO - Processing /home/airflow/.local/lib/python3.8/site-packages/airflow/example_dags/example_sensor_decorator.py took 0.051 seconds
[2026-03-18T08:04:06.280+0000] {processor.py:161} INFO - Started process (PID=507) to work on /home/airflow/.local/lib/python3.8/site-packages/airflow/example_dags/example_sensor_decorator.py
[2026-03-18T08:04:06.282+0000] {processor.py:830} INFO - Processing file /home/airflow/.local/lib/python3.8/site-packages/airflow/example_dags/example_sensor_decorator.py for tasks to queue
[2026-03-18T08:04:06.284+0000] {logging_mixin.py:188} INFO - [2026-03-18T08:04:06.283+0000] {dagbag.py:538} INFO - Filling up the DagBag from /home/airflow/.local/lib/python3.8/site-packages/airflow/example_dags/example_sensor_decorator.py
[2026-03-18T08:04:06.291+0000] {processor.py:840} INFO - DAG(s) 'example_sensor_decorator' retrieved from /home/airflow/.local/lib/python3.8/site-packages/airflow/example_dags/example_sensor_decorator.py
[2026-03-18T08:04:06.310+0000] {logging_mixin.py:188} INFO - [2026-03-18T08:04:06.310+0000] {dag.py:3036} INFO - Sync 1 DAGs
[2026-03-18T08:04:06.315+0000] {logging_mixin.py:188} INFO - [2026-03-18T08:04:06.315+0000] {dag.py:3823} INFO - Setting next_dagrun for example_sensor_decorator to None, run_after=None
[2026-03-18T08:04:06.327+0000] {processor.py:183} INFO - Processing /home/airflow/.local/lib/python3.8/site-packages/airflow/example_dags/example_sensor_decorator.py took 0.050 seconds
[2026-03-18T08:04:29.129+0000] {processor.py:161} INFO - Started process (PID=55) to work on /home/airflow/.local/lib/python3.8/site-packages/airflow/example_dags/example_sensor_decorator.py
[2026-03-18T08:04:29.130+0000] {processor.py:830} INFO - Processing file /home/airflow/.local/lib/python3.8/site-packages/airflow/example_dags/example_sensor_decorator.py for tasks to queue
[2026-03-18T08:04:29.131+0000] {logging_mixin.py:188} INFO - [2026-03-18T08:04:29.130+0000] {dagbag.py:538} INFO - Filling up the DagBag from /home/airflow/.local/lib/python3.8/site-packages/airflow/example_dags/example_sensor_decorator.py
[2026-03-18T08:04:29.135+0000] {processor.py:840} INFO - DAG(s) 'example_sensor_decorator' retrieved from /home/airflow/.local/lib/python3.8/site-packages/airflow/example_dags/example_sensor_decorator.py
[2026-03-18T08:04:29.144+0000] {logging_mixin.py:188} INFO - [2026-03-18T08:04:29.144+0000] {dag.py:3036} INFO - Sync 1 DAGs
[2026-03-18T08:04:29.151+0000] {logging_mixin.py:188} INFO - [2026-03-18T08:04:29.151+0000] {dag.py:3823} INFO - Setting next_dagrun for example_sensor_decorator to None, run_after=None
[2026-03-18T08:04:29.165+0000] {processor.py:183} INFO - Processing /home/airflow/.local/lib/python3.8/site-packages/airflow/example_dags/example_sensor_decorator.py took 0.038 seconds
[2026-03-18T08:04:59.476+0000] {processor.py:161} INFO - Started process (PID=111) to work on /home/airflow/.local/lib/python3.8/site-packages/airflow/example_dags/example_sensor_decorator.py
[2026-03-18T08:04:59.477+0000] {processor.py:830} INFO - Processing file /home/airflow/.local/lib/python3.8/site-packages/airflow/example_dags/example_sensor_decorator.py for tasks to queue
[2026-03-18T08:04:59.478+0000] {logging_mixin.py:188} INFO - [2026-03-18T08:04:59.478+0000] {dagbag.py:538} INFO - Filling up the DagBag from /home/airflow/.local/lib/python3.8/site-packages/airflow/example_dags/example_sensor_decorator.py
[2026-03-18T08:04:59.481+0000] {processor.py:840} INFO - DAG(s) 'example_sensor_decorator' retrieved from /home/airflow/.local/lib/python3.8/site-packages/airflow/example_dags/example_sensor_decorator.py
[2026-03-18T08:04:59.523+0000] {logging_mixin.py:188} INFO - [2026-03-18T08:04:59.523+0000] {dag.py:3036} INFO - Sync 1 DAGs
[2026-03-18T08:04:59.528+0000] {logging_mixin.py:188} INFO - [2026-03-18T08:04:59.527+0000] {dag.py:3823} INFO - Setting next_dagrun for example_sensor_decorator to None, run_after=None
[2026-03-18T08:04:59.536+0000] {processor.py:183} INFO - Processing /home/airflow/.local/lib/python3.8/site-packages/airflow/example_dags/example_sensor_decorator.py took 0.062 seconds
[2026-03-18T08:05:29.642+0000] {processor.py:161} INFO - Started process (PID=166) to work on /home/airflow/.local/lib/python3.8/site-packages/airflow/example_dags/example_sensor_decorator.py
[2026-03-18T08:05:29.643+0000] {processor.py:830} INFO - Processing file /home/airflow/.local/lib/python3.8/site-packages/airflow/example_dags/example_sensor_decorator.py for tasks to queue
[2026-03-18T08:05:29.643+0000] {logging_mixin.py:188} INFO - [2026-03-18T08:05:29.643+0000] {dagbag.py:538} INFO - Filling up the DagBag from /home/airflow/.local/lib/python3.8/site-packages/airflow/example_dags/example_sensor_decorator.py
[2026-03-18T08:05:29.646+0000] {processor.py:840} INFO - DAG(s) 'example_sensor_decorator' retrieved from /home/airflow/.local/lib/python3.8/site-packages/airflow/example_dags/example_sensor_decorator.py
[2026-03-18T08:05:29.657+0000] {logging_mixin.py:188} INFO - [2026-03-18T08:05:29.656+0000] {dag.py:3036} INFO - Sync 1 DAGs
[2026-03-18T08:05:29.662+0000] {logging_mixin.py:188} INFO - [2026-03-18T08:05:29.662+0000] {dag.py:3823} INFO - Setting next_dagrun for example_sensor_decorator to None, run_after=None
[2026-03-18T08:05:29.673+0000] {processor.py:183} INFO - Processing /home/airflow/.local/lib/python3.8/site-packages/airflow/example_dags/example_sensor_decorator.py took 0.032 seconds
[2026-03-18T08:06:13.917+0000] {processor.py:161} INFO - Started process (PID=101) to work on /home/airflow/.local/lib/python3.8/site-packages/airflow/example_dags/example_sensor_decorator.py
[2026-03-18T08:06:13.919+0000] {processor.py:830} INFO - Processing file /home/airflow/.local/lib/python3.8/site-packages/airflow/example_dags/example_sensor_decorator.py for tasks to queue
[2026-03-18T08:06:13.921+0000] {logging_mixin.py:188} INFO - [2026-03-18T08:06:13.920+0000] {dagbag.py:538} INFO - Filling up the DagBag from /home/airflow/.local/lib/python3.8/site-packages/airflow/example_dags/example_sensor_decorator.py
[2026-03-18T08:06:13.927+0000] {processor.py:840} INFO - DAG(s) 'example_sensor_decorator' retrieved from /home/airflow/.local/lib/python3.8/site-packages/airflow/example_dags/example_sensor_decorator.py
[2026-03-18T08:06:13.987+0000] {logging_mixin.py:188} INFO - [2026-03-18T08:06:13.987+0000] {dag.py:3036} INFO - Sync 1 DAGs
[2026-03-18T08:06:13.997+0000] {logging_mixin.py:188} INFO - [2026-03-18T08:06:13.997+0000] {dag.py:3823} INFO - Setting next_dagrun for example_sensor_decorator to None, run_after=None
[2026-03-18T08:06:14.008+0000] {processor.py:183} INFO - Processing /home/airflow/.local/lib/python3.8/site-packages/airflow/example_dags/example_sensor_decorator.py took 0.093 seconds
[2026-03-18T08:06:44.022+0000] {processor.py:161} INFO - Started process (PID=157) to work on /home/airflow/.local/lib/python3.8/site-packages/airflow/example_dags/example_sensor_decorator.py
[2026-03-18T08:06:44.023+0000] {processor.py:830} INFO - Processing file /home/airflow/.local/lib/python3.8/site-packages/airflow/example_dags/example_sensor_decorator.py for tasks to queue
[2026-03-18T08:06:44.024+0000] {logging_mixin.py:188} INFO - [2026-03-18T08:06:44.024+0000] {dagbag.py:538} INFO - Filling up the DagBag from /home/airflow/.local/lib/python3.8/site-packages/airflow/example_dags/example_sensor_decorator.py
[2026-03-18T08:06:44.027+0000] {processor.py:840} INFO - DAG(s) 'example_sensor_decorator' retrieved from /home/airflow/.local/lib/python3.8/site-packages/airflow/example_dags/example_sensor_decorator.py
[2026-03-18T08:06:44.038+0000] {logging_mixin.py:188} INFO - [2026-03-18T08:06:44.038+0000] {dag.py:3036} INFO - Sync 1 DAGs
[2026-03-18T08:06:44.043+0000] {logging_mixin.py:188} INFO - [2026-03-18T08:06:44.043+0000] {dag.py:3823} INFO - Setting next_dagrun for example_sensor_decorator to None, run_after=None
[2026-03-18T08:06:44.049+0000] {processor.py:183} INFO - Processing /home/airflow/.local/lib/python3.8/site-packages/airflow/example_dags/example_sensor_decorator.py took 0.029 seconds
[2026-03-18T08:07:14.700+0000] {processor.py:161} INFO - Started process (PID=213) to work on /home/airflow/.local/lib/python3.8/site-packages/airflow/example_dags/example_sensor_decorator.py
[2026-03-18T08:07:14.702+0000] {processor.py:830} INFO - Processing file /home/airflow/.local/lib/python3.8/site-packages/airflow/example_dags/example_sensor_decorator.py for tasks to queue
[2026-03-18T08:07:14.703+0000] {logging_mixin.py:188} INFO - [2026-03-18T08:07:14.703+0000] {dagbag.py:538} INFO - Filling up the DagBag from /home/airflow/.local/lib/python3.8/site-packages/airflow/example_dags/example_sensor_decorator.py
[2026-03-18T08:07:14.707+0000] {processor.py:840} INFO - DAG(s) 'example_sensor_decorator' retrieved from /home/airflow/.local/lib/python3.8/site-packages/airflow/example_dags/example_sensor_decorator.py
[2026-03-18T08:07:14.716+0000] {logging_mixin.py:188} INFO - [2026-03-18T08:07:14.716+0000] {dag.py:3036} INFO - Sync 1 DAGs
[2026-03-18T08:07:14.722+0000] {logging_mixin.py:188} INFO - [2026-03-18T08:07:14.721+0000] {dag.py:3823} INFO - Setting next_dagrun for example_sensor_decorator to None, run_after=None
[2026-03-18T08:07:14.729+0000] {processor.py:183} INFO - Processing /home/airflow/.local/lib/python3.8/site-packages/airflow/example_dags/example_sensor_decorator.py took 0.031 seconds
[2026-03-18T08:07:45.225+0000] {processor.py:161} INFO - Started process (PID=269) to work on /home/airflow/.local/lib/python3.8/site-packages/airflow/example_dags/example_sensor_decorator.py
[2026-03-18T08:07:45.226+0000] {processor.py:830} INFO - Processing file /home/airflow/.local/lib/python3.8/site-packages/airflow/example_dags/example_sensor_decorator.py for tasks to queue
[2026-03-18T08:07:45.227+0000] {logging_mixin.py:188} INFO - [2026-03-18T08:07:45.227+0000] {dagbag.py:538} INFO - Filling up the DagBag from /home/airflow/.local/lib/python3.8/site-packages/airflow/example_dags/example_sensor_decorator.py
[2026-03-18T08:07:45.231+0000] {processor.py:840} INFO - DAG(s) 'example_sensor_decorator' retrieved from /home/airflow/.local/lib/python3.8/site-packages/airflow/example_dags/example_sensor_decorator.py
[2026-03-18T08:07:45.241+0000] {logging_mixin.py:188} INFO - [2026-03-18T08:07:45.241+0000] {dag.py:3036} INFO - Sync 1 DAGs
[2026-03-18T08:07:45.247+0000] {logging_mixin.py:188} INFO - [2026-03-18T08:07:45.247+0000] {dag.py:3823} INFO - Setting next_dagrun for example_sensor_decorator to None, run_after=None
[2026-03-18T08:07:45.256+0000] {processor.py:183} INFO - Processing /home/airflow/.local/lib/python3.8/site-packages/airflow/example_dags/example_sensor_decorator.py took 0.032 seconds
[2026-03-18T08:08:15.715+0000] {processor.py:161} INFO - Started process (PID=325) to work on /home/airflow/.local/lib/python3.8/site-packages/airflow/example_dags/example_sensor_decorator.py
[2026-03-18T08:08:15.715+0000] {processor.py:830} INFO - Processing file /home/airflow/.local/lib/python3.8/site-packages/airflow/example_dags/example_sensor_decorator.py for tasks to queue
[2026-03-18T08:08:15.716+0000] {logging_mixin.py:188} INFO - [2026-03-18T08:08:15.716+0000] {dagbag.py:538} INFO - Filling up the DagBag from /home/airflow/.local/lib/python3.8/site-packages/airflow/example_dags/example_sensor_decorator.py
[2026-03-18T08:08:15.719+0000] {processor.py:840} INFO - DAG(s) 'example_sensor_decorator' retrieved from /home/airflow/.local/lib/python3.8/site-packages/airflow/example_dags/example_sensor_decorator.py
[2026-03-18T08:08:15.731+0000] {logging_mixin.py:188} INFO - [2026-03-18T08:08:15.730+0000] {dag.py:3036} INFO - Sync 1 DAGs
[2026-03-18T08:08:15.738+0000] {logging_mixin.py:188} INFO - [2026-03-18T08:08:15.738+0000] {dag.py:3823} INFO - Setting next_dagrun for example_sensor_decorator to None, run_after=None
[2026-03-18T08:08:15.748+0000] {processor.py:183} INFO - Processing /home/airflow/.local/lib/python3.8/site-packages/airflow/example_dags/example_sensor_decorator.py took 0.034 seconds
[2026-03-18T08:08:46.292+0000] {processor.py:161} INFO - Started process (PID=387) to work on /home/airflow/.local/lib/python3.8/site-packages/airflow/example_dags/example_sensor_decorator.py
[2026-03-18T08:08:46.304+0000] {processor.py:830} INFO - Processing file /home/airflow/.local/lib/python3.8/site-packages/airflow/example_dags/example_sensor_decorator.py for tasks to queue
[2026-03-18T08:08:46.305+0000] {logging_mixin.py:188} INFO - [2026-03-18T08:08:46.304+0000] {dagbag.py:538} INFO - Filling up the DagBag from /home/airflow/.local/lib/python3.8/site-packages/airflow/example_dags/example_sensor_decorator.py
[2026-03-18T08:08:46.307+0000] {processor.py:840} INFO - DAG(s) 'example_sensor_decorator' retrieved from /home/airflow/.local/lib/python3.8/site-packages/airflow/example_dags/example_sensor_decorator.py
[2026-03-18T08:08:46.319+0000] {logging_mixin.py:188} INFO - [2026-03-18T08:08:46.319+0000] {dag.py:3036} INFO - Sync 1 DAGs
[2026-03-18T08:08:46.325+0000] {logging_mixin.py:188} INFO - [2026-03-18T08:08:46.325+0000] {dag.py:3823} INFO - Setting next_dagrun for example_sensor_decorator to None, run_after=None
[2026-03-18T08:08:46.338+0000] {processor.py:183} INFO - Processing /home/airflow/.local/lib/python3.8/site-packages/airflow/example_dags/example_sensor_decorator.py took 0.048 seconds
[2026-03-18T08:09:16.794+0000] {processor.py:161} INFO - Started process (PID=443) to work on /home/airflow/.local/lib/python3.8/site-packages/airflow/example_dags/example_sensor_decorator.py
[2026-03-18T08:09:16.795+0000] {processor.py:830} INFO - Processing file /home/airflow/.local/lib/python3.8/site-packages/airflow/example_dags/example_sensor_decorator.py for tasks to queue
[2026-03-18T08:09:16.795+0000] {logging_mixin.py:188} INFO - [2026-03-18T08:09:16.795+0000] {dagbag.py:538} INFO - Filling up the DagBag from /home/airflow/.local/lib/python3.8/site-packages/airflow/example_dags/example_sensor_decorator.py
[2026-03-18T08:09:16.798+0000] {processor.py:840} INFO - DAG(s) 'example_sensor_decorator' retrieved from /home/airflow/.local/lib/python3.8/site-packages/airflow/example_dags/example_sensor_decorator.py
[2026-03-18T08:09:16.806+0000] {logging_mixin.py:188} INFO - [2026-03-18T08:09:16.806+0000] {dag.py:3036} INFO - Sync 1 DAGs
[2026-03-18T08:09:16.811+0000] {logging_mixin.py:188} INFO - [2026-03-18T08:09:16.811+0000] {dag.py:3823} INFO - Setting next_dagrun for example_sensor_decorator to None, run_after=None
[2026-03-18T08:09:16.817+0000] {processor.py:183} INFO - Processing /home/airflow/.local/lib/python3.8/site-packages/airflow/example_dags/example_sensor_decorator.py took 0.025 seconds
[2026-03-18T08:09:47.339+0000] {processor.py:161} INFO - Started process (PID=499) to work on /home/airflow/.local/lib/python3.8/site-packages/airflow/example_dags/example_sensor_decorator.py
[2026-03-18T08:09:47.340+0000] {processor.py:830} INFO - Processing file /home/airflow/.local/lib/python3.8/site-packages/airflow/example_dags/example_sensor_decorator.py for tasks to queue
[2026-03-18T08:09:47.341+0000] {logging_mixin.py:188} INFO - [2026-03-18T08:09:47.341+0000] {dagbag.py:538} INFO - Filling up the DagBag from /home/airflow/.local/lib/python3.8/site-packages/airflow/example_dags/example_sensor_decorator.py
[2026-03-18T08:09:47.344+0000] {processor.py:840} INFO - DAG(s) 'example_sensor_decorator' retrieved from /home/airflow/.local/lib/python3.8/site-packages/airflow/example_dags/example_sensor_decorator.py
[2026-03-18T08:09:47.352+0000] {logging_mixin.py:188} INFO - [2026-03-18T08:09:47.352+0000] {dag.py:3036} INFO - Sync 1 DAGs
[2026-03-18T08:09:47.357+0000] {logging_mixin.py:188} INFO - [2026-03-18T08:09:47.357+0000] {dag.py:3823} INFO - Setting next_dagrun for example_sensor_decorator to None, run_after=None
[2026-03-18T08:09:47.363+0000] {processor.py:183} INFO - Processing /home/airflow/.local/lib/python3.8/site-packages/airflow/example_dags/example_sensor_decorator.py took 0.026 seconds
[2026-03-18T08:10:17.841+0000] {processor.py:161} INFO - Started process (PID=555) to work on /home/airflow/.local/lib/python3.8/site-packages/airflow/example_dags/example_sensor_decorator.py
[2026-03-18T08:10:17.842+0000] {processor.py:830} INFO - Processing file /home/airflow/.local/lib/python3.8/site-packages/airflow/example_dags/example_sensor_decorator.py for tasks to queue
[2026-03-18T08:10:17.843+0000] {logging_mixin.py:188} INFO - [2026-03-18T08:10:17.843+0000] {dagbag.py:538} INFO - Filling up the DagBag from /home/airflow/.local/lib/python3.8/site-packages/airflow/example_dags/example_sensor_decorator.py
[2026-03-18T08:10:17.847+0000] {processor.py:840} INFO - DAG(s) 'example_sensor_decorator' retrieved from /home/airflow/.local/lib/python3.8/site-packages/airflow/example_dags/example_sensor_decorator.py
[2026-03-18T08:10:17.860+0000] {logging_mixin.py:188} INFO - [2026-03-18T08:10:17.860+0000] {dag.py:3036} INFO - Sync 1 DAGs
[2026-03-18T08:10:17.866+0000] {logging_mixin.py:188} INFO - [2026-03-18T08:10:17.866+0000] {dag.py:3823} INFO - Setting next_dagrun for example_sensor_decorator to None, run_after=None
[2026-03-18T08:10:17.879+0000] {processor.py:183} INFO - Processing /home/airflow/.local/lib/python3.8/site-packages/airflow/example_dags/example_sensor_decorator.py took 0.039 seconds
[2026-03-18T08:10:48.411+0000] {processor.py:161} INFO - Started process (PID=611) to work on /home/airflow/.local/lib/python3.8/site-packages/airflow/example_dags/example_sensor_decorator.py
[2026-03-18T08:10:48.412+0000] {processor.py:830} INFO - Processing file /home/airflow/.local/lib/python3.8/site-packages/airflow/example_dags/example_sensor_decorator.py for tasks to queue
[2026-03-18T08:10:48.412+0000] {logging_mixin.py:188} INFO - [2026-03-18T08:10:48.412+0000] {dagbag.py:538} INFO - Filling up the DagBag from /home/airflow/.local/lib/python3.8/site-packages/airflow/example_dags/example_sensor_decorator.py
[2026-03-18T08:10:48.415+0000] {processor.py:840} INFO - DAG(s) 'example_sensor_decorator' retrieved from /home/airflow/.local/lib/python3.8/site-packages/airflow/example_dags/example_sensor_decorator.py
[2026-03-18T08:10:48.424+0000] {logging_mixin.py:188} INFO - [2026-03-18T08:10:48.424+0000] {dag.py:3036} INFO - Sync 1 DAGs
[2026-03-18T08:10:48.430+0000] {logging_mixin.py:188} INFO - [2026-03-18T08:10:48.430+0000] {dag.py:3823} INFO - Setting next_dagrun for example_sensor_decorator to None, run_after=None
[2026-03-18T08:10:48.440+0000] {processor.py:183} INFO - Processing /home/airflow/.local/lib/python3.8/site-packages/airflow/example_dags/example_sensor_decorator.py took 0.030 seconds
[2026-03-18T08:11:18.900+0000] {processor.py:161} INFO - Started process (PID=667) to work on /home/airflow/.local/lib/python3.8/site-packages/airflow/example_dags/example_sensor_decorator.py
[2026-03-18T08:11:18.901+0000] {processor.py:830} INFO - Processing file /home/airflow/.local/lib/python3.8/site-packages/airflow/example_dags/example_sensor_decorator.py for tasks to queue
[2026-03-18T08:11:18.901+0000] {logging_mixin.py:188} INFO - [2026-03-18T08:11:18.901+0000] {dagbag.py:538} INFO - Filling up the DagBag from /home/airflow/.local/lib/python3.8/site-packages/airflow/example_dags/example_sensor_decorator.py
[2026-03-18T08:11:18.905+0000] {processor.py:840} INFO - DAG(s) 'example_sensor_decorator' retrieved from /home/airflow/.local/lib/python3.8/site-packages/airflow/example_dags/example_sensor_decorator.py
[2026-03-18T08:11:18.913+0000] {logging_mixin.py:188} INFO - [2026-03-18T08:11:18.913+0000] {dag.py:3036} INFO - Sync 1 DAGs
[2026-03-18T08:11:18.917+0000] {logging_mixin.py:188} INFO - [2026-03-18T08:11:18.917+0000] {dag.py:3823} INFO - Setting next_dagrun for example_sensor_decorator to None, run_after=None
[2026-03-18T08:11:18.925+0000] {processor.py:183} INFO - Processing /home/airflow/.local/lib/python3.8/site-packages/airflow/example_dags/example_sensor_decorator.py took 0.027 seconds
[2026-03-18T08:11:49.429+0000] {processor.py:161} INFO - Started process (PID=723) to work on /home/airflow/.local/lib/python3.8/site-packages/airflow/example_dags/example_sensor_decorator.py
[2026-03-18T08:11:49.430+0000] {processor.py:830} INFO - Processing file /home/airflow/.local/lib/python3.8/site-packages/airflow/example_dags/example_sensor_decorator.py for tasks to queue
[2026-03-18T08:11:49.430+0000] {logging_mixin.py:188} INFO - [2026-03-18T08:11:49.430+0000] {dagbag.py:538} INFO - Filling up the DagBag from /home/airflow/.local/lib/python3.8/site-packages/airflow/example_dags/example_sensor_decorator.py
[2026-03-18T08:11:49.433+0000] {processor.py:840} INFO - DAG(s) 'example_sensor_decorator' retrieved from /home/airflow/.local/lib/python3.8/site-packages/airflow/example_dags/example_sensor_decorator.py
[2026-03-18T08:11:49.443+0000] {logging_mixin.py:188} INFO - [2026-03-18T08:11:49.443+0000] {dag.py:3036} INFO - Sync 1 DAGs
[2026-03-18T08:11:49.449+0000] {logging_mixin.py:188} INFO - [2026-03-18T08:11:49.449+0000] {dag.py:3823} INFO - Setting next_dagrun for example_sensor_decorator to None, run_after=None
[2026-03-18T08:11:49.462+0000] {processor.py:183} INFO - Processing /home/airflow/.local/lib/python3.8/site-packages/airflow/example_dags/example_sensor_decorator.py took 0.035 seconds
[2026-03-18T08:12:19.986+0000] {processor.py:161} INFO - Started process (PID=779) to work on /home/airflow/.local/lib/python3.8/site-packages/airflow/example_dags/example_sensor_decorator.py
[2026-03-18T08:12:19.987+0000] {processor.py:830} INFO - Processing file /home/airflow/.local/lib/python3.8/site-packages/airflow/example_dags/example_sensor_decorator.py for tasks to queue
[2026-03-18T08:12:19.989+0000] {logging_mixin.py:188} INFO - [2026-03-18T08:12:19.989+0000] {dagbag.py:538} INFO - Filling up the DagBag from /home/airflow/.local/lib/python3.8/site-packages/airflow/example_dags/example_sensor_decorator.py
[2026-03-18T08:12:19.993+0000] {processor.py:840} INFO - DAG(s) 'example_sensor_decorator' retrieved from /home/airflow/.local/lib/python3.8/site-packages/airflow/example_dags/example_sensor_decorator.py
[2026-03-18T08:12:20.005+0000] {logging_mixin.py:188} INFO - [2026-03-18T08:12:20.005+0000] {dag.py:3036} INFO - Sync 1 DAGs
[2026-03-18T08:12:20.011+0000] {logging_mixin.py:188} INFO - [2026-03-18T08:12:20.011+0000] {dag.py:3823} INFO - Setting next_dagrun for example_sensor_decorator to None, run_after=None
[2026-03-18T08:12:20.018+0000] {processor.py:183} INFO - Processing /home/airflow/.local/lib/python3.8/site-packages/airflow/example_dags/example_sensor_decorator.py took 0.033 seconds
[2026-03-18T08:12:50.372+0000] {processor.py:161} INFO - Started process (PID=835) to work on /home/airflow/.local/lib/python3.8/site-packages/airflow/example_dags/example_sensor_decorator.py
[2026-03-18T08:12:50.373+0000] {processor.py:830} INFO - Processing file /home/airflow/.local/lib/python3.8/site-packages/airflow/example_dags/example_sensor_decorator.py for tasks to queue
[2026-03-18T08:12:50.373+0000] {logging_mixin.py:188} INFO - [2026-03-18T08:12:50.373+0000] {dagbag.py:538} INFO - Filling up the DagBag from /home/airflow/.local/lib/python3.8/site-packages/airflow/example_dags/example_sensor_decorator.py
[2026-03-18T08:12:50.376+0000] {processor.py:840} INFO - DAG(s) 'example_sensor_decorator' retrieved from /home/airflow/.local/lib/python3.8/site-packages/airflow/example_dags/example_sensor_decorator.py
[2026-03-18T08:12:50.383+0000] {logging_mixin.py:188} INFO - [2026-03-18T08:12:50.383+0000] {dag.py:3036} INFO - Sync 1 DAGs
[2026-03-18T08:12:50.387+0000] {logging_mixin.py:188} INFO - [2026-03-18T08:12:50.387+0000] {dag.py:3823} INFO - Setting next_dagrun for example_sensor_decorator to None, run_after=None
[2026-03-18T08:12:50.393+0000] {processor.py:183} INFO - Processing /home/airflow/.local/lib/python3.8/site-packages/airflow/example_dags/example_sensor_decorator.py took 0.022 seconds
[2026-03-18T08:13:20.816+0000] {processor.py:161} INFO - Started process (PID=891) to work on /home/airflow/.local/lib/python3.8/site-packages/airflow/example_dags/example_sensor_decorator.py
[2026-03-18T08:13:20.817+0000] {processor.py:830} INFO - Processing file /home/airflow/.local/lib/python3.8/site-packages/airflow/example_dags/example_sensor_decorator.py for tasks to queue
[2026-03-18T08:13:20.817+0000] {logging_mixin.py:188} INFO - [2026-03-18T08:13:20.817+0000] {dagbag.py:538} INFO - Filling up the DagBag from /home/airflow/.local/lib/python3.8/site-packages/airflow/example_dags/example_sensor_decorator.py
[2026-03-18T08:13:20.820+0000] {processor.py:840} INFO - DAG(s) 'example_sensor_decorator' retrieved from /home/airflow/.local/lib/python3.8/site-packages/airflow/example_dags/example_sensor_decorator.py
[2026-03-18T08:13:20.831+0000] {logging_mixin.py:188} INFO - [2026-03-18T08:13:20.831+0000] {dag.py:3036} INFO - Sync 1 DAGs
[2026-03-18T08:13:20.837+0000] {logging_mixin.py:188} INFO - [2026-03-18T08:13:20.836+0000] {dag.py:3823} INFO - Setting next_dagrun for example_sensor_decorator to None, run_after=None
[2026-03-18T08:13:20.846+0000] {processor.py:183} INFO - Processing /home/airflow/.local/lib/python3.8/site-packages/airflow/example_dags/example_sensor_decorator.py took 0.031 seconds
[2026-03-18T08:13:51.380+0000] {processor.py:161} INFO - Started process (PID=947) to work on /home/airflow/.local/lib/python3.8/site-packages/airflow/example_dags/example_sensor_decorator.py
[2026-03-18T08:13:51.382+0000] {processor.py:830} INFO - Processing file /home/airflow/.local/lib/python3.8/site-packages/airflow/example_dags/example_sensor_decorator.py for tasks to queue
[2026-03-18T08:13:51.383+0000] {logging_mixin.py:188} INFO - [2026-03-18T08:13:51.383+0000] {dagbag.py:538} INFO - Filling up the DagBag from /home/airflow/.local/lib/python3.8/site-packages/airflow/example_dags/example_sensor_decorator.py
[2026-03-18T08:13:51.386+0000] {processor.py:840} INFO - DAG(s) 'example_sensor_decorator' retrieved from /home/airflow/.local/lib/python3.8/site-packages/airflow/example_dags/example_sensor_decorator.py
[2026-03-18T08:13:51.396+0000] {logging_mixin.py:188} INFO - [2026-03-18T08:13:51.396+0000] {dag.py:3036} INFO - Sync 1 DAGs
[2026-03-18T08:13:51.403+0000] {logging_mixin.py:188} INFO - [2026-03-18T08:13:51.402+0000] {dag.py:3823} INFO - Setting next_dagrun for example_sensor_decorator to None, run_after=None
[2026-03-18T08:13:51.410+0000] {processor.py:183} INFO - Processing /home/airflow/.local/lib/python3.8/site-packages/airflow/example_dags/example_sensor_decorator.py took 0.032 seconds
[2026-03-18T08:14:21.952+0000] {processor.py:161} INFO - Started process (PID=1003) to work on /home/airflow/.local/lib/python3.8/site-packages/airflow/example_dags/example_sensor_decorator.py
[2026-03-18T08:14:21.953+0000] {processor.py:830} INFO - Processing file /home/airflow/.local/lib/python3.8/site-packages/airflow/example_dags/example_sensor_decorator.py for tasks to queue
[2026-03-18T08:14:21.953+0000] {logging_mixin.py:188} INFO - [2026-03-18T08:14:21.953+0000] {dagbag.py:538} INFO - Filling up the DagBag from /home/airflow/.local/lib/python3.8/site-packages/airflow/example_dags/example_sensor_decorator.py
[2026-03-18T08:14:21.957+0000] {processor.py:840} INFO - DAG(s) 'example_sensor_decorator' retrieved from /home/airflow/.local/lib/python3.8/site-packages/airflow/example_dags/example_sensor_decorator.py
[2026-03-18T08:14:21.968+0000] {logging_mixin.py:188} INFO - [2026-03-18T08:14:21.968+0000] {dag.py:3036} INFO - Sync 1 DAGs
[2026-03-18T08:14:21.972+0000] {logging_mixin.py:188} INFO - [2026-03-18T08:14:21.972+0000] {dag.py:3823} INFO - Setting next_dagrun for example_sensor_decorator to None, run_after=None
[2026-03-18T08:14:21.984+0000] {processor.py:183} INFO - Processing /home/airflow/.local/lib/python3.8/site-packages/airflow/example_dags/example_sensor_decorator.py took 0.034 seconds
[2026-03-18T08:14:52.518+0000] {processor.py:161} INFO - Started process (PID=1059) to work on /home/airflow/.local/lib/python3.8/site-packages/airflow/example_dags/example_sensor_decorator.py
[2026-03-18T08:14:52.519+0000] {processor.py:830} INFO - Processing file /home/airflow/.local/lib/python3.8/site-packages/airflow/example_dags/example_sensor_decorator.py for tasks to queue
[2026-03-18T08:14:52.520+0000] {logging_mixin.py:188} INFO - [2026-03-18T08:14:52.520+0000] {dagbag.py:538} INFO - Filling up the DagBag from /home/airflow/.local/lib/python3.8/site-packages/airflow/example_dags/example_sensor_decorator.py
[2026-03-18T08:14:52.524+0000] {processor.py:840} INFO - DAG(s) 'example_sensor_decorator' retrieved from /home/airflow/.local/lib/python3.8/site-packages/airflow/example_dags/example_sensor_decorator.py
[2026-03-18T08:14:52.537+0000] {logging_mixin.py:188} INFO - [2026-03-18T08:14:52.537+0000] {dag.py:3036} INFO - Sync 1 DAGs
[2026-03-18T08:14:52.544+0000] {logging_mixin.py:188} INFO - [2026-03-18T08:14:52.543+0000] {dag.py:3823} INFO - Setting next_dagrun for example_sensor_decorator to None, run_after=None
[2026-03-18T08:14:52.553+0000] {processor.py:183} INFO - Processing /home/airflow/.local/lib/python3.8/site-packages/airflow/example_dags/example_sensor_decorator.py took 0.037 seconds
[2026-03-18T08:15:23.213+0000] {processor.py:161} INFO - Started process (PID=1115) to work on /home/airflow/.local/lib/python3.8/site-packages/airflow/example_dags/example_sensor_decorator.py
[2026-03-18T08:15:23.214+0000] {processor.py:830} INFO - Processing file /home/airflow/.local/lib/python3.8/site-packages/airflow/example_dags/example_sensor_decorator.py for tasks to queue
[2026-03-18T08:15:23.215+0000] {logging_mixin.py:188} INFO - [2026-03-18T08:15:23.215+0000] {dagbag.py:538} INFO - Filling up the DagBag from /home/airflow/.local/lib/python3.8/site-packages/airflow/example_dags/example_sensor_decorator.py
[2026-03-18T08:15:23.217+0000] {processor.py:840} INFO - DAG(s) 'example_sensor_decorator' retrieved from /home/airflow/.local/lib/python3.8/site-packages/airflow/example_dags/example_sensor_decorator.py
[2026-03-18T08:15:23.225+0000] {logging_mixin.py:188} INFO - [2026-03-18T08:15:23.225+0000] {dag.py:3036} INFO - Sync 1 DAGs
[2026-03-18T08:15:23.229+0000] {logging_mixin.py:188} INFO - [2026-03-18T08:15:23.229+0000] {dag.py:3823} INFO - Setting next_dagrun for example_sensor_decorator to None, run_after=None
[2026-03-18T08:15:23.235+0000] {processor.py:183} INFO - Processing /home/airflow/.local/lib/python3.8/site-packages/airflow/example_dags/example_sensor_decorator.py took 0.024 seconds
[2026-03-18T08:15:53.754+0000] {processor.py:161} INFO - Started process (PID=1171) to work on /home/airflow/.local/lib/python3.8/site-packages/airflow/example_dags/example_sensor_decorator.py
[2026-03-18T08:15:53.755+0000] {processor.py:830} INFO - Processing file /home/airflow/.local/lib/python3.8/site-packages/airflow/example_dags/example_sensor_decorator.py for tasks to queue
[2026-03-18T08:15:53.757+0000] {logging_mixin.py:188} INFO - [2026-03-18T08:15:53.756+0000] {dagbag.py:538} INFO - Filling up the DagBag from /home/airflow/.local/lib/python3.8/site-packages/airflow/example_dags/example_sensor_decorator.py
[2026-03-18T08:15:53.760+0000] {processor.py:840} INFO - DAG(s) 'example_sensor_decorator' retrieved from /home/airflow/.local/lib/python3.8/site-packages/airflow/example_dags/example_sensor_decorator.py
[2026-03-18T08:15:53.770+0000] {logging_mixin.py:188} INFO - [2026-03-18T08:15:53.770+0000] {dag.py:3036} INFO - Sync 1 DAGs
[2026-03-18T08:15:53.776+0000] {logging_mixin.py:188} INFO - [2026-03-18T08:15:53.776+0000] {dag.py:3823} INFO - Setting next_dagrun for example_sensor_decorator to None, run_after=None
[2026-03-18T08:15:53.790+0000] {processor.py:183} INFO - Processing /home/airflow/.local/lib/python3.8/site-packages/airflow/example_dags/example_sensor_decorator.py took 0.038 seconds
[2026-03-18T08:16:24.264+0000] {processor.py:161} INFO - Started process (PID=1227) to work on /home/airflow/.local/lib/python3.8/site-packages/airflow/example_dags/example_sensor_decorator.py
[2026-03-18T08:16:24.265+0000] {processor.py:830} INFO - Processing file /home/airflow/.local/lib/python3.8/site-packages/airflow/example_dags/example_sensor_decorator.py for tasks to queue
[2026-03-18T08:16:24.266+0000] {logging_mixin.py:188} INFO - [2026-03-18T08:16:24.266+0000] {dagbag.py:538} INFO - Filling up the DagBag from /home/airflow/.local/lib/python3.8/site-packages/airflow/example_dags/example_sensor_decorator.py
[2026-03-18T08:16:24.268+0000] {processor.py:840} INFO - DAG(s) 'example_sensor_decorator' retrieved from /home/airflow/.local/lib/python3.8/site-packages/airflow/example_dags/example_sensor_decorator.py
[2026-03-18T08:16:24.276+0000] {logging_mixin.py:188} INFO - [2026-03-18T08:16:24.276+0000] {dag.py:3036} INFO - Sync 1 DAGs
[2026-03-18T08:16:24.280+0000] {logging_mixin.py:188} INFO - [2026-03-18T08:16:24.280+0000] {dag.py:3823} INFO - Setting next_dagrun for example_sensor_decorator to None, run_after=None
[2026-03-18T08:16:24.286+0000] {processor.py:183} INFO - Processing /home/airflow/.local/lib/python3.8/site-packages/airflow/example_dags/example_sensor_decorator.py took 0.023 seconds
[2026-03-18T08:16:54.859+0000] {processor.py:161} INFO - Started process (PID=1284) to work on /home/airflow/.local/lib/python3.8/site-packages/airflow/example_dags/example_sensor_decorator.py
[2026-03-18T08:16:54.860+0000] {processor.py:830} INFO - Processing file /home/airflow/.local/lib/python3.8/site-packages/airflow/example_dags/example_sensor_decorator.py for tasks to queue
[2026-03-18T08:16:54.861+0000] {logging_mixin.py:188} INFO - [2026-03-18T08:16:54.861+0000] {dagbag.py:538} INFO - Filling up the DagBag from /home/airflow/.local/lib/python3.8/site-packages/airflow/example_dags/example_sensor_decorator.py
[2026-03-18T08:16:54.864+0000] {processor.py:840} INFO - DAG(s) 'example_sensor_decorator' retrieved from /home/airflow/.local/lib/python3.8/site-packages/airflow/example_dags/example_sensor_decorator.py
[2026-03-18T08:16:54.872+0000] {logging_mixin.py:188} INFO - [2026-03-18T08:16:54.872+0000] {dag.py:3036} INFO - Sync 1 DAGs
[2026-03-18T08:16:54.877+0000] {logging_mixin.py:188} INFO - [2026-03-18T08:16:54.877+0000] {dag.py:3823} INFO - Setting next_dagrun for example_sensor_decorator to None, run_after=None
[2026-03-18T08:16:54.891+0000] {processor.py:183} INFO - Processing /home/airflow/.local/lib/python3.8/site-packages/airflow/example_dags/example_sensor_decorator.py took 0.033 seconds
[2026-03-18T08:17:25.348+0000] {processor.py:161} INFO - Started process (PID=1340) to work on /home/airflow/.local/lib/python3.8/site-packages/airflow/example_dags/example_sensor_decorator.py
[2026-03-18T08:17:25.349+0000] {processor.py:830} INFO - Processing file /home/airflow/.local/lib/python3.8/site-packages/airflow/example_dags/example_sensor_decorator.py for tasks to queue
[2026-03-18T08:17:25.349+0000] {logging_mixin.py:188} INFO - [2026-03-18T08:17:25.349+0000] {dagbag.py:538} INFO - Filling up the DagBag from /home/airflow/.local/lib/python3.8/site-packages/airflow/example_dags/example_sensor_decorator.py
[2026-03-18T08:17:25.352+0000] {processor.py:840} INFO - DAG(s) 'example_sensor_decorator' retrieved from /home/airflow/.local/lib/python3.8/site-packages/airflow/example_dags/example_sensor_decorator.py
[2026-03-18T08:17:25.361+0000] {logging_mixin.py:188} INFO - [2026-03-18T08:17:25.361+0000] {dag.py:3036} INFO - Sync 1 DAGs
[2026-03-18T08:17:25.366+0000] {logging_mixin.py:188} INFO - [2026-03-18T08:17:25.366+0000] {dag.py:3823} INFO - Setting next_dagrun for example_sensor_decorator to None, run_after=None
[2026-03-18T08:17:25.373+0000] {processor.py:183} INFO - Processing /home/airflow/.local/lib/python3.8/site-packages/airflow/example_dags/example_sensor_decorator.py took 0.026 seconds
[2026-03-18T08:17:55.889+0000] {processor.py:161} INFO - Started process (PID=1396) to work on /home/airflow/.local/lib/python3.8/site-packages/airflow/example_dags/example_sensor_decorator.py
[2026-03-18T08:17:55.889+0000] {processor.py:830} INFO - Processing file /home/airflow/.local/lib/python3.8/site-packages/airflow/example_dags/example_sensor_decorator.py for tasks to queue
[2026-03-18T08:17:55.892+0000] {logging_mixin.py:188} INFO - [2026-03-18T08:17:55.892+0000] {dagbag.py:538} INFO - Filling up the DagBag from /home/airflow/.local/lib/python3.8/site-packages/airflow/example_dags/example_sensor_decorator.py
[2026-03-18T08:17:55.894+0000] {processor.py:840} INFO - DAG(s) 'example_sensor_decorator' retrieved from /home/airflow/.local/lib/python3.8/site-packages/airflow/example_dags/example_sensor_decorator.py
[2026-03-18T08:17:55.903+0000] {logging_mixin.py:188} INFO - [2026-03-18T08:17:55.903+0000] {dag.py:3036} INFO - Sync 1 DAGs
[2026-03-18T08:17:55.909+0000] {logging_mixin.py:188} INFO - [2026-03-18T08:17:55.909+0000] {dag.py:3823} INFO - Setting next_dagrun for example_sensor_decorator to None, run_after=None
[2026-03-18T08:17:55.919+0000] {processor.py:183} INFO - Processing /home/airflow/.local/lib/python3.8/site-packages/airflow/example_dags/example_sensor_decorator.py took 0.031 seconds
[2026-03-18T08:18:26.433+0000] {processor.py:161} INFO - Started process (PID=1452) to work on /home/airflow/.local/lib/python3.8/site-packages/airflow/example_dags/example_sensor_decorator.py
[2026-03-18T08:18:26.433+0000] {processor.py:830} INFO - Processing file /home/airflow/.local/lib/python3.8/site-packages/airflow/example_dags/example_sensor_decorator.py for tasks to queue
[2026-03-18T08:18:26.434+0000] {logging_mixin.py:188} INFO - [2026-03-18T08:18:26.434+0000] {dagbag.py:538} INFO - Filling up the DagBag from /home/airflow/.local/lib/python3.8/site-packages/airflow/example_dags/example_sensor_decorator.py
[2026-03-18T08:18:26.437+0000] {processor.py:840} INFO - DAG(s) 'example_sensor_decorator' retrieved from /home/airflow/.local/lib/python3.8/site-packages/airflow/example_dags/example_sensor_decorator.py
[2026-03-18T08:18:26.448+0000] {logging_mixin.py:188} INFO - [2026-03-18T08:18:26.448+0000] {dag.py:3036} INFO - Sync 1 DAGs
[2026-03-18T08:18:26.453+0000] {logging_mixin.py:188} INFO - [2026-03-18T08:18:26.453+0000] {dag.py:3823} INFO - Setting next_dagrun for example_sensor_decorator to None, run_after=None
[2026-03-18T08:18:26.464+0000] {processor.py:183} INFO - Processing /home/airflow/.local/lib/python3.8/site-packages/airflow/example_dags/example_sensor_decorator.py took 0.033 seconds
[2026-03-18T08:18:56.979+0000] {processor.py:161} INFO - Started process (PID=1508) to work on /home/airflow/.local/lib/python3.8/site-packages/airflow/example_dags/example_sensor_decorator.py
[2026-03-18T08:18:56.980+0000] {processor.py:830} INFO - Processing file /home/airflow/.local/lib/python3.8/site-packages/airflow/example_dags/example_sensor_decorator.py for tasks to queue
[2026-03-18T08:18:56.982+0000] {logging_mixin.py:188} INFO - [2026-03-18T08:18:56.981+0000] {dagbag.py:538} INFO - Filling up the DagBag from /home/airflow/.local/lib/python3.8/site-packages/airflow/example_dags/example_sensor_decorator.py
[2026-03-18T08:18:56.985+0000] {processor.py:840} INFO - DAG(s) 'example_sensor_decorator' retrieved from /home/airflow/.local/lib/python3.8/site-packages/airflow/example_dags/example_sensor_decorator.py
[2026-03-18T08:18:56.994+0000] {logging_mixin.py:188} INFO - [2026-03-18T08:18:56.994+0000] {dag.py:3036} INFO - Sync 1 DAGs
[2026-03-18T08:18:57.000+0000] {logging_mixin.py:188} INFO - [2026-03-18T08:18:57.000+0000] {dag.py:3823} INFO - Setting next_dagrun for example_sensor_decorator to None, run_after=None
[2026-03-18T08:18:57.008+0000] {processor.py:183} INFO - Processing /home/airflow/.local/lib/python3.8/site-packages/airflow/example_dags/example_sensor_decorator.py took 0.031 seconds
[2026-03-18T08:19:27.432+0000] {processor.py:161} INFO - Started process (PID=1564) to work on /home/airflow/.local/lib/python3.8/site-packages/airflow/example_dags/example_sensor_decorator.py
[2026-03-18T08:19:27.432+0000] {processor.py:830} INFO - Processing file /home/airflow/.local/lib/python3.8/site-packages/airflow/example_dags/example_sensor_decorator.py for tasks to queue
[2026-03-18T08:19:27.433+0000] {logging_mixin.py:188} INFO - [2026-03-18T08:19:27.433+0000] {dagbag.py:538} INFO - Filling up the DagBag from /home/airflow/.local/lib/python3.8/site-packages/airflow/example_dags/example_sensor_decorator.py
[2026-03-18T08:19:27.436+0000] {processor.py:840} INFO - DAG(s) 'example_sensor_decorator' retrieved from /home/airflow/.local/lib/python3.8/site-packages/airflow/example_dags/example_sensor_decorator.py
[2026-03-18T08:19:27.444+0000] {logging_mixin.py:188} INFO - [2026-03-18T08:19:27.443+0000] {dag.py:3036} INFO - Sync 1 DAGs
[2026-03-18T08:19:27.448+0000] {logging_mixin.py:188} INFO - [2026-03-18T08:19:27.448+0000] {dag.py:3823} INFO - Setting next_dagrun for example_sensor_decorator to None, run_after=None
[2026-03-18T08:19:27.454+0000] {processor.py:183} INFO - Processing /home/airflow/.local/lib/python3.8/site-packages/airflow/example_dags/example_sensor_decorator.py took 0.024 seconds
