[2026-03-18T07:45:19.536+0000] {processor.py:161} INFO - Started process (PID=87) to work on /home/airflow/.local/lib/python3.8/site-packages/airflow/example_dags/example_time_delta_sensor_async.py
[2026-03-18T07:45:19.537+0000] {processor.py:830} INFO - Processing file /home/airflow/.local/lib/python3.8/site-packages/airflow/example_dags/example_time_delta_sensor_async.py for tasks to queue
[2026-03-18T07:45:19.538+0000] {logging_mixin.py:188} INFO - [2026-03-18T07:45:19.538+0000] {dagbag.py:538} INFO - Filling up the DagBag from /home/airflow/.local/lib/python3.8/site-packages/airflow/example_dags/example_time_delta_sensor_async.py
[2026-03-18T07:45:19.541+0000] {processor.py:840} INFO - DAG(s) 'example_time_delta_sensor_async' retrieved from /home/airflow/.local/lib/python3.8/site-packages/airflow/example_dags/example_time_delta_sensor_async.py
[2026-03-18T07:45:19.585+0000] {logging_mixin.py:188} INFO - [2026-03-18T07:45:19.585+0000] {override.py:1769} INFO - Created Permission View: can read on DAG:example_time_delta_sensor_async
[2026-03-18T07:45:19.589+0000] {logging_mixin.py:188} INFO - [2026-03-18T07:45:19.589+0000] {override.py:1769} INFO - Created Permission View: can delete on DAG:example_time_delta_sensor_async
[2026-03-18T07:45:19.591+0000] {logging_mixin.py:188} INFO - [2026-03-18T07:45:19.591+0000] {override.py:1769} INFO - Created Permission View: can edit on DAG:example_time_delta_sensor_async
[2026-03-18T07:45:19.592+0000] {logging_mixin.py:188} INFO - [2026-03-18T07:45:19.591+0000] {dag.py:3036} INFO - Sync 1 DAGs
[2026-03-18T07:45:19.596+0000] {logging_mixin.py:188} INFO - [2026-03-18T07:45:19.596+0000] {dag.py:3058} INFO - Creating ORM DAG for example_time_delta_sensor_async
[2026-03-18T07:45:19.596+0000] {logging_mixin.py:188} INFO - [2026-03-18T07:45:19.596+0000] {dag.py:3823} INFO - Setting next_dagrun for example_time_delta_sensor_async to None, run_after=None
[2026-03-18T07:45:19.604+0000] {processor.py:183} INFO - Processing /home/airflow/.local/lib/python3.8/site-packages/airflow/example_dags/example_time_delta_sensor_async.py took 0.070 seconds
[2026-03-18T07:45:49.932+0000] {processor.py:161} INFO - Started process (PID=142) to work on /home/airflow/.local/lib/python3.8/site-packages/airflow/example_dags/example_time_delta_sensor_async.py
[2026-03-18T07:45:49.932+0000] {processor.py:830} INFO - Processing file /home/airflow/.local/lib/python3.8/site-packages/airflow/example_dags/example_time_delta_sensor_async.py for tasks to queue
[2026-03-18T07:45:49.933+0000] {logging_mixin.py:188} INFO - [2026-03-18T07:45:49.933+0000] {dagbag.py:538} INFO - Filling up the DagBag from /home/airflow/.local/lib/python3.8/site-packages/airflow/example_dags/example_time_delta_sensor_async.py
[2026-03-18T07:45:49.936+0000] {processor.py:840} INFO - DAG(s) 'example_time_delta_sensor_async' retrieved from /home/airflow/.local/lib/python3.8/site-packages/airflow/example_dags/example_time_delta_sensor_async.py
[2026-03-18T07:45:49.948+0000] {logging_mixin.py:188} INFO - [2026-03-18T07:45:49.948+0000] {dag.py:3036} INFO - Sync 1 DAGs
[2026-03-18T07:45:49.953+0000] {logging_mixin.py:188} INFO - [2026-03-18T07:45:49.953+0000] {dag.py:3823} INFO - Setting next_dagrun for example_time_delta_sensor_async to None, run_after=None
[2026-03-18T07:45:49.961+0000] {processor.py:183} INFO - Processing /home/airflow/.local/lib/python3.8/site-packages/airflow/example_dags/example_time_delta_sensor_async.py took 0.031 seconds
[2026-03-18T07:46:20.326+0000] {processor.py:161} INFO - Started process (PID=197) to work on /home/airflow/.local/lib/python3.8/site-packages/airflow/example_dags/example_time_delta_sensor_async.py
[2026-03-18T07:46:20.326+0000] {processor.py:830} INFO - Processing file /home/airflow/.local/lib/python3.8/site-packages/airflow/example_dags/example_time_delta_sensor_async.py for tasks to queue
[2026-03-18T07:46:20.327+0000] {logging_mixin.py:188} INFO - [2026-03-18T07:46:20.327+0000] {dagbag.py:538} INFO - Filling up the DagBag from /home/airflow/.local/lib/python3.8/site-packages/airflow/example_dags/example_time_delta_sensor_async.py
[2026-03-18T07:46:20.329+0000] {processor.py:840} INFO - DAG(s) 'example_time_delta_sensor_async' retrieved from /home/airflow/.local/lib/python3.8/site-packages/airflow/example_dags/example_time_delta_sensor_async.py
[2026-03-18T07:46:20.338+0000] {logging_mixin.py:188} INFO - [2026-03-18T07:46:20.338+0000] {dag.py:3036} INFO - Sync 1 DAGs
[2026-03-18T07:46:20.343+0000] {logging_mixin.py:188} INFO - [2026-03-18T07:46:20.343+0000] {dag.py:3823} INFO - Setting next_dagrun for example_time_delta_sensor_async to None, run_after=None
[2026-03-18T07:46:20.349+0000] {processor.py:183} INFO - Processing /home/airflow/.local/lib/python3.8/site-packages/airflow/example_dags/example_time_delta_sensor_async.py took 0.025 seconds
[2026-03-18T07:46:50.618+0000] {processor.py:161} INFO - Started process (PID=252) to work on /home/airflow/.local/lib/python3.8/site-packages/airflow/example_dags/example_time_delta_sensor_async.py
[2026-03-18T07:46:50.619+0000] {processor.py:830} INFO - Processing file /home/airflow/.local/lib/python3.8/site-packages/airflow/example_dags/example_time_delta_sensor_async.py for tasks to queue
[2026-03-18T07:46:50.620+0000] {logging_mixin.py:188} INFO - [2026-03-18T07:46:50.620+0000] {dagbag.py:538} INFO - Filling up the DagBag from /home/airflow/.local/lib/python3.8/site-packages/airflow/example_dags/example_time_delta_sensor_async.py
[2026-03-18T07:46:50.622+0000] {processor.py:840} INFO - DAG(s) 'example_time_delta_sensor_async' retrieved from /home/airflow/.local/lib/python3.8/site-packages/airflow/example_dags/example_time_delta_sensor_async.py
[2026-03-18T07:46:50.630+0000] {logging_mixin.py:188} INFO - [2026-03-18T07:46:50.630+0000] {dag.py:3036} INFO - Sync 1 DAGs
[2026-03-18T07:46:50.635+0000] {logging_mixin.py:188} INFO - [2026-03-18T07:46:50.635+0000] {dag.py:3823} INFO - Setting next_dagrun for example_time_delta_sensor_async to None, run_after=None
[2026-03-18T07:46:50.641+0000] {processor.py:183} INFO - Processing /home/airflow/.local/lib/python3.8/site-packages/airflow/example_dags/example_time_delta_sensor_async.py took 0.024 seconds
[2026-03-18T07:47:21.032+0000] {processor.py:161} INFO - Started process (PID=307) to work on /home/airflow/.local/lib/python3.8/site-packages/airflow/example_dags/example_time_delta_sensor_async.py
[2026-03-18T07:47:21.032+0000] {processor.py:830} INFO - Processing file /home/airflow/.local/lib/python3.8/site-packages/airflow/example_dags/example_time_delta_sensor_async.py for tasks to queue
[2026-03-18T07:47:21.033+0000] {logging_mixin.py:188} INFO - [2026-03-18T07:47:21.033+0000] {dagbag.py:538} INFO - Filling up the DagBag from /home/airflow/.local/lib/python3.8/site-packages/airflow/example_dags/example_time_delta_sensor_async.py
[2026-03-18T07:47:21.036+0000] {processor.py:840} INFO - DAG(s) 'example_time_delta_sensor_async' retrieved from /home/airflow/.local/lib/python3.8/site-packages/airflow/example_dags/example_time_delta_sensor_async.py
[2026-03-18T07:47:21.046+0000] {logging_mixin.py:188} INFO - [2026-03-18T07:47:21.046+0000] {dag.py:3036} INFO - Sync 1 DAGs
[2026-03-18T07:47:21.051+0000] {logging_mixin.py:188} INFO - [2026-03-18T07:47:21.051+0000] {dag.py:3823} INFO - Setting next_dagrun for example_time_delta_sensor_async to None, run_after=None
[2026-03-18T07:47:21.062+0000] {processor.py:183} INFO - Processing /home/airflow/.local/lib/python3.8/site-packages/airflow/example_dags/example_time_delta_sensor_async.py took 0.032 seconds
[2026-03-18T07:47:51.417+0000] {processor.py:161} INFO - Started process (PID=362) to work on /home/airflow/.local/lib/python3.8/site-packages/airflow/example_dags/example_time_delta_sensor_async.py
[2026-03-18T07:47:51.417+0000] {processor.py:830} INFO - Processing file /home/airflow/.local/lib/python3.8/site-packages/airflow/example_dags/example_time_delta_sensor_async.py for tasks to queue
[2026-03-18T07:47:51.419+0000] {logging_mixin.py:188} INFO - [2026-03-18T07:47:51.418+0000] {dagbag.py:538} INFO - Filling up the DagBag from /home/airflow/.local/lib/python3.8/site-packages/airflow/example_dags/example_time_delta_sensor_async.py
[2026-03-18T07:47:51.422+0000] {processor.py:840} INFO - DAG(s) 'example_time_delta_sensor_async' retrieved from /home/airflow/.local/lib/python3.8/site-packages/airflow/example_dags/example_time_delta_sensor_async.py
[2026-03-18T07:47:51.433+0000] {logging_mixin.py:188} INFO - [2026-03-18T07:47:51.433+0000] {dag.py:3036} INFO - Sync 1 DAGs
[2026-03-18T07:47:51.440+0000] {logging_mixin.py:188} INFO - [2026-03-18T07:47:51.440+0000] {dag.py:3823} INFO - Setting next_dagrun for example_time_delta_sensor_async to None, run_after=None
[2026-03-18T07:47:51.453+0000] {processor.py:183} INFO - Processing /home/airflow/.local/lib/python3.8/site-packages/airflow/example_dags/example_time_delta_sensor_async.py took 0.038 seconds
[2026-03-18T07:48:21.811+0000] {processor.py:161} INFO - Started process (PID=417) to work on /home/airflow/.local/lib/python3.8/site-packages/airflow/example_dags/example_time_delta_sensor_async.py
[2026-03-18T07:48:21.812+0000] {processor.py:830} INFO - Processing file /home/airflow/.local/lib/python3.8/site-packages/airflow/example_dags/example_time_delta_sensor_async.py for tasks to queue
[2026-03-18T07:48:21.813+0000] {logging_mixin.py:188} INFO - [2026-03-18T07:48:21.813+0000] {dagbag.py:538} INFO - Filling up the DagBag from /home/airflow/.local/lib/python3.8/site-packages/airflow/example_dags/example_time_delta_sensor_async.py
[2026-03-18T07:48:21.816+0000] {processor.py:840} INFO - DAG(s) 'example_time_delta_sensor_async' retrieved from /home/airflow/.local/lib/python3.8/site-packages/airflow/example_dags/example_time_delta_sensor_async.py
[2026-03-18T07:48:21.825+0000] {logging_mixin.py:188} INFO - [2026-03-18T07:48:21.825+0000] {dag.py:3036} INFO - Sync 1 DAGs
[2026-03-18T07:48:21.834+0000] {logging_mixin.py:188} INFO - [2026-03-18T07:48:21.834+0000] {dag.py:3823} INFO - Setting next_dagrun for example_time_delta_sensor_async to None, run_after=None
[2026-03-18T07:48:21.843+0000] {processor.py:183} INFO - Processing /home/airflow/.local/lib/python3.8/site-packages/airflow/example_dags/example_time_delta_sensor_async.py took 0.034 seconds
[2026-03-18T07:48:52.098+0000] {processor.py:161} INFO - Started process (PID=478) to work on /home/airflow/.local/lib/python3.8/site-packages/airflow/example_dags/example_time_delta_sensor_async.py
[2026-03-18T07:48:52.098+0000] {processor.py:830} INFO - Processing file /home/airflow/.local/lib/python3.8/site-packages/airflow/example_dags/example_time_delta_sensor_async.py for tasks to queue
[2026-03-18T07:48:52.099+0000] {logging_mixin.py:188} INFO - [2026-03-18T07:48:52.099+0000] {dagbag.py:538} INFO - Filling up the DagBag from /home/airflow/.local/lib/python3.8/site-packages/airflow/example_dags/example_time_delta_sensor_async.py
[2026-03-18T07:48:52.101+0000] {processor.py:840} INFO - DAG(s) 'example_time_delta_sensor_async' retrieved from /home/airflow/.local/lib/python3.8/site-packages/airflow/example_dags/example_time_delta_sensor_async.py
[2026-03-18T07:48:52.109+0000] {logging_mixin.py:188} INFO - [2026-03-18T07:48:52.109+0000] {dag.py:3036} INFO - Sync 1 DAGs
[2026-03-18T07:48:52.113+0000] {logging_mixin.py:188} INFO - [2026-03-18T07:48:52.113+0000] {dag.py:3823} INFO - Setting next_dagrun for example_time_delta_sensor_async to None, run_after=None
[2026-03-18T07:48:52.118+0000] {processor.py:183} INFO - Processing /home/airflow/.local/lib/python3.8/site-packages/airflow/example_dags/example_time_delta_sensor_async.py took 0.022 seconds
[2026-03-18T07:49:22.343+0000] {processor.py:161} INFO - Started process (PID=533) to work on /home/airflow/.local/lib/python3.8/site-packages/airflow/example_dags/example_time_delta_sensor_async.py
[2026-03-18T07:49:22.343+0000] {processor.py:830} INFO - Processing file /home/airflow/.local/lib/python3.8/site-packages/airflow/example_dags/example_time_delta_sensor_async.py for tasks to queue
[2026-03-18T07:49:22.344+0000] {logging_mixin.py:188} INFO - [2026-03-18T07:49:22.344+0000] {dagbag.py:538} INFO - Filling up the DagBag from /home/airflow/.local/lib/python3.8/site-packages/airflow/example_dags/example_time_delta_sensor_async.py
[2026-03-18T07:49:22.347+0000] {processor.py:840} INFO - DAG(s) 'example_time_delta_sensor_async' retrieved from /home/airflow/.local/lib/python3.8/site-packages/airflow/example_dags/example_time_delta_sensor_async.py
[2026-03-18T07:49:22.355+0000] {logging_mixin.py:188} INFO - [2026-03-18T07:49:22.355+0000] {dag.py:3036} INFO - Sync 1 DAGs
[2026-03-18T07:49:22.360+0000] {logging_mixin.py:188} INFO - [2026-03-18T07:49:22.360+0000] {dag.py:3823} INFO - Setting next_dagrun for example_time_delta_sensor_async to None, run_after=None
[2026-03-18T07:49:22.366+0000] {processor.py:183} INFO - Processing /home/airflow/.local/lib/python3.8/site-packages/airflow/example_dags/example_time_delta_sensor_async.py took 0.025 seconds
[2026-03-18T07:49:52.595+0000] {processor.py:161} INFO - Started process (PID=588) to work on /home/airflow/.local/lib/python3.8/site-packages/airflow/example_dags/example_time_delta_sensor_async.py
[2026-03-18T07:49:52.595+0000] {processor.py:830} INFO - Processing file /home/airflow/.local/lib/python3.8/site-packages/airflow/example_dags/example_time_delta_sensor_async.py for tasks to queue
[2026-03-18T07:49:52.597+0000] {logging_mixin.py:188} INFO - [2026-03-18T07:49:52.597+0000] {dagbag.py:538} INFO - Filling up the DagBag from /home/airflow/.local/lib/python3.8/site-packages/airflow/example_dags/example_time_delta_sensor_async.py
[2026-03-18T07:49:52.599+0000] {processor.py:840} INFO - DAG(s) 'example_time_delta_sensor_async' retrieved from /home/airflow/.local/lib/python3.8/site-packages/airflow/example_dags/example_time_delta_sensor_async.py
[2026-03-18T07:49:52.607+0000] {logging_mixin.py:188} INFO - [2026-03-18T07:49:52.607+0000] {dag.py:3036} INFO - Sync 1 DAGs
[2026-03-18T07:49:52.612+0000] {logging_mixin.py:188} INFO - [2026-03-18T07:49:52.612+0000] {dag.py:3823} INFO - Setting next_dagrun for example_time_delta_sensor_async to None, run_after=None
[2026-03-18T07:49:52.618+0000] {processor.py:183} INFO - Processing /home/airflow/.local/lib/python3.8/site-packages/airflow/example_dags/example_time_delta_sensor_async.py took 0.025 seconds
[2026-03-18T07:50:23.097+0000] {processor.py:161} INFO - Started process (PID=644) to work on /home/airflow/.local/lib/python3.8/site-packages/airflow/example_dags/example_time_delta_sensor_async.py
[2026-03-18T07:50:23.097+0000] {processor.py:830} INFO - Processing file /home/airflow/.local/lib/python3.8/site-packages/airflow/example_dags/example_time_delta_sensor_async.py for tasks to queue
[2026-03-18T07:50:23.098+0000] {logging_mixin.py:188} INFO - [2026-03-18T07:50:23.098+0000] {dagbag.py:538} INFO - Filling up the DagBag from /home/airflow/.local/lib/python3.8/site-packages/airflow/example_dags/example_time_delta_sensor_async.py
[2026-03-18T07:50:23.100+0000] {processor.py:840} INFO - DAG(s) 'example_time_delta_sensor_async' retrieved from /home/airflow/.local/lib/python3.8/site-packages/airflow/example_dags/example_time_delta_sensor_async.py
[2026-03-18T07:50:23.108+0000] {logging_mixin.py:188} INFO - [2026-03-18T07:50:23.108+0000] {dag.py:3036} INFO - Sync 1 DAGs
[2026-03-18T07:50:23.112+0000] {logging_mixin.py:188} INFO - [2026-03-18T07:50:23.112+0000] {dag.py:3823} INFO - Setting next_dagrun for example_time_delta_sensor_async to None, run_after=None
[2026-03-18T07:50:23.118+0000] {processor.py:183} INFO - Processing /home/airflow/.local/lib/python3.8/site-packages/airflow/example_dags/example_time_delta_sensor_async.py took 0.023 seconds
[2026-03-18T07:50:53.569+0000] {processor.py:161} INFO - Started process (PID=700) to work on /home/airflow/.local/lib/python3.8/site-packages/airflow/example_dags/example_time_delta_sensor_async.py
[2026-03-18T07:50:53.570+0000] {processor.py:830} INFO - Processing file /home/airflow/.local/lib/python3.8/site-packages/airflow/example_dags/example_time_delta_sensor_async.py for tasks to queue
[2026-03-18T07:50:53.571+0000] {logging_mixin.py:188} INFO - [2026-03-18T07:50:53.571+0000] {dagbag.py:538} INFO - Filling up the DagBag from /home/airflow/.local/lib/python3.8/site-packages/airflow/example_dags/example_time_delta_sensor_async.py
[2026-03-18T07:50:53.573+0000] {processor.py:840} INFO - DAG(s) 'example_time_delta_sensor_async' retrieved from /home/airflow/.local/lib/python3.8/site-packages/airflow/example_dags/example_time_delta_sensor_async.py
[2026-03-18T07:50:53.586+0000] {logging_mixin.py:188} INFO - [2026-03-18T07:50:53.586+0000] {dag.py:3036} INFO - Sync 1 DAGs
[2026-03-18T07:50:53.591+0000] {logging_mixin.py:188} INFO - [2026-03-18T07:50:53.590+0000] {dag.py:3823} INFO - Setting next_dagrun for example_time_delta_sensor_async to None, run_after=None
[2026-03-18T07:50:53.597+0000] {processor.py:183} INFO - Processing /home/airflow/.local/lib/python3.8/site-packages/airflow/example_dags/example_time_delta_sensor_async.py took 0.030 seconds
[2026-03-18T07:51:24.078+0000] {processor.py:161} INFO - Started process (PID=756) to work on /home/airflow/.local/lib/python3.8/site-packages/airflow/example_dags/example_time_delta_sensor_async.py
[2026-03-18T07:51:24.079+0000] {processor.py:830} INFO - Processing file /home/airflow/.local/lib/python3.8/site-packages/airflow/example_dags/example_time_delta_sensor_async.py for tasks to queue
[2026-03-18T07:51:24.080+0000] {logging_mixin.py:188} INFO - [2026-03-18T07:51:24.080+0000] {dagbag.py:538} INFO - Filling up the DagBag from /home/airflow/.local/lib/python3.8/site-packages/airflow/example_dags/example_time_delta_sensor_async.py
[2026-03-18T07:51:24.083+0000] {processor.py:840} INFO - DAG(s) 'example_time_delta_sensor_async' retrieved from /home/airflow/.local/lib/python3.8/site-packages/airflow/example_dags/example_time_delta_sensor_async.py
[2026-03-18T07:51:24.091+0000] {logging_mixin.py:188} INFO - [2026-03-18T07:51:24.091+0000] {dag.py:3036} INFO - Sync 1 DAGs
[2026-03-18T07:51:24.100+0000] {logging_mixin.py:188} INFO - [2026-03-18T07:51:24.100+0000] {dag.py:3823} INFO - Setting next_dagrun for example_time_delta_sensor_async to None, run_after=None
[2026-03-18T07:51:24.115+0000] {processor.py:183} INFO - Processing /home/airflow/.local/lib/python3.8/site-packages/airflow/example_dags/example_time_delta_sensor_async.py took 0.039 seconds
[2026-03-18T07:51:54.580+0000] {processor.py:161} INFO - Started process (PID=812) to work on /home/airflow/.local/lib/python3.8/site-packages/airflow/example_dags/example_time_delta_sensor_async.py
[2026-03-18T07:51:54.580+0000] {processor.py:830} INFO - Processing file /home/airflow/.local/lib/python3.8/site-packages/airflow/example_dags/example_time_delta_sensor_async.py for tasks to queue
[2026-03-18T07:51:54.581+0000] {logging_mixin.py:188} INFO - [2026-03-18T07:51:54.581+0000] {dagbag.py:538} INFO - Filling up the DagBag from /home/airflow/.local/lib/python3.8/site-packages/airflow/example_dags/example_time_delta_sensor_async.py
[2026-03-18T07:51:54.584+0000] {processor.py:840} INFO - DAG(s) 'example_time_delta_sensor_async' retrieved from /home/airflow/.local/lib/python3.8/site-packages/airflow/example_dags/example_time_delta_sensor_async.py
[2026-03-18T07:51:54.595+0000] {logging_mixin.py:188} INFO - [2026-03-18T07:51:54.595+0000] {dag.py:3036} INFO - Sync 1 DAGs
[2026-03-18T07:51:54.600+0000] {logging_mixin.py:188} INFO - [2026-03-18T07:51:54.600+0000] {dag.py:3823} INFO - Setting next_dagrun for example_time_delta_sensor_async to None, run_after=None
[2026-03-18T07:51:54.616+0000] {processor.py:183} INFO - Processing /home/airflow/.local/lib/python3.8/site-packages/airflow/example_dags/example_time_delta_sensor_async.py took 0.038 seconds
[2026-03-18T07:52:25.130+0000] {processor.py:161} INFO - Started process (PID=868) to work on /home/airflow/.local/lib/python3.8/site-packages/airflow/example_dags/example_time_delta_sensor_async.py
[2026-03-18T07:52:25.134+0000] {processor.py:830} INFO - Processing file /home/airflow/.local/lib/python3.8/site-packages/airflow/example_dags/example_time_delta_sensor_async.py for tasks to queue
[2026-03-18T07:52:25.135+0000] {logging_mixin.py:188} INFO - [2026-03-18T07:52:25.134+0000] {dagbag.py:538} INFO - Filling up the DagBag from /home/airflow/.local/lib/python3.8/site-packages/airflow/example_dags/example_time_delta_sensor_async.py
[2026-03-18T07:52:25.139+0000] {processor.py:840} INFO - DAG(s) 'example_time_delta_sensor_async' retrieved from /home/airflow/.local/lib/python3.8/site-packages/airflow/example_dags/example_time_delta_sensor_async.py
[2026-03-18T07:52:25.148+0000] {logging_mixin.py:188} INFO - [2026-03-18T07:52:25.148+0000] {dag.py:3036} INFO - Sync 1 DAGs
[2026-03-18T07:52:25.154+0000] {logging_mixin.py:188} INFO - [2026-03-18T07:52:25.154+0000] {dag.py:3823} INFO - Setting next_dagrun for example_time_delta_sensor_async to None, run_after=None
[2026-03-18T07:52:25.163+0000] {processor.py:183} INFO - Processing /home/airflow/.local/lib/python3.8/site-packages/airflow/example_dags/example_time_delta_sensor_async.py took 0.034 seconds
[2026-03-18T07:52:55.556+0000] {processor.py:161} INFO - Started process (PID=924) to work on /home/airflow/.local/lib/python3.8/site-packages/airflow/example_dags/example_time_delta_sensor_async.py
[2026-03-18T07:52:55.556+0000] {processor.py:830} INFO - Processing file /home/airflow/.local/lib/python3.8/site-packages/airflow/example_dags/example_time_delta_sensor_async.py for tasks to queue
[2026-03-18T07:52:55.558+0000] {logging_mixin.py:188} INFO - [2026-03-18T07:52:55.557+0000] {dagbag.py:538} INFO - Filling up the DagBag from /home/airflow/.local/lib/python3.8/site-packages/airflow/example_dags/example_time_delta_sensor_async.py
[2026-03-18T07:52:55.562+0000] {processor.py:840} INFO - DAG(s) 'example_time_delta_sensor_async' retrieved from /home/airflow/.local/lib/python3.8/site-packages/airflow/example_dags/example_time_delta_sensor_async.py
[2026-03-18T07:52:55.572+0000] {logging_mixin.py:188} INFO - [2026-03-18T07:52:55.572+0000] {dag.py:3036} INFO - Sync 1 DAGs
[2026-03-18T07:52:55.578+0000] {logging_mixin.py:188} INFO - [2026-03-18T07:52:55.578+0000] {dag.py:3823} INFO - Setting next_dagrun for example_time_delta_sensor_async to None, run_after=None
[2026-03-18T07:52:55.586+0000] {processor.py:183} INFO - Processing /home/airflow/.local/lib/python3.8/site-packages/airflow/example_dags/example_time_delta_sensor_async.py took 0.032 seconds
[2026-03-18T07:53:26.038+0000] {processor.py:161} INFO - Started process (PID=980) to work on /home/airflow/.local/lib/python3.8/site-packages/airflow/example_dags/example_time_delta_sensor_async.py
[2026-03-18T07:53:26.038+0000] {processor.py:830} INFO - Processing file /home/airflow/.local/lib/python3.8/site-packages/airflow/example_dags/example_time_delta_sensor_async.py for tasks to queue
[2026-03-18T07:53:26.040+0000] {logging_mixin.py:188} INFO - [2026-03-18T07:53:26.040+0000] {dagbag.py:538} INFO - Filling up the DagBag from /home/airflow/.local/lib/python3.8/site-packages/airflow/example_dags/example_time_delta_sensor_async.py
[2026-03-18T07:53:26.045+0000] {processor.py:840} INFO - DAG(s) 'example_time_delta_sensor_async' retrieved from /home/airflow/.local/lib/python3.8/site-packages/airflow/example_dags/example_time_delta_sensor_async.py
[2026-03-18T07:53:26.058+0000] {logging_mixin.py:188} INFO - [2026-03-18T07:53:26.058+0000] {dag.py:3036} INFO - Sync 1 DAGs
[2026-03-18T07:53:26.064+0000] {logging_mixin.py:188} INFO - [2026-03-18T07:53:26.064+0000] {dag.py:3823} INFO - Setting next_dagrun for example_time_delta_sensor_async to None, run_after=None
[2026-03-18T07:53:26.073+0000] {processor.py:183} INFO - Processing /home/airflow/.local/lib/python3.8/site-packages/airflow/example_dags/example_time_delta_sensor_async.py took 0.036 seconds
[2026-03-18T07:53:56.531+0000] {processor.py:161} INFO - Started process (PID=1036) to work on /home/airflow/.local/lib/python3.8/site-packages/airflow/example_dags/example_time_delta_sensor_async.py
[2026-03-18T07:53:56.533+0000] {processor.py:830} INFO - Processing file /home/airflow/.local/lib/python3.8/site-packages/airflow/example_dags/example_time_delta_sensor_async.py for tasks to queue
[2026-03-18T07:53:56.533+0000] {logging_mixin.py:188} INFO - [2026-03-18T07:53:56.533+0000] {dagbag.py:538} INFO - Filling up the DagBag from /home/airflow/.local/lib/python3.8/site-packages/airflow/example_dags/example_time_delta_sensor_async.py
[2026-03-18T07:53:56.536+0000] {processor.py:840} INFO - DAG(s) 'example_time_delta_sensor_async' retrieved from /home/airflow/.local/lib/python3.8/site-packages/airflow/example_dags/example_time_delta_sensor_async.py
[2026-03-18T07:53:56.546+0000] {logging_mixin.py:188} INFO - [2026-03-18T07:53:56.545+0000] {dag.py:3036} INFO - Sync 1 DAGs
[2026-03-18T07:53:56.553+0000] {logging_mixin.py:188} INFO - [2026-03-18T07:53:56.553+0000] {dag.py:3823} INFO - Setting next_dagrun for example_time_delta_sensor_async to None, run_after=None
[2026-03-18T07:53:56.568+0000] {processor.py:183} INFO - Processing /home/airflow/.local/lib/python3.8/site-packages/airflow/example_dags/example_time_delta_sensor_async.py took 0.038 seconds
[2026-03-18T07:54:26.966+0000] {processor.py:161} INFO - Started process (PID=1092) to work on /home/airflow/.local/lib/python3.8/site-packages/airflow/example_dags/example_time_delta_sensor_async.py
[2026-03-18T07:54:26.967+0000] {processor.py:830} INFO - Processing file /home/airflow/.local/lib/python3.8/site-packages/airflow/example_dags/example_time_delta_sensor_async.py for tasks to queue
[2026-03-18T07:54:26.968+0000] {logging_mixin.py:188} INFO - [2026-03-18T07:54:26.968+0000] {dagbag.py:538} INFO - Filling up the DagBag from /home/airflow/.local/lib/python3.8/site-packages/airflow/example_dags/example_time_delta_sensor_async.py
[2026-03-18T07:54:26.971+0000] {processor.py:840} INFO - DAG(s) 'example_time_delta_sensor_async' retrieved from /home/airflow/.local/lib/python3.8/site-packages/airflow/example_dags/example_time_delta_sensor_async.py
[2026-03-18T07:54:26.983+0000] {logging_mixin.py:188} INFO - [2026-03-18T07:54:26.983+0000] {dag.py:3036} INFO - Sync 1 DAGs
[2026-03-18T07:54:26.987+0000] {logging_mixin.py:188} INFO - [2026-03-18T07:54:26.987+0000] {dag.py:3823} INFO - Setting next_dagrun for example_time_delta_sensor_async to None, run_after=None
[2026-03-18T07:54:27.001+0000] {processor.py:183} INFO - Processing /home/airflow/.local/lib/python3.8/site-packages/airflow/example_dags/example_time_delta_sensor_async.py took 0.037 seconds
[2026-03-18T07:54:57.416+0000] {processor.py:161} INFO - Started process (PID=1148) to work on /home/airflow/.local/lib/python3.8/site-packages/airflow/example_dags/example_time_delta_sensor_async.py
[2026-03-18T07:54:57.417+0000] {processor.py:830} INFO - Processing file /home/airflow/.local/lib/python3.8/site-packages/airflow/example_dags/example_time_delta_sensor_async.py for tasks to queue
[2026-03-18T07:54:57.419+0000] {logging_mixin.py:188} INFO - [2026-03-18T07:54:57.419+0000] {dagbag.py:538} INFO - Filling up the DagBag from /home/airflow/.local/lib/python3.8/site-packages/airflow/example_dags/example_time_delta_sensor_async.py
[2026-03-18T07:54:57.422+0000] {processor.py:840} INFO - DAG(s) 'example_time_delta_sensor_async' retrieved from /home/airflow/.local/lib/python3.8/site-packages/airflow/example_dags/example_time_delta_sensor_async.py
[2026-03-18T07:54:57.437+0000] {logging_mixin.py:188} INFO - [2026-03-18T07:54:57.437+0000] {dag.py:3036} INFO - Sync 1 DAGs
[2026-03-18T07:54:57.443+0000] {logging_mixin.py:188} INFO - [2026-03-18T07:54:57.443+0000] {dag.py:3823} INFO - Setting next_dagrun for example_time_delta_sensor_async to None, run_after=None
[2026-03-18T07:54:57.451+0000] {processor.py:183} INFO - Processing /home/airflow/.local/lib/python3.8/site-packages/airflow/example_dags/example_time_delta_sensor_async.py took 0.037 seconds
[2026-03-18T07:55:27.860+0000] {processor.py:161} INFO - Started process (PID=1204) to work on /home/airflow/.local/lib/python3.8/site-packages/airflow/example_dags/example_time_delta_sensor_async.py
[2026-03-18T07:55:27.861+0000] {processor.py:830} INFO - Processing file /home/airflow/.local/lib/python3.8/site-packages/airflow/example_dags/example_time_delta_sensor_async.py for tasks to queue
[2026-03-18T07:55:27.862+0000] {logging_mixin.py:188} INFO - [2026-03-18T07:55:27.862+0000] {dagbag.py:538} INFO - Filling up the DagBag from /home/airflow/.local/lib/python3.8/site-packages/airflow/example_dags/example_time_delta_sensor_async.py
[2026-03-18T07:55:27.864+0000] {processor.py:840} INFO - DAG(s) 'example_time_delta_sensor_async' retrieved from /home/airflow/.local/lib/python3.8/site-packages/airflow/example_dags/example_time_delta_sensor_async.py
[2026-03-18T07:55:27.873+0000] {logging_mixin.py:188} INFO - [2026-03-18T07:55:27.873+0000] {dag.py:3036} INFO - Sync 1 DAGs
[2026-03-18T07:55:27.877+0000] {logging_mixin.py:188} INFO - [2026-03-18T07:55:27.877+0000] {dag.py:3823} INFO - Setting next_dagrun for example_time_delta_sensor_async to None, run_after=None
[2026-03-18T07:55:27.887+0000] {processor.py:183} INFO - Processing /home/airflow/.local/lib/python3.8/site-packages/airflow/example_dags/example_time_delta_sensor_async.py took 0.029 seconds
[2026-03-18T07:55:58.312+0000] {processor.py:161} INFO - Started process (PID=1260) to work on /home/airflow/.local/lib/python3.8/site-packages/airflow/example_dags/example_time_delta_sensor_async.py
[2026-03-18T07:55:58.313+0000] {processor.py:830} INFO - Processing file /home/airflow/.local/lib/python3.8/site-packages/airflow/example_dags/example_time_delta_sensor_async.py for tasks to queue
[2026-03-18T07:55:58.314+0000] {logging_mixin.py:188} INFO - [2026-03-18T07:55:58.313+0000] {dagbag.py:538} INFO - Filling up the DagBag from /home/airflow/.local/lib/python3.8/site-packages/airflow/example_dags/example_time_delta_sensor_async.py
[2026-03-18T07:55:58.316+0000] {processor.py:840} INFO - DAG(s) 'example_time_delta_sensor_async' retrieved from /home/airflow/.local/lib/python3.8/site-packages/airflow/example_dags/example_time_delta_sensor_async.py
[2026-03-18T07:55:58.327+0000] {logging_mixin.py:188} INFO - [2026-03-18T07:55:58.327+0000] {dag.py:3036} INFO - Sync 1 DAGs
[2026-03-18T07:55:58.332+0000] {logging_mixin.py:188} INFO - [2026-03-18T07:55:58.332+0000] {dag.py:3823} INFO - Setting next_dagrun for example_time_delta_sensor_async to None, run_after=None
[2026-03-18T07:55:58.339+0000] {processor.py:183} INFO - Processing /home/airflow/.local/lib/python3.8/site-packages/airflow/example_dags/example_time_delta_sensor_async.py took 0.029 seconds
[2026-03-18T07:56:28.707+0000] {processor.py:161} INFO - Started process (PID=1316) to work on /home/airflow/.local/lib/python3.8/site-packages/airflow/example_dags/example_time_delta_sensor_async.py
[2026-03-18T07:56:28.708+0000] {processor.py:830} INFO - Processing file /home/airflow/.local/lib/python3.8/site-packages/airflow/example_dags/example_time_delta_sensor_async.py for tasks to queue
[2026-03-18T07:56:28.709+0000] {logging_mixin.py:188} INFO - [2026-03-18T07:56:28.709+0000] {dagbag.py:538} INFO - Filling up the DagBag from /home/airflow/.local/lib/python3.8/site-packages/airflow/example_dags/example_time_delta_sensor_async.py
[2026-03-18T07:56:28.711+0000] {processor.py:840} INFO - DAG(s) 'example_time_delta_sensor_async' retrieved from /home/airflow/.local/lib/python3.8/site-packages/airflow/example_dags/example_time_delta_sensor_async.py
[2026-03-18T07:56:28.727+0000] {logging_mixin.py:188} INFO - [2026-03-18T07:56:28.726+0000] {dag.py:3036} INFO - Sync 1 DAGs
[2026-03-18T07:56:28.731+0000] {logging_mixin.py:188} INFO - [2026-03-18T07:56:28.731+0000] {dag.py:3823} INFO - Setting next_dagrun for example_time_delta_sensor_async to None, run_after=None
[2026-03-18T07:56:28.741+0000] {processor.py:183} INFO - Processing /home/airflow/.local/lib/python3.8/site-packages/airflow/example_dags/example_time_delta_sensor_async.py took 0.035 seconds
[2026-03-18T07:56:59.264+0000] {processor.py:161} INFO - Started process (PID=1372) to work on /home/airflow/.local/lib/python3.8/site-packages/airflow/example_dags/example_time_delta_sensor_async.py
[2026-03-18T07:56:59.265+0000] {processor.py:830} INFO - Processing file /home/airflow/.local/lib/python3.8/site-packages/airflow/example_dags/example_time_delta_sensor_async.py for tasks to queue
[2026-03-18T07:56:59.268+0000] {logging_mixin.py:188} INFO - [2026-03-18T07:56:59.268+0000] {dagbag.py:538} INFO - Filling up the DagBag from /home/airflow/.local/lib/python3.8/site-packages/airflow/example_dags/example_time_delta_sensor_async.py
[2026-03-18T07:56:59.271+0000] {processor.py:840} INFO - DAG(s) 'example_time_delta_sensor_async' retrieved from /home/airflow/.local/lib/python3.8/site-packages/airflow/example_dags/example_time_delta_sensor_async.py
[2026-03-18T07:56:59.283+0000] {logging_mixin.py:188} INFO - [2026-03-18T07:56:59.282+0000] {dag.py:3036} INFO - Sync 1 DAGs
[2026-03-18T07:56:59.288+0000] {logging_mixin.py:188} INFO - [2026-03-18T07:56:59.288+0000] {dag.py:3823} INFO - Setting next_dagrun for example_time_delta_sensor_async to None, run_after=None
[2026-03-18T07:56:59.300+0000] {processor.py:183} INFO - Processing /home/airflow/.local/lib/python3.8/site-packages/airflow/example_dags/example_time_delta_sensor_async.py took 0.037 seconds
[2026-03-18T07:57:29.707+0000] {processor.py:161} INFO - Started process (PID=1428) to work on /home/airflow/.local/lib/python3.8/site-packages/airflow/example_dags/example_time_delta_sensor_async.py
[2026-03-18T07:57:29.708+0000] {processor.py:830} INFO - Processing file /home/airflow/.local/lib/python3.8/site-packages/airflow/example_dags/example_time_delta_sensor_async.py for tasks to queue
[2026-03-18T07:57:29.710+0000] {logging_mixin.py:188} INFO - [2026-03-18T07:57:29.710+0000] {dagbag.py:538} INFO - Filling up the DagBag from /home/airflow/.local/lib/python3.8/site-packages/airflow/example_dags/example_time_delta_sensor_async.py
[2026-03-18T07:57:29.714+0000] {processor.py:840} INFO - DAG(s) 'example_time_delta_sensor_async' retrieved from /home/airflow/.local/lib/python3.8/site-packages/airflow/example_dags/example_time_delta_sensor_async.py
[2026-03-18T07:57:29.727+0000] {logging_mixin.py:188} INFO - [2026-03-18T07:57:29.727+0000] {dag.py:3036} INFO - Sync 1 DAGs
[2026-03-18T07:57:29.732+0000] {logging_mixin.py:188} INFO - [2026-03-18T07:57:29.732+0000] {dag.py:3823} INFO - Setting next_dagrun for example_time_delta_sensor_async to None, run_after=None
[2026-03-18T07:57:29.741+0000] {processor.py:183} INFO - Processing /home/airflow/.local/lib/python3.8/site-packages/airflow/example_dags/example_time_delta_sensor_async.py took 0.036 seconds
[2026-03-18T07:58:00.258+0000] {processor.py:161} INFO - Started process (PID=1484) to work on /home/airflow/.local/lib/python3.8/site-packages/airflow/example_dags/example_time_delta_sensor_async.py
[2026-03-18T07:58:00.259+0000] {processor.py:830} INFO - Processing file /home/airflow/.local/lib/python3.8/site-packages/airflow/example_dags/example_time_delta_sensor_async.py for tasks to queue
[2026-03-18T07:58:00.260+0000] {logging_mixin.py:188} INFO - [2026-03-18T07:58:00.260+0000] {dagbag.py:538} INFO - Filling up the DagBag from /home/airflow/.local/lib/python3.8/site-packages/airflow/example_dags/example_time_delta_sensor_async.py
[2026-03-18T07:58:00.262+0000] {processor.py:840} INFO - DAG(s) 'example_time_delta_sensor_async' retrieved from /home/airflow/.local/lib/python3.8/site-packages/airflow/example_dags/example_time_delta_sensor_async.py
[2026-03-18T07:58:00.273+0000] {logging_mixin.py:188} INFO - [2026-03-18T07:58:00.273+0000] {dag.py:3036} INFO - Sync 1 DAGs
[2026-03-18T07:58:00.278+0000] {logging_mixin.py:188} INFO - [2026-03-18T07:58:00.278+0000] {dag.py:3823} INFO - Setting next_dagrun for example_time_delta_sensor_async to None, run_after=None
[2026-03-18T07:58:00.285+0000] {processor.py:183} INFO - Processing /home/airflow/.local/lib/python3.8/site-packages/airflow/example_dags/example_time_delta_sensor_async.py took 0.029 seconds
[2026-03-18T07:58:30.715+0000] {processor.py:161} INFO - Started process (PID=1540) to work on /home/airflow/.local/lib/python3.8/site-packages/airflow/example_dags/example_time_delta_sensor_async.py
[2026-03-18T07:58:30.715+0000] {processor.py:830} INFO - Processing file /home/airflow/.local/lib/python3.8/site-packages/airflow/example_dags/example_time_delta_sensor_async.py for tasks to queue
[2026-03-18T07:58:30.716+0000] {logging_mixin.py:188} INFO - [2026-03-18T07:58:30.716+0000] {dagbag.py:538} INFO - Filling up the DagBag from /home/airflow/.local/lib/python3.8/site-packages/airflow/example_dags/example_time_delta_sensor_async.py
[2026-03-18T07:58:30.718+0000] {processor.py:840} INFO - DAG(s) 'example_time_delta_sensor_async' retrieved from /home/airflow/.local/lib/python3.8/site-packages/airflow/example_dags/example_time_delta_sensor_async.py
[2026-03-18T07:58:30.726+0000] {logging_mixin.py:188} INFO - [2026-03-18T07:58:30.726+0000] {dag.py:3036} INFO - Sync 1 DAGs
[2026-03-18T07:58:30.731+0000] {logging_mixin.py:188} INFO - [2026-03-18T07:58:30.731+0000] {dag.py:3823} INFO - Setting next_dagrun for example_time_delta_sensor_async to None, run_after=None
[2026-03-18T07:58:30.737+0000] {processor.py:183} INFO - Processing /home/airflow/.local/lib/python3.8/site-packages/airflow/example_dags/example_time_delta_sensor_async.py took 0.024 seconds
[2026-03-18T07:59:01.275+0000] {processor.py:161} INFO - Started process (PID=1596) to work on /home/airflow/.local/lib/python3.8/site-packages/airflow/example_dags/example_time_delta_sensor_async.py
[2026-03-18T07:59:01.275+0000] {processor.py:830} INFO - Processing file /home/airflow/.local/lib/python3.8/site-packages/airflow/example_dags/example_time_delta_sensor_async.py for tasks to queue
[2026-03-18T07:59:01.276+0000] {logging_mixin.py:188} INFO - [2026-03-18T07:59:01.276+0000] {dagbag.py:538} INFO - Filling up the DagBag from /home/airflow/.local/lib/python3.8/site-packages/airflow/example_dags/example_time_delta_sensor_async.py
[2026-03-18T07:59:01.278+0000] {processor.py:840} INFO - DAG(s) 'example_time_delta_sensor_async' retrieved from /home/airflow/.local/lib/python3.8/site-packages/airflow/example_dags/example_time_delta_sensor_async.py
[2026-03-18T07:59:01.290+0000] {logging_mixin.py:188} INFO - [2026-03-18T07:59:01.290+0000] {dag.py:3036} INFO - Sync 1 DAGs
[2026-03-18T07:59:01.296+0000] {logging_mixin.py:188} INFO - [2026-03-18T07:59:01.295+0000] {dag.py:3823} INFO - Setting next_dagrun for example_time_delta_sensor_async to None, run_after=None
[2026-03-18T07:59:01.310+0000] {processor.py:183} INFO - Processing /home/airflow/.local/lib/python3.8/site-packages/airflow/example_dags/example_time_delta_sensor_async.py took 0.037 seconds
[2026-03-18T07:59:31.791+0000] {processor.py:161} INFO - Started process (PID=1652) to work on /home/airflow/.local/lib/python3.8/site-packages/airflow/example_dags/example_time_delta_sensor_async.py
[2026-03-18T07:59:31.792+0000] {processor.py:830} INFO - Processing file /home/airflow/.local/lib/python3.8/site-packages/airflow/example_dags/example_time_delta_sensor_async.py for tasks to queue
[2026-03-18T07:59:31.793+0000] {logging_mixin.py:188} INFO - [2026-03-18T07:59:31.793+0000] {dagbag.py:538} INFO - Filling up the DagBag from /home/airflow/.local/lib/python3.8/site-packages/airflow/example_dags/example_time_delta_sensor_async.py
[2026-03-18T07:59:31.795+0000] {processor.py:840} INFO - DAG(s) 'example_time_delta_sensor_async' retrieved from /home/airflow/.local/lib/python3.8/site-packages/airflow/example_dags/example_time_delta_sensor_async.py
[2026-03-18T07:59:31.812+0000] {logging_mixin.py:188} INFO - [2026-03-18T07:59:31.812+0000] {dag.py:3036} INFO - Sync 1 DAGs
[2026-03-18T07:59:31.819+0000] {logging_mixin.py:188} INFO - [2026-03-18T07:59:31.819+0000] {dag.py:3823} INFO - Setting next_dagrun for example_time_delta_sensor_async to None, run_after=None
[2026-03-18T07:59:31.828+0000] {processor.py:183} INFO - Processing /home/airflow/.local/lib/python3.8/site-packages/airflow/example_dags/example_time_delta_sensor_async.py took 0.039 seconds
[2026-03-18T08:00:02.436+0000] {processor.py:161} INFO - Started process (PID=88) to work on /home/airflow/.local/lib/python3.8/site-packages/airflow/example_dags/example_time_delta_sensor_async.py
[2026-03-18T08:00:02.436+0000] {processor.py:830} INFO - Processing file /home/airflow/.local/lib/python3.8/site-packages/airflow/example_dags/example_time_delta_sensor_async.py for tasks to queue
[2026-03-18T08:00:02.437+0000] {logging_mixin.py:188} INFO - [2026-03-18T08:00:02.437+0000] {dagbag.py:538} INFO - Filling up the DagBag from /home/airflow/.local/lib/python3.8/site-packages/airflow/example_dags/example_time_delta_sensor_async.py
[2026-03-18T08:00:02.440+0000] {processor.py:840} INFO - DAG(s) 'example_time_delta_sensor_async' retrieved from /home/airflow/.local/lib/python3.8/site-packages/airflow/example_dags/example_time_delta_sensor_async.py
[2026-03-18T08:00:02.452+0000] {logging_mixin.py:188} INFO - [2026-03-18T08:00:02.452+0000] {dag.py:3036} INFO - Sync 1 DAGs
[2026-03-18T08:00:02.458+0000] {logging_mixin.py:188} INFO - [2026-03-18T08:00:02.457+0000] {dag.py:3823} INFO - Setting next_dagrun for example_time_delta_sensor_async to None, run_after=None
[2026-03-18T08:00:02.472+0000] {processor.py:183} INFO - Processing /home/airflow/.local/lib/python3.8/site-packages/airflow/example_dags/example_time_delta_sensor_async.py took 0.039 seconds
[2026-03-18T08:00:33.152+0000] {processor.py:161} INFO - Started process (PID=143) to work on /home/airflow/.local/lib/python3.8/site-packages/airflow/example_dags/example_time_delta_sensor_async.py
[2026-03-18T08:00:33.154+0000] {processor.py:830} INFO - Processing file /home/airflow/.local/lib/python3.8/site-packages/airflow/example_dags/example_time_delta_sensor_async.py for tasks to queue
[2026-03-18T08:00:33.155+0000] {logging_mixin.py:188} INFO - [2026-03-18T08:00:33.155+0000] {dagbag.py:538} INFO - Filling up the DagBag from /home/airflow/.local/lib/python3.8/site-packages/airflow/example_dags/example_time_delta_sensor_async.py
[2026-03-18T08:00:33.157+0000] {processor.py:840} INFO - DAG(s) 'example_time_delta_sensor_async' retrieved from /home/airflow/.local/lib/python3.8/site-packages/airflow/example_dags/example_time_delta_sensor_async.py
[2026-03-18T08:00:33.201+0000] {logging_mixin.py:188} INFO - [2026-03-18T08:00:33.201+0000] {dag.py:3036} INFO - Sync 1 DAGs
[2026-03-18T08:00:33.204+0000] {logging_mixin.py:188} INFO - [2026-03-18T08:00:33.204+0000] {dag.py:3823} INFO - Setting next_dagrun for example_time_delta_sensor_async to None, run_after=None
[2026-03-18T08:00:33.211+0000] {processor.py:183} INFO - Processing /home/airflow/.local/lib/python3.8/site-packages/airflow/example_dags/example_time_delta_sensor_async.py took 0.061 seconds
[2026-03-18T08:01:03.767+0000] {processor.py:161} INFO - Started process (PID=199) to work on /home/airflow/.local/lib/python3.8/site-packages/airflow/example_dags/example_time_delta_sensor_async.py
[2026-03-18T08:01:03.768+0000] {processor.py:830} INFO - Processing file /home/airflow/.local/lib/python3.8/site-packages/airflow/example_dags/example_time_delta_sensor_async.py for tasks to queue
[2026-03-18T08:01:03.769+0000] {logging_mixin.py:188} INFO - [2026-03-18T08:01:03.769+0000] {dagbag.py:538} INFO - Filling up the DagBag from /home/airflow/.local/lib/python3.8/site-packages/airflow/example_dags/example_time_delta_sensor_async.py
[2026-03-18T08:01:03.771+0000] {processor.py:840} INFO - DAG(s) 'example_time_delta_sensor_async' retrieved from /home/airflow/.local/lib/python3.8/site-packages/airflow/example_dags/example_time_delta_sensor_async.py
[2026-03-18T08:01:03.783+0000] {logging_mixin.py:188} INFO - [2026-03-18T08:01:03.783+0000] {dag.py:3036} INFO - Sync 1 DAGs
[2026-03-18T08:01:03.788+0000] {logging_mixin.py:188} INFO - [2026-03-18T08:01:03.788+0000] {dag.py:3823} INFO - Setting next_dagrun for example_time_delta_sensor_async to None, run_after=None
[2026-03-18T08:01:03.801+0000] {processor.py:183} INFO - Processing /home/airflow/.local/lib/python3.8/site-packages/airflow/example_dags/example_time_delta_sensor_async.py took 0.035 seconds
[2026-03-18T08:01:34.222+0000] {processor.py:161} INFO - Started process (PID=255) to work on /home/airflow/.local/lib/python3.8/site-packages/airflow/example_dags/example_time_delta_sensor_async.py
[2026-03-18T08:01:34.223+0000] {processor.py:830} INFO - Processing file /home/airflow/.local/lib/python3.8/site-packages/airflow/example_dags/example_time_delta_sensor_async.py for tasks to queue
[2026-03-18T08:01:34.224+0000] {logging_mixin.py:188} INFO - [2026-03-18T08:01:34.224+0000] {dagbag.py:538} INFO - Filling up the DagBag from /home/airflow/.local/lib/python3.8/site-packages/airflow/example_dags/example_time_delta_sensor_async.py
[2026-03-18T08:01:34.226+0000] {processor.py:840} INFO - DAG(s) 'example_time_delta_sensor_async' retrieved from /home/airflow/.local/lib/python3.8/site-packages/airflow/example_dags/example_time_delta_sensor_async.py
[2026-03-18T08:01:34.237+0000] {logging_mixin.py:188} INFO - [2026-03-18T08:01:34.237+0000] {dag.py:3036} INFO - Sync 1 DAGs
[2026-03-18T08:01:34.242+0000] {logging_mixin.py:188} INFO - [2026-03-18T08:01:34.242+0000] {dag.py:3823} INFO - Setting next_dagrun for example_time_delta_sensor_async to None, run_after=None
[2026-03-18T08:01:34.249+0000] {processor.py:183} INFO - Processing /home/airflow/.local/lib/python3.8/site-packages/airflow/example_dags/example_time_delta_sensor_async.py took 0.028 seconds
[2026-03-18T08:02:04.842+0000] {processor.py:161} INFO - Started process (PID=310) to work on /home/airflow/.local/lib/python3.8/site-packages/airflow/example_dags/example_time_delta_sensor_async.py
[2026-03-18T08:02:04.842+0000] {processor.py:830} INFO - Processing file /home/airflow/.local/lib/python3.8/site-packages/airflow/example_dags/example_time_delta_sensor_async.py for tasks to queue
[2026-03-18T08:02:04.843+0000] {logging_mixin.py:188} INFO - [2026-03-18T08:02:04.843+0000] {dagbag.py:538} INFO - Filling up the DagBag from /home/airflow/.local/lib/python3.8/site-packages/airflow/example_dags/example_time_delta_sensor_async.py
[2026-03-18T08:02:04.845+0000] {processor.py:840} INFO - DAG(s) 'example_time_delta_sensor_async' retrieved from /home/airflow/.local/lib/python3.8/site-packages/airflow/example_dags/example_time_delta_sensor_async.py
[2026-03-18T08:02:04.854+0000] {logging_mixin.py:188} INFO - [2026-03-18T08:02:04.854+0000] {dag.py:3036} INFO - Sync 1 DAGs
[2026-03-18T08:02:04.859+0000] {logging_mixin.py:188} INFO - [2026-03-18T08:02:04.859+0000] {dag.py:3823} INFO - Setting next_dagrun for example_time_delta_sensor_async to None, run_after=None
[2026-03-18T08:02:04.872+0000] {processor.py:183} INFO - Processing /home/airflow/.local/lib/python3.8/site-packages/airflow/example_dags/example_time_delta_sensor_async.py took 0.032 seconds
[2026-03-18T08:02:35.391+0000] {processor.py:161} INFO - Started process (PID=366) to work on /home/airflow/.local/lib/python3.8/site-packages/airflow/example_dags/example_time_delta_sensor_async.py
[2026-03-18T08:02:35.392+0000] {processor.py:830} INFO - Processing file /home/airflow/.local/lib/python3.8/site-packages/airflow/example_dags/example_time_delta_sensor_async.py for tasks to queue
[2026-03-18T08:02:35.394+0000] {logging_mixin.py:188} INFO - [2026-03-18T08:02:35.394+0000] {dagbag.py:538} INFO - Filling up the DagBag from /home/airflow/.local/lib/python3.8/site-packages/airflow/example_dags/example_time_delta_sensor_async.py
[2026-03-18T08:02:35.399+0000] {processor.py:840} INFO - DAG(s) 'example_time_delta_sensor_async' retrieved from /home/airflow/.local/lib/python3.8/site-packages/airflow/example_dags/example_time_delta_sensor_async.py
[2026-03-18T08:02:35.413+0000] {logging_mixin.py:188} INFO - [2026-03-18T08:02:35.413+0000] {dag.py:3036} INFO - Sync 1 DAGs
[2026-03-18T08:02:35.419+0000] {logging_mixin.py:188} INFO - [2026-03-18T08:02:35.419+0000] {dag.py:3823} INFO - Setting next_dagrun for example_time_delta_sensor_async to None, run_after=None
[2026-03-18T08:02:35.429+0000] {processor.py:183} INFO - Processing /home/airflow/.local/lib/python3.8/site-packages/airflow/example_dags/example_time_delta_sensor_async.py took 0.039 seconds
[2026-03-18T08:03:06.034+0000] {processor.py:161} INFO - Started process (PID=428) to work on /home/airflow/.local/lib/python3.8/site-packages/airflow/example_dags/example_time_delta_sensor_async.py
[2026-03-18T08:03:06.034+0000] {processor.py:830} INFO - Processing file /home/airflow/.local/lib/python3.8/site-packages/airflow/example_dags/example_time_delta_sensor_async.py for tasks to queue
[2026-03-18T08:03:06.035+0000] {logging_mixin.py:188} INFO - [2026-03-18T08:03:06.035+0000] {dagbag.py:538} INFO - Filling up the DagBag from /home/airflow/.local/lib/python3.8/site-packages/airflow/example_dags/example_time_delta_sensor_async.py
[2026-03-18T08:03:06.037+0000] {processor.py:840} INFO - DAG(s) 'example_time_delta_sensor_async' retrieved from /home/airflow/.local/lib/python3.8/site-packages/airflow/example_dags/example_time_delta_sensor_async.py
[2026-03-18T08:03:06.045+0000] {logging_mixin.py:188} INFO - [2026-03-18T08:03:06.045+0000] {dag.py:3036} INFO - Sync 1 DAGs
[2026-03-18T08:03:06.050+0000] {logging_mixin.py:188} INFO - [2026-03-18T08:03:06.050+0000] {dag.py:3823} INFO - Setting next_dagrun for example_time_delta_sensor_async to None, run_after=None
[2026-03-18T08:03:06.062+0000] {processor.py:183} INFO - Processing /home/airflow/.local/lib/python3.8/site-packages/airflow/example_dags/example_time_delta_sensor_async.py took 0.030 seconds
[2026-03-18T08:03:36.612+0000] {processor.py:161} INFO - Started process (PID=484) to work on /home/airflow/.local/lib/python3.8/site-packages/airflow/example_dags/example_time_delta_sensor_async.py
[2026-03-18T08:03:36.613+0000] {processor.py:830} INFO - Processing file /home/airflow/.local/lib/python3.8/site-packages/airflow/example_dags/example_time_delta_sensor_async.py for tasks to queue
[2026-03-18T08:03:36.614+0000] {logging_mixin.py:188} INFO - [2026-03-18T08:03:36.614+0000] {dagbag.py:538} INFO - Filling up the DagBag from /home/airflow/.local/lib/python3.8/site-packages/airflow/example_dags/example_time_delta_sensor_async.py
[2026-03-18T08:03:36.617+0000] {processor.py:840} INFO - DAG(s) 'example_time_delta_sensor_async' retrieved from /home/airflow/.local/lib/python3.8/site-packages/airflow/example_dags/example_time_delta_sensor_async.py
[2026-03-18T08:03:36.629+0000] {logging_mixin.py:188} INFO - [2026-03-18T08:03:36.628+0000] {dag.py:3036} INFO - Sync 1 DAGs
[2026-03-18T08:03:36.633+0000] {logging_mixin.py:188} INFO - [2026-03-18T08:03:36.633+0000] {dag.py:3823} INFO - Setting next_dagrun for example_time_delta_sensor_async to None, run_after=None
[2026-03-18T08:03:36.641+0000] {processor.py:183} INFO - Processing /home/airflow/.local/lib/python3.8/site-packages/airflow/example_dags/example_time_delta_sensor_async.py took 0.032 seconds
[2026-03-18T08:04:07.193+0000] {processor.py:161} INFO - Started process (PID=540) to work on /home/airflow/.local/lib/python3.8/site-packages/airflow/example_dags/example_time_delta_sensor_async.py
[2026-03-18T08:04:07.196+0000] {processor.py:830} INFO - Processing file /home/airflow/.local/lib/python3.8/site-packages/airflow/example_dags/example_time_delta_sensor_async.py for tasks to queue
[2026-03-18T08:04:07.200+0000] {logging_mixin.py:188} INFO - [2026-03-18T08:04:07.200+0000] {dagbag.py:538} INFO - Filling up the DagBag from /home/airflow/.local/lib/python3.8/site-packages/airflow/example_dags/example_time_delta_sensor_async.py
[2026-03-18T08:04:07.202+0000] {processor.py:840} INFO - DAG(s) 'example_time_delta_sensor_async' retrieved from /home/airflow/.local/lib/python3.8/site-packages/airflow/example_dags/example_time_delta_sensor_async.py
[2026-03-18T08:04:07.214+0000] {logging_mixin.py:188} INFO - [2026-03-18T08:04:07.213+0000] {dag.py:3036} INFO - Sync 1 DAGs
[2026-03-18T08:04:07.219+0000] {logging_mixin.py:188} INFO - [2026-03-18T08:04:07.219+0000] {dag.py:3823} INFO - Setting next_dagrun for example_time_delta_sensor_async to None, run_after=None
[2026-03-18T08:04:07.229+0000] {processor.py:183} INFO - Processing /home/airflow/.local/lib/python3.8/site-packages/airflow/example_dags/example_time_delta_sensor_async.py took 0.038 seconds
[2026-03-18T08:04:30.219+0000] {processor.py:161} INFO - Started process (PID=88) to work on /home/airflow/.local/lib/python3.8/site-packages/airflow/example_dags/example_time_delta_sensor_async.py
[2026-03-18T08:04:30.220+0000] {processor.py:830} INFO - Processing file /home/airflow/.local/lib/python3.8/site-packages/airflow/example_dags/example_time_delta_sensor_async.py for tasks to queue
[2026-03-18T08:04:30.223+0000] {logging_mixin.py:188} INFO - [2026-03-18T08:04:30.223+0000] {dagbag.py:538} INFO - Filling up the DagBag from /home/airflow/.local/lib/python3.8/site-packages/airflow/example_dags/example_time_delta_sensor_async.py
[2026-03-18T08:04:30.232+0000] {processor.py:840} INFO - DAG(s) 'example_time_delta_sensor_async' retrieved from /home/airflow/.local/lib/python3.8/site-packages/airflow/example_dags/example_time_delta_sensor_async.py
[2026-03-18T08:04:30.239+0000] {logging_mixin.py:188} INFO - [2026-03-18T08:04:30.239+0000] {dag.py:3036} INFO - Sync 1 DAGs
[2026-03-18T08:04:30.247+0000] {logging_mixin.py:188} INFO - [2026-03-18T08:04:30.246+0000] {dag.py:3823} INFO - Setting next_dagrun for example_time_delta_sensor_async to None, run_after=None
[2026-03-18T08:04:30.258+0000] {processor.py:183} INFO - Processing /home/airflow/.local/lib/python3.8/site-packages/airflow/example_dags/example_time_delta_sensor_async.py took 0.042 seconds
[2026-03-18T08:05:00.918+0000] {processor.py:161} INFO - Started process (PID=144) to work on /home/airflow/.local/lib/python3.8/site-packages/airflow/example_dags/example_time_delta_sensor_async.py
[2026-03-18T08:05:00.919+0000] {processor.py:830} INFO - Processing file /home/airflow/.local/lib/python3.8/site-packages/airflow/example_dags/example_time_delta_sensor_async.py for tasks to queue
[2026-03-18T08:05:00.919+0000] {logging_mixin.py:188} INFO - [2026-03-18T08:05:00.919+0000] {dagbag.py:538} INFO - Filling up the DagBag from /home/airflow/.local/lib/python3.8/site-packages/airflow/example_dags/example_time_delta_sensor_async.py
[2026-03-18T08:05:00.922+0000] {processor.py:840} INFO - DAG(s) 'example_time_delta_sensor_async' retrieved from /home/airflow/.local/lib/python3.8/site-packages/airflow/example_dags/example_time_delta_sensor_async.py
[2026-03-18T08:05:00.966+0000] {logging_mixin.py:188} INFO - [2026-03-18T08:05:00.966+0000] {dag.py:3036} INFO - Sync 1 DAGs
[2026-03-18T08:05:00.972+0000] {logging_mixin.py:188} INFO - [2026-03-18T08:05:00.972+0000] {dag.py:3823} INFO - Setting next_dagrun for example_time_delta_sensor_async to None, run_after=None
[2026-03-18T08:05:00.986+0000] {processor.py:183} INFO - Processing /home/airflow/.local/lib/python3.8/site-packages/airflow/example_dags/example_time_delta_sensor_async.py took 0.069 seconds
[2026-03-18T08:05:31.861+0000] {processor.py:161} INFO - Started process (PID=199) to work on /home/airflow/.local/lib/python3.8/site-packages/airflow/example_dags/example_time_delta_sensor_async.py
[2026-03-18T08:05:31.862+0000] {processor.py:830} INFO - Processing file /home/airflow/.local/lib/python3.8/site-packages/airflow/example_dags/example_time_delta_sensor_async.py for tasks to queue
[2026-03-18T08:05:31.864+0000] {logging_mixin.py:188} INFO - [2026-03-18T08:05:31.863+0000] {dagbag.py:538} INFO - Filling up the DagBag from /home/airflow/.local/lib/python3.8/site-packages/airflow/example_dags/example_time_delta_sensor_async.py
[2026-03-18T08:05:31.869+0000] {processor.py:840} INFO - DAG(s) 'example_time_delta_sensor_async' retrieved from /home/airflow/.local/lib/python3.8/site-packages/airflow/example_dags/example_time_delta_sensor_async.py
[2026-03-18T08:05:31.890+0000] {logging_mixin.py:188} INFO - [2026-03-18T08:05:31.890+0000] {dag.py:3036} INFO - Sync 1 DAGs
[2026-03-18T08:05:31.901+0000] {logging_mixin.py:188} INFO - [2026-03-18T08:05:31.900+0000] {dag.py:3823} INFO - Setting next_dagrun for example_time_delta_sensor_async to None, run_after=None
[2026-03-18T08:05:31.917+0000] {processor.py:183} INFO - Processing /home/airflow/.local/lib/python3.8/site-packages/airflow/example_dags/example_time_delta_sensor_async.py took 0.058 seconds
[2026-03-18T08:06:15.603+0000] {processor.py:161} INFO - Started process (PID=134) to work on /home/airflow/.local/lib/python3.8/site-packages/airflow/example_dags/example_time_delta_sensor_async.py
[2026-03-18T08:06:15.604+0000] {processor.py:830} INFO - Processing file /home/airflow/.local/lib/python3.8/site-packages/airflow/example_dags/example_time_delta_sensor_async.py for tasks to queue
[2026-03-18T08:06:15.605+0000] {logging_mixin.py:188} INFO - [2026-03-18T08:06:15.605+0000] {dagbag.py:538} INFO - Filling up the DagBag from /home/airflow/.local/lib/python3.8/site-packages/airflow/example_dags/example_time_delta_sensor_async.py
[2026-03-18T08:06:15.608+0000] {processor.py:840} INFO - DAG(s) 'example_time_delta_sensor_async' retrieved from /home/airflow/.local/lib/python3.8/site-packages/airflow/example_dags/example_time_delta_sensor_async.py
[2026-03-18T08:06:15.655+0000] {logging_mixin.py:188} INFO - [2026-03-18T08:06:15.655+0000] {dag.py:3036} INFO - Sync 1 DAGs
[2026-03-18T08:06:15.661+0000] {logging_mixin.py:188} INFO - [2026-03-18T08:06:15.661+0000] {dag.py:3823} INFO - Setting next_dagrun for example_time_delta_sensor_async to None, run_after=None
[2026-03-18T08:06:15.673+0000] {processor.py:183} INFO - Processing /home/airflow/.local/lib/python3.8/site-packages/airflow/example_dags/example_time_delta_sensor_async.py took 0.071 seconds
[2026-03-18T08:06:46.026+0000] {processor.py:161} INFO - Started process (PID=196) to work on /home/airflow/.local/lib/python3.8/site-packages/airflow/example_dags/example_time_delta_sensor_async.py
[2026-03-18T08:06:46.027+0000] {processor.py:830} INFO - Processing file /home/airflow/.local/lib/python3.8/site-packages/airflow/example_dags/example_time_delta_sensor_async.py for tasks to queue
[2026-03-18T08:06:46.028+0000] {logging_mixin.py:188} INFO - [2026-03-18T08:06:46.028+0000] {dagbag.py:538} INFO - Filling up the DagBag from /home/airflow/.local/lib/python3.8/site-packages/airflow/example_dags/example_time_delta_sensor_async.py
[2026-03-18T08:06:46.031+0000] {processor.py:840} INFO - DAG(s) 'example_time_delta_sensor_async' retrieved from /home/airflow/.local/lib/python3.8/site-packages/airflow/example_dags/example_time_delta_sensor_async.py
[2026-03-18T08:06:46.042+0000] {logging_mixin.py:188} INFO - [2026-03-18T08:06:46.042+0000] {dag.py:3036} INFO - Sync 1 DAGs
[2026-03-18T08:06:46.047+0000] {logging_mixin.py:188} INFO - [2026-03-18T08:06:46.047+0000] {dag.py:3823} INFO - Setting next_dagrun for example_time_delta_sensor_async to None, run_after=None
[2026-03-18T08:06:46.055+0000] {processor.py:183} INFO - Processing /home/airflow/.local/lib/python3.8/site-packages/airflow/example_dags/example_time_delta_sensor_async.py took 0.031 seconds
[2026-03-18T08:07:16.581+0000] {processor.py:161} INFO - Started process (PID=252) to work on /home/airflow/.local/lib/python3.8/site-packages/airflow/example_dags/example_time_delta_sensor_async.py
[2026-03-18T08:07:16.581+0000] {processor.py:830} INFO - Processing file /home/airflow/.local/lib/python3.8/site-packages/airflow/example_dags/example_time_delta_sensor_async.py for tasks to queue
[2026-03-18T08:07:16.583+0000] {logging_mixin.py:188} INFO - [2026-03-18T08:07:16.582+0000] {dagbag.py:538} INFO - Filling up the DagBag from /home/airflow/.local/lib/python3.8/site-packages/airflow/example_dags/example_time_delta_sensor_async.py
[2026-03-18T08:07:16.586+0000] {processor.py:840} INFO - DAG(s) 'example_time_delta_sensor_async' retrieved from /home/airflow/.local/lib/python3.8/site-packages/airflow/example_dags/example_time_delta_sensor_async.py
[2026-03-18T08:07:16.600+0000] {logging_mixin.py:188} INFO - [2026-03-18T08:07:16.600+0000] {dag.py:3036} INFO - Sync 1 DAGs
[2026-03-18T08:07:16.607+0000] {logging_mixin.py:188} INFO - [2026-03-18T08:07:16.607+0000] {dag.py:3823} INFO - Setting next_dagrun for example_time_delta_sensor_async to None, run_after=None
[2026-03-18T08:07:16.620+0000] {processor.py:183} INFO - Processing /home/airflow/.local/lib/python3.8/site-packages/airflow/example_dags/example_time_delta_sensor_async.py took 0.041 seconds
[2026-03-18T08:07:47.088+0000] {processor.py:161} INFO - Started process (PID=308) to work on /home/airflow/.local/lib/python3.8/site-packages/airflow/example_dags/example_time_delta_sensor_async.py
[2026-03-18T08:07:47.089+0000] {processor.py:830} INFO - Processing file /home/airflow/.local/lib/python3.8/site-packages/airflow/example_dags/example_time_delta_sensor_async.py for tasks to queue
[2026-03-18T08:07:47.090+0000] {logging_mixin.py:188} INFO - [2026-03-18T08:07:47.090+0000] {dagbag.py:538} INFO - Filling up the DagBag from /home/airflow/.local/lib/python3.8/site-packages/airflow/example_dags/example_time_delta_sensor_async.py
[2026-03-18T08:07:47.092+0000] {processor.py:840} INFO - DAG(s) 'example_time_delta_sensor_async' retrieved from /home/airflow/.local/lib/python3.8/site-packages/airflow/example_dags/example_time_delta_sensor_async.py
[2026-03-18T08:07:47.100+0000] {logging_mixin.py:188} INFO - [2026-03-18T08:07:47.100+0000] {dag.py:3036} INFO - Sync 1 DAGs
[2026-03-18T08:07:47.104+0000] {logging_mixin.py:188} INFO - [2026-03-18T08:07:47.104+0000] {dag.py:3823} INFO - Setting next_dagrun for example_time_delta_sensor_async to None, run_after=None
[2026-03-18T08:07:47.110+0000] {processor.py:183} INFO - Processing /home/airflow/.local/lib/python3.8/site-packages/airflow/example_dags/example_time_delta_sensor_async.py took 0.023 seconds
[2026-03-18T08:08:17.628+0000] {processor.py:161} INFO - Started process (PID=364) to work on /home/airflow/.local/lib/python3.8/site-packages/airflow/example_dags/example_time_delta_sensor_async.py
[2026-03-18T08:08:17.629+0000] {processor.py:830} INFO - Processing file /home/airflow/.local/lib/python3.8/site-packages/airflow/example_dags/example_time_delta_sensor_async.py for tasks to queue
[2026-03-18T08:08:17.630+0000] {logging_mixin.py:188} INFO - [2026-03-18T08:08:17.630+0000] {dagbag.py:538} INFO - Filling up the DagBag from /home/airflow/.local/lib/python3.8/site-packages/airflow/example_dags/example_time_delta_sensor_async.py
[2026-03-18T08:08:17.633+0000] {processor.py:840} INFO - DAG(s) 'example_time_delta_sensor_async' retrieved from /home/airflow/.local/lib/python3.8/site-packages/airflow/example_dags/example_time_delta_sensor_async.py
[2026-03-18T08:08:17.644+0000] {logging_mixin.py:188} INFO - [2026-03-18T08:08:17.644+0000] {dag.py:3036} INFO - Sync 1 DAGs
[2026-03-18T08:08:17.648+0000] {logging_mixin.py:188} INFO - [2026-03-18T08:08:17.648+0000] {dag.py:3823} INFO - Setting next_dagrun for example_time_delta_sensor_async to None, run_after=None
[2026-03-18T08:08:17.659+0000] {processor.py:183} INFO - Processing /home/airflow/.local/lib/python3.8/site-packages/airflow/example_dags/example_time_delta_sensor_async.py took 0.032 seconds
[2026-03-18T08:08:48.162+0000] {processor.py:161} INFO - Started process (PID=420) to work on /home/airflow/.local/lib/python3.8/site-packages/airflow/example_dags/example_time_delta_sensor_async.py
[2026-03-18T08:08:48.163+0000] {processor.py:830} INFO - Processing file /home/airflow/.local/lib/python3.8/site-packages/airflow/example_dags/example_time_delta_sensor_async.py for tasks to queue
[2026-03-18T08:08:48.165+0000] {logging_mixin.py:188} INFO - [2026-03-18T08:08:48.165+0000] {dagbag.py:538} INFO - Filling up the DagBag from /home/airflow/.local/lib/python3.8/site-packages/airflow/example_dags/example_time_delta_sensor_async.py
[2026-03-18T08:08:48.167+0000] {processor.py:840} INFO - DAG(s) 'example_time_delta_sensor_async' retrieved from /home/airflow/.local/lib/python3.8/site-packages/airflow/example_dags/example_time_delta_sensor_async.py
[2026-03-18T08:08:48.176+0000] {logging_mixin.py:188} INFO - [2026-03-18T08:08:48.175+0000] {dag.py:3036} INFO - Sync 1 DAGs
[2026-03-18T08:08:48.181+0000] {logging_mixin.py:188} INFO - [2026-03-18T08:08:48.180+0000] {dag.py:3823} INFO - Setting next_dagrun for example_time_delta_sensor_async to None, run_after=None
[2026-03-18T08:08:48.190+0000] {processor.py:183} INFO - Processing /home/airflow/.local/lib/python3.8/site-packages/airflow/example_dags/example_time_delta_sensor_async.py took 0.029 seconds
[2026-03-18T08:09:18.668+0000] {processor.py:161} INFO - Started process (PID=476) to work on /home/airflow/.local/lib/python3.8/site-packages/airflow/example_dags/example_time_delta_sensor_async.py
[2026-03-18T08:09:18.669+0000] {processor.py:830} INFO - Processing file /home/airflow/.local/lib/python3.8/site-packages/airflow/example_dags/example_time_delta_sensor_async.py for tasks to queue
[2026-03-18T08:09:18.670+0000] {logging_mixin.py:188} INFO - [2026-03-18T08:09:18.669+0000] {dagbag.py:538} INFO - Filling up the DagBag from /home/airflow/.local/lib/python3.8/site-packages/airflow/example_dags/example_time_delta_sensor_async.py
[2026-03-18T08:09:18.673+0000] {processor.py:840} INFO - DAG(s) 'example_time_delta_sensor_async' retrieved from /home/airflow/.local/lib/python3.8/site-packages/airflow/example_dags/example_time_delta_sensor_async.py
[2026-03-18T08:09:18.688+0000] {logging_mixin.py:188} INFO - [2026-03-18T08:09:18.688+0000] {dag.py:3036} INFO - Sync 1 DAGs
[2026-03-18T08:09:18.694+0000] {logging_mixin.py:188} INFO - [2026-03-18T08:09:18.694+0000] {dag.py:3823} INFO - Setting next_dagrun for example_time_delta_sensor_async to None, run_after=None
[2026-03-18T08:09:18.705+0000] {processor.py:183} INFO - Processing /home/airflow/.local/lib/python3.8/site-packages/airflow/example_dags/example_time_delta_sensor_async.py took 0.039 seconds
[2026-03-18T08:09:49.170+0000] {processor.py:161} INFO - Started process (PID=532) to work on /home/airflow/.local/lib/python3.8/site-packages/airflow/example_dags/example_time_delta_sensor_async.py
[2026-03-18T08:09:49.171+0000] {processor.py:830} INFO - Processing file /home/airflow/.local/lib/python3.8/site-packages/airflow/example_dags/example_time_delta_sensor_async.py for tasks to queue
[2026-03-18T08:09:49.172+0000] {logging_mixin.py:188} INFO - [2026-03-18T08:09:49.171+0000] {dagbag.py:538} INFO - Filling up the DagBag from /home/airflow/.local/lib/python3.8/site-packages/airflow/example_dags/example_time_delta_sensor_async.py
[2026-03-18T08:09:49.175+0000] {processor.py:840} INFO - DAG(s) 'example_time_delta_sensor_async' retrieved from /home/airflow/.local/lib/python3.8/site-packages/airflow/example_dags/example_time_delta_sensor_async.py
[2026-03-18T08:09:49.185+0000] {logging_mixin.py:188} INFO - [2026-03-18T08:09:49.185+0000] {dag.py:3036} INFO - Sync 1 DAGs
[2026-03-18T08:09:49.190+0000] {logging_mixin.py:188} INFO - [2026-03-18T08:09:49.190+0000] {dag.py:3823} INFO - Setting next_dagrun for example_time_delta_sensor_async to None, run_after=None
[2026-03-18T08:09:49.201+0000] {processor.py:183} INFO - Processing /home/airflow/.local/lib/python3.8/site-packages/airflow/example_dags/example_time_delta_sensor_async.py took 0.032 seconds
[2026-03-18T08:10:19.779+0000] {processor.py:161} INFO - Started process (PID=588) to work on /home/airflow/.local/lib/python3.8/site-packages/airflow/example_dags/example_time_delta_sensor_async.py
[2026-03-18T08:10:19.779+0000] {processor.py:830} INFO - Processing file /home/airflow/.local/lib/python3.8/site-packages/airflow/example_dags/example_time_delta_sensor_async.py for tasks to queue
[2026-03-18T08:10:19.780+0000] {logging_mixin.py:188} INFO - [2026-03-18T08:10:19.780+0000] {dagbag.py:538} INFO - Filling up the DagBag from /home/airflow/.local/lib/python3.8/site-packages/airflow/example_dags/example_time_delta_sensor_async.py
[2026-03-18T08:10:19.782+0000] {processor.py:840} INFO - DAG(s) 'example_time_delta_sensor_async' retrieved from /home/airflow/.local/lib/python3.8/site-packages/airflow/example_dags/example_time_delta_sensor_async.py
[2026-03-18T08:10:19.793+0000] {logging_mixin.py:188} INFO - [2026-03-18T08:10:19.793+0000] {dag.py:3036} INFO - Sync 1 DAGs
[2026-03-18T08:10:19.798+0000] {logging_mixin.py:188} INFO - [2026-03-18T08:10:19.798+0000] {dag.py:3823} INFO - Setting next_dagrun for example_time_delta_sensor_async to None, run_after=None
[2026-03-18T08:10:19.805+0000] {processor.py:183} INFO - Processing /home/airflow/.local/lib/python3.8/site-packages/airflow/example_dags/example_time_delta_sensor_async.py took 0.028 seconds
[2026-03-18T08:10:50.233+0000] {processor.py:161} INFO - Started process (PID=644) to work on /home/airflow/.local/lib/python3.8/site-packages/airflow/example_dags/example_time_delta_sensor_async.py
[2026-03-18T08:10:50.234+0000] {processor.py:830} INFO - Processing file /home/airflow/.local/lib/python3.8/site-packages/airflow/example_dags/example_time_delta_sensor_async.py for tasks to queue
[2026-03-18T08:10:50.238+0000] {logging_mixin.py:188} INFO - [2026-03-18T08:10:50.238+0000] {dagbag.py:538} INFO - Filling up the DagBag from /home/airflow/.local/lib/python3.8/site-packages/airflow/example_dags/example_time_delta_sensor_async.py
[2026-03-18T08:10:50.239+0000] {processor.py:840} INFO - DAG(s) 'example_time_delta_sensor_async' retrieved from /home/airflow/.local/lib/python3.8/site-packages/airflow/example_dags/example_time_delta_sensor_async.py
[2026-03-18T08:10:50.253+0000] {logging_mixin.py:188} INFO - [2026-03-18T08:10:50.253+0000] {dag.py:3036} INFO - Sync 1 DAGs
[2026-03-18T08:10:50.258+0000] {logging_mixin.py:188} INFO - [2026-03-18T08:10:50.258+0000] {dag.py:3823} INFO - Setting next_dagrun for example_time_delta_sensor_async to None, run_after=None
[2026-03-18T08:10:50.267+0000] {processor.py:183} INFO - Processing /home/airflow/.local/lib/python3.8/site-packages/airflow/example_dags/example_time_delta_sensor_async.py took 0.035 seconds
[2026-03-18T08:11:20.774+0000] {processor.py:161} INFO - Started process (PID=700) to work on /home/airflow/.local/lib/python3.8/site-packages/airflow/example_dags/example_time_delta_sensor_async.py
[2026-03-18T08:11:20.775+0000] {processor.py:830} INFO - Processing file /home/airflow/.local/lib/python3.8/site-packages/airflow/example_dags/example_time_delta_sensor_async.py for tasks to queue
[2026-03-18T08:11:20.776+0000] {logging_mixin.py:188} INFO - [2026-03-18T08:11:20.776+0000] {dagbag.py:538} INFO - Filling up the DagBag from /home/airflow/.local/lib/python3.8/site-packages/airflow/example_dags/example_time_delta_sensor_async.py
[2026-03-18T08:11:20.778+0000] {processor.py:840} INFO - DAG(s) 'example_time_delta_sensor_async' retrieved from /home/airflow/.local/lib/python3.8/site-packages/airflow/example_dags/example_time_delta_sensor_async.py
[2026-03-18T08:11:20.786+0000] {logging_mixin.py:188} INFO - [2026-03-18T08:11:20.786+0000] {dag.py:3036} INFO - Sync 1 DAGs
[2026-03-18T08:11:20.791+0000] {logging_mixin.py:188} INFO - [2026-03-18T08:11:20.791+0000] {dag.py:3823} INFO - Setting next_dagrun for example_time_delta_sensor_async to None, run_after=None
[2026-03-18T08:11:20.799+0000] {processor.py:183} INFO - Processing /home/airflow/.local/lib/python3.8/site-packages/airflow/example_dags/example_time_delta_sensor_async.py took 0.026 seconds
[2026-03-18T08:11:51.315+0000] {processor.py:161} INFO - Started process (PID=756) to work on /home/airflow/.local/lib/python3.8/site-packages/airflow/example_dags/example_time_delta_sensor_async.py
[2026-03-18T08:11:51.317+0000] {processor.py:830} INFO - Processing file /home/airflow/.local/lib/python3.8/site-packages/airflow/example_dags/example_time_delta_sensor_async.py for tasks to queue
[2026-03-18T08:11:51.318+0000] {logging_mixin.py:188} INFO - [2026-03-18T08:11:51.317+0000] {dagbag.py:538} INFO - Filling up the DagBag from /home/airflow/.local/lib/python3.8/site-packages/airflow/example_dags/example_time_delta_sensor_async.py
[2026-03-18T08:11:51.320+0000] {processor.py:840} INFO - DAG(s) 'example_time_delta_sensor_async' retrieved from /home/airflow/.local/lib/python3.8/site-packages/airflow/example_dags/example_time_delta_sensor_async.py
[2026-03-18T08:11:51.336+0000] {logging_mixin.py:188} INFO - [2026-03-18T08:11:51.335+0000] {dag.py:3036} INFO - Sync 1 DAGs
[2026-03-18T08:11:51.340+0000] {logging_mixin.py:188} INFO - [2026-03-18T08:11:51.340+0000] {dag.py:3823} INFO - Setting next_dagrun for example_time_delta_sensor_async to None, run_after=None
[2026-03-18T08:11:51.351+0000] {processor.py:183} INFO - Processing /home/airflow/.local/lib/python3.8/site-packages/airflow/example_dags/example_time_delta_sensor_async.py took 0.037 seconds
[2026-03-18T08:12:21.842+0000] {processor.py:161} INFO - Started process (PID=812) to work on /home/airflow/.local/lib/python3.8/site-packages/airflow/example_dags/example_time_delta_sensor_async.py
[2026-03-18T08:12:21.846+0000] {processor.py:830} INFO - Processing file /home/airflow/.local/lib/python3.8/site-packages/airflow/example_dags/example_time_delta_sensor_async.py for tasks to queue
[2026-03-18T08:12:21.847+0000] {logging_mixin.py:188} INFO - [2026-03-18T08:12:21.847+0000] {dagbag.py:538} INFO - Filling up the DagBag from /home/airflow/.local/lib/python3.8/site-packages/airflow/example_dags/example_time_delta_sensor_async.py
[2026-03-18T08:12:21.849+0000] {processor.py:840} INFO - DAG(s) 'example_time_delta_sensor_async' retrieved from /home/airflow/.local/lib/python3.8/site-packages/airflow/example_dags/example_time_delta_sensor_async.py
[2026-03-18T08:12:21.863+0000] {logging_mixin.py:188} INFO - [2026-03-18T08:12:21.863+0000] {dag.py:3036} INFO - Sync 1 DAGs
[2026-03-18T08:12:21.868+0000] {logging_mixin.py:188} INFO - [2026-03-18T08:12:21.868+0000] {dag.py:3823} INFO - Setting next_dagrun for example_time_delta_sensor_async to None, run_after=None
[2026-03-18T08:12:21.879+0000] {processor.py:183} INFO - Processing /home/airflow/.local/lib/python3.8/site-packages/airflow/example_dags/example_time_delta_sensor_async.py took 0.039 seconds
[2026-03-18T08:12:52.224+0000] {processor.py:161} INFO - Started process (PID=868) to work on /home/airflow/.local/lib/python3.8/site-packages/airflow/example_dags/example_time_delta_sensor_async.py
[2026-03-18T08:12:52.225+0000] {processor.py:830} INFO - Processing file /home/airflow/.local/lib/python3.8/site-packages/airflow/example_dags/example_time_delta_sensor_async.py for tasks to queue
[2026-03-18T08:12:52.227+0000] {logging_mixin.py:188} INFO - [2026-03-18T08:12:52.227+0000] {dagbag.py:538} INFO - Filling up the DagBag from /home/airflow/.local/lib/python3.8/site-packages/airflow/example_dags/example_time_delta_sensor_async.py
[2026-03-18T08:12:52.229+0000] {processor.py:840} INFO - DAG(s) 'example_time_delta_sensor_async' retrieved from /home/airflow/.local/lib/python3.8/site-packages/airflow/example_dags/example_time_delta_sensor_async.py
[2026-03-18T08:12:52.238+0000] {logging_mixin.py:188} INFO - [2026-03-18T08:12:52.238+0000] {dag.py:3036} INFO - Sync 1 DAGs
[2026-03-18T08:12:52.244+0000] {logging_mixin.py:188} INFO - [2026-03-18T08:12:52.244+0000] {dag.py:3823} INFO - Setting next_dagrun for example_time_delta_sensor_async to None, run_after=None
[2026-03-18T08:12:52.256+0000] {processor.py:183} INFO - Processing /home/airflow/.local/lib/python3.8/site-packages/airflow/example_dags/example_time_delta_sensor_async.py took 0.033 seconds
[2026-03-18T08:13:22.668+0000] {processor.py:161} INFO - Started process (PID=924) to work on /home/airflow/.local/lib/python3.8/site-packages/airflow/example_dags/example_time_delta_sensor_async.py
[2026-03-18T08:13:22.668+0000] {processor.py:830} INFO - Processing file /home/airflow/.local/lib/python3.8/site-packages/airflow/example_dags/example_time_delta_sensor_async.py for tasks to queue
[2026-03-18T08:13:22.671+0000] {logging_mixin.py:188} INFO - [2026-03-18T08:13:22.671+0000] {dagbag.py:538} INFO - Filling up the DagBag from /home/airflow/.local/lib/python3.8/site-packages/airflow/example_dags/example_time_delta_sensor_async.py
[2026-03-18T08:13:22.674+0000] {processor.py:840} INFO - DAG(s) 'example_time_delta_sensor_async' retrieved from /home/airflow/.local/lib/python3.8/site-packages/airflow/example_dags/example_time_delta_sensor_async.py
[2026-03-18T08:13:22.686+0000] {logging_mixin.py:188} INFO - [2026-03-18T08:13:22.686+0000] {dag.py:3036} INFO - Sync 1 DAGs
[2026-03-18T08:13:22.693+0000] {logging_mixin.py:188} INFO - [2026-03-18T08:13:22.693+0000] {dag.py:3823} INFO - Setting next_dagrun for example_time_delta_sensor_async to None, run_after=None
[2026-03-18T08:13:22.701+0000] {processor.py:183} INFO - Processing /home/airflow/.local/lib/python3.8/site-packages/airflow/example_dags/example_time_delta_sensor_async.py took 0.034 seconds
[2026-03-18T08:13:53.306+0000] {processor.py:161} INFO - Started process (PID=980) to work on /home/airflow/.local/lib/python3.8/site-packages/airflow/example_dags/example_time_delta_sensor_async.py
[2026-03-18T08:13:53.307+0000] {processor.py:830} INFO - Processing file /home/airflow/.local/lib/python3.8/site-packages/airflow/example_dags/example_time_delta_sensor_async.py for tasks to queue
[2026-03-18T08:13:53.308+0000] {logging_mixin.py:188} INFO - [2026-03-18T08:13:53.308+0000] {dagbag.py:538} INFO - Filling up the DagBag from /home/airflow/.local/lib/python3.8/site-packages/airflow/example_dags/example_time_delta_sensor_async.py
[2026-03-18T08:13:53.310+0000] {processor.py:840} INFO - DAG(s) 'example_time_delta_sensor_async' retrieved from /home/airflow/.local/lib/python3.8/site-packages/airflow/example_dags/example_time_delta_sensor_async.py
[2026-03-18T08:13:53.320+0000] {logging_mixin.py:188} INFO - [2026-03-18T08:13:53.319+0000] {dag.py:3036} INFO - Sync 1 DAGs
[2026-03-18T08:13:53.324+0000] {logging_mixin.py:188} INFO - [2026-03-18T08:13:53.324+0000] {dag.py:3823} INFO - Setting next_dagrun for example_time_delta_sensor_async to None, run_after=None
[2026-03-18T08:13:53.332+0000] {processor.py:183} INFO - Processing /home/airflow/.local/lib/python3.8/site-packages/airflow/example_dags/example_time_delta_sensor_async.py took 0.027 seconds
[2026-03-18T08:14:23.869+0000] {processor.py:161} INFO - Started process (PID=1036) to work on /home/airflow/.local/lib/python3.8/site-packages/airflow/example_dags/example_time_delta_sensor_async.py
[2026-03-18T08:14:23.870+0000] {processor.py:830} INFO - Processing file /home/airflow/.local/lib/python3.8/site-packages/airflow/example_dags/example_time_delta_sensor_async.py for tasks to queue
[2026-03-18T08:14:23.871+0000] {logging_mixin.py:188} INFO - [2026-03-18T08:14:23.871+0000] {dagbag.py:538} INFO - Filling up the DagBag from /home/airflow/.local/lib/python3.8/site-packages/airflow/example_dags/example_time_delta_sensor_async.py
[2026-03-18T08:14:23.874+0000] {processor.py:840} INFO - DAG(s) 'example_time_delta_sensor_async' retrieved from /home/airflow/.local/lib/python3.8/site-packages/airflow/example_dags/example_time_delta_sensor_async.py
[2026-03-18T08:14:23.886+0000] {logging_mixin.py:188} INFO - [2026-03-18T08:14:23.886+0000] {dag.py:3036} INFO - Sync 1 DAGs
[2026-03-18T08:14:23.892+0000] {logging_mixin.py:188} INFO - [2026-03-18T08:14:23.892+0000] {dag.py:3823} INFO - Setting next_dagrun for example_time_delta_sensor_async to None, run_after=None
[2026-03-18T08:14:23.900+0000] {processor.py:183} INFO - Processing /home/airflow/.local/lib/python3.8/site-packages/airflow/example_dags/example_time_delta_sensor_async.py took 0.033 seconds
[2026-03-18T08:14:54.522+0000] {processor.py:161} INFO - Started process (PID=1092) to work on /home/airflow/.local/lib/python3.8/site-packages/airflow/example_dags/example_time_delta_sensor_async.py
[2026-03-18T08:14:54.523+0000] {processor.py:830} INFO - Processing file /home/airflow/.local/lib/python3.8/site-packages/airflow/example_dags/example_time_delta_sensor_async.py for tasks to queue
[2026-03-18T08:14:54.524+0000] {logging_mixin.py:188} INFO - [2026-03-18T08:14:54.524+0000] {dagbag.py:538} INFO - Filling up the DagBag from /home/airflow/.local/lib/python3.8/site-packages/airflow/example_dags/example_time_delta_sensor_async.py
[2026-03-18T08:14:54.527+0000] {processor.py:840} INFO - DAG(s) 'example_time_delta_sensor_async' retrieved from /home/airflow/.local/lib/python3.8/site-packages/airflow/example_dags/example_time_delta_sensor_async.py
[2026-03-18T08:14:54.536+0000] {logging_mixin.py:188} INFO - [2026-03-18T08:14:54.536+0000] {dag.py:3036} INFO - Sync 1 DAGs
[2026-03-18T08:14:54.542+0000] {logging_mixin.py:188} INFO - [2026-03-18T08:14:54.541+0000] {dag.py:3823} INFO - Setting next_dagrun for example_time_delta_sensor_async to None, run_after=None
[2026-03-18T08:14:54.548+0000] {processor.py:183} INFO - Processing /home/airflow/.local/lib/python3.8/site-packages/airflow/example_dags/example_time_delta_sensor_async.py took 0.029 seconds
[2026-03-18T08:15:25.131+0000] {processor.py:161} INFO - Started process (PID=1148) to work on /home/airflow/.local/lib/python3.8/site-packages/airflow/example_dags/example_time_delta_sensor_async.py
[2026-03-18T08:15:25.132+0000] {processor.py:830} INFO - Processing file /home/airflow/.local/lib/python3.8/site-packages/airflow/example_dags/example_time_delta_sensor_async.py for tasks to queue
[2026-03-18T08:15:25.133+0000] {logging_mixin.py:188} INFO - [2026-03-18T08:15:25.133+0000] {dagbag.py:538} INFO - Filling up the DagBag from /home/airflow/.local/lib/python3.8/site-packages/airflow/example_dags/example_time_delta_sensor_async.py
[2026-03-18T08:15:25.135+0000] {processor.py:840} INFO - DAG(s) 'example_time_delta_sensor_async' retrieved from /home/airflow/.local/lib/python3.8/site-packages/airflow/example_dags/example_time_delta_sensor_async.py
[2026-03-18T08:15:25.149+0000] {logging_mixin.py:188} INFO - [2026-03-18T08:15:25.149+0000] {dag.py:3036} INFO - Sync 1 DAGs
[2026-03-18T08:15:25.154+0000] {logging_mixin.py:188} INFO - [2026-03-18T08:15:25.154+0000] {dag.py:3823} INFO - Setting next_dagrun for example_time_delta_sensor_async to None, run_after=None
[2026-03-18T08:15:25.165+0000] {processor.py:183} INFO - Processing /home/airflow/.local/lib/python3.8/site-packages/airflow/example_dags/example_time_delta_sensor_async.py took 0.036 seconds
[2026-03-18T08:15:55.598+0000] {processor.py:161} INFO - Started process (PID=1204) to work on /home/airflow/.local/lib/python3.8/site-packages/airflow/example_dags/example_time_delta_sensor_async.py
[2026-03-18T08:15:55.599+0000] {processor.py:830} INFO - Processing file /home/airflow/.local/lib/python3.8/site-packages/airflow/example_dags/example_time_delta_sensor_async.py for tasks to queue
[2026-03-18T08:15:55.601+0000] {logging_mixin.py:188} INFO - [2026-03-18T08:15:55.601+0000] {dagbag.py:538} INFO - Filling up the DagBag from /home/airflow/.local/lib/python3.8/site-packages/airflow/example_dags/example_time_delta_sensor_async.py
[2026-03-18T08:15:55.605+0000] {processor.py:840} INFO - DAG(s) 'example_time_delta_sensor_async' retrieved from /home/airflow/.local/lib/python3.8/site-packages/airflow/example_dags/example_time_delta_sensor_async.py
[2026-03-18T08:15:55.620+0000] {logging_mixin.py:188} INFO - [2026-03-18T08:15:55.620+0000] {dag.py:3036} INFO - Sync 1 DAGs
[2026-03-18T08:15:55.626+0000] {logging_mixin.py:188} INFO - [2026-03-18T08:15:55.625+0000] {dag.py:3823} INFO - Setting next_dagrun for example_time_delta_sensor_async to None, run_after=None
[2026-03-18T08:15:55.635+0000] {processor.py:183} INFO - Processing /home/airflow/.local/lib/python3.8/site-packages/airflow/example_dags/example_time_delta_sensor_async.py took 0.038 seconds
[2026-03-18T08:16:26.169+0000] {processor.py:161} INFO - Started process (PID=1260) to work on /home/airflow/.local/lib/python3.8/site-packages/airflow/example_dags/example_time_delta_sensor_async.py
[2026-03-18T08:16:26.169+0000] {processor.py:830} INFO - Processing file /home/airflow/.local/lib/python3.8/site-packages/airflow/example_dags/example_time_delta_sensor_async.py for tasks to queue
[2026-03-18T08:16:26.171+0000] {logging_mixin.py:188} INFO - [2026-03-18T08:16:26.170+0000] {dagbag.py:538} INFO - Filling up the DagBag from /home/airflow/.local/lib/python3.8/site-packages/airflow/example_dags/example_time_delta_sensor_async.py
[2026-03-18T08:16:26.173+0000] {processor.py:840} INFO - DAG(s) 'example_time_delta_sensor_async' retrieved from /home/airflow/.local/lib/python3.8/site-packages/airflow/example_dags/example_time_delta_sensor_async.py
[2026-03-18T08:16:26.186+0000] {logging_mixin.py:188} INFO - [2026-03-18T08:16:26.186+0000] {dag.py:3036} INFO - Sync 1 DAGs
[2026-03-18T08:16:26.191+0000] {logging_mixin.py:188} INFO - [2026-03-18T08:16:26.191+0000] {dag.py:3823} INFO - Setting next_dagrun for example_time_delta_sensor_async to None, run_after=None
[2026-03-18T08:16:26.202+0000] {processor.py:183} INFO - Processing /home/airflow/.local/lib/python3.8/site-packages/airflow/example_dags/example_time_delta_sensor_async.py took 0.035 seconds
[2026-03-18T08:16:56.670+0000] {processor.py:161} INFO - Started process (PID=1317) to work on /home/airflow/.local/lib/python3.8/site-packages/airflow/example_dags/example_time_delta_sensor_async.py
[2026-03-18T08:16:56.672+0000] {processor.py:830} INFO - Processing file /home/airflow/.local/lib/python3.8/site-packages/airflow/example_dags/example_time_delta_sensor_async.py for tasks to queue
[2026-03-18T08:16:56.673+0000] {logging_mixin.py:188} INFO - [2026-03-18T08:16:56.673+0000] {dagbag.py:538} INFO - Filling up the DagBag from /home/airflow/.local/lib/python3.8/site-packages/airflow/example_dags/example_time_delta_sensor_async.py
[2026-03-18T08:16:56.675+0000] {processor.py:840} INFO - DAG(s) 'example_time_delta_sensor_async' retrieved from /home/airflow/.local/lib/python3.8/site-packages/airflow/example_dags/example_time_delta_sensor_async.py
[2026-03-18T08:16:56.684+0000] {logging_mixin.py:188} INFO - [2026-03-18T08:16:56.684+0000] {dag.py:3036} INFO - Sync 1 DAGs
[2026-03-18T08:16:56.688+0000] {logging_mixin.py:188} INFO - [2026-03-18T08:16:56.688+0000] {dag.py:3823} INFO - Setting next_dagrun for example_time_delta_sensor_async to None, run_after=None
[2026-03-18T08:16:56.699+0000] {processor.py:183} INFO - Processing /home/airflow/.local/lib/python3.8/site-packages/airflow/example_dags/example_time_delta_sensor_async.py took 0.030 seconds
