[2026-03-18T07:45:17.967+0000] {processor.py:161} INFO - Started process (PID=55) to work on /home/airflow/.local/lib/python3.8/site-packages/airflow/example_dags/example_trigger_target_dag.py
[2026-03-18T07:45:17.968+0000] {processor.py:830} INFO - Processing file /home/airflow/.local/lib/python3.8/site-packages/airflow/example_dags/example_trigger_target_dag.py for tasks to queue
[2026-03-18T07:45:17.969+0000] {logging_mixin.py:188} INFO - [2026-03-18T07:45:17.968+0000] {dagbag.py:538} INFO - Filling up the DagBag from /home/airflow/.local/lib/python3.8/site-packages/airflow/example_dags/example_trigger_target_dag.py
[2026-03-18T07:45:17.973+0000] {processor.py:840} INFO - DAG(s) 'example_trigger_target_dag' retrieved from /home/airflow/.local/lib/python3.8/site-packages/airflow/example_dags/example_trigger_target_dag.py
[2026-03-18T07:45:18.015+0000] {logging_mixin.py:188} INFO - [2026-03-18T07:45:18.015+0000] {override.py:1769} INFO - Created Permission View: can read on DAG:example_trigger_target_dag
[2026-03-18T07:45:18.019+0000] {logging_mixin.py:188} INFO - [2026-03-18T07:45:18.019+0000] {override.py:1769} INFO - Created Permission View: can delete on DAG:example_trigger_target_dag
[2026-03-18T07:45:18.022+0000] {logging_mixin.py:188} INFO - [2026-03-18T07:45:18.022+0000] {override.py:1769} INFO - Created Permission View: can edit on DAG:example_trigger_target_dag
[2026-03-18T07:45:18.023+0000] {logging_mixin.py:188} INFO - [2026-03-18T07:45:18.023+0000] {dag.py:3036} INFO - Sync 1 DAGs
[2026-03-18T07:45:18.030+0000] {logging_mixin.py:188} INFO - [2026-03-18T07:45:18.030+0000] {dag.py:3058} INFO - Creating ORM DAG for example_trigger_target_dag
[2026-03-18T07:45:18.031+0000] {logging_mixin.py:188} INFO - [2026-03-18T07:45:18.030+0000] {dag.py:3823} INFO - Setting next_dagrun for example_trigger_target_dag to None, run_after=None
[2026-03-18T07:45:18.039+0000] {processor.py:183} INFO - Processing /home/airflow/.local/lib/python3.8/site-packages/airflow/example_dags/example_trigger_target_dag.py took 0.073 seconds
[2026-03-18T07:45:48.145+0000] {processor.py:161} INFO - Started process (PID=110) to work on /home/airflow/.local/lib/python3.8/site-packages/airflow/example_dags/example_trigger_target_dag.py
[2026-03-18T07:45:48.146+0000] {processor.py:830} INFO - Processing file /home/airflow/.local/lib/python3.8/site-packages/airflow/example_dags/example_trigger_target_dag.py for tasks to queue
[2026-03-18T07:45:48.146+0000] {logging_mixin.py:188} INFO - [2026-03-18T07:45:48.146+0000] {dagbag.py:538} INFO - Filling up the DagBag from /home/airflow/.local/lib/python3.8/site-packages/airflow/example_dags/example_trigger_target_dag.py
[2026-03-18T07:45:48.149+0000] {processor.py:840} INFO - DAG(s) 'example_trigger_target_dag' retrieved from /home/airflow/.local/lib/python3.8/site-packages/airflow/example_dags/example_trigger_target_dag.py
[2026-03-18T07:45:48.157+0000] {logging_mixin.py:188} INFO - [2026-03-18T07:45:48.157+0000] {dag.py:3036} INFO - Sync 1 DAGs
[2026-03-18T07:45:48.162+0000] {logging_mixin.py:188} INFO - [2026-03-18T07:45:48.162+0000] {dag.py:3823} INFO - Setting next_dagrun for example_trigger_target_dag to None, run_after=None
[2026-03-18T07:45:48.170+0000] {processor.py:183} INFO - Processing /home/airflow/.local/lib/python3.8/site-packages/airflow/example_dags/example_trigger_target_dag.py took 0.027 seconds
[2026-03-18T07:46:18.507+0000] {processor.py:161} INFO - Started process (PID=165) to work on /home/airflow/.local/lib/python3.8/site-packages/airflow/example_dags/example_trigger_target_dag.py
[2026-03-18T07:46:18.508+0000] {processor.py:830} INFO - Processing file /home/airflow/.local/lib/python3.8/site-packages/airflow/example_dags/example_trigger_target_dag.py for tasks to queue
[2026-03-18T07:46:18.508+0000] {logging_mixin.py:188} INFO - [2026-03-18T07:46:18.508+0000] {dagbag.py:538} INFO - Filling up the DagBag from /home/airflow/.local/lib/python3.8/site-packages/airflow/example_dags/example_trigger_target_dag.py
[2026-03-18T07:46:18.512+0000] {processor.py:840} INFO - DAG(s) 'example_trigger_target_dag' retrieved from /home/airflow/.local/lib/python3.8/site-packages/airflow/example_dags/example_trigger_target_dag.py
[2026-03-18T07:46:18.522+0000] {logging_mixin.py:188} INFO - [2026-03-18T07:46:18.522+0000] {dag.py:3036} INFO - Sync 1 DAGs
[2026-03-18T07:46:18.530+0000] {logging_mixin.py:188} INFO - [2026-03-18T07:46:18.530+0000] {dag.py:3823} INFO - Setting next_dagrun for example_trigger_target_dag to None, run_after=None
[2026-03-18T07:46:18.538+0000] {processor.py:183} INFO - Processing /home/airflow/.local/lib/python3.8/site-packages/airflow/example_dags/example_trigger_target_dag.py took 0.032 seconds
[2026-03-18T07:46:48.867+0000] {processor.py:161} INFO - Started process (PID=220) to work on /home/airflow/.local/lib/python3.8/site-packages/airflow/example_dags/example_trigger_target_dag.py
[2026-03-18T07:46:48.867+0000] {processor.py:830} INFO - Processing file /home/airflow/.local/lib/python3.8/site-packages/airflow/example_dags/example_trigger_target_dag.py for tasks to queue
[2026-03-18T07:46:48.868+0000] {logging_mixin.py:188} INFO - [2026-03-18T07:46:48.868+0000] {dagbag.py:538} INFO - Filling up the DagBag from /home/airflow/.local/lib/python3.8/site-packages/airflow/example_dags/example_trigger_target_dag.py
[2026-03-18T07:46:48.871+0000] {processor.py:840} INFO - DAG(s) 'example_trigger_target_dag' retrieved from /home/airflow/.local/lib/python3.8/site-packages/airflow/example_dags/example_trigger_target_dag.py
[2026-03-18T07:46:48.878+0000] {logging_mixin.py:188} INFO - [2026-03-18T07:46:48.878+0000] {dag.py:3036} INFO - Sync 1 DAGs
[2026-03-18T07:46:48.886+0000] {logging_mixin.py:188} INFO - [2026-03-18T07:46:48.886+0000] {dag.py:3823} INFO - Setting next_dagrun for example_trigger_target_dag to None, run_after=None
[2026-03-18T07:46:48.893+0000] {processor.py:183} INFO - Processing /home/airflow/.local/lib/python3.8/site-packages/airflow/example_dags/example_trigger_target_dag.py took 0.028 seconds
[2026-03-18T07:47:19.192+0000] {processor.py:161} INFO - Started process (PID=275) to work on /home/airflow/.local/lib/python3.8/site-packages/airflow/example_dags/example_trigger_target_dag.py
[2026-03-18T07:47:19.194+0000] {processor.py:830} INFO - Processing file /home/airflow/.local/lib/python3.8/site-packages/airflow/example_dags/example_trigger_target_dag.py for tasks to queue
[2026-03-18T07:47:19.195+0000] {logging_mixin.py:188} INFO - [2026-03-18T07:47:19.195+0000] {dagbag.py:538} INFO - Filling up the DagBag from /home/airflow/.local/lib/python3.8/site-packages/airflow/example_dags/example_trigger_target_dag.py
[2026-03-18T07:47:19.198+0000] {processor.py:840} INFO - DAG(s) 'example_trigger_target_dag' retrieved from /home/airflow/.local/lib/python3.8/site-packages/airflow/example_dags/example_trigger_target_dag.py
[2026-03-18T07:47:19.206+0000] {logging_mixin.py:188} INFO - [2026-03-18T07:47:19.206+0000] {dag.py:3036} INFO - Sync 1 DAGs
[2026-03-18T07:47:19.212+0000] {logging_mixin.py:188} INFO - [2026-03-18T07:47:19.212+0000] {dag.py:3823} INFO - Setting next_dagrun for example_trigger_target_dag to None, run_after=None
[2026-03-18T07:47:19.219+0000] {processor.py:183} INFO - Processing /home/airflow/.local/lib/python3.8/site-packages/airflow/example_dags/example_trigger_target_dag.py took 0.029 seconds
[2026-03-18T07:47:49.630+0000] {processor.py:161} INFO - Started process (PID=330) to work on /home/airflow/.local/lib/python3.8/site-packages/airflow/example_dags/example_trigger_target_dag.py
[2026-03-18T07:47:49.631+0000] {processor.py:830} INFO - Processing file /home/airflow/.local/lib/python3.8/site-packages/airflow/example_dags/example_trigger_target_dag.py for tasks to queue
[2026-03-18T07:47:49.633+0000] {logging_mixin.py:188} INFO - [2026-03-18T07:47:49.633+0000] {dagbag.py:538} INFO - Filling up the DagBag from /home/airflow/.local/lib/python3.8/site-packages/airflow/example_dags/example_trigger_target_dag.py
[2026-03-18T07:47:49.636+0000] {processor.py:840} INFO - DAG(s) 'example_trigger_target_dag' retrieved from /home/airflow/.local/lib/python3.8/site-packages/airflow/example_dags/example_trigger_target_dag.py
[2026-03-18T07:47:49.645+0000] {logging_mixin.py:188} INFO - [2026-03-18T07:47:49.645+0000] {dag.py:3036} INFO - Sync 1 DAGs
[2026-03-18T07:47:49.651+0000] {logging_mixin.py:188} INFO - [2026-03-18T07:47:49.651+0000] {dag.py:3823} INFO - Setting next_dagrun for example_trigger_target_dag to None, run_after=None
[2026-03-18T07:47:49.659+0000] {processor.py:183} INFO - Processing /home/airflow/.local/lib/python3.8/site-packages/airflow/example_dags/example_trigger_target_dag.py took 0.031 seconds
[2026-03-18T07:48:20.027+0000] {processor.py:161} INFO - Started process (PID=385) to work on /home/airflow/.local/lib/python3.8/site-packages/airflow/example_dags/example_trigger_target_dag.py
[2026-03-18T07:48:20.028+0000] {processor.py:830} INFO - Processing file /home/airflow/.local/lib/python3.8/site-packages/airflow/example_dags/example_trigger_target_dag.py for tasks to queue
[2026-03-18T07:48:20.029+0000] {logging_mixin.py:188} INFO - [2026-03-18T07:48:20.029+0000] {dagbag.py:538} INFO - Filling up the DagBag from /home/airflow/.local/lib/python3.8/site-packages/airflow/example_dags/example_trigger_target_dag.py
[2026-03-18T07:48:20.032+0000] {processor.py:840} INFO - DAG(s) 'example_trigger_target_dag' retrieved from /home/airflow/.local/lib/python3.8/site-packages/airflow/example_dags/example_trigger_target_dag.py
[2026-03-18T07:48:20.041+0000] {logging_mixin.py:188} INFO - [2026-03-18T07:48:20.041+0000] {dag.py:3036} INFO - Sync 1 DAGs
[2026-03-18T07:48:20.047+0000] {logging_mixin.py:188} INFO - [2026-03-18T07:48:20.047+0000] {dag.py:3823} INFO - Setting next_dagrun for example_trigger_target_dag to None, run_after=None
[2026-03-18T07:48:20.055+0000] {processor.py:183} INFO - Processing /home/airflow/.local/lib/python3.8/site-packages/airflow/example_dags/example_trigger_target_dag.py took 0.029 seconds
[2026-03-18T07:48:50.357+0000] {processor.py:161} INFO - Started process (PID=440) to work on /home/airflow/.local/lib/python3.8/site-packages/airflow/example_dags/example_trigger_target_dag.py
[2026-03-18T07:48:50.357+0000] {processor.py:830} INFO - Processing file /home/airflow/.local/lib/python3.8/site-packages/airflow/example_dags/example_trigger_target_dag.py for tasks to queue
[2026-03-18T07:48:50.359+0000] {logging_mixin.py:188} INFO - [2026-03-18T07:48:50.358+0000] {dagbag.py:538} INFO - Filling up the DagBag from /home/airflow/.local/lib/python3.8/site-packages/airflow/example_dags/example_trigger_target_dag.py
[2026-03-18T07:48:50.362+0000] {processor.py:840} INFO - DAG(s) 'example_trigger_target_dag' retrieved from /home/airflow/.local/lib/python3.8/site-packages/airflow/example_dags/example_trigger_target_dag.py
[2026-03-18T07:48:50.372+0000] {logging_mixin.py:188} INFO - [2026-03-18T07:48:50.372+0000] {dag.py:3036} INFO - Sync 1 DAGs
[2026-03-18T07:48:50.377+0000] {logging_mixin.py:188} INFO - [2026-03-18T07:48:50.377+0000] {dag.py:3823} INFO - Setting next_dagrun for example_trigger_target_dag to None, run_after=None
[2026-03-18T07:48:50.383+0000] {processor.py:183} INFO - Processing /home/airflow/.local/lib/python3.8/site-packages/airflow/example_dags/example_trigger_target_dag.py took 0.028 seconds
[2026-03-18T07:49:20.618+0000] {processor.py:161} INFO - Started process (PID=495) to work on /home/airflow/.local/lib/python3.8/site-packages/airflow/example_dags/example_trigger_target_dag.py
[2026-03-18T07:49:20.618+0000] {processor.py:830} INFO - Processing file /home/airflow/.local/lib/python3.8/site-packages/airflow/example_dags/example_trigger_target_dag.py for tasks to queue
[2026-03-18T07:49:20.619+0000] {logging_mixin.py:188} INFO - [2026-03-18T07:49:20.619+0000] {dagbag.py:538} INFO - Filling up the DagBag from /home/airflow/.local/lib/python3.8/site-packages/airflow/example_dags/example_trigger_target_dag.py
[2026-03-18T07:49:20.621+0000] {processor.py:840} INFO - DAG(s) 'example_trigger_target_dag' retrieved from /home/airflow/.local/lib/python3.8/site-packages/airflow/example_dags/example_trigger_target_dag.py
[2026-03-18T07:49:20.629+0000] {logging_mixin.py:188} INFO - [2026-03-18T07:49:20.629+0000] {dag.py:3036} INFO - Sync 1 DAGs
[2026-03-18T07:49:20.634+0000] {logging_mixin.py:188} INFO - [2026-03-18T07:49:20.634+0000] {dag.py:3823} INFO - Setting next_dagrun for example_trigger_target_dag to None, run_after=None
[2026-03-18T07:49:20.641+0000] {processor.py:183} INFO - Processing /home/airflow/.local/lib/python3.8/site-packages/airflow/example_dags/example_trigger_target_dag.py took 0.024 seconds
[2026-03-18T07:49:50.895+0000] {processor.py:161} INFO - Started process (PID=550) to work on /home/airflow/.local/lib/python3.8/site-packages/airflow/example_dags/example_trigger_target_dag.py
[2026-03-18T07:49:50.896+0000] {processor.py:830} INFO - Processing file /home/airflow/.local/lib/python3.8/site-packages/airflow/example_dags/example_trigger_target_dag.py for tasks to queue
[2026-03-18T07:49:50.897+0000] {logging_mixin.py:188} INFO - [2026-03-18T07:49:50.897+0000] {dagbag.py:538} INFO - Filling up the DagBag from /home/airflow/.local/lib/python3.8/site-packages/airflow/example_dags/example_trigger_target_dag.py
[2026-03-18T07:49:50.900+0000] {processor.py:840} INFO - DAG(s) 'example_trigger_target_dag' retrieved from /home/airflow/.local/lib/python3.8/site-packages/airflow/example_dags/example_trigger_target_dag.py
[2026-03-18T07:49:50.908+0000] {logging_mixin.py:188} INFO - [2026-03-18T07:49:50.908+0000] {dag.py:3036} INFO - Sync 1 DAGs
[2026-03-18T07:49:50.914+0000] {logging_mixin.py:188} INFO - [2026-03-18T07:49:50.914+0000] {dag.py:3823} INFO - Setting next_dagrun for example_trigger_target_dag to None, run_after=None
[2026-03-18T07:49:50.923+0000] {processor.py:183} INFO - Processing /home/airflow/.local/lib/python3.8/site-packages/airflow/example_dags/example_trigger_target_dag.py took 0.029 seconds
[2026-03-18T07:50:21.233+0000] {processor.py:161} INFO - Started process (PID=606) to work on /home/airflow/.local/lib/python3.8/site-packages/airflow/example_dags/example_trigger_target_dag.py
[2026-03-18T07:50:21.234+0000] {processor.py:830} INFO - Processing file /home/airflow/.local/lib/python3.8/site-packages/airflow/example_dags/example_trigger_target_dag.py for tasks to queue
[2026-03-18T07:50:21.235+0000] {logging_mixin.py:188} INFO - [2026-03-18T07:50:21.234+0000] {dagbag.py:538} INFO - Filling up the DagBag from /home/airflow/.local/lib/python3.8/site-packages/airflow/example_dags/example_trigger_target_dag.py
[2026-03-18T07:50:21.237+0000] {processor.py:840} INFO - DAG(s) 'example_trigger_target_dag' retrieved from /home/airflow/.local/lib/python3.8/site-packages/airflow/example_dags/example_trigger_target_dag.py
[2026-03-18T07:50:21.246+0000] {logging_mixin.py:188} INFO - [2026-03-18T07:50:21.246+0000] {dag.py:3036} INFO - Sync 1 DAGs
[2026-03-18T07:50:21.253+0000] {logging_mixin.py:188} INFO - [2026-03-18T07:50:21.253+0000] {dag.py:3823} INFO - Setting next_dagrun for example_trigger_target_dag to None, run_after=None
[2026-03-18T07:50:21.264+0000] {processor.py:183} INFO - Processing /home/airflow/.local/lib/python3.8/site-packages/airflow/example_dags/example_trigger_target_dag.py took 0.033 seconds
[2026-03-18T07:50:51.739+0000] {processor.py:161} INFO - Started process (PID=662) to work on /home/airflow/.local/lib/python3.8/site-packages/airflow/example_dags/example_trigger_target_dag.py
[2026-03-18T07:50:51.741+0000] {processor.py:830} INFO - Processing file /home/airflow/.local/lib/python3.8/site-packages/airflow/example_dags/example_trigger_target_dag.py for tasks to queue
[2026-03-18T07:50:51.741+0000] {logging_mixin.py:188} INFO - [2026-03-18T07:50:51.741+0000] {dagbag.py:538} INFO - Filling up the DagBag from /home/airflow/.local/lib/python3.8/site-packages/airflow/example_dags/example_trigger_target_dag.py
[2026-03-18T07:50:51.746+0000] {processor.py:840} INFO - DAG(s) 'example_trigger_target_dag' retrieved from /home/airflow/.local/lib/python3.8/site-packages/airflow/example_dags/example_trigger_target_dag.py
[2026-03-18T07:50:51.754+0000] {logging_mixin.py:188} INFO - [2026-03-18T07:50:51.754+0000] {dag.py:3036} INFO - Sync 1 DAGs
[2026-03-18T07:50:51.760+0000] {logging_mixin.py:188} INFO - [2026-03-18T07:50:51.760+0000] {dag.py:3823} INFO - Setting next_dagrun for example_trigger_target_dag to None, run_after=None
[2026-03-18T07:50:51.770+0000] {processor.py:183} INFO - Processing /home/airflow/.local/lib/python3.8/site-packages/airflow/example_dags/example_trigger_target_dag.py took 0.033 seconds
[2026-03-18T07:51:22.212+0000] {processor.py:161} INFO - Started process (PID=724) to work on /home/airflow/.local/lib/python3.8/site-packages/airflow/example_dags/example_trigger_target_dag.py
[2026-03-18T07:51:22.214+0000] {processor.py:830} INFO - Processing file /home/airflow/.local/lib/python3.8/site-packages/airflow/example_dags/example_trigger_target_dag.py for tasks to queue
[2026-03-18T07:51:22.215+0000] {logging_mixin.py:188} INFO - [2026-03-18T07:51:22.215+0000] {dagbag.py:538} INFO - Filling up the DagBag from /home/airflow/.local/lib/python3.8/site-packages/airflow/example_dags/example_trigger_target_dag.py
[2026-03-18T07:51:22.219+0000] {processor.py:840} INFO - DAG(s) 'example_trigger_target_dag' retrieved from /home/airflow/.local/lib/python3.8/site-packages/airflow/example_dags/example_trigger_target_dag.py
[2026-03-18T07:51:22.230+0000] {logging_mixin.py:188} INFO - [2026-03-18T07:51:22.230+0000] {dag.py:3036} INFO - Sync 1 DAGs
[2026-03-18T07:51:22.235+0000] {logging_mixin.py:188} INFO - [2026-03-18T07:51:22.235+0000] {dag.py:3823} INFO - Setting next_dagrun for example_trigger_target_dag to None, run_after=None
[2026-03-18T07:51:22.244+0000] {processor.py:183} INFO - Processing /home/airflow/.local/lib/python3.8/site-packages/airflow/example_dags/example_trigger_target_dag.py took 0.034 seconds
[2026-03-18T07:51:52.672+0000] {processor.py:161} INFO - Started process (PID=780) to work on /home/airflow/.local/lib/python3.8/site-packages/airflow/example_dags/example_trigger_target_dag.py
[2026-03-18T07:51:52.674+0000] {processor.py:830} INFO - Processing file /home/airflow/.local/lib/python3.8/site-packages/airflow/example_dags/example_trigger_target_dag.py for tasks to queue
[2026-03-18T07:51:52.675+0000] {logging_mixin.py:188} INFO - [2026-03-18T07:51:52.675+0000] {dagbag.py:538} INFO - Filling up the DagBag from /home/airflow/.local/lib/python3.8/site-packages/airflow/example_dags/example_trigger_target_dag.py
[2026-03-18T07:51:52.680+0000] {processor.py:840} INFO - DAG(s) 'example_trigger_target_dag' retrieved from /home/airflow/.local/lib/python3.8/site-packages/airflow/example_dags/example_trigger_target_dag.py
[2026-03-18T07:51:52.691+0000] {logging_mixin.py:188} INFO - [2026-03-18T07:51:52.691+0000] {dag.py:3036} INFO - Sync 1 DAGs
[2026-03-18T07:51:52.696+0000] {logging_mixin.py:188} INFO - [2026-03-18T07:51:52.696+0000] {dag.py:3823} INFO - Setting next_dagrun for example_trigger_target_dag to None, run_after=None
[2026-03-18T07:51:52.706+0000] {processor.py:183} INFO - Processing /home/airflow/.local/lib/python3.8/site-packages/airflow/example_dags/example_trigger_target_dag.py took 0.035 seconds
[2026-03-18T07:52:23.199+0000] {processor.py:161} INFO - Started process (PID=836) to work on /home/airflow/.local/lib/python3.8/site-packages/airflow/example_dags/example_trigger_target_dag.py
[2026-03-18T07:52:23.200+0000] {processor.py:830} INFO - Processing file /home/airflow/.local/lib/python3.8/site-packages/airflow/example_dags/example_trigger_target_dag.py for tasks to queue
[2026-03-18T07:52:23.202+0000] {logging_mixin.py:188} INFO - [2026-03-18T07:52:23.202+0000] {dagbag.py:538} INFO - Filling up the DagBag from /home/airflow/.local/lib/python3.8/site-packages/airflow/example_dags/example_trigger_target_dag.py
[2026-03-18T07:52:23.205+0000] {processor.py:840} INFO - DAG(s) 'example_trigger_target_dag' retrieved from /home/airflow/.local/lib/python3.8/site-packages/airflow/example_dags/example_trigger_target_dag.py
[2026-03-18T07:52:23.216+0000] {logging_mixin.py:188} INFO - [2026-03-18T07:52:23.216+0000] {dag.py:3036} INFO - Sync 1 DAGs
[2026-03-18T07:52:23.224+0000] {logging_mixin.py:188} INFO - [2026-03-18T07:52:23.224+0000] {dag.py:3823} INFO - Setting next_dagrun for example_trigger_target_dag to None, run_after=None
[2026-03-18T07:52:23.232+0000] {processor.py:183} INFO - Processing /home/airflow/.local/lib/python3.8/site-packages/airflow/example_dags/example_trigger_target_dag.py took 0.034 seconds
[2026-03-18T07:52:53.705+0000] {processor.py:161} INFO - Started process (PID=892) to work on /home/airflow/.local/lib/python3.8/site-packages/airflow/example_dags/example_trigger_target_dag.py
[2026-03-18T07:52:53.706+0000] {processor.py:830} INFO - Processing file /home/airflow/.local/lib/python3.8/site-packages/airflow/example_dags/example_trigger_target_dag.py for tasks to queue
[2026-03-18T07:52:53.707+0000] {logging_mixin.py:188} INFO - [2026-03-18T07:52:53.707+0000] {dagbag.py:538} INFO - Filling up the DagBag from /home/airflow/.local/lib/python3.8/site-packages/airflow/example_dags/example_trigger_target_dag.py
[2026-03-18T07:52:53.710+0000] {processor.py:840} INFO - DAG(s) 'example_trigger_target_dag' retrieved from /home/airflow/.local/lib/python3.8/site-packages/airflow/example_dags/example_trigger_target_dag.py
[2026-03-18T07:52:53.720+0000] {logging_mixin.py:188} INFO - [2026-03-18T07:52:53.720+0000] {dag.py:3036} INFO - Sync 1 DAGs
[2026-03-18T07:52:53.725+0000] {logging_mixin.py:188} INFO - [2026-03-18T07:52:53.725+0000] {dag.py:3823} INFO - Setting next_dagrun for example_trigger_target_dag to None, run_after=None
[2026-03-18T07:52:53.732+0000] {processor.py:183} INFO - Processing /home/airflow/.local/lib/python3.8/site-packages/airflow/example_dags/example_trigger_target_dag.py took 0.029 seconds
[2026-03-18T07:53:24.188+0000] {processor.py:161} INFO - Started process (PID=948) to work on /home/airflow/.local/lib/python3.8/site-packages/airflow/example_dags/example_trigger_target_dag.py
[2026-03-18T07:53:24.188+0000] {processor.py:830} INFO - Processing file /home/airflow/.local/lib/python3.8/site-packages/airflow/example_dags/example_trigger_target_dag.py for tasks to queue
[2026-03-18T07:53:24.190+0000] {logging_mixin.py:188} INFO - [2026-03-18T07:53:24.190+0000] {dagbag.py:538} INFO - Filling up the DagBag from /home/airflow/.local/lib/python3.8/site-packages/airflow/example_dags/example_trigger_target_dag.py
[2026-03-18T07:53:24.193+0000] {processor.py:840} INFO - DAG(s) 'example_trigger_target_dag' retrieved from /home/airflow/.local/lib/python3.8/site-packages/airflow/example_dags/example_trigger_target_dag.py
[2026-03-18T07:53:24.206+0000] {logging_mixin.py:188} INFO - [2026-03-18T07:53:24.206+0000] {dag.py:3036} INFO - Sync 1 DAGs
[2026-03-18T07:53:24.210+0000] {logging_mixin.py:188} INFO - [2026-03-18T07:53:24.210+0000] {dag.py:3823} INFO - Setting next_dagrun for example_trigger_target_dag to None, run_after=None
[2026-03-18T07:53:24.221+0000] {processor.py:183} INFO - Processing /home/airflow/.local/lib/python3.8/site-packages/airflow/example_dags/example_trigger_target_dag.py took 0.035 seconds
[2026-03-18T07:53:54.697+0000] {processor.py:161} INFO - Started process (PID=1004) to work on /home/airflow/.local/lib/python3.8/site-packages/airflow/example_dags/example_trigger_target_dag.py
[2026-03-18T07:53:54.698+0000] {processor.py:830} INFO - Processing file /home/airflow/.local/lib/python3.8/site-packages/airflow/example_dags/example_trigger_target_dag.py for tasks to queue
[2026-03-18T07:53:54.698+0000] {logging_mixin.py:188} INFO - [2026-03-18T07:53:54.698+0000] {dagbag.py:538} INFO - Filling up the DagBag from /home/airflow/.local/lib/python3.8/site-packages/airflow/example_dags/example_trigger_target_dag.py
[2026-03-18T07:53:54.701+0000] {processor.py:840} INFO - DAG(s) 'example_trigger_target_dag' retrieved from /home/airflow/.local/lib/python3.8/site-packages/airflow/example_dags/example_trigger_target_dag.py
[2026-03-18T07:53:54.713+0000] {logging_mixin.py:188} INFO - [2026-03-18T07:53:54.713+0000] {dag.py:3036} INFO - Sync 1 DAGs
[2026-03-18T07:53:54.718+0000] {logging_mixin.py:188} INFO - [2026-03-18T07:53:54.718+0000] {dag.py:3823} INFO - Setting next_dagrun for example_trigger_target_dag to None, run_after=None
[2026-03-18T07:53:54.729+0000] {processor.py:183} INFO - Processing /home/airflow/.local/lib/python3.8/site-packages/airflow/example_dags/example_trigger_target_dag.py took 0.033 seconds
[2026-03-18T07:54:25.126+0000] {processor.py:161} INFO - Started process (PID=1060) to work on /home/airflow/.local/lib/python3.8/site-packages/airflow/example_dags/example_trigger_target_dag.py
[2026-03-18T07:54:25.126+0000] {processor.py:830} INFO - Processing file /home/airflow/.local/lib/python3.8/site-packages/airflow/example_dags/example_trigger_target_dag.py for tasks to queue
[2026-03-18T07:54:25.127+0000] {logging_mixin.py:188} INFO - [2026-03-18T07:54:25.127+0000] {dagbag.py:538} INFO - Filling up the DagBag from /home/airflow/.local/lib/python3.8/site-packages/airflow/example_dags/example_trigger_target_dag.py
[2026-03-18T07:54:25.130+0000] {processor.py:840} INFO - DAG(s) 'example_trigger_target_dag' retrieved from /home/airflow/.local/lib/python3.8/site-packages/airflow/example_dags/example_trigger_target_dag.py
[2026-03-18T07:54:25.138+0000] {logging_mixin.py:188} INFO - [2026-03-18T07:54:25.138+0000] {dag.py:3036} INFO - Sync 1 DAGs
[2026-03-18T07:54:25.143+0000] {logging_mixin.py:188} INFO - [2026-03-18T07:54:25.143+0000] {dag.py:3823} INFO - Setting next_dagrun for example_trigger_target_dag to None, run_after=None
[2026-03-18T07:54:25.151+0000] {processor.py:183} INFO - Processing /home/airflow/.local/lib/python3.8/site-packages/airflow/example_dags/example_trigger_target_dag.py took 0.027 seconds
[2026-03-18T07:54:55.583+0000] {processor.py:161} INFO - Started process (PID=1116) to work on /home/airflow/.local/lib/python3.8/site-packages/airflow/example_dags/example_trigger_target_dag.py
[2026-03-18T07:54:55.584+0000] {processor.py:830} INFO - Processing file /home/airflow/.local/lib/python3.8/site-packages/airflow/example_dags/example_trigger_target_dag.py for tasks to queue
[2026-03-18T07:54:55.585+0000] {logging_mixin.py:188} INFO - [2026-03-18T07:54:55.585+0000] {dagbag.py:538} INFO - Filling up the DagBag from /home/airflow/.local/lib/python3.8/site-packages/airflow/example_dags/example_trigger_target_dag.py
[2026-03-18T07:54:55.588+0000] {processor.py:840} INFO - DAG(s) 'example_trigger_target_dag' retrieved from /home/airflow/.local/lib/python3.8/site-packages/airflow/example_dags/example_trigger_target_dag.py
[2026-03-18T07:54:55.601+0000] {logging_mixin.py:188} INFO - [2026-03-18T07:54:55.601+0000] {dag.py:3036} INFO - Sync 1 DAGs
[2026-03-18T07:54:55.608+0000] {logging_mixin.py:188} INFO - [2026-03-18T07:54:55.607+0000] {dag.py:3823} INFO - Setting next_dagrun for example_trigger_target_dag to None, run_after=None
[2026-03-18T07:54:55.618+0000] {processor.py:183} INFO - Processing /home/airflow/.local/lib/python3.8/site-packages/airflow/example_dags/example_trigger_target_dag.py took 0.037 seconds
[2026-03-18T07:55:26.056+0000] {processor.py:161} INFO - Started process (PID=1172) to work on /home/airflow/.local/lib/python3.8/site-packages/airflow/example_dags/example_trigger_target_dag.py
[2026-03-18T07:55:26.057+0000] {processor.py:830} INFO - Processing file /home/airflow/.local/lib/python3.8/site-packages/airflow/example_dags/example_trigger_target_dag.py for tasks to queue
[2026-03-18T07:55:26.060+0000] {logging_mixin.py:188} INFO - [2026-03-18T07:55:26.060+0000] {dagbag.py:538} INFO - Filling up the DagBag from /home/airflow/.local/lib/python3.8/site-packages/airflow/example_dags/example_trigger_target_dag.py
[2026-03-18T07:55:26.063+0000] {processor.py:840} INFO - DAG(s) 'example_trigger_target_dag' retrieved from /home/airflow/.local/lib/python3.8/site-packages/airflow/example_dags/example_trigger_target_dag.py
[2026-03-18T07:55:26.074+0000] {logging_mixin.py:188} INFO - [2026-03-18T07:55:26.074+0000] {dag.py:3036} INFO - Sync 1 DAGs
[2026-03-18T07:55:26.079+0000] {logging_mixin.py:188} INFO - [2026-03-18T07:55:26.079+0000] {dag.py:3823} INFO - Setting next_dagrun for example_trigger_target_dag to None, run_after=None
[2026-03-18T07:55:26.087+0000] {processor.py:183} INFO - Processing /home/airflow/.local/lib/python3.8/site-packages/airflow/example_dags/example_trigger_target_dag.py took 0.032 seconds
[2026-03-18T07:55:56.513+0000] {processor.py:161} INFO - Started process (PID=1228) to work on /home/airflow/.local/lib/python3.8/site-packages/airflow/example_dags/example_trigger_target_dag.py
[2026-03-18T07:55:56.513+0000] {processor.py:830} INFO - Processing file /home/airflow/.local/lib/python3.8/site-packages/airflow/example_dags/example_trigger_target_dag.py for tasks to queue
[2026-03-18T07:55:56.514+0000] {logging_mixin.py:188} INFO - [2026-03-18T07:55:56.514+0000] {dagbag.py:538} INFO - Filling up the DagBag from /home/airflow/.local/lib/python3.8/site-packages/airflow/example_dags/example_trigger_target_dag.py
[2026-03-18T07:55:56.518+0000] {processor.py:840} INFO - DAG(s) 'example_trigger_target_dag' retrieved from /home/airflow/.local/lib/python3.8/site-packages/airflow/example_dags/example_trigger_target_dag.py
[2026-03-18T07:55:56.528+0000] {logging_mixin.py:188} INFO - [2026-03-18T07:55:56.528+0000] {dag.py:3036} INFO - Sync 1 DAGs
[2026-03-18T07:55:56.534+0000] {logging_mixin.py:188} INFO - [2026-03-18T07:55:56.533+0000] {dag.py:3823} INFO - Setting next_dagrun for example_trigger_target_dag to None, run_after=None
[2026-03-18T07:55:56.540+0000] {processor.py:183} INFO - Processing /home/airflow/.local/lib/python3.8/site-packages/airflow/example_dags/example_trigger_target_dag.py took 0.030 seconds
[2026-03-18T07:56:26.890+0000] {processor.py:161} INFO - Started process (PID=1284) to work on /home/airflow/.local/lib/python3.8/site-packages/airflow/example_dags/example_trigger_target_dag.py
[2026-03-18T07:56:26.891+0000] {processor.py:830} INFO - Processing file /home/airflow/.local/lib/python3.8/site-packages/airflow/example_dags/example_trigger_target_dag.py for tasks to queue
[2026-03-18T07:56:26.892+0000] {logging_mixin.py:188} INFO - [2026-03-18T07:56:26.892+0000] {dagbag.py:538} INFO - Filling up the DagBag from /home/airflow/.local/lib/python3.8/site-packages/airflow/example_dags/example_trigger_target_dag.py
[2026-03-18T07:56:26.897+0000] {processor.py:840} INFO - DAG(s) 'example_trigger_target_dag' retrieved from /home/airflow/.local/lib/python3.8/site-packages/airflow/example_dags/example_trigger_target_dag.py
[2026-03-18T07:56:26.904+0000] {logging_mixin.py:188} INFO - [2026-03-18T07:56:26.904+0000] {dag.py:3036} INFO - Sync 1 DAGs
[2026-03-18T07:56:26.909+0000] {logging_mixin.py:188} INFO - [2026-03-18T07:56:26.909+0000] {dag.py:3823} INFO - Setting next_dagrun for example_trigger_target_dag to None, run_after=None
[2026-03-18T07:56:26.918+0000] {processor.py:183} INFO - Processing /home/airflow/.local/lib/python3.8/site-packages/airflow/example_dags/example_trigger_target_dag.py took 0.030 seconds
[2026-03-18T07:56:57.346+0000] {processor.py:161} INFO - Started process (PID=1340) to work on /home/airflow/.local/lib/python3.8/site-packages/airflow/example_dags/example_trigger_target_dag.py
[2026-03-18T07:56:57.348+0000] {processor.py:830} INFO - Processing file /home/airflow/.local/lib/python3.8/site-packages/airflow/example_dags/example_trigger_target_dag.py for tasks to queue
[2026-03-18T07:56:57.349+0000] {logging_mixin.py:188} INFO - [2026-03-18T07:56:57.349+0000] {dagbag.py:538} INFO - Filling up the DagBag from /home/airflow/.local/lib/python3.8/site-packages/airflow/example_dags/example_trigger_target_dag.py
[2026-03-18T07:56:57.353+0000] {processor.py:840} INFO - DAG(s) 'example_trigger_target_dag' retrieved from /home/airflow/.local/lib/python3.8/site-packages/airflow/example_dags/example_trigger_target_dag.py
[2026-03-18T07:56:57.363+0000] {logging_mixin.py:188} INFO - [2026-03-18T07:56:57.363+0000] {dag.py:3036} INFO - Sync 1 DAGs
[2026-03-18T07:56:57.369+0000] {logging_mixin.py:188} INFO - [2026-03-18T07:56:57.369+0000] {dag.py:3823} INFO - Setting next_dagrun for example_trigger_target_dag to None, run_after=None
[2026-03-18T07:56:57.375+0000] {processor.py:183} INFO - Processing /home/airflow/.local/lib/python3.8/site-packages/airflow/example_dags/example_trigger_target_dag.py took 0.030 seconds
[2026-03-18T07:57:27.852+0000] {processor.py:161} INFO - Started process (PID=1396) to work on /home/airflow/.local/lib/python3.8/site-packages/airflow/example_dags/example_trigger_target_dag.py
[2026-03-18T07:57:27.853+0000] {processor.py:830} INFO - Processing file /home/airflow/.local/lib/python3.8/site-packages/airflow/example_dags/example_trigger_target_dag.py for tasks to queue
[2026-03-18T07:57:27.855+0000] {logging_mixin.py:188} INFO - [2026-03-18T07:57:27.855+0000] {dagbag.py:538} INFO - Filling up the DagBag from /home/airflow/.local/lib/python3.8/site-packages/airflow/example_dags/example_trigger_target_dag.py
[2026-03-18T07:57:27.860+0000] {processor.py:840} INFO - DAG(s) 'example_trigger_target_dag' retrieved from /home/airflow/.local/lib/python3.8/site-packages/airflow/example_dags/example_trigger_target_dag.py
[2026-03-18T07:57:27.871+0000] {logging_mixin.py:188} INFO - [2026-03-18T07:57:27.871+0000] {dag.py:3036} INFO - Sync 1 DAGs
[2026-03-18T07:57:27.876+0000] {logging_mixin.py:188} INFO - [2026-03-18T07:57:27.876+0000] {dag.py:3823} INFO - Setting next_dagrun for example_trigger_target_dag to None, run_after=None
[2026-03-18T07:57:27.883+0000] {processor.py:183} INFO - Processing /home/airflow/.local/lib/python3.8/site-packages/airflow/example_dags/example_trigger_target_dag.py took 0.032 seconds
[2026-03-18T07:57:58.381+0000] {processor.py:161} INFO - Started process (PID=1452) to work on /home/airflow/.local/lib/python3.8/site-packages/airflow/example_dags/example_trigger_target_dag.py
[2026-03-18T07:57:58.382+0000] {processor.py:830} INFO - Processing file /home/airflow/.local/lib/python3.8/site-packages/airflow/example_dags/example_trigger_target_dag.py for tasks to queue
[2026-03-18T07:57:58.383+0000] {logging_mixin.py:188} INFO - [2026-03-18T07:57:58.383+0000] {dagbag.py:538} INFO - Filling up the DagBag from /home/airflow/.local/lib/python3.8/site-packages/airflow/example_dags/example_trigger_target_dag.py
[2026-03-18T07:57:58.386+0000] {processor.py:840} INFO - DAG(s) 'example_trigger_target_dag' retrieved from /home/airflow/.local/lib/python3.8/site-packages/airflow/example_dags/example_trigger_target_dag.py
[2026-03-18T07:57:58.395+0000] {logging_mixin.py:188} INFO - [2026-03-18T07:57:58.395+0000] {dag.py:3036} INFO - Sync 1 DAGs
[2026-03-18T07:57:58.399+0000] {logging_mixin.py:188} INFO - [2026-03-18T07:57:58.399+0000] {dag.py:3823} INFO - Setting next_dagrun for example_trigger_target_dag to None, run_after=None
[2026-03-18T07:57:58.409+0000] {processor.py:183} INFO - Processing /home/airflow/.local/lib/python3.8/site-packages/airflow/example_dags/example_trigger_target_dag.py took 0.029 seconds
[2026-03-18T07:58:28.841+0000] {processor.py:161} INFO - Started process (PID=1508) to work on /home/airflow/.local/lib/python3.8/site-packages/airflow/example_dags/example_trigger_target_dag.py
[2026-03-18T07:58:28.842+0000] {processor.py:830} INFO - Processing file /home/airflow/.local/lib/python3.8/site-packages/airflow/example_dags/example_trigger_target_dag.py for tasks to queue
[2026-03-18T07:58:28.843+0000] {logging_mixin.py:188} INFO - [2026-03-18T07:58:28.843+0000] {dagbag.py:538} INFO - Filling up the DagBag from /home/airflow/.local/lib/python3.8/site-packages/airflow/example_dags/example_trigger_target_dag.py
[2026-03-18T07:58:28.846+0000] {processor.py:840} INFO - DAG(s) 'example_trigger_target_dag' retrieved from /home/airflow/.local/lib/python3.8/site-packages/airflow/example_dags/example_trigger_target_dag.py
[2026-03-18T07:58:28.855+0000] {logging_mixin.py:188} INFO - [2026-03-18T07:58:28.855+0000] {dag.py:3036} INFO - Sync 1 DAGs
[2026-03-18T07:58:28.861+0000] {logging_mixin.py:188} INFO - [2026-03-18T07:58:28.861+0000] {dag.py:3823} INFO - Setting next_dagrun for example_trigger_target_dag to None, run_after=None
[2026-03-18T07:58:28.875+0000] {processor.py:183} INFO - Processing /home/airflow/.local/lib/python3.8/site-packages/airflow/example_dags/example_trigger_target_dag.py took 0.035 seconds
[2026-03-18T07:58:59.362+0000] {processor.py:161} INFO - Started process (PID=1564) to work on /home/airflow/.local/lib/python3.8/site-packages/airflow/example_dags/example_trigger_target_dag.py
[2026-03-18T07:58:59.363+0000] {processor.py:830} INFO - Processing file /home/airflow/.local/lib/python3.8/site-packages/airflow/example_dags/example_trigger_target_dag.py for tasks to queue
[2026-03-18T07:58:59.365+0000] {logging_mixin.py:188} INFO - [2026-03-18T07:58:59.364+0000] {dagbag.py:538} INFO - Filling up the DagBag from /home/airflow/.local/lib/python3.8/site-packages/airflow/example_dags/example_trigger_target_dag.py
[2026-03-18T07:58:59.369+0000] {processor.py:840} INFO - DAG(s) 'example_trigger_target_dag' retrieved from /home/airflow/.local/lib/python3.8/site-packages/airflow/example_dags/example_trigger_target_dag.py
[2026-03-18T07:58:59.378+0000] {logging_mixin.py:188} INFO - [2026-03-18T07:58:59.378+0000] {dag.py:3036} INFO - Sync 1 DAGs
[2026-03-18T07:58:59.384+0000] {logging_mixin.py:188} INFO - [2026-03-18T07:58:59.384+0000] {dag.py:3823} INFO - Setting next_dagrun for example_trigger_target_dag to None, run_after=None
[2026-03-18T07:58:59.396+0000] {processor.py:183} INFO - Processing /home/airflow/.local/lib/python3.8/site-packages/airflow/example_dags/example_trigger_target_dag.py took 0.035 seconds
[2026-03-18T07:59:29.898+0000] {processor.py:161} INFO - Started process (PID=1620) to work on /home/airflow/.local/lib/python3.8/site-packages/airflow/example_dags/example_trigger_target_dag.py
[2026-03-18T07:59:29.899+0000] {processor.py:830} INFO - Processing file /home/airflow/.local/lib/python3.8/site-packages/airflow/example_dags/example_trigger_target_dag.py for tasks to queue
[2026-03-18T07:59:29.900+0000] {logging_mixin.py:188} INFO - [2026-03-18T07:59:29.900+0000] {dagbag.py:538} INFO - Filling up the DagBag from /home/airflow/.local/lib/python3.8/site-packages/airflow/example_dags/example_trigger_target_dag.py
[2026-03-18T07:59:29.903+0000] {processor.py:840} INFO - DAG(s) 'example_trigger_target_dag' retrieved from /home/airflow/.local/lib/python3.8/site-packages/airflow/example_dags/example_trigger_target_dag.py
[2026-03-18T07:59:29.914+0000] {logging_mixin.py:188} INFO - [2026-03-18T07:59:29.914+0000] {dag.py:3036} INFO - Sync 1 DAGs
[2026-03-18T07:59:29.920+0000] {logging_mixin.py:188} INFO - [2026-03-18T07:59:29.919+0000] {dag.py:3823} INFO - Setting next_dagrun for example_trigger_target_dag to None, run_after=None
[2026-03-18T07:59:29.928+0000] {processor.py:183} INFO - Processing /home/airflow/.local/lib/python3.8/site-packages/airflow/example_dags/example_trigger_target_dag.py took 0.032 seconds
[2026-03-18T08:00:01.387+0000] {processor.py:161} INFO - Started process (PID=56) to work on /home/airflow/.local/lib/python3.8/site-packages/airflow/example_dags/example_trigger_target_dag.py
[2026-03-18T08:00:01.388+0000] {processor.py:830} INFO - Processing file /home/airflow/.local/lib/python3.8/site-packages/airflow/example_dags/example_trigger_target_dag.py for tasks to queue
[2026-03-18T08:00:01.389+0000] {logging_mixin.py:188} INFO - [2026-03-18T08:00:01.389+0000] {dagbag.py:538} INFO - Filling up the DagBag from /home/airflow/.local/lib/python3.8/site-packages/airflow/example_dags/example_trigger_target_dag.py
[2026-03-18T08:00:01.396+0000] {processor.py:840} INFO - DAG(s) 'example_trigger_target_dag' retrieved from /home/airflow/.local/lib/python3.8/site-packages/airflow/example_dags/example_trigger_target_dag.py
[2026-03-18T08:00:01.408+0000] {logging_mixin.py:188} INFO - [2026-03-18T08:00:01.407+0000] {dag.py:3036} INFO - Sync 1 DAGs
[2026-03-18T08:00:01.416+0000] {logging_mixin.py:188} INFO - [2026-03-18T08:00:01.416+0000] {dag.py:3823} INFO - Setting next_dagrun for example_trigger_target_dag to None, run_after=None
[2026-03-18T08:00:01.430+0000] {processor.py:183} INFO - Processing /home/airflow/.local/lib/python3.8/site-packages/airflow/example_dags/example_trigger_target_dag.py took 0.045 seconds
[2026-03-18T08:00:31.758+0000] {processor.py:161} INFO - Started process (PID=111) to work on /home/airflow/.local/lib/python3.8/site-packages/airflow/example_dags/example_trigger_target_dag.py
[2026-03-18T08:00:31.761+0000] {processor.py:830} INFO - Processing file /home/airflow/.local/lib/python3.8/site-packages/airflow/example_dags/example_trigger_target_dag.py for tasks to queue
[2026-03-18T08:00:31.762+0000] {logging_mixin.py:188} INFO - [2026-03-18T08:00:31.762+0000] {dagbag.py:538} INFO - Filling up the DagBag from /home/airflow/.local/lib/python3.8/site-packages/airflow/example_dags/example_trigger_target_dag.py
[2026-03-18T08:00:31.765+0000] {processor.py:840} INFO - DAG(s) 'example_trigger_target_dag' retrieved from /home/airflow/.local/lib/python3.8/site-packages/airflow/example_dags/example_trigger_target_dag.py
[2026-03-18T08:00:31.826+0000] {logging_mixin.py:188} INFO - [2026-03-18T08:00:31.825+0000] {dag.py:3036} INFO - Sync 1 DAGs
[2026-03-18T08:00:31.831+0000] {logging_mixin.py:188} INFO - [2026-03-18T08:00:31.831+0000] {dag.py:3823} INFO - Setting next_dagrun for example_trigger_target_dag to None, run_after=None
[2026-03-18T08:00:31.845+0000] {processor.py:183} INFO - Processing /home/airflow/.local/lib/python3.8/site-packages/airflow/example_dags/example_trigger_target_dag.py took 0.088 seconds
[2026-03-18T08:01:02.845+0000] {processor.py:161} INFO - Started process (PID=167) to work on /home/airflow/.local/lib/python3.8/site-packages/airflow/example_dags/example_trigger_target_dag.py
[2026-03-18T08:01:02.847+0000] {processor.py:830} INFO - Processing file /home/airflow/.local/lib/python3.8/site-packages/airflow/example_dags/example_trigger_target_dag.py for tasks to queue
[2026-03-18T08:01:02.849+0000] {logging_mixin.py:188} INFO - [2026-03-18T08:01:02.849+0000] {dagbag.py:538} INFO - Filling up the DagBag from /home/airflow/.local/lib/python3.8/site-packages/airflow/example_dags/example_trigger_target_dag.py
[2026-03-18T08:01:02.861+0000] {processor.py:840} INFO - DAG(s) 'example_trigger_target_dag' retrieved from /home/airflow/.local/lib/python3.8/site-packages/airflow/example_dags/example_trigger_target_dag.py
[2026-03-18T08:01:02.879+0000] {logging_mixin.py:188} INFO - [2026-03-18T08:01:02.879+0000] {dag.py:3036} INFO - Sync 1 DAGs
[2026-03-18T08:01:02.885+0000] {logging_mixin.py:188} INFO - [2026-03-18T08:01:02.885+0000] {dag.py:3823} INFO - Setting next_dagrun for example_trigger_target_dag to None, run_after=None
[2026-03-18T08:01:02.897+0000] {processor.py:183} INFO - Processing /home/airflow/.local/lib/python3.8/site-packages/airflow/example_dags/example_trigger_target_dag.py took 0.053 seconds
[2026-03-18T08:01:33.374+0000] {processor.py:161} INFO - Started process (PID=223) to work on /home/airflow/.local/lib/python3.8/site-packages/airflow/example_dags/example_trigger_target_dag.py
[2026-03-18T08:01:33.377+0000] {processor.py:830} INFO - Processing file /home/airflow/.local/lib/python3.8/site-packages/airflow/example_dags/example_trigger_target_dag.py for tasks to queue
[2026-03-18T08:01:33.378+0000] {logging_mixin.py:188} INFO - [2026-03-18T08:01:33.378+0000] {dagbag.py:538} INFO - Filling up the DagBag from /home/airflow/.local/lib/python3.8/site-packages/airflow/example_dags/example_trigger_target_dag.py
[2026-03-18T08:01:33.380+0000] {processor.py:840} INFO - DAG(s) 'example_trigger_target_dag' retrieved from /home/airflow/.local/lib/python3.8/site-packages/airflow/example_dags/example_trigger_target_dag.py
[2026-03-18T08:01:33.390+0000] {logging_mixin.py:188} INFO - [2026-03-18T08:01:33.390+0000] {dag.py:3036} INFO - Sync 1 DAGs
[2026-03-18T08:01:33.395+0000] {logging_mixin.py:188} INFO - [2026-03-18T08:01:33.395+0000] {dag.py:3823} INFO - Setting next_dagrun for example_trigger_target_dag to None, run_after=None
[2026-03-18T08:01:33.405+0000] {processor.py:183} INFO - Processing /home/airflow/.local/lib/python3.8/site-packages/airflow/example_dags/example_trigger_target_dag.py took 0.032 seconds
[2026-03-18T08:02:03.906+0000] {processor.py:161} INFO - Started process (PID=278) to work on /home/airflow/.local/lib/python3.8/site-packages/airflow/example_dags/example_trigger_target_dag.py
[2026-03-18T08:02:03.907+0000] {processor.py:830} INFO - Processing file /home/airflow/.local/lib/python3.8/site-packages/airflow/example_dags/example_trigger_target_dag.py for tasks to queue
[2026-03-18T08:02:03.909+0000] {logging_mixin.py:188} INFO - [2026-03-18T08:02:03.909+0000] {dagbag.py:538} INFO - Filling up the DagBag from /home/airflow/.local/lib/python3.8/site-packages/airflow/example_dags/example_trigger_target_dag.py
[2026-03-18T08:02:03.915+0000] {processor.py:840} INFO - DAG(s) 'example_trigger_target_dag' retrieved from /home/airflow/.local/lib/python3.8/site-packages/airflow/example_dags/example_trigger_target_dag.py
[2026-03-18T08:02:03.929+0000] {logging_mixin.py:188} INFO - [2026-03-18T08:02:03.929+0000] {dag.py:3036} INFO - Sync 1 DAGs
[2026-03-18T08:02:03.936+0000] {logging_mixin.py:188} INFO - [2026-03-18T08:02:03.936+0000] {dag.py:3823} INFO - Setting next_dagrun for example_trigger_target_dag to None, run_after=None
[2026-03-18T08:02:03.950+0000] {processor.py:183} INFO - Processing /home/airflow/.local/lib/python3.8/site-packages/airflow/example_dags/example_trigger_target_dag.py took 0.047 seconds
[2026-03-18T08:02:34.522+0000] {processor.py:161} INFO - Started process (PID=334) to work on /home/airflow/.local/lib/python3.8/site-packages/airflow/example_dags/example_trigger_target_dag.py
[2026-03-18T08:02:34.526+0000] {processor.py:830} INFO - Processing file /home/airflow/.local/lib/python3.8/site-packages/airflow/example_dags/example_trigger_target_dag.py for tasks to queue
[2026-03-18T08:02:34.527+0000] {logging_mixin.py:188} INFO - [2026-03-18T08:02:34.527+0000] {dagbag.py:538} INFO - Filling up the DagBag from /home/airflow/.local/lib/python3.8/site-packages/airflow/example_dags/example_trigger_target_dag.py
[2026-03-18T08:02:34.529+0000] {processor.py:840} INFO - DAG(s) 'example_trigger_target_dag' retrieved from /home/airflow/.local/lib/python3.8/site-packages/airflow/example_dags/example_trigger_target_dag.py
[2026-03-18T08:02:34.549+0000] {logging_mixin.py:188} INFO - [2026-03-18T08:02:34.549+0000] {dag.py:3036} INFO - Sync 1 DAGs
[2026-03-18T08:02:34.556+0000] {logging_mixin.py:188} INFO - [2026-03-18T08:02:34.556+0000] {dag.py:3823} INFO - Setting next_dagrun for example_trigger_target_dag to None, run_after=None
[2026-03-18T08:02:34.567+0000] {processor.py:183} INFO - Processing /home/airflow/.local/lib/python3.8/site-packages/airflow/example_dags/example_trigger_target_dag.py took 0.046 seconds
[2026-03-18T08:03:05.099+0000] {processor.py:161} INFO - Started process (PID=390) to work on /home/airflow/.local/lib/python3.8/site-packages/airflow/example_dags/example_trigger_target_dag.py
[2026-03-18T08:03:05.100+0000] {processor.py:830} INFO - Processing file /home/airflow/.local/lib/python3.8/site-packages/airflow/example_dags/example_trigger_target_dag.py for tasks to queue
[2026-03-18T08:03:05.102+0000] {logging_mixin.py:188} INFO - [2026-03-18T08:03:05.101+0000] {dagbag.py:538} INFO - Filling up the DagBag from /home/airflow/.local/lib/python3.8/site-packages/airflow/example_dags/example_trigger_target_dag.py
[2026-03-18T08:03:05.104+0000] {processor.py:840} INFO - DAG(s) 'example_trigger_target_dag' retrieved from /home/airflow/.local/lib/python3.8/site-packages/airflow/example_dags/example_trigger_target_dag.py
[2026-03-18T08:03:05.118+0000] {logging_mixin.py:188} INFO - [2026-03-18T08:03:05.118+0000] {dag.py:3036} INFO - Sync 1 DAGs
[2026-03-18T08:03:05.123+0000] {logging_mixin.py:188} INFO - [2026-03-18T08:03:05.123+0000] {dag.py:3823} INFO - Setting next_dagrun for example_trigger_target_dag to None, run_after=None
[2026-03-18T08:03:05.136+0000] {processor.py:183} INFO - Processing /home/airflow/.local/lib/python3.8/site-packages/airflow/example_dags/example_trigger_target_dag.py took 0.039 seconds
[2026-03-18T08:03:35.738+0000] {processor.py:161} INFO - Started process (PID=452) to work on /home/airflow/.local/lib/python3.8/site-packages/airflow/example_dags/example_trigger_target_dag.py
[2026-03-18T08:03:35.741+0000] {processor.py:830} INFO - Processing file /home/airflow/.local/lib/python3.8/site-packages/airflow/example_dags/example_trigger_target_dag.py for tasks to queue
[2026-03-18T08:03:35.742+0000] {logging_mixin.py:188} INFO - [2026-03-18T08:03:35.742+0000] {dagbag.py:538} INFO - Filling up the DagBag from /home/airflow/.local/lib/python3.8/site-packages/airflow/example_dags/example_trigger_target_dag.py
[2026-03-18T08:03:35.746+0000] {processor.py:840} INFO - DAG(s) 'example_trigger_target_dag' retrieved from /home/airflow/.local/lib/python3.8/site-packages/airflow/example_dags/example_trigger_target_dag.py
[2026-03-18T08:03:35.762+0000] {logging_mixin.py:188} INFO - [2026-03-18T08:03:35.762+0000] {dag.py:3036} INFO - Sync 1 DAGs
[2026-03-18T08:03:35.769+0000] {logging_mixin.py:188} INFO - [2026-03-18T08:03:35.769+0000] {dag.py:3823} INFO - Setting next_dagrun for example_trigger_target_dag to None, run_after=None
[2026-03-18T08:03:35.782+0000] {processor.py:183} INFO - Processing /home/airflow/.local/lib/python3.8/site-packages/airflow/example_dags/example_trigger_target_dag.py took 0.047 seconds
[2026-03-18T08:04:06.284+0000] {processor.py:161} INFO - Started process (PID=508) to work on /home/airflow/.local/lib/python3.8/site-packages/airflow/example_dags/example_trigger_target_dag.py
[2026-03-18T08:04:06.287+0000] {processor.py:830} INFO - Processing file /home/airflow/.local/lib/python3.8/site-packages/airflow/example_dags/example_trigger_target_dag.py for tasks to queue
[2026-03-18T08:04:06.288+0000] {logging_mixin.py:188} INFO - [2026-03-18T08:04:06.288+0000] {dagbag.py:538} INFO - Filling up the DagBag from /home/airflow/.local/lib/python3.8/site-packages/airflow/example_dags/example_trigger_target_dag.py
[2026-03-18T08:04:06.292+0000] {processor.py:840} INFO - DAG(s) 'example_trigger_target_dag' retrieved from /home/airflow/.local/lib/python3.8/site-packages/airflow/example_dags/example_trigger_target_dag.py
[2026-03-18T08:04:06.305+0000] {logging_mixin.py:188} INFO - [2026-03-18T08:04:06.305+0000] {dag.py:3036} INFO - Sync 1 DAGs
[2026-03-18T08:04:06.316+0000] {logging_mixin.py:188} INFO - [2026-03-18T08:04:06.316+0000] {dag.py:3823} INFO - Setting next_dagrun for example_trigger_target_dag to None, run_after=None
[2026-03-18T08:04:06.326+0000] {processor.py:183} INFO - Processing /home/airflow/.local/lib/python3.8/site-packages/airflow/example_dags/example_trigger_target_dag.py took 0.045 seconds
[2026-03-18T08:04:29.136+0000] {processor.py:161} INFO - Started process (PID=56) to work on /home/airflow/.local/lib/python3.8/site-packages/airflow/example_dags/example_trigger_target_dag.py
[2026-03-18T08:04:29.137+0000] {processor.py:830} INFO - Processing file /home/airflow/.local/lib/python3.8/site-packages/airflow/example_dags/example_trigger_target_dag.py for tasks to queue
[2026-03-18T08:04:29.138+0000] {logging_mixin.py:188} INFO - [2026-03-18T08:04:29.138+0000] {dagbag.py:538} INFO - Filling up the DagBag from /home/airflow/.local/lib/python3.8/site-packages/airflow/example_dags/example_trigger_target_dag.py
[2026-03-18T08:04:29.144+0000] {processor.py:840} INFO - DAG(s) 'example_trigger_target_dag' retrieved from /home/airflow/.local/lib/python3.8/site-packages/airflow/example_dags/example_trigger_target_dag.py
[2026-03-18T08:04:29.156+0000] {logging_mixin.py:188} INFO - [2026-03-18T08:04:29.156+0000] {dag.py:3036} INFO - Sync 1 DAGs
[2026-03-18T08:04:29.162+0000] {logging_mixin.py:188} INFO - [2026-03-18T08:04:29.162+0000] {dag.py:3823} INFO - Setting next_dagrun for example_trigger_target_dag to None, run_after=None
[2026-03-18T08:04:29.171+0000] {processor.py:183} INFO - Processing /home/airflow/.local/lib/python3.8/site-packages/airflow/example_dags/example_trigger_target_dag.py took 0.037 seconds
[2026-03-18T08:04:59.539+0000] {processor.py:161} INFO - Started process (PID=112) to work on /home/airflow/.local/lib/python3.8/site-packages/airflow/example_dags/example_trigger_target_dag.py
[2026-03-18T08:04:59.540+0000] {processor.py:830} INFO - Processing file /home/airflow/.local/lib/python3.8/site-packages/airflow/example_dags/example_trigger_target_dag.py for tasks to queue
[2026-03-18T08:04:59.541+0000] {logging_mixin.py:188} INFO - [2026-03-18T08:04:59.541+0000] {dagbag.py:538} INFO - Filling up the DagBag from /home/airflow/.local/lib/python3.8/site-packages/airflow/example_dags/example_trigger_target_dag.py
[2026-03-18T08:04:59.544+0000] {processor.py:840} INFO - DAG(s) 'example_trigger_target_dag' retrieved from /home/airflow/.local/lib/python3.8/site-packages/airflow/example_dags/example_trigger_target_dag.py
[2026-03-18T08:04:59.594+0000] {logging_mixin.py:188} INFO - [2026-03-18T08:04:59.594+0000] {dag.py:3036} INFO - Sync 1 DAGs
[2026-03-18T08:04:59.598+0000] {logging_mixin.py:188} INFO - [2026-03-18T08:04:59.598+0000] {dag.py:3823} INFO - Setting next_dagrun for example_trigger_target_dag to None, run_after=None
[2026-03-18T08:04:59.606+0000] {processor.py:183} INFO - Processing /home/airflow/.local/lib/python3.8/site-packages/airflow/example_dags/example_trigger_target_dag.py took 0.069 seconds
[2026-03-18T08:05:29.646+0000] {processor.py:161} INFO - Started process (PID=167) to work on /home/airflow/.local/lib/python3.8/site-packages/airflow/example_dags/example_trigger_target_dag.py
[2026-03-18T08:05:29.647+0000] {processor.py:830} INFO - Processing file /home/airflow/.local/lib/python3.8/site-packages/airflow/example_dags/example_trigger_target_dag.py for tasks to queue
[2026-03-18T08:05:29.649+0000] {logging_mixin.py:188} INFO - [2026-03-18T08:05:29.649+0000] {dagbag.py:538} INFO - Filling up the DagBag from /home/airflow/.local/lib/python3.8/site-packages/airflow/example_dags/example_trigger_target_dag.py
[2026-03-18T08:05:29.651+0000] {processor.py:840} INFO - DAG(s) 'example_trigger_target_dag' retrieved from /home/airflow/.local/lib/python3.8/site-packages/airflow/example_dags/example_trigger_target_dag.py
[2026-03-18T08:05:29.666+0000] {logging_mixin.py:188} INFO - [2026-03-18T08:05:29.666+0000] {dag.py:3036} INFO - Sync 1 DAGs
[2026-03-18T08:05:29.670+0000] {logging_mixin.py:188} INFO - [2026-03-18T08:05:29.670+0000] {dag.py:3823} INFO - Setting next_dagrun for example_trigger_target_dag to None, run_after=None
[2026-03-18T08:05:29.679+0000] {processor.py:183} INFO - Processing /home/airflow/.local/lib/python3.8/site-packages/airflow/example_dags/example_trigger_target_dag.py took 0.034 seconds
[2026-03-18T08:06:13.942+0000] {processor.py:161} INFO - Started process (PID=102) to work on /home/airflow/.local/lib/python3.8/site-packages/airflow/example_dags/example_trigger_target_dag.py
[2026-03-18T08:06:13.943+0000] {processor.py:830} INFO - Processing file /home/airflow/.local/lib/python3.8/site-packages/airflow/example_dags/example_trigger_target_dag.py for tasks to queue
[2026-03-18T08:06:13.945+0000] {logging_mixin.py:188} INFO - [2026-03-18T08:06:13.944+0000] {dagbag.py:538} INFO - Filling up the DagBag from /home/airflow/.local/lib/python3.8/site-packages/airflow/example_dags/example_trigger_target_dag.py
[2026-03-18T08:06:13.951+0000] {processor.py:840} INFO - DAG(s) 'example_trigger_target_dag' retrieved from /home/airflow/.local/lib/python3.8/site-packages/airflow/example_dags/example_trigger_target_dag.py
[2026-03-18T08:06:14.011+0000] {logging_mixin.py:188} INFO - [2026-03-18T08:06:14.011+0000] {dag.py:3036} INFO - Sync 1 DAGs
[2026-03-18T08:06:14.017+0000] {logging_mixin.py:188} INFO - [2026-03-18T08:06:14.017+0000] {dag.py:3823} INFO - Setting next_dagrun for example_trigger_target_dag to None, run_after=None
[2026-03-18T08:06:14.031+0000] {processor.py:183} INFO - Processing /home/airflow/.local/lib/python3.8/site-packages/airflow/example_dags/example_trigger_target_dag.py took 0.091 seconds
[2026-03-18T08:06:44.059+0000] {processor.py:161} INFO - Started process (PID=158) to work on /home/airflow/.local/lib/python3.8/site-packages/airflow/example_dags/example_trigger_target_dag.py
[2026-03-18T08:06:44.059+0000] {processor.py:830} INFO - Processing file /home/airflow/.local/lib/python3.8/site-packages/airflow/example_dags/example_trigger_target_dag.py for tasks to queue
[2026-03-18T08:06:44.060+0000] {logging_mixin.py:188} INFO - [2026-03-18T08:06:44.060+0000] {dagbag.py:538} INFO - Filling up the DagBag from /home/airflow/.local/lib/python3.8/site-packages/airflow/example_dags/example_trigger_target_dag.py
[2026-03-18T08:06:44.063+0000] {processor.py:840} INFO - DAG(s) 'example_trigger_target_dag' retrieved from /home/airflow/.local/lib/python3.8/site-packages/airflow/example_dags/example_trigger_target_dag.py
[2026-03-18T08:06:44.072+0000] {logging_mixin.py:188} INFO - [2026-03-18T08:06:44.072+0000] {dag.py:3036} INFO - Sync 1 DAGs
[2026-03-18T08:06:44.077+0000] {logging_mixin.py:188} INFO - [2026-03-18T08:06:44.077+0000] {dag.py:3823} INFO - Setting next_dagrun for example_trigger_target_dag to None, run_after=None
[2026-03-18T08:06:44.084+0000] {processor.py:183} INFO - Processing /home/airflow/.local/lib/python3.8/site-packages/airflow/example_dags/example_trigger_target_dag.py took 0.027 seconds
[2026-03-18T08:07:14.711+0000] {processor.py:161} INFO - Started process (PID=214) to work on /home/airflow/.local/lib/python3.8/site-packages/airflow/example_dags/example_trigger_target_dag.py
[2026-03-18T08:07:14.712+0000] {processor.py:830} INFO - Processing file /home/airflow/.local/lib/python3.8/site-packages/airflow/example_dags/example_trigger_target_dag.py for tasks to queue
[2026-03-18T08:07:14.713+0000] {logging_mixin.py:188} INFO - [2026-03-18T08:07:14.713+0000] {dagbag.py:538} INFO - Filling up the DagBag from /home/airflow/.local/lib/python3.8/site-packages/airflow/example_dags/example_trigger_target_dag.py
[2026-03-18T08:07:14.716+0000] {processor.py:840} INFO - DAG(s) 'example_trigger_target_dag' retrieved from /home/airflow/.local/lib/python3.8/site-packages/airflow/example_dags/example_trigger_target_dag.py
[2026-03-18T08:07:14.726+0000] {logging_mixin.py:188} INFO - [2026-03-18T08:07:14.726+0000] {dag.py:3036} INFO - Sync 1 DAGs
[2026-03-18T08:07:14.731+0000] {logging_mixin.py:188} INFO - [2026-03-18T08:07:14.731+0000] {dag.py:3823} INFO - Setting next_dagrun for example_trigger_target_dag to None, run_after=None
[2026-03-18T08:07:14.739+0000] {processor.py:183} INFO - Processing /home/airflow/.local/lib/python3.8/site-packages/airflow/example_dags/example_trigger_target_dag.py took 0.030 seconds
[2026-03-18T08:07:45.248+0000] {processor.py:161} INFO - Started process (PID=270) to work on /home/airflow/.local/lib/python3.8/site-packages/airflow/example_dags/example_trigger_target_dag.py
[2026-03-18T08:07:45.249+0000] {processor.py:830} INFO - Processing file /home/airflow/.local/lib/python3.8/site-packages/airflow/example_dags/example_trigger_target_dag.py for tasks to queue
[2026-03-18T08:07:45.251+0000] {logging_mixin.py:188} INFO - [2026-03-18T08:07:45.251+0000] {dagbag.py:538} INFO - Filling up the DagBag from /home/airflow/.local/lib/python3.8/site-packages/airflow/example_dags/example_trigger_target_dag.py
[2026-03-18T08:07:45.253+0000] {processor.py:840} INFO - DAG(s) 'example_trigger_target_dag' retrieved from /home/airflow/.local/lib/python3.8/site-packages/airflow/example_dags/example_trigger_target_dag.py
[2026-03-18T08:07:45.264+0000] {logging_mixin.py:188} INFO - [2026-03-18T08:07:45.264+0000] {dag.py:3036} INFO - Sync 1 DAGs
[2026-03-18T08:07:45.268+0000] {logging_mixin.py:188} INFO - [2026-03-18T08:07:45.268+0000] {dag.py:3823} INFO - Setting next_dagrun for example_trigger_target_dag to None, run_after=None
[2026-03-18T08:07:45.274+0000] {processor.py:183} INFO - Processing /home/airflow/.local/lib/python3.8/site-packages/airflow/example_dags/example_trigger_target_dag.py took 0.027 seconds
[2026-03-18T08:08:15.719+0000] {processor.py:161} INFO - Started process (PID=326) to work on /home/airflow/.local/lib/python3.8/site-packages/airflow/example_dags/example_trigger_target_dag.py
[2026-03-18T08:08:15.720+0000] {processor.py:830} INFO - Processing file /home/airflow/.local/lib/python3.8/site-packages/airflow/example_dags/example_trigger_target_dag.py for tasks to queue
[2026-03-18T08:08:15.722+0000] {logging_mixin.py:188} INFO - [2026-03-18T08:08:15.722+0000] {dagbag.py:538} INFO - Filling up the DagBag from /home/airflow/.local/lib/python3.8/site-packages/airflow/example_dags/example_trigger_target_dag.py
[2026-03-18T08:08:15.725+0000] {processor.py:840} INFO - DAG(s) 'example_trigger_target_dag' retrieved from /home/airflow/.local/lib/python3.8/site-packages/airflow/example_dags/example_trigger_target_dag.py
[2026-03-18T08:08:15.736+0000] {logging_mixin.py:188} INFO - [2026-03-18T08:08:15.736+0000] {dag.py:3036} INFO - Sync 1 DAGs
[2026-03-18T08:08:15.741+0000] {logging_mixin.py:188} INFO - [2026-03-18T08:08:15.741+0000] {dag.py:3823} INFO - Setting next_dagrun for example_trigger_target_dag to None, run_after=None
[2026-03-18T08:08:15.752+0000] {processor.py:183} INFO - Processing /home/airflow/.local/lib/python3.8/site-packages/airflow/example_dags/example_trigger_target_dag.py took 0.034 seconds
[2026-03-18T08:08:46.326+0000] {processor.py:161} INFO - Started process (PID=388) to work on /home/airflow/.local/lib/python3.8/site-packages/airflow/example_dags/example_trigger_target_dag.py
[2026-03-18T08:08:46.327+0000] {processor.py:830} INFO - Processing file /home/airflow/.local/lib/python3.8/site-packages/airflow/example_dags/example_trigger_target_dag.py for tasks to queue
[2026-03-18T08:08:46.329+0000] {logging_mixin.py:188} INFO - [2026-03-18T08:08:46.329+0000] {dagbag.py:538} INFO - Filling up the DagBag from /home/airflow/.local/lib/python3.8/site-packages/airflow/example_dags/example_trigger_target_dag.py
[2026-03-18T08:08:46.333+0000] {processor.py:840} INFO - DAG(s) 'example_trigger_target_dag' retrieved from /home/airflow/.local/lib/python3.8/site-packages/airflow/example_dags/example_trigger_target_dag.py
[2026-03-18T08:08:46.347+0000] {logging_mixin.py:188} INFO - [2026-03-18T08:08:46.347+0000] {dag.py:3036} INFO - Sync 1 DAGs
[2026-03-18T08:08:46.352+0000] {logging_mixin.py:188} INFO - [2026-03-18T08:08:46.352+0000] {dag.py:3823} INFO - Setting next_dagrun for example_trigger_target_dag to None, run_after=None
[2026-03-18T08:08:46.358+0000] {processor.py:183} INFO - Processing /home/airflow/.local/lib/python3.8/site-packages/airflow/example_dags/example_trigger_target_dag.py took 0.035 seconds
[2026-03-18T08:09:16.826+0000] {processor.py:161} INFO - Started process (PID=444) to work on /home/airflow/.local/lib/python3.8/site-packages/airflow/example_dags/example_trigger_target_dag.py
[2026-03-18T08:09:16.826+0000] {processor.py:830} INFO - Processing file /home/airflow/.local/lib/python3.8/site-packages/airflow/example_dags/example_trigger_target_dag.py for tasks to queue
[2026-03-18T08:09:16.827+0000] {logging_mixin.py:188} INFO - [2026-03-18T08:09:16.827+0000] {dagbag.py:538} INFO - Filling up the DagBag from /home/airflow/.local/lib/python3.8/site-packages/airflow/example_dags/example_trigger_target_dag.py
[2026-03-18T08:09:16.830+0000] {processor.py:840} INFO - DAG(s) 'example_trigger_target_dag' retrieved from /home/airflow/.local/lib/python3.8/site-packages/airflow/example_dags/example_trigger_target_dag.py
[2026-03-18T08:09:16.837+0000] {logging_mixin.py:188} INFO - [2026-03-18T08:09:16.837+0000] {dag.py:3036} INFO - Sync 1 DAGs
[2026-03-18T08:09:16.843+0000] {logging_mixin.py:188} INFO - [2026-03-18T08:09:16.842+0000] {dag.py:3823} INFO - Setting next_dagrun for example_trigger_target_dag to None, run_after=None
[2026-03-18T08:09:16.849+0000] {processor.py:183} INFO - Processing /home/airflow/.local/lib/python3.8/site-packages/airflow/example_dags/example_trigger_target_dag.py took 0.025 seconds
[2026-03-18T08:09:47.347+0000] {processor.py:161} INFO - Started process (PID=500) to work on /home/airflow/.local/lib/python3.8/site-packages/airflow/example_dags/example_trigger_target_dag.py
[2026-03-18T08:09:47.348+0000] {processor.py:830} INFO - Processing file /home/airflow/.local/lib/python3.8/site-packages/airflow/example_dags/example_trigger_target_dag.py for tasks to queue
[2026-03-18T08:09:47.348+0000] {logging_mixin.py:188} INFO - [2026-03-18T08:09:47.348+0000] {dagbag.py:538} INFO - Filling up the DagBag from /home/airflow/.local/lib/python3.8/site-packages/airflow/example_dags/example_trigger_target_dag.py
[2026-03-18T08:09:47.351+0000] {processor.py:840} INFO - DAG(s) 'example_trigger_target_dag' retrieved from /home/airflow/.local/lib/python3.8/site-packages/airflow/example_dags/example_trigger_target_dag.py
[2026-03-18T08:09:47.359+0000] {logging_mixin.py:188} INFO - [2026-03-18T08:09:47.358+0000] {dag.py:3036} INFO - Sync 1 DAGs
[2026-03-18T08:09:47.364+0000] {logging_mixin.py:188} INFO - [2026-03-18T08:09:47.364+0000] {dag.py:3823} INFO - Setting next_dagrun for example_trigger_target_dag to None, run_after=None
[2026-03-18T08:09:47.371+0000] {processor.py:183} INFO - Processing /home/airflow/.local/lib/python3.8/site-packages/airflow/example_dags/example_trigger_target_dag.py took 0.025 seconds
[2026-03-18T08:10:17.848+0000] {processor.py:161} INFO - Started process (PID=556) to work on /home/airflow/.local/lib/python3.8/site-packages/airflow/example_dags/example_trigger_target_dag.py
[2026-03-18T08:10:17.849+0000] {processor.py:830} INFO - Processing file /home/airflow/.local/lib/python3.8/site-packages/airflow/example_dags/example_trigger_target_dag.py for tasks to queue
[2026-03-18T08:10:17.850+0000] {logging_mixin.py:188} INFO - [2026-03-18T08:10:17.850+0000] {dagbag.py:538} INFO - Filling up the DagBag from /home/airflow/.local/lib/python3.8/site-packages/airflow/example_dags/example_trigger_target_dag.py
[2026-03-18T08:10:17.853+0000] {processor.py:840} INFO - DAG(s) 'example_trigger_target_dag' retrieved from /home/airflow/.local/lib/python3.8/site-packages/airflow/example_dags/example_trigger_target_dag.py
[2026-03-18T08:10:17.870+0000] {logging_mixin.py:188} INFO - [2026-03-18T08:10:17.869+0000] {dag.py:3036} INFO - Sync 1 DAGs
[2026-03-18T08:10:17.876+0000] {logging_mixin.py:188} INFO - [2026-03-18T08:10:17.876+0000] {dag.py:3823} INFO - Setting next_dagrun for example_trigger_target_dag to None, run_after=None
[2026-03-18T08:10:17.886+0000] {processor.py:183} INFO - Processing /home/airflow/.local/lib/python3.8/site-packages/airflow/example_dags/example_trigger_target_dag.py took 0.040 seconds
[2026-03-18T08:10:48.448+0000] {processor.py:161} INFO - Started process (PID=612) to work on /home/airflow/.local/lib/python3.8/site-packages/airflow/example_dags/example_trigger_target_dag.py
[2026-03-18T08:10:48.448+0000] {processor.py:830} INFO - Processing file /home/airflow/.local/lib/python3.8/site-packages/airflow/example_dags/example_trigger_target_dag.py for tasks to queue
[2026-03-18T08:10:48.449+0000] {logging_mixin.py:188} INFO - [2026-03-18T08:10:48.449+0000] {dagbag.py:538} INFO - Filling up the DagBag from /home/airflow/.local/lib/python3.8/site-packages/airflow/example_dags/example_trigger_target_dag.py
[2026-03-18T08:10:48.451+0000] {processor.py:840} INFO - DAG(s) 'example_trigger_target_dag' retrieved from /home/airflow/.local/lib/python3.8/site-packages/airflow/example_dags/example_trigger_target_dag.py
[2026-03-18T08:10:48.458+0000] {logging_mixin.py:188} INFO - [2026-03-18T08:10:48.458+0000] {dag.py:3036} INFO - Sync 1 DAGs
[2026-03-18T08:10:48.462+0000] {logging_mixin.py:188} INFO - [2026-03-18T08:10:48.462+0000] {dag.py:3823} INFO - Setting next_dagrun for example_trigger_target_dag to None, run_after=None
[2026-03-18T08:10:48.468+0000] {processor.py:183} INFO - Processing /home/airflow/.local/lib/python3.8/site-packages/airflow/example_dags/example_trigger_target_dag.py took 0.022 seconds
[2026-03-18T08:11:18.935+0000] {processor.py:161} INFO - Started process (PID=668) to work on /home/airflow/.local/lib/python3.8/site-packages/airflow/example_dags/example_trigger_target_dag.py
[2026-03-18T08:11:18.936+0000] {processor.py:830} INFO - Processing file /home/airflow/.local/lib/python3.8/site-packages/airflow/example_dags/example_trigger_target_dag.py for tasks to queue
[2026-03-18T08:11:18.938+0000] {logging_mixin.py:188} INFO - [2026-03-18T08:11:18.938+0000] {dagbag.py:538} INFO - Filling up the DagBag from /home/airflow/.local/lib/python3.8/site-packages/airflow/example_dags/example_trigger_target_dag.py
[2026-03-18T08:11:18.941+0000] {processor.py:840} INFO - DAG(s) 'example_trigger_target_dag' retrieved from /home/airflow/.local/lib/python3.8/site-packages/airflow/example_dags/example_trigger_target_dag.py
[2026-03-18T08:11:18.950+0000] {logging_mixin.py:188} INFO - [2026-03-18T08:11:18.950+0000] {dag.py:3036} INFO - Sync 1 DAGs
[2026-03-18T08:11:18.956+0000] {logging_mixin.py:188} INFO - [2026-03-18T08:11:18.956+0000] {dag.py:3823} INFO - Setting next_dagrun for example_trigger_target_dag to None, run_after=None
[2026-03-18T08:11:18.964+0000] {processor.py:183} INFO - Processing /home/airflow/.local/lib/python3.8/site-packages/airflow/example_dags/example_trigger_target_dag.py took 0.031 seconds
[2026-03-18T08:11:49.436+0000] {processor.py:161} INFO - Started process (PID=724) to work on /home/airflow/.local/lib/python3.8/site-packages/airflow/example_dags/example_trigger_target_dag.py
[2026-03-18T08:11:49.436+0000] {processor.py:830} INFO - Processing file /home/airflow/.local/lib/python3.8/site-packages/airflow/example_dags/example_trigger_target_dag.py for tasks to queue
[2026-03-18T08:11:49.438+0000] {logging_mixin.py:188} INFO - [2026-03-18T08:11:49.438+0000] {dagbag.py:538} INFO - Filling up the DagBag from /home/airflow/.local/lib/python3.8/site-packages/airflow/example_dags/example_trigger_target_dag.py
[2026-03-18T08:11:49.443+0000] {processor.py:840} INFO - DAG(s) 'example_trigger_target_dag' retrieved from /home/airflow/.local/lib/python3.8/site-packages/airflow/example_dags/example_trigger_target_dag.py
[2026-03-18T08:11:49.455+0000] {logging_mixin.py:188} INFO - [2026-03-18T08:11:49.455+0000] {dag.py:3036} INFO - Sync 1 DAGs
[2026-03-18T08:11:49.460+0000] {logging_mixin.py:188} INFO - [2026-03-18T08:11:49.459+0000] {dag.py:3823} INFO - Setting next_dagrun for example_trigger_target_dag to None, run_after=None
[2026-03-18T08:11:49.468+0000] {processor.py:183} INFO - Processing /home/airflow/.local/lib/python3.8/site-packages/airflow/example_dags/example_trigger_target_dag.py took 0.034 seconds
[2026-03-18T08:12:20.019+0000] {processor.py:161} INFO - Started process (PID=780) to work on /home/airflow/.local/lib/python3.8/site-packages/airflow/example_dags/example_trigger_target_dag.py
[2026-03-18T08:12:20.020+0000] {processor.py:830} INFO - Processing file /home/airflow/.local/lib/python3.8/site-packages/airflow/example_dags/example_trigger_target_dag.py for tasks to queue
[2026-03-18T08:12:20.021+0000] {logging_mixin.py:188} INFO - [2026-03-18T08:12:20.021+0000] {dagbag.py:538} INFO - Filling up the DagBag from /home/airflow/.local/lib/python3.8/site-packages/airflow/example_dags/example_trigger_target_dag.py
[2026-03-18T08:12:20.024+0000] {processor.py:840} INFO - DAG(s) 'example_trigger_target_dag' retrieved from /home/airflow/.local/lib/python3.8/site-packages/airflow/example_dags/example_trigger_target_dag.py
[2026-03-18T08:12:20.032+0000] {logging_mixin.py:188} INFO - [2026-03-18T08:12:20.032+0000] {dag.py:3036} INFO - Sync 1 DAGs
[2026-03-18T08:12:20.038+0000] {logging_mixin.py:188} INFO - [2026-03-18T08:12:20.038+0000] {dag.py:3823} INFO - Setting next_dagrun for example_trigger_target_dag to None, run_after=None
[2026-03-18T08:12:20.045+0000] {processor.py:183} INFO - Processing /home/airflow/.local/lib/python3.8/site-packages/airflow/example_dags/example_trigger_target_dag.py took 0.027 seconds
[2026-03-18T08:12:50.401+0000] {processor.py:161} INFO - Started process (PID=836) to work on /home/airflow/.local/lib/python3.8/site-packages/airflow/example_dags/example_trigger_target_dag.py
[2026-03-18T08:12:50.401+0000] {processor.py:830} INFO - Processing file /home/airflow/.local/lib/python3.8/site-packages/airflow/example_dags/example_trigger_target_dag.py for tasks to queue
[2026-03-18T08:12:50.402+0000] {logging_mixin.py:188} INFO - [2026-03-18T08:12:50.402+0000] {dagbag.py:538} INFO - Filling up the DagBag from /home/airflow/.local/lib/python3.8/site-packages/airflow/example_dags/example_trigger_target_dag.py
[2026-03-18T08:12:50.404+0000] {processor.py:840} INFO - DAG(s) 'example_trigger_target_dag' retrieved from /home/airflow/.local/lib/python3.8/site-packages/airflow/example_dags/example_trigger_target_dag.py
[2026-03-18T08:12:50.411+0000] {logging_mixin.py:188} INFO - [2026-03-18T08:12:50.411+0000] {dag.py:3036} INFO - Sync 1 DAGs
[2026-03-18T08:12:50.416+0000] {logging_mixin.py:188} INFO - [2026-03-18T08:12:50.415+0000] {dag.py:3823} INFO - Setting next_dagrun for example_trigger_target_dag to None, run_after=None
[2026-03-18T08:12:50.421+0000] {processor.py:183} INFO - Processing /home/airflow/.local/lib/python3.8/site-packages/airflow/example_dags/example_trigger_target_dag.py took 0.022 seconds
[2026-03-18T08:13:20.821+0000] {processor.py:161} INFO - Started process (PID=892) to work on /home/airflow/.local/lib/python3.8/site-packages/airflow/example_dags/example_trigger_target_dag.py
[2026-03-18T08:13:20.822+0000] {processor.py:830} INFO - Processing file /home/airflow/.local/lib/python3.8/site-packages/airflow/example_dags/example_trigger_target_dag.py for tasks to queue
[2026-03-18T08:13:20.823+0000] {logging_mixin.py:188} INFO - [2026-03-18T08:13:20.823+0000] {dagbag.py:538} INFO - Filling up the DagBag from /home/airflow/.local/lib/python3.8/site-packages/airflow/example_dags/example_trigger_target_dag.py
[2026-03-18T08:13:20.825+0000] {processor.py:840} INFO - DAG(s) 'example_trigger_target_dag' retrieved from /home/airflow/.local/lib/python3.8/site-packages/airflow/example_dags/example_trigger_target_dag.py
[2026-03-18T08:13:20.836+0000] {logging_mixin.py:188} INFO - [2026-03-18T08:13:20.836+0000] {dag.py:3036} INFO - Sync 1 DAGs
[2026-03-18T08:13:20.841+0000] {logging_mixin.py:188} INFO - [2026-03-18T08:13:20.841+0000] {dag.py:3823} INFO - Setting next_dagrun for example_trigger_target_dag to None, run_after=None
[2026-03-18T08:13:20.850+0000] {processor.py:183} INFO - Processing /home/airflow/.local/lib/python3.8/site-packages/airflow/example_dags/example_trigger_target_dag.py took 0.031 seconds
[2026-03-18T08:13:51.390+0000] {processor.py:161} INFO - Started process (PID=948) to work on /home/airflow/.local/lib/python3.8/site-packages/airflow/example_dags/example_trigger_target_dag.py
[2026-03-18T08:13:51.392+0000] {processor.py:830} INFO - Processing file /home/airflow/.local/lib/python3.8/site-packages/airflow/example_dags/example_trigger_target_dag.py for tasks to queue
[2026-03-18T08:13:51.393+0000] {logging_mixin.py:188} INFO - [2026-03-18T08:13:51.393+0000] {dagbag.py:538} INFO - Filling up the DagBag from /home/airflow/.local/lib/python3.8/site-packages/airflow/example_dags/example_trigger_target_dag.py
[2026-03-18T08:13:51.396+0000] {processor.py:840} INFO - DAG(s) 'example_trigger_target_dag' retrieved from /home/airflow/.local/lib/python3.8/site-packages/airflow/example_dags/example_trigger_target_dag.py
[2026-03-18T08:13:51.406+0000] {logging_mixin.py:188} INFO - [2026-03-18T08:13:51.406+0000] {dag.py:3036} INFO - Sync 1 DAGs
[2026-03-18T08:13:51.412+0000] {logging_mixin.py:188} INFO - [2026-03-18T08:13:51.412+0000] {dag.py:3823} INFO - Setting next_dagrun for example_trigger_target_dag to None, run_after=None
[2026-03-18T08:13:51.419+0000] {processor.py:183} INFO - Processing /home/airflow/.local/lib/python3.8/site-packages/airflow/example_dags/example_trigger_target_dag.py took 0.031 seconds
[2026-03-18T08:14:21.958+0000] {processor.py:161} INFO - Started process (PID=1004) to work on /home/airflow/.local/lib/python3.8/site-packages/airflow/example_dags/example_trigger_target_dag.py
[2026-03-18T08:14:21.959+0000] {processor.py:830} INFO - Processing file /home/airflow/.local/lib/python3.8/site-packages/airflow/example_dags/example_trigger_target_dag.py for tasks to queue
[2026-03-18T08:14:21.959+0000] {logging_mixin.py:188} INFO - [2026-03-18T08:14:21.959+0000] {dagbag.py:538} INFO - Filling up the DagBag from /home/airflow/.local/lib/python3.8/site-packages/airflow/example_dags/example_trigger_target_dag.py
[2026-03-18T08:14:21.962+0000] {processor.py:840} INFO - DAG(s) 'example_trigger_target_dag' retrieved from /home/airflow/.local/lib/python3.8/site-packages/airflow/example_dags/example_trigger_target_dag.py
[2026-03-18T08:14:21.977+0000] {logging_mixin.py:188} INFO - [2026-03-18T08:14:21.977+0000] {dag.py:3036} INFO - Sync 1 DAGs
[2026-03-18T08:14:21.983+0000] {logging_mixin.py:188} INFO - [2026-03-18T08:14:21.983+0000] {dag.py:3823} INFO - Setting next_dagrun for example_trigger_target_dag to None, run_after=None
[2026-03-18T08:14:21.992+0000] {processor.py:183} INFO - Processing /home/airflow/.local/lib/python3.8/site-packages/airflow/example_dags/example_trigger_target_dag.py took 0.036 seconds
[2026-03-18T08:14:52.556+0000] {processor.py:161} INFO - Started process (PID=1060) to work on /home/airflow/.local/lib/python3.8/site-packages/airflow/example_dags/example_trigger_target_dag.py
[2026-03-18T08:14:52.557+0000] {processor.py:830} INFO - Processing file /home/airflow/.local/lib/python3.8/site-packages/airflow/example_dags/example_trigger_target_dag.py for tasks to queue
[2026-03-18T08:14:52.558+0000] {logging_mixin.py:188} INFO - [2026-03-18T08:14:52.558+0000] {dagbag.py:538} INFO - Filling up the DagBag from /home/airflow/.local/lib/python3.8/site-packages/airflow/example_dags/example_trigger_target_dag.py
[2026-03-18T08:14:52.561+0000] {processor.py:840} INFO - DAG(s) 'example_trigger_target_dag' retrieved from /home/airflow/.local/lib/python3.8/site-packages/airflow/example_dags/example_trigger_target_dag.py
[2026-03-18T08:14:52.570+0000] {logging_mixin.py:188} INFO - [2026-03-18T08:14:52.570+0000] {dag.py:3036} INFO - Sync 1 DAGs
[2026-03-18T08:14:52.576+0000] {logging_mixin.py:188} INFO - [2026-03-18T08:14:52.576+0000] {dag.py:3823} INFO - Setting next_dagrun for example_trigger_target_dag to None, run_after=None
[2026-03-18T08:14:52.583+0000] {processor.py:183} INFO - Processing /home/airflow/.local/lib/python3.8/site-packages/airflow/example_dags/example_trigger_target_dag.py took 0.029 seconds
[2026-03-18T08:15:23.244+0000] {processor.py:161} INFO - Started process (PID=1116) to work on /home/airflow/.local/lib/python3.8/site-packages/airflow/example_dags/example_trigger_target_dag.py
[2026-03-18T08:15:23.245+0000] {processor.py:830} INFO - Processing file /home/airflow/.local/lib/python3.8/site-packages/airflow/example_dags/example_trigger_target_dag.py for tasks to queue
[2026-03-18T08:15:23.245+0000] {logging_mixin.py:188} INFO - [2026-03-18T08:15:23.245+0000] {dagbag.py:538} INFO - Filling up the DagBag from /home/airflow/.local/lib/python3.8/site-packages/airflow/example_dags/example_trigger_target_dag.py
[2026-03-18T08:15:23.250+0000] {processor.py:840} INFO - DAG(s) 'example_trigger_target_dag' retrieved from /home/airflow/.local/lib/python3.8/site-packages/airflow/example_dags/example_trigger_target_dag.py
[2026-03-18T08:15:23.260+0000] {logging_mixin.py:188} INFO - [2026-03-18T08:15:23.260+0000] {dag.py:3036} INFO - Sync 1 DAGs
[2026-03-18T08:15:23.266+0000] {logging_mixin.py:188} INFO - [2026-03-18T08:15:23.266+0000] {dag.py:3823} INFO - Setting next_dagrun for example_trigger_target_dag to None, run_after=None
[2026-03-18T08:15:23.274+0000] {processor.py:183} INFO - Processing /home/airflow/.local/lib/python3.8/site-packages/airflow/example_dags/example_trigger_target_dag.py took 0.032 seconds
[2026-03-18T08:15:53.770+0000] {processor.py:161} INFO - Started process (PID=1172) to work on /home/airflow/.local/lib/python3.8/site-packages/airflow/example_dags/example_trigger_target_dag.py
[2026-03-18T08:15:53.771+0000] {processor.py:830} INFO - Processing file /home/airflow/.local/lib/python3.8/site-packages/airflow/example_dags/example_trigger_target_dag.py for tasks to queue
[2026-03-18T08:15:53.773+0000] {logging_mixin.py:188} INFO - [2026-03-18T08:15:53.772+0000] {dagbag.py:538} INFO - Filling up the DagBag from /home/airflow/.local/lib/python3.8/site-packages/airflow/example_dags/example_trigger_target_dag.py
[2026-03-18T08:15:53.776+0000] {processor.py:840} INFO - DAG(s) 'example_trigger_target_dag' retrieved from /home/airflow/.local/lib/python3.8/site-packages/airflow/example_dags/example_trigger_target_dag.py
[2026-03-18T08:15:53.786+0000] {logging_mixin.py:188} INFO - [2026-03-18T08:15:53.786+0000] {dag.py:3036} INFO - Sync 1 DAGs
[2026-03-18T08:15:53.792+0000] {logging_mixin.py:188} INFO - [2026-03-18T08:15:53.792+0000] {dag.py:3823} INFO - Setting next_dagrun for example_trigger_target_dag to None, run_after=None
[2026-03-18T08:15:53.800+0000] {processor.py:183} INFO - Processing /home/airflow/.local/lib/python3.8/site-packages/airflow/example_dags/example_trigger_target_dag.py took 0.032 seconds
[2026-03-18T08:16:24.295+0000] {processor.py:161} INFO - Started process (PID=1228) to work on /home/airflow/.local/lib/python3.8/site-packages/airflow/example_dags/example_trigger_target_dag.py
[2026-03-18T08:16:24.296+0000] {processor.py:830} INFO - Processing file /home/airflow/.local/lib/python3.8/site-packages/airflow/example_dags/example_trigger_target_dag.py for tasks to queue
[2026-03-18T08:16:24.296+0000] {logging_mixin.py:188} INFO - [2026-03-18T08:16:24.296+0000] {dagbag.py:538} INFO - Filling up the DagBag from /home/airflow/.local/lib/python3.8/site-packages/airflow/example_dags/example_trigger_target_dag.py
[2026-03-18T08:16:24.299+0000] {processor.py:840} INFO - DAG(s) 'example_trigger_target_dag' retrieved from /home/airflow/.local/lib/python3.8/site-packages/airflow/example_dags/example_trigger_target_dag.py
[2026-03-18T08:16:24.306+0000] {logging_mixin.py:188} INFO - [2026-03-18T08:16:24.306+0000] {dag.py:3036} INFO - Sync 1 DAGs
[2026-03-18T08:16:24.310+0000] {logging_mixin.py:188} INFO - [2026-03-18T08:16:24.310+0000] {dag.py:3823} INFO - Setting next_dagrun for example_trigger_target_dag to None, run_after=None
[2026-03-18T08:16:24.316+0000] {processor.py:183} INFO - Processing /home/airflow/.local/lib/python3.8/site-packages/airflow/example_dags/example_trigger_target_dag.py took 0.023 seconds
[2026-03-18T08:16:54.868+0000] {processor.py:161} INFO - Started process (PID=1285) to work on /home/airflow/.local/lib/python3.8/site-packages/airflow/example_dags/example_trigger_target_dag.py
[2026-03-18T08:16:54.869+0000] {processor.py:830} INFO - Processing file /home/airflow/.local/lib/python3.8/site-packages/airflow/example_dags/example_trigger_target_dag.py for tasks to queue
[2026-03-18T08:16:54.870+0000] {logging_mixin.py:188} INFO - [2026-03-18T08:16:54.870+0000] {dagbag.py:538} INFO - Filling up the DagBag from /home/airflow/.local/lib/python3.8/site-packages/airflow/example_dags/example_trigger_target_dag.py
[2026-03-18T08:16:54.874+0000] {processor.py:840} INFO - DAG(s) 'example_trigger_target_dag' retrieved from /home/airflow/.local/lib/python3.8/site-packages/airflow/example_dags/example_trigger_target_dag.py
[2026-03-18T08:16:54.885+0000] {logging_mixin.py:188} INFO - [2026-03-18T08:16:54.884+0000] {dag.py:3036} INFO - Sync 1 DAGs
[2026-03-18T08:16:54.892+0000] {logging_mixin.py:188} INFO - [2026-03-18T08:16:54.891+0000] {dag.py:3823} INFO - Setting next_dagrun for example_trigger_target_dag to None, run_after=None
[2026-03-18T08:16:54.899+0000] {processor.py:183} INFO - Processing /home/airflow/.local/lib/python3.8/site-packages/airflow/example_dags/example_trigger_target_dag.py took 0.032 seconds
