[2026-03-18T07:45:19.146+0000] {processor.py:161} INFO - Started process (PID=80) to work on /home/airflow/.local/lib/python3.8/site-packages/airflow/example_dags/example_short_circuit_operator.py
[2026-03-18T07:45:19.147+0000] {processor.py:830} INFO - Processing file /home/airflow/.local/lib/python3.8/site-packages/airflow/example_dags/example_short_circuit_operator.py for tasks to queue
[2026-03-18T07:45:19.148+0000] {logging_mixin.py:188} INFO - [2026-03-18T07:45:19.148+0000] {dagbag.py:538} INFO - Filling up the DagBag from /home/airflow/.local/lib/python3.8/site-packages/airflow/example_dags/example_short_circuit_operator.py
[2026-03-18T07:45:19.151+0000] {processor.py:840} INFO - DAG(s) 'example_short_circuit_operator' retrieved from /home/airflow/.local/lib/python3.8/site-packages/airflow/example_dags/example_short_circuit_operator.py
[2026-03-18T07:45:19.195+0000] {logging_mixin.py:188} INFO - [2026-03-18T07:45:19.195+0000] {override.py:1769} INFO - Created Permission View: can read on DAG:example_short_circuit_operator
[2026-03-18T07:45:19.199+0000] {logging_mixin.py:188} INFO - [2026-03-18T07:45:19.199+0000] {override.py:1769} INFO - Created Permission View: can delete on DAG:example_short_circuit_operator
[2026-03-18T07:45:19.201+0000] {logging_mixin.py:188} INFO - [2026-03-18T07:45:19.201+0000] {override.py:1769} INFO - Created Permission View: can edit on DAG:example_short_circuit_operator
[2026-03-18T07:45:19.202+0000] {logging_mixin.py:188} INFO - [2026-03-18T07:45:19.202+0000] {dag.py:3036} INFO - Sync 1 DAGs
[2026-03-18T07:45:19.206+0000] {logging_mixin.py:188} INFO - [2026-03-18T07:45:19.206+0000] {dag.py:3058} INFO - Creating ORM DAG for example_short_circuit_operator
[2026-03-18T07:45:19.210+0000] {logging_mixin.py:188} INFO - [2026-03-18T07:45:19.210+0000] {dag.py:3823} INFO - Setting next_dagrun for example_short_circuit_operator to 2026-03-17 00:00:00+00:00, run_after=2026-03-18 00:00:00+00:00
[2026-03-18T07:45:19.217+0000] {processor.py:183} INFO - Processing /home/airflow/.local/lib/python3.8/site-packages/airflow/example_dags/example_short_circuit_operator.py took 0.073 seconds
[2026-03-18T07:45:49.745+0000] {processor.py:161} INFO - Started process (PID=135) to work on /home/airflow/.local/lib/python3.8/site-packages/airflow/example_dags/example_short_circuit_operator.py
[2026-03-18T07:45:49.746+0000] {processor.py:830} INFO - Processing file /home/airflow/.local/lib/python3.8/site-packages/airflow/example_dags/example_short_circuit_operator.py for tasks to queue
[2026-03-18T07:45:49.747+0000] {logging_mixin.py:188} INFO - [2026-03-18T07:45:49.747+0000] {dagbag.py:538} INFO - Filling up the DagBag from /home/airflow/.local/lib/python3.8/site-packages/airflow/example_dags/example_short_circuit_operator.py
[2026-03-18T07:45:49.751+0000] {processor.py:840} INFO - DAG(s) 'example_short_circuit_operator' retrieved from /home/airflow/.local/lib/python3.8/site-packages/airflow/example_dags/example_short_circuit_operator.py
[2026-03-18T07:45:49.761+0000] {logging_mixin.py:188} INFO - [2026-03-18T07:45:49.761+0000] {dag.py:3036} INFO - Sync 1 DAGs
[2026-03-18T07:45:49.770+0000] {logging_mixin.py:188} INFO - [2026-03-18T07:45:49.770+0000] {dag.py:3823} INFO - Setting next_dagrun for example_short_circuit_operator to 2026-03-17 00:00:00+00:00, run_after=2026-03-18 00:00:00+00:00
[2026-03-18T07:45:49.777+0000] {processor.py:183} INFO - Processing /home/airflow/.local/lib/python3.8/site-packages/airflow/example_dags/example_short_circuit_operator.py took 0.034 seconds
[2026-03-18T07:46:20.142+0000] {processor.py:161} INFO - Started process (PID=190) to work on /home/airflow/.local/lib/python3.8/site-packages/airflow/example_dags/example_short_circuit_operator.py
[2026-03-18T07:46:20.144+0000] {processor.py:830} INFO - Processing file /home/airflow/.local/lib/python3.8/site-packages/airflow/example_dags/example_short_circuit_operator.py for tasks to queue
[2026-03-18T07:46:20.145+0000] {logging_mixin.py:188} INFO - [2026-03-18T07:46:20.145+0000] {dagbag.py:538} INFO - Filling up the DagBag from /home/airflow/.local/lib/python3.8/site-packages/airflow/example_dags/example_short_circuit_operator.py
[2026-03-18T07:46:20.149+0000] {processor.py:840} INFO - DAG(s) 'example_short_circuit_operator' retrieved from /home/airflow/.local/lib/python3.8/site-packages/airflow/example_dags/example_short_circuit_operator.py
[2026-03-18T07:46:20.158+0000] {logging_mixin.py:188} INFO - [2026-03-18T07:46:20.158+0000] {dag.py:3036} INFO - Sync 1 DAGs
[2026-03-18T07:46:20.167+0000] {logging_mixin.py:188} INFO - [2026-03-18T07:46:20.167+0000] {dag.py:3823} INFO - Setting next_dagrun for example_short_circuit_operator to 2026-03-17 00:00:00+00:00, run_after=2026-03-18 00:00:00+00:00
[2026-03-18T07:46:20.174+0000] {processor.py:183} INFO - Processing /home/airflow/.local/lib/python3.8/site-packages/airflow/example_dags/example_short_circuit_operator.py took 0.034 seconds
[2026-03-18T07:46:50.452+0000] {processor.py:161} INFO - Started process (PID=245) to work on /home/airflow/.local/lib/python3.8/site-packages/airflow/example_dags/example_short_circuit_operator.py
[2026-03-18T07:46:50.453+0000] {processor.py:830} INFO - Processing file /home/airflow/.local/lib/python3.8/site-packages/airflow/example_dags/example_short_circuit_operator.py for tasks to queue
[2026-03-18T07:46:50.454+0000] {logging_mixin.py:188} INFO - [2026-03-18T07:46:50.454+0000] {dagbag.py:538} INFO - Filling up the DagBag from /home/airflow/.local/lib/python3.8/site-packages/airflow/example_dags/example_short_circuit_operator.py
[2026-03-18T07:46:50.458+0000] {processor.py:840} INFO - DAG(s) 'example_short_circuit_operator' retrieved from /home/airflow/.local/lib/python3.8/site-packages/airflow/example_dags/example_short_circuit_operator.py
[2026-03-18T07:46:50.468+0000] {logging_mixin.py:188} INFO - [2026-03-18T07:46:50.468+0000] {dag.py:3036} INFO - Sync 1 DAGs
[2026-03-18T07:46:50.477+0000] {logging_mixin.py:188} INFO - [2026-03-18T07:46:50.476+0000] {dag.py:3823} INFO - Setting next_dagrun for example_short_circuit_operator to 2026-03-17 00:00:00+00:00, run_after=2026-03-18 00:00:00+00:00
[2026-03-18T07:46:50.483+0000] {processor.py:183} INFO - Processing /home/airflow/.local/lib/python3.8/site-packages/airflow/example_dags/example_short_circuit_operator.py took 0.033 seconds
[2026-03-18T07:47:20.824+0000] {processor.py:161} INFO - Started process (PID=300) to work on /home/airflow/.local/lib/python3.8/site-packages/airflow/example_dags/example_short_circuit_operator.py
[2026-03-18T07:47:20.825+0000] {processor.py:830} INFO - Processing file /home/airflow/.local/lib/python3.8/site-packages/airflow/example_dags/example_short_circuit_operator.py for tasks to queue
[2026-03-18T07:47:20.826+0000] {logging_mixin.py:188} INFO - [2026-03-18T07:47:20.826+0000] {dagbag.py:538} INFO - Filling up the DagBag from /home/airflow/.local/lib/python3.8/site-packages/airflow/example_dags/example_short_circuit_operator.py
[2026-03-18T07:47:20.830+0000] {processor.py:840} INFO - DAG(s) 'example_short_circuit_operator' retrieved from /home/airflow/.local/lib/python3.8/site-packages/airflow/example_dags/example_short_circuit_operator.py
[2026-03-18T07:47:20.842+0000] {logging_mixin.py:188} INFO - [2026-03-18T07:47:20.842+0000] {dag.py:3036} INFO - Sync 1 DAGs
[2026-03-18T07:47:20.857+0000] {logging_mixin.py:188} INFO - [2026-03-18T07:47:20.857+0000] {dag.py:3823} INFO - Setting next_dagrun for example_short_circuit_operator to 2026-03-17 00:00:00+00:00, run_after=2026-03-18 00:00:00+00:00
[2026-03-18T07:47:20.866+0000] {processor.py:183} INFO - Processing /home/airflow/.local/lib/python3.8/site-packages/airflow/example_dags/example_short_circuit_operator.py took 0.043 seconds
[2026-03-18T07:47:51.238+0000] {processor.py:161} INFO - Started process (PID=355) to work on /home/airflow/.local/lib/python3.8/site-packages/airflow/example_dags/example_short_circuit_operator.py
[2026-03-18T07:47:51.239+0000] {processor.py:830} INFO - Processing file /home/airflow/.local/lib/python3.8/site-packages/airflow/example_dags/example_short_circuit_operator.py for tasks to queue
[2026-03-18T07:47:51.240+0000] {logging_mixin.py:188} INFO - [2026-03-18T07:47:51.240+0000] {dagbag.py:538} INFO - Filling up the DagBag from /home/airflow/.local/lib/python3.8/site-packages/airflow/example_dags/example_short_circuit_operator.py
[2026-03-18T07:47:51.243+0000] {processor.py:840} INFO - DAG(s) 'example_short_circuit_operator' retrieved from /home/airflow/.local/lib/python3.8/site-packages/airflow/example_dags/example_short_circuit_operator.py
[2026-03-18T07:47:51.252+0000] {logging_mixin.py:188} INFO - [2026-03-18T07:47:51.252+0000] {dag.py:3036} INFO - Sync 1 DAGs
[2026-03-18T07:47:51.260+0000] {logging_mixin.py:188} INFO - [2026-03-18T07:47:51.260+0000] {dag.py:3823} INFO - Setting next_dagrun for example_short_circuit_operator to 2026-03-17 00:00:00+00:00, run_after=2026-03-18 00:00:00+00:00
[2026-03-18T07:47:51.267+0000] {processor.py:183} INFO - Processing /home/airflow/.local/lib/python3.8/site-packages/airflow/example_dags/example_short_circuit_operator.py took 0.031 seconds
[2026-03-18T07:48:21.617+0000] {processor.py:161} INFO - Started process (PID=410) to work on /home/airflow/.local/lib/python3.8/site-packages/airflow/example_dags/example_short_circuit_operator.py
[2026-03-18T07:48:21.619+0000] {processor.py:830} INFO - Processing file /home/airflow/.local/lib/python3.8/site-packages/airflow/example_dags/example_short_circuit_operator.py for tasks to queue
[2026-03-18T07:48:21.621+0000] {logging_mixin.py:188} INFO - [2026-03-18T07:48:21.621+0000] {dagbag.py:538} INFO - Filling up the DagBag from /home/airflow/.local/lib/python3.8/site-packages/airflow/example_dags/example_short_circuit_operator.py
[2026-03-18T07:48:21.626+0000] {processor.py:840} INFO - DAG(s) 'example_short_circuit_operator' retrieved from /home/airflow/.local/lib/python3.8/site-packages/airflow/example_dags/example_short_circuit_operator.py
[2026-03-18T07:48:21.636+0000] {logging_mixin.py:188} INFO - [2026-03-18T07:48:21.636+0000] {dag.py:3036} INFO - Sync 1 DAGs
[2026-03-18T07:48:21.644+0000] {logging_mixin.py:188} INFO - [2026-03-18T07:48:21.644+0000] {dag.py:3823} INFO - Setting next_dagrun for example_short_circuit_operator to 2026-03-17 00:00:00+00:00, run_after=2026-03-18 00:00:00+00:00
[2026-03-18T07:48:21.652+0000] {processor.py:183} INFO - Processing /home/airflow/.local/lib/python3.8/site-packages/airflow/example_dags/example_short_circuit_operator.py took 0.036 seconds
[2026-03-18T07:48:51.909+0000] {processor.py:161} INFO - Started process (PID=471) to work on /home/airflow/.local/lib/python3.8/site-packages/airflow/example_dags/example_short_circuit_operator.py
[2026-03-18T07:48:51.909+0000] {processor.py:830} INFO - Processing file /home/airflow/.local/lib/python3.8/site-packages/airflow/example_dags/example_short_circuit_operator.py for tasks to queue
[2026-03-18T07:48:51.910+0000] {logging_mixin.py:188} INFO - [2026-03-18T07:48:51.910+0000] {dagbag.py:538} INFO - Filling up the DagBag from /home/airflow/.local/lib/python3.8/site-packages/airflow/example_dags/example_short_circuit_operator.py
[2026-03-18T07:48:51.915+0000] {processor.py:840} INFO - DAG(s) 'example_short_circuit_operator' retrieved from /home/airflow/.local/lib/python3.8/site-packages/airflow/example_dags/example_short_circuit_operator.py
[2026-03-18T07:48:51.924+0000] {logging_mixin.py:188} INFO - [2026-03-18T07:48:51.924+0000] {dag.py:3036} INFO - Sync 1 DAGs
[2026-03-18T07:48:51.933+0000] {logging_mixin.py:188} INFO - [2026-03-18T07:48:51.932+0000] {dag.py:3823} INFO - Setting next_dagrun for example_short_circuit_operator to 2026-03-17 00:00:00+00:00, run_after=2026-03-18 00:00:00+00:00
[2026-03-18T07:48:51.939+0000] {processor.py:183} INFO - Processing /home/airflow/.local/lib/python3.8/site-packages/airflow/example_dags/example_short_circuit_operator.py took 0.032 seconds
[2026-03-18T07:49:22.174+0000] {processor.py:161} INFO - Started process (PID=526) to work on /home/airflow/.local/lib/python3.8/site-packages/airflow/example_dags/example_short_circuit_operator.py
[2026-03-18T07:49:22.175+0000] {processor.py:830} INFO - Processing file /home/airflow/.local/lib/python3.8/site-packages/airflow/example_dags/example_short_circuit_operator.py for tasks to queue
[2026-03-18T07:49:22.176+0000] {logging_mixin.py:188} INFO - [2026-03-18T07:49:22.176+0000] {dagbag.py:538} INFO - Filling up the DagBag from /home/airflow/.local/lib/python3.8/site-packages/airflow/example_dags/example_short_circuit_operator.py
[2026-03-18T07:49:22.179+0000] {processor.py:840} INFO - DAG(s) 'example_short_circuit_operator' retrieved from /home/airflow/.local/lib/python3.8/site-packages/airflow/example_dags/example_short_circuit_operator.py
[2026-03-18T07:49:22.189+0000] {logging_mixin.py:188} INFO - [2026-03-18T07:49:22.189+0000] {dag.py:3036} INFO - Sync 1 DAGs
[2026-03-18T07:49:22.198+0000] {logging_mixin.py:188} INFO - [2026-03-18T07:49:22.197+0000] {dag.py:3823} INFO - Setting next_dagrun for example_short_circuit_operator to 2026-03-17 00:00:00+00:00, run_after=2026-03-18 00:00:00+00:00
[2026-03-18T07:49:22.212+0000] {processor.py:183} INFO - Processing /home/airflow/.local/lib/python3.8/site-packages/airflow/example_dags/example_short_circuit_operator.py took 0.040 seconds
[2026-03-18T07:49:52.440+0000] {processor.py:161} INFO - Started process (PID=581) to work on /home/airflow/.local/lib/python3.8/site-packages/airflow/example_dags/example_short_circuit_operator.py
[2026-03-18T07:49:52.440+0000] {processor.py:830} INFO - Processing file /home/airflow/.local/lib/python3.8/site-packages/airflow/example_dags/example_short_circuit_operator.py for tasks to queue
[2026-03-18T07:49:52.441+0000] {logging_mixin.py:188} INFO - [2026-03-18T07:49:52.441+0000] {dagbag.py:538} INFO - Filling up the DagBag from /home/airflow/.local/lib/python3.8/site-packages/airflow/example_dags/example_short_circuit_operator.py
[2026-03-18T07:49:52.444+0000] {processor.py:840} INFO - DAG(s) 'example_short_circuit_operator' retrieved from /home/airflow/.local/lib/python3.8/site-packages/airflow/example_dags/example_short_circuit_operator.py
[2026-03-18T07:49:52.454+0000] {logging_mixin.py:188} INFO - [2026-03-18T07:49:52.454+0000] {dag.py:3036} INFO - Sync 1 DAGs
[2026-03-18T07:49:52.463+0000] {logging_mixin.py:188} INFO - [2026-03-18T07:49:52.463+0000] {dag.py:3823} INFO - Setting next_dagrun for example_short_circuit_operator to 2026-03-17 00:00:00+00:00, run_after=2026-03-18 00:00:00+00:00
[2026-03-18T07:49:52.469+0000] {processor.py:183} INFO - Processing /home/airflow/.local/lib/python3.8/site-packages/airflow/example_dags/example_short_circuit_operator.py took 0.031 seconds
[2026-03-18T07:50:22.870+0000] {processor.py:161} INFO - Started process (PID=637) to work on /home/airflow/.local/lib/python3.8/site-packages/airflow/example_dags/example_short_circuit_operator.py
[2026-03-18T07:50:22.871+0000] {processor.py:830} INFO - Processing file /home/airflow/.local/lib/python3.8/site-packages/airflow/example_dags/example_short_circuit_operator.py for tasks to queue
[2026-03-18T07:50:22.873+0000] {logging_mixin.py:188} INFO - [2026-03-18T07:50:22.873+0000] {dagbag.py:538} INFO - Filling up the DagBag from /home/airflow/.local/lib/python3.8/site-packages/airflow/example_dags/example_short_circuit_operator.py
[2026-03-18T07:50:22.877+0000] {processor.py:840} INFO - DAG(s) 'example_short_circuit_operator' retrieved from /home/airflow/.local/lib/python3.8/site-packages/airflow/example_dags/example_short_circuit_operator.py
[2026-03-18T07:50:22.889+0000] {logging_mixin.py:188} INFO - [2026-03-18T07:50:22.889+0000] {dag.py:3036} INFO - Sync 1 DAGs
[2026-03-18T07:50:22.897+0000] {logging_mixin.py:188} INFO - [2026-03-18T07:50:22.897+0000] {dag.py:3823} INFO - Setting next_dagrun for example_short_circuit_operator to 2026-03-17 00:00:00+00:00, run_after=2026-03-18 00:00:00+00:00
[2026-03-18T07:50:22.903+0000] {processor.py:183} INFO - Processing /home/airflow/.local/lib/python3.8/site-packages/airflow/example_dags/example_short_circuit_operator.py took 0.034 seconds
[2026-03-18T07:50:53.369+0000] {processor.py:161} INFO - Started process (PID=693) to work on /home/airflow/.local/lib/python3.8/site-packages/airflow/example_dags/example_short_circuit_operator.py
[2026-03-18T07:50:53.370+0000] {processor.py:830} INFO - Processing file /home/airflow/.local/lib/python3.8/site-packages/airflow/example_dags/example_short_circuit_operator.py for tasks to queue
[2026-03-18T07:50:53.371+0000] {logging_mixin.py:188} INFO - [2026-03-18T07:50:53.371+0000] {dagbag.py:538} INFO - Filling up the DagBag from /home/airflow/.local/lib/python3.8/site-packages/airflow/example_dags/example_short_circuit_operator.py
[2026-03-18T07:50:53.376+0000] {processor.py:840} INFO - DAG(s) 'example_short_circuit_operator' retrieved from /home/airflow/.local/lib/python3.8/site-packages/airflow/example_dags/example_short_circuit_operator.py
[2026-03-18T07:50:53.389+0000] {logging_mixin.py:188} INFO - [2026-03-18T07:50:53.388+0000] {dag.py:3036} INFO - Sync 1 DAGs
[2026-03-18T07:50:53.400+0000] {logging_mixin.py:188} INFO - [2026-03-18T07:50:53.400+0000] {dag.py:3823} INFO - Setting next_dagrun for example_short_circuit_operator to 2026-03-17 00:00:00+00:00, run_after=2026-03-18 00:00:00+00:00
[2026-03-18T07:50:53.416+0000] {processor.py:183} INFO - Processing /home/airflow/.local/lib/python3.8/site-packages/airflow/example_dags/example_short_circuit_operator.py took 0.049 seconds
[2026-03-18T07:51:23.883+0000] {processor.py:161} INFO - Started process (PID=749) to work on /home/airflow/.local/lib/python3.8/site-packages/airflow/example_dags/example_short_circuit_operator.py
[2026-03-18T07:51:23.884+0000] {processor.py:830} INFO - Processing file /home/airflow/.local/lib/python3.8/site-packages/airflow/example_dags/example_short_circuit_operator.py for tasks to queue
[2026-03-18T07:51:23.885+0000] {logging_mixin.py:188} INFO - [2026-03-18T07:51:23.885+0000] {dagbag.py:538} INFO - Filling up the DagBag from /home/airflow/.local/lib/python3.8/site-packages/airflow/example_dags/example_short_circuit_operator.py
[2026-03-18T07:51:23.888+0000] {processor.py:840} INFO - DAG(s) 'example_short_circuit_operator' retrieved from /home/airflow/.local/lib/python3.8/site-packages/airflow/example_dags/example_short_circuit_operator.py
[2026-03-18T07:51:23.898+0000] {logging_mixin.py:188} INFO - [2026-03-18T07:51:23.898+0000] {dag.py:3036} INFO - Sync 1 DAGs
[2026-03-18T07:51:23.907+0000] {logging_mixin.py:188} INFO - [2026-03-18T07:51:23.907+0000] {dag.py:3823} INFO - Setting next_dagrun for example_short_circuit_operator to 2026-03-17 00:00:00+00:00, run_after=2026-03-18 00:00:00+00:00
[2026-03-18T07:51:23.922+0000] {processor.py:183} INFO - Processing /home/airflow/.local/lib/python3.8/site-packages/airflow/example_dags/example_short_circuit_operator.py took 0.040 seconds
[2026-03-18T07:51:54.379+0000] {processor.py:161} INFO - Started process (PID=805) to work on /home/airflow/.local/lib/python3.8/site-packages/airflow/example_dags/example_short_circuit_operator.py
[2026-03-18T07:51:54.380+0000] {processor.py:830} INFO - Processing file /home/airflow/.local/lib/python3.8/site-packages/airflow/example_dags/example_short_circuit_operator.py for tasks to queue
[2026-03-18T07:51:54.381+0000] {logging_mixin.py:188} INFO - [2026-03-18T07:51:54.381+0000] {dagbag.py:538} INFO - Filling up the DagBag from /home/airflow/.local/lib/python3.8/site-packages/airflow/example_dags/example_short_circuit_operator.py
[2026-03-18T07:51:54.384+0000] {processor.py:840} INFO - DAG(s) 'example_short_circuit_operator' retrieved from /home/airflow/.local/lib/python3.8/site-packages/airflow/example_dags/example_short_circuit_operator.py
[2026-03-18T07:51:54.397+0000] {logging_mixin.py:188} INFO - [2026-03-18T07:51:54.397+0000] {dag.py:3036} INFO - Sync 1 DAGs
[2026-03-18T07:51:54.407+0000] {logging_mixin.py:188} INFO - [2026-03-18T07:51:54.407+0000] {dag.py:3823} INFO - Setting next_dagrun for example_short_circuit_operator to 2026-03-17 00:00:00+00:00, run_after=2026-03-18 00:00:00+00:00
[2026-03-18T07:51:54.415+0000] {processor.py:183} INFO - Processing /home/airflow/.local/lib/python3.8/site-packages/airflow/example_dags/example_short_circuit_operator.py took 0.038 seconds
[2026-03-18T07:52:24.936+0000] {processor.py:161} INFO - Started process (PID=861) to work on /home/airflow/.local/lib/python3.8/site-packages/airflow/example_dags/example_short_circuit_operator.py
[2026-03-18T07:52:24.937+0000] {processor.py:830} INFO - Processing file /home/airflow/.local/lib/python3.8/site-packages/airflow/example_dags/example_short_circuit_operator.py for tasks to queue
[2026-03-18T07:52:24.938+0000] {logging_mixin.py:188} INFO - [2026-03-18T07:52:24.938+0000] {dagbag.py:538} INFO - Filling up the DagBag from /home/airflow/.local/lib/python3.8/site-packages/airflow/example_dags/example_short_circuit_operator.py
[2026-03-18T07:52:24.941+0000] {processor.py:840} INFO - DAG(s) 'example_short_circuit_operator' retrieved from /home/airflow/.local/lib/python3.8/site-packages/airflow/example_dags/example_short_circuit_operator.py
[2026-03-18T07:52:24.952+0000] {logging_mixin.py:188} INFO - [2026-03-18T07:52:24.951+0000] {dag.py:3036} INFO - Sync 1 DAGs
[2026-03-18T07:52:24.961+0000] {logging_mixin.py:188} INFO - [2026-03-18T07:52:24.961+0000] {dag.py:3823} INFO - Setting next_dagrun for example_short_circuit_operator to 2026-03-17 00:00:00+00:00, run_after=2026-03-18 00:00:00+00:00
[2026-03-18T07:52:24.971+0000] {processor.py:183} INFO - Processing /home/airflow/.local/lib/python3.8/site-packages/airflow/example_dags/example_short_circuit_operator.py took 0.038 seconds
[2026-03-18T07:52:55.379+0000] {processor.py:161} INFO - Started process (PID=917) to work on /home/airflow/.local/lib/python3.8/site-packages/airflow/example_dags/example_short_circuit_operator.py
[2026-03-18T07:52:55.380+0000] {processor.py:830} INFO - Processing file /home/airflow/.local/lib/python3.8/site-packages/airflow/example_dags/example_short_circuit_operator.py for tasks to queue
[2026-03-18T07:52:55.382+0000] {logging_mixin.py:188} INFO - [2026-03-18T07:52:55.381+0000] {dagbag.py:538} INFO - Filling up the DagBag from /home/airflow/.local/lib/python3.8/site-packages/airflow/example_dags/example_short_circuit_operator.py
[2026-03-18T07:52:55.385+0000] {processor.py:840} INFO - DAG(s) 'example_short_circuit_operator' retrieved from /home/airflow/.local/lib/python3.8/site-packages/airflow/example_dags/example_short_circuit_operator.py
[2026-03-18T07:52:55.394+0000] {logging_mixin.py:188} INFO - [2026-03-18T07:52:55.394+0000] {dag.py:3036} INFO - Sync 1 DAGs
[2026-03-18T07:52:55.405+0000] {logging_mixin.py:188} INFO - [2026-03-18T07:52:55.405+0000] {dag.py:3823} INFO - Setting next_dagrun for example_short_circuit_operator to 2026-03-17 00:00:00+00:00, run_after=2026-03-18 00:00:00+00:00
[2026-03-18T07:52:55.416+0000] {processor.py:183} INFO - Processing /home/airflow/.local/lib/python3.8/site-packages/airflow/example_dags/example_short_circuit_operator.py took 0.038 seconds
[2026-03-18T07:53:25.850+0000] {processor.py:161} INFO - Started process (PID=973) to work on /home/airflow/.local/lib/python3.8/site-packages/airflow/example_dags/example_short_circuit_operator.py
[2026-03-18T07:53:25.850+0000] {processor.py:830} INFO - Processing file /home/airflow/.local/lib/python3.8/site-packages/airflow/example_dags/example_short_circuit_operator.py for tasks to queue
[2026-03-18T07:53:25.851+0000] {logging_mixin.py:188} INFO - [2026-03-18T07:53:25.851+0000] {dagbag.py:538} INFO - Filling up the DagBag from /home/airflow/.local/lib/python3.8/site-packages/airflow/example_dags/example_short_circuit_operator.py
[2026-03-18T07:53:25.854+0000] {processor.py:840} INFO - DAG(s) 'example_short_circuit_operator' retrieved from /home/airflow/.local/lib/python3.8/site-packages/airflow/example_dags/example_short_circuit_operator.py
[2026-03-18T07:53:25.863+0000] {logging_mixin.py:188} INFO - [2026-03-18T07:53:25.863+0000] {dag.py:3036} INFO - Sync 1 DAGs
[2026-03-18T07:53:25.872+0000] {logging_mixin.py:188} INFO - [2026-03-18T07:53:25.872+0000] {dag.py:3823} INFO - Setting next_dagrun for example_short_circuit_operator to 2026-03-17 00:00:00+00:00, run_after=2026-03-18 00:00:00+00:00
[2026-03-18T07:53:25.879+0000] {processor.py:183} INFO - Processing /home/airflow/.local/lib/python3.8/site-packages/airflow/example_dags/example_short_circuit_operator.py took 0.031 seconds
[2026-03-18T07:53:56.354+0000] {processor.py:161} INFO - Started process (PID=1029) to work on /home/airflow/.local/lib/python3.8/site-packages/airflow/example_dags/example_short_circuit_operator.py
[2026-03-18T07:53:56.355+0000] {processor.py:830} INFO - Processing file /home/airflow/.local/lib/python3.8/site-packages/airflow/example_dags/example_short_circuit_operator.py for tasks to queue
[2026-03-18T07:53:56.356+0000] {logging_mixin.py:188} INFO - [2026-03-18T07:53:56.356+0000] {dagbag.py:538} INFO - Filling up the DagBag from /home/airflow/.local/lib/python3.8/site-packages/airflow/example_dags/example_short_circuit_operator.py
[2026-03-18T07:53:56.359+0000] {processor.py:840} INFO - DAG(s) 'example_short_circuit_operator' retrieved from /home/airflow/.local/lib/python3.8/site-packages/airflow/example_dags/example_short_circuit_operator.py
[2026-03-18T07:53:56.375+0000] {logging_mixin.py:188} INFO - [2026-03-18T07:53:56.375+0000] {dag.py:3036} INFO - Sync 1 DAGs
[2026-03-18T07:53:56.383+0000] {logging_mixin.py:188} INFO - [2026-03-18T07:53:56.383+0000] {dag.py:3823} INFO - Setting next_dagrun for example_short_circuit_operator to 2026-03-17 00:00:00+00:00, run_after=2026-03-18 00:00:00+00:00
[2026-03-18T07:53:56.389+0000] {processor.py:183} INFO - Processing /home/airflow/.local/lib/python3.8/site-packages/airflow/example_dags/example_short_circuit_operator.py took 0.036 seconds
[2026-03-18T07:54:26.754+0000] {processor.py:161} INFO - Started process (PID=1085) to work on /home/airflow/.local/lib/python3.8/site-packages/airflow/example_dags/example_short_circuit_operator.py
[2026-03-18T07:54:26.755+0000] {processor.py:830} INFO - Processing file /home/airflow/.local/lib/python3.8/site-packages/airflow/example_dags/example_short_circuit_operator.py for tasks to queue
[2026-03-18T07:54:26.756+0000] {logging_mixin.py:188} INFO - [2026-03-18T07:54:26.756+0000] {dagbag.py:538} INFO - Filling up the DagBag from /home/airflow/.local/lib/python3.8/site-packages/airflow/example_dags/example_short_circuit_operator.py
[2026-03-18T07:54:26.760+0000] {processor.py:840} INFO - DAG(s) 'example_short_circuit_operator' retrieved from /home/airflow/.local/lib/python3.8/site-packages/airflow/example_dags/example_short_circuit_operator.py
[2026-03-18T07:54:26.771+0000] {logging_mixin.py:188} INFO - [2026-03-18T07:54:26.771+0000] {dag.py:3036} INFO - Sync 1 DAGs
[2026-03-18T07:54:26.786+0000] {logging_mixin.py:188} INFO - [2026-03-18T07:54:26.786+0000] {dag.py:3823} INFO - Setting next_dagrun for example_short_circuit_operator to 2026-03-17 00:00:00+00:00, run_after=2026-03-18 00:00:00+00:00
[2026-03-18T07:54:26.795+0000] {processor.py:183} INFO - Processing /home/airflow/.local/lib/python3.8/site-packages/airflow/example_dags/example_short_circuit_operator.py took 0.042 seconds
[2026-03-18T07:54:57.233+0000] {processor.py:161} INFO - Started process (PID=1141) to work on /home/airflow/.local/lib/python3.8/site-packages/airflow/example_dags/example_short_circuit_operator.py
[2026-03-18T07:54:57.234+0000] {processor.py:830} INFO - Processing file /home/airflow/.local/lib/python3.8/site-packages/airflow/example_dags/example_short_circuit_operator.py for tasks to queue
[2026-03-18T07:54:57.234+0000] {logging_mixin.py:188} INFO - [2026-03-18T07:54:57.234+0000] {dagbag.py:538} INFO - Filling up the DagBag from /home/airflow/.local/lib/python3.8/site-packages/airflow/example_dags/example_short_circuit_operator.py
[2026-03-18T07:54:57.238+0000] {processor.py:840} INFO - DAG(s) 'example_short_circuit_operator' retrieved from /home/airflow/.local/lib/python3.8/site-packages/airflow/example_dags/example_short_circuit_operator.py
[2026-03-18T07:54:57.250+0000] {logging_mixin.py:188} INFO - [2026-03-18T07:54:57.250+0000] {dag.py:3036} INFO - Sync 1 DAGs
[2026-03-18T07:54:57.259+0000] {logging_mixin.py:188} INFO - [2026-03-18T07:54:57.259+0000] {dag.py:3823} INFO - Setting next_dagrun for example_short_circuit_operator to 2026-03-17 00:00:00+00:00, run_after=2026-03-18 00:00:00+00:00
[2026-03-18T07:54:57.272+0000] {processor.py:183} INFO - Processing /home/airflow/.local/lib/python3.8/site-packages/airflow/example_dags/example_short_circuit_operator.py took 0.042 seconds
[2026-03-18T07:55:27.680+0000] {processor.py:161} INFO - Started process (PID=1197) to work on /home/airflow/.local/lib/python3.8/site-packages/airflow/example_dags/example_short_circuit_operator.py
[2026-03-18T07:55:27.681+0000] {processor.py:830} INFO - Processing file /home/airflow/.local/lib/python3.8/site-packages/airflow/example_dags/example_short_circuit_operator.py for tasks to queue
[2026-03-18T07:55:27.683+0000] {logging_mixin.py:188} INFO - [2026-03-18T07:55:27.683+0000] {dagbag.py:538} INFO - Filling up the DagBag from /home/airflow/.local/lib/python3.8/site-packages/airflow/example_dags/example_short_circuit_operator.py
[2026-03-18T07:55:27.687+0000] {processor.py:840} INFO - DAG(s) 'example_short_circuit_operator' retrieved from /home/airflow/.local/lib/python3.8/site-packages/airflow/example_dags/example_short_circuit_operator.py
[2026-03-18T07:55:27.698+0000] {logging_mixin.py:188} INFO - [2026-03-18T07:55:27.698+0000] {dag.py:3036} INFO - Sync 1 DAGs
[2026-03-18T07:55:27.707+0000] {logging_mixin.py:188} INFO - [2026-03-18T07:55:27.707+0000] {dag.py:3823} INFO - Setting next_dagrun for example_short_circuit_operator to 2026-03-17 00:00:00+00:00, run_after=2026-03-18 00:00:00+00:00
[2026-03-18T07:55:27.716+0000] {processor.py:183} INFO - Processing /home/airflow/.local/lib/python3.8/site-packages/airflow/example_dags/example_short_circuit_operator.py took 0.038 seconds
[2026-03-18T07:55:58.133+0000] {processor.py:161} INFO - Started process (PID=1253) to work on /home/airflow/.local/lib/python3.8/site-packages/airflow/example_dags/example_short_circuit_operator.py
[2026-03-18T07:55:58.134+0000] {processor.py:830} INFO - Processing file /home/airflow/.local/lib/python3.8/site-packages/airflow/example_dags/example_short_circuit_operator.py for tasks to queue
[2026-03-18T07:55:58.134+0000] {logging_mixin.py:188} INFO - [2026-03-18T07:55:58.134+0000] {dagbag.py:538} INFO - Filling up the DagBag from /home/airflow/.local/lib/python3.8/site-packages/airflow/example_dags/example_short_circuit_operator.py
[2026-03-18T07:55:58.138+0000] {processor.py:840} INFO - DAG(s) 'example_short_circuit_operator' retrieved from /home/airflow/.local/lib/python3.8/site-packages/airflow/example_dags/example_short_circuit_operator.py
[2026-03-18T07:55:58.148+0000] {logging_mixin.py:188} INFO - [2026-03-18T07:55:58.147+0000] {dag.py:3036} INFO - Sync 1 DAGs
[2026-03-18T07:55:58.158+0000] {logging_mixin.py:188} INFO - [2026-03-18T07:55:58.158+0000] {dag.py:3823} INFO - Setting next_dagrun for example_short_circuit_operator to 2026-03-17 00:00:00+00:00, run_after=2026-03-18 00:00:00+00:00
[2026-03-18T07:55:58.164+0000] {processor.py:183} INFO - Processing /home/airflow/.local/lib/python3.8/site-packages/airflow/example_dags/example_short_circuit_operator.py took 0.032 seconds
[2026-03-18T07:56:28.523+0000] {processor.py:161} INFO - Started process (PID=1309) to work on /home/airflow/.local/lib/python3.8/site-packages/airflow/example_dags/example_short_circuit_operator.py
[2026-03-18T07:56:28.524+0000] {processor.py:830} INFO - Processing file /home/airflow/.local/lib/python3.8/site-packages/airflow/example_dags/example_short_circuit_operator.py for tasks to queue
[2026-03-18T07:56:28.524+0000] {logging_mixin.py:188} INFO - [2026-03-18T07:56:28.524+0000] {dagbag.py:538} INFO - Filling up the DagBag from /home/airflow/.local/lib/python3.8/site-packages/airflow/example_dags/example_short_circuit_operator.py
[2026-03-18T07:56:28.527+0000] {processor.py:840} INFO - DAG(s) 'example_short_circuit_operator' retrieved from /home/airflow/.local/lib/python3.8/site-packages/airflow/example_dags/example_short_circuit_operator.py
[2026-03-18T07:56:28.536+0000] {logging_mixin.py:188} INFO - [2026-03-18T07:56:28.536+0000] {dag.py:3036} INFO - Sync 1 DAGs
[2026-03-18T07:56:28.543+0000] {logging_mixin.py:188} INFO - [2026-03-18T07:56:28.543+0000] {dag.py:3823} INFO - Setting next_dagrun for example_short_circuit_operator to 2026-03-17 00:00:00+00:00, run_after=2026-03-18 00:00:00+00:00
[2026-03-18T07:56:28.548+0000] {processor.py:183} INFO - Processing /home/airflow/.local/lib/python3.8/site-packages/airflow/example_dags/example_short_circuit_operator.py took 0.026 seconds
[2026-03-18T07:56:59.009+0000] {processor.py:161} INFO - Started process (PID=1365) to work on /home/airflow/.local/lib/python3.8/site-packages/airflow/example_dags/example_short_circuit_operator.py
[2026-03-18T07:56:59.009+0000] {processor.py:830} INFO - Processing file /home/airflow/.local/lib/python3.8/site-packages/airflow/example_dags/example_short_circuit_operator.py for tasks to queue
[2026-03-18T07:56:59.011+0000] {logging_mixin.py:188} INFO - [2026-03-18T07:56:59.011+0000] {dagbag.py:538} INFO - Filling up the DagBag from /home/airflow/.local/lib/python3.8/site-packages/airflow/example_dags/example_short_circuit_operator.py
[2026-03-18T07:56:59.017+0000] {processor.py:840} INFO - DAG(s) 'example_short_circuit_operator' retrieved from /home/airflow/.local/lib/python3.8/site-packages/airflow/example_dags/example_short_circuit_operator.py
[2026-03-18T07:56:59.031+0000] {logging_mixin.py:188} INFO - [2026-03-18T07:56:59.031+0000] {dag.py:3036} INFO - Sync 1 DAGs
[2026-03-18T07:56:59.041+0000] {logging_mixin.py:188} INFO - [2026-03-18T07:56:59.041+0000] {dag.py:3823} INFO - Setting next_dagrun for example_short_circuit_operator to 2026-03-17 00:00:00+00:00, run_after=2026-03-18 00:00:00+00:00
[2026-03-18T07:56:59.048+0000] {processor.py:183} INFO - Processing /home/airflow/.local/lib/python3.8/site-packages/airflow/example_dags/example_short_circuit_operator.py took 0.040 seconds
[2026-03-18T07:57:29.474+0000] {processor.py:161} INFO - Started process (PID=1421) to work on /home/airflow/.local/lib/python3.8/site-packages/airflow/example_dags/example_short_circuit_operator.py
[2026-03-18T07:57:29.475+0000] {processor.py:830} INFO - Processing file /home/airflow/.local/lib/python3.8/site-packages/airflow/example_dags/example_short_circuit_operator.py for tasks to queue
[2026-03-18T07:57:29.476+0000] {logging_mixin.py:188} INFO - [2026-03-18T07:57:29.476+0000] {dagbag.py:538} INFO - Filling up the DagBag from /home/airflow/.local/lib/python3.8/site-packages/airflow/example_dags/example_short_circuit_operator.py
[2026-03-18T07:57:29.482+0000] {processor.py:840} INFO - DAG(s) 'example_short_circuit_operator' retrieved from /home/airflow/.local/lib/python3.8/site-packages/airflow/example_dags/example_short_circuit_operator.py
[2026-03-18T07:57:29.498+0000] {logging_mixin.py:188} INFO - [2026-03-18T07:57:29.497+0000] {dag.py:3036} INFO - Sync 1 DAGs
[2026-03-18T07:57:29.507+0000] {logging_mixin.py:188} INFO - [2026-03-18T07:57:29.507+0000] {dag.py:3823} INFO - Setting next_dagrun for example_short_circuit_operator to 2026-03-17 00:00:00+00:00, run_after=2026-03-18 00:00:00+00:00
[2026-03-18T07:57:29.514+0000] {processor.py:183} INFO - Processing /home/airflow/.local/lib/python3.8/site-packages/airflow/example_dags/example_short_circuit_operator.py took 0.042 seconds
[2026-03-18T07:58:00.061+0000] {processor.py:161} INFO - Started process (PID=1477) to work on /home/airflow/.local/lib/python3.8/site-packages/airflow/example_dags/example_short_circuit_operator.py
[2026-03-18T07:58:00.061+0000] {processor.py:830} INFO - Processing file /home/airflow/.local/lib/python3.8/site-packages/airflow/example_dags/example_short_circuit_operator.py for tasks to queue
[2026-03-18T07:58:00.062+0000] {logging_mixin.py:188} INFO - [2026-03-18T07:58:00.062+0000] {dagbag.py:538} INFO - Filling up the DagBag from /home/airflow/.local/lib/python3.8/site-packages/airflow/example_dags/example_short_circuit_operator.py
[2026-03-18T07:58:00.065+0000] {processor.py:840} INFO - DAG(s) 'example_short_circuit_operator' retrieved from /home/airflow/.local/lib/python3.8/site-packages/airflow/example_dags/example_short_circuit_operator.py
[2026-03-18T07:58:00.075+0000] {logging_mixin.py:188} INFO - [2026-03-18T07:58:00.075+0000] {dag.py:3036} INFO - Sync 1 DAGs
[2026-03-18T07:58:00.084+0000] {logging_mixin.py:188} INFO - [2026-03-18T07:58:00.084+0000] {dag.py:3823} INFO - Setting next_dagrun for example_short_circuit_operator to 2026-03-17 00:00:00+00:00, run_after=2026-03-18 00:00:00+00:00
[2026-03-18T07:58:00.092+0000] {processor.py:183} INFO - Processing /home/airflow/.local/lib/python3.8/site-packages/airflow/example_dags/example_short_circuit_operator.py took 0.034 seconds
[2026-03-18T07:58:30.484+0000] {processor.py:161} INFO - Started process (PID=1533) to work on /home/airflow/.local/lib/python3.8/site-packages/airflow/example_dags/example_short_circuit_operator.py
[2026-03-18T07:58:30.485+0000] {processor.py:830} INFO - Processing file /home/airflow/.local/lib/python3.8/site-packages/airflow/example_dags/example_short_circuit_operator.py for tasks to queue
[2026-03-18T07:58:30.487+0000] {logging_mixin.py:188} INFO - [2026-03-18T07:58:30.487+0000] {dagbag.py:538} INFO - Filling up the DagBag from /home/airflow/.local/lib/python3.8/site-packages/airflow/example_dags/example_short_circuit_operator.py
[2026-03-18T07:58:30.491+0000] {processor.py:840} INFO - DAG(s) 'example_short_circuit_operator' retrieved from /home/airflow/.local/lib/python3.8/site-packages/airflow/example_dags/example_short_circuit_operator.py
[2026-03-18T07:58:30.509+0000] {logging_mixin.py:188} INFO - [2026-03-18T07:58:30.508+0000] {dag.py:3036} INFO - Sync 1 DAGs
[2026-03-18T07:58:30.519+0000] {logging_mixin.py:188} INFO - [2026-03-18T07:58:30.519+0000] {dag.py:3823} INFO - Setting next_dagrun for example_short_circuit_operator to 2026-03-17 00:00:00+00:00, run_after=2026-03-18 00:00:00+00:00
[2026-03-18T07:58:30.527+0000] {processor.py:183} INFO - Processing /home/airflow/.local/lib/python3.8/site-packages/airflow/example_dags/example_short_circuit_operator.py took 0.045 seconds
[2026-03-18T07:59:01.029+0000] {processor.py:161} INFO - Started process (PID=1589) to work on /home/airflow/.local/lib/python3.8/site-packages/airflow/example_dags/example_short_circuit_operator.py
[2026-03-18T07:59:01.030+0000] {processor.py:830} INFO - Processing file /home/airflow/.local/lib/python3.8/site-packages/airflow/example_dags/example_short_circuit_operator.py for tasks to queue
[2026-03-18T07:59:01.031+0000] {logging_mixin.py:188} INFO - [2026-03-18T07:59:01.031+0000] {dagbag.py:538} INFO - Filling up the DagBag from /home/airflow/.local/lib/python3.8/site-packages/airflow/example_dags/example_short_circuit_operator.py
[2026-03-18T07:59:01.038+0000] {processor.py:840} INFO - DAG(s) 'example_short_circuit_operator' retrieved from /home/airflow/.local/lib/python3.8/site-packages/airflow/example_dags/example_short_circuit_operator.py
[2026-03-18T07:59:01.050+0000] {logging_mixin.py:188} INFO - [2026-03-18T07:59:01.050+0000] {dag.py:3036} INFO - Sync 1 DAGs
[2026-03-18T07:59:01.060+0000] {logging_mixin.py:188} INFO - [2026-03-18T07:59:01.060+0000] {dag.py:3823} INFO - Setting next_dagrun for example_short_circuit_operator to 2026-03-17 00:00:00+00:00, run_after=2026-03-18 00:00:00+00:00
[2026-03-18T07:59:01.067+0000] {processor.py:183} INFO - Processing /home/airflow/.local/lib/python3.8/site-packages/airflow/example_dags/example_short_circuit_operator.py took 0.041 seconds
[2026-03-18T07:59:31.569+0000] {processor.py:161} INFO - Started process (PID=1645) to work on /home/airflow/.local/lib/python3.8/site-packages/airflow/example_dags/example_short_circuit_operator.py
[2026-03-18T07:59:31.570+0000] {processor.py:830} INFO - Processing file /home/airflow/.local/lib/python3.8/site-packages/airflow/example_dags/example_short_circuit_operator.py for tasks to queue
[2026-03-18T07:59:31.571+0000] {logging_mixin.py:188} INFO - [2026-03-18T07:59:31.571+0000] {dagbag.py:538} INFO - Filling up the DagBag from /home/airflow/.local/lib/python3.8/site-packages/airflow/example_dags/example_short_circuit_operator.py
[2026-03-18T07:59:31.575+0000] {processor.py:840} INFO - DAG(s) 'example_short_circuit_operator' retrieved from /home/airflow/.local/lib/python3.8/site-packages/airflow/example_dags/example_short_circuit_operator.py
[2026-03-18T07:59:31.595+0000] {logging_mixin.py:188} INFO - [2026-03-18T07:59:31.595+0000] {dag.py:3036} INFO - Sync 1 DAGs
[2026-03-18T07:59:31.605+0000] {logging_mixin.py:188} INFO - [2026-03-18T07:59:31.604+0000] {dag.py:3823} INFO - Setting next_dagrun for example_short_circuit_operator to 2026-03-17 00:00:00+00:00, run_after=2026-03-18 00:00:00+00:00
[2026-03-18T07:59:31.612+0000] {processor.py:183} INFO - Processing /home/airflow/.local/lib/python3.8/site-packages/airflow/example_dags/example_short_circuit_operator.py took 0.044 seconds
[2026-03-18T08:00:02.157+0000] {processor.py:161} INFO - Started process (PID=81) to work on /home/airflow/.local/lib/python3.8/site-packages/airflow/example_dags/example_short_circuit_operator.py
[2026-03-18T08:00:02.158+0000] {processor.py:830} INFO - Processing file /home/airflow/.local/lib/python3.8/site-packages/airflow/example_dags/example_short_circuit_operator.py for tasks to queue
[2026-03-18T08:00:02.159+0000] {logging_mixin.py:188} INFO - [2026-03-18T08:00:02.158+0000] {dagbag.py:538} INFO - Filling up the DagBag from /home/airflow/.local/lib/python3.8/site-packages/airflow/example_dags/example_short_circuit_operator.py
[2026-03-18T08:00:02.166+0000] {processor.py:840} INFO - DAG(s) 'example_short_circuit_operator' retrieved from /home/airflow/.local/lib/python3.8/site-packages/airflow/example_dags/example_short_circuit_operator.py
[2026-03-18T08:00:02.175+0000] {logging_mixin.py:188} INFO - [2026-03-18T08:00:02.175+0000] {dag.py:3036} INFO - Sync 1 DAGs
[2026-03-18T08:00:02.186+0000] {logging_mixin.py:188} INFO - [2026-03-18T08:00:02.186+0000] {dag.py:3823} INFO - Setting next_dagrun for example_short_circuit_operator to 2026-03-17 00:00:00+00:00, run_after=2026-03-18 00:00:00+00:00
[2026-03-18T08:00:02.202+0000] {processor.py:183} INFO - Processing /home/airflow/.local/lib/python3.8/site-packages/airflow/example_dags/example_short_circuit_operator.py took 0.047 seconds
[2026-03-18T08:00:32.840+0000] {processor.py:161} INFO - Started process (PID=136) to work on /home/airflow/.local/lib/python3.8/site-packages/airflow/example_dags/example_short_circuit_operator.py
[2026-03-18T08:00:32.841+0000] {processor.py:830} INFO - Processing file /home/airflow/.local/lib/python3.8/site-packages/airflow/example_dags/example_short_circuit_operator.py for tasks to queue
[2026-03-18T08:00:32.842+0000] {logging_mixin.py:188} INFO - [2026-03-18T08:00:32.842+0000] {dagbag.py:538} INFO - Filling up the DagBag from /home/airflow/.local/lib/python3.8/site-packages/airflow/example_dags/example_short_circuit_operator.py
[2026-03-18T08:00:32.845+0000] {processor.py:840} INFO - DAG(s) 'example_short_circuit_operator' retrieved from /home/airflow/.local/lib/python3.8/site-packages/airflow/example_dags/example_short_circuit_operator.py
[2026-03-18T08:00:32.884+0000] {logging_mixin.py:188} INFO - [2026-03-18T08:00:32.884+0000] {dag.py:3036} INFO - Sync 1 DAGs
[2026-03-18T08:00:32.899+0000] {logging_mixin.py:188} INFO - [2026-03-18T08:00:32.899+0000] {dag.py:3823} INFO - Setting next_dagrun for example_short_circuit_operator to 2026-03-17 00:00:00+00:00, run_after=2026-03-18 00:00:00+00:00
[2026-03-18T08:00:32.919+0000] {processor.py:183} INFO - Processing /home/airflow/.local/lib/python3.8/site-packages/airflow/example_dags/example_short_circuit_operator.py took 0.081 seconds
[2026-03-18T08:01:03.560+0000] {processor.py:161} INFO - Started process (PID=192) to work on /home/airflow/.local/lib/python3.8/site-packages/airflow/example_dags/example_short_circuit_operator.py
[2026-03-18T08:01:03.560+0000] {processor.py:830} INFO - Processing file /home/airflow/.local/lib/python3.8/site-packages/airflow/example_dags/example_short_circuit_operator.py for tasks to queue
[2026-03-18T08:01:03.561+0000] {logging_mixin.py:188} INFO - [2026-03-18T08:01:03.561+0000] {dagbag.py:538} INFO - Filling up the DagBag from /home/airflow/.local/lib/python3.8/site-packages/airflow/example_dags/example_short_circuit_operator.py
[2026-03-18T08:01:03.563+0000] {processor.py:840} INFO - DAG(s) 'example_short_circuit_operator' retrieved from /home/airflow/.local/lib/python3.8/site-packages/airflow/example_dags/example_short_circuit_operator.py
[2026-03-18T08:01:03.572+0000] {logging_mixin.py:188} INFO - [2026-03-18T08:01:03.572+0000] {dag.py:3036} INFO - Sync 1 DAGs
[2026-03-18T08:01:03.579+0000] {logging_mixin.py:188} INFO - [2026-03-18T08:01:03.579+0000] {dag.py:3823} INFO - Setting next_dagrun for example_short_circuit_operator to 2026-03-17 00:00:00+00:00, run_after=2026-03-18 00:00:00+00:00
[2026-03-18T08:01:03.585+0000] {processor.py:183} INFO - Processing /home/airflow/.local/lib/python3.8/site-packages/airflow/example_dags/example_short_circuit_operator.py took 0.026 seconds
[2026-03-18T08:01:34.028+0000] {processor.py:161} INFO - Started process (PID=248) to work on /home/airflow/.local/lib/python3.8/site-packages/airflow/example_dags/example_short_circuit_operator.py
[2026-03-18T08:01:34.029+0000] {processor.py:830} INFO - Processing file /home/airflow/.local/lib/python3.8/site-packages/airflow/example_dags/example_short_circuit_operator.py for tasks to queue
[2026-03-18T08:01:34.030+0000] {logging_mixin.py:188} INFO - [2026-03-18T08:01:34.029+0000] {dagbag.py:538} INFO - Filling up the DagBag from /home/airflow/.local/lib/python3.8/site-packages/airflow/example_dags/example_short_circuit_operator.py
[2026-03-18T08:01:34.033+0000] {processor.py:840} INFO - DAG(s) 'example_short_circuit_operator' retrieved from /home/airflow/.local/lib/python3.8/site-packages/airflow/example_dags/example_short_circuit_operator.py
[2026-03-18T08:01:34.043+0000] {logging_mixin.py:188} INFO - [2026-03-18T08:01:34.043+0000] {dag.py:3036} INFO - Sync 1 DAGs
[2026-03-18T08:01:34.051+0000] {logging_mixin.py:188} INFO - [2026-03-18T08:01:34.051+0000] {dag.py:3823} INFO - Setting next_dagrun for example_short_circuit_operator to 2026-03-17 00:00:00+00:00, run_after=2026-03-18 00:00:00+00:00
[2026-03-18T08:01:34.058+0000] {processor.py:183} INFO - Processing /home/airflow/.local/lib/python3.8/site-packages/airflow/example_dags/example_short_circuit_operator.py took 0.031 seconds
[2026-03-18T08:02:04.637+0000] {processor.py:161} INFO - Started process (PID=303) to work on /home/airflow/.local/lib/python3.8/site-packages/airflow/example_dags/example_short_circuit_operator.py
[2026-03-18T08:02:04.638+0000] {processor.py:830} INFO - Processing file /home/airflow/.local/lib/python3.8/site-packages/airflow/example_dags/example_short_circuit_operator.py for tasks to queue
[2026-03-18T08:02:04.639+0000] {logging_mixin.py:188} INFO - [2026-03-18T08:02:04.639+0000] {dagbag.py:538} INFO - Filling up the DagBag from /home/airflow/.local/lib/python3.8/site-packages/airflow/example_dags/example_short_circuit_operator.py
[2026-03-18T08:02:04.643+0000] {processor.py:840} INFO - DAG(s) 'example_short_circuit_operator' retrieved from /home/airflow/.local/lib/python3.8/site-packages/airflow/example_dags/example_short_circuit_operator.py
[2026-03-18T08:02:04.653+0000] {logging_mixin.py:188} INFO - [2026-03-18T08:02:04.653+0000] {dag.py:3036} INFO - Sync 1 DAGs
[2026-03-18T08:02:04.661+0000] {logging_mixin.py:188} INFO - [2026-03-18T08:02:04.661+0000] {dag.py:3823} INFO - Setting next_dagrun for example_short_circuit_operator to 2026-03-17 00:00:00+00:00, run_after=2026-03-18 00:00:00+00:00
[2026-03-18T08:02:04.668+0000] {processor.py:183} INFO - Processing /home/airflow/.local/lib/python3.8/site-packages/airflow/example_dags/example_short_circuit_operator.py took 0.032 seconds
[2026-03-18T08:02:35.205+0000] {processor.py:161} INFO - Started process (PID=359) to work on /home/airflow/.local/lib/python3.8/site-packages/airflow/example_dags/example_short_circuit_operator.py
[2026-03-18T08:02:35.206+0000] {processor.py:830} INFO - Processing file /home/airflow/.local/lib/python3.8/site-packages/airflow/example_dags/example_short_circuit_operator.py for tasks to queue
[2026-03-18T08:02:35.207+0000] {logging_mixin.py:188} INFO - [2026-03-18T08:02:35.207+0000] {dagbag.py:538} INFO - Filling up the DagBag from /home/airflow/.local/lib/python3.8/site-packages/airflow/example_dags/example_short_circuit_operator.py
[2026-03-18T08:02:35.211+0000] {processor.py:840} INFO - DAG(s) 'example_short_circuit_operator' retrieved from /home/airflow/.local/lib/python3.8/site-packages/airflow/example_dags/example_short_circuit_operator.py
[2026-03-18T08:02:35.222+0000] {logging_mixin.py:188} INFO - [2026-03-18T08:02:35.222+0000] {dag.py:3036} INFO - Sync 1 DAGs
[2026-03-18T08:02:35.232+0000] {logging_mixin.py:188} INFO - [2026-03-18T08:02:35.232+0000] {dag.py:3823} INFO - Setting next_dagrun for example_short_circuit_operator to 2026-03-17 00:00:00+00:00, run_after=2026-03-18 00:00:00+00:00
[2026-03-18T08:02:35.243+0000] {processor.py:183} INFO - Processing /home/airflow/.local/lib/python3.8/site-packages/airflow/example_dags/example_short_circuit_operator.py took 0.040 seconds
[2026-03-18T08:03:05.800+0000] {processor.py:161} INFO - Started process (PID=421) to work on /home/airflow/.local/lib/python3.8/site-packages/airflow/example_dags/example_short_circuit_operator.py
[2026-03-18T08:03:05.803+0000] {processor.py:830} INFO - Processing file /home/airflow/.local/lib/python3.8/site-packages/airflow/example_dags/example_short_circuit_operator.py for tasks to queue
[2026-03-18T08:03:05.804+0000] {logging_mixin.py:188} INFO - [2026-03-18T08:03:05.804+0000] {dagbag.py:538} INFO - Filling up the DagBag from /home/airflow/.local/lib/python3.8/site-packages/airflow/example_dags/example_short_circuit_operator.py
[2026-03-18T08:03:05.807+0000] {processor.py:840} INFO - DAG(s) 'example_short_circuit_operator' retrieved from /home/airflow/.local/lib/python3.8/site-packages/airflow/example_dags/example_short_circuit_operator.py
[2026-03-18T08:03:05.820+0000] {logging_mixin.py:188} INFO - [2026-03-18T08:03:05.820+0000] {dag.py:3036} INFO - Sync 1 DAGs
[2026-03-18T08:03:05.828+0000] {logging_mixin.py:188} INFO - [2026-03-18T08:03:05.828+0000] {dag.py:3823} INFO - Setting next_dagrun for example_short_circuit_operator to 2026-03-17 00:00:00+00:00, run_after=2026-03-18 00:00:00+00:00
[2026-03-18T08:03:05.839+0000] {processor.py:183} INFO - Processing /home/airflow/.local/lib/python3.8/site-packages/airflow/example_dags/example_short_circuit_operator.py took 0.041 seconds
[2026-03-18T08:03:36.418+0000] {processor.py:161} INFO - Started process (PID=477) to work on /home/airflow/.local/lib/python3.8/site-packages/airflow/example_dags/example_short_circuit_operator.py
[2026-03-18T08:03:36.420+0000] {processor.py:830} INFO - Processing file /home/airflow/.local/lib/python3.8/site-packages/airflow/example_dags/example_short_circuit_operator.py for tasks to queue
[2026-03-18T08:03:36.421+0000] {logging_mixin.py:188} INFO - [2026-03-18T08:03:36.421+0000] {dagbag.py:538} INFO - Filling up the DagBag from /home/airflow/.local/lib/python3.8/site-packages/airflow/example_dags/example_short_circuit_operator.py
[2026-03-18T08:03:36.427+0000] {processor.py:840} INFO - DAG(s) 'example_short_circuit_operator' retrieved from /home/airflow/.local/lib/python3.8/site-packages/airflow/example_dags/example_short_circuit_operator.py
[2026-03-18T08:03:36.439+0000] {logging_mixin.py:188} INFO - [2026-03-18T08:03:36.439+0000] {dag.py:3036} INFO - Sync 1 DAGs
[2026-03-18T08:03:36.448+0000] {logging_mixin.py:188} INFO - [2026-03-18T08:03:36.448+0000] {dag.py:3823} INFO - Setting next_dagrun for example_short_circuit_operator to 2026-03-17 00:00:00+00:00, run_after=2026-03-18 00:00:00+00:00
[2026-03-18T08:03:36.458+0000] {processor.py:183} INFO - Processing /home/airflow/.local/lib/python3.8/site-packages/airflow/example_dags/example_short_circuit_operator.py took 0.041 seconds
[2026-03-18T08:04:07.003+0000] {processor.py:161} INFO - Started process (PID=533) to work on /home/airflow/.local/lib/python3.8/site-packages/airflow/example_dags/example_short_circuit_operator.py
[2026-03-18T08:04:07.003+0000] {processor.py:830} INFO - Processing file /home/airflow/.local/lib/python3.8/site-packages/airflow/example_dags/example_short_circuit_operator.py for tasks to queue
[2026-03-18T08:04:07.004+0000] {logging_mixin.py:188} INFO - [2026-03-18T08:04:07.004+0000] {dagbag.py:538} INFO - Filling up the DagBag from /home/airflow/.local/lib/python3.8/site-packages/airflow/example_dags/example_short_circuit_operator.py
[2026-03-18T08:04:07.008+0000] {processor.py:840} INFO - DAG(s) 'example_short_circuit_operator' retrieved from /home/airflow/.local/lib/python3.8/site-packages/airflow/example_dags/example_short_circuit_operator.py
[2026-03-18T08:04:07.017+0000] {logging_mixin.py:188} INFO - [2026-03-18T08:04:07.017+0000] {dag.py:3036} INFO - Sync 1 DAGs
[2026-03-18T08:04:07.027+0000] {logging_mixin.py:188} INFO - [2026-03-18T08:04:07.027+0000] {dag.py:3823} INFO - Setting next_dagrun for example_short_circuit_operator to 2026-03-17 00:00:00+00:00, run_after=2026-03-18 00:00:00+00:00
[2026-03-18T08:04:07.034+0000] {processor.py:183} INFO - Processing /home/airflow/.local/lib/python3.8/site-packages/airflow/example_dags/example_short_circuit_operator.py took 0.033 seconds
[2026-03-18T08:04:29.966+0000] {processor.py:161} INFO - Started process (PID=81) to work on /home/airflow/.local/lib/python3.8/site-packages/airflow/example_dags/example_short_circuit_operator.py
[2026-03-18T08:04:29.967+0000] {processor.py:830} INFO - Processing file /home/airflow/.local/lib/python3.8/site-packages/airflow/example_dags/example_short_circuit_operator.py for tasks to queue
[2026-03-18T08:04:29.969+0000] {logging_mixin.py:188} INFO - [2026-03-18T08:04:29.969+0000] {dagbag.py:538} INFO - Filling up the DagBag from /home/airflow/.local/lib/python3.8/site-packages/airflow/example_dags/example_short_circuit_operator.py
[2026-03-18T08:04:29.974+0000] {processor.py:840} INFO - DAG(s) 'example_short_circuit_operator' retrieved from /home/airflow/.local/lib/python3.8/site-packages/airflow/example_dags/example_short_circuit_operator.py
[2026-03-18T08:04:29.982+0000] {logging_mixin.py:188} INFO - [2026-03-18T08:04:29.982+0000] {dag.py:3036} INFO - Sync 1 DAGs
[2026-03-18T08:04:29.996+0000] {logging_mixin.py:188} INFO - [2026-03-18T08:04:29.995+0000] {dag.py:3823} INFO - Setting next_dagrun for example_short_circuit_operator to 2026-03-17 00:00:00+00:00, run_after=2026-03-18 00:00:00+00:00
[2026-03-18T08:04:30.004+0000] {processor.py:183} INFO - Processing /home/airflow/.local/lib/python3.8/site-packages/airflow/example_dags/example_short_circuit_operator.py took 0.041 seconds
[2026-03-18T08:05:00.631+0000] {processor.py:161} INFO - Started process (PID=137) to work on /home/airflow/.local/lib/python3.8/site-packages/airflow/example_dags/example_short_circuit_operator.py
[2026-03-18T08:05:00.632+0000] {processor.py:830} INFO - Processing file /home/airflow/.local/lib/python3.8/site-packages/airflow/example_dags/example_short_circuit_operator.py for tasks to queue
[2026-03-18T08:05:00.634+0000] {logging_mixin.py:188} INFO - [2026-03-18T08:05:00.634+0000] {dagbag.py:538} INFO - Filling up the DagBag from /home/airflow/.local/lib/python3.8/site-packages/airflow/example_dags/example_short_circuit_operator.py
[2026-03-18T08:05:00.639+0000] {processor.py:840} INFO - DAG(s) 'example_short_circuit_operator' retrieved from /home/airflow/.local/lib/python3.8/site-packages/airflow/example_dags/example_short_circuit_operator.py
[2026-03-18T08:05:00.677+0000] {logging_mixin.py:188} INFO - [2026-03-18T08:05:00.677+0000] {dag.py:3036} INFO - Sync 1 DAGs
[2026-03-18T08:05:00.689+0000] {logging_mixin.py:188} INFO - [2026-03-18T08:05:00.689+0000] {dag.py:3823} INFO - Setting next_dagrun for example_short_circuit_operator to 2026-03-17 00:00:00+00:00, run_after=2026-03-18 00:00:00+00:00
[2026-03-18T08:05:00.701+0000] {processor.py:183} INFO - Processing /home/airflow/.local/lib/python3.8/site-packages/airflow/example_dags/example_short_circuit_operator.py took 0.072 seconds
[2026-03-18T08:05:31.559+0000] {processor.py:161} INFO - Started process (PID=192) to work on /home/airflow/.local/lib/python3.8/site-packages/airflow/example_dags/example_short_circuit_operator.py
[2026-03-18T08:05:31.560+0000] {processor.py:830} INFO - Processing file /home/airflow/.local/lib/python3.8/site-packages/airflow/example_dags/example_short_circuit_operator.py for tasks to queue
[2026-03-18T08:05:31.561+0000] {logging_mixin.py:188} INFO - [2026-03-18T08:05:31.561+0000] {dagbag.py:538} INFO - Filling up the DagBag from /home/airflow/.local/lib/python3.8/site-packages/airflow/example_dags/example_short_circuit_operator.py
[2026-03-18T08:05:31.566+0000] {processor.py:840} INFO - DAG(s) 'example_short_circuit_operator' retrieved from /home/airflow/.local/lib/python3.8/site-packages/airflow/example_dags/example_short_circuit_operator.py
[2026-03-18T08:05:31.581+0000] {logging_mixin.py:188} INFO - [2026-03-18T08:05:31.581+0000] {dag.py:3036} INFO - Sync 1 DAGs
[2026-03-18T08:05:31.596+0000] {logging_mixin.py:188} INFO - [2026-03-18T08:05:31.596+0000] {dag.py:3823} INFO - Setting next_dagrun for example_short_circuit_operator to 2026-03-17 00:00:00+00:00, run_after=2026-03-18 00:00:00+00:00
[2026-03-18T08:05:31.605+0000] {processor.py:183} INFO - Processing /home/airflow/.local/lib/python3.8/site-packages/airflow/example_dags/example_short_circuit_operator.py took 0.048 seconds
[2026-03-18T08:06:15.218+0000] {processor.py:161} INFO - Started process (PID=127) to work on /home/airflow/.local/lib/python3.8/site-packages/airflow/example_dags/example_short_circuit_operator.py
[2026-03-18T08:06:15.219+0000] {processor.py:830} INFO - Processing file /home/airflow/.local/lib/python3.8/site-packages/airflow/example_dags/example_short_circuit_operator.py for tasks to queue
[2026-03-18T08:06:15.220+0000] {logging_mixin.py:188} INFO - [2026-03-18T08:06:15.220+0000] {dagbag.py:538} INFO - Filling up the DagBag from /home/airflow/.local/lib/python3.8/site-packages/airflow/example_dags/example_short_circuit_operator.py
[2026-03-18T08:06:15.224+0000] {processor.py:840} INFO - DAG(s) 'example_short_circuit_operator' retrieved from /home/airflow/.local/lib/python3.8/site-packages/airflow/example_dags/example_short_circuit_operator.py
[2026-03-18T08:06:15.277+0000] {logging_mixin.py:188} INFO - [2026-03-18T08:06:15.276+0000] {dag.py:3036} INFO - Sync 1 DAGs
[2026-03-18T08:06:15.285+0000] {logging_mixin.py:188} INFO - [2026-03-18T08:06:15.285+0000] {dag.py:3823} INFO - Setting next_dagrun for example_short_circuit_operator to 2026-03-17 00:00:00+00:00, run_after=2026-03-18 00:00:00+00:00
[2026-03-18T08:06:15.292+0000] {processor.py:183} INFO - Processing /home/airflow/.local/lib/python3.8/site-packages/airflow/example_dags/example_short_circuit_operator.py took 0.075 seconds
[2026-03-18T08:06:45.792+0000] {processor.py:161} INFO - Started process (PID=189) to work on /home/airflow/.local/lib/python3.8/site-packages/airflow/example_dags/example_short_circuit_operator.py
[2026-03-18T08:06:45.793+0000] {processor.py:830} INFO - Processing file /home/airflow/.local/lib/python3.8/site-packages/airflow/example_dags/example_short_circuit_operator.py for tasks to queue
[2026-03-18T08:06:45.794+0000] {logging_mixin.py:188} INFO - [2026-03-18T08:06:45.794+0000] {dagbag.py:538} INFO - Filling up the DagBag from /home/airflow/.local/lib/python3.8/site-packages/airflow/example_dags/example_short_circuit_operator.py
[2026-03-18T08:06:45.798+0000] {processor.py:840} INFO - DAG(s) 'example_short_circuit_operator' retrieved from /home/airflow/.local/lib/python3.8/site-packages/airflow/example_dags/example_short_circuit_operator.py
[2026-03-18T08:06:45.810+0000] {logging_mixin.py:188} INFO - [2026-03-18T08:06:45.810+0000] {dag.py:3036} INFO - Sync 1 DAGs
[2026-03-18T08:06:45.826+0000] {logging_mixin.py:188} INFO - [2026-03-18T08:06:45.825+0000] {dag.py:3823} INFO - Setting next_dagrun for example_short_circuit_operator to 2026-03-17 00:00:00+00:00, run_after=2026-03-18 00:00:00+00:00
[2026-03-18T08:06:45.837+0000] {processor.py:183} INFO - Processing /home/airflow/.local/lib/python3.8/site-packages/airflow/example_dags/example_short_circuit_operator.py took 0.046 seconds
[2026-03-18T08:07:16.383+0000] {processor.py:161} INFO - Started process (PID=245) to work on /home/airflow/.local/lib/python3.8/site-packages/airflow/example_dags/example_short_circuit_operator.py
[2026-03-18T08:07:16.384+0000] {processor.py:830} INFO - Processing file /home/airflow/.local/lib/python3.8/site-packages/airflow/example_dags/example_short_circuit_operator.py for tasks to queue
[2026-03-18T08:07:16.384+0000] {logging_mixin.py:188} INFO - [2026-03-18T08:07:16.384+0000] {dagbag.py:538} INFO - Filling up the DagBag from /home/airflow/.local/lib/python3.8/site-packages/airflow/example_dags/example_short_circuit_operator.py
[2026-03-18T08:07:16.387+0000] {processor.py:840} INFO - DAG(s) 'example_short_circuit_operator' retrieved from /home/airflow/.local/lib/python3.8/site-packages/airflow/example_dags/example_short_circuit_operator.py
[2026-03-18T08:07:16.397+0000] {logging_mixin.py:188} INFO - [2026-03-18T08:07:16.397+0000] {dag.py:3036} INFO - Sync 1 DAGs
[2026-03-18T08:07:16.406+0000] {logging_mixin.py:188} INFO - [2026-03-18T08:07:16.406+0000] {dag.py:3823} INFO - Setting next_dagrun for example_short_circuit_operator to 2026-03-17 00:00:00+00:00, run_after=2026-03-18 00:00:00+00:00
[2026-03-18T08:07:16.414+0000] {processor.py:183} INFO - Processing /home/airflow/.local/lib/python3.8/site-packages/airflow/example_dags/example_short_circuit_operator.py took 0.032 seconds
[2026-03-18T08:07:46.877+0000] {processor.py:161} INFO - Started process (PID=301) to work on /home/airflow/.local/lib/python3.8/site-packages/airflow/example_dags/example_short_circuit_operator.py
[2026-03-18T08:07:46.879+0000] {processor.py:830} INFO - Processing file /home/airflow/.local/lib/python3.8/site-packages/airflow/example_dags/example_short_circuit_operator.py for tasks to queue
[2026-03-18T08:07:46.880+0000] {logging_mixin.py:188} INFO - [2026-03-18T08:07:46.880+0000] {dagbag.py:538} INFO - Filling up the DagBag from /home/airflow/.local/lib/python3.8/site-packages/airflow/example_dags/example_short_circuit_operator.py
[2026-03-18T08:07:46.884+0000] {processor.py:840} INFO - DAG(s) 'example_short_circuit_operator' retrieved from /home/airflow/.local/lib/python3.8/site-packages/airflow/example_dags/example_short_circuit_operator.py
[2026-03-18T08:07:46.894+0000] {logging_mixin.py:188} INFO - [2026-03-18T08:07:46.894+0000] {dag.py:3036} INFO - Sync 1 DAGs
[2026-03-18T08:07:46.905+0000] {logging_mixin.py:188} INFO - [2026-03-18T08:07:46.905+0000] {dag.py:3823} INFO - Setting next_dagrun for example_short_circuit_operator to 2026-03-17 00:00:00+00:00, run_after=2026-03-18 00:00:00+00:00
[2026-03-18T08:07:46.912+0000] {processor.py:183} INFO - Processing /home/airflow/.local/lib/python3.8/site-packages/airflow/example_dags/example_short_circuit_operator.py took 0.036 seconds
[2026-03-18T08:08:17.428+0000] {processor.py:161} INFO - Started process (PID=357) to work on /home/airflow/.local/lib/python3.8/site-packages/airflow/example_dags/example_short_circuit_operator.py
[2026-03-18T08:08:17.428+0000] {processor.py:830} INFO - Processing file /home/airflow/.local/lib/python3.8/site-packages/airflow/example_dags/example_short_circuit_operator.py for tasks to queue
[2026-03-18T08:08:17.429+0000] {logging_mixin.py:188} INFO - [2026-03-18T08:08:17.429+0000] {dagbag.py:538} INFO - Filling up the DagBag from /home/airflow/.local/lib/python3.8/site-packages/airflow/example_dags/example_short_circuit_operator.py
[2026-03-18T08:08:17.434+0000] {processor.py:840} INFO - DAG(s) 'example_short_circuit_operator' retrieved from /home/airflow/.local/lib/python3.8/site-packages/airflow/example_dags/example_short_circuit_operator.py
[2026-03-18T08:08:17.444+0000] {logging_mixin.py:188} INFO - [2026-03-18T08:08:17.444+0000] {dag.py:3036} INFO - Sync 1 DAGs
[2026-03-18T08:08:17.452+0000] {logging_mixin.py:188} INFO - [2026-03-18T08:08:17.452+0000] {dag.py:3823} INFO - Setting next_dagrun for example_short_circuit_operator to 2026-03-17 00:00:00+00:00, run_after=2026-03-18 00:00:00+00:00
[2026-03-18T08:08:17.459+0000] {processor.py:183} INFO - Processing /home/airflow/.local/lib/python3.8/site-packages/airflow/example_dags/example_short_circuit_operator.py took 0.033 seconds
[2026-03-18T08:08:47.967+0000] {processor.py:161} INFO - Started process (PID=413) to work on /home/airflow/.local/lib/python3.8/site-packages/airflow/example_dags/example_short_circuit_operator.py
[2026-03-18T08:08:47.968+0000] {processor.py:830} INFO - Processing file /home/airflow/.local/lib/python3.8/site-packages/airflow/example_dags/example_short_circuit_operator.py for tasks to queue
[2026-03-18T08:08:47.969+0000] {logging_mixin.py:188} INFO - [2026-03-18T08:08:47.969+0000] {dagbag.py:538} INFO - Filling up the DagBag from /home/airflow/.local/lib/python3.8/site-packages/airflow/example_dags/example_short_circuit_operator.py
[2026-03-18T08:08:47.972+0000] {processor.py:840} INFO - DAG(s) 'example_short_circuit_operator' retrieved from /home/airflow/.local/lib/python3.8/site-packages/airflow/example_dags/example_short_circuit_operator.py
[2026-03-18T08:08:47.982+0000] {logging_mixin.py:188} INFO - [2026-03-18T08:08:47.982+0000] {dag.py:3036} INFO - Sync 1 DAGs
[2026-03-18T08:08:47.993+0000] {logging_mixin.py:188} INFO - [2026-03-18T08:08:47.993+0000] {dag.py:3823} INFO - Setting next_dagrun for example_short_circuit_operator to 2026-03-17 00:00:00+00:00, run_after=2026-03-18 00:00:00+00:00
[2026-03-18T08:08:48.004+0000] {processor.py:183} INFO - Processing /home/airflow/.local/lib/python3.8/site-packages/airflow/example_dags/example_short_circuit_operator.py took 0.038 seconds
[2026-03-18T08:09:18.477+0000] {processor.py:161} INFO - Started process (PID=469) to work on /home/airflow/.local/lib/python3.8/site-packages/airflow/example_dags/example_short_circuit_operator.py
[2026-03-18T08:09:18.477+0000] {processor.py:830} INFO - Processing file /home/airflow/.local/lib/python3.8/site-packages/airflow/example_dags/example_short_circuit_operator.py for tasks to queue
[2026-03-18T08:09:18.480+0000] {logging_mixin.py:188} INFO - [2026-03-18T08:09:18.480+0000] {dagbag.py:538} INFO - Filling up the DagBag from /home/airflow/.local/lib/python3.8/site-packages/airflow/example_dags/example_short_circuit_operator.py
[2026-03-18T08:09:18.483+0000] {processor.py:840} INFO - DAG(s) 'example_short_circuit_operator' retrieved from /home/airflow/.local/lib/python3.8/site-packages/airflow/example_dags/example_short_circuit_operator.py
[2026-03-18T08:09:18.497+0000] {logging_mixin.py:188} INFO - [2026-03-18T08:09:18.497+0000] {dag.py:3036} INFO - Sync 1 DAGs
[2026-03-18T08:09:18.506+0000] {logging_mixin.py:188} INFO - [2026-03-18T08:09:18.506+0000] {dag.py:3823} INFO - Setting next_dagrun for example_short_circuit_operator to 2026-03-17 00:00:00+00:00, run_after=2026-03-18 00:00:00+00:00
[2026-03-18T08:09:18.514+0000] {processor.py:183} INFO - Processing /home/airflow/.local/lib/python3.8/site-packages/airflow/example_dags/example_short_circuit_operator.py took 0.039 seconds
[2026-03-18T08:09:49.003+0000] {processor.py:161} INFO - Started process (PID=525) to work on /home/airflow/.local/lib/python3.8/site-packages/airflow/example_dags/example_short_circuit_operator.py
[2026-03-18T08:09:49.004+0000] {processor.py:830} INFO - Processing file /home/airflow/.local/lib/python3.8/site-packages/airflow/example_dags/example_short_circuit_operator.py for tasks to queue
[2026-03-18T08:09:49.005+0000] {logging_mixin.py:188} INFO - [2026-03-18T08:09:49.005+0000] {dagbag.py:538} INFO - Filling up the DagBag from /home/airflow/.local/lib/python3.8/site-packages/airflow/example_dags/example_short_circuit_operator.py
[2026-03-18T08:09:49.009+0000] {processor.py:840} INFO - DAG(s) 'example_short_circuit_operator' retrieved from /home/airflow/.local/lib/python3.8/site-packages/airflow/example_dags/example_short_circuit_operator.py
[2026-03-18T08:09:49.018+0000] {logging_mixin.py:188} INFO - [2026-03-18T08:09:49.018+0000] {dag.py:3036} INFO - Sync 1 DAGs
[2026-03-18T08:09:49.026+0000] {logging_mixin.py:188} INFO - [2026-03-18T08:09:49.026+0000] {dag.py:3823} INFO - Setting next_dagrun for example_short_circuit_operator to 2026-03-17 00:00:00+00:00, run_after=2026-03-18 00:00:00+00:00
[2026-03-18T08:09:49.033+0000] {processor.py:183} INFO - Processing /home/airflow/.local/lib/python3.8/site-packages/airflow/example_dags/example_short_circuit_operator.py took 0.031 seconds
[2026-03-18T08:10:19.573+0000] {processor.py:161} INFO - Started process (PID=581) to work on /home/airflow/.local/lib/python3.8/site-packages/airflow/example_dags/example_short_circuit_operator.py
[2026-03-18T08:10:19.575+0000] {processor.py:830} INFO - Processing file /home/airflow/.local/lib/python3.8/site-packages/airflow/example_dags/example_short_circuit_operator.py for tasks to queue
[2026-03-18T08:10:19.576+0000] {logging_mixin.py:188} INFO - [2026-03-18T08:10:19.576+0000] {dagbag.py:538} INFO - Filling up the DagBag from /home/airflow/.local/lib/python3.8/site-packages/airflow/example_dags/example_short_circuit_operator.py
[2026-03-18T08:10:19.580+0000] {processor.py:840} INFO - DAG(s) 'example_short_circuit_operator' retrieved from /home/airflow/.local/lib/python3.8/site-packages/airflow/example_dags/example_short_circuit_operator.py
[2026-03-18T08:10:19.594+0000] {logging_mixin.py:188} INFO - [2026-03-18T08:10:19.593+0000] {dag.py:3036} INFO - Sync 1 DAGs
[2026-03-18T08:10:19.603+0000] {logging_mixin.py:188} INFO - [2026-03-18T08:10:19.603+0000] {dag.py:3823} INFO - Setting next_dagrun for example_short_circuit_operator to 2026-03-17 00:00:00+00:00, run_after=2026-03-18 00:00:00+00:00
[2026-03-18T08:10:19.613+0000] {processor.py:183} INFO - Processing /home/airflow/.local/lib/python3.8/site-packages/airflow/example_dags/example_short_circuit_operator.py took 0.041 seconds
[2026-03-18T08:10:50.037+0000] {processor.py:161} INFO - Started process (PID=637) to work on /home/airflow/.local/lib/python3.8/site-packages/airflow/example_dags/example_short_circuit_operator.py
[2026-03-18T08:10:50.038+0000] {processor.py:830} INFO - Processing file /home/airflow/.local/lib/python3.8/site-packages/airflow/example_dags/example_short_circuit_operator.py for tasks to queue
[2026-03-18T08:10:50.039+0000] {logging_mixin.py:188} INFO - [2026-03-18T08:10:50.039+0000] {dagbag.py:538} INFO - Filling up the DagBag from /home/airflow/.local/lib/python3.8/site-packages/airflow/example_dags/example_short_circuit_operator.py
[2026-03-18T08:10:50.044+0000] {processor.py:840} INFO - DAG(s) 'example_short_circuit_operator' retrieved from /home/airflow/.local/lib/python3.8/site-packages/airflow/example_dags/example_short_circuit_operator.py
[2026-03-18T08:10:50.059+0000] {logging_mixin.py:188} INFO - [2026-03-18T08:10:50.059+0000] {dag.py:3036} INFO - Sync 1 DAGs
[2026-03-18T08:10:50.068+0000] {logging_mixin.py:188} INFO - [2026-03-18T08:10:50.068+0000] {dag.py:3823} INFO - Setting next_dagrun for example_short_circuit_operator to 2026-03-17 00:00:00+00:00, run_after=2026-03-18 00:00:00+00:00
[2026-03-18T08:10:50.075+0000] {processor.py:183} INFO - Processing /home/airflow/.local/lib/python3.8/site-packages/airflow/example_dags/example_short_circuit_operator.py took 0.040 seconds
[2026-03-18T08:11:20.583+0000] {processor.py:161} INFO - Started process (PID=693) to work on /home/airflow/.local/lib/python3.8/site-packages/airflow/example_dags/example_short_circuit_operator.py
[2026-03-18T08:11:20.583+0000] {processor.py:830} INFO - Processing file /home/airflow/.local/lib/python3.8/site-packages/airflow/example_dags/example_short_circuit_operator.py for tasks to queue
[2026-03-18T08:11:20.584+0000] {logging_mixin.py:188} INFO - [2026-03-18T08:11:20.584+0000] {dagbag.py:538} INFO - Filling up the DagBag from /home/airflow/.local/lib/python3.8/site-packages/airflow/example_dags/example_short_circuit_operator.py
[2026-03-18T08:11:20.588+0000] {processor.py:840} INFO - DAG(s) 'example_short_circuit_operator' retrieved from /home/airflow/.local/lib/python3.8/site-packages/airflow/example_dags/example_short_circuit_operator.py
[2026-03-18T08:11:20.600+0000] {logging_mixin.py:188} INFO - [2026-03-18T08:11:20.600+0000] {dag.py:3036} INFO - Sync 1 DAGs
[2026-03-18T08:11:20.607+0000] {logging_mixin.py:188} INFO - [2026-03-18T08:11:20.607+0000] {dag.py:3823} INFO - Setting next_dagrun for example_short_circuit_operator to 2026-03-17 00:00:00+00:00, run_after=2026-03-18 00:00:00+00:00
[2026-03-18T08:11:20.614+0000] {processor.py:183} INFO - Processing /home/airflow/.local/lib/python3.8/site-packages/airflow/example_dags/example_short_circuit_operator.py took 0.033 seconds
[2026-03-18T08:11:51.096+0000] {processor.py:161} INFO - Started process (PID=749) to work on /home/airflow/.local/lib/python3.8/site-packages/airflow/example_dags/example_short_circuit_operator.py
[2026-03-18T08:11:51.099+0000] {processor.py:830} INFO - Processing file /home/airflow/.local/lib/python3.8/site-packages/airflow/example_dags/example_short_circuit_operator.py for tasks to queue
[2026-03-18T08:11:51.100+0000] {logging_mixin.py:188} INFO - [2026-03-18T08:11:51.100+0000] {dagbag.py:538} INFO - Filling up the DagBag from /home/airflow/.local/lib/python3.8/site-packages/airflow/example_dags/example_short_circuit_operator.py
[2026-03-18T08:11:51.102+0000] {processor.py:840} INFO - DAG(s) 'example_short_circuit_operator' retrieved from /home/airflow/.local/lib/python3.8/site-packages/airflow/example_dags/example_short_circuit_operator.py
[2026-03-18T08:11:51.115+0000] {logging_mixin.py:188} INFO - [2026-03-18T08:11:51.115+0000] {dag.py:3036} INFO - Sync 1 DAGs
[2026-03-18T08:11:51.127+0000] {logging_mixin.py:188} INFO - [2026-03-18T08:11:51.127+0000] {dag.py:3823} INFO - Setting next_dagrun for example_short_circuit_operator to 2026-03-17 00:00:00+00:00, run_after=2026-03-18 00:00:00+00:00
[2026-03-18T08:11:51.140+0000] {processor.py:183} INFO - Processing /home/airflow/.local/lib/python3.8/site-packages/airflow/example_dags/example_short_circuit_operator.py took 0.046 seconds
[2026-03-18T08:12:21.652+0000] {processor.py:161} INFO - Started process (PID=805) to work on /home/airflow/.local/lib/python3.8/site-packages/airflow/example_dags/example_short_circuit_operator.py
[2026-03-18T08:12:21.653+0000] {processor.py:830} INFO - Processing file /home/airflow/.local/lib/python3.8/site-packages/airflow/example_dags/example_short_circuit_operator.py for tasks to queue
[2026-03-18T08:12:21.654+0000] {logging_mixin.py:188} INFO - [2026-03-18T08:12:21.654+0000] {dagbag.py:538} INFO - Filling up the DagBag from /home/airflow/.local/lib/python3.8/site-packages/airflow/example_dags/example_short_circuit_operator.py
[2026-03-18T08:12:21.657+0000] {processor.py:840} INFO - DAG(s) 'example_short_circuit_operator' retrieved from /home/airflow/.local/lib/python3.8/site-packages/airflow/example_dags/example_short_circuit_operator.py
[2026-03-18T08:12:21.666+0000] {logging_mixin.py:188} INFO - [2026-03-18T08:12:21.666+0000] {dag.py:3036} INFO - Sync 1 DAGs
[2026-03-18T08:12:21.675+0000] {logging_mixin.py:188} INFO - [2026-03-18T08:12:21.675+0000] {dag.py:3823} INFO - Setting next_dagrun for example_short_circuit_operator to 2026-03-17 00:00:00+00:00, run_after=2026-03-18 00:00:00+00:00
[2026-03-18T08:12:21.683+0000] {processor.py:183} INFO - Processing /home/airflow/.local/lib/python3.8/site-packages/airflow/example_dags/example_short_circuit_operator.py took 0.033 seconds
[2026-03-18T08:12:52.026+0000] {processor.py:161} INFO - Started process (PID=861) to work on /home/airflow/.local/lib/python3.8/site-packages/airflow/example_dags/example_short_circuit_operator.py
[2026-03-18T08:12:52.027+0000] {processor.py:830} INFO - Processing file /home/airflow/.local/lib/python3.8/site-packages/airflow/example_dags/example_short_circuit_operator.py for tasks to queue
[2026-03-18T08:12:52.028+0000] {logging_mixin.py:188} INFO - [2026-03-18T08:12:52.028+0000] {dagbag.py:538} INFO - Filling up the DagBag from /home/airflow/.local/lib/python3.8/site-packages/airflow/example_dags/example_short_circuit_operator.py
[2026-03-18T08:12:52.031+0000] {processor.py:840} INFO - DAG(s) 'example_short_circuit_operator' retrieved from /home/airflow/.local/lib/python3.8/site-packages/airflow/example_dags/example_short_circuit_operator.py
[2026-03-18T08:12:52.046+0000] {logging_mixin.py:188} INFO - [2026-03-18T08:12:52.046+0000] {dag.py:3036} INFO - Sync 1 DAGs
[2026-03-18T08:12:52.056+0000] {logging_mixin.py:188} INFO - [2026-03-18T08:12:52.056+0000] {dag.py:3823} INFO - Setting next_dagrun for example_short_circuit_operator to 2026-03-17 00:00:00+00:00, run_after=2026-03-18 00:00:00+00:00
[2026-03-18T08:12:52.062+0000] {processor.py:183} INFO - Processing /home/airflow/.local/lib/python3.8/site-packages/airflow/example_dags/example_short_circuit_operator.py took 0.038 seconds
[2026-03-18T08:13:22.486+0000] {processor.py:161} INFO - Started process (PID=917) to work on /home/airflow/.local/lib/python3.8/site-packages/airflow/example_dags/example_short_circuit_operator.py
[2026-03-18T08:13:22.487+0000] {processor.py:830} INFO - Processing file /home/airflow/.local/lib/python3.8/site-packages/airflow/example_dags/example_short_circuit_operator.py for tasks to queue
[2026-03-18T08:13:22.488+0000] {logging_mixin.py:188} INFO - [2026-03-18T08:13:22.488+0000] {dagbag.py:538} INFO - Filling up the DagBag from /home/airflow/.local/lib/python3.8/site-packages/airflow/example_dags/example_short_circuit_operator.py
[2026-03-18T08:13:22.492+0000] {processor.py:840} INFO - DAG(s) 'example_short_circuit_operator' retrieved from /home/airflow/.local/lib/python3.8/site-packages/airflow/example_dags/example_short_circuit_operator.py
[2026-03-18T08:13:22.502+0000] {logging_mixin.py:188} INFO - [2026-03-18T08:13:22.502+0000] {dag.py:3036} INFO - Sync 1 DAGs
[2026-03-18T08:13:22.511+0000] {logging_mixin.py:188} INFO - [2026-03-18T08:13:22.511+0000] {dag.py:3823} INFO - Setting next_dagrun for example_short_circuit_operator to 2026-03-17 00:00:00+00:00, run_after=2026-03-18 00:00:00+00:00
[2026-03-18T08:13:22.519+0000] {processor.py:183} INFO - Processing /home/airflow/.local/lib/python3.8/site-packages/airflow/example_dags/example_short_circuit_operator.py took 0.034 seconds
[2026-03-18T08:13:53.051+0000] {processor.py:161} INFO - Started process (PID=973) to work on /home/airflow/.local/lib/python3.8/site-packages/airflow/example_dags/example_short_circuit_operator.py
[2026-03-18T08:13:53.052+0000] {processor.py:830} INFO - Processing file /home/airflow/.local/lib/python3.8/site-packages/airflow/example_dags/example_short_circuit_operator.py for tasks to queue
[2026-03-18T08:13:53.053+0000] {logging_mixin.py:188} INFO - [2026-03-18T08:13:53.053+0000] {dagbag.py:538} INFO - Filling up the DagBag from /home/airflow/.local/lib/python3.8/site-packages/airflow/example_dags/example_short_circuit_operator.py
[2026-03-18T08:13:53.057+0000] {processor.py:840} INFO - DAG(s) 'example_short_circuit_operator' retrieved from /home/airflow/.local/lib/python3.8/site-packages/airflow/example_dags/example_short_circuit_operator.py
[2026-03-18T08:13:53.067+0000] {logging_mixin.py:188} INFO - [2026-03-18T08:13:53.066+0000] {dag.py:3036} INFO - Sync 1 DAGs
[2026-03-18T08:13:53.076+0000] {logging_mixin.py:188} INFO - [2026-03-18T08:13:53.076+0000] {dag.py:3823} INFO - Setting next_dagrun for example_short_circuit_operator to 2026-03-17 00:00:00+00:00, run_after=2026-03-18 00:00:00+00:00
[2026-03-18T08:13:53.085+0000] {processor.py:183} INFO - Processing /home/airflow/.local/lib/python3.8/site-packages/airflow/example_dags/example_short_circuit_operator.py took 0.036 seconds
[2026-03-18T08:14:23.678+0000] {processor.py:161} INFO - Started process (PID=1029) to work on /home/airflow/.local/lib/python3.8/site-packages/airflow/example_dags/example_short_circuit_operator.py
[2026-03-18T08:14:23.679+0000] {processor.py:830} INFO - Processing file /home/airflow/.local/lib/python3.8/site-packages/airflow/example_dags/example_short_circuit_operator.py for tasks to queue
[2026-03-18T08:14:23.680+0000] {logging_mixin.py:188} INFO - [2026-03-18T08:14:23.680+0000] {dagbag.py:538} INFO - Filling up the DagBag from /home/airflow/.local/lib/python3.8/site-packages/airflow/example_dags/example_short_circuit_operator.py
[2026-03-18T08:14:23.684+0000] {processor.py:840} INFO - DAG(s) 'example_short_circuit_operator' retrieved from /home/airflow/.local/lib/python3.8/site-packages/airflow/example_dags/example_short_circuit_operator.py
[2026-03-18T08:14:23.695+0000] {logging_mixin.py:188} INFO - [2026-03-18T08:14:23.695+0000] {dag.py:3036} INFO - Sync 1 DAGs
[2026-03-18T08:14:23.707+0000] {logging_mixin.py:188} INFO - [2026-03-18T08:14:23.706+0000] {dag.py:3823} INFO - Setting next_dagrun for example_short_circuit_operator to 2026-03-17 00:00:00+00:00, run_after=2026-03-18 00:00:00+00:00
[2026-03-18T08:14:23.713+0000] {processor.py:183} INFO - Processing /home/airflow/.local/lib/python3.8/site-packages/airflow/example_dags/example_short_circuit_operator.py took 0.037 seconds
[2026-03-18T08:14:54.249+0000] {processor.py:161} INFO - Started process (PID=1085) to work on /home/airflow/.local/lib/python3.8/site-packages/airflow/example_dags/example_short_circuit_operator.py
[2026-03-18T08:14:54.252+0000] {processor.py:830} INFO - Processing file /home/airflow/.local/lib/python3.8/site-packages/airflow/example_dags/example_short_circuit_operator.py for tasks to queue
[2026-03-18T08:14:54.253+0000] {logging_mixin.py:188} INFO - [2026-03-18T08:14:54.253+0000] {dagbag.py:538} INFO - Filling up the DagBag from /home/airflow/.local/lib/python3.8/site-packages/airflow/example_dags/example_short_circuit_operator.py
[2026-03-18T08:14:54.258+0000] {processor.py:840} INFO - DAG(s) 'example_short_circuit_operator' retrieved from /home/airflow/.local/lib/python3.8/site-packages/airflow/example_dags/example_short_circuit_operator.py
[2026-03-18T08:14:54.272+0000] {logging_mixin.py:188} INFO - [2026-03-18T08:14:54.272+0000] {dag.py:3036} INFO - Sync 1 DAGs
[2026-03-18T08:14:54.285+0000] {logging_mixin.py:188} INFO - [2026-03-18T08:14:54.285+0000] {dag.py:3823} INFO - Setting next_dagrun for example_short_circuit_operator to 2026-03-17 00:00:00+00:00, run_after=2026-03-18 00:00:00+00:00
[2026-03-18T08:14:54.294+0000] {processor.py:183} INFO - Processing /home/airflow/.local/lib/python3.8/site-packages/airflow/example_dags/example_short_circuit_operator.py took 0.047 seconds
[2026-03-18T08:15:24.891+0000] {processor.py:161} INFO - Started process (PID=1141) to work on /home/airflow/.local/lib/python3.8/site-packages/airflow/example_dags/example_short_circuit_operator.py
[2026-03-18T08:15:24.893+0000] {processor.py:830} INFO - Processing file /home/airflow/.local/lib/python3.8/site-packages/airflow/example_dags/example_short_circuit_operator.py for tasks to queue
[2026-03-18T08:15:24.894+0000] {logging_mixin.py:188} INFO - [2026-03-18T08:15:24.894+0000] {dagbag.py:538} INFO - Filling up the DagBag from /home/airflow/.local/lib/python3.8/site-packages/airflow/example_dags/example_short_circuit_operator.py
[2026-03-18T08:15:24.897+0000] {processor.py:840} INFO - DAG(s) 'example_short_circuit_operator' retrieved from /home/airflow/.local/lib/python3.8/site-packages/airflow/example_dags/example_short_circuit_operator.py
[2026-03-18T08:15:24.907+0000] {logging_mixin.py:188} INFO - [2026-03-18T08:15:24.907+0000] {dag.py:3036} INFO - Sync 1 DAGs
[2026-03-18T08:15:24.918+0000] {logging_mixin.py:188} INFO - [2026-03-18T08:15:24.918+0000] {dag.py:3823} INFO - Setting next_dagrun for example_short_circuit_operator to 2026-03-17 00:00:00+00:00, run_after=2026-03-18 00:00:00+00:00
[2026-03-18T08:15:24.928+0000] {processor.py:183} INFO - Processing /home/airflow/.local/lib/python3.8/site-packages/airflow/example_dags/example_short_circuit_operator.py took 0.038 seconds
[2026-03-18T08:15:55.419+0000] {processor.py:161} INFO - Started process (PID=1197) to work on /home/airflow/.local/lib/python3.8/site-packages/airflow/example_dags/example_short_circuit_operator.py
[2026-03-18T08:15:55.420+0000] {processor.py:830} INFO - Processing file /home/airflow/.local/lib/python3.8/site-packages/airflow/example_dags/example_short_circuit_operator.py for tasks to queue
[2026-03-18T08:15:55.420+0000] {logging_mixin.py:188} INFO - [2026-03-18T08:15:55.420+0000] {dagbag.py:538} INFO - Filling up the DagBag from /home/airflow/.local/lib/python3.8/site-packages/airflow/example_dags/example_short_circuit_operator.py
[2026-03-18T08:15:55.423+0000] {processor.py:840} INFO - DAG(s) 'example_short_circuit_operator' retrieved from /home/airflow/.local/lib/python3.8/site-packages/airflow/example_dags/example_short_circuit_operator.py
[2026-03-18T08:15:55.431+0000] {logging_mixin.py:188} INFO - [2026-03-18T08:15:55.431+0000] {dag.py:3036} INFO - Sync 1 DAGs
[2026-03-18T08:15:55.439+0000] {logging_mixin.py:188} INFO - [2026-03-18T08:15:55.439+0000] {dag.py:3823} INFO - Setting next_dagrun for example_short_circuit_operator to 2026-03-17 00:00:00+00:00, run_after=2026-03-18 00:00:00+00:00
[2026-03-18T08:15:55.445+0000] {processor.py:183} INFO - Processing /home/airflow/.local/lib/python3.8/site-packages/airflow/example_dags/example_short_circuit_operator.py took 0.027 seconds
[2026-03-18T08:16:25.979+0000] {processor.py:161} INFO - Started process (PID=1253) to work on /home/airflow/.local/lib/python3.8/site-packages/airflow/example_dags/example_short_circuit_operator.py
[2026-03-18T08:16:25.979+0000] {processor.py:830} INFO - Processing file /home/airflow/.local/lib/python3.8/site-packages/airflow/example_dags/example_short_circuit_operator.py for tasks to queue
[2026-03-18T08:16:25.980+0000] {logging_mixin.py:188} INFO - [2026-03-18T08:16:25.980+0000] {dagbag.py:538} INFO - Filling up the DagBag from /home/airflow/.local/lib/python3.8/site-packages/airflow/example_dags/example_short_circuit_operator.py
[2026-03-18T08:16:25.983+0000] {processor.py:840} INFO - DAG(s) 'example_short_circuit_operator' retrieved from /home/airflow/.local/lib/python3.8/site-packages/airflow/example_dags/example_short_circuit_operator.py
[2026-03-18T08:16:25.992+0000] {logging_mixin.py:188} INFO - [2026-03-18T08:16:25.991+0000] {dag.py:3036} INFO - Sync 1 DAGs
[2026-03-18T08:16:25.999+0000] {logging_mixin.py:188} INFO - [2026-03-18T08:16:25.999+0000] {dag.py:3823} INFO - Setting next_dagrun for example_short_circuit_operator to 2026-03-17 00:00:00+00:00, run_after=2026-03-18 00:00:00+00:00
[2026-03-18T08:16:26.005+0000] {processor.py:183} INFO - Processing /home/airflow/.local/lib/python3.8/site-packages/airflow/example_dags/example_short_circuit_operator.py took 0.027 seconds
[2026-03-18T08:16:56.508+0000] {processor.py:161} INFO - Started process (PID=1310) to work on /home/airflow/.local/lib/python3.8/site-packages/airflow/example_dags/example_short_circuit_operator.py
[2026-03-18T08:16:56.509+0000] {processor.py:830} INFO - Processing file /home/airflow/.local/lib/python3.8/site-packages/airflow/example_dags/example_short_circuit_operator.py for tasks to queue
[2026-03-18T08:16:56.510+0000] {logging_mixin.py:188} INFO - [2026-03-18T08:16:56.509+0000] {dagbag.py:538} INFO - Filling up the DagBag from /home/airflow/.local/lib/python3.8/site-packages/airflow/example_dags/example_short_circuit_operator.py
[2026-03-18T08:16:56.512+0000] {processor.py:840} INFO - DAG(s) 'example_short_circuit_operator' retrieved from /home/airflow/.local/lib/python3.8/site-packages/airflow/example_dags/example_short_circuit_operator.py
[2026-03-18T08:16:56.527+0000] {logging_mixin.py:188} INFO - [2026-03-18T08:16:56.526+0000] {dag.py:3036} INFO - Sync 1 DAGs
[2026-03-18T08:16:56.534+0000] {logging_mixin.py:188} INFO - [2026-03-18T08:16:56.534+0000] {dag.py:3823} INFO - Setting next_dagrun for example_short_circuit_operator to 2026-03-17 00:00:00+00:00, run_after=2026-03-18 00:00:00+00:00
[2026-03-18T08:16:56.541+0000] {processor.py:183} INFO - Processing /home/airflow/.local/lib/python3.8/site-packages/airflow/example_dags/example_short_circuit_operator.py took 0.034 seconds
