[2026-03-18T07:45:19.120+0000] {processor.py:161} INFO - Started process (PID=79) to work on /home/airflow/.local/lib/python3.8/site-packages/airflow/example_dags/example_sensors.py
[2026-03-18T07:45:19.120+0000] {processor.py:830} INFO - Processing file /home/airflow/.local/lib/python3.8/site-packages/airflow/example_dags/example_sensors.py for tasks to queue
[2026-03-18T07:45:19.121+0000] {logging_mixin.py:188} INFO - [2026-03-18T07:45:19.121+0000] {dagbag.py:538} INFO - Filling up the DagBag from /home/airflow/.local/lib/python3.8/site-packages/airflow/example_dags/example_sensors.py
[2026-03-18T07:45:19.125+0000] {processor.py:840} INFO - DAG(s) 'example_sensors' retrieved from /home/airflow/.local/lib/python3.8/site-packages/airflow/example_dags/example_sensors.py
[2026-03-18T07:45:19.168+0000] {logging_mixin.py:188} INFO - [2026-03-18T07:45:19.168+0000] {override.py:1769} INFO - Created Permission View: can read on DAG:example_sensors
[2026-03-18T07:45:19.172+0000] {logging_mixin.py:188} INFO - [2026-03-18T07:45:19.172+0000] {override.py:1769} INFO - Created Permission View: can delete on DAG:example_sensors
[2026-03-18T07:45:19.175+0000] {logging_mixin.py:188} INFO - [2026-03-18T07:45:19.174+0000] {override.py:1769} INFO - Created Permission View: can edit on DAG:example_sensors
[2026-03-18T07:45:19.175+0000] {logging_mixin.py:188} INFO - [2026-03-18T07:45:19.175+0000] {dag.py:3036} INFO - Sync 1 DAGs
[2026-03-18T07:45:19.179+0000] {logging_mixin.py:188} INFO - [2026-03-18T07:45:19.179+0000] {dag.py:3058} INFO - Creating ORM DAG for example_sensors
[2026-03-18T07:45:19.179+0000] {logging_mixin.py:188} INFO - [2026-03-18T07:45:19.179+0000] {dag.py:3823} INFO - Setting next_dagrun for example_sensors to None, run_after=None
[2026-03-18T07:45:19.186+0000] {processor.py:183} INFO - Processing /home/airflow/.local/lib/python3.8/site-packages/airflow/example_dags/example_sensors.py took 0.068 seconds
[2026-03-18T07:45:49.709+0000] {processor.py:161} INFO - Started process (PID=134) to work on /home/airflow/.local/lib/python3.8/site-packages/airflow/example_dags/example_sensors.py
[2026-03-18T07:45:49.710+0000] {processor.py:830} INFO - Processing file /home/airflow/.local/lib/python3.8/site-packages/airflow/example_dags/example_sensors.py for tasks to queue
[2026-03-18T07:45:49.710+0000] {logging_mixin.py:188} INFO - [2026-03-18T07:45:49.710+0000] {dagbag.py:538} INFO - Filling up the DagBag from /home/airflow/.local/lib/python3.8/site-packages/airflow/example_dags/example_sensors.py
[2026-03-18T07:45:49.714+0000] {processor.py:840} INFO - DAG(s) 'example_sensors' retrieved from /home/airflow/.local/lib/python3.8/site-packages/airflow/example_dags/example_sensors.py
[2026-03-18T07:45:49.724+0000] {logging_mixin.py:188} INFO - [2026-03-18T07:45:49.724+0000] {dag.py:3036} INFO - Sync 1 DAGs
[2026-03-18T07:45:49.729+0000] {logging_mixin.py:188} INFO - [2026-03-18T07:45:49.729+0000] {dag.py:3823} INFO - Setting next_dagrun for example_sensors to None, run_after=None
[2026-03-18T07:45:49.736+0000] {processor.py:183} INFO - Processing /home/airflow/.local/lib/python3.8/site-packages/airflow/example_dags/example_sensors.py took 0.028 seconds
[2026-03-18T07:46:20.118+0000] {processor.py:161} INFO - Started process (PID=189) to work on /home/airflow/.local/lib/python3.8/site-packages/airflow/example_dags/example_sensors.py
[2026-03-18T07:46:20.119+0000] {processor.py:830} INFO - Processing file /home/airflow/.local/lib/python3.8/site-packages/airflow/example_dags/example_sensors.py for tasks to queue
[2026-03-18T07:46:20.120+0000] {logging_mixin.py:188} INFO - [2026-03-18T07:46:20.120+0000] {dagbag.py:538} INFO - Filling up the DagBag from /home/airflow/.local/lib/python3.8/site-packages/airflow/example_dags/example_sensors.py
[2026-03-18T07:46:20.125+0000] {processor.py:840} INFO - DAG(s) 'example_sensors' retrieved from /home/airflow/.local/lib/python3.8/site-packages/airflow/example_dags/example_sensors.py
[2026-03-18T07:46:20.139+0000] {logging_mixin.py:188} INFO - [2026-03-18T07:46:20.139+0000] {dag.py:3036} INFO - Sync 1 DAGs
[2026-03-18T07:46:20.145+0000] {logging_mixin.py:188} INFO - [2026-03-18T07:46:20.145+0000] {dag.py:3823} INFO - Setting next_dagrun for example_sensors to None, run_after=None
[2026-03-18T07:46:20.152+0000] {processor.py:183} INFO - Processing /home/airflow/.local/lib/python3.8/site-packages/airflow/example_dags/example_sensors.py took 0.036 seconds
[2026-03-18T07:46:50.426+0000] {processor.py:161} INFO - Started process (PID=244) to work on /home/airflow/.local/lib/python3.8/site-packages/airflow/example_dags/example_sensors.py
[2026-03-18T07:46:50.426+0000] {processor.py:830} INFO - Processing file /home/airflow/.local/lib/python3.8/site-packages/airflow/example_dags/example_sensors.py for tasks to queue
[2026-03-18T07:46:50.427+0000] {logging_mixin.py:188} INFO - [2026-03-18T07:46:50.427+0000] {dagbag.py:538} INFO - Filling up the DagBag from /home/airflow/.local/lib/python3.8/site-packages/airflow/example_dags/example_sensors.py
[2026-03-18T07:46:50.431+0000] {processor.py:840} INFO - DAG(s) 'example_sensors' retrieved from /home/airflow/.local/lib/python3.8/site-packages/airflow/example_dags/example_sensors.py
[2026-03-18T07:46:50.440+0000] {logging_mixin.py:188} INFO - [2026-03-18T07:46:50.440+0000] {dag.py:3036} INFO - Sync 1 DAGs
[2026-03-18T07:46:50.445+0000] {logging_mixin.py:188} INFO - [2026-03-18T07:46:50.445+0000] {dag.py:3823} INFO - Setting next_dagrun for example_sensors to None, run_after=None
[2026-03-18T07:46:50.451+0000] {processor.py:183} INFO - Processing /home/airflow/.local/lib/python3.8/site-packages/airflow/example_dags/example_sensors.py took 0.027 seconds
[2026-03-18T07:47:20.799+0000] {processor.py:161} INFO - Started process (PID=299) to work on /home/airflow/.local/lib/python3.8/site-packages/airflow/example_dags/example_sensors.py
[2026-03-18T07:47:20.800+0000] {processor.py:830} INFO - Processing file /home/airflow/.local/lib/python3.8/site-packages/airflow/example_dags/example_sensors.py for tasks to queue
[2026-03-18T07:47:20.801+0000] {logging_mixin.py:188} INFO - [2026-03-18T07:47:20.801+0000] {dagbag.py:538} INFO - Filling up the DagBag from /home/airflow/.local/lib/python3.8/site-packages/airflow/example_dags/example_sensors.py
[2026-03-18T07:47:20.807+0000] {processor.py:840} INFO - DAG(s) 'example_sensors' retrieved from /home/airflow/.local/lib/python3.8/site-packages/airflow/example_dags/example_sensors.py
[2026-03-18T07:47:20.823+0000] {logging_mixin.py:188} INFO - [2026-03-18T07:47:20.823+0000] {dag.py:3036} INFO - Sync 1 DAGs
[2026-03-18T07:47:20.829+0000] {logging_mixin.py:188} INFO - [2026-03-18T07:47:20.829+0000] {dag.py:3823} INFO - Setting next_dagrun for example_sensors to None, run_after=None
[2026-03-18T07:47:20.838+0000] {processor.py:183} INFO - Processing /home/airflow/.local/lib/python3.8/site-packages/airflow/example_dags/example_sensors.py took 0.041 seconds
[2026-03-18T07:47:51.236+0000] {processor.py:161} INFO - Started process (PID=354) to work on /home/airflow/.local/lib/python3.8/site-packages/airflow/example_dags/example_sensors.py
[2026-03-18T07:47:51.236+0000] {processor.py:830} INFO - Processing file /home/airflow/.local/lib/python3.8/site-packages/airflow/example_dags/example_sensors.py for tasks to queue
[2026-03-18T07:47:51.237+0000] {logging_mixin.py:188} INFO - [2026-03-18T07:47:51.237+0000] {dagbag.py:538} INFO - Filling up the DagBag from /home/airflow/.local/lib/python3.8/site-packages/airflow/example_dags/example_sensors.py
[2026-03-18T07:47:51.241+0000] {processor.py:840} INFO - DAG(s) 'example_sensors' retrieved from /home/airflow/.local/lib/python3.8/site-packages/airflow/example_dags/example_sensors.py
[2026-03-18T07:47:51.251+0000] {logging_mixin.py:188} INFO - [2026-03-18T07:47:51.251+0000] {dag.py:3036} INFO - Sync 1 DAGs
[2026-03-18T07:47:51.257+0000] {logging_mixin.py:188} INFO - [2026-03-18T07:47:51.257+0000] {dag.py:3823} INFO - Setting next_dagrun for example_sensors to None, run_after=None
[2026-03-18T07:47:51.264+0000] {processor.py:183} INFO - Processing /home/airflow/.local/lib/python3.8/site-packages/airflow/example_dags/example_sensors.py took 0.030 seconds
[2026-03-18T07:48:21.589+0000] {processor.py:161} INFO - Started process (PID=409) to work on /home/airflow/.local/lib/python3.8/site-packages/airflow/example_dags/example_sensors.py
[2026-03-18T07:48:21.589+0000] {processor.py:830} INFO - Processing file /home/airflow/.local/lib/python3.8/site-packages/airflow/example_dags/example_sensors.py for tasks to queue
[2026-03-18T07:48:21.590+0000] {logging_mixin.py:188} INFO - [2026-03-18T07:48:21.590+0000] {dagbag.py:538} INFO - Filling up the DagBag from /home/airflow/.local/lib/python3.8/site-packages/airflow/example_dags/example_sensors.py
[2026-03-18T07:48:21.594+0000] {processor.py:840} INFO - DAG(s) 'example_sensors' retrieved from /home/airflow/.local/lib/python3.8/site-packages/airflow/example_dags/example_sensors.py
[2026-03-18T07:48:21.605+0000] {logging_mixin.py:188} INFO - [2026-03-18T07:48:21.605+0000] {dag.py:3036} INFO - Sync 1 DAGs
[2026-03-18T07:48:21.610+0000] {logging_mixin.py:188} INFO - [2026-03-18T07:48:21.610+0000] {dag.py:3823} INFO - Setting next_dagrun for example_sensors to None, run_after=None
[2026-03-18T07:48:21.617+0000] {processor.py:183} INFO - Processing /home/airflow/.local/lib/python3.8/site-packages/airflow/example_dags/example_sensors.py took 0.030 seconds
[2026-03-18T07:48:51.897+0000] {processor.py:161} INFO - Started process (PID=470) to work on /home/airflow/.local/lib/python3.8/site-packages/airflow/example_dags/example_sensors.py
[2026-03-18T07:48:51.897+0000] {processor.py:830} INFO - Processing file /home/airflow/.local/lib/python3.8/site-packages/airflow/example_dags/example_sensors.py for tasks to queue
[2026-03-18T07:48:51.898+0000] {logging_mixin.py:188} INFO - [2026-03-18T07:48:51.898+0000] {dagbag.py:538} INFO - Filling up the DagBag from /home/airflow/.local/lib/python3.8/site-packages/airflow/example_dags/example_sensors.py
[2026-03-18T07:48:51.903+0000] {processor.py:840} INFO - DAG(s) 'example_sensors' retrieved from /home/airflow/.local/lib/python3.8/site-packages/airflow/example_dags/example_sensors.py
[2026-03-18T07:48:51.915+0000] {logging_mixin.py:188} INFO - [2026-03-18T07:48:51.915+0000] {dag.py:3036} INFO - Sync 1 DAGs
[2026-03-18T07:48:51.920+0000] {logging_mixin.py:188} INFO - [2026-03-18T07:48:51.920+0000] {dag.py:3823} INFO - Setting next_dagrun for example_sensors to None, run_after=None
[2026-03-18T07:48:51.926+0000] {processor.py:183} INFO - Processing /home/airflow/.local/lib/python3.8/site-packages/airflow/example_dags/example_sensors.py took 0.031 seconds
[2026-03-18T07:49:22.146+0000] {processor.py:161} INFO - Started process (PID=525) to work on /home/airflow/.local/lib/python3.8/site-packages/airflow/example_dags/example_sensors.py
[2026-03-18T07:49:22.148+0000] {processor.py:830} INFO - Processing file /home/airflow/.local/lib/python3.8/site-packages/airflow/example_dags/example_sensors.py for tasks to queue
[2026-03-18T07:49:22.149+0000] {logging_mixin.py:188} INFO - [2026-03-18T07:49:22.149+0000] {dagbag.py:538} INFO - Filling up the DagBag from /home/airflow/.local/lib/python3.8/site-packages/airflow/example_dags/example_sensors.py
[2026-03-18T07:49:22.153+0000] {processor.py:840} INFO - DAG(s) 'example_sensors' retrieved from /home/airflow/.local/lib/python3.8/site-packages/airflow/example_dags/example_sensors.py
[2026-03-18T07:49:22.164+0000] {logging_mixin.py:188} INFO - [2026-03-18T07:49:22.164+0000] {dag.py:3036} INFO - Sync 1 DAGs
[2026-03-18T07:49:22.172+0000] {logging_mixin.py:188} INFO - [2026-03-18T07:49:22.172+0000] {dag.py:3823} INFO - Setting next_dagrun for example_sensors to None, run_after=None
[2026-03-18T07:49:22.180+0000] {processor.py:183} INFO - Processing /home/airflow/.local/lib/python3.8/site-packages/airflow/example_dags/example_sensors.py took 0.035 seconds
[2026-03-18T07:49:52.412+0000] {processor.py:161} INFO - Started process (PID=580) to work on /home/airflow/.local/lib/python3.8/site-packages/airflow/example_dags/example_sensors.py
[2026-03-18T07:49:52.413+0000] {processor.py:830} INFO - Processing file /home/airflow/.local/lib/python3.8/site-packages/airflow/example_dags/example_sensors.py for tasks to queue
[2026-03-18T07:49:52.415+0000] {logging_mixin.py:188} INFO - [2026-03-18T07:49:52.415+0000] {dagbag.py:538} INFO - Filling up the DagBag from /home/airflow/.local/lib/python3.8/site-packages/airflow/example_dags/example_sensors.py
[2026-03-18T07:49:52.421+0000] {processor.py:840} INFO - DAG(s) 'example_sensors' retrieved from /home/airflow/.local/lib/python3.8/site-packages/airflow/example_dags/example_sensors.py
[2026-03-18T07:49:52.434+0000] {logging_mixin.py:188} INFO - [2026-03-18T07:49:52.434+0000] {dag.py:3036} INFO - Sync 1 DAGs
[2026-03-18T07:49:52.442+0000] {logging_mixin.py:188} INFO - [2026-03-18T07:49:52.442+0000] {dag.py:3823} INFO - Setting next_dagrun for example_sensors to None, run_after=None
[2026-03-18T07:49:52.449+0000] {processor.py:183} INFO - Processing /home/airflow/.local/lib/python3.8/site-packages/airflow/example_dags/example_sensors.py took 0.039 seconds
[2026-03-18T07:50:22.846+0000] {processor.py:161} INFO - Started process (PID=636) to work on /home/airflow/.local/lib/python3.8/site-packages/airflow/example_dags/example_sensors.py
[2026-03-18T07:50:22.848+0000] {processor.py:830} INFO - Processing file /home/airflow/.local/lib/python3.8/site-packages/airflow/example_dags/example_sensors.py for tasks to queue
[2026-03-18T07:50:22.849+0000] {logging_mixin.py:188} INFO - [2026-03-18T07:50:22.849+0000] {dagbag.py:538} INFO - Filling up the DagBag from /home/airflow/.local/lib/python3.8/site-packages/airflow/example_dags/example_sensors.py
[2026-03-18T07:50:22.856+0000] {processor.py:840} INFO - DAG(s) 'example_sensors' retrieved from /home/airflow/.local/lib/python3.8/site-packages/airflow/example_dags/example_sensors.py
[2026-03-18T07:50:22.868+0000] {logging_mixin.py:188} INFO - [2026-03-18T07:50:22.868+0000] {dag.py:3036} INFO - Sync 1 DAGs
[2026-03-18T07:50:22.872+0000] {logging_mixin.py:188} INFO - [2026-03-18T07:50:22.872+0000] {dag.py:3823} INFO - Setting next_dagrun for example_sensors to None, run_after=None
[2026-03-18T07:50:22.887+0000] {processor.py:183} INFO - Processing /home/airflow/.local/lib/python3.8/site-packages/airflow/example_dags/example_sensors.py took 0.042 seconds
[2026-03-18T07:50:53.321+0000] {processor.py:161} INFO - Started process (PID=692) to work on /home/airflow/.local/lib/python3.8/site-packages/airflow/example_dags/example_sensors.py
[2026-03-18T07:50:53.323+0000] {processor.py:830} INFO - Processing file /home/airflow/.local/lib/python3.8/site-packages/airflow/example_dags/example_sensors.py for tasks to queue
[2026-03-18T07:50:53.324+0000] {logging_mixin.py:188} INFO - [2026-03-18T07:50:53.324+0000] {dagbag.py:538} INFO - Filling up the DagBag from /home/airflow/.local/lib/python3.8/site-packages/airflow/example_dags/example_sensors.py
[2026-03-18T07:50:53.328+0000] {processor.py:840} INFO - DAG(s) 'example_sensors' retrieved from /home/airflow/.local/lib/python3.8/site-packages/airflow/example_dags/example_sensors.py
[2026-03-18T07:50:53.340+0000] {logging_mixin.py:188} INFO - [2026-03-18T07:50:53.340+0000] {dag.py:3036} INFO - Sync 1 DAGs
[2026-03-18T07:50:53.346+0000] {logging_mixin.py:188} INFO - [2026-03-18T07:50:53.346+0000] {dag.py:3823} INFO - Setting next_dagrun for example_sensors to None, run_after=None
[2026-03-18T07:50:53.360+0000] {processor.py:183} INFO - Processing /home/airflow/.local/lib/python3.8/site-packages/airflow/example_dags/example_sensors.py took 0.040 seconds
[2026-03-18T07:51:23.853+0000] {processor.py:161} INFO - Started process (PID=748) to work on /home/airflow/.local/lib/python3.8/site-packages/airflow/example_dags/example_sensors.py
[2026-03-18T07:51:23.854+0000] {processor.py:830} INFO - Processing file /home/airflow/.local/lib/python3.8/site-packages/airflow/example_dags/example_sensors.py for tasks to queue
[2026-03-18T07:51:23.857+0000] {logging_mixin.py:188} INFO - [2026-03-18T07:51:23.857+0000] {dagbag.py:538} INFO - Filling up the DagBag from /home/airflow/.local/lib/python3.8/site-packages/airflow/example_dags/example_sensors.py
[2026-03-18T07:51:23.861+0000] {processor.py:840} INFO - DAG(s) 'example_sensors' retrieved from /home/airflow/.local/lib/python3.8/site-packages/airflow/example_dags/example_sensors.py
[2026-03-18T07:51:23.871+0000] {logging_mixin.py:188} INFO - [2026-03-18T07:51:23.871+0000] {dag.py:3036} INFO - Sync 1 DAGs
[2026-03-18T07:51:23.876+0000] {logging_mixin.py:188} INFO - [2026-03-18T07:51:23.876+0000] {dag.py:3823} INFO - Setting next_dagrun for example_sensors to None, run_after=None
[2026-03-18T07:51:23.882+0000] {processor.py:183} INFO - Processing /home/airflow/.local/lib/python3.8/site-packages/airflow/example_dags/example_sensors.py took 0.030 seconds
[2026-03-18T07:51:54.339+0000] {processor.py:161} INFO - Started process (PID=804) to work on /home/airflow/.local/lib/python3.8/site-packages/airflow/example_dags/example_sensors.py
[2026-03-18T07:51:54.340+0000] {processor.py:830} INFO - Processing file /home/airflow/.local/lib/python3.8/site-packages/airflow/example_dags/example_sensors.py for tasks to queue
[2026-03-18T07:51:54.341+0000] {logging_mixin.py:188} INFO - [2026-03-18T07:51:54.341+0000] {dagbag.py:538} INFO - Filling up the DagBag from /home/airflow/.local/lib/python3.8/site-packages/airflow/example_dags/example_sensors.py
[2026-03-18T07:51:54.346+0000] {processor.py:840} INFO - DAG(s) 'example_sensors' retrieved from /home/airflow/.local/lib/python3.8/site-packages/airflow/example_dags/example_sensors.py
[2026-03-18T07:51:54.357+0000] {logging_mixin.py:188} INFO - [2026-03-18T07:51:54.357+0000] {dag.py:3036} INFO - Sync 1 DAGs
[2026-03-18T07:51:54.364+0000] {logging_mixin.py:188} INFO - [2026-03-18T07:51:54.363+0000] {dag.py:3823} INFO - Setting next_dagrun for example_sensors to None, run_after=None
[2026-03-18T07:51:54.374+0000] {processor.py:183} INFO - Processing /home/airflow/.local/lib/python3.8/site-packages/airflow/example_dags/example_sensors.py took 0.036 seconds
[2026-03-18T07:52:24.905+0000] {processor.py:161} INFO - Started process (PID=860) to work on /home/airflow/.local/lib/python3.8/site-packages/airflow/example_dags/example_sensors.py
[2026-03-18T07:52:24.906+0000] {processor.py:830} INFO - Processing file /home/airflow/.local/lib/python3.8/site-packages/airflow/example_dags/example_sensors.py for tasks to queue
[2026-03-18T07:52:24.907+0000] {logging_mixin.py:188} INFO - [2026-03-18T07:52:24.907+0000] {dagbag.py:538} INFO - Filling up the DagBag from /home/airflow/.local/lib/python3.8/site-packages/airflow/example_dags/example_sensors.py
[2026-03-18T07:52:24.912+0000] {processor.py:840} INFO - DAG(s) 'example_sensors' retrieved from /home/airflow/.local/lib/python3.8/site-packages/airflow/example_dags/example_sensors.py
[2026-03-18T07:52:24.928+0000] {logging_mixin.py:188} INFO - [2026-03-18T07:52:24.928+0000] {dag.py:3036} INFO - Sync 1 DAGs
[2026-03-18T07:52:24.933+0000] {logging_mixin.py:188} INFO - [2026-03-18T07:52:24.933+0000] {dag.py:3823} INFO - Setting next_dagrun for example_sensors to None, run_after=None
[2026-03-18T07:52:24.941+0000] {processor.py:183} INFO - Processing /home/airflow/.local/lib/python3.8/site-packages/airflow/example_dags/example_sensors.py took 0.037 seconds
[2026-03-18T07:52:55.353+0000] {processor.py:161} INFO - Started process (PID=916) to work on /home/airflow/.local/lib/python3.8/site-packages/airflow/example_dags/example_sensors.py
[2026-03-18T07:52:55.354+0000] {processor.py:830} INFO - Processing file /home/airflow/.local/lib/python3.8/site-packages/airflow/example_dags/example_sensors.py for tasks to queue
[2026-03-18T07:52:55.355+0000] {logging_mixin.py:188} INFO - [2026-03-18T07:52:55.355+0000] {dagbag.py:538} INFO - Filling up the DagBag from /home/airflow/.local/lib/python3.8/site-packages/airflow/example_dags/example_sensors.py
[2026-03-18T07:52:55.359+0000] {processor.py:840} INFO - DAG(s) 'example_sensors' retrieved from /home/airflow/.local/lib/python3.8/site-packages/airflow/example_dags/example_sensors.py
[2026-03-18T07:52:55.371+0000] {logging_mixin.py:188} INFO - [2026-03-18T07:52:55.371+0000] {dag.py:3036} INFO - Sync 1 DAGs
[2026-03-18T07:52:55.376+0000] {logging_mixin.py:188} INFO - [2026-03-18T07:52:55.376+0000] {dag.py:3823} INFO - Setting next_dagrun for example_sensors to None, run_after=None
[2026-03-18T07:52:55.385+0000] {processor.py:183} INFO - Processing /home/airflow/.local/lib/python3.8/site-packages/airflow/example_dags/example_sensors.py took 0.034 seconds
[2026-03-18T07:53:25.840+0000] {processor.py:161} INFO - Started process (PID=972) to work on /home/airflow/.local/lib/python3.8/site-packages/airflow/example_dags/example_sensors.py
[2026-03-18T07:53:25.842+0000] {processor.py:830} INFO - Processing file /home/airflow/.local/lib/python3.8/site-packages/airflow/example_dags/example_sensors.py for tasks to queue
[2026-03-18T07:53:25.842+0000] {logging_mixin.py:188} INFO - [2026-03-18T07:53:25.842+0000] {dagbag.py:538} INFO - Filling up the DagBag from /home/airflow/.local/lib/python3.8/site-packages/airflow/example_dags/example_sensors.py
[2026-03-18T07:53:25.847+0000] {processor.py:840} INFO - DAG(s) 'example_sensors' retrieved from /home/airflow/.local/lib/python3.8/site-packages/airflow/example_dags/example_sensors.py
[2026-03-18T07:53:25.857+0000] {logging_mixin.py:188} INFO - [2026-03-18T07:53:25.857+0000] {dag.py:3036} INFO - Sync 1 DAGs
[2026-03-18T07:53:25.861+0000] {logging_mixin.py:188} INFO - [2026-03-18T07:53:25.861+0000] {dag.py:3823} INFO - Setting next_dagrun for example_sensors to None, run_after=None
[2026-03-18T07:53:25.868+0000] {processor.py:183} INFO - Processing /home/airflow/.local/lib/python3.8/site-packages/airflow/example_dags/example_sensors.py took 0.029 seconds
[2026-03-18T07:53:56.320+0000] {processor.py:161} INFO - Started process (PID=1028) to work on /home/airflow/.local/lib/python3.8/site-packages/airflow/example_dags/example_sensors.py
[2026-03-18T07:53:56.321+0000] {processor.py:830} INFO - Processing file /home/airflow/.local/lib/python3.8/site-packages/airflow/example_dags/example_sensors.py for tasks to queue
[2026-03-18T07:53:56.322+0000] {logging_mixin.py:188} INFO - [2026-03-18T07:53:56.322+0000] {dagbag.py:538} INFO - Filling up the DagBag from /home/airflow/.local/lib/python3.8/site-packages/airflow/example_dags/example_sensors.py
[2026-03-18T07:53:56.326+0000] {processor.py:840} INFO - DAG(s) 'example_sensors' retrieved from /home/airflow/.local/lib/python3.8/site-packages/airflow/example_dags/example_sensors.py
[2026-03-18T07:53:56.336+0000] {logging_mixin.py:188} INFO - [2026-03-18T07:53:56.336+0000] {dag.py:3036} INFO - Sync 1 DAGs
[2026-03-18T07:53:56.341+0000] {logging_mixin.py:188} INFO - [2026-03-18T07:53:56.341+0000] {dag.py:3823} INFO - Setting next_dagrun for example_sensors to None, run_after=None
[2026-03-18T07:53:56.350+0000] {processor.py:183} INFO - Processing /home/airflow/.local/lib/python3.8/site-packages/airflow/example_dags/example_sensors.py took 0.031 seconds
[2026-03-18T07:54:26.726+0000] {processor.py:161} INFO - Started process (PID=1084) to work on /home/airflow/.local/lib/python3.8/site-packages/airflow/example_dags/example_sensors.py
[2026-03-18T07:54:26.727+0000] {processor.py:830} INFO - Processing file /home/airflow/.local/lib/python3.8/site-packages/airflow/example_dags/example_sensors.py for tasks to queue
[2026-03-18T07:54:26.728+0000] {logging_mixin.py:188} INFO - [2026-03-18T07:54:26.728+0000] {dagbag.py:538} INFO - Filling up the DagBag from /home/airflow/.local/lib/python3.8/site-packages/airflow/example_dags/example_sensors.py
[2026-03-18T07:54:26.733+0000] {processor.py:840} INFO - DAG(s) 'example_sensors' retrieved from /home/airflow/.local/lib/python3.8/site-packages/airflow/example_dags/example_sensors.py
[2026-03-18T07:54:26.746+0000] {logging_mixin.py:188} INFO - [2026-03-18T07:54:26.746+0000] {dag.py:3036} INFO - Sync 1 DAGs
[2026-03-18T07:54:26.751+0000] {logging_mixin.py:188} INFO - [2026-03-18T07:54:26.751+0000] {dag.py:3823} INFO - Setting next_dagrun for example_sensors to None, run_after=None
[2026-03-18T07:54:26.760+0000] {processor.py:183} INFO - Processing /home/airflow/.local/lib/python3.8/site-packages/airflow/example_dags/example_sensors.py took 0.036 seconds
[2026-03-18T07:54:57.207+0000] {processor.py:161} INFO - Started process (PID=1140) to work on /home/airflow/.local/lib/python3.8/site-packages/airflow/example_dags/example_sensors.py
[2026-03-18T07:54:57.208+0000] {processor.py:830} INFO - Processing file /home/airflow/.local/lib/python3.8/site-packages/airflow/example_dags/example_sensors.py for tasks to queue
[2026-03-18T07:54:57.209+0000] {logging_mixin.py:188} INFO - [2026-03-18T07:54:57.209+0000] {dagbag.py:538} INFO - Filling up the DagBag from /home/airflow/.local/lib/python3.8/site-packages/airflow/example_dags/example_sensors.py
[2026-03-18T07:54:57.214+0000] {processor.py:840} INFO - DAG(s) 'example_sensors' retrieved from /home/airflow/.local/lib/python3.8/site-packages/airflow/example_dags/example_sensors.py
[2026-03-18T07:54:57.227+0000] {logging_mixin.py:188} INFO - [2026-03-18T07:54:57.227+0000] {dag.py:3036} INFO - Sync 1 DAGs
[2026-03-18T07:54:57.232+0000] {logging_mixin.py:188} INFO - [2026-03-18T07:54:57.232+0000] {dag.py:3823} INFO - Setting next_dagrun for example_sensors to None, run_after=None
[2026-03-18T07:54:57.238+0000] {processor.py:183} INFO - Processing /home/airflow/.local/lib/python3.8/site-packages/airflow/example_dags/example_sensors.py took 0.033 seconds
[2026-03-18T07:55:27.660+0000] {processor.py:161} INFO - Started process (PID=1196) to work on /home/airflow/.local/lib/python3.8/site-packages/airflow/example_dags/example_sensors.py
[2026-03-18T07:55:27.661+0000] {processor.py:830} INFO - Processing file /home/airflow/.local/lib/python3.8/site-packages/airflow/example_dags/example_sensors.py for tasks to queue
[2026-03-18T07:55:27.663+0000] {logging_mixin.py:188} INFO - [2026-03-18T07:55:27.663+0000] {dagbag.py:538} INFO - Filling up the DagBag from /home/airflow/.local/lib/python3.8/site-packages/airflow/example_dags/example_sensors.py
[2026-03-18T07:55:27.667+0000] {processor.py:840} INFO - DAG(s) 'example_sensors' retrieved from /home/airflow/.local/lib/python3.8/site-packages/airflow/example_dags/example_sensors.py
[2026-03-18T07:55:27.680+0000] {logging_mixin.py:188} INFO - [2026-03-18T07:55:27.680+0000] {dag.py:3036} INFO - Sync 1 DAGs
[2026-03-18T07:55:27.686+0000] {logging_mixin.py:188} INFO - [2026-03-18T07:55:27.686+0000] {dag.py:3823} INFO - Setting next_dagrun for example_sensors to None, run_after=None
[2026-03-18T07:55:27.698+0000] {processor.py:183} INFO - Processing /home/airflow/.local/lib/python3.8/site-packages/airflow/example_dags/example_sensors.py took 0.040 seconds
[2026-03-18T07:55:58.086+0000] {processor.py:161} INFO - Started process (PID=1252) to work on /home/airflow/.local/lib/python3.8/site-packages/airflow/example_dags/example_sensors.py
[2026-03-18T07:55:58.087+0000] {processor.py:830} INFO - Processing file /home/airflow/.local/lib/python3.8/site-packages/airflow/example_dags/example_sensors.py for tasks to queue
[2026-03-18T07:55:58.089+0000] {logging_mixin.py:188} INFO - [2026-03-18T07:55:58.089+0000] {dagbag.py:538} INFO - Filling up the DagBag from /home/airflow/.local/lib/python3.8/site-packages/airflow/example_dags/example_sensors.py
[2026-03-18T07:55:58.094+0000] {processor.py:840} INFO - DAG(s) 'example_sensors' retrieved from /home/airflow/.local/lib/python3.8/site-packages/airflow/example_dags/example_sensors.py
[2026-03-18T07:55:58.106+0000] {logging_mixin.py:188} INFO - [2026-03-18T07:55:58.106+0000] {dag.py:3036} INFO - Sync 1 DAGs
[2026-03-18T07:55:58.112+0000] {logging_mixin.py:188} INFO - [2026-03-18T07:55:58.112+0000] {dag.py:3823} INFO - Setting next_dagrun for example_sensors to None, run_after=None
[2026-03-18T07:55:58.123+0000] {processor.py:183} INFO - Processing /home/airflow/.local/lib/python3.8/site-packages/airflow/example_dags/example_sensors.py took 0.039 seconds
[2026-03-18T07:56:28.487+0000] {processor.py:161} INFO - Started process (PID=1308) to work on /home/airflow/.local/lib/python3.8/site-packages/airflow/example_dags/example_sensors.py
[2026-03-18T07:56:28.488+0000] {processor.py:830} INFO - Processing file /home/airflow/.local/lib/python3.8/site-packages/airflow/example_dags/example_sensors.py for tasks to queue
[2026-03-18T07:56:28.489+0000] {logging_mixin.py:188} INFO - [2026-03-18T07:56:28.489+0000] {dagbag.py:538} INFO - Filling up the DagBag from /home/airflow/.local/lib/python3.8/site-packages/airflow/example_dags/example_sensors.py
[2026-03-18T07:56:28.493+0000] {processor.py:840} INFO - DAG(s) 'example_sensors' retrieved from /home/airflow/.local/lib/python3.8/site-packages/airflow/example_dags/example_sensors.py
[2026-03-18T07:56:28.502+0000] {logging_mixin.py:188} INFO - [2026-03-18T07:56:28.502+0000] {dag.py:3036} INFO - Sync 1 DAGs
[2026-03-18T07:56:28.508+0000] {logging_mixin.py:188} INFO - [2026-03-18T07:56:28.508+0000] {dag.py:3823} INFO - Setting next_dagrun for example_sensors to None, run_after=None
[2026-03-18T07:56:28.518+0000] {processor.py:183} INFO - Processing /home/airflow/.local/lib/python3.8/site-packages/airflow/example_dags/example_sensors.py took 0.032 seconds
[2026-03-18T07:56:58.988+0000] {processor.py:161} INFO - Started process (PID=1364) to work on /home/airflow/.local/lib/python3.8/site-packages/airflow/example_dags/example_sensors.py
[2026-03-18T07:56:58.988+0000] {processor.py:830} INFO - Processing file /home/airflow/.local/lib/python3.8/site-packages/airflow/example_dags/example_sensors.py for tasks to queue
[2026-03-18T07:56:58.990+0000] {logging_mixin.py:188} INFO - [2026-03-18T07:56:58.990+0000] {dagbag.py:538} INFO - Filling up the DagBag from /home/airflow/.local/lib/python3.8/site-packages/airflow/example_dags/example_sensors.py
[2026-03-18T07:56:58.996+0000] {processor.py:840} INFO - DAG(s) 'example_sensors' retrieved from /home/airflow/.local/lib/python3.8/site-packages/airflow/example_dags/example_sensors.py
[2026-03-18T07:56:59.009+0000] {logging_mixin.py:188} INFO - [2026-03-18T07:56:59.009+0000] {dag.py:3036} INFO - Sync 1 DAGs
[2026-03-18T07:56:59.015+0000] {logging_mixin.py:188} INFO - [2026-03-18T07:56:59.015+0000] {dag.py:3823} INFO - Setting next_dagrun for example_sensors to None, run_after=None
[2026-03-18T07:56:59.028+0000] {processor.py:183} INFO - Processing /home/airflow/.local/lib/python3.8/site-packages/airflow/example_dags/example_sensors.py took 0.042 seconds
[2026-03-18T07:57:29.469+0000] {processor.py:161} INFO - Started process (PID=1420) to work on /home/airflow/.local/lib/python3.8/site-packages/airflow/example_dags/example_sensors.py
[2026-03-18T07:57:29.470+0000] {processor.py:830} INFO - Processing file /home/airflow/.local/lib/python3.8/site-packages/airflow/example_dags/example_sensors.py for tasks to queue
[2026-03-18T07:57:29.470+0000] {logging_mixin.py:188} INFO - [2026-03-18T07:57:29.470+0000] {dagbag.py:538} INFO - Filling up the DagBag from /home/airflow/.local/lib/python3.8/site-packages/airflow/example_dags/example_sensors.py
[2026-03-18T07:57:29.474+0000] {processor.py:840} INFO - DAG(s) 'example_sensors' retrieved from /home/airflow/.local/lib/python3.8/site-packages/airflow/example_dags/example_sensors.py
[2026-03-18T07:57:29.485+0000] {logging_mixin.py:188} INFO - [2026-03-18T07:57:29.485+0000] {dag.py:3036} INFO - Sync 1 DAGs
[2026-03-18T07:57:29.489+0000] {logging_mixin.py:188} INFO - [2026-03-18T07:57:29.489+0000] {dag.py:3823} INFO - Setting next_dagrun for example_sensors to None, run_after=None
[2026-03-18T07:57:29.501+0000] {processor.py:183} INFO - Processing /home/airflow/.local/lib/python3.8/site-packages/airflow/example_dags/example_sensors.py took 0.034 seconds
[2026-03-18T07:58:00.018+0000] {processor.py:161} INFO - Started process (PID=1476) to work on /home/airflow/.local/lib/python3.8/site-packages/airflow/example_dags/example_sensors.py
[2026-03-18T07:58:00.019+0000] {processor.py:830} INFO - Processing file /home/airflow/.local/lib/python3.8/site-packages/airflow/example_dags/example_sensors.py for tasks to queue
[2026-03-18T07:58:00.019+0000] {logging_mixin.py:188} INFO - [2026-03-18T07:58:00.019+0000] {dagbag.py:538} INFO - Filling up the DagBag from /home/airflow/.local/lib/python3.8/site-packages/airflow/example_dags/example_sensors.py
[2026-03-18T07:58:00.024+0000] {processor.py:840} INFO - DAG(s) 'example_sensors' retrieved from /home/airflow/.local/lib/python3.8/site-packages/airflow/example_dags/example_sensors.py
[2026-03-18T07:58:00.035+0000] {logging_mixin.py:188} INFO - [2026-03-18T07:58:00.035+0000] {dag.py:3036} INFO - Sync 1 DAGs
[2026-03-18T07:58:00.040+0000] {logging_mixin.py:188} INFO - [2026-03-18T07:58:00.040+0000] {dag.py:3823} INFO - Setting next_dagrun for example_sensors to None, run_after=None
[2026-03-18T07:58:00.054+0000] {processor.py:183} INFO - Processing /home/airflow/.local/lib/python3.8/site-packages/airflow/example_dags/example_sensors.py took 0.037 seconds
[2026-03-18T07:58:30.468+0000] {processor.py:161} INFO - Started process (PID=1532) to work on /home/airflow/.local/lib/python3.8/site-packages/airflow/example_dags/example_sensors.py
[2026-03-18T07:58:30.468+0000] {processor.py:830} INFO - Processing file /home/airflow/.local/lib/python3.8/site-packages/airflow/example_dags/example_sensors.py for tasks to queue
[2026-03-18T07:58:30.470+0000] {logging_mixin.py:188} INFO - [2026-03-18T07:58:30.470+0000] {dagbag.py:538} INFO - Filling up the DagBag from /home/airflow/.local/lib/python3.8/site-packages/airflow/example_dags/example_sensors.py
[2026-03-18T07:58:30.474+0000] {processor.py:840} INFO - DAG(s) 'example_sensors' retrieved from /home/airflow/.local/lib/python3.8/site-packages/airflow/example_dags/example_sensors.py
[2026-03-18T07:58:30.486+0000] {logging_mixin.py:188} INFO - [2026-03-18T07:58:30.485+0000] {dag.py:3036} INFO - Sync 1 DAGs
[2026-03-18T07:58:30.490+0000] {logging_mixin.py:188} INFO - [2026-03-18T07:58:30.490+0000] {dag.py:3823} INFO - Setting next_dagrun for example_sensors to None, run_after=None
[2026-03-18T07:58:30.503+0000] {processor.py:183} INFO - Processing /home/airflow/.local/lib/python3.8/site-packages/airflow/example_dags/example_sensors.py took 0.038 seconds
[2026-03-18T07:59:01.007+0000] {processor.py:161} INFO - Started process (PID=1588) to work on /home/airflow/.local/lib/python3.8/site-packages/airflow/example_dags/example_sensors.py
[2026-03-18T07:59:01.007+0000] {processor.py:830} INFO - Processing file /home/airflow/.local/lib/python3.8/site-packages/airflow/example_dags/example_sensors.py for tasks to queue
[2026-03-18T07:59:01.009+0000] {logging_mixin.py:188} INFO - [2026-03-18T07:59:01.009+0000] {dagbag.py:538} INFO - Filling up the DagBag from /home/airflow/.local/lib/python3.8/site-packages/airflow/example_dags/example_sensors.py
[2026-03-18T07:59:01.015+0000] {processor.py:840} INFO - DAG(s) 'example_sensors' retrieved from /home/airflow/.local/lib/python3.8/site-packages/airflow/example_dags/example_sensors.py
[2026-03-18T07:59:01.028+0000] {logging_mixin.py:188} INFO - [2026-03-18T07:59:01.028+0000] {dag.py:3036} INFO - Sync 1 DAGs
[2026-03-18T07:59:01.034+0000] {logging_mixin.py:188} INFO - [2026-03-18T07:59:01.034+0000] {dag.py:3823} INFO - Setting next_dagrun for example_sensors to None, run_after=None
[2026-03-18T07:59:01.049+0000] {processor.py:183} INFO - Processing /home/airflow/.local/lib/python3.8/site-packages/airflow/example_dags/example_sensors.py took 0.044 seconds
[2026-03-18T07:59:31.563+0000] {processor.py:161} INFO - Started process (PID=1644) to work on /home/airflow/.local/lib/python3.8/site-packages/airflow/example_dags/example_sensors.py
[2026-03-18T07:59:31.563+0000] {processor.py:830} INFO - Processing file /home/airflow/.local/lib/python3.8/site-packages/airflow/example_dags/example_sensors.py for tasks to queue
[2026-03-18T07:59:31.564+0000] {logging_mixin.py:188} INFO - [2026-03-18T07:59:31.564+0000] {dagbag.py:538} INFO - Filling up the DagBag from /home/airflow/.local/lib/python3.8/site-packages/airflow/example_dags/example_sensors.py
[2026-03-18T07:59:31.568+0000] {processor.py:840} INFO - DAG(s) 'example_sensors' retrieved from /home/airflow/.local/lib/python3.8/site-packages/airflow/example_dags/example_sensors.py
[2026-03-18T07:59:31.580+0000] {logging_mixin.py:188} INFO - [2026-03-18T07:59:31.580+0000] {dag.py:3036} INFO - Sync 1 DAGs
[2026-03-18T07:59:31.585+0000] {logging_mixin.py:188} INFO - [2026-03-18T07:59:31.585+0000] {dag.py:3823} INFO - Setting next_dagrun for example_sensors to None, run_after=None
[2026-03-18T07:59:31.598+0000] {processor.py:183} INFO - Processing /home/airflow/.local/lib/python3.8/site-packages/airflow/example_dags/example_sensors.py took 0.037 seconds
[2026-03-18T08:00:02.108+0000] {processor.py:161} INFO - Started process (PID=80) to work on /home/airflow/.local/lib/python3.8/site-packages/airflow/example_dags/example_sensors.py
[2026-03-18T08:00:02.109+0000] {processor.py:830} INFO - Processing file /home/airflow/.local/lib/python3.8/site-packages/airflow/example_dags/example_sensors.py for tasks to queue
[2026-03-18T08:00:02.111+0000] {logging_mixin.py:188} INFO - [2026-03-18T08:00:02.111+0000] {dagbag.py:538} INFO - Filling up the DagBag from /home/airflow/.local/lib/python3.8/site-packages/airflow/example_dags/example_sensors.py
[2026-03-18T08:00:02.115+0000] {processor.py:840} INFO - DAG(s) 'example_sensors' retrieved from /home/airflow/.local/lib/python3.8/site-packages/airflow/example_dags/example_sensors.py
[2026-03-18T08:00:02.127+0000] {logging_mixin.py:188} INFO - [2026-03-18T08:00:02.127+0000] {dag.py:3036} INFO - Sync 1 DAGs
[2026-03-18T08:00:02.135+0000] {logging_mixin.py:188} INFO - [2026-03-18T08:00:02.135+0000] {dag.py:3823} INFO - Setting next_dagrun for example_sensors to None, run_after=None
[2026-03-18T08:00:02.147+0000] {processor.py:183} INFO - Processing /home/airflow/.local/lib/python3.8/site-packages/airflow/example_dags/example_sensors.py took 0.041 seconds
[2026-03-18T08:00:32.793+0000] {processor.py:161} INFO - Started process (PID=135) to work on /home/airflow/.local/lib/python3.8/site-packages/airflow/example_dags/example_sensors.py
[2026-03-18T08:00:32.794+0000] {processor.py:830} INFO - Processing file /home/airflow/.local/lib/python3.8/site-packages/airflow/example_dags/example_sensors.py for tasks to queue
[2026-03-18T08:00:32.795+0000] {logging_mixin.py:188} INFO - [2026-03-18T08:00:32.795+0000] {dagbag.py:538} INFO - Filling up the DagBag from /home/airflow/.local/lib/python3.8/site-packages/airflow/example_dags/example_sensors.py
[2026-03-18T08:00:32.799+0000] {processor.py:840} INFO - DAG(s) 'example_sensors' retrieved from /home/airflow/.local/lib/python3.8/site-packages/airflow/example_dags/example_sensors.py
[2026-03-18T08:00:32.849+0000] {logging_mixin.py:188} INFO - [2026-03-18T08:00:32.849+0000] {dag.py:3036} INFO - Sync 1 DAGs
[2026-03-18T08:00:32.854+0000] {logging_mixin.py:188} INFO - [2026-03-18T08:00:32.854+0000] {dag.py:3823} INFO - Setting next_dagrun for example_sensors to None, run_after=None
[2026-03-18T08:00:32.861+0000] {processor.py:183} INFO - Processing /home/airflow/.local/lib/python3.8/site-packages/airflow/example_dags/example_sensors.py took 0.071 seconds
[2026-03-18T08:01:03.513+0000] {processor.py:161} INFO - Started process (PID=191) to work on /home/airflow/.local/lib/python3.8/site-packages/airflow/example_dags/example_sensors.py
[2026-03-18T08:01:03.514+0000] {processor.py:830} INFO - Processing file /home/airflow/.local/lib/python3.8/site-packages/airflow/example_dags/example_sensors.py for tasks to queue
[2026-03-18T08:01:03.516+0000] {logging_mixin.py:188} INFO - [2026-03-18T08:01:03.516+0000] {dagbag.py:538} INFO - Filling up the DagBag from /home/airflow/.local/lib/python3.8/site-packages/airflow/example_dags/example_sensors.py
[2026-03-18T08:01:03.520+0000] {processor.py:840} INFO - DAG(s) 'example_sensors' retrieved from /home/airflow/.local/lib/python3.8/site-packages/airflow/example_dags/example_sensors.py
[2026-03-18T08:01:03.536+0000] {logging_mixin.py:188} INFO - [2026-03-18T08:01:03.536+0000] {dag.py:3036} INFO - Sync 1 DAGs
[2026-03-18T08:01:03.542+0000] {logging_mixin.py:188} INFO - [2026-03-18T08:01:03.542+0000] {dag.py:3823} INFO - Setting next_dagrun for example_sensors to None, run_after=None
[2026-03-18T08:01:03.553+0000] {processor.py:183} INFO - Processing /home/airflow/.local/lib/python3.8/site-packages/airflow/example_dags/example_sensors.py took 0.042 seconds
[2026-03-18T08:01:33.981+0000] {processor.py:161} INFO - Started process (PID=247) to work on /home/airflow/.local/lib/python3.8/site-packages/airflow/example_dags/example_sensors.py
[2026-03-18T08:01:33.982+0000] {processor.py:830} INFO - Processing file /home/airflow/.local/lib/python3.8/site-packages/airflow/example_dags/example_sensors.py for tasks to queue
[2026-03-18T08:01:33.983+0000] {logging_mixin.py:188} INFO - [2026-03-18T08:01:33.982+0000] {dagbag.py:538} INFO - Filling up the DagBag from /home/airflow/.local/lib/python3.8/site-packages/airflow/example_dags/example_sensors.py
[2026-03-18T08:01:33.988+0000] {processor.py:840} INFO - DAG(s) 'example_sensors' retrieved from /home/airflow/.local/lib/python3.8/site-packages/airflow/example_dags/example_sensors.py
[2026-03-18T08:01:34.004+0000] {logging_mixin.py:188} INFO - [2026-03-18T08:01:34.003+0000] {dag.py:3036} INFO - Sync 1 DAGs
[2026-03-18T08:01:34.009+0000] {logging_mixin.py:188} INFO - [2026-03-18T08:01:34.009+0000] {dag.py:3823} INFO - Setting next_dagrun for example_sensors to None, run_after=None
[2026-03-18T08:01:34.020+0000] {processor.py:183} INFO - Processing /home/airflow/.local/lib/python3.8/site-packages/airflow/example_dags/example_sensors.py took 0.041 seconds
[2026-03-18T08:02:04.591+0000] {processor.py:161} INFO - Started process (PID=302) to work on /home/airflow/.local/lib/python3.8/site-packages/airflow/example_dags/example_sensors.py
[2026-03-18T08:02:04.593+0000] {processor.py:830} INFO - Processing file /home/airflow/.local/lib/python3.8/site-packages/airflow/example_dags/example_sensors.py for tasks to queue
[2026-03-18T08:02:04.593+0000] {logging_mixin.py:188} INFO - [2026-03-18T08:02:04.593+0000] {dagbag.py:538} INFO - Filling up the DagBag from /home/airflow/.local/lib/python3.8/site-packages/airflow/example_dags/example_sensors.py
[2026-03-18T08:02:04.598+0000] {processor.py:840} INFO - DAG(s) 'example_sensors' retrieved from /home/airflow/.local/lib/python3.8/site-packages/airflow/example_dags/example_sensors.py
[2026-03-18T08:02:04.612+0000] {logging_mixin.py:188} INFO - [2026-03-18T08:02:04.612+0000] {dag.py:3036} INFO - Sync 1 DAGs
[2026-03-18T08:02:04.620+0000] {logging_mixin.py:188} INFO - [2026-03-18T08:02:04.620+0000] {dag.py:3823} INFO - Setting next_dagrun for example_sensors to None, run_after=None
[2026-03-18T08:02:04.632+0000] {processor.py:183} INFO - Processing /home/airflow/.local/lib/python3.8/site-packages/airflow/example_dags/example_sensors.py took 0.042 seconds
[2026-03-18T08:02:35.180+0000] {processor.py:161} INFO - Started process (PID=358) to work on /home/airflow/.local/lib/python3.8/site-packages/airflow/example_dags/example_sensors.py
[2026-03-18T08:02:35.182+0000] {processor.py:830} INFO - Processing file /home/airflow/.local/lib/python3.8/site-packages/airflow/example_dags/example_sensors.py for tasks to queue
[2026-03-18T08:02:35.183+0000] {logging_mixin.py:188} INFO - [2026-03-18T08:02:35.183+0000] {dagbag.py:538} INFO - Filling up the DagBag from /home/airflow/.local/lib/python3.8/site-packages/airflow/example_dags/example_sensors.py
[2026-03-18T08:02:35.187+0000] {processor.py:840} INFO - DAG(s) 'example_sensors' retrieved from /home/airflow/.local/lib/python3.8/site-packages/airflow/example_dags/example_sensors.py
[2026-03-18T08:02:35.198+0000] {logging_mixin.py:188} INFO - [2026-03-18T08:02:35.198+0000] {dag.py:3036} INFO - Sync 1 DAGs
[2026-03-18T08:02:35.203+0000] {logging_mixin.py:188} INFO - [2026-03-18T08:02:35.203+0000] {dag.py:3823} INFO - Setting next_dagrun for example_sensors to None, run_after=None
[2026-03-18T08:02:35.213+0000] {processor.py:183} INFO - Processing /home/airflow/.local/lib/python3.8/site-packages/airflow/example_dags/example_sensors.py took 0.035 seconds
[2026-03-18T08:03:05.798+0000] {processor.py:161} INFO - Started process (PID=420) to work on /home/airflow/.local/lib/python3.8/site-packages/airflow/example_dags/example_sensors.py
[2026-03-18T08:03:05.800+0000] {processor.py:830} INFO - Processing file /home/airflow/.local/lib/python3.8/site-packages/airflow/example_dags/example_sensors.py for tasks to queue
[2026-03-18T08:03:05.801+0000] {logging_mixin.py:188} INFO - [2026-03-18T08:03:05.801+0000] {dagbag.py:538} INFO - Filling up the DagBag from /home/airflow/.local/lib/python3.8/site-packages/airflow/example_dags/example_sensors.py
[2026-03-18T08:03:05.806+0000] {processor.py:840} INFO - DAG(s) 'example_sensors' retrieved from /home/airflow/.local/lib/python3.8/site-packages/airflow/example_dags/example_sensors.py
[2026-03-18T08:03:05.823+0000] {logging_mixin.py:188} INFO - [2026-03-18T08:03:05.823+0000] {dag.py:3036} INFO - Sync 1 DAGs
[2026-03-18T08:03:05.830+0000] {logging_mixin.py:188} INFO - [2026-03-18T08:03:05.830+0000] {dag.py:3823} INFO - Setting next_dagrun for example_sensors to None, run_after=None
[2026-03-18T08:03:05.841+0000] {processor.py:183} INFO - Processing /home/airflow/.local/lib/python3.8/site-packages/airflow/example_dags/example_sensors.py took 0.045 seconds
[2026-03-18T08:03:36.417+0000] {processor.py:161} INFO - Started process (PID=476) to work on /home/airflow/.local/lib/python3.8/site-packages/airflow/example_dags/example_sensors.py
[2026-03-18T08:03:36.418+0000] {processor.py:830} INFO - Processing file /home/airflow/.local/lib/python3.8/site-packages/airflow/example_dags/example_sensors.py for tasks to queue
[2026-03-18T08:03:36.418+0000] {logging_mixin.py:188} INFO - [2026-03-18T08:03:36.418+0000] {dagbag.py:538} INFO - Filling up the DagBag from /home/airflow/.local/lib/python3.8/site-packages/airflow/example_dags/example_sensors.py
[2026-03-18T08:03:36.423+0000] {processor.py:840} INFO - DAG(s) 'example_sensors' retrieved from /home/airflow/.local/lib/python3.8/site-packages/airflow/example_dags/example_sensors.py
[2026-03-18T08:03:36.436+0000] {logging_mixin.py:188} INFO - [2026-03-18T08:03:36.436+0000] {dag.py:3036} INFO - Sync 1 DAGs
[2026-03-18T08:03:36.442+0000] {logging_mixin.py:188} INFO - [2026-03-18T08:03:36.442+0000] {dag.py:3823} INFO - Setting next_dagrun for example_sensors to None, run_after=None
[2026-03-18T08:03:36.454+0000] {processor.py:183} INFO - Processing /home/airflow/.local/lib/python3.8/site-packages/airflow/example_dags/example_sensors.py took 0.039 seconds
[2026-03-18T08:04:06.992+0000] {processor.py:161} INFO - Started process (PID=532) to work on /home/airflow/.local/lib/python3.8/site-packages/airflow/example_dags/example_sensors.py
[2026-03-18T08:04:06.993+0000] {processor.py:830} INFO - Processing file /home/airflow/.local/lib/python3.8/site-packages/airflow/example_dags/example_sensors.py for tasks to queue
[2026-03-18T08:04:06.994+0000] {logging_mixin.py:188} INFO - [2026-03-18T08:04:06.994+0000] {dagbag.py:538} INFO - Filling up the DagBag from /home/airflow/.local/lib/python3.8/site-packages/airflow/example_dags/example_sensors.py
[2026-03-18T08:04:06.998+0000] {processor.py:840} INFO - DAG(s) 'example_sensors' retrieved from /home/airflow/.local/lib/python3.8/site-packages/airflow/example_dags/example_sensors.py
[2026-03-18T08:04:07.009+0000] {logging_mixin.py:188} INFO - [2026-03-18T08:04:07.009+0000] {dag.py:3036} INFO - Sync 1 DAGs
[2026-03-18T08:04:07.014+0000] {logging_mixin.py:188} INFO - [2026-03-18T08:04:07.014+0000] {dag.py:3823} INFO - Setting next_dagrun for example_sensors to None, run_after=None
[2026-03-18T08:04:07.021+0000] {processor.py:183} INFO - Processing /home/airflow/.local/lib/python3.8/site-packages/airflow/example_dags/example_sensors.py took 0.031 seconds
[2026-03-18T08:04:29.951+0000] {processor.py:161} INFO - Started process (PID=80) to work on /home/airflow/.local/lib/python3.8/site-packages/airflow/example_dags/example_sensors.py
[2026-03-18T08:04:29.952+0000] {processor.py:830} INFO - Processing file /home/airflow/.local/lib/python3.8/site-packages/airflow/example_dags/example_sensors.py for tasks to queue
[2026-03-18T08:04:29.955+0000] {logging_mixin.py:188} INFO - [2026-03-18T08:04:29.955+0000] {dagbag.py:538} INFO - Filling up the DagBag from /home/airflow/.local/lib/python3.8/site-packages/airflow/example_dags/example_sensors.py
[2026-03-18T08:04:29.961+0000] {processor.py:840} INFO - DAG(s) 'example_sensors' retrieved from /home/airflow/.local/lib/python3.8/site-packages/airflow/example_dags/example_sensors.py
[2026-03-18T08:04:29.967+0000] {logging_mixin.py:188} INFO - [2026-03-18T08:04:29.967+0000] {dag.py:3036} INFO - Sync 1 DAGs
[2026-03-18T08:04:29.974+0000] {logging_mixin.py:188} INFO - [2026-03-18T08:04:29.973+0000] {dag.py:3823} INFO - Setting next_dagrun for example_sensors to None, run_after=None
[2026-03-18T08:04:29.986+0000] {processor.py:183} INFO - Processing /home/airflow/.local/lib/python3.8/site-packages/airflow/example_dags/example_sensors.py took 0.038 seconds
[2026-03-18T08:05:00.571+0000] {processor.py:161} INFO - Started process (PID=136) to work on /home/airflow/.local/lib/python3.8/site-packages/airflow/example_dags/example_sensors.py
[2026-03-18T08:05:00.573+0000] {processor.py:830} INFO - Processing file /home/airflow/.local/lib/python3.8/site-packages/airflow/example_dags/example_sensors.py for tasks to queue
[2026-03-18T08:05:00.573+0000] {logging_mixin.py:188} INFO - [2026-03-18T08:05:00.573+0000] {dagbag.py:538} INFO - Filling up the DagBag from /home/airflow/.local/lib/python3.8/site-packages/airflow/example_dags/example_sensors.py
[2026-03-18T08:05:00.578+0000] {processor.py:840} INFO - DAG(s) 'example_sensors' retrieved from /home/airflow/.local/lib/python3.8/site-packages/airflow/example_dags/example_sensors.py
[2026-03-18T08:05:00.618+0000] {logging_mixin.py:188} INFO - [2026-03-18T08:05:00.618+0000] {dag.py:3036} INFO - Sync 1 DAGs
[2026-03-18T08:05:00.622+0000] {logging_mixin.py:188} INFO - [2026-03-18T08:05:00.622+0000] {dag.py:3823} INFO - Setting next_dagrun for example_sensors to None, run_after=None
[2026-03-18T08:05:00.632+0000] {processor.py:183} INFO - Processing /home/airflow/.local/lib/python3.8/site-packages/airflow/example_dags/example_sensors.py took 0.062 seconds
[2026-03-18T08:05:31.508+0000] {processor.py:161} INFO - Started process (PID=191) to work on /home/airflow/.local/lib/python3.8/site-packages/airflow/example_dags/example_sensors.py
[2026-03-18T08:05:31.508+0000] {processor.py:830} INFO - Processing file /home/airflow/.local/lib/python3.8/site-packages/airflow/example_dags/example_sensors.py for tasks to queue
[2026-03-18T08:05:31.511+0000] {logging_mixin.py:188} INFO - [2026-03-18T08:05:31.511+0000] {dagbag.py:538} INFO - Filling up the DagBag from /home/airflow/.local/lib/python3.8/site-packages/airflow/example_dags/example_sensors.py
[2026-03-18T08:05:31.517+0000] {processor.py:840} INFO - DAG(s) 'example_sensors' retrieved from /home/airflow/.local/lib/python3.8/site-packages/airflow/example_dags/example_sensors.py
[2026-03-18T08:05:31.533+0000] {logging_mixin.py:188} INFO - [2026-03-18T08:05:31.533+0000] {dag.py:3036} INFO - Sync 1 DAGs
[2026-03-18T08:05:31.541+0000] {logging_mixin.py:188} INFO - [2026-03-18T08:05:31.541+0000] {dag.py:3823} INFO - Setting next_dagrun for example_sensors to None, run_after=None
[2026-03-18T08:05:31.552+0000] {processor.py:183} INFO - Processing /home/airflow/.local/lib/python3.8/site-packages/airflow/example_dags/example_sensors.py took 0.046 seconds
[2026-03-18T08:06:15.177+0000] {processor.py:161} INFO - Started process (PID=126) to work on /home/airflow/.local/lib/python3.8/site-packages/airflow/example_dags/example_sensors.py
[2026-03-18T08:06:15.178+0000] {processor.py:830} INFO - Processing file /home/airflow/.local/lib/python3.8/site-packages/airflow/example_dags/example_sensors.py for tasks to queue
[2026-03-18T08:06:15.178+0000] {logging_mixin.py:188} INFO - [2026-03-18T08:06:15.178+0000] {dagbag.py:538} INFO - Filling up the DagBag from /home/airflow/.local/lib/python3.8/site-packages/airflow/example_dags/example_sensors.py
[2026-03-18T08:06:15.183+0000] {processor.py:840} INFO - DAG(s) 'example_sensors' retrieved from /home/airflow/.local/lib/python3.8/site-packages/airflow/example_dags/example_sensors.py
[2026-03-18T08:06:15.229+0000] {logging_mixin.py:188} INFO - [2026-03-18T08:06:15.228+0000] {dag.py:3036} INFO - Sync 1 DAGs
[2026-03-18T08:06:15.233+0000] {logging_mixin.py:188} INFO - [2026-03-18T08:06:15.233+0000] {dag.py:3823} INFO - Setting next_dagrun for example_sensors to None, run_after=None
[2026-03-18T08:06:15.248+0000] {processor.py:183} INFO - Processing /home/airflow/.local/lib/python3.8/site-packages/airflow/example_dags/example_sensors.py took 0.072 seconds
[2026-03-18T08:06:45.790+0000] {processor.py:161} INFO - Started process (PID=188) to work on /home/airflow/.local/lib/python3.8/site-packages/airflow/example_dags/example_sensors.py
[2026-03-18T08:06:45.791+0000] {processor.py:830} INFO - Processing file /home/airflow/.local/lib/python3.8/site-packages/airflow/example_dags/example_sensors.py for tasks to queue
[2026-03-18T08:06:45.792+0000] {logging_mixin.py:188} INFO - [2026-03-18T08:06:45.792+0000] {dagbag.py:538} INFO - Filling up the DagBag from /home/airflow/.local/lib/python3.8/site-packages/airflow/example_dags/example_sensors.py
[2026-03-18T08:06:45.797+0000] {processor.py:840} INFO - DAG(s) 'example_sensors' retrieved from /home/airflow/.local/lib/python3.8/site-packages/airflow/example_dags/example_sensors.py
[2026-03-18T08:06:45.810+0000] {logging_mixin.py:188} INFO - [2026-03-18T08:06:45.809+0000] {dag.py:3036} INFO - Sync 1 DAGs
[2026-03-18T08:06:45.821+0000] {logging_mixin.py:188} INFO - [2026-03-18T08:06:45.821+0000] {dag.py:3823} INFO - Setting next_dagrun for example_sensors to None, run_after=None
[2026-03-18T08:06:45.832+0000] {processor.py:183} INFO - Processing /home/airflow/.local/lib/python3.8/site-packages/airflow/example_dags/example_sensors.py took 0.043 seconds
[2026-03-18T08:07:16.372+0000] {processor.py:161} INFO - Started process (PID=244) to work on /home/airflow/.local/lib/python3.8/site-packages/airflow/example_dags/example_sensors.py
[2026-03-18T08:07:16.373+0000] {processor.py:830} INFO - Processing file /home/airflow/.local/lib/python3.8/site-packages/airflow/example_dags/example_sensors.py for tasks to queue
[2026-03-18T08:07:16.374+0000] {logging_mixin.py:188} INFO - [2026-03-18T08:07:16.374+0000] {dagbag.py:538} INFO - Filling up the DagBag from /home/airflow/.local/lib/python3.8/site-packages/airflow/example_dags/example_sensors.py
[2026-03-18T08:07:16.379+0000] {processor.py:840} INFO - DAG(s) 'example_sensors' retrieved from /home/airflow/.local/lib/python3.8/site-packages/airflow/example_dags/example_sensors.py
[2026-03-18T08:07:16.390+0000] {logging_mixin.py:188} INFO - [2026-03-18T08:07:16.390+0000] {dag.py:3036} INFO - Sync 1 DAGs
[2026-03-18T08:07:16.395+0000] {logging_mixin.py:188} INFO - [2026-03-18T08:07:16.394+0000] {dag.py:3823} INFO - Setting next_dagrun for example_sensors to None, run_after=None
[2026-03-18T08:07:16.402+0000] {processor.py:183} INFO - Processing /home/airflow/.local/lib/python3.8/site-packages/airflow/example_dags/example_sensors.py took 0.031 seconds
[2026-03-18T08:07:46.862+0000] {processor.py:161} INFO - Started process (PID=300) to work on /home/airflow/.local/lib/python3.8/site-packages/airflow/example_dags/example_sensors.py
[2026-03-18T08:07:46.862+0000] {processor.py:830} INFO - Processing file /home/airflow/.local/lib/python3.8/site-packages/airflow/example_dags/example_sensors.py for tasks to queue
[2026-03-18T08:07:46.863+0000] {logging_mixin.py:188} INFO - [2026-03-18T08:07:46.863+0000] {dagbag.py:538} INFO - Filling up the DagBag from /home/airflow/.local/lib/python3.8/site-packages/airflow/example_dags/example_sensors.py
[2026-03-18T08:07:46.867+0000] {processor.py:840} INFO - DAG(s) 'example_sensors' retrieved from /home/airflow/.local/lib/python3.8/site-packages/airflow/example_dags/example_sensors.py
[2026-03-18T08:07:46.877+0000] {logging_mixin.py:188} INFO - [2026-03-18T08:07:46.877+0000] {dag.py:3036} INFO - Sync 1 DAGs
[2026-03-18T08:07:46.883+0000] {logging_mixin.py:188} INFO - [2026-03-18T08:07:46.883+0000] {dag.py:3823} INFO - Setting next_dagrun for example_sensors to None, run_after=None
[2026-03-18T08:07:46.898+0000] {processor.py:183} INFO - Processing /home/airflow/.local/lib/python3.8/site-packages/airflow/example_dags/example_sensors.py took 0.038 seconds
[2026-03-18T08:08:17.379+0000] {processor.py:161} INFO - Started process (PID=356) to work on /home/airflow/.local/lib/python3.8/site-packages/airflow/example_dags/example_sensors.py
[2026-03-18T08:08:17.381+0000] {processor.py:830} INFO - Processing file /home/airflow/.local/lib/python3.8/site-packages/airflow/example_dags/example_sensors.py for tasks to queue
[2026-03-18T08:08:17.382+0000] {logging_mixin.py:188} INFO - [2026-03-18T08:08:17.382+0000] {dagbag.py:538} INFO - Filling up the DagBag from /home/airflow/.local/lib/python3.8/site-packages/airflow/example_dags/example_sensors.py
[2026-03-18T08:08:17.388+0000] {processor.py:840} INFO - DAG(s) 'example_sensors' retrieved from /home/airflow/.local/lib/python3.8/site-packages/airflow/example_dags/example_sensors.py
[2026-03-18T08:08:17.401+0000] {logging_mixin.py:188} INFO - [2026-03-18T08:08:17.401+0000] {dag.py:3036} INFO - Sync 1 DAGs
[2026-03-18T08:08:17.406+0000] {logging_mixin.py:188} INFO - [2026-03-18T08:08:17.406+0000] {dag.py:3823} INFO - Setting next_dagrun for example_sensors to None, run_after=None
[2026-03-18T08:08:17.417+0000] {processor.py:183} INFO - Processing /home/airflow/.local/lib/python3.8/site-packages/airflow/example_dags/example_sensors.py took 0.040 seconds
[2026-03-18T08:08:47.926+0000] {processor.py:161} INFO - Started process (PID=412) to work on /home/airflow/.local/lib/python3.8/site-packages/airflow/example_dags/example_sensors.py
[2026-03-18T08:08:47.928+0000] {processor.py:830} INFO - Processing file /home/airflow/.local/lib/python3.8/site-packages/airflow/example_dags/example_sensors.py for tasks to queue
[2026-03-18T08:08:47.929+0000] {logging_mixin.py:188} INFO - [2026-03-18T08:08:47.929+0000] {dagbag.py:538} INFO - Filling up the DagBag from /home/airflow/.local/lib/python3.8/site-packages/airflow/example_dags/example_sensors.py
[2026-03-18T08:08:47.933+0000] {processor.py:840} INFO - DAG(s) 'example_sensors' retrieved from /home/airflow/.local/lib/python3.8/site-packages/airflow/example_dags/example_sensors.py
[2026-03-18T08:08:47.944+0000] {logging_mixin.py:188} INFO - [2026-03-18T08:08:47.944+0000] {dag.py:3036} INFO - Sync 1 DAGs
[2026-03-18T08:08:47.948+0000] {logging_mixin.py:188} INFO - [2026-03-18T08:08:47.948+0000] {dag.py:3823} INFO - Setting next_dagrun for example_sensors to None, run_after=None
[2026-03-18T08:08:47.959+0000] {processor.py:183} INFO - Processing /home/airflow/.local/lib/python3.8/site-packages/airflow/example_dags/example_sensors.py took 0.034 seconds
[2026-03-18T08:09:18.475+0000] {processor.py:161} INFO - Started process (PID=468) to work on /home/airflow/.local/lib/python3.8/site-packages/airflow/example_dags/example_sensors.py
[2026-03-18T08:09:18.475+0000] {processor.py:830} INFO - Processing file /home/airflow/.local/lib/python3.8/site-packages/airflow/example_dags/example_sensors.py for tasks to queue
[2026-03-18T08:09:18.476+0000] {logging_mixin.py:188} INFO - [2026-03-18T08:09:18.476+0000] {dagbag.py:538} INFO - Filling up the DagBag from /home/airflow/.local/lib/python3.8/site-packages/airflow/example_dags/example_sensors.py
[2026-03-18T08:09:18.480+0000] {processor.py:840} INFO - DAG(s) 'example_sensors' retrieved from /home/airflow/.local/lib/python3.8/site-packages/airflow/example_dags/example_sensors.py
[2026-03-18T08:09:18.494+0000] {logging_mixin.py:188} INFO - [2026-03-18T08:09:18.494+0000] {dag.py:3036} INFO - Sync 1 DAGs
[2026-03-18T08:09:18.499+0000] {logging_mixin.py:188} INFO - [2026-03-18T08:09:18.499+0000] {dag.py:3823} INFO - Setting next_dagrun for example_sensors to None, run_after=None
[2026-03-18T08:09:18.508+0000] {processor.py:183} INFO - Processing /home/airflow/.local/lib/python3.8/site-packages/airflow/example_dags/example_sensors.py took 0.035 seconds
[2026-03-18T08:09:48.994+0000] {processor.py:161} INFO - Started process (PID=524) to work on /home/airflow/.local/lib/python3.8/site-packages/airflow/example_dags/example_sensors.py
[2026-03-18T08:09:48.995+0000] {processor.py:830} INFO - Processing file /home/airflow/.local/lib/python3.8/site-packages/airflow/example_dags/example_sensors.py for tasks to queue
[2026-03-18T08:09:48.997+0000] {logging_mixin.py:188} INFO - [2026-03-18T08:09:48.996+0000] {dagbag.py:538} INFO - Filling up the DagBag from /home/airflow/.local/lib/python3.8/site-packages/airflow/example_dags/example_sensors.py
[2026-03-18T08:09:49.000+0000] {processor.py:840} INFO - DAG(s) 'example_sensors' retrieved from /home/airflow/.local/lib/python3.8/site-packages/airflow/example_dags/example_sensors.py
[2026-03-18T08:09:49.011+0000] {logging_mixin.py:188} INFO - [2026-03-18T08:09:49.011+0000] {dag.py:3036} INFO - Sync 1 DAGs
[2026-03-18T08:09:49.015+0000] {logging_mixin.py:188} INFO - [2026-03-18T08:09:49.015+0000] {dag.py:3823} INFO - Setting next_dagrun for example_sensors to None, run_after=None
[2026-03-18T08:09:49.022+0000] {processor.py:183} INFO - Processing /home/airflow/.local/lib/python3.8/site-packages/airflow/example_dags/example_sensors.py took 0.029 seconds
[2026-03-18T08:10:19.570+0000] {processor.py:161} INFO - Started process (PID=580) to work on /home/airflow/.local/lib/python3.8/site-packages/airflow/example_dags/example_sensors.py
[2026-03-18T08:10:19.571+0000] {processor.py:830} INFO - Processing file /home/airflow/.local/lib/python3.8/site-packages/airflow/example_dags/example_sensors.py for tasks to queue
[2026-03-18T08:10:19.572+0000] {logging_mixin.py:188} INFO - [2026-03-18T08:10:19.572+0000] {dagbag.py:538} INFO - Filling up the DagBag from /home/airflow/.local/lib/python3.8/site-packages/airflow/example_dags/example_sensors.py
[2026-03-18T08:10:19.576+0000] {processor.py:840} INFO - DAG(s) 'example_sensors' retrieved from /home/airflow/.local/lib/python3.8/site-packages/airflow/example_dags/example_sensors.py
[2026-03-18T08:10:19.589+0000] {logging_mixin.py:188} INFO - [2026-03-18T08:10:19.589+0000] {dag.py:3036} INFO - Sync 1 DAGs
[2026-03-18T08:10:19.595+0000] {logging_mixin.py:188} INFO - [2026-03-18T08:10:19.595+0000] {dag.py:3823} INFO - Setting next_dagrun for example_sensors to None, run_after=None
[2026-03-18T08:10:19.609+0000] {processor.py:183} INFO - Processing /home/airflow/.local/lib/python3.8/site-packages/airflow/example_dags/example_sensors.py took 0.040 seconds
[2026-03-18T08:10:50.029+0000] {processor.py:161} INFO - Started process (PID=636) to work on /home/airflow/.local/lib/python3.8/site-packages/airflow/example_dags/example_sensors.py
[2026-03-18T08:10:50.030+0000] {processor.py:830} INFO - Processing file /home/airflow/.local/lib/python3.8/site-packages/airflow/example_dags/example_sensors.py for tasks to queue
[2026-03-18T08:10:50.031+0000] {logging_mixin.py:188} INFO - [2026-03-18T08:10:50.031+0000] {dagbag.py:538} INFO - Filling up the DagBag from /home/airflow/.local/lib/python3.8/site-packages/airflow/example_dags/example_sensors.py
[2026-03-18T08:10:50.035+0000] {processor.py:840} INFO - DAG(s) 'example_sensors' retrieved from /home/airflow/.local/lib/python3.8/site-packages/airflow/example_dags/example_sensors.py
[2026-03-18T08:10:50.049+0000] {logging_mixin.py:188} INFO - [2026-03-18T08:10:50.048+0000] {dag.py:3036} INFO - Sync 1 DAGs
[2026-03-18T08:10:50.053+0000] {logging_mixin.py:188} INFO - [2026-03-18T08:10:50.053+0000] {dag.py:3823} INFO - Setting next_dagrun for example_sensors to None, run_after=None
[2026-03-18T08:10:50.069+0000] {processor.py:183} INFO - Processing /home/airflow/.local/lib/python3.8/site-packages/airflow/example_dags/example_sensors.py took 0.042 seconds
[2026-03-18T08:11:20.533+0000] {processor.py:161} INFO - Started process (PID=692) to work on /home/airflow/.local/lib/python3.8/site-packages/airflow/example_dags/example_sensors.py
[2026-03-18T08:11:20.536+0000] {processor.py:830} INFO - Processing file /home/airflow/.local/lib/python3.8/site-packages/airflow/example_dags/example_sensors.py for tasks to queue
[2026-03-18T08:11:20.537+0000] {logging_mixin.py:188} INFO - [2026-03-18T08:11:20.537+0000] {dagbag.py:538} INFO - Filling up the DagBag from /home/airflow/.local/lib/python3.8/site-packages/airflow/example_dags/example_sensors.py
[2026-03-18T08:11:20.541+0000] {processor.py:840} INFO - DAG(s) 'example_sensors' retrieved from /home/airflow/.local/lib/python3.8/site-packages/airflow/example_dags/example_sensors.py
[2026-03-18T08:11:20.555+0000] {logging_mixin.py:188} INFO - [2026-03-18T08:11:20.555+0000] {dag.py:3036} INFO - Sync 1 DAGs
[2026-03-18T08:11:20.561+0000] {logging_mixin.py:188} INFO - [2026-03-18T08:11:20.561+0000] {dag.py:3823} INFO - Setting next_dagrun for example_sensors to None, run_after=None
[2026-03-18T08:11:20.573+0000] {processor.py:183} INFO - Processing /home/airflow/.local/lib/python3.8/site-packages/airflow/example_dags/example_sensors.py took 0.041 seconds
[2026-03-18T08:11:51.094+0000] {processor.py:161} INFO - Started process (PID=748) to work on /home/airflow/.local/lib/python3.8/site-packages/airflow/example_dags/example_sensors.py
[2026-03-18T08:11:51.095+0000] {processor.py:830} INFO - Processing file /home/airflow/.local/lib/python3.8/site-packages/airflow/example_dags/example_sensors.py for tasks to queue
[2026-03-18T08:11:51.095+0000] {logging_mixin.py:188} INFO - [2026-03-18T08:11:51.095+0000] {dagbag.py:538} INFO - Filling up the DagBag from /home/airflow/.local/lib/python3.8/site-packages/airflow/example_dags/example_sensors.py
[2026-03-18T08:11:51.102+0000] {processor.py:840} INFO - DAG(s) 'example_sensors' retrieved from /home/airflow/.local/lib/python3.8/site-packages/airflow/example_dags/example_sensors.py
[2026-03-18T08:11:51.116+0000] {logging_mixin.py:188} INFO - [2026-03-18T08:11:51.115+0000] {dag.py:3036} INFO - Sync 1 DAGs
[2026-03-18T08:11:51.121+0000] {logging_mixin.py:188} INFO - [2026-03-18T08:11:51.121+0000] {dag.py:3823} INFO - Setting next_dagrun for example_sensors to None, run_after=None
[2026-03-18T08:11:51.132+0000] {processor.py:183} INFO - Processing /home/airflow/.local/lib/python3.8/site-packages/airflow/example_dags/example_sensors.py took 0.040 seconds
[2026-03-18T08:12:21.643+0000] {processor.py:161} INFO - Started process (PID=804) to work on /home/airflow/.local/lib/python3.8/site-packages/airflow/example_dags/example_sensors.py
[2026-03-18T08:12:21.644+0000] {processor.py:830} INFO - Processing file /home/airflow/.local/lib/python3.8/site-packages/airflow/example_dags/example_sensors.py for tasks to queue
[2026-03-18T08:12:21.645+0000] {logging_mixin.py:188} INFO - [2026-03-18T08:12:21.645+0000] {dagbag.py:538} INFO - Filling up the DagBag from /home/airflow/.local/lib/python3.8/site-packages/airflow/example_dags/example_sensors.py
[2026-03-18T08:12:21.649+0000] {processor.py:840} INFO - DAG(s) 'example_sensors' retrieved from /home/airflow/.local/lib/python3.8/site-packages/airflow/example_dags/example_sensors.py
[2026-03-18T08:12:21.659+0000] {logging_mixin.py:188} INFO - [2026-03-18T08:12:21.659+0000] {dag.py:3036} INFO - Sync 1 DAGs
[2026-03-18T08:12:21.664+0000] {logging_mixin.py:188} INFO - [2026-03-18T08:12:21.664+0000] {dag.py:3823} INFO - Setting next_dagrun for example_sensors to None, run_after=None
[2026-03-18T08:12:21.671+0000] {processor.py:183} INFO - Processing /home/airflow/.local/lib/python3.8/site-packages/airflow/example_dags/example_sensors.py took 0.030 seconds
[2026-03-18T08:12:51.981+0000] {processor.py:161} INFO - Started process (PID=860) to work on /home/airflow/.local/lib/python3.8/site-packages/airflow/example_dags/example_sensors.py
[2026-03-18T08:12:51.983+0000] {processor.py:830} INFO - Processing file /home/airflow/.local/lib/python3.8/site-packages/airflow/example_dags/example_sensors.py for tasks to queue
[2026-03-18T08:12:51.983+0000] {logging_mixin.py:188} INFO - [2026-03-18T08:12:51.983+0000] {dagbag.py:538} INFO - Filling up the DagBag from /home/airflow/.local/lib/python3.8/site-packages/airflow/example_dags/example_sensors.py
[2026-03-18T08:12:51.988+0000] {processor.py:840} INFO - DAG(s) 'example_sensors' retrieved from /home/airflow/.local/lib/python3.8/site-packages/airflow/example_dags/example_sensors.py
[2026-03-18T08:12:52.001+0000] {logging_mixin.py:188} INFO - [2026-03-18T08:12:52.001+0000] {dag.py:3036} INFO - Sync 1 DAGs
[2026-03-18T08:12:52.006+0000] {logging_mixin.py:188} INFO - [2026-03-18T08:12:52.006+0000] {dag.py:3823} INFO - Setting next_dagrun for example_sensors to None, run_after=None
[2026-03-18T08:12:52.016+0000] {processor.py:183} INFO - Processing /home/airflow/.local/lib/python3.8/site-packages/airflow/example_dags/example_sensors.py took 0.036 seconds
[2026-03-18T08:13:22.461+0000] {processor.py:161} INFO - Started process (PID=916) to work on /home/airflow/.local/lib/python3.8/site-packages/airflow/example_dags/example_sensors.py
[2026-03-18T08:13:22.463+0000] {processor.py:830} INFO - Processing file /home/airflow/.local/lib/python3.8/site-packages/airflow/example_dags/example_sensors.py for tasks to queue
[2026-03-18T08:13:22.464+0000] {logging_mixin.py:188} INFO - [2026-03-18T08:13:22.464+0000] {dagbag.py:538} INFO - Filling up the DagBag from /home/airflow/.local/lib/python3.8/site-packages/airflow/example_dags/example_sensors.py
[2026-03-18T08:13:22.468+0000] {processor.py:840} INFO - DAG(s) 'example_sensors' retrieved from /home/airflow/.local/lib/python3.8/site-packages/airflow/example_dags/example_sensors.py
[2026-03-18T08:13:22.479+0000] {logging_mixin.py:188} INFO - [2026-03-18T08:13:22.479+0000] {dag.py:3036} INFO - Sync 1 DAGs
[2026-03-18T08:13:22.484+0000] {logging_mixin.py:188} INFO - [2026-03-18T08:13:22.484+0000] {dag.py:3823} INFO - Setting next_dagrun for example_sensors to None, run_after=None
[2026-03-18T08:13:22.491+0000] {processor.py:183} INFO - Processing /home/airflow/.local/lib/python3.8/site-packages/airflow/example_dags/example_sensors.py took 0.032 seconds
[2026-03-18T08:13:53.041+0000] {processor.py:161} INFO - Started process (PID=972) to work on /home/airflow/.local/lib/python3.8/site-packages/airflow/example_dags/example_sensors.py
[2026-03-18T08:13:53.042+0000] {processor.py:830} INFO - Processing file /home/airflow/.local/lib/python3.8/site-packages/airflow/example_dags/example_sensors.py for tasks to queue
[2026-03-18T08:13:53.043+0000] {logging_mixin.py:188} INFO - [2026-03-18T08:13:53.043+0000] {dagbag.py:538} INFO - Filling up the DagBag from /home/airflow/.local/lib/python3.8/site-packages/airflow/example_dags/example_sensors.py
[2026-03-18T08:13:53.048+0000] {processor.py:840} INFO - DAG(s) 'example_sensors' retrieved from /home/airflow/.local/lib/python3.8/site-packages/airflow/example_dags/example_sensors.py
[2026-03-18T08:13:53.058+0000] {logging_mixin.py:188} INFO - [2026-03-18T08:13:53.058+0000] {dag.py:3036} INFO - Sync 1 DAGs
[2026-03-18T08:13:53.063+0000] {logging_mixin.py:188} INFO - [2026-03-18T08:13:53.063+0000] {dag.py:3823} INFO - Setting next_dagrun for example_sensors to None, run_after=None
[2026-03-18T08:13:53.070+0000] {processor.py:183} INFO - Processing /home/airflow/.local/lib/python3.8/site-packages/airflow/example_dags/example_sensors.py took 0.030 seconds
[2026-03-18T08:14:23.645+0000] {processor.py:161} INFO - Started process (PID=1028) to work on /home/airflow/.local/lib/python3.8/site-packages/airflow/example_dags/example_sensors.py
[2026-03-18T08:14:23.646+0000] {processor.py:830} INFO - Processing file /home/airflow/.local/lib/python3.8/site-packages/airflow/example_dags/example_sensors.py for tasks to queue
[2026-03-18T08:14:23.647+0000] {logging_mixin.py:188} INFO - [2026-03-18T08:14:23.647+0000] {dagbag.py:538} INFO - Filling up the DagBag from /home/airflow/.local/lib/python3.8/site-packages/airflow/example_dags/example_sensors.py
[2026-03-18T08:14:23.653+0000] {processor.py:840} INFO - DAG(s) 'example_sensors' retrieved from /home/airflow/.local/lib/python3.8/site-packages/airflow/example_dags/example_sensors.py
[2026-03-18T08:14:23.668+0000] {logging_mixin.py:188} INFO - [2026-03-18T08:14:23.668+0000] {dag.py:3036} INFO - Sync 1 DAGs
[2026-03-18T08:14:23.675+0000] {logging_mixin.py:188} INFO - [2026-03-18T08:14:23.675+0000] {dag.py:3823} INFO - Setting next_dagrun for example_sensors to None, run_after=None
[2026-03-18T08:14:23.684+0000] {processor.py:183} INFO - Processing /home/airflow/.local/lib/python3.8/site-packages/airflow/example_dags/example_sensors.py took 0.040 seconds
[2026-03-18T08:14:54.247+0000] {processor.py:161} INFO - Started process (PID=1084) to work on /home/airflow/.local/lib/python3.8/site-packages/airflow/example_dags/example_sensors.py
[2026-03-18T08:14:54.248+0000] {processor.py:830} INFO - Processing file /home/airflow/.local/lib/python3.8/site-packages/airflow/example_dags/example_sensors.py for tasks to queue
[2026-03-18T08:14:54.248+0000] {logging_mixin.py:188} INFO - [2026-03-18T08:14:54.248+0000] {dagbag.py:538} INFO - Filling up the DagBag from /home/airflow/.local/lib/python3.8/site-packages/airflow/example_dags/example_sensors.py
[2026-03-18T08:14:54.252+0000] {processor.py:840} INFO - DAG(s) 'example_sensors' retrieved from /home/airflow/.local/lib/python3.8/site-packages/airflow/example_dags/example_sensors.py
[2026-03-18T08:14:54.271+0000] {logging_mixin.py:188} INFO - [2026-03-18T08:14:54.271+0000] {dag.py:3036} INFO - Sync 1 DAGs
[2026-03-18T08:14:54.277+0000] {logging_mixin.py:188} INFO - [2026-03-18T08:14:54.276+0000] {dag.py:3823} INFO - Setting next_dagrun for example_sensors to None, run_after=None
[2026-03-18T08:14:54.287+0000] {processor.py:183} INFO - Processing /home/airflow/.local/lib/python3.8/site-packages/airflow/example_dags/example_sensors.py took 0.043 seconds
[2026-03-18T08:15:24.889+0000] {processor.py:161} INFO - Started process (PID=1140) to work on /home/airflow/.local/lib/python3.8/site-packages/airflow/example_dags/example_sensors.py
[2026-03-18T08:15:24.890+0000] {processor.py:830} INFO - Processing file /home/airflow/.local/lib/python3.8/site-packages/airflow/example_dags/example_sensors.py for tasks to queue
[2026-03-18T08:15:24.890+0000] {logging_mixin.py:188} INFO - [2026-03-18T08:15:24.890+0000] {dagbag.py:538} INFO - Filling up the DagBag from /home/airflow/.local/lib/python3.8/site-packages/airflow/example_dags/example_sensors.py
[2026-03-18T08:15:24.895+0000] {processor.py:840} INFO - DAG(s) 'example_sensors' retrieved from /home/airflow/.local/lib/python3.8/site-packages/airflow/example_dags/example_sensors.py
[2026-03-18T08:15:24.907+0000] {logging_mixin.py:188} INFO - [2026-03-18T08:15:24.907+0000] {dag.py:3036} INFO - Sync 1 DAGs
[2026-03-18T08:15:24.914+0000] {logging_mixin.py:188} INFO - [2026-03-18T08:15:24.914+0000] {dag.py:3823} INFO - Setting next_dagrun for example_sensors to None, run_after=None
[2026-03-18T08:15:24.924+0000] {processor.py:183} INFO - Processing /home/airflow/.local/lib/python3.8/site-packages/airflow/example_dags/example_sensors.py took 0.036 seconds
[2026-03-18T08:15:55.374+0000] {processor.py:161} INFO - Started process (PID=1196) to work on /home/airflow/.local/lib/python3.8/site-packages/airflow/example_dags/example_sensors.py
[2026-03-18T08:15:55.375+0000] {processor.py:830} INFO - Processing file /home/airflow/.local/lib/python3.8/site-packages/airflow/example_dags/example_sensors.py for tasks to queue
[2026-03-18T08:15:55.377+0000] {logging_mixin.py:188} INFO - [2026-03-18T08:15:55.377+0000] {dagbag.py:538} INFO - Filling up the DagBag from /home/airflow/.local/lib/python3.8/site-packages/airflow/example_dags/example_sensors.py
[2026-03-18T08:15:55.380+0000] {processor.py:840} INFO - DAG(s) 'example_sensors' retrieved from /home/airflow/.local/lib/python3.8/site-packages/airflow/example_dags/example_sensors.py
[2026-03-18T08:15:55.396+0000] {logging_mixin.py:188} INFO - [2026-03-18T08:15:55.396+0000] {dag.py:3036} INFO - Sync 1 DAGs
[2026-03-18T08:15:55.403+0000] {logging_mixin.py:188} INFO - [2026-03-18T08:15:55.403+0000] {dag.py:3823} INFO - Setting next_dagrun for example_sensors to None, run_after=None
[2026-03-18T08:15:55.413+0000] {processor.py:183} INFO - Processing /home/airflow/.local/lib/python3.8/site-packages/airflow/example_dags/example_sensors.py took 0.041 seconds
[2026-03-18T08:16:25.935+0000] {processor.py:161} INFO - Started process (PID=1252) to work on /home/airflow/.local/lib/python3.8/site-packages/airflow/example_dags/example_sensors.py
[2026-03-18T08:16:25.938+0000] {processor.py:830} INFO - Processing file /home/airflow/.local/lib/python3.8/site-packages/airflow/example_dags/example_sensors.py for tasks to queue
[2026-03-18T08:16:25.938+0000] {logging_mixin.py:188} INFO - [2026-03-18T08:16:25.938+0000] {dagbag.py:538} INFO - Filling up the DagBag from /home/airflow/.local/lib/python3.8/site-packages/airflow/example_dags/example_sensors.py
[2026-03-18T08:16:25.942+0000] {processor.py:840} INFO - DAG(s) 'example_sensors' retrieved from /home/airflow/.local/lib/python3.8/site-packages/airflow/example_dags/example_sensors.py
[2026-03-18T08:16:25.955+0000] {logging_mixin.py:188} INFO - [2026-03-18T08:16:25.955+0000] {dag.py:3036} INFO - Sync 1 DAGs
[2026-03-18T08:16:25.960+0000] {logging_mixin.py:188} INFO - [2026-03-18T08:16:25.959+0000] {dag.py:3823} INFO - Setting next_dagrun for example_sensors to None, run_after=None
[2026-03-18T08:16:25.970+0000] {processor.py:183} INFO - Processing /home/airflow/.local/lib/python3.8/site-packages/airflow/example_dags/example_sensors.py took 0.037 seconds
[2026-03-18T08:16:56.468+0000] {processor.py:161} INFO - Started process (PID=1309) to work on /home/airflow/.local/lib/python3.8/site-packages/airflow/example_dags/example_sensors.py
[2026-03-18T08:16:56.469+0000] {processor.py:830} INFO - Processing file /home/airflow/.local/lib/python3.8/site-packages/airflow/example_dags/example_sensors.py for tasks to queue
[2026-03-18T08:16:56.470+0000] {logging_mixin.py:188} INFO - [2026-03-18T08:16:56.470+0000] {dagbag.py:538} INFO - Filling up the DagBag from /home/airflow/.local/lib/python3.8/site-packages/airflow/example_dags/example_sensors.py
[2026-03-18T08:16:56.473+0000] {processor.py:840} INFO - DAG(s) 'example_sensors' retrieved from /home/airflow/.local/lib/python3.8/site-packages/airflow/example_dags/example_sensors.py
[2026-03-18T08:16:56.484+0000] {logging_mixin.py:188} INFO - [2026-03-18T08:16:56.484+0000] {dag.py:3036} INFO - Sync 1 DAGs
[2026-03-18T08:16:56.489+0000] {logging_mixin.py:188} INFO - [2026-03-18T08:16:56.488+0000] {dag.py:3823} INFO - Setting next_dagrun for example_sensors to None, run_after=None
[2026-03-18T08:16:56.500+0000] {processor.py:183} INFO - Processing /home/airflow/.local/lib/python3.8/site-packages/airflow/example_dags/example_sensors.py took 0.034 seconds
[2026-03-18T08:17:27.058+0000] {processor.py:161} INFO - Started process (PID=1365) to work on /home/airflow/.local/lib/python3.8/site-packages/airflow/example_dags/example_sensors.py
[2026-03-18T08:17:27.059+0000] {processor.py:830} INFO - Processing file /home/airflow/.local/lib/python3.8/site-packages/airflow/example_dags/example_sensors.py for tasks to queue
[2026-03-18T08:17:27.061+0000] {logging_mixin.py:188} INFO - [2026-03-18T08:17:27.061+0000] {dagbag.py:538} INFO - Filling up the DagBag from /home/airflow/.local/lib/python3.8/site-packages/airflow/example_dags/example_sensors.py
[2026-03-18T08:17:27.066+0000] {processor.py:840} INFO - DAG(s) 'example_sensors' retrieved from /home/airflow/.local/lib/python3.8/site-packages/airflow/example_dags/example_sensors.py
[2026-03-18T08:17:27.081+0000] {logging_mixin.py:188} INFO - [2026-03-18T08:17:27.081+0000] {dag.py:3036} INFO - Sync 1 DAGs
[2026-03-18T08:17:27.087+0000] {logging_mixin.py:188} INFO - [2026-03-18T08:17:27.087+0000] {dag.py:3823} INFO - Setting next_dagrun for example_sensors to None, run_after=None
[2026-03-18T08:17:27.095+0000] {processor.py:183} INFO - Processing /home/airflow/.local/lib/python3.8/site-packages/airflow/example_dags/example_sensors.py took 0.039 seconds
[2026-03-18T08:17:57.495+0000] {processor.py:161} INFO - Started process (PID=1421) to work on /home/airflow/.local/lib/python3.8/site-packages/airflow/example_dags/example_sensors.py
[2026-03-18T08:17:57.497+0000] {processor.py:830} INFO - Processing file /home/airflow/.local/lib/python3.8/site-packages/airflow/example_dags/example_sensors.py for tasks to queue
[2026-03-18T08:17:57.498+0000] {logging_mixin.py:188} INFO - [2026-03-18T08:17:57.498+0000] {dagbag.py:538} INFO - Filling up the DagBag from /home/airflow/.local/lib/python3.8/site-packages/airflow/example_dags/example_sensors.py
[2026-03-18T08:17:57.502+0000] {processor.py:840} INFO - DAG(s) 'example_sensors' retrieved from /home/airflow/.local/lib/python3.8/site-packages/airflow/example_dags/example_sensors.py
[2026-03-18T08:17:57.513+0000] {logging_mixin.py:188} INFO - [2026-03-18T08:17:57.513+0000] {dag.py:3036} INFO - Sync 1 DAGs
[2026-03-18T08:17:57.517+0000] {logging_mixin.py:188} INFO - [2026-03-18T08:17:57.517+0000] {dag.py:3823} INFO - Setting next_dagrun for example_sensors to None, run_after=None
[2026-03-18T08:17:57.526+0000] {processor.py:183} INFO - Processing /home/airflow/.local/lib/python3.8/site-packages/airflow/example_dags/example_sensors.py took 0.033 seconds
[2026-03-18T08:18:28.071+0000] {processor.py:161} INFO - Started process (PID=1477) to work on /home/airflow/.local/lib/python3.8/site-packages/airflow/example_dags/example_sensors.py
[2026-03-18T08:18:28.072+0000] {processor.py:830} INFO - Processing file /home/airflow/.local/lib/python3.8/site-packages/airflow/example_dags/example_sensors.py for tasks to queue
[2026-03-18T08:18:28.073+0000] {logging_mixin.py:188} INFO - [2026-03-18T08:18:28.073+0000] {dagbag.py:538} INFO - Filling up the DagBag from /home/airflow/.local/lib/python3.8/site-packages/airflow/example_dags/example_sensors.py
[2026-03-18T08:18:28.078+0000] {processor.py:840} INFO - DAG(s) 'example_sensors' retrieved from /home/airflow/.local/lib/python3.8/site-packages/airflow/example_dags/example_sensors.py
[2026-03-18T08:18:28.091+0000] {logging_mixin.py:188} INFO - [2026-03-18T08:18:28.091+0000] {dag.py:3036} INFO - Sync 1 DAGs
[2026-03-18T08:18:28.096+0000] {logging_mixin.py:188} INFO - [2026-03-18T08:18:28.096+0000] {dag.py:3823} INFO - Setting next_dagrun for example_sensors to None, run_after=None
[2026-03-18T08:18:28.105+0000] {processor.py:183} INFO - Processing /home/airflow/.local/lib/python3.8/site-packages/airflow/example_dags/example_sensors.py took 0.036 seconds
[2026-03-18T08:18:58.616+0000] {processor.py:161} INFO - Started process (PID=1533) to work on /home/airflow/.local/lib/python3.8/site-packages/airflow/example_dags/example_sensors.py
[2026-03-18T08:18:58.617+0000] {processor.py:830} INFO - Processing file /home/airflow/.local/lib/python3.8/site-packages/airflow/example_dags/example_sensors.py for tasks to queue
[2026-03-18T08:18:58.618+0000] {logging_mixin.py:188} INFO - [2026-03-18T08:18:58.618+0000] {dagbag.py:538} INFO - Filling up the DagBag from /home/airflow/.local/lib/python3.8/site-packages/airflow/example_dags/example_sensors.py
[2026-03-18T08:18:58.622+0000] {processor.py:840} INFO - DAG(s) 'example_sensors' retrieved from /home/airflow/.local/lib/python3.8/site-packages/airflow/example_dags/example_sensors.py
[2026-03-18T08:18:58.634+0000] {logging_mixin.py:188} INFO - [2026-03-18T08:18:58.634+0000] {dag.py:3036} INFO - Sync 1 DAGs
[2026-03-18T08:18:58.639+0000] {logging_mixin.py:188} INFO - [2026-03-18T08:18:58.638+0000] {dag.py:3823} INFO - Setting next_dagrun for example_sensors to None, run_after=None
[2026-03-18T08:18:58.644+0000] {processor.py:183} INFO - Processing /home/airflow/.local/lib/python3.8/site-packages/airflow/example_dags/example_sensors.py took 0.030 seconds
[2026-03-18T08:19:29.049+0000] {processor.py:161} INFO - Started process (PID=1589) to work on /home/airflow/.local/lib/python3.8/site-packages/airflow/example_dags/example_sensors.py
[2026-03-18T08:19:29.050+0000] {processor.py:830} INFO - Processing file /home/airflow/.local/lib/python3.8/site-packages/airflow/example_dags/example_sensors.py for tasks to queue
[2026-03-18T08:19:29.051+0000] {logging_mixin.py:188} INFO - [2026-03-18T08:19:29.051+0000] {dagbag.py:538} INFO - Filling up the DagBag from /home/airflow/.local/lib/python3.8/site-packages/airflow/example_dags/example_sensors.py
[2026-03-18T08:19:29.055+0000] {processor.py:840} INFO - DAG(s) 'example_sensors' retrieved from /home/airflow/.local/lib/python3.8/site-packages/airflow/example_dags/example_sensors.py
[2026-03-18T08:19:29.064+0000] {logging_mixin.py:188} INFO - [2026-03-18T08:19:29.064+0000] {dag.py:3036} INFO - Sync 1 DAGs
[2026-03-18T08:19:29.069+0000] {logging_mixin.py:188} INFO - [2026-03-18T08:19:29.069+0000] {dag.py:3823} INFO - Setting next_dagrun for example_sensors to None, run_after=None
[2026-03-18T08:19:29.076+0000] {processor.py:183} INFO - Processing /home/airflow/.local/lib/python3.8/site-packages/airflow/example_dags/example_sensors.py took 0.029 seconds
