[2026-03-18T07:45:19.199+0000] {processor.py:161} INFO - Started process (PID=81) to work on /home/airflow/.local/lib/python3.8/site-packages/airflow/example_dags/example_dag_decorator.py
[2026-03-18T07:45:19.199+0000] {processor.py:830} INFO - Processing file /home/airflow/.local/lib/python3.8/site-packages/airflow/example_dags/example_dag_decorator.py for tasks to queue
[2026-03-18T07:45:19.200+0000] {logging_mixin.py:188} INFO - [2026-03-18T07:45:19.200+0000] {dagbag.py:538} INFO - Filling up the DagBag from /home/airflow/.local/lib/python3.8/site-packages/airflow/example_dags/example_dag_decorator.py
[2026-03-18T07:45:19.287+0000] {processor.py:840} INFO - DAG(s) 'example_dag_decorator' retrieved from /home/airflow/.local/lib/python3.8/site-packages/airflow/example_dags/example_dag_decorator.py
[2026-03-18T07:45:19.328+0000] {logging_mixin.py:188} INFO - [2026-03-18T07:45:19.328+0000] {override.py:1769} INFO - Created Permission View: can read on DAG:example_dag_decorator
[2026-03-18T07:45:19.336+0000] {logging_mixin.py:188} INFO - [2026-03-18T07:45:19.336+0000] {override.py:1769} INFO - Created Permission View: can delete on DAG:example_dag_decorator
[2026-03-18T07:45:19.341+0000] {logging_mixin.py:188} INFO - [2026-03-18T07:45:19.340+0000] {override.py:1769} INFO - Created Permission View: can edit on DAG:example_dag_decorator
[2026-03-18T07:45:19.341+0000] {logging_mixin.py:188} INFO - [2026-03-18T07:45:19.341+0000] {dag.py:3036} INFO - Sync 1 DAGs
[2026-03-18T07:45:19.349+0000] {logging_mixin.py:188} INFO - [2026-03-18T07:45:19.349+0000] {dag.py:3058} INFO - Creating ORM DAG for example_dag_decorator
[2026-03-18T07:45:19.350+0000] {logging_mixin.py:188} INFO - [2026-03-18T07:45:19.350+0000] {dag.py:3823} INFO - Setting next_dagrun for example_dag_decorator to None, run_after=None
[2026-03-18T07:45:19.364+0000] {processor.py:183} INFO - Processing /home/airflow/.local/lib/python3.8/site-packages/airflow/example_dags/example_dag_decorator.py took 0.166 seconds
[2026-03-18T07:45:49.748+0000] {processor.py:161} INFO - Started process (PID=136) to work on /home/airflow/.local/lib/python3.8/site-packages/airflow/example_dags/example_dag_decorator.py
[2026-03-18T07:45:49.748+0000] {processor.py:830} INFO - Processing file /home/airflow/.local/lib/python3.8/site-packages/airflow/example_dags/example_dag_decorator.py for tasks to queue
[2026-03-18T07:45:49.749+0000] {logging_mixin.py:188} INFO - [2026-03-18T07:45:49.749+0000] {dagbag.py:538} INFO - Filling up the DagBag from /home/airflow/.local/lib/python3.8/site-packages/airflow/example_dags/example_dag_decorator.py
[2026-03-18T07:45:49.784+0000] {processor.py:840} INFO - DAG(s) 'example_dag_decorator' retrieved from /home/airflow/.local/lib/python3.8/site-packages/airflow/example_dags/example_dag_decorator.py
[2026-03-18T07:45:49.826+0000] {logging_mixin.py:188} INFO - [2026-03-18T07:45:49.826+0000] {dag.py:3036} INFO - Sync 1 DAGs
[2026-03-18T07:45:49.830+0000] {logging_mixin.py:188} INFO - [2026-03-18T07:45:49.830+0000] {dag.py:3823} INFO - Setting next_dagrun for example_dag_decorator to None, run_after=None
[2026-03-18T07:45:49.842+0000] {processor.py:183} INFO - Processing /home/airflow/.local/lib/python3.8/site-packages/airflow/example_dags/example_dag_decorator.py took 0.096 seconds
[2026-03-18T07:46:20.162+0000] {processor.py:161} INFO - Started process (PID=191) to work on /home/airflow/.local/lib/python3.8/site-packages/airflow/example_dags/example_dag_decorator.py
[2026-03-18T07:46:20.162+0000] {processor.py:830} INFO - Processing file /home/airflow/.local/lib/python3.8/site-packages/airflow/example_dags/example_dag_decorator.py for tasks to queue
[2026-03-18T07:46:20.163+0000] {logging_mixin.py:188} INFO - [2026-03-18T07:46:20.163+0000] {dagbag.py:538} INFO - Filling up the DagBag from /home/airflow/.local/lib/python3.8/site-packages/airflow/example_dags/example_dag_decorator.py
[2026-03-18T07:46:20.198+0000] {processor.py:840} INFO - DAG(s) 'example_dag_decorator' retrieved from /home/airflow/.local/lib/python3.8/site-packages/airflow/example_dags/example_dag_decorator.py
[2026-03-18T07:46:20.238+0000] {logging_mixin.py:188} INFO - [2026-03-18T07:46:20.238+0000] {dag.py:3036} INFO - Sync 1 DAGs
[2026-03-18T07:46:20.242+0000] {logging_mixin.py:188} INFO - [2026-03-18T07:46:20.242+0000] {dag.py:3823} INFO - Setting next_dagrun for example_dag_decorator to None, run_after=None
[2026-03-18T07:46:20.249+0000] {processor.py:183} INFO - Processing /home/airflow/.local/lib/python3.8/site-packages/airflow/example_dags/example_dag_decorator.py took 0.089 seconds
[2026-03-18T07:46:50.463+0000] {processor.py:161} INFO - Started process (PID=246) to work on /home/airflow/.local/lib/python3.8/site-packages/airflow/example_dags/example_dag_decorator.py
[2026-03-18T07:46:50.464+0000] {processor.py:830} INFO - Processing file /home/airflow/.local/lib/python3.8/site-packages/airflow/example_dags/example_dag_decorator.py for tasks to queue
[2026-03-18T07:46:50.464+0000] {logging_mixin.py:188} INFO - [2026-03-18T07:46:50.464+0000] {dagbag.py:538} INFO - Filling up the DagBag from /home/airflow/.local/lib/python3.8/site-packages/airflow/example_dags/example_dag_decorator.py
[2026-03-18T07:46:50.501+0000] {processor.py:840} INFO - DAG(s) 'example_dag_decorator' retrieved from /home/airflow/.local/lib/python3.8/site-packages/airflow/example_dags/example_dag_decorator.py
[2026-03-18T07:46:50.541+0000] {logging_mixin.py:188} INFO - [2026-03-18T07:46:50.541+0000] {dag.py:3036} INFO - Sync 1 DAGs
[2026-03-18T07:46:50.545+0000] {logging_mixin.py:188} INFO - [2026-03-18T07:46:50.544+0000] {dag.py:3823} INFO - Setting next_dagrun for example_dag_decorator to None, run_after=None
[2026-03-18T07:46:50.551+0000] {processor.py:183} INFO - Processing /home/airflow/.local/lib/python3.8/site-packages/airflow/example_dags/example_dag_decorator.py took 0.089 seconds
[2026-03-18T07:47:20.848+0000] {processor.py:161} INFO - Started process (PID=301) to work on /home/airflow/.local/lib/python3.8/site-packages/airflow/example_dags/example_dag_decorator.py
[2026-03-18T07:47:20.850+0000] {processor.py:830} INFO - Processing file /home/airflow/.local/lib/python3.8/site-packages/airflow/example_dags/example_dag_decorator.py for tasks to queue
[2026-03-18T07:47:20.851+0000] {logging_mixin.py:188} INFO - [2026-03-18T07:47:20.851+0000] {dagbag.py:538} INFO - Filling up the DagBag from /home/airflow/.local/lib/python3.8/site-packages/airflow/example_dags/example_dag_decorator.py
[2026-03-18T07:47:20.894+0000] {processor.py:840} INFO - DAG(s) 'example_dag_decorator' retrieved from /home/airflow/.local/lib/python3.8/site-packages/airflow/example_dags/example_dag_decorator.py
[2026-03-18T07:47:20.937+0000] {logging_mixin.py:188} INFO - [2026-03-18T07:47:20.937+0000] {dag.py:3036} INFO - Sync 1 DAGs
[2026-03-18T07:47:20.942+0000] {logging_mixin.py:188} INFO - [2026-03-18T07:47:20.941+0000] {dag.py:3823} INFO - Setting next_dagrun for example_dag_decorator to None, run_after=None
[2026-03-18T07:47:20.950+0000] {processor.py:183} INFO - Processing /home/airflow/.local/lib/python3.8/site-packages/airflow/example_dags/example_dag_decorator.py took 0.104 seconds
[2026-03-18T07:47:51.274+0000] {processor.py:161} INFO - Started process (PID=356) to work on /home/airflow/.local/lib/python3.8/site-packages/airflow/example_dags/example_dag_decorator.py
[2026-03-18T07:47:51.276+0000] {processor.py:830} INFO - Processing file /home/airflow/.local/lib/python3.8/site-packages/airflow/example_dags/example_dag_decorator.py for tasks to queue
[2026-03-18T07:47:51.277+0000] {logging_mixin.py:188} INFO - [2026-03-18T07:47:51.277+0000] {dagbag.py:538} INFO - Filling up the DagBag from /home/airflow/.local/lib/python3.8/site-packages/airflow/example_dags/example_dag_decorator.py
[2026-03-18T07:47:51.308+0000] {processor.py:840} INFO - DAG(s) 'example_dag_decorator' retrieved from /home/airflow/.local/lib/python3.8/site-packages/airflow/example_dags/example_dag_decorator.py
[2026-03-18T07:47:51.348+0000] {logging_mixin.py:188} INFO - [2026-03-18T07:47:51.348+0000] {dag.py:3036} INFO - Sync 1 DAGs
[2026-03-18T07:47:51.353+0000] {logging_mixin.py:188} INFO - [2026-03-18T07:47:51.353+0000] {dag.py:3823} INFO - Setting next_dagrun for example_dag_decorator to None, run_after=None
[2026-03-18T07:47:51.362+0000] {processor.py:183} INFO - Processing /home/airflow/.local/lib/python3.8/site-packages/airflow/example_dags/example_dag_decorator.py took 0.089 seconds
[2026-03-18T07:48:21.629+0000] {processor.py:161} INFO - Started process (PID=411) to work on /home/airflow/.local/lib/python3.8/site-packages/airflow/example_dags/example_dag_decorator.py
[2026-03-18T07:48:21.629+0000] {processor.py:830} INFO - Processing file /home/airflow/.local/lib/python3.8/site-packages/airflow/example_dags/example_dag_decorator.py for tasks to queue
[2026-03-18T07:48:21.630+0000] {logging_mixin.py:188} INFO - [2026-03-18T07:48:21.630+0000] {dagbag.py:538} INFO - Filling up the DagBag from /home/airflow/.local/lib/python3.8/site-packages/airflow/example_dags/example_dag_decorator.py
[2026-03-18T07:48:21.670+0000] {processor.py:840} INFO - DAG(s) 'example_dag_decorator' retrieved from /home/airflow/.local/lib/python3.8/site-packages/airflow/example_dags/example_dag_decorator.py
[2026-03-18T07:48:21.716+0000] {logging_mixin.py:188} INFO - [2026-03-18T07:48:21.715+0000] {dag.py:3036} INFO - Sync 1 DAGs
[2026-03-18T07:48:21.721+0000] {logging_mixin.py:188} INFO - [2026-03-18T07:48:21.721+0000] {dag.py:3823} INFO - Setting next_dagrun for example_dag_decorator to None, run_after=None
[2026-03-18T07:48:21.731+0000] {processor.py:183} INFO - Processing /home/airflow/.local/lib/python3.8/site-packages/airflow/example_dags/example_dag_decorator.py took 0.104 seconds
[2026-03-18T07:48:51.934+0000] {processor.py:161} INFO - Started process (PID=472) to work on /home/airflow/.local/lib/python3.8/site-packages/airflow/example_dags/example_dag_decorator.py
[2026-03-18T07:48:51.935+0000] {processor.py:830} INFO - Processing file /home/airflow/.local/lib/python3.8/site-packages/airflow/example_dags/example_dag_decorator.py for tasks to queue
[2026-03-18T07:48:51.936+0000] {logging_mixin.py:188} INFO - [2026-03-18T07:48:51.936+0000] {dagbag.py:538} INFO - Filling up the DagBag from /home/airflow/.local/lib/python3.8/site-packages/airflow/example_dags/example_dag_decorator.py
[2026-03-18T07:48:51.978+0000] {processor.py:840} INFO - DAG(s) 'example_dag_decorator' retrieved from /home/airflow/.local/lib/python3.8/site-packages/airflow/example_dags/example_dag_decorator.py
[2026-03-18T07:48:52.014+0000] {logging_mixin.py:188} INFO - [2026-03-18T07:48:52.014+0000] {dag.py:3036} INFO - Sync 1 DAGs
[2026-03-18T07:48:52.017+0000] {logging_mixin.py:188} INFO - [2026-03-18T07:48:52.017+0000] {dag.py:3823} INFO - Setting next_dagrun for example_dag_decorator to None, run_after=None
[2026-03-18T07:48:52.024+0000] {processor.py:183} INFO - Processing /home/airflow/.local/lib/python3.8/site-packages/airflow/example_dags/example_dag_decorator.py took 0.092 seconds
[2026-03-18T07:49:22.189+0000] {processor.py:161} INFO - Started process (PID=527) to work on /home/airflow/.local/lib/python3.8/site-packages/airflow/example_dags/example_dag_decorator.py
[2026-03-18T07:49:22.189+0000] {processor.py:830} INFO - Processing file /home/airflow/.local/lib/python3.8/site-packages/airflow/example_dags/example_dag_decorator.py for tasks to queue
[2026-03-18T07:49:22.190+0000] {logging_mixin.py:188} INFO - [2026-03-18T07:49:22.190+0000] {dagbag.py:538} INFO - Filling up the DagBag from /home/airflow/.local/lib/python3.8/site-packages/airflow/example_dags/example_dag_decorator.py
[2026-03-18T07:49:22.227+0000] {processor.py:840} INFO - DAG(s) 'example_dag_decorator' retrieved from /home/airflow/.local/lib/python3.8/site-packages/airflow/example_dags/example_dag_decorator.py
[2026-03-18T07:49:22.263+0000] {logging_mixin.py:188} INFO - [2026-03-18T07:49:22.263+0000] {dag.py:3036} INFO - Sync 1 DAGs
[2026-03-18T07:49:22.269+0000] {logging_mixin.py:188} INFO - [2026-03-18T07:49:22.269+0000] {dag.py:3823} INFO - Setting next_dagrun for example_dag_decorator to None, run_after=None
[2026-03-18T07:49:22.276+0000] {processor.py:183} INFO - Processing /home/airflow/.local/lib/python3.8/site-packages/airflow/example_dags/example_dag_decorator.py took 0.089 seconds
[2026-03-18T07:49:52.458+0000] {processor.py:161} INFO - Started process (PID=582) to work on /home/airflow/.local/lib/python3.8/site-packages/airflow/example_dags/example_dag_decorator.py
[2026-03-18T07:49:52.458+0000] {processor.py:830} INFO - Processing file /home/airflow/.local/lib/python3.8/site-packages/airflow/example_dags/example_dag_decorator.py for tasks to queue
[2026-03-18T07:49:52.459+0000] {logging_mixin.py:188} INFO - [2026-03-18T07:49:52.459+0000] {dagbag.py:538} INFO - Filling up the DagBag from /home/airflow/.local/lib/python3.8/site-packages/airflow/example_dags/example_dag_decorator.py
[2026-03-18T07:49:52.495+0000] {processor.py:840} INFO - DAG(s) 'example_dag_decorator' retrieved from /home/airflow/.local/lib/python3.8/site-packages/airflow/example_dags/example_dag_decorator.py
[2026-03-18T07:49:52.530+0000] {logging_mixin.py:188} INFO - [2026-03-18T07:49:52.530+0000] {dag.py:3036} INFO - Sync 1 DAGs
[2026-03-18T07:49:52.534+0000] {logging_mixin.py:188} INFO - [2026-03-18T07:49:52.534+0000] {dag.py:3823} INFO - Setting next_dagrun for example_dag_decorator to None, run_after=None
[2026-03-18T07:49:52.540+0000] {processor.py:183} INFO - Processing /home/airflow/.local/lib/python3.8/site-packages/airflow/example_dags/example_dag_decorator.py took 0.084 seconds
[2026-03-18T07:50:22.898+0000] {processor.py:161} INFO - Started process (PID=638) to work on /home/airflow/.local/lib/python3.8/site-packages/airflow/example_dags/example_dag_decorator.py
[2026-03-18T07:50:22.900+0000] {processor.py:830} INFO - Processing file /home/airflow/.local/lib/python3.8/site-packages/airflow/example_dags/example_dag_decorator.py for tasks to queue
[2026-03-18T07:50:22.900+0000] {logging_mixin.py:188} INFO - [2026-03-18T07:50:22.900+0000] {dagbag.py:538} INFO - Filling up the DagBag from /home/airflow/.local/lib/python3.8/site-packages/airflow/example_dags/example_dag_decorator.py
[2026-03-18T07:50:22.938+0000] {processor.py:840} INFO - DAG(s) 'example_dag_decorator' retrieved from /home/airflow/.local/lib/python3.8/site-packages/airflow/example_dags/example_dag_decorator.py
[2026-03-18T07:50:22.987+0000] {logging_mixin.py:188} INFO - [2026-03-18T07:50:22.987+0000] {dag.py:3036} INFO - Sync 1 DAGs
[2026-03-18T07:50:22.992+0000] {logging_mixin.py:188} INFO - [2026-03-18T07:50:22.991+0000] {dag.py:3823} INFO - Setting next_dagrun for example_dag_decorator to None, run_after=None
[2026-03-18T07:50:22.999+0000] {processor.py:183} INFO - Processing /home/airflow/.local/lib/python3.8/site-packages/airflow/example_dags/example_dag_decorator.py took 0.102 seconds
[2026-03-18T07:50:53.381+0000] {processor.py:161} INFO - Started process (PID=694) to work on /home/airflow/.local/lib/python3.8/site-packages/airflow/example_dags/example_dag_decorator.py
[2026-03-18T07:50:53.382+0000] {processor.py:830} INFO - Processing file /home/airflow/.local/lib/python3.8/site-packages/airflow/example_dags/example_dag_decorator.py for tasks to queue
[2026-03-18T07:50:53.383+0000] {logging_mixin.py:188} INFO - [2026-03-18T07:50:53.383+0000] {dagbag.py:538} INFO - Filling up the DagBag from /home/airflow/.local/lib/python3.8/site-packages/airflow/example_dags/example_dag_decorator.py
[2026-03-18T07:50:53.434+0000] {processor.py:840} INFO - DAG(s) 'example_dag_decorator' retrieved from /home/airflow/.local/lib/python3.8/site-packages/airflow/example_dags/example_dag_decorator.py
[2026-03-18T07:50:53.479+0000] {logging_mixin.py:188} INFO - [2026-03-18T07:50:53.478+0000] {dag.py:3036} INFO - Sync 1 DAGs
[2026-03-18T07:50:53.483+0000] {logging_mixin.py:188} INFO - [2026-03-18T07:50:53.482+0000] {dag.py:3823} INFO - Setting next_dagrun for example_dag_decorator to None, run_after=None
[2026-03-18T07:50:53.495+0000] {processor.py:183} INFO - Processing /home/airflow/.local/lib/python3.8/site-packages/airflow/example_dags/example_dag_decorator.py took 0.116 seconds
[2026-03-18T07:51:23.890+0000] {processor.py:161} INFO - Started process (PID=750) to work on /home/airflow/.local/lib/python3.8/site-packages/airflow/example_dags/example_dag_decorator.py
[2026-03-18T07:51:23.891+0000] {processor.py:830} INFO - Processing file /home/airflow/.local/lib/python3.8/site-packages/airflow/example_dags/example_dag_decorator.py for tasks to queue
[2026-03-18T07:51:23.892+0000] {logging_mixin.py:188} INFO - [2026-03-18T07:51:23.892+0000] {dagbag.py:538} INFO - Filling up the DagBag from /home/airflow/.local/lib/python3.8/site-packages/airflow/example_dags/example_dag_decorator.py
[2026-03-18T07:51:23.934+0000] {processor.py:840} INFO - DAG(s) 'example_dag_decorator' retrieved from /home/airflow/.local/lib/python3.8/site-packages/airflow/example_dags/example_dag_decorator.py
[2026-03-18T07:51:23.978+0000] {logging_mixin.py:188} INFO - [2026-03-18T07:51:23.978+0000] {dag.py:3036} INFO - Sync 1 DAGs
[2026-03-18T07:51:23.983+0000] {logging_mixin.py:188} INFO - [2026-03-18T07:51:23.983+0000] {dag.py:3823} INFO - Setting next_dagrun for example_dag_decorator to None, run_after=None
[2026-03-18T07:51:23.990+0000] {processor.py:183} INFO - Processing /home/airflow/.local/lib/python3.8/site-packages/airflow/example_dags/example_dag_decorator.py took 0.101 seconds
[2026-03-18T07:51:54.384+0000] {processor.py:161} INFO - Started process (PID=806) to work on /home/airflow/.local/lib/python3.8/site-packages/airflow/example_dags/example_dag_decorator.py
[2026-03-18T07:51:54.386+0000] {processor.py:830} INFO - Processing file /home/airflow/.local/lib/python3.8/site-packages/airflow/example_dags/example_dag_decorator.py for tasks to queue
[2026-03-18T07:51:54.387+0000] {logging_mixin.py:188} INFO - [2026-03-18T07:51:54.387+0000] {dagbag.py:538} INFO - Filling up the DagBag from /home/airflow/.local/lib/python3.8/site-packages/airflow/example_dags/example_dag_decorator.py
[2026-03-18T07:51:54.424+0000] {processor.py:840} INFO - DAG(s) 'example_dag_decorator' retrieved from /home/airflow/.local/lib/python3.8/site-packages/airflow/example_dags/example_dag_decorator.py
[2026-03-18T07:51:54.463+0000] {logging_mixin.py:188} INFO - [2026-03-18T07:51:54.463+0000] {dag.py:3036} INFO - Sync 1 DAGs
[2026-03-18T07:51:54.468+0000] {logging_mixin.py:188} INFO - [2026-03-18T07:51:54.467+0000] {dag.py:3823} INFO - Setting next_dagrun for example_dag_decorator to None, run_after=None
[2026-03-18T07:51:54.475+0000] {processor.py:183} INFO - Processing /home/airflow/.local/lib/python3.8/site-packages/airflow/example_dags/example_dag_decorator.py took 0.092 seconds
[2026-03-18T07:52:24.951+0000] {processor.py:161} INFO - Started process (PID=862) to work on /home/airflow/.local/lib/python3.8/site-packages/airflow/example_dags/example_dag_decorator.py
[2026-03-18T07:52:24.952+0000] {processor.py:830} INFO - Processing file /home/airflow/.local/lib/python3.8/site-packages/airflow/example_dags/example_dag_decorator.py for tasks to queue
[2026-03-18T07:52:24.955+0000] {logging_mixin.py:188} INFO - [2026-03-18T07:52:24.955+0000] {dagbag.py:538} INFO - Filling up the DagBag from /home/airflow/.local/lib/python3.8/site-packages/airflow/example_dags/example_dag_decorator.py
[2026-03-18T07:52:24.999+0000] {processor.py:840} INFO - DAG(s) 'example_dag_decorator' retrieved from /home/airflow/.local/lib/python3.8/site-packages/airflow/example_dags/example_dag_decorator.py
[2026-03-18T07:52:25.052+0000] {logging_mixin.py:188} INFO - [2026-03-18T07:52:25.052+0000] {dag.py:3036} INFO - Sync 1 DAGs
[2026-03-18T07:52:25.057+0000] {logging_mixin.py:188} INFO - [2026-03-18T07:52:25.057+0000] {dag.py:3823} INFO - Setting next_dagrun for example_dag_decorator to None, run_after=None
[2026-03-18T07:52:25.066+0000] {processor.py:183} INFO - Processing /home/airflow/.local/lib/python3.8/site-packages/airflow/example_dags/example_dag_decorator.py took 0.117 seconds
[2026-03-18T07:52:55.395+0000] {processor.py:161} INFO - Started process (PID=918) to work on /home/airflow/.local/lib/python3.8/site-packages/airflow/example_dags/example_dag_decorator.py
[2026-03-18T07:52:55.397+0000] {processor.py:830} INFO - Processing file /home/airflow/.local/lib/python3.8/site-packages/airflow/example_dags/example_dag_decorator.py for tasks to queue
[2026-03-18T07:52:55.398+0000] {logging_mixin.py:188} INFO - [2026-03-18T07:52:55.398+0000] {dagbag.py:538} INFO - Filling up the DagBag from /home/airflow/.local/lib/python3.8/site-packages/airflow/example_dags/example_dag_decorator.py
[2026-03-18T07:52:55.437+0000] {processor.py:840} INFO - DAG(s) 'example_dag_decorator' retrieved from /home/airflow/.local/lib/python3.8/site-packages/airflow/example_dags/example_dag_decorator.py
[2026-03-18T07:52:55.478+0000] {logging_mixin.py:188} INFO - [2026-03-18T07:52:55.478+0000] {dag.py:3036} INFO - Sync 1 DAGs
[2026-03-18T07:52:55.483+0000] {logging_mixin.py:188} INFO - [2026-03-18T07:52:55.483+0000] {dag.py:3823} INFO - Setting next_dagrun for example_dag_decorator to None, run_after=None
[2026-03-18T07:52:55.489+0000] {processor.py:183} INFO - Processing /home/airflow/.local/lib/python3.8/site-packages/airflow/example_dags/example_dag_decorator.py took 0.096 seconds
[2026-03-18T07:53:25.877+0000] {processor.py:161} INFO - Started process (PID=974) to work on /home/airflow/.local/lib/python3.8/site-packages/airflow/example_dags/example_dag_decorator.py
[2026-03-18T07:53:25.878+0000] {processor.py:830} INFO - Processing file /home/airflow/.local/lib/python3.8/site-packages/airflow/example_dags/example_dag_decorator.py for tasks to queue
[2026-03-18T07:53:25.879+0000] {logging_mixin.py:188} INFO - [2026-03-18T07:53:25.879+0000] {dagbag.py:538} INFO - Filling up the DagBag from /home/airflow/.local/lib/python3.8/site-packages/airflow/example_dags/example_dag_decorator.py
[2026-03-18T07:53:25.913+0000] {processor.py:840} INFO - DAG(s) 'example_dag_decorator' retrieved from /home/airflow/.local/lib/python3.8/site-packages/airflow/example_dags/example_dag_decorator.py
[2026-03-18T07:53:25.967+0000] {logging_mixin.py:188} INFO - [2026-03-18T07:53:25.967+0000] {dag.py:3036} INFO - Sync 1 DAGs
[2026-03-18T07:53:25.971+0000] {logging_mixin.py:188} INFO - [2026-03-18T07:53:25.971+0000] {dag.py:3823} INFO - Setting next_dagrun for example_dag_decorator to None, run_after=None
[2026-03-18T07:53:25.979+0000] {processor.py:183} INFO - Processing /home/airflow/.local/lib/python3.8/site-packages/airflow/example_dags/example_dag_decorator.py took 0.104 seconds
[2026-03-18T07:53:56.359+0000] {processor.py:161} INFO - Started process (PID=1030) to work on /home/airflow/.local/lib/python3.8/site-packages/airflow/example_dags/example_dag_decorator.py
[2026-03-18T07:53:56.361+0000] {processor.py:830} INFO - Processing file /home/airflow/.local/lib/python3.8/site-packages/airflow/example_dags/example_dag_decorator.py for tasks to queue
[2026-03-18T07:53:56.361+0000] {logging_mixin.py:188} INFO - [2026-03-18T07:53:56.361+0000] {dagbag.py:538} INFO - Filling up the DagBag from /home/airflow/.local/lib/python3.8/site-packages/airflow/example_dags/example_dag_decorator.py
[2026-03-18T07:53:56.397+0000] {processor.py:840} INFO - DAG(s) 'example_dag_decorator' retrieved from /home/airflow/.local/lib/python3.8/site-packages/airflow/example_dags/example_dag_decorator.py
[2026-03-18T07:53:56.434+0000] {logging_mixin.py:188} INFO - [2026-03-18T07:53:56.434+0000] {dag.py:3036} INFO - Sync 1 DAGs
[2026-03-18T07:53:56.438+0000] {logging_mixin.py:188} INFO - [2026-03-18T07:53:56.438+0000] {dag.py:3823} INFO - Setting next_dagrun for example_dag_decorator to None, run_after=None
[2026-03-18T07:53:56.446+0000] {processor.py:183} INFO - Processing /home/airflow/.local/lib/python3.8/site-packages/airflow/example_dags/example_dag_decorator.py took 0.088 seconds
[2026-03-18T07:54:26.772+0000] {processor.py:161} INFO - Started process (PID=1086) to work on /home/airflow/.local/lib/python3.8/site-packages/airflow/example_dags/example_dag_decorator.py
[2026-03-18T07:54:26.773+0000] {processor.py:830} INFO - Processing file /home/airflow/.local/lib/python3.8/site-packages/airflow/example_dags/example_dag_decorator.py for tasks to queue
[2026-03-18T07:54:26.774+0000] {logging_mixin.py:188} INFO - [2026-03-18T07:54:26.773+0000] {dagbag.py:538} INFO - Filling up the DagBag from /home/airflow/.local/lib/python3.8/site-packages/airflow/example_dags/example_dag_decorator.py
[2026-03-18T07:54:26.816+0000] {processor.py:840} INFO - DAG(s) 'example_dag_decorator' retrieved from /home/airflow/.local/lib/python3.8/site-packages/airflow/example_dags/example_dag_decorator.py
[2026-03-18T07:54:26.860+0000] {logging_mixin.py:188} INFO - [2026-03-18T07:54:26.860+0000] {dag.py:3036} INFO - Sync 1 DAGs
[2026-03-18T07:54:26.865+0000] {logging_mixin.py:188} INFO - [2026-03-18T07:54:26.865+0000] {dag.py:3823} INFO - Setting next_dagrun for example_dag_decorator to None, run_after=None
[2026-03-18T07:54:26.878+0000] {processor.py:183} INFO - Processing /home/airflow/.local/lib/python3.8/site-packages/airflow/example_dags/example_dag_decorator.py took 0.108 seconds
[2026-03-18T07:54:57.250+0000] {processor.py:161} INFO - Started process (PID=1142) to work on /home/airflow/.local/lib/python3.8/site-packages/airflow/example_dags/example_dag_decorator.py
[2026-03-18T07:54:57.251+0000] {processor.py:830} INFO - Processing file /home/airflow/.local/lib/python3.8/site-packages/airflow/example_dags/example_dag_decorator.py for tasks to queue
[2026-03-18T07:54:57.253+0000] {logging_mixin.py:188} INFO - [2026-03-18T07:54:57.253+0000] {dagbag.py:538} INFO - Filling up the DagBag from /home/airflow/.local/lib/python3.8/site-packages/airflow/example_dags/example_dag_decorator.py
[2026-03-18T07:54:57.295+0000] {processor.py:840} INFO - DAG(s) 'example_dag_decorator' retrieved from /home/airflow/.local/lib/python3.8/site-packages/airflow/example_dags/example_dag_decorator.py
[2026-03-18T07:54:57.348+0000] {logging_mixin.py:188} INFO - [2026-03-18T07:54:57.348+0000] {dag.py:3036} INFO - Sync 1 DAGs
[2026-03-18T07:54:57.352+0000] {logging_mixin.py:188} INFO - [2026-03-18T07:54:57.352+0000] {dag.py:3823} INFO - Setting next_dagrun for example_dag_decorator to None, run_after=None
[2026-03-18T07:54:57.359+0000] {processor.py:183} INFO - Processing /home/airflow/.local/lib/python3.8/site-packages/airflow/example_dags/example_dag_decorator.py took 0.111 seconds
[2026-03-18T07:55:27.707+0000] {processor.py:161} INFO - Started process (PID=1198) to work on /home/airflow/.local/lib/python3.8/site-packages/airflow/example_dags/example_dag_decorator.py
[2026-03-18T07:55:27.708+0000] {processor.py:830} INFO - Processing file /home/airflow/.local/lib/python3.8/site-packages/airflow/example_dags/example_dag_decorator.py for tasks to queue
[2026-03-18T07:55:27.709+0000] {logging_mixin.py:188} INFO - [2026-03-18T07:55:27.709+0000] {dagbag.py:538} INFO - Filling up the DagBag from /home/airflow/.local/lib/python3.8/site-packages/airflow/example_dags/example_dag_decorator.py
[2026-03-18T07:55:27.746+0000] {processor.py:840} INFO - DAG(s) 'example_dag_decorator' retrieved from /home/airflow/.local/lib/python3.8/site-packages/airflow/example_dags/example_dag_decorator.py
[2026-03-18T07:55:27.787+0000] {logging_mixin.py:188} INFO - [2026-03-18T07:55:27.787+0000] {dag.py:3036} INFO - Sync 1 DAGs
[2026-03-18T07:55:27.791+0000] {logging_mixin.py:188} INFO - [2026-03-18T07:55:27.791+0000] {dag.py:3823} INFO - Setting next_dagrun for example_dag_decorator to None, run_after=None
[2026-03-18T07:55:27.799+0000] {processor.py:183} INFO - Processing /home/airflow/.local/lib/python3.8/site-packages/airflow/example_dags/example_dag_decorator.py took 0.094 seconds
[2026-03-18T07:55:58.138+0000] {processor.py:161} INFO - Started process (PID=1254) to work on /home/airflow/.local/lib/python3.8/site-packages/airflow/example_dags/example_dag_decorator.py
[2026-03-18T07:55:58.140+0000] {processor.py:830} INFO - Processing file /home/airflow/.local/lib/python3.8/site-packages/airflow/example_dags/example_dag_decorator.py for tasks to queue
[2026-03-18T07:55:58.144+0000] {logging_mixin.py:188} INFO - [2026-03-18T07:55:58.144+0000] {dagbag.py:538} INFO - Filling up the DagBag from /home/airflow/.local/lib/python3.8/site-packages/airflow/example_dags/example_dag_decorator.py
[2026-03-18T07:55:58.181+0000] {processor.py:840} INFO - DAG(s) 'example_dag_decorator' retrieved from /home/airflow/.local/lib/python3.8/site-packages/airflow/example_dags/example_dag_decorator.py
[2026-03-18T07:55:58.224+0000] {logging_mixin.py:188} INFO - [2026-03-18T07:55:58.224+0000] {dag.py:3036} INFO - Sync 1 DAGs
[2026-03-18T07:55:58.228+0000] {logging_mixin.py:188} INFO - [2026-03-18T07:55:58.227+0000] {dag.py:3823} INFO - Setting next_dagrun for example_dag_decorator to None, run_after=None
[2026-03-18T07:55:58.240+0000] {processor.py:183} INFO - Processing /home/airflow/.local/lib/python3.8/site-packages/airflow/example_dags/example_dag_decorator.py took 0.103 seconds
[2026-03-18T07:56:28.556+0000] {processor.py:161} INFO - Started process (PID=1310) to work on /home/airflow/.local/lib/python3.8/site-packages/airflow/example_dags/example_dag_decorator.py
[2026-03-18T07:56:28.557+0000] {processor.py:830} INFO - Processing file /home/airflow/.local/lib/python3.8/site-packages/airflow/example_dags/example_dag_decorator.py for tasks to queue
[2026-03-18T07:56:28.558+0000] {logging_mixin.py:188} INFO - [2026-03-18T07:56:28.558+0000] {dagbag.py:538} INFO - Filling up the DagBag from /home/airflow/.local/lib/python3.8/site-packages/airflow/example_dags/example_dag_decorator.py
[2026-03-18T07:56:28.595+0000] {processor.py:840} INFO - DAG(s) 'example_dag_decorator' retrieved from /home/airflow/.local/lib/python3.8/site-packages/airflow/example_dags/example_dag_decorator.py
[2026-03-18T07:56:28.642+0000] {logging_mixin.py:188} INFO - [2026-03-18T07:56:28.641+0000] {dag.py:3036} INFO - Sync 1 DAGs
[2026-03-18T07:56:28.645+0000] {logging_mixin.py:188} INFO - [2026-03-18T07:56:28.645+0000] {dag.py:3823} INFO - Setting next_dagrun for example_dag_decorator to None, run_after=None
[2026-03-18T07:56:28.654+0000] {processor.py:183} INFO - Processing /home/airflow/.local/lib/python3.8/site-packages/airflow/example_dags/example_dag_decorator.py took 0.099 seconds
[2026-03-18T07:56:59.041+0000] {processor.py:161} INFO - Started process (PID=1366) to work on /home/airflow/.local/lib/python3.8/site-packages/airflow/example_dags/example_dag_decorator.py
[2026-03-18T07:56:59.042+0000] {processor.py:830} INFO - Processing file /home/airflow/.local/lib/python3.8/site-packages/airflow/example_dags/example_dag_decorator.py for tasks to queue
[2026-03-18T07:56:59.043+0000] {logging_mixin.py:188} INFO - [2026-03-18T07:56:59.043+0000] {dagbag.py:538} INFO - Filling up the DagBag from /home/airflow/.local/lib/python3.8/site-packages/airflow/example_dags/example_dag_decorator.py
[2026-03-18T07:56:59.080+0000] {processor.py:840} INFO - DAG(s) 'example_dag_decorator' retrieved from /home/airflow/.local/lib/python3.8/site-packages/airflow/example_dags/example_dag_decorator.py
[2026-03-18T07:56:59.130+0000] {logging_mixin.py:188} INFO - [2026-03-18T07:56:59.130+0000] {dag.py:3036} INFO - Sync 1 DAGs
[2026-03-18T07:56:59.217+0000] {logging_mixin.py:188} INFO - [2026-03-18T07:56:59.217+0000] {dag.py:3823} INFO - Setting next_dagrun for example_dag_decorator to None, run_after=None
[2026-03-18T07:56:59.229+0000] {processor.py:183} INFO - Processing /home/airflow/.local/lib/python3.8/site-packages/airflow/example_dags/example_dag_decorator.py took 0.189 seconds
[2026-03-18T07:57:29.512+0000] {processor.py:161} INFO - Started process (PID=1422) to work on /home/airflow/.local/lib/python3.8/site-packages/airflow/example_dags/example_dag_decorator.py
[2026-03-18T07:57:29.513+0000] {processor.py:830} INFO - Processing file /home/airflow/.local/lib/python3.8/site-packages/airflow/example_dags/example_dag_decorator.py for tasks to queue
[2026-03-18T07:57:29.513+0000] {logging_mixin.py:188} INFO - [2026-03-18T07:57:29.513+0000] {dagbag.py:538} INFO - Filling up the DagBag from /home/airflow/.local/lib/python3.8/site-packages/airflow/example_dags/example_dag_decorator.py
[2026-03-18T07:57:29.548+0000] {processor.py:840} INFO - DAG(s) 'example_dag_decorator' retrieved from /home/airflow/.local/lib/python3.8/site-packages/airflow/example_dags/example_dag_decorator.py
[2026-03-18T07:57:29.595+0000] {logging_mixin.py:188} INFO - [2026-03-18T07:57:29.595+0000] {dag.py:3036} INFO - Sync 1 DAGs
[2026-03-18T07:57:29.601+0000] {logging_mixin.py:188} INFO - [2026-03-18T07:57:29.601+0000] {dag.py:3823} INFO - Setting next_dagrun for example_dag_decorator to None, run_after=None
[2026-03-18T07:57:29.685+0000] {processor.py:183} INFO - Processing /home/airflow/.local/lib/python3.8/site-packages/airflow/example_dags/example_dag_decorator.py took 0.175 seconds
[2026-03-18T07:58:00.102+0000] {processor.py:161} INFO - Started process (PID=1478) to work on /home/airflow/.local/lib/python3.8/site-packages/airflow/example_dags/example_dag_decorator.py
[2026-03-18T07:58:00.102+0000] {processor.py:830} INFO - Processing file /home/airflow/.local/lib/python3.8/site-packages/airflow/example_dags/example_dag_decorator.py for tasks to queue
[2026-03-18T07:58:00.103+0000] {logging_mixin.py:188} INFO - [2026-03-18T07:58:00.103+0000] {dagbag.py:538} INFO - Filling up the DagBag from /home/airflow/.local/lib/python3.8/site-packages/airflow/example_dags/example_dag_decorator.py
[2026-03-18T07:58:00.146+0000] {processor.py:840} INFO - DAG(s) 'example_dag_decorator' retrieved from /home/airflow/.local/lib/python3.8/site-packages/airflow/example_dags/example_dag_decorator.py
[2026-03-18T07:58:00.189+0000] {logging_mixin.py:188} INFO - [2026-03-18T07:58:00.189+0000] {dag.py:3036} INFO - Sync 1 DAGs
[2026-03-18T07:58:00.193+0000] {logging_mixin.py:188} INFO - [2026-03-18T07:58:00.193+0000] {dag.py:3823} INFO - Setting next_dagrun for example_dag_decorator to None, run_after=None
[2026-03-18T07:58:00.204+0000] {processor.py:183} INFO - Processing /home/airflow/.local/lib/python3.8/site-packages/airflow/example_dags/example_dag_decorator.py took 0.105 seconds
[2026-03-18T07:58:30.515+0000] {processor.py:161} INFO - Started process (PID=1534) to work on /home/airflow/.local/lib/python3.8/site-packages/airflow/example_dags/example_dag_decorator.py
[2026-03-18T07:58:30.516+0000] {processor.py:830} INFO - Processing file /home/airflow/.local/lib/python3.8/site-packages/airflow/example_dags/example_dag_decorator.py for tasks to queue
[2026-03-18T07:58:30.517+0000] {logging_mixin.py:188} INFO - [2026-03-18T07:58:30.517+0000] {dagbag.py:538} INFO - Filling up the DagBag from /home/airflow/.local/lib/python3.8/site-packages/airflow/example_dags/example_dag_decorator.py
[2026-03-18T07:58:30.554+0000] {processor.py:840} INFO - DAG(s) 'example_dag_decorator' retrieved from /home/airflow/.local/lib/python3.8/site-packages/airflow/example_dags/example_dag_decorator.py
[2026-03-18T07:58:30.601+0000] {logging_mixin.py:188} INFO - [2026-03-18T07:58:30.601+0000] {dag.py:3036} INFO - Sync 1 DAGs
[2026-03-18T07:58:30.605+0000] {logging_mixin.py:188} INFO - [2026-03-18T07:58:30.605+0000] {dag.py:3823} INFO - Setting next_dagrun for example_dag_decorator to None, run_after=None
[2026-03-18T07:58:30.618+0000] {processor.py:183} INFO - Processing /home/airflow/.local/lib/python3.8/site-packages/airflow/example_dags/example_dag_decorator.py took 0.105 seconds
[2026-03-18T07:59:01.059+0000] {processor.py:161} INFO - Started process (PID=1590) to work on /home/airflow/.local/lib/python3.8/site-packages/airflow/example_dags/example_dag_decorator.py
[2026-03-18T07:59:01.060+0000] {processor.py:830} INFO - Processing file /home/airflow/.local/lib/python3.8/site-packages/airflow/example_dags/example_dag_decorator.py for tasks to queue
[2026-03-18T07:59:01.061+0000] {logging_mixin.py:188} INFO - [2026-03-18T07:59:01.061+0000] {dagbag.py:538} INFO - Filling up the DagBag from /home/airflow/.local/lib/python3.8/site-packages/airflow/example_dags/example_dag_decorator.py
[2026-03-18T07:59:01.102+0000] {processor.py:840} INFO - DAG(s) 'example_dag_decorator' retrieved from /home/airflow/.local/lib/python3.8/site-packages/airflow/example_dags/example_dag_decorator.py
[2026-03-18T07:59:01.118+0000] {logging_mixin.py:188} INFO - [2026-03-18T07:59:01.117+0000] {dag.py:3036} INFO - Sync 1 DAGs
[2026-03-18T07:59:01.124+0000] {logging_mixin.py:188} INFO - [2026-03-18T07:59:01.124+0000] {dag.py:3823} INFO - Setting next_dagrun for example_dag_decorator to None, run_after=None
[2026-03-18T07:59:01.140+0000] {processor.py:183} INFO - Processing /home/airflow/.local/lib/python3.8/site-packages/airflow/example_dags/example_dag_decorator.py took 0.082 seconds
[2026-03-18T07:59:31.607+0000] {processor.py:161} INFO - Started process (PID=1646) to work on /home/airflow/.local/lib/python3.8/site-packages/airflow/example_dags/example_dag_decorator.py
[2026-03-18T07:59:31.608+0000] {processor.py:830} INFO - Processing file /home/airflow/.local/lib/python3.8/site-packages/airflow/example_dags/example_dag_decorator.py for tasks to queue
[2026-03-18T07:59:31.609+0000] {logging_mixin.py:188} INFO - [2026-03-18T07:59:31.609+0000] {dagbag.py:538} INFO - Filling up the DagBag from /home/airflow/.local/lib/python3.8/site-packages/airflow/example_dags/example_dag_decorator.py
[2026-03-18T07:59:31.645+0000] {processor.py:840} INFO - DAG(s) 'example_dag_decorator' retrieved from /home/airflow/.local/lib/python3.8/site-packages/airflow/example_dags/example_dag_decorator.py
[2026-03-18T07:59:31.758+0000] {logging_mixin.py:188} INFO - [2026-03-18T07:59:31.758+0000] {dag.py:3036} INFO - Sync 1 DAGs
[2026-03-18T07:59:31.763+0000] {logging_mixin.py:188} INFO - [2026-03-18T07:59:31.763+0000] {dag.py:3823} INFO - Setting next_dagrun for example_dag_decorator to None, run_after=None
[2026-03-18T07:59:31.774+0000] {processor.py:183} INFO - Processing /home/airflow/.local/lib/python3.8/site-packages/airflow/example_dags/example_dag_decorator.py took 0.168 seconds
[2026-03-18T08:00:02.159+0000] {processor.py:161} INFO - Started process (PID=82) to work on /home/airflow/.local/lib/python3.8/site-packages/airflow/example_dags/example_dag_decorator.py
[2026-03-18T08:00:02.160+0000] {processor.py:830} INFO - Processing file /home/airflow/.local/lib/python3.8/site-packages/airflow/example_dags/example_dag_decorator.py for tasks to queue
[2026-03-18T08:00:02.163+0000] {logging_mixin.py:188} INFO - [2026-03-18T08:00:02.163+0000] {dagbag.py:538} INFO - Filling up the DagBag from /home/airflow/.local/lib/python3.8/site-packages/airflow/example_dags/example_dag_decorator.py
[2026-03-18T08:00:02.266+0000] {processor.py:840} INFO - DAG(s) 'example_dag_decorator' retrieved from /home/airflow/.local/lib/python3.8/site-packages/airflow/example_dags/example_dag_decorator.py
[2026-03-18T08:00:02.271+0000] {logging_mixin.py:188} INFO - [2026-03-18T08:00:02.271+0000] {dag.py:3036} INFO - Sync 1 DAGs
[2026-03-18T08:00:02.277+0000] {logging_mixin.py:188} INFO - [2026-03-18T08:00:02.277+0000] {dag.py:3823} INFO - Setting next_dagrun for example_dag_decorator to None, run_after=None
[2026-03-18T08:00:02.286+0000] {processor.py:183} INFO - Processing /home/airflow/.local/lib/python3.8/site-packages/airflow/example_dags/example_dag_decorator.py took 0.128 seconds
[2026-03-18T08:00:32.872+0000] {processor.py:161} INFO - Started process (PID=137) to work on /home/airflow/.local/lib/python3.8/site-packages/airflow/example_dags/example_dag_decorator.py
[2026-03-18T08:00:32.872+0000] {processor.py:830} INFO - Processing file /home/airflow/.local/lib/python3.8/site-packages/airflow/example_dags/example_dag_decorator.py for tasks to queue
[2026-03-18T08:00:32.873+0000] {logging_mixin.py:188} INFO - [2026-03-18T08:00:32.873+0000] {dagbag.py:538} INFO - Filling up the DagBag from /home/airflow/.local/lib/python3.8/site-packages/airflow/example_dags/example_dag_decorator.py
[2026-03-18T08:00:32.919+0000] {processor.py:840} INFO - DAG(s) 'example_dag_decorator' retrieved from /home/airflow/.local/lib/python3.8/site-packages/airflow/example_dags/example_dag_decorator.py
[2026-03-18T08:00:32.965+0000] {logging_mixin.py:188} INFO - [2026-03-18T08:00:32.965+0000] {dag.py:3036} INFO - Sync 1 DAGs
[2026-03-18T08:00:32.970+0000] {logging_mixin.py:188} INFO - [2026-03-18T08:00:32.970+0000] {dag.py:3823} INFO - Setting next_dagrun for example_dag_decorator to None, run_after=None
[2026-03-18T08:00:32.979+0000] {processor.py:183} INFO - Processing /home/airflow/.local/lib/python3.8/site-packages/airflow/example_dags/example_dag_decorator.py took 0.109 seconds
[2026-03-18T08:01:03.593+0000] {processor.py:161} INFO - Started process (PID=193) to work on /home/airflow/.local/lib/python3.8/site-packages/airflow/example_dags/example_dag_decorator.py
[2026-03-18T08:01:03.594+0000] {processor.py:830} INFO - Processing file /home/airflow/.local/lib/python3.8/site-packages/airflow/example_dags/example_dag_decorator.py for tasks to queue
[2026-03-18T08:01:03.594+0000] {logging_mixin.py:188} INFO - [2026-03-18T08:01:03.594+0000] {dagbag.py:538} INFO - Filling up the DagBag from /home/airflow/.local/lib/python3.8/site-packages/airflow/example_dags/example_dag_decorator.py
[2026-03-18T08:01:03.632+0000] {processor.py:840} INFO - DAG(s) 'example_dag_decorator' retrieved from /home/airflow/.local/lib/python3.8/site-packages/airflow/example_dags/example_dag_decorator.py
[2026-03-18T08:01:03.674+0000] {logging_mixin.py:188} INFO - [2026-03-18T08:01:03.674+0000] {dag.py:3036} INFO - Sync 1 DAGs
[2026-03-18T08:01:03.678+0000] {logging_mixin.py:188} INFO - [2026-03-18T08:01:03.678+0000] {dag.py:3823} INFO - Setting next_dagrun for example_dag_decorator to None, run_after=None
[2026-03-18T08:01:03.686+0000] {processor.py:183} INFO - Processing /home/airflow/.local/lib/python3.8/site-packages/airflow/example_dags/example_dag_decorator.py took 0.094 seconds
[2026-03-18T08:01:34.066+0000] {processor.py:161} INFO - Started process (PID=249) to work on /home/airflow/.local/lib/python3.8/site-packages/airflow/example_dags/example_dag_decorator.py
[2026-03-18T08:01:34.067+0000] {processor.py:830} INFO - Processing file /home/airflow/.local/lib/python3.8/site-packages/airflow/example_dags/example_dag_decorator.py for tasks to queue
[2026-03-18T08:01:34.067+0000] {logging_mixin.py:188} INFO - [2026-03-18T08:01:34.067+0000] {dagbag.py:538} INFO - Filling up the DagBag from /home/airflow/.local/lib/python3.8/site-packages/airflow/example_dags/example_dag_decorator.py
[2026-03-18T08:01:34.107+0000] {processor.py:840} INFO - DAG(s) 'example_dag_decorator' retrieved from /home/airflow/.local/lib/python3.8/site-packages/airflow/example_dags/example_dag_decorator.py
[2026-03-18T08:01:34.152+0000] {logging_mixin.py:188} INFO - [2026-03-18T08:01:34.152+0000] {dag.py:3036} INFO - Sync 1 DAGs
[2026-03-18T08:01:34.156+0000] {logging_mixin.py:188} INFO - [2026-03-18T08:01:34.156+0000] {dag.py:3823} INFO - Setting next_dagrun for example_dag_decorator to None, run_after=None
[2026-03-18T08:01:34.166+0000] {processor.py:183} INFO - Processing /home/airflow/.local/lib/python3.8/site-packages/airflow/example_dags/example_dag_decorator.py took 0.101 seconds
[2026-03-18T08:02:04.679+0000] {processor.py:161} INFO - Started process (PID=304) to work on /home/airflow/.local/lib/python3.8/site-packages/airflow/example_dags/example_dag_decorator.py
[2026-03-18T08:02:04.679+0000] {processor.py:830} INFO - Processing file /home/airflow/.local/lib/python3.8/site-packages/airflow/example_dags/example_dag_decorator.py for tasks to queue
[2026-03-18T08:02:04.680+0000] {logging_mixin.py:188} INFO - [2026-03-18T08:02:04.680+0000] {dagbag.py:538} INFO - Filling up the DagBag from /home/airflow/.local/lib/python3.8/site-packages/airflow/example_dags/example_dag_decorator.py
[2026-03-18T08:02:04.719+0000] {processor.py:840} INFO - DAG(s) 'example_dag_decorator' retrieved from /home/airflow/.local/lib/python3.8/site-packages/airflow/example_dags/example_dag_decorator.py
[2026-03-18T08:02:04.733+0000] {logging_mixin.py:188} INFO - [2026-03-18T08:02:04.733+0000] {dag.py:3036} INFO - Sync 1 DAGs
[2026-03-18T08:02:04.738+0000] {logging_mixin.py:188} INFO - [2026-03-18T08:02:04.738+0000] {dag.py:3823} INFO - Setting next_dagrun for example_dag_decorator to None, run_after=None
[2026-03-18T08:02:04.750+0000] {processor.py:183} INFO - Processing /home/airflow/.local/lib/python3.8/site-packages/airflow/example_dags/example_dag_decorator.py took 0.073 seconds
[2026-03-18T08:02:35.223+0000] {processor.py:161} INFO - Started process (PID=360) to work on /home/airflow/.local/lib/python3.8/site-packages/airflow/example_dags/example_dag_decorator.py
[2026-03-18T08:02:35.225+0000] {processor.py:830} INFO - Processing file /home/airflow/.local/lib/python3.8/site-packages/airflow/example_dags/example_dag_decorator.py for tasks to queue
[2026-03-18T08:02:35.226+0000] {logging_mixin.py:188} INFO - [2026-03-18T08:02:35.226+0000] {dagbag.py:538} INFO - Filling up the DagBag from /home/airflow/.local/lib/python3.8/site-packages/airflow/example_dags/example_dag_decorator.py
[2026-03-18T08:02:35.264+0000] {processor.py:840} INFO - DAG(s) 'example_dag_decorator' retrieved from /home/airflow/.local/lib/python3.8/site-packages/airflow/example_dags/example_dag_decorator.py
[2026-03-18T08:02:35.306+0000] {logging_mixin.py:188} INFO - [2026-03-18T08:02:35.306+0000] {dag.py:3036} INFO - Sync 1 DAGs
[2026-03-18T08:02:35.310+0000] {logging_mixin.py:188} INFO - [2026-03-18T08:02:35.310+0000] {dag.py:3823} INFO - Setting next_dagrun for example_dag_decorator to None, run_after=None
[2026-03-18T08:02:35.324+0000] {processor.py:183} INFO - Processing /home/airflow/.local/lib/python3.8/site-packages/airflow/example_dags/example_dag_decorator.py took 0.103 seconds
[2026-03-18T08:03:05.847+0000] {processor.py:161} INFO - Started process (PID=422) to work on /home/airflow/.local/lib/python3.8/site-packages/airflow/example_dags/example_dag_decorator.py
[2026-03-18T08:03:05.848+0000] {processor.py:830} INFO - Processing file /home/airflow/.local/lib/python3.8/site-packages/airflow/example_dags/example_dag_decorator.py for tasks to queue
[2026-03-18T08:03:05.849+0000] {logging_mixin.py:188} INFO - [2026-03-18T08:03:05.849+0000] {dagbag.py:538} INFO - Filling up the DagBag from /home/airflow/.local/lib/python3.8/site-packages/airflow/example_dags/example_dag_decorator.py
[2026-03-18T08:03:05.880+0000] {processor.py:840} INFO - DAG(s) 'example_dag_decorator' retrieved from /home/airflow/.local/lib/python3.8/site-packages/airflow/example_dags/example_dag_decorator.py
[2026-03-18T08:03:05.919+0000] {logging_mixin.py:188} INFO - [2026-03-18T08:03:05.919+0000] {dag.py:3036} INFO - Sync 1 DAGs
[2026-03-18T08:03:05.923+0000] {logging_mixin.py:188} INFO - [2026-03-18T08:03:05.923+0000] {dag.py:3823} INFO - Setting next_dagrun for example_dag_decorator to None, run_after=None
[2026-03-18T08:03:05.929+0000] {processor.py:183} INFO - Processing /home/airflow/.local/lib/python3.8/site-packages/airflow/example_dags/example_dag_decorator.py took 0.083 seconds
[2026-03-18T08:03:36.463+0000] {processor.py:161} INFO - Started process (PID=478) to work on /home/airflow/.local/lib/python3.8/site-packages/airflow/example_dags/example_dag_decorator.py
[2026-03-18T08:03:36.463+0000] {processor.py:830} INFO - Processing file /home/airflow/.local/lib/python3.8/site-packages/airflow/example_dags/example_dag_decorator.py for tasks to queue
[2026-03-18T08:03:36.464+0000] {logging_mixin.py:188} INFO - [2026-03-18T08:03:36.464+0000] {dagbag.py:538} INFO - Filling up the DagBag from /home/airflow/.local/lib/python3.8/site-packages/airflow/example_dags/example_dag_decorator.py
[2026-03-18T08:03:36.502+0000] {processor.py:840} INFO - DAG(s) 'example_dag_decorator' retrieved from /home/airflow/.local/lib/python3.8/site-packages/airflow/example_dags/example_dag_decorator.py
[2026-03-18T08:03:36.515+0000] {logging_mixin.py:188} INFO - [2026-03-18T08:03:36.515+0000] {dag.py:3036} INFO - Sync 1 DAGs
[2026-03-18T08:03:36.520+0000] {logging_mixin.py:188} INFO - [2026-03-18T08:03:36.519+0000] {dag.py:3823} INFO - Setting next_dagrun for example_dag_decorator to None, run_after=None
[2026-03-18T08:03:36.531+0000] {processor.py:183} INFO - Processing /home/airflow/.local/lib/python3.8/site-packages/airflow/example_dags/example_dag_decorator.py took 0.069 seconds
[2026-03-18T08:04:07.033+0000] {processor.py:161} INFO - Started process (PID=534) to work on /home/airflow/.local/lib/python3.8/site-packages/airflow/example_dags/example_dag_decorator.py
[2026-03-18T08:04:07.034+0000] {processor.py:830} INFO - Processing file /home/airflow/.local/lib/python3.8/site-packages/airflow/example_dags/example_dag_decorator.py for tasks to queue
[2026-03-18T08:04:07.037+0000] {logging_mixin.py:188} INFO - [2026-03-18T08:04:07.037+0000] {dagbag.py:538} INFO - Filling up the DagBag from /home/airflow/.local/lib/python3.8/site-packages/airflow/example_dags/example_dag_decorator.py
[2026-03-18T08:04:07.073+0000] {processor.py:840} INFO - DAG(s) 'example_dag_decorator' retrieved from /home/airflow/.local/lib/python3.8/site-packages/airflow/example_dags/example_dag_decorator.py
[2026-03-18T08:04:07.115+0000] {logging_mixin.py:188} INFO - [2026-03-18T08:04:07.115+0000] {dag.py:3036} INFO - Sync 1 DAGs
[2026-03-18T08:04:07.120+0000] {logging_mixin.py:188} INFO - [2026-03-18T08:04:07.119+0000] {dag.py:3823} INFO - Setting next_dagrun for example_dag_decorator to None, run_after=None
[2026-03-18T08:04:07.129+0000] {processor.py:183} INFO - Processing /home/airflow/.local/lib/python3.8/site-packages/airflow/example_dags/example_dag_decorator.py took 0.098 seconds
[2026-03-18T08:04:30.000+0000] {processor.py:161} INFO - Started process (PID=82) to work on /home/airflow/.local/lib/python3.8/site-packages/airflow/example_dags/example_dag_decorator.py
[2026-03-18T08:04:30.000+0000] {processor.py:830} INFO - Processing file /home/airflow/.local/lib/python3.8/site-packages/airflow/example_dags/example_dag_decorator.py for tasks to queue
[2026-03-18T08:04:30.001+0000] {logging_mixin.py:188} INFO - [2026-03-18T08:04:30.001+0000] {dagbag.py:538} INFO - Filling up the DagBag from /home/airflow/.local/lib/python3.8/site-packages/airflow/example_dags/example_dag_decorator.py
[2026-03-18T08:04:30.095+0000] {processor.py:840} INFO - DAG(s) 'example_dag_decorator' retrieved from /home/airflow/.local/lib/python3.8/site-packages/airflow/example_dags/example_dag_decorator.py
[2026-03-18T08:04:30.101+0000] {logging_mixin.py:188} INFO - [2026-03-18T08:04:30.101+0000] {dag.py:3036} INFO - Sync 1 DAGs
[2026-03-18T08:04:30.106+0000] {logging_mixin.py:188} INFO - [2026-03-18T08:04:30.106+0000] {dag.py:3823} INFO - Setting next_dagrun for example_dag_decorator to None, run_after=None
[2026-03-18T08:04:30.122+0000] {processor.py:183} INFO - Processing /home/airflow/.local/lib/python3.8/site-packages/airflow/example_dags/example_dag_decorator.py took 0.125 seconds
[2026-03-18T08:05:00.649+0000] {processor.py:161} INFO - Started process (PID=138) to work on /home/airflow/.local/lib/python3.8/site-packages/airflow/example_dags/example_dag_decorator.py
[2026-03-18T08:05:00.650+0000] {processor.py:830} INFO - Processing file /home/airflow/.local/lib/python3.8/site-packages/airflow/example_dags/example_dag_decorator.py for tasks to queue
[2026-03-18T08:05:00.651+0000] {logging_mixin.py:188} INFO - [2026-03-18T08:05:00.651+0000] {dagbag.py:538} INFO - Filling up the DagBag from /home/airflow/.local/lib/python3.8/site-packages/airflow/example_dags/example_dag_decorator.py
[2026-03-18T08:05:00.685+0000] {processor.py:840} INFO - DAG(s) 'example_dag_decorator' retrieved from /home/airflow/.local/lib/python3.8/site-packages/airflow/example_dags/example_dag_decorator.py
[2026-03-18T08:05:00.732+0000] {logging_mixin.py:188} INFO - [2026-03-18T08:05:00.732+0000] {dag.py:3036} INFO - Sync 1 DAGs
[2026-03-18T08:05:00.738+0000] {logging_mixin.py:188} INFO - [2026-03-18T08:05:00.737+0000] {dag.py:3823} INFO - Setting next_dagrun for example_dag_decorator to None, run_after=None
[2026-03-18T08:05:00.752+0000] {processor.py:183} INFO - Processing /home/airflow/.local/lib/python3.8/site-packages/airflow/example_dags/example_dag_decorator.py took 0.105 seconds
[2026-03-18T08:05:31.615+0000] {processor.py:161} INFO - Started process (PID=193) to work on /home/airflow/.local/lib/python3.8/site-packages/airflow/example_dags/example_dag_decorator.py
[2026-03-18T08:05:31.616+0000] {processor.py:830} INFO - Processing file /home/airflow/.local/lib/python3.8/site-packages/airflow/example_dags/example_dag_decorator.py for tasks to queue
[2026-03-18T08:05:31.617+0000] {logging_mixin.py:188} INFO - [2026-03-18T08:05:31.617+0000] {dagbag.py:538} INFO - Filling up the DagBag from /home/airflow/.local/lib/python3.8/site-packages/airflow/example_dags/example_dag_decorator.py
[2026-03-18T08:05:31.678+0000] {processor.py:840} INFO - DAG(s) 'example_dag_decorator' retrieved from /home/airflow/.local/lib/python3.8/site-packages/airflow/example_dags/example_dag_decorator.py
[2026-03-18T08:05:31.754+0000] {logging_mixin.py:188} INFO - [2026-03-18T08:05:31.754+0000] {dag.py:3036} INFO - Sync 1 DAGs
[2026-03-18T08:05:31.761+0000] {logging_mixin.py:188} INFO - [2026-03-18T08:05:31.761+0000] {dag.py:3823} INFO - Setting next_dagrun for example_dag_decorator to None, run_after=None
[2026-03-18T08:05:31.776+0000] {processor.py:183} INFO - Processing /home/airflow/.local/lib/python3.8/site-packages/airflow/example_dags/example_dag_decorator.py took 0.163 seconds
[2026-03-18T08:06:15.259+0000] {processor.py:161} INFO - Started process (PID=128) to work on /home/airflow/.local/lib/python3.8/site-packages/airflow/example_dags/example_dag_decorator.py
[2026-03-18T08:06:15.260+0000] {processor.py:830} INFO - Processing file /home/airflow/.local/lib/python3.8/site-packages/airflow/example_dags/example_dag_decorator.py for tasks to queue
[2026-03-18T08:06:15.262+0000] {logging_mixin.py:188} INFO - [2026-03-18T08:06:15.262+0000] {dagbag.py:538} INFO - Filling up the DagBag from /home/airflow/.local/lib/python3.8/site-packages/airflow/example_dags/example_dag_decorator.py
[2026-03-18T08:06:15.361+0000] {processor.py:840} INFO - DAG(s) 'example_dag_decorator' retrieved from /home/airflow/.local/lib/python3.8/site-packages/airflow/example_dags/example_dag_decorator.py
[2026-03-18T08:06:15.420+0000] {logging_mixin.py:188} INFO - [2026-03-18T08:06:15.420+0000] {dag.py:3036} INFO - Sync 1 DAGs
[2026-03-18T08:06:15.426+0000] {logging_mixin.py:188} INFO - [2026-03-18T08:06:15.426+0000] {dag.py:3823} INFO - Setting next_dagrun for example_dag_decorator to None, run_after=None
[2026-03-18T08:06:15.433+0000] {processor.py:183} INFO - Processing /home/airflow/.local/lib/python3.8/site-packages/airflow/example_dags/example_dag_decorator.py took 0.176 seconds
[2026-03-18T08:06:45.842+0000] {processor.py:161} INFO - Started process (PID=190) to work on /home/airflow/.local/lib/python3.8/site-packages/airflow/example_dags/example_dag_decorator.py
[2026-03-18T08:06:45.842+0000] {processor.py:830} INFO - Processing file /home/airflow/.local/lib/python3.8/site-packages/airflow/example_dags/example_dag_decorator.py for tasks to queue
[2026-03-18T08:06:45.843+0000] {logging_mixin.py:188} INFO - [2026-03-18T08:06:45.843+0000] {dagbag.py:538} INFO - Filling up the DagBag from /home/airflow/.local/lib/python3.8/site-packages/airflow/example_dags/example_dag_decorator.py
[2026-03-18T08:06:45.881+0000] {processor.py:840} INFO - DAG(s) 'example_dag_decorator' retrieved from /home/airflow/.local/lib/python3.8/site-packages/airflow/example_dags/example_dag_decorator.py
[2026-03-18T08:06:45.936+0000] {logging_mixin.py:188} INFO - [2026-03-18T08:06:45.936+0000] {dag.py:3036} INFO - Sync 1 DAGs
[2026-03-18T08:06:45.945+0000] {logging_mixin.py:188} INFO - [2026-03-18T08:06:45.944+0000] {dag.py:3823} INFO - Setting next_dagrun for example_dag_decorator to None, run_after=None
[2026-03-18T08:06:45.953+0000] {processor.py:183} INFO - Processing /home/airflow/.local/lib/python3.8/site-packages/airflow/example_dags/example_dag_decorator.py took 0.113 seconds
[2026-03-18T08:07:16.412+0000] {processor.py:161} INFO - Started process (PID=246) to work on /home/airflow/.local/lib/python3.8/site-packages/airflow/example_dags/example_dag_decorator.py
[2026-03-18T08:07:16.413+0000] {processor.py:830} INFO - Processing file /home/airflow/.local/lib/python3.8/site-packages/airflow/example_dags/example_dag_decorator.py for tasks to queue
[2026-03-18T08:07:16.414+0000] {logging_mixin.py:188} INFO - [2026-03-18T08:07:16.413+0000] {dagbag.py:538} INFO - Filling up the DagBag from /home/airflow/.local/lib/python3.8/site-packages/airflow/example_dags/example_dag_decorator.py
[2026-03-18T08:07:16.452+0000] {processor.py:840} INFO - DAG(s) 'example_dag_decorator' retrieved from /home/airflow/.local/lib/python3.8/site-packages/airflow/example_dags/example_dag_decorator.py
[2026-03-18T08:07:16.493+0000] {logging_mixin.py:188} INFO - [2026-03-18T08:07:16.493+0000] {dag.py:3036} INFO - Sync 1 DAGs
[2026-03-18T08:07:16.497+0000] {logging_mixin.py:188} INFO - [2026-03-18T08:07:16.497+0000] {dag.py:3823} INFO - Setting next_dagrun for example_dag_decorator to None, run_after=None
[2026-03-18T08:07:16.509+0000] {processor.py:183} INFO - Processing /home/airflow/.local/lib/python3.8/site-packages/airflow/example_dags/example_dag_decorator.py took 0.099 seconds
[2026-03-18T08:07:46.908+0000] {processor.py:161} INFO - Started process (PID=302) to work on /home/airflow/.local/lib/python3.8/site-packages/airflow/example_dags/example_dag_decorator.py
[2026-03-18T08:07:46.909+0000] {processor.py:830} INFO - Processing file /home/airflow/.local/lib/python3.8/site-packages/airflow/example_dags/example_dag_decorator.py for tasks to queue
[2026-03-18T08:07:46.910+0000] {logging_mixin.py:188} INFO - [2026-03-18T08:07:46.910+0000] {dagbag.py:538} INFO - Filling up the DagBag from /home/airflow/.local/lib/python3.8/site-packages/airflow/example_dags/example_dag_decorator.py
[2026-03-18T08:07:46.946+0000] {processor.py:840} INFO - DAG(s) 'example_dag_decorator' retrieved from /home/airflow/.local/lib/python3.8/site-packages/airflow/example_dags/example_dag_decorator.py
[2026-03-18T08:07:46.989+0000] {logging_mixin.py:188} INFO - [2026-03-18T08:07:46.989+0000] {dag.py:3036} INFO - Sync 1 DAGs
[2026-03-18T08:07:46.993+0000] {logging_mixin.py:188} INFO - [2026-03-18T08:07:46.992+0000] {dag.py:3823} INFO - Setting next_dagrun for example_dag_decorator to None, run_after=None
[2026-03-18T08:07:47.001+0000] {processor.py:183} INFO - Processing /home/airflow/.local/lib/python3.8/site-packages/airflow/example_dags/example_dag_decorator.py took 0.095 seconds
[2026-03-18T08:08:17.471+0000] {processor.py:161} INFO - Started process (PID=358) to work on /home/airflow/.local/lib/python3.8/site-packages/airflow/example_dags/example_dag_decorator.py
[2026-03-18T08:08:17.472+0000] {processor.py:830} INFO - Processing file /home/airflow/.local/lib/python3.8/site-packages/airflow/example_dags/example_dag_decorator.py for tasks to queue
[2026-03-18T08:08:17.472+0000] {logging_mixin.py:188} INFO - [2026-03-18T08:08:17.472+0000] {dagbag.py:538} INFO - Filling up the DagBag from /home/airflow/.local/lib/python3.8/site-packages/airflow/example_dags/example_dag_decorator.py
[2026-03-18T08:08:17.506+0000] {processor.py:840} INFO - DAG(s) 'example_dag_decorator' retrieved from /home/airflow/.local/lib/python3.8/site-packages/airflow/example_dags/example_dag_decorator.py
[2026-03-18T08:08:17.557+0000] {logging_mixin.py:188} INFO - [2026-03-18T08:08:17.557+0000] {dag.py:3036} INFO - Sync 1 DAGs
[2026-03-18T08:08:17.560+0000] {logging_mixin.py:188} INFO - [2026-03-18T08:08:17.560+0000] {dag.py:3823} INFO - Setting next_dagrun for example_dag_decorator to None, run_after=None
[2026-03-18T08:08:17.570+0000] {processor.py:183} INFO - Processing /home/airflow/.local/lib/python3.8/site-packages/airflow/example_dags/example_dag_decorator.py took 0.101 seconds
[2026-03-18T08:08:47.975+0000] {processor.py:161} INFO - Started process (PID=414) to work on /home/airflow/.local/lib/python3.8/site-packages/airflow/example_dags/example_dag_decorator.py
[2026-03-18T08:08:47.975+0000] {processor.py:830} INFO - Processing file /home/airflow/.local/lib/python3.8/site-packages/airflow/example_dags/example_dag_decorator.py for tasks to queue
[2026-03-18T08:08:47.976+0000] {logging_mixin.py:188} INFO - [2026-03-18T08:08:47.976+0000] {dagbag.py:538} INFO - Filling up the DagBag from /home/airflow/.local/lib/python3.8/site-packages/airflow/example_dags/example_dag_decorator.py
[2026-03-18T08:08:48.019+0000] {processor.py:840} INFO - DAG(s) 'example_dag_decorator' retrieved from /home/airflow/.local/lib/python3.8/site-packages/airflow/example_dags/example_dag_decorator.py
[2026-03-18T08:08:48.062+0000] {logging_mixin.py:188} INFO - [2026-03-18T08:08:48.062+0000] {dag.py:3036} INFO - Sync 1 DAGs
[2026-03-18T08:08:48.066+0000] {logging_mixin.py:188} INFO - [2026-03-18T08:08:48.066+0000] {dag.py:3823} INFO - Setting next_dagrun for example_dag_decorator to None, run_after=None
[2026-03-18T08:08:48.076+0000] {processor.py:183} INFO - Processing /home/airflow/.local/lib/python3.8/site-packages/airflow/example_dags/example_dag_decorator.py took 0.104 seconds
[2026-03-18T08:09:18.517+0000] {processor.py:161} INFO - Started process (PID=470) to work on /home/airflow/.local/lib/python3.8/site-packages/airflow/example_dags/example_dag_decorator.py
[2026-03-18T08:09:18.518+0000] {processor.py:830} INFO - Processing file /home/airflow/.local/lib/python3.8/site-packages/airflow/example_dags/example_dag_decorator.py for tasks to queue
[2026-03-18T08:09:18.519+0000] {logging_mixin.py:188} INFO - [2026-03-18T08:09:18.518+0000] {dagbag.py:538} INFO - Filling up the DagBag from /home/airflow/.local/lib/python3.8/site-packages/airflow/example_dags/example_dag_decorator.py
[2026-03-18T08:09:18.555+0000] {processor.py:840} INFO - DAG(s) 'example_dag_decorator' retrieved from /home/airflow/.local/lib/python3.8/site-packages/airflow/example_dags/example_dag_decorator.py
[2026-03-18T08:09:18.595+0000] {logging_mixin.py:188} INFO - [2026-03-18T08:09:18.595+0000] {dag.py:3036} INFO - Sync 1 DAGs
[2026-03-18T08:09:18.601+0000] {logging_mixin.py:188} INFO - [2026-03-18T08:09:18.601+0000] {dag.py:3823} INFO - Setting next_dagrun for example_dag_decorator to None, run_after=None
[2026-03-18T08:09:18.610+0000] {processor.py:183} INFO - Processing /home/airflow/.local/lib/python3.8/site-packages/airflow/example_dags/example_dag_decorator.py took 0.095 seconds
[2026-03-18T08:09:49.032+0000] {processor.py:161} INFO - Started process (PID=526) to work on /home/airflow/.local/lib/python3.8/site-packages/airflow/example_dags/example_dag_decorator.py
[2026-03-18T08:09:49.033+0000] {processor.py:830} INFO - Processing file /home/airflow/.local/lib/python3.8/site-packages/airflow/example_dags/example_dag_decorator.py for tasks to queue
[2026-03-18T08:09:49.034+0000] {logging_mixin.py:188} INFO - [2026-03-18T08:09:49.034+0000] {dagbag.py:538} INFO - Filling up the DagBag from /home/airflow/.local/lib/python3.8/site-packages/airflow/example_dags/example_dag_decorator.py
[2026-03-18T08:09:49.067+0000] {processor.py:840} INFO - DAG(s) 'example_dag_decorator' retrieved from /home/airflow/.local/lib/python3.8/site-packages/airflow/example_dags/example_dag_decorator.py
[2026-03-18T08:09:49.077+0000] {logging_mixin.py:188} INFO - [2026-03-18T08:09:49.076+0000] {dag.py:3036} INFO - Sync 1 DAGs
[2026-03-18T08:09:49.082+0000] {logging_mixin.py:188} INFO - [2026-03-18T08:09:49.082+0000] {dag.py:3823} INFO - Setting next_dagrun for example_dag_decorator to None, run_after=None
[2026-03-18T08:09:49.090+0000] {processor.py:183} INFO - Processing /home/airflow/.local/lib/python3.8/site-packages/airflow/example_dags/example_dag_decorator.py took 0.059 seconds
[2026-03-18T08:10:19.617+0000] {processor.py:161} INFO - Started process (PID=582) to work on /home/airflow/.local/lib/python3.8/site-packages/airflow/example_dags/example_dag_decorator.py
[2026-03-18T08:10:19.618+0000] {processor.py:830} INFO - Processing file /home/airflow/.local/lib/python3.8/site-packages/airflow/example_dags/example_dag_decorator.py for tasks to queue
[2026-03-18T08:10:19.619+0000] {logging_mixin.py:188} INFO - [2026-03-18T08:10:19.619+0000] {dagbag.py:538} INFO - Filling up the DagBag from /home/airflow/.local/lib/python3.8/site-packages/airflow/example_dags/example_dag_decorator.py
[2026-03-18T08:10:19.657+0000] {processor.py:840} INFO - DAG(s) 'example_dag_decorator' retrieved from /home/airflow/.local/lib/python3.8/site-packages/airflow/example_dags/example_dag_decorator.py
[2026-03-18T08:10:19.705+0000] {logging_mixin.py:188} INFO - [2026-03-18T08:10:19.705+0000] {dag.py:3036} INFO - Sync 1 DAGs
[2026-03-18T08:10:19.710+0000] {logging_mixin.py:188} INFO - [2026-03-18T08:10:19.709+0000] {dag.py:3823} INFO - Setting next_dagrun for example_dag_decorator to None, run_after=None
[2026-03-18T08:10:19.719+0000] {processor.py:183} INFO - Processing /home/airflow/.local/lib/python3.8/site-packages/airflow/example_dags/example_dag_decorator.py took 0.103 seconds
[2026-03-18T08:10:50.078+0000] {processor.py:161} INFO - Started process (PID=638) to work on /home/airflow/.local/lib/python3.8/site-packages/airflow/example_dags/example_dag_decorator.py
[2026-03-18T08:10:50.079+0000] {processor.py:830} INFO - Processing file /home/airflow/.local/lib/python3.8/site-packages/airflow/example_dags/example_dag_decorator.py for tasks to queue
[2026-03-18T08:10:50.080+0000] {logging_mixin.py:188} INFO - [2026-03-18T08:10:50.079+0000] {dagbag.py:538} INFO - Filling up the DagBag from /home/airflow/.local/lib/python3.8/site-packages/airflow/example_dags/example_dag_decorator.py
[2026-03-18T08:10:50.113+0000] {processor.py:840} INFO - DAG(s) 'example_dag_decorator' retrieved from /home/airflow/.local/lib/python3.8/site-packages/airflow/example_dags/example_dag_decorator.py
[2026-03-18T08:10:50.160+0000] {logging_mixin.py:188} INFO - [2026-03-18T08:10:50.160+0000] {dag.py:3036} INFO - Sync 1 DAGs
[2026-03-18T08:10:50.165+0000] {logging_mixin.py:188} INFO - [2026-03-18T08:10:50.165+0000] {dag.py:3823} INFO - Setting next_dagrun for example_dag_decorator to None, run_after=None
[2026-03-18T08:10:50.175+0000] {processor.py:183} INFO - Processing /home/airflow/.local/lib/python3.8/site-packages/airflow/example_dags/example_dag_decorator.py took 0.099 seconds
[2026-03-18T08:11:20.588+0000] {processor.py:161} INFO - Started process (PID=694) to work on /home/airflow/.local/lib/python3.8/site-packages/airflow/example_dags/example_dag_decorator.py
[2026-03-18T08:11:20.589+0000] {processor.py:830} INFO - Processing file /home/airflow/.local/lib/python3.8/site-packages/airflow/example_dags/example_dag_decorator.py for tasks to queue
[2026-03-18T08:11:20.590+0000] {logging_mixin.py:188} INFO - [2026-03-18T08:11:20.590+0000] {dagbag.py:538} INFO - Filling up the DagBag from /home/airflow/.local/lib/python3.8/site-packages/airflow/example_dags/example_dag_decorator.py
[2026-03-18T08:11:20.627+0000] {processor.py:840} INFO - DAG(s) 'example_dag_decorator' retrieved from /home/airflow/.local/lib/python3.8/site-packages/airflow/example_dags/example_dag_decorator.py
[2026-03-18T08:11:20.676+0000] {logging_mixin.py:188} INFO - [2026-03-18T08:11:20.676+0000] {dag.py:3036} INFO - Sync 1 DAGs
[2026-03-18T08:11:20.680+0000] {logging_mixin.py:188} INFO - [2026-03-18T08:11:20.680+0000] {dag.py:3823} INFO - Setting next_dagrun for example_dag_decorator to None, run_after=None
[2026-03-18T08:11:20.692+0000] {processor.py:183} INFO - Processing /home/airflow/.local/lib/python3.8/site-packages/airflow/example_dags/example_dag_decorator.py took 0.105 seconds
[2026-03-18T08:11:51.143+0000] {processor.py:161} INFO - Started process (PID=750) to work on /home/airflow/.local/lib/python3.8/site-packages/airflow/example_dags/example_dag_decorator.py
[2026-03-18T08:11:51.144+0000] {processor.py:830} INFO - Processing file /home/airflow/.local/lib/python3.8/site-packages/airflow/example_dags/example_dag_decorator.py for tasks to queue
[2026-03-18T08:11:51.145+0000] {logging_mixin.py:188} INFO - [2026-03-18T08:11:51.145+0000] {dagbag.py:538} INFO - Filling up the DagBag from /home/airflow/.local/lib/python3.8/site-packages/airflow/example_dags/example_dag_decorator.py
[2026-03-18T08:11:51.184+0000] {processor.py:840} INFO - DAG(s) 'example_dag_decorator' retrieved from /home/airflow/.local/lib/python3.8/site-packages/airflow/example_dags/example_dag_decorator.py
[2026-03-18T08:11:51.234+0000] {logging_mixin.py:188} INFO - [2026-03-18T08:11:51.234+0000] {dag.py:3036} INFO - Sync 1 DAGs
[2026-03-18T08:11:51.239+0000] {logging_mixin.py:188} INFO - [2026-03-18T08:11:51.239+0000] {dag.py:3823} INFO - Setting next_dagrun for example_dag_decorator to None, run_after=None
[2026-03-18T08:11:51.249+0000] {processor.py:183} INFO - Processing /home/airflow/.local/lib/python3.8/site-packages/airflow/example_dags/example_dag_decorator.py took 0.108 seconds
[2026-03-18T08:12:21.680+0000] {processor.py:161} INFO - Started process (PID=806) to work on /home/airflow/.local/lib/python3.8/site-packages/airflow/example_dags/example_dag_decorator.py
[2026-03-18T08:12:21.681+0000] {processor.py:830} INFO - Processing file /home/airflow/.local/lib/python3.8/site-packages/airflow/example_dags/example_dag_decorator.py for tasks to queue
[2026-03-18T08:12:21.683+0000] {logging_mixin.py:188} INFO - [2026-03-18T08:12:21.683+0000] {dagbag.py:538} INFO - Filling up the DagBag from /home/airflow/.local/lib/python3.8/site-packages/airflow/example_dags/example_dag_decorator.py
[2026-03-18T08:12:21.716+0000] {processor.py:840} INFO - DAG(s) 'example_dag_decorator' retrieved from /home/airflow/.local/lib/python3.8/site-packages/airflow/example_dags/example_dag_decorator.py
[2026-03-18T08:12:21.762+0000] {logging_mixin.py:188} INFO - [2026-03-18T08:12:21.762+0000] {dag.py:3036} INFO - Sync 1 DAGs
[2026-03-18T08:12:21.768+0000] {logging_mixin.py:188} INFO - [2026-03-18T08:12:21.768+0000] {dag.py:3823} INFO - Setting next_dagrun for example_dag_decorator to None, run_after=None
[2026-03-18T08:12:21.778+0000] {processor.py:183} INFO - Processing /home/airflow/.local/lib/python3.8/site-packages/airflow/example_dags/example_dag_decorator.py took 0.099 seconds
[2026-03-18T08:12:52.031+0000] {processor.py:161} INFO - Started process (PID=862) to work on /home/airflow/.local/lib/python3.8/site-packages/airflow/example_dags/example_dag_decorator.py
[2026-03-18T08:12:52.032+0000] {processor.py:830} INFO - Processing file /home/airflow/.local/lib/python3.8/site-packages/airflow/example_dags/example_dag_decorator.py for tasks to queue
[2026-03-18T08:12:52.032+0000] {logging_mixin.py:188} INFO - [2026-03-18T08:12:52.032+0000] {dagbag.py:538} INFO - Filling up the DagBag from /home/airflow/.local/lib/python3.8/site-packages/airflow/example_dags/example_dag_decorator.py
[2026-03-18T08:12:52.071+0000] {processor.py:840} INFO - DAG(s) 'example_dag_decorator' retrieved from /home/airflow/.local/lib/python3.8/site-packages/airflow/example_dags/example_dag_decorator.py
[2026-03-18T08:12:52.109+0000] {logging_mixin.py:188} INFO - [2026-03-18T08:12:52.109+0000] {dag.py:3036} INFO - Sync 1 DAGs
[2026-03-18T08:12:52.114+0000] {logging_mixin.py:188} INFO - [2026-03-18T08:12:52.114+0000] {dag.py:3823} INFO - Setting next_dagrun for example_dag_decorator to None, run_after=None
[2026-03-18T08:12:52.124+0000] {processor.py:183} INFO - Processing /home/airflow/.local/lib/python3.8/site-packages/airflow/example_dags/example_dag_decorator.py took 0.094 seconds
[2026-03-18T08:13:22.500+0000] {processor.py:161} INFO - Started process (PID=918) to work on /home/airflow/.local/lib/python3.8/site-packages/airflow/example_dags/example_dag_decorator.py
[2026-03-18T08:13:22.502+0000] {processor.py:830} INFO - Processing file /home/airflow/.local/lib/python3.8/site-packages/airflow/example_dags/example_dag_decorator.py for tasks to queue
[2026-03-18T08:13:22.503+0000] {logging_mixin.py:188} INFO - [2026-03-18T08:13:22.503+0000] {dagbag.py:538} INFO - Filling up the DagBag from /home/airflow/.local/lib/python3.8/site-packages/airflow/example_dags/example_dag_decorator.py
[2026-03-18T08:13:22.537+0000] {processor.py:840} INFO - DAG(s) 'example_dag_decorator' retrieved from /home/airflow/.local/lib/python3.8/site-packages/airflow/example_dags/example_dag_decorator.py
[2026-03-18T08:13:22.577+0000] {logging_mixin.py:188} INFO - [2026-03-18T08:13:22.577+0000] {dag.py:3036} INFO - Sync 1 DAGs
[2026-03-18T08:13:22.581+0000] {logging_mixin.py:188} INFO - [2026-03-18T08:13:22.581+0000] {dag.py:3823} INFO - Setting next_dagrun for example_dag_decorator to None, run_after=None
[2026-03-18T08:13:22.594+0000] {processor.py:183} INFO - Processing /home/airflow/.local/lib/python3.8/site-packages/airflow/example_dags/example_dag_decorator.py took 0.095 seconds
[2026-03-18T08:13:53.079+0000] {processor.py:161} INFO - Started process (PID=974) to work on /home/airflow/.local/lib/python3.8/site-packages/airflow/example_dags/example_dag_decorator.py
[2026-03-18T08:13:53.080+0000] {processor.py:830} INFO - Processing file /home/airflow/.local/lib/python3.8/site-packages/airflow/example_dags/example_dag_decorator.py for tasks to queue
[2026-03-18T08:13:53.081+0000] {logging_mixin.py:188} INFO - [2026-03-18T08:13:53.081+0000] {dagbag.py:538} INFO - Filling up the DagBag from /home/airflow/.local/lib/python3.8/site-packages/airflow/example_dags/example_dag_decorator.py
[2026-03-18T08:13:53.127+0000] {processor.py:840} INFO - DAG(s) 'example_dag_decorator' retrieved from /home/airflow/.local/lib/python3.8/site-packages/airflow/example_dags/example_dag_decorator.py
[2026-03-18T08:13:53.186+0000] {logging_mixin.py:188} INFO - [2026-03-18T08:13:53.186+0000] {dag.py:3036} INFO - Sync 1 DAGs
[2026-03-18T08:13:53.194+0000] {logging_mixin.py:188} INFO - [2026-03-18T08:13:53.194+0000] {dag.py:3823} INFO - Setting next_dagrun for example_dag_decorator to None, run_after=None
[2026-03-18T08:13:53.206+0000] {processor.py:183} INFO - Processing /home/airflow/.local/lib/python3.8/site-packages/airflow/example_dags/example_dag_decorator.py took 0.129 seconds
[2026-03-18T08:14:23.694+0000] {processor.py:161} INFO - Started process (PID=1030) to work on /home/airflow/.local/lib/python3.8/site-packages/airflow/example_dags/example_dag_decorator.py
[2026-03-18T08:14:23.695+0000] {processor.py:830} INFO - Processing file /home/airflow/.local/lib/python3.8/site-packages/airflow/example_dags/example_dag_decorator.py for tasks to queue
[2026-03-18T08:14:23.698+0000] {logging_mixin.py:188} INFO - [2026-03-18T08:14:23.697+0000] {dagbag.py:538} INFO - Filling up the DagBag from /home/airflow/.local/lib/python3.8/site-packages/airflow/example_dags/example_dag_decorator.py
[2026-03-18T08:14:23.734+0000] {processor.py:840} INFO - DAG(s) 'example_dag_decorator' retrieved from /home/airflow/.local/lib/python3.8/site-packages/airflow/example_dags/example_dag_decorator.py
[2026-03-18T08:14:23.776+0000] {logging_mixin.py:188} INFO - [2026-03-18T08:14:23.776+0000] {dag.py:3036} INFO - Sync 1 DAGs
[2026-03-18T08:14:23.781+0000] {logging_mixin.py:188} INFO - [2026-03-18T08:14:23.781+0000] {dag.py:3823} INFO - Setting next_dagrun for example_dag_decorator to None, run_after=None
[2026-03-18T08:14:23.792+0000] {processor.py:183} INFO - Processing /home/airflow/.local/lib/python3.8/site-packages/airflow/example_dags/example_dag_decorator.py took 0.100 seconds
[2026-03-18T08:14:54.298+0000] {processor.py:161} INFO - Started process (PID=1086) to work on /home/airflow/.local/lib/python3.8/site-packages/airflow/example_dags/example_dag_decorator.py
[2026-03-18T08:14:54.299+0000] {processor.py:830} INFO - Processing file /home/airflow/.local/lib/python3.8/site-packages/airflow/example_dags/example_dag_decorator.py for tasks to queue
[2026-03-18T08:14:54.300+0000] {logging_mixin.py:188} INFO - [2026-03-18T08:14:54.300+0000] {dagbag.py:538} INFO - Filling up the DagBag from /home/airflow/.local/lib/python3.8/site-packages/airflow/example_dags/example_dag_decorator.py
[2026-03-18T08:14:54.338+0000] {processor.py:840} INFO - DAG(s) 'example_dag_decorator' retrieved from /home/airflow/.local/lib/python3.8/site-packages/airflow/example_dags/example_dag_decorator.py
[2026-03-18T08:14:54.398+0000] {logging_mixin.py:188} INFO - [2026-03-18T08:14:54.398+0000] {dag.py:3036} INFO - Sync 1 DAGs
[2026-03-18T08:14:54.403+0000] {logging_mixin.py:188} INFO - [2026-03-18T08:14:54.403+0000] {dag.py:3823} INFO - Setting next_dagrun for example_dag_decorator to None, run_after=None
[2026-03-18T08:14:54.418+0000] {processor.py:183} INFO - Processing /home/airflow/.local/lib/python3.8/site-packages/airflow/example_dags/example_dag_decorator.py took 0.122 seconds
[2026-03-18T08:15:24.933+0000] {processor.py:161} INFO - Started process (PID=1142) to work on /home/airflow/.local/lib/python3.8/site-packages/airflow/example_dags/example_dag_decorator.py
[2026-03-18T08:15:24.934+0000] {processor.py:830} INFO - Processing file /home/airflow/.local/lib/python3.8/site-packages/airflow/example_dags/example_dag_decorator.py for tasks to queue
[2026-03-18T08:15:24.935+0000] {logging_mixin.py:188} INFO - [2026-03-18T08:15:24.935+0000] {dagbag.py:538} INFO - Filling up the DagBag from /home/airflow/.local/lib/python3.8/site-packages/airflow/example_dags/example_dag_decorator.py
[2026-03-18T08:15:24.968+0000] {processor.py:840} INFO - DAG(s) 'example_dag_decorator' retrieved from /home/airflow/.local/lib/python3.8/site-packages/airflow/example_dags/example_dag_decorator.py
[2026-03-18T08:15:25.003+0000] {logging_mixin.py:188} INFO - [2026-03-18T08:15:25.003+0000] {dag.py:3036} INFO - Sync 1 DAGs
[2026-03-18T08:15:25.007+0000] {logging_mixin.py:188} INFO - [2026-03-18T08:15:25.007+0000] {dag.py:3823} INFO - Setting next_dagrun for example_dag_decorator to None, run_after=None
[2026-03-18T08:15:25.013+0000] {processor.py:183} INFO - Processing /home/airflow/.local/lib/python3.8/site-packages/airflow/example_dags/example_dag_decorator.py took 0.082 seconds
[2026-03-18T08:15:55.453+0000] {processor.py:161} INFO - Started process (PID=1198) to work on /home/airflow/.local/lib/python3.8/site-packages/airflow/example_dags/example_dag_decorator.py
[2026-03-18T08:15:55.453+0000] {processor.py:830} INFO - Processing file /home/airflow/.local/lib/python3.8/site-packages/airflow/example_dags/example_dag_decorator.py for tasks to queue
[2026-03-18T08:15:55.454+0000] {logging_mixin.py:188} INFO - [2026-03-18T08:15:55.454+0000] {dagbag.py:538} INFO - Filling up the DagBag from /home/airflow/.local/lib/python3.8/site-packages/airflow/example_dags/example_dag_decorator.py
[2026-03-18T08:15:55.490+0000] {processor.py:840} INFO - DAG(s) 'example_dag_decorator' retrieved from /home/airflow/.local/lib/python3.8/site-packages/airflow/example_dags/example_dag_decorator.py
[2026-03-18T08:15:55.529+0000] {logging_mixin.py:188} INFO - [2026-03-18T08:15:55.529+0000] {dag.py:3036} INFO - Sync 1 DAGs
[2026-03-18T08:15:55.535+0000] {logging_mixin.py:188} INFO - [2026-03-18T08:15:55.535+0000] {dag.py:3823} INFO - Setting next_dagrun for example_dag_decorator to None, run_after=None
[2026-03-18T08:15:55.543+0000] {processor.py:183} INFO - Processing /home/airflow/.local/lib/python3.8/site-packages/airflow/example_dags/example_dag_decorator.py took 0.092 seconds
[2026-03-18T08:16:26.013+0000] {processor.py:161} INFO - Started process (PID=1254) to work on /home/airflow/.local/lib/python3.8/site-packages/airflow/example_dags/example_dag_decorator.py
[2026-03-18T08:16:26.014+0000] {processor.py:830} INFO - Processing file /home/airflow/.local/lib/python3.8/site-packages/airflow/example_dags/example_dag_decorator.py for tasks to queue
[2026-03-18T08:16:26.014+0000] {logging_mixin.py:188} INFO - [2026-03-18T08:16:26.014+0000] {dagbag.py:538} INFO - Filling up the DagBag from /home/airflow/.local/lib/python3.8/site-packages/airflow/example_dags/example_dag_decorator.py
[2026-03-18T08:16:26.046+0000] {processor.py:840} INFO - DAG(s) 'example_dag_decorator' retrieved from /home/airflow/.local/lib/python3.8/site-packages/airflow/example_dags/example_dag_decorator.py
[2026-03-18T08:16:26.096+0000] {logging_mixin.py:188} INFO - [2026-03-18T08:16:26.096+0000] {dag.py:3036} INFO - Sync 1 DAGs
[2026-03-18T08:16:26.101+0000] {logging_mixin.py:188} INFO - [2026-03-18T08:16:26.101+0000] {dag.py:3823} INFO - Setting next_dagrun for example_dag_decorator to None, run_after=None
[2026-03-18T08:16:26.111+0000] {processor.py:183} INFO - Processing /home/airflow/.local/lib/python3.8/site-packages/airflow/example_dags/example_dag_decorator.py took 0.100 seconds
[2026-03-18T08:16:56.512+0000] {processor.py:161} INFO - Started process (PID=1311) to work on /home/airflow/.local/lib/python3.8/site-packages/airflow/example_dags/example_dag_decorator.py
[2026-03-18T08:16:56.513+0000] {processor.py:830} INFO - Processing file /home/airflow/.local/lib/python3.8/site-packages/airflow/example_dags/example_dag_decorator.py for tasks to queue
[2026-03-18T08:16:56.514+0000] {logging_mixin.py:188} INFO - [2026-03-18T08:16:56.514+0000] {dagbag.py:538} INFO - Filling up the DagBag from /home/airflow/.local/lib/python3.8/site-packages/airflow/example_dags/example_dag_decorator.py
[2026-03-18T08:16:56.547+0000] {processor.py:840} INFO - DAG(s) 'example_dag_decorator' retrieved from /home/airflow/.local/lib/python3.8/site-packages/airflow/example_dags/example_dag_decorator.py
[2026-03-18T08:16:56.582+0000] {logging_mixin.py:188} INFO - [2026-03-18T08:16:56.582+0000] {dag.py:3036} INFO - Sync 1 DAGs
[2026-03-18T08:16:56.586+0000] {logging_mixin.py:188} INFO - [2026-03-18T08:16:56.585+0000] {dag.py:3823} INFO - Setting next_dagrun for example_dag_decorator to None, run_after=None
[2026-03-18T08:16:56.592+0000] {processor.py:183} INFO - Processing /home/airflow/.local/lib/python3.8/site-packages/airflow/example_dags/example_dag_decorator.py took 0.081 seconds
