[2026-03-18T07:45:18.657+0000] {processor.py:161} INFO - Started process (PID=69) to work on /home/airflow/.local/lib/python3.8/site-packages/airflow/example_dags/example_setup_teardown.py
[2026-03-18T07:45:18.657+0000] {processor.py:830} INFO - Processing file /home/airflow/.local/lib/python3.8/site-packages/airflow/example_dags/example_setup_teardown.py for tasks to queue
[2026-03-18T07:45:18.658+0000] {logging_mixin.py:188} INFO - [2026-03-18T07:45:18.658+0000] {dagbag.py:538} INFO - Filling up the DagBag from /home/airflow/.local/lib/python3.8/site-packages/airflow/example_dags/example_setup_teardown.py
[2026-03-18T07:45:18.663+0000] {processor.py:840} INFO - DAG(s) 'example_setup_teardown' retrieved from /home/airflow/.local/lib/python3.8/site-packages/airflow/example_dags/example_setup_teardown.py
[2026-03-18T07:45:18.716+0000] {logging_mixin.py:188} INFO - [2026-03-18T07:45:18.716+0000] {override.py:1769} INFO - Created Permission View: can read on DAG:example_setup_teardown
[2026-03-18T07:45:18.720+0000] {logging_mixin.py:188} INFO - [2026-03-18T07:45:18.720+0000] {override.py:1769} INFO - Created Permission View: can delete on DAG:example_setup_teardown
[2026-03-18T07:45:18.722+0000] {logging_mixin.py:188} INFO - [2026-03-18T07:45:18.722+0000] {override.py:1769} INFO - Created Permission View: can edit on DAG:example_setup_teardown
[2026-03-18T07:45:18.723+0000] {logging_mixin.py:188} INFO - [2026-03-18T07:45:18.723+0000] {dag.py:3036} INFO - Sync 1 DAGs
[2026-03-18T07:45:18.727+0000] {logging_mixin.py:188} INFO - [2026-03-18T07:45:18.727+0000] {dag.py:3058} INFO - Creating ORM DAG for example_setup_teardown
[2026-03-18T07:45:18.732+0000] {logging_mixin.py:188} INFO - [2026-03-18T07:45:18.732+0000] {dag.py:3823} INFO - Setting next_dagrun for example_setup_teardown to 2026-03-17 00:00:00+00:00, run_after=2026-03-18 00:00:00+00:00
[2026-03-18T07:45:18.739+0000] {processor.py:183} INFO - Processing /home/airflow/.local/lib/python3.8/site-packages/airflow/example_dags/example_setup_teardown.py took 0.085 seconds
[2026-03-18T07:45:49.443+0000] {processor.py:161} INFO - Started process (PID=124) to work on /home/airflow/.local/lib/python3.8/site-packages/airflow/example_dags/example_setup_teardown.py
[2026-03-18T07:45:49.444+0000] {processor.py:830} INFO - Processing file /home/airflow/.local/lib/python3.8/site-packages/airflow/example_dags/example_setup_teardown.py for tasks to queue
[2026-03-18T07:45:49.445+0000] {logging_mixin.py:188} INFO - [2026-03-18T07:45:49.445+0000] {dagbag.py:538} INFO - Filling up the DagBag from /home/airflow/.local/lib/python3.8/site-packages/airflow/example_dags/example_setup_teardown.py
[2026-03-18T07:45:49.447+0000] {processor.py:840} INFO - DAG(s) 'example_setup_teardown' retrieved from /home/airflow/.local/lib/python3.8/site-packages/airflow/example_dags/example_setup_teardown.py
[2026-03-18T07:45:49.458+0000] {logging_mixin.py:188} INFO - [2026-03-18T07:45:49.458+0000] {dag.py:3036} INFO - Sync 1 DAGs
[2026-03-18T07:45:49.466+0000] {logging_mixin.py:188} INFO - [2026-03-18T07:45:49.466+0000] {dag.py:3823} INFO - Setting next_dagrun for example_setup_teardown to 2026-03-17 00:00:00+00:00, run_after=2026-03-18 00:00:00+00:00
[2026-03-18T07:45:49.472+0000] {processor.py:183} INFO - Processing /home/airflow/.local/lib/python3.8/site-packages/airflow/example_dags/example_setup_teardown.py took 0.031 seconds
[2026-03-18T07:46:19.850+0000] {processor.py:161} INFO - Started process (PID=179) to work on /home/airflow/.local/lib/python3.8/site-packages/airflow/example_dags/example_setup_teardown.py
[2026-03-18T07:46:19.850+0000] {processor.py:830} INFO - Processing file /home/airflow/.local/lib/python3.8/site-packages/airflow/example_dags/example_setup_teardown.py for tasks to queue
[2026-03-18T07:46:19.851+0000] {logging_mixin.py:188} INFO - [2026-03-18T07:46:19.851+0000] {dagbag.py:538} INFO - Filling up the DagBag from /home/airflow/.local/lib/python3.8/site-packages/airflow/example_dags/example_setup_teardown.py
[2026-03-18T07:46:19.855+0000] {processor.py:840} INFO - DAG(s) 'example_setup_teardown' retrieved from /home/airflow/.local/lib/python3.8/site-packages/airflow/example_dags/example_setup_teardown.py
[2026-03-18T07:46:19.863+0000] {logging_mixin.py:188} INFO - [2026-03-18T07:46:19.863+0000] {dag.py:3036} INFO - Sync 1 DAGs
[2026-03-18T07:46:19.873+0000] {logging_mixin.py:188} INFO - [2026-03-18T07:46:19.873+0000] {dag.py:3823} INFO - Setting next_dagrun for example_setup_teardown to 2026-03-17 00:00:00+00:00, run_after=2026-03-18 00:00:00+00:00
[2026-03-18T07:46:19.882+0000] {processor.py:183} INFO - Processing /home/airflow/.local/lib/python3.8/site-packages/airflow/example_dags/example_setup_teardown.py took 0.034 seconds
[2026-03-18T07:46:50.177+0000] {processor.py:161} INFO - Started process (PID=234) to work on /home/airflow/.local/lib/python3.8/site-packages/airflow/example_dags/example_setup_teardown.py
[2026-03-18T07:46:50.177+0000] {processor.py:830} INFO - Processing file /home/airflow/.local/lib/python3.8/site-packages/airflow/example_dags/example_setup_teardown.py for tasks to queue
[2026-03-18T07:46:50.178+0000] {logging_mixin.py:188} INFO - [2026-03-18T07:46:50.178+0000] {dagbag.py:538} INFO - Filling up the DagBag from /home/airflow/.local/lib/python3.8/site-packages/airflow/example_dags/example_setup_teardown.py
[2026-03-18T07:46:50.182+0000] {processor.py:840} INFO - DAG(s) 'example_setup_teardown' retrieved from /home/airflow/.local/lib/python3.8/site-packages/airflow/example_dags/example_setup_teardown.py
[2026-03-18T07:46:50.190+0000] {logging_mixin.py:188} INFO - [2026-03-18T07:46:50.190+0000] {dag.py:3036} INFO - Sync 1 DAGs
[2026-03-18T07:46:50.198+0000] {logging_mixin.py:188} INFO - [2026-03-18T07:46:50.198+0000] {dag.py:3823} INFO - Setting next_dagrun for example_setup_teardown to 2026-03-17 00:00:00+00:00, run_after=2026-03-18 00:00:00+00:00
[2026-03-18T07:46:50.206+0000] {processor.py:183} INFO - Processing /home/airflow/.local/lib/python3.8/site-packages/airflow/example_dags/example_setup_teardown.py took 0.031 seconds
[2026-03-18T07:47:20.541+0000] {processor.py:161} INFO - Started process (PID=289) to work on /home/airflow/.local/lib/python3.8/site-packages/airflow/example_dags/example_setup_teardown.py
[2026-03-18T07:47:20.542+0000] {processor.py:830} INFO - Processing file /home/airflow/.local/lib/python3.8/site-packages/airflow/example_dags/example_setup_teardown.py for tasks to queue
[2026-03-18T07:47:20.544+0000] {logging_mixin.py:188} INFO - [2026-03-18T07:47:20.544+0000] {dagbag.py:538} INFO - Filling up the DagBag from /home/airflow/.local/lib/python3.8/site-packages/airflow/example_dags/example_setup_teardown.py
[2026-03-18T07:47:20.548+0000] {processor.py:840} INFO - DAG(s) 'example_setup_teardown' retrieved from /home/airflow/.local/lib/python3.8/site-packages/airflow/example_dags/example_setup_teardown.py
[2026-03-18T07:47:20.562+0000] {logging_mixin.py:188} INFO - [2026-03-18T07:47:20.562+0000] {dag.py:3036} INFO - Sync 1 DAGs
[2026-03-18T07:47:20.572+0000] {logging_mixin.py:188} INFO - [2026-03-18T07:47:20.572+0000] {dag.py:3823} INFO - Setting next_dagrun for example_setup_teardown to 2026-03-17 00:00:00+00:00, run_after=2026-03-18 00:00:00+00:00
[2026-03-18T07:47:20.582+0000] {processor.py:183} INFO - Processing /home/airflow/.local/lib/python3.8/site-packages/airflow/example_dags/example_setup_teardown.py took 0.043 seconds
[2026-03-18T07:47:50.962+0000] {processor.py:161} INFO - Started process (PID=344) to work on /home/airflow/.local/lib/python3.8/site-packages/airflow/example_dags/example_setup_teardown.py
[2026-03-18T07:47:50.963+0000] {processor.py:830} INFO - Processing file /home/airflow/.local/lib/python3.8/site-packages/airflow/example_dags/example_setup_teardown.py for tasks to queue
[2026-03-18T07:47:50.964+0000] {logging_mixin.py:188} INFO - [2026-03-18T07:47:50.964+0000] {dagbag.py:538} INFO - Filling up the DagBag from /home/airflow/.local/lib/python3.8/site-packages/airflow/example_dags/example_setup_teardown.py
[2026-03-18T07:47:50.969+0000] {processor.py:840} INFO - DAG(s) 'example_setup_teardown' retrieved from /home/airflow/.local/lib/python3.8/site-packages/airflow/example_dags/example_setup_teardown.py
[2026-03-18T07:47:50.979+0000] {logging_mixin.py:188} INFO - [2026-03-18T07:47:50.979+0000] {dag.py:3036} INFO - Sync 1 DAGs
[2026-03-18T07:47:50.988+0000] {logging_mixin.py:188} INFO - [2026-03-18T07:47:50.987+0000] {dag.py:3823} INFO - Setting next_dagrun for example_setup_teardown to 2026-03-17 00:00:00+00:00, run_after=2026-03-18 00:00:00+00:00
[2026-03-18T07:47:50.996+0000] {processor.py:183} INFO - Processing /home/airflow/.local/lib/python3.8/site-packages/airflow/example_dags/example_setup_teardown.py took 0.035 seconds
[2026-03-18T07:48:21.367+0000] {processor.py:161} INFO - Started process (PID=399) to work on /home/airflow/.local/lib/python3.8/site-packages/airflow/example_dags/example_setup_teardown.py
[2026-03-18T07:48:21.368+0000] {processor.py:830} INFO - Processing file /home/airflow/.local/lib/python3.8/site-packages/airflow/example_dags/example_setup_teardown.py for tasks to queue
[2026-03-18T07:48:21.369+0000] {logging_mixin.py:188} INFO - [2026-03-18T07:48:21.369+0000] {dagbag.py:538} INFO - Filling up the DagBag from /home/airflow/.local/lib/python3.8/site-packages/airflow/example_dags/example_setup_teardown.py
[2026-03-18T07:48:21.373+0000] {processor.py:840} INFO - DAG(s) 'example_setup_teardown' retrieved from /home/airflow/.local/lib/python3.8/site-packages/airflow/example_dags/example_setup_teardown.py
[2026-03-18T07:48:21.383+0000] {logging_mixin.py:188} INFO - [2026-03-18T07:48:21.383+0000] {dag.py:3036} INFO - Sync 1 DAGs
[2026-03-18T07:48:21.392+0000] {logging_mixin.py:188} INFO - [2026-03-18T07:48:21.392+0000] {dag.py:3823} INFO - Setting next_dagrun for example_setup_teardown to 2026-03-17 00:00:00+00:00, run_after=2026-03-18 00:00:00+00:00
[2026-03-18T07:48:21.400+0000] {processor.py:183} INFO - Processing /home/airflow/.local/lib/python3.8/site-packages/airflow/example_dags/example_setup_teardown.py took 0.036 seconds
[2026-03-18T07:48:51.661+0000] {processor.py:161} INFO - Started process (PID=454) to work on /home/airflow/.local/lib/python3.8/site-packages/airflow/example_dags/example_setup_teardown.py
[2026-03-18T07:48:51.662+0000] {processor.py:830} INFO - Processing file /home/airflow/.local/lib/python3.8/site-packages/airflow/example_dags/example_setup_teardown.py for tasks to queue
[2026-03-18T07:48:51.664+0000] {logging_mixin.py:188} INFO - [2026-03-18T07:48:51.663+0000] {dagbag.py:538} INFO - Filling up the DagBag from /home/airflow/.local/lib/python3.8/site-packages/airflow/example_dags/example_setup_teardown.py
[2026-03-18T07:48:51.668+0000] {processor.py:840} INFO - DAG(s) 'example_setup_teardown' retrieved from /home/airflow/.local/lib/python3.8/site-packages/airflow/example_dags/example_setup_teardown.py
[2026-03-18T07:48:51.676+0000] {logging_mixin.py:188} INFO - [2026-03-18T07:48:51.676+0000] {dag.py:3036} INFO - Sync 1 DAGs
[2026-03-18T07:48:51.684+0000] {logging_mixin.py:188} INFO - [2026-03-18T07:48:51.684+0000] {dag.py:3823} INFO - Setting next_dagrun for example_setup_teardown to 2026-03-17 00:00:00+00:00, run_after=2026-03-18 00:00:00+00:00
[2026-03-18T07:48:51.690+0000] {processor.py:183} INFO - Processing /home/airflow/.local/lib/python3.8/site-packages/airflow/example_dags/example_setup_teardown.py took 0.031 seconds
[2026-03-18T07:49:21.951+0000] {processor.py:161} INFO - Started process (PID=515) to work on /home/airflow/.local/lib/python3.8/site-packages/airflow/example_dags/example_setup_teardown.py
[2026-03-18T07:49:21.952+0000] {processor.py:830} INFO - Processing file /home/airflow/.local/lib/python3.8/site-packages/airflow/example_dags/example_setup_teardown.py for tasks to queue
[2026-03-18T07:49:21.953+0000] {logging_mixin.py:188} INFO - [2026-03-18T07:49:21.953+0000] {dagbag.py:538} INFO - Filling up the DagBag from /home/airflow/.local/lib/python3.8/site-packages/airflow/example_dags/example_setup_teardown.py
[2026-03-18T07:49:21.955+0000] {processor.py:840} INFO - DAG(s) 'example_setup_teardown' retrieved from /home/airflow/.local/lib/python3.8/site-packages/airflow/example_dags/example_setup_teardown.py
[2026-03-18T07:49:21.964+0000] {logging_mixin.py:188} INFO - [2026-03-18T07:49:21.964+0000] {dag.py:3036} INFO - Sync 1 DAGs
[2026-03-18T07:49:21.972+0000] {logging_mixin.py:188} INFO - [2026-03-18T07:49:21.972+0000] {dag.py:3823} INFO - Setting next_dagrun for example_setup_teardown to 2026-03-17 00:00:00+00:00, run_after=2026-03-18 00:00:00+00:00
[2026-03-18T07:49:21.978+0000] {processor.py:183} INFO - Processing /home/airflow/.local/lib/python3.8/site-packages/airflow/example_dags/example_setup_teardown.py took 0.029 seconds
[2026-03-18T07:49:52.193+0000] {processor.py:161} INFO - Started process (PID=570) to work on /home/airflow/.local/lib/python3.8/site-packages/airflow/example_dags/example_setup_teardown.py
[2026-03-18T07:49:52.194+0000] {processor.py:830} INFO - Processing file /home/airflow/.local/lib/python3.8/site-packages/airflow/example_dags/example_setup_teardown.py for tasks to queue
[2026-03-18T07:49:52.194+0000] {logging_mixin.py:188} INFO - [2026-03-18T07:49:52.194+0000] {dagbag.py:538} INFO - Filling up the DagBag from /home/airflow/.local/lib/python3.8/site-packages/airflow/example_dags/example_setup_teardown.py
[2026-03-18T07:49:52.200+0000] {processor.py:840} INFO - DAG(s) 'example_setup_teardown' retrieved from /home/airflow/.local/lib/python3.8/site-packages/airflow/example_dags/example_setup_teardown.py
[2026-03-18T07:49:52.209+0000] {logging_mixin.py:188} INFO - [2026-03-18T07:49:52.208+0000] {dag.py:3036} INFO - Sync 1 DAGs
[2026-03-18T07:49:52.217+0000] {logging_mixin.py:188} INFO - [2026-03-18T07:49:52.217+0000] {dag.py:3823} INFO - Setting next_dagrun for example_setup_teardown to 2026-03-17 00:00:00+00:00, run_after=2026-03-18 00:00:00+00:00
[2026-03-18T07:49:52.223+0000] {processor.py:183} INFO - Processing /home/airflow/.local/lib/python3.8/site-packages/airflow/example_dags/example_setup_teardown.py took 0.031 seconds
[2026-03-18T07:50:22.595+0000] {processor.py:161} INFO - Started process (PID=626) to work on /home/airflow/.local/lib/python3.8/site-packages/airflow/example_dags/example_setup_teardown.py
[2026-03-18T07:50:22.596+0000] {processor.py:830} INFO - Processing file /home/airflow/.local/lib/python3.8/site-packages/airflow/example_dags/example_setup_teardown.py for tasks to queue
[2026-03-18T07:50:22.597+0000] {logging_mixin.py:188} INFO - [2026-03-18T07:50:22.597+0000] {dagbag.py:538} INFO - Filling up the DagBag from /home/airflow/.local/lib/python3.8/site-packages/airflow/example_dags/example_setup_teardown.py
[2026-03-18T07:50:22.603+0000] {processor.py:840} INFO - DAG(s) 'example_setup_teardown' retrieved from /home/airflow/.local/lib/python3.8/site-packages/airflow/example_dags/example_setup_teardown.py
[2026-03-18T07:50:22.613+0000] {logging_mixin.py:188} INFO - [2026-03-18T07:50:22.613+0000] {dag.py:3036} INFO - Sync 1 DAGs
[2026-03-18T07:50:22.622+0000] {logging_mixin.py:188} INFO - [2026-03-18T07:50:22.622+0000] {dag.py:3823} INFO - Setting next_dagrun for example_setup_teardown to 2026-03-17 00:00:00+00:00, run_after=2026-03-18 00:00:00+00:00
[2026-03-18T07:50:22.628+0000] {processor.py:183} INFO - Processing /home/airflow/.local/lib/python3.8/site-packages/airflow/example_dags/example_setup_teardown.py took 0.034 seconds
[2026-03-18T07:50:53.082+0000] {processor.py:161} INFO - Started process (PID=682) to work on /home/airflow/.local/lib/python3.8/site-packages/airflow/example_dags/example_setup_teardown.py
[2026-03-18T07:50:53.083+0000] {processor.py:830} INFO - Processing file /home/airflow/.local/lib/python3.8/site-packages/airflow/example_dags/example_setup_teardown.py for tasks to queue
[2026-03-18T07:50:53.084+0000] {logging_mixin.py:188} INFO - [2026-03-18T07:50:53.084+0000] {dagbag.py:538} INFO - Filling up the DagBag from /home/airflow/.local/lib/python3.8/site-packages/airflow/example_dags/example_setup_teardown.py
[2026-03-18T07:50:53.087+0000] {processor.py:840} INFO - DAG(s) 'example_setup_teardown' retrieved from /home/airflow/.local/lib/python3.8/site-packages/airflow/example_dags/example_setup_teardown.py
[2026-03-18T07:50:53.095+0000] {logging_mixin.py:188} INFO - [2026-03-18T07:50:53.095+0000] {dag.py:3036} INFO - Sync 1 DAGs
[2026-03-18T07:50:53.104+0000] {logging_mixin.py:188} INFO - [2026-03-18T07:50:53.104+0000] {dag.py:3823} INFO - Setting next_dagrun for example_setup_teardown to 2026-03-17 00:00:00+00:00, run_after=2026-03-18 00:00:00+00:00
[2026-03-18T07:50:53.118+0000] {processor.py:183} INFO - Processing /home/airflow/.local/lib/python3.8/site-packages/airflow/example_dags/example_setup_teardown.py took 0.038 seconds
[2026-03-18T07:51:23.584+0000] {processor.py:161} INFO - Started process (PID=738) to work on /home/airflow/.local/lib/python3.8/site-packages/airflow/example_dags/example_setup_teardown.py
[2026-03-18T07:51:23.585+0000] {processor.py:830} INFO - Processing file /home/airflow/.local/lib/python3.8/site-packages/airflow/example_dags/example_setup_teardown.py for tasks to queue
[2026-03-18T07:51:23.586+0000] {logging_mixin.py:188} INFO - [2026-03-18T07:51:23.586+0000] {dagbag.py:538} INFO - Filling up the DagBag from /home/airflow/.local/lib/python3.8/site-packages/airflow/example_dags/example_setup_teardown.py
[2026-03-18T07:51:23.590+0000] {processor.py:840} INFO - DAG(s) 'example_setup_teardown' retrieved from /home/airflow/.local/lib/python3.8/site-packages/airflow/example_dags/example_setup_teardown.py
[2026-03-18T07:51:23.602+0000] {logging_mixin.py:188} INFO - [2026-03-18T07:51:23.602+0000] {dag.py:3036} INFO - Sync 1 DAGs
[2026-03-18T07:51:23.615+0000] {logging_mixin.py:188} INFO - [2026-03-18T07:51:23.614+0000] {dag.py:3823} INFO - Setting next_dagrun for example_setup_teardown to 2026-03-17 00:00:00+00:00, run_after=2026-03-18 00:00:00+00:00
[2026-03-18T07:51:23.622+0000] {processor.py:183} INFO - Processing /home/airflow/.local/lib/python3.8/site-packages/airflow/example_dags/example_setup_teardown.py took 0.040 seconds
[2026-03-18T07:51:54.087+0000] {processor.py:161} INFO - Started process (PID=794) to work on /home/airflow/.local/lib/python3.8/site-packages/airflow/example_dags/example_setup_teardown.py
[2026-03-18T07:51:54.087+0000] {processor.py:830} INFO - Processing file /home/airflow/.local/lib/python3.8/site-packages/airflow/example_dags/example_setup_teardown.py for tasks to queue
[2026-03-18T07:51:54.089+0000] {logging_mixin.py:188} INFO - [2026-03-18T07:51:54.089+0000] {dagbag.py:538} INFO - Filling up the DagBag from /home/airflow/.local/lib/python3.8/site-packages/airflow/example_dags/example_setup_teardown.py
[2026-03-18T07:51:54.092+0000] {processor.py:840} INFO - DAG(s) 'example_setup_teardown' retrieved from /home/airflow/.local/lib/python3.8/site-packages/airflow/example_dags/example_setup_teardown.py
[2026-03-18T07:51:54.102+0000] {logging_mixin.py:188} INFO - [2026-03-18T07:51:54.102+0000] {dag.py:3036} INFO - Sync 1 DAGs
[2026-03-18T07:51:54.112+0000] {logging_mixin.py:188} INFO - [2026-03-18T07:51:54.112+0000] {dag.py:3823} INFO - Setting next_dagrun for example_setup_teardown to 2026-03-17 00:00:00+00:00, run_after=2026-03-18 00:00:00+00:00
[2026-03-18T07:51:54.121+0000] {processor.py:183} INFO - Processing /home/airflow/.local/lib/python3.8/site-packages/airflow/example_dags/example_setup_teardown.py took 0.036 seconds
[2026-03-18T07:52:24.608+0000] {processor.py:161} INFO - Started process (PID=850) to work on /home/airflow/.local/lib/python3.8/site-packages/airflow/example_dags/example_setup_teardown.py
[2026-03-18T07:52:24.609+0000] {processor.py:830} INFO - Processing file /home/airflow/.local/lib/python3.8/site-packages/airflow/example_dags/example_setup_teardown.py for tasks to queue
[2026-03-18T07:52:24.610+0000] {logging_mixin.py:188} INFO - [2026-03-18T07:52:24.610+0000] {dagbag.py:538} INFO - Filling up the DagBag from /home/airflow/.local/lib/python3.8/site-packages/airflow/example_dags/example_setup_teardown.py
[2026-03-18T07:52:24.614+0000] {processor.py:840} INFO - DAG(s) 'example_setup_teardown' retrieved from /home/airflow/.local/lib/python3.8/site-packages/airflow/example_dags/example_setup_teardown.py
[2026-03-18T07:52:24.629+0000] {logging_mixin.py:188} INFO - [2026-03-18T07:52:24.629+0000] {dag.py:3036} INFO - Sync 1 DAGs
[2026-03-18T07:52:24.638+0000] {logging_mixin.py:188} INFO - [2026-03-18T07:52:24.638+0000] {dag.py:3823} INFO - Setting next_dagrun for example_setup_teardown to 2026-03-17 00:00:00+00:00, run_after=2026-03-18 00:00:00+00:00
[2026-03-18T07:52:24.649+0000] {processor.py:183} INFO - Processing /home/airflow/.local/lib/python3.8/site-packages/airflow/example_dags/example_setup_teardown.py took 0.042 seconds
[2026-03-18T07:52:55.098+0000] {processor.py:161} INFO - Started process (PID=906) to work on /home/airflow/.local/lib/python3.8/site-packages/airflow/example_dags/example_setup_teardown.py
[2026-03-18T07:52:55.099+0000] {processor.py:830} INFO - Processing file /home/airflow/.local/lib/python3.8/site-packages/airflow/example_dags/example_setup_teardown.py for tasks to queue
[2026-03-18T07:52:55.100+0000] {logging_mixin.py:188} INFO - [2026-03-18T07:52:55.100+0000] {dagbag.py:538} INFO - Filling up the DagBag from /home/airflow/.local/lib/python3.8/site-packages/airflow/example_dags/example_setup_teardown.py
[2026-03-18T07:52:55.103+0000] {processor.py:840} INFO - DAG(s) 'example_setup_teardown' retrieved from /home/airflow/.local/lib/python3.8/site-packages/airflow/example_dags/example_setup_teardown.py
[2026-03-18T07:52:55.113+0000] {logging_mixin.py:188} INFO - [2026-03-18T07:52:55.113+0000] {dag.py:3036} INFO - Sync 1 DAGs
[2026-03-18T07:52:55.121+0000] {logging_mixin.py:188} INFO - [2026-03-18T07:52:55.121+0000] {dag.py:3823} INFO - Setting next_dagrun for example_setup_teardown to 2026-03-17 00:00:00+00:00, run_after=2026-03-18 00:00:00+00:00
[2026-03-18T07:52:55.132+0000] {processor.py:183} INFO - Processing /home/airflow/.local/lib/python3.8/site-packages/airflow/example_dags/example_setup_teardown.py took 0.035 seconds
[2026-03-18T07:53:25.576+0000] {processor.py:161} INFO - Started process (PID=962) to work on /home/airflow/.local/lib/python3.8/site-packages/airflow/example_dags/example_setup_teardown.py
[2026-03-18T07:53:25.576+0000] {processor.py:830} INFO - Processing file /home/airflow/.local/lib/python3.8/site-packages/airflow/example_dags/example_setup_teardown.py for tasks to queue
[2026-03-18T07:53:25.578+0000] {logging_mixin.py:188} INFO - [2026-03-18T07:53:25.578+0000] {dagbag.py:538} INFO - Filling up the DagBag from /home/airflow/.local/lib/python3.8/site-packages/airflow/example_dags/example_setup_teardown.py
[2026-03-18T07:53:25.582+0000] {processor.py:840} INFO - DAG(s) 'example_setup_teardown' retrieved from /home/airflow/.local/lib/python3.8/site-packages/airflow/example_dags/example_setup_teardown.py
[2026-03-18T07:53:25.590+0000] {logging_mixin.py:188} INFO - [2026-03-18T07:53:25.590+0000] {dag.py:3036} INFO - Sync 1 DAGs
[2026-03-18T07:53:25.599+0000] {logging_mixin.py:188} INFO - [2026-03-18T07:53:25.599+0000] {dag.py:3823} INFO - Setting next_dagrun for example_setup_teardown to 2026-03-17 00:00:00+00:00, run_after=2026-03-18 00:00:00+00:00
[2026-03-18T07:53:25.610+0000] {processor.py:183} INFO - Processing /home/airflow/.local/lib/python3.8/site-packages/airflow/example_dags/example_setup_teardown.py took 0.036 seconds
[2026-03-18T07:53:56.064+0000] {processor.py:161} INFO - Started process (PID=1018) to work on /home/airflow/.local/lib/python3.8/site-packages/airflow/example_dags/example_setup_teardown.py
[2026-03-18T07:53:56.065+0000] {processor.py:830} INFO - Processing file /home/airflow/.local/lib/python3.8/site-packages/airflow/example_dags/example_setup_teardown.py for tasks to queue
[2026-03-18T07:53:56.066+0000] {logging_mixin.py:188} INFO - [2026-03-18T07:53:56.066+0000] {dagbag.py:538} INFO - Filling up the DagBag from /home/airflow/.local/lib/python3.8/site-packages/airflow/example_dags/example_setup_teardown.py
[2026-03-18T07:53:56.068+0000] {processor.py:840} INFO - DAG(s) 'example_setup_teardown' retrieved from /home/airflow/.local/lib/python3.8/site-packages/airflow/example_dags/example_setup_teardown.py
[2026-03-18T07:53:56.083+0000] {logging_mixin.py:188} INFO - [2026-03-18T07:53:56.083+0000] {dag.py:3036} INFO - Sync 1 DAGs
[2026-03-18T07:53:56.092+0000] {logging_mixin.py:188} INFO - [2026-03-18T07:53:56.092+0000] {dag.py:3823} INFO - Setting next_dagrun for example_setup_teardown to 2026-03-17 00:00:00+00:00, run_after=2026-03-18 00:00:00+00:00
[2026-03-18T07:53:56.101+0000] {processor.py:183} INFO - Processing /home/airflow/.local/lib/python3.8/site-packages/airflow/example_dags/example_setup_teardown.py took 0.039 seconds
[2026-03-18T07:54:26.458+0000] {processor.py:161} INFO - Started process (PID=1074) to work on /home/airflow/.local/lib/python3.8/site-packages/airflow/example_dags/example_setup_teardown.py
[2026-03-18T07:54:26.459+0000] {processor.py:830} INFO - Processing file /home/airflow/.local/lib/python3.8/site-packages/airflow/example_dags/example_setup_teardown.py for tasks to queue
[2026-03-18T07:54:26.461+0000] {logging_mixin.py:188} INFO - [2026-03-18T07:54:26.461+0000] {dagbag.py:538} INFO - Filling up the DagBag from /home/airflow/.local/lib/python3.8/site-packages/airflow/example_dags/example_setup_teardown.py
[2026-03-18T07:54:26.465+0000] {processor.py:840} INFO - DAG(s) 'example_setup_teardown' retrieved from /home/airflow/.local/lib/python3.8/site-packages/airflow/example_dags/example_setup_teardown.py
[2026-03-18T07:54:26.480+0000] {logging_mixin.py:188} INFO - [2026-03-18T07:54:26.480+0000] {dag.py:3036} INFO - Sync 1 DAGs
[2026-03-18T07:54:26.493+0000] {logging_mixin.py:188} INFO - [2026-03-18T07:54:26.493+0000] {dag.py:3823} INFO - Setting next_dagrun for example_setup_teardown to 2026-03-17 00:00:00+00:00, run_after=2026-03-18 00:00:00+00:00
[2026-03-18T07:54:26.500+0000] {processor.py:183} INFO - Processing /home/airflow/.local/lib/python3.8/site-packages/airflow/example_dags/example_setup_teardown.py took 0.044 seconds
[2026-03-18T07:54:56.954+0000] {processor.py:161} INFO - Started process (PID=1130) to work on /home/airflow/.local/lib/python3.8/site-packages/airflow/example_dags/example_setup_teardown.py
[2026-03-18T07:54:56.954+0000] {processor.py:830} INFO - Processing file /home/airflow/.local/lib/python3.8/site-packages/airflow/example_dags/example_setup_teardown.py for tasks to queue
[2026-03-18T07:54:56.956+0000] {logging_mixin.py:188} INFO - [2026-03-18T07:54:56.956+0000] {dagbag.py:538} INFO - Filling up the DagBag from /home/airflow/.local/lib/python3.8/site-packages/airflow/example_dags/example_setup_teardown.py
[2026-03-18T07:54:56.962+0000] {processor.py:840} INFO - DAG(s) 'example_setup_teardown' retrieved from /home/airflow/.local/lib/python3.8/site-packages/airflow/example_dags/example_setup_teardown.py
[2026-03-18T07:54:56.970+0000] {logging_mixin.py:188} INFO - [2026-03-18T07:54:56.970+0000] {dag.py:3036} INFO - Sync 1 DAGs
[2026-03-18T07:54:56.979+0000] {logging_mixin.py:188} INFO - [2026-03-18T07:54:56.979+0000] {dag.py:3823} INFO - Setting next_dagrun for example_setup_teardown to 2026-03-17 00:00:00+00:00, run_after=2026-03-18 00:00:00+00:00
[2026-03-18T07:54:56.989+0000] {processor.py:183} INFO - Processing /home/airflow/.local/lib/python3.8/site-packages/airflow/example_dags/example_setup_teardown.py took 0.037 seconds
[2026-03-18T07:55:27.405+0000] {processor.py:161} INFO - Started process (PID=1186) to work on /home/airflow/.local/lib/python3.8/site-packages/airflow/example_dags/example_setup_teardown.py
[2026-03-18T07:55:27.406+0000] {processor.py:830} INFO - Processing file /home/airflow/.local/lib/python3.8/site-packages/airflow/example_dags/example_setup_teardown.py for tasks to queue
[2026-03-18T07:55:27.407+0000] {logging_mixin.py:188} INFO - [2026-03-18T07:55:27.407+0000] {dagbag.py:538} INFO - Filling up the DagBag from /home/airflow/.local/lib/python3.8/site-packages/airflow/example_dags/example_setup_teardown.py
[2026-03-18T07:55:27.410+0000] {processor.py:840} INFO - DAG(s) 'example_setup_teardown' retrieved from /home/airflow/.local/lib/python3.8/site-packages/airflow/example_dags/example_setup_teardown.py
[2026-03-18T07:55:27.429+0000] {logging_mixin.py:188} INFO - [2026-03-18T07:55:27.429+0000] {dag.py:3036} INFO - Sync 1 DAGs
[2026-03-18T07:55:27.437+0000] {logging_mixin.py:188} INFO - [2026-03-18T07:55:27.437+0000] {dag.py:3823} INFO - Setting next_dagrun for example_setup_teardown to 2026-03-17 00:00:00+00:00, run_after=2026-03-18 00:00:00+00:00
[2026-03-18T07:55:27.445+0000] {processor.py:183} INFO - Processing /home/airflow/.local/lib/python3.8/site-packages/airflow/example_dags/example_setup_teardown.py took 0.042 seconds
[2026-03-18T07:55:57.853+0000] {processor.py:161} INFO - Started process (PID=1242) to work on /home/airflow/.local/lib/python3.8/site-packages/airflow/example_dags/example_setup_teardown.py
[2026-03-18T07:55:57.854+0000] {processor.py:830} INFO - Processing file /home/airflow/.local/lib/python3.8/site-packages/airflow/example_dags/example_setup_teardown.py for tasks to queue
[2026-03-18T07:55:57.856+0000] {logging_mixin.py:188} INFO - [2026-03-18T07:55:57.855+0000] {dagbag.py:538} INFO - Filling up the DagBag from /home/airflow/.local/lib/python3.8/site-packages/airflow/example_dags/example_setup_teardown.py
[2026-03-18T07:55:57.862+0000] {processor.py:840} INFO - DAG(s) 'example_setup_teardown' retrieved from /home/airflow/.local/lib/python3.8/site-packages/airflow/example_dags/example_setup_teardown.py
[2026-03-18T07:55:57.873+0000] {logging_mixin.py:188} INFO - [2026-03-18T07:55:57.873+0000] {dag.py:3036} INFO - Sync 1 DAGs
[2026-03-18T07:55:57.883+0000] {logging_mixin.py:188} INFO - [2026-03-18T07:55:57.883+0000] {dag.py:3823} INFO - Setting next_dagrun for example_setup_teardown to 2026-03-17 00:00:00+00:00, run_after=2026-03-18 00:00:00+00:00
[2026-03-18T07:55:57.891+0000] {processor.py:183} INFO - Processing /home/airflow/.local/lib/python3.8/site-packages/airflow/example_dags/example_setup_teardown.py took 0.039 seconds
[2026-03-18T07:56:28.251+0000] {processor.py:161} INFO - Started process (PID=1298) to work on /home/airflow/.local/lib/python3.8/site-packages/airflow/example_dags/example_setup_teardown.py
[2026-03-18T07:56:28.252+0000] {processor.py:830} INFO - Processing file /home/airflow/.local/lib/python3.8/site-packages/airflow/example_dags/example_setup_teardown.py for tasks to queue
[2026-03-18T07:56:28.254+0000] {logging_mixin.py:188} INFO - [2026-03-18T07:56:28.254+0000] {dagbag.py:538} INFO - Filling up the DagBag from /home/airflow/.local/lib/python3.8/site-packages/airflow/example_dags/example_setup_teardown.py
[2026-03-18T07:56:28.257+0000] {processor.py:840} INFO - DAG(s) 'example_setup_teardown' retrieved from /home/airflow/.local/lib/python3.8/site-packages/airflow/example_dags/example_setup_teardown.py
[2026-03-18T07:56:28.270+0000] {logging_mixin.py:188} INFO - [2026-03-18T07:56:28.270+0000] {dag.py:3036} INFO - Sync 1 DAGs
[2026-03-18T07:56:28.280+0000] {logging_mixin.py:188} INFO - [2026-03-18T07:56:28.280+0000] {dag.py:3823} INFO - Setting next_dagrun for example_setup_teardown to 2026-03-17 00:00:00+00:00, run_after=2026-03-18 00:00:00+00:00
[2026-03-18T07:56:28.287+0000] {processor.py:183} INFO - Processing /home/airflow/.local/lib/python3.8/site-packages/airflow/example_dags/example_setup_teardown.py took 0.037 seconds
[2026-03-18T07:56:58.717+0000] {processor.py:161} INFO - Started process (PID=1354) to work on /home/airflow/.local/lib/python3.8/site-packages/airflow/example_dags/example_setup_teardown.py
[2026-03-18T07:56:58.720+0000] {processor.py:830} INFO - Processing file /home/airflow/.local/lib/python3.8/site-packages/airflow/example_dags/example_setup_teardown.py for tasks to queue
[2026-03-18T07:56:58.724+0000] {logging_mixin.py:188} INFO - [2026-03-18T07:56:58.724+0000] {dagbag.py:538} INFO - Filling up the DagBag from /home/airflow/.local/lib/python3.8/site-packages/airflow/example_dags/example_setup_teardown.py
[2026-03-18T07:56:58.728+0000] {processor.py:840} INFO - DAG(s) 'example_setup_teardown' retrieved from /home/airflow/.local/lib/python3.8/site-packages/airflow/example_dags/example_setup_teardown.py
[2026-03-18T07:56:58.739+0000] {logging_mixin.py:188} INFO - [2026-03-18T07:56:58.738+0000] {dag.py:3036} INFO - Sync 1 DAGs
[2026-03-18T07:56:58.749+0000] {logging_mixin.py:188} INFO - [2026-03-18T07:56:58.749+0000] {dag.py:3823} INFO - Setting next_dagrun for example_setup_teardown to 2026-03-17 00:00:00+00:00, run_after=2026-03-18 00:00:00+00:00
[2026-03-18T07:56:58.755+0000] {processor.py:183} INFO - Processing /home/airflow/.local/lib/python3.8/site-packages/airflow/example_dags/example_setup_teardown.py took 0.040 seconds
[2026-03-18T07:57:29.226+0000] {processor.py:161} INFO - Started process (PID=1410) to work on /home/airflow/.local/lib/python3.8/site-packages/airflow/example_dags/example_setup_teardown.py
[2026-03-18T07:57:29.227+0000] {processor.py:830} INFO - Processing file /home/airflow/.local/lib/python3.8/site-packages/airflow/example_dags/example_setup_teardown.py for tasks to queue
[2026-03-18T07:57:29.227+0000] {logging_mixin.py:188} INFO - [2026-03-18T07:57:29.227+0000] {dagbag.py:538} INFO - Filling up the DagBag from /home/airflow/.local/lib/python3.8/site-packages/airflow/example_dags/example_setup_teardown.py
[2026-03-18T07:57:29.230+0000] {processor.py:840} INFO - DAG(s) 'example_setup_teardown' retrieved from /home/airflow/.local/lib/python3.8/site-packages/airflow/example_dags/example_setup_teardown.py
[2026-03-18T07:57:29.239+0000] {logging_mixin.py:188} INFO - [2026-03-18T07:57:29.239+0000] {dag.py:3036} INFO - Sync 1 DAGs
[2026-03-18T07:57:29.249+0000] {logging_mixin.py:188} INFO - [2026-03-18T07:57:29.249+0000] {dag.py:3823} INFO - Setting next_dagrun for example_setup_teardown to 2026-03-17 00:00:00+00:00, run_after=2026-03-18 00:00:00+00:00
[2026-03-18T07:57:29.261+0000] {processor.py:183} INFO - Processing /home/airflow/.local/lib/python3.8/site-packages/airflow/example_dags/example_setup_teardown.py took 0.037 seconds
[2026-03-18T07:57:59.760+0000] {processor.py:161} INFO - Started process (PID=1466) to work on /home/airflow/.local/lib/python3.8/site-packages/airflow/example_dags/example_setup_teardown.py
[2026-03-18T07:57:59.761+0000] {processor.py:830} INFO - Processing file /home/airflow/.local/lib/python3.8/site-packages/airflow/example_dags/example_setup_teardown.py for tasks to queue
[2026-03-18T07:57:59.762+0000] {logging_mixin.py:188} INFO - [2026-03-18T07:57:59.762+0000] {dagbag.py:538} INFO - Filling up the DagBag from /home/airflow/.local/lib/python3.8/site-packages/airflow/example_dags/example_setup_teardown.py
[2026-03-18T07:57:59.764+0000] {processor.py:840} INFO - DAG(s) 'example_setup_teardown' retrieved from /home/airflow/.local/lib/python3.8/site-packages/airflow/example_dags/example_setup_teardown.py
[2026-03-18T07:57:59.773+0000] {logging_mixin.py:188} INFO - [2026-03-18T07:57:59.773+0000] {dag.py:3036} INFO - Sync 1 DAGs
[2026-03-18T07:57:59.781+0000] {logging_mixin.py:188} INFO - [2026-03-18T07:57:59.781+0000] {dag.py:3823} INFO - Setting next_dagrun for example_setup_teardown to 2026-03-17 00:00:00+00:00, run_after=2026-03-18 00:00:00+00:00
[2026-03-18T07:57:59.790+0000] {processor.py:183} INFO - Processing /home/airflow/.local/lib/python3.8/site-packages/airflow/example_dags/example_setup_teardown.py took 0.031 seconds
[2026-03-18T07:58:30.201+0000] {processor.py:161} INFO - Started process (PID=1522) to work on /home/airflow/.local/lib/python3.8/site-packages/airflow/example_dags/example_setup_teardown.py
[2026-03-18T07:58:30.202+0000] {processor.py:830} INFO - Processing file /home/airflow/.local/lib/python3.8/site-packages/airflow/example_dags/example_setup_teardown.py for tasks to queue
[2026-03-18T07:58:30.203+0000] {logging_mixin.py:188} INFO - [2026-03-18T07:58:30.203+0000] {dagbag.py:538} INFO - Filling up the DagBag from /home/airflow/.local/lib/python3.8/site-packages/airflow/example_dags/example_setup_teardown.py
[2026-03-18T07:58:30.206+0000] {processor.py:840} INFO - DAG(s) 'example_setup_teardown' retrieved from /home/airflow/.local/lib/python3.8/site-packages/airflow/example_dags/example_setup_teardown.py
[2026-03-18T07:58:30.215+0000] {logging_mixin.py:188} INFO - [2026-03-18T07:58:30.214+0000] {dag.py:3036} INFO - Sync 1 DAGs
[2026-03-18T07:58:30.225+0000] {logging_mixin.py:188} INFO - [2026-03-18T07:58:30.225+0000] {dag.py:3823} INFO - Setting next_dagrun for example_setup_teardown to 2026-03-17 00:00:00+00:00, run_after=2026-03-18 00:00:00+00:00
[2026-03-18T07:58:30.238+0000] {processor.py:183} INFO - Processing /home/airflow/.local/lib/python3.8/site-packages/airflow/example_dags/example_setup_teardown.py took 0.038 seconds
[2026-03-18T07:59:00.731+0000] {processor.py:161} INFO - Started process (PID=1578) to work on /home/airflow/.local/lib/python3.8/site-packages/airflow/example_dags/example_setup_teardown.py
[2026-03-18T07:59:00.733+0000] {processor.py:830} INFO - Processing file /home/airflow/.local/lib/python3.8/site-packages/airflow/example_dags/example_setup_teardown.py for tasks to queue
[2026-03-18T07:59:00.734+0000] {logging_mixin.py:188} INFO - [2026-03-18T07:59:00.734+0000] {dagbag.py:538} INFO - Filling up the DagBag from /home/airflow/.local/lib/python3.8/site-packages/airflow/example_dags/example_setup_teardown.py
[2026-03-18T07:59:00.737+0000] {processor.py:840} INFO - DAG(s) 'example_setup_teardown' retrieved from /home/airflow/.local/lib/python3.8/site-packages/airflow/example_dags/example_setup_teardown.py
[2026-03-18T07:59:00.750+0000] {logging_mixin.py:188} INFO - [2026-03-18T07:59:00.750+0000] {dag.py:3036} INFO - Sync 1 DAGs
[2026-03-18T07:59:00.760+0000] {logging_mixin.py:188} INFO - [2026-03-18T07:59:00.760+0000] {dag.py:3823} INFO - Setting next_dagrun for example_setup_teardown to 2026-03-17 00:00:00+00:00, run_after=2026-03-18 00:00:00+00:00
[2026-03-18T07:59:00.777+0000] {processor.py:183} INFO - Processing /home/airflow/.local/lib/python3.8/site-packages/airflow/example_dags/example_setup_teardown.py took 0.048 seconds
[2026-03-18T07:59:31.266+0000] {processor.py:161} INFO - Started process (PID=1634) to work on /home/airflow/.local/lib/python3.8/site-packages/airflow/example_dags/example_setup_teardown.py
[2026-03-18T07:59:31.267+0000] {processor.py:830} INFO - Processing file /home/airflow/.local/lib/python3.8/site-packages/airflow/example_dags/example_setup_teardown.py for tasks to queue
[2026-03-18T07:59:31.268+0000] {logging_mixin.py:188} INFO - [2026-03-18T07:59:31.268+0000] {dagbag.py:538} INFO - Filling up the DagBag from /home/airflow/.local/lib/python3.8/site-packages/airflow/example_dags/example_setup_teardown.py
[2026-03-18T07:59:31.271+0000] {processor.py:840} INFO - DAG(s) 'example_setup_teardown' retrieved from /home/airflow/.local/lib/python3.8/site-packages/airflow/example_dags/example_setup_teardown.py
[2026-03-18T07:59:31.280+0000] {logging_mixin.py:188} INFO - [2026-03-18T07:59:31.280+0000] {dag.py:3036} INFO - Sync 1 DAGs
[2026-03-18T07:59:31.292+0000] {logging_mixin.py:188} INFO - [2026-03-18T07:59:31.292+0000] {dag.py:3823} INFO - Setting next_dagrun for example_setup_teardown to 2026-03-17 00:00:00+00:00, run_after=2026-03-18 00:00:00+00:00
[2026-03-18T07:59:31.307+0000] {processor.py:183} INFO - Processing /home/airflow/.local/lib/python3.8/site-packages/airflow/example_dags/example_setup_teardown.py took 0.042 seconds
[2026-03-18T08:00:01.842+0000] {processor.py:161} INFO - Started process (PID=70) to work on /home/airflow/.local/lib/python3.8/site-packages/airflow/example_dags/example_setup_teardown.py
[2026-03-18T08:00:01.842+0000] {processor.py:830} INFO - Processing file /home/airflow/.local/lib/python3.8/site-packages/airflow/example_dags/example_setup_teardown.py for tasks to queue
[2026-03-18T08:00:01.843+0000] {logging_mixin.py:188} INFO - [2026-03-18T08:00:01.843+0000] {dagbag.py:538} INFO - Filling up the DagBag from /home/airflow/.local/lib/python3.8/site-packages/airflow/example_dags/example_setup_teardown.py
[2026-03-18T08:00:01.846+0000] {processor.py:840} INFO - DAG(s) 'example_setup_teardown' retrieved from /home/airflow/.local/lib/python3.8/site-packages/airflow/example_dags/example_setup_teardown.py
[2026-03-18T08:00:01.852+0000] {logging_mixin.py:188} INFO - [2026-03-18T08:00:01.852+0000] {dag.py:3036} INFO - Sync 1 DAGs
[2026-03-18T08:00:01.861+0000] {logging_mixin.py:188} INFO - [2026-03-18T08:00:01.861+0000] {dag.py:3823} INFO - Setting next_dagrun for example_setup_teardown to 2026-03-17 00:00:00+00:00, run_after=2026-03-18 00:00:00+00:00
[2026-03-18T08:00:01.869+0000] {processor.py:183} INFO - Processing /home/airflow/.local/lib/python3.8/site-packages/airflow/example_dags/example_setup_teardown.py took 0.028 seconds
[2026-03-18T08:00:32.390+0000] {processor.py:161} INFO - Started process (PID=125) to work on /home/airflow/.local/lib/python3.8/site-packages/airflow/example_dags/example_setup_teardown.py
[2026-03-18T08:00:32.390+0000] {processor.py:830} INFO - Processing file /home/airflow/.local/lib/python3.8/site-packages/airflow/example_dags/example_setup_teardown.py for tasks to queue
[2026-03-18T08:00:32.391+0000] {logging_mixin.py:188} INFO - [2026-03-18T08:00:32.391+0000] {dagbag.py:538} INFO - Filling up the DagBag from /home/airflow/.local/lib/python3.8/site-packages/airflow/example_dags/example_setup_teardown.py
[2026-03-18T08:00:32.395+0000] {processor.py:840} INFO - DAG(s) 'example_setup_teardown' retrieved from /home/airflow/.local/lib/python3.8/site-packages/airflow/example_dags/example_setup_teardown.py
[2026-03-18T08:00:32.436+0000] {logging_mixin.py:188} INFO - [2026-03-18T08:00:32.436+0000] {dag.py:3036} INFO - Sync 1 DAGs
[2026-03-18T08:00:32.444+0000] {logging_mixin.py:188} INFO - [2026-03-18T08:00:32.444+0000] {dag.py:3823} INFO - Setting next_dagrun for example_setup_teardown to 2026-03-17 00:00:00+00:00, run_after=2026-03-18 00:00:00+00:00
[2026-03-18T08:00:32.462+0000] {processor.py:183} INFO - Processing /home/airflow/.local/lib/python3.8/site-packages/airflow/example_dags/example_setup_teardown.py took 0.074 seconds
[2026-03-18T08:01:03.251+0000] {processor.py:161} INFO - Started process (PID=181) to work on /home/airflow/.local/lib/python3.8/site-packages/airflow/example_dags/example_setup_teardown.py
[2026-03-18T08:01:03.251+0000] {processor.py:830} INFO - Processing file /home/airflow/.local/lib/python3.8/site-packages/airflow/example_dags/example_setup_teardown.py for tasks to queue
[2026-03-18T08:01:03.252+0000] {logging_mixin.py:188} INFO - [2026-03-18T08:01:03.252+0000] {dagbag.py:538} INFO - Filling up the DagBag from /home/airflow/.local/lib/python3.8/site-packages/airflow/example_dags/example_setup_teardown.py
[2026-03-18T08:01:03.257+0000] {processor.py:840} INFO - DAG(s) 'example_setup_teardown' retrieved from /home/airflow/.local/lib/python3.8/site-packages/airflow/example_dags/example_setup_teardown.py
[2026-03-18T08:01:03.268+0000] {logging_mixin.py:188} INFO - [2026-03-18T08:01:03.268+0000] {dag.py:3036} INFO - Sync 1 DAGs
[2026-03-18T08:01:03.277+0000] {logging_mixin.py:188} INFO - [2026-03-18T08:01:03.277+0000] {dag.py:3823} INFO - Setting next_dagrun for example_setup_teardown to 2026-03-17 00:00:00+00:00, run_after=2026-03-18 00:00:00+00:00
[2026-03-18T08:01:03.286+0000] {processor.py:183} INFO - Processing /home/airflow/.local/lib/python3.8/site-packages/airflow/example_dags/example_setup_teardown.py took 0.037 seconds
[2026-03-18T08:01:33.750+0000] {processor.py:161} INFO - Started process (PID=237) to work on /home/airflow/.local/lib/python3.8/site-packages/airflow/example_dags/example_setup_teardown.py
[2026-03-18T08:01:33.752+0000] {processor.py:830} INFO - Processing file /home/airflow/.local/lib/python3.8/site-packages/airflow/example_dags/example_setup_teardown.py for tasks to queue
[2026-03-18T08:01:33.753+0000] {logging_mixin.py:188} INFO - [2026-03-18T08:01:33.753+0000] {dagbag.py:538} INFO - Filling up the DagBag from /home/airflow/.local/lib/python3.8/site-packages/airflow/example_dags/example_setup_teardown.py
[2026-03-18T08:01:33.756+0000] {processor.py:840} INFO - DAG(s) 'example_setup_teardown' retrieved from /home/airflow/.local/lib/python3.8/site-packages/airflow/example_dags/example_setup_teardown.py
[2026-03-18T08:01:33.768+0000] {logging_mixin.py:188} INFO - [2026-03-18T08:01:33.768+0000] {dag.py:3036} INFO - Sync 1 DAGs
[2026-03-18T08:01:33.779+0000] {logging_mixin.py:188} INFO - [2026-03-18T08:01:33.779+0000] {dag.py:3823} INFO - Setting next_dagrun for example_setup_teardown to 2026-03-17 00:00:00+00:00, run_after=2026-03-18 00:00:00+00:00
[2026-03-18T08:01:33.786+0000] {processor.py:183} INFO - Processing /home/airflow/.local/lib/python3.8/site-packages/airflow/example_dags/example_setup_teardown.py took 0.038 seconds
[2026-03-18T08:02:04.303+0000] {processor.py:161} INFO - Started process (PID=292) to work on /home/airflow/.local/lib/python3.8/site-packages/airflow/example_dags/example_setup_teardown.py
[2026-03-18T08:02:04.306+0000] {processor.py:830} INFO - Processing file /home/airflow/.local/lib/python3.8/site-packages/airflow/example_dags/example_setup_teardown.py for tasks to queue
[2026-03-18T08:02:04.308+0000] {logging_mixin.py:188} INFO - [2026-03-18T08:02:04.308+0000] {dagbag.py:538} INFO - Filling up the DagBag from /home/airflow/.local/lib/python3.8/site-packages/airflow/example_dags/example_setup_teardown.py
[2026-03-18T08:02:04.312+0000] {processor.py:840} INFO - DAG(s) 'example_setup_teardown' retrieved from /home/airflow/.local/lib/python3.8/site-packages/airflow/example_dags/example_setup_teardown.py
[2026-03-18T08:02:04.323+0000] {logging_mixin.py:188} INFO - [2026-03-18T08:02:04.323+0000] {dag.py:3036} INFO - Sync 1 DAGs
[2026-03-18T08:02:04.333+0000] {logging_mixin.py:188} INFO - [2026-03-18T08:02:04.333+0000] {dag.py:3823} INFO - Setting next_dagrun for example_setup_teardown to 2026-03-17 00:00:00+00:00, run_after=2026-03-18 00:00:00+00:00
[2026-03-18T08:02:04.341+0000] {processor.py:183} INFO - Processing /home/airflow/.local/lib/python3.8/site-packages/airflow/example_dags/example_setup_teardown.py took 0.040 seconds
[2026-03-18T08:02:34.912+0000] {processor.py:161} INFO - Started process (PID=348) to work on /home/airflow/.local/lib/python3.8/site-packages/airflow/example_dags/example_setup_teardown.py
[2026-03-18T08:02:34.912+0000] {processor.py:830} INFO - Processing file /home/airflow/.local/lib/python3.8/site-packages/airflow/example_dags/example_setup_teardown.py for tasks to queue
[2026-03-18T08:02:34.913+0000] {logging_mixin.py:188} INFO - [2026-03-18T08:02:34.913+0000] {dagbag.py:538} INFO - Filling up the DagBag from /home/airflow/.local/lib/python3.8/site-packages/airflow/example_dags/example_setup_teardown.py
[2026-03-18T08:02:34.916+0000] {processor.py:840} INFO - DAG(s) 'example_setup_teardown' retrieved from /home/airflow/.local/lib/python3.8/site-packages/airflow/example_dags/example_setup_teardown.py
[2026-03-18T08:02:34.926+0000] {logging_mixin.py:188} INFO - [2026-03-18T08:02:34.926+0000] {dag.py:3036} INFO - Sync 1 DAGs
[2026-03-18T08:02:34.938+0000] {logging_mixin.py:188} INFO - [2026-03-18T08:02:34.938+0000] {dag.py:3823} INFO - Setting next_dagrun for example_setup_teardown to 2026-03-17 00:00:00+00:00, run_after=2026-03-18 00:00:00+00:00
[2026-03-18T08:02:34.948+0000] {processor.py:183} INFO - Processing /home/airflow/.local/lib/python3.8/site-packages/airflow/example_dags/example_setup_teardown.py took 0.038 seconds
[2026-03-18T08:03:05.521+0000] {processor.py:161} INFO - Started process (PID=404) to work on /home/airflow/.local/lib/python3.8/site-packages/airflow/example_dags/example_setup_teardown.py
[2026-03-18T08:03:05.521+0000] {processor.py:830} INFO - Processing file /home/airflow/.local/lib/python3.8/site-packages/airflow/example_dags/example_setup_teardown.py for tasks to queue
[2026-03-18T08:03:05.522+0000] {logging_mixin.py:188} INFO - [2026-03-18T08:03:05.522+0000] {dagbag.py:538} INFO - Filling up the DagBag from /home/airflow/.local/lib/python3.8/site-packages/airflow/example_dags/example_setup_teardown.py
[2026-03-18T08:03:05.525+0000] {processor.py:840} INFO - DAG(s) 'example_setup_teardown' retrieved from /home/airflow/.local/lib/python3.8/site-packages/airflow/example_dags/example_setup_teardown.py
[2026-03-18T08:03:05.536+0000] {logging_mixin.py:188} INFO - [2026-03-18T08:03:05.536+0000] {dag.py:3036} INFO - Sync 1 DAGs
[2026-03-18T08:03:05.546+0000] {logging_mixin.py:188} INFO - [2026-03-18T08:03:05.546+0000] {dag.py:3823} INFO - Setting next_dagrun for example_setup_teardown to 2026-03-17 00:00:00+00:00, run_after=2026-03-18 00:00:00+00:00
[2026-03-18T08:03:05.557+0000] {processor.py:183} INFO - Processing /home/airflow/.local/lib/python3.8/site-packages/airflow/example_dags/example_setup_teardown.py took 0.038 seconds
[2026-03-18T08:03:36.139+0000] {processor.py:161} INFO - Started process (PID=466) to work on /home/airflow/.local/lib/python3.8/site-packages/airflow/example_dags/example_setup_teardown.py
[2026-03-18T08:03:36.140+0000] {processor.py:830} INFO - Processing file /home/airflow/.local/lib/python3.8/site-packages/airflow/example_dags/example_setup_teardown.py for tasks to queue
[2026-03-18T08:03:36.141+0000] {logging_mixin.py:188} INFO - [2026-03-18T08:03:36.141+0000] {dagbag.py:538} INFO - Filling up the DagBag from /home/airflow/.local/lib/python3.8/site-packages/airflow/example_dags/example_setup_teardown.py
[2026-03-18T08:03:36.144+0000] {processor.py:840} INFO - DAG(s) 'example_setup_teardown' retrieved from /home/airflow/.local/lib/python3.8/site-packages/airflow/example_dags/example_setup_teardown.py
[2026-03-18T08:03:36.155+0000] {logging_mixin.py:188} INFO - [2026-03-18T08:03:36.155+0000] {dag.py:3036} INFO - Sync 1 DAGs
[2026-03-18T08:03:36.165+0000] {logging_mixin.py:188} INFO - [2026-03-18T08:03:36.165+0000] {dag.py:3823} INFO - Setting next_dagrun for example_setup_teardown to 2026-03-17 00:00:00+00:00, run_after=2026-03-18 00:00:00+00:00
[2026-03-18T08:03:36.182+0000] {processor.py:183} INFO - Processing /home/airflow/.local/lib/python3.8/site-packages/airflow/example_dags/example_setup_teardown.py took 0.044 seconds
[2026-03-18T08:04:06.687+0000] {processor.py:161} INFO - Started process (PID=522) to work on /home/airflow/.local/lib/python3.8/site-packages/airflow/example_dags/example_setup_teardown.py
[2026-03-18T08:04:06.688+0000] {processor.py:830} INFO - Processing file /home/airflow/.local/lib/python3.8/site-packages/airflow/example_dags/example_setup_teardown.py for tasks to queue
[2026-03-18T08:04:06.689+0000] {logging_mixin.py:188} INFO - [2026-03-18T08:04:06.689+0000] {dagbag.py:538} INFO - Filling up the DagBag from /home/airflow/.local/lib/python3.8/site-packages/airflow/example_dags/example_setup_teardown.py
[2026-03-18T08:04:06.693+0000] {processor.py:840} INFO - DAG(s) 'example_setup_teardown' retrieved from /home/airflow/.local/lib/python3.8/site-packages/airflow/example_dags/example_setup_teardown.py
[2026-03-18T08:04:06.704+0000] {logging_mixin.py:188} INFO - [2026-03-18T08:04:06.703+0000] {dag.py:3036} INFO - Sync 1 DAGs
[2026-03-18T08:04:06.714+0000] {logging_mixin.py:188} INFO - [2026-03-18T08:04:06.714+0000] {dag.py:3823} INFO - Setting next_dagrun for example_setup_teardown to 2026-03-17 00:00:00+00:00, run_after=2026-03-18 00:00:00+00:00
[2026-03-18T08:04:06.726+0000] {processor.py:183} INFO - Processing /home/airflow/.local/lib/python3.8/site-packages/airflow/example_dags/example_setup_teardown.py took 0.041 seconds
[2026-03-18T08:04:29.562+0000] {processor.py:161} INFO - Started process (PID=70) to work on /home/airflow/.local/lib/python3.8/site-packages/airflow/example_dags/example_setup_teardown.py
[2026-03-18T08:04:29.564+0000] {processor.py:830} INFO - Processing file /home/airflow/.local/lib/python3.8/site-packages/airflow/example_dags/example_setup_teardown.py for tasks to queue
[2026-03-18T08:04:29.565+0000] {logging_mixin.py:188} INFO - [2026-03-18T08:04:29.565+0000] {dagbag.py:538} INFO - Filling up the DagBag from /home/airflow/.local/lib/python3.8/site-packages/airflow/example_dags/example_setup_teardown.py
[2026-03-18T08:04:29.569+0000] {processor.py:840} INFO - DAG(s) 'example_setup_teardown' retrieved from /home/airflow/.local/lib/python3.8/site-packages/airflow/example_dags/example_setup_teardown.py
[2026-03-18T08:04:29.581+0000] {logging_mixin.py:188} INFO - [2026-03-18T08:04:29.581+0000] {dag.py:3036} INFO - Sync 1 DAGs
[2026-03-18T08:04:29.593+0000] {logging_mixin.py:188} INFO - [2026-03-18T08:04:29.593+0000] {dag.py:3823} INFO - Setting next_dagrun for example_setup_teardown to 2026-03-17 00:00:00+00:00, run_after=2026-03-18 00:00:00+00:00
[2026-03-18T08:04:29.608+0000] {processor.py:183} INFO - Processing /home/airflow/.local/lib/python3.8/site-packages/airflow/example_dags/example_setup_teardown.py took 0.048 seconds
[2026-03-18T08:05:00.105+0000] {processor.py:161} INFO - Started process (PID=126) to work on /home/airflow/.local/lib/python3.8/site-packages/airflow/example_dags/example_setup_teardown.py
[2026-03-18T08:05:00.108+0000] {processor.py:830} INFO - Processing file /home/airflow/.local/lib/python3.8/site-packages/airflow/example_dags/example_setup_teardown.py for tasks to queue
[2026-03-18T08:05:00.110+0000] {logging_mixin.py:188} INFO - [2026-03-18T08:05:00.109+0000] {dagbag.py:538} INFO - Filling up the DagBag from /home/airflow/.local/lib/python3.8/site-packages/airflow/example_dags/example_setup_teardown.py
[2026-03-18T08:05:00.113+0000] {processor.py:840} INFO - DAG(s) 'example_setup_teardown' retrieved from /home/airflow/.local/lib/python3.8/site-packages/airflow/example_dags/example_setup_teardown.py
[2026-03-18T08:05:00.163+0000] {logging_mixin.py:188} INFO - [2026-03-18T08:05:00.162+0000] {dag.py:3036} INFO - Sync 1 DAGs
[2026-03-18T08:05:00.173+0000] {logging_mixin.py:188} INFO - [2026-03-18T08:05:00.173+0000] {dag.py:3823} INFO - Setting next_dagrun for example_setup_teardown to 2026-03-17 00:00:00+00:00, run_after=2026-03-18 00:00:00+00:00
[2026-03-18T08:05:00.182+0000] {processor.py:183} INFO - Processing /home/airflow/.local/lib/python3.8/site-packages/airflow/example_dags/example_setup_teardown.py took 0.078 seconds
[2026-03-18T08:05:31.153+0000] {processor.py:161} INFO - Started process (PID=181) to work on /home/airflow/.local/lib/python3.8/site-packages/airflow/example_dags/example_setup_teardown.py
[2026-03-18T08:05:31.156+0000] {processor.py:830} INFO - Processing file /home/airflow/.local/lib/python3.8/site-packages/airflow/example_dags/example_setup_teardown.py for tasks to queue
[2026-03-18T08:05:31.160+0000] {logging_mixin.py:188} INFO - [2026-03-18T08:05:31.159+0000] {dagbag.py:538} INFO - Filling up the DagBag from /home/airflow/.local/lib/python3.8/site-packages/airflow/example_dags/example_setup_teardown.py
[2026-03-18T08:05:31.166+0000] {processor.py:840} INFO - DAG(s) 'example_setup_teardown' retrieved from /home/airflow/.local/lib/python3.8/site-packages/airflow/example_dags/example_setup_teardown.py
[2026-03-18T08:05:31.185+0000] {logging_mixin.py:188} INFO - [2026-03-18T08:05:31.185+0000] {dag.py:3036} INFO - Sync 1 DAGs
[2026-03-18T08:05:31.201+0000] {logging_mixin.py:188} INFO - [2026-03-18T08:05:31.201+0000] {dag.py:3823} INFO - Setting next_dagrun for example_setup_teardown to 2026-03-17 00:00:00+00:00, run_after=2026-03-18 00:00:00+00:00
[2026-03-18T08:05:31.219+0000] {processor.py:183} INFO - Processing /home/airflow/.local/lib/python3.8/site-packages/airflow/example_dags/example_setup_teardown.py took 0.075 seconds
[2026-03-18T08:06:14.687+0000] {processor.py:161} INFO - Started process (PID=116) to work on /home/airflow/.local/lib/python3.8/site-packages/airflow/example_dags/example_setup_teardown.py
[2026-03-18T08:06:14.689+0000] {processor.py:830} INFO - Processing file /home/airflow/.local/lib/python3.8/site-packages/airflow/example_dags/example_setup_teardown.py for tasks to queue
[2026-03-18T08:06:14.691+0000] {logging_mixin.py:188} INFO - [2026-03-18T08:06:14.690+0000] {dagbag.py:538} INFO - Filling up the DagBag from /home/airflow/.local/lib/python3.8/site-packages/airflow/example_dags/example_setup_teardown.py
[2026-03-18T08:06:14.695+0000] {processor.py:840} INFO - DAG(s) 'example_setup_teardown' retrieved from /home/airflow/.local/lib/python3.8/site-packages/airflow/example_dags/example_setup_teardown.py
[2026-03-18T08:06:14.739+0000] {logging_mixin.py:188} INFO - [2026-03-18T08:06:14.739+0000] {dag.py:3036} INFO - Sync 1 DAGs
[2026-03-18T08:06:14.749+0000] {logging_mixin.py:188} INFO - [2026-03-18T08:06:14.749+0000] {dag.py:3823} INFO - Setting next_dagrun for example_setup_teardown to 2026-03-17 00:00:00+00:00, run_after=2026-03-18 00:00:00+00:00
[2026-03-18T08:06:14.760+0000] {processor.py:183} INFO - Processing /home/airflow/.local/lib/python3.8/site-packages/airflow/example_dags/example_setup_teardown.py took 0.074 seconds
[2026-03-18T08:06:45.428+0000] {processor.py:161} INFO - Started process (PID=172) to work on /home/airflow/.local/lib/python3.8/site-packages/airflow/example_dags/example_setup_teardown.py
[2026-03-18T08:06:45.428+0000] {processor.py:830} INFO - Processing file /home/airflow/.local/lib/python3.8/site-packages/airflow/example_dags/example_setup_teardown.py for tasks to queue
[2026-03-18T08:06:45.429+0000] {logging_mixin.py:188} INFO - [2026-03-18T08:06:45.429+0000] {dagbag.py:538} INFO - Filling up the DagBag from /home/airflow/.local/lib/python3.8/site-packages/airflow/example_dags/example_setup_teardown.py
[2026-03-18T08:06:45.432+0000] {processor.py:840} INFO - DAG(s) 'example_setup_teardown' retrieved from /home/airflow/.local/lib/python3.8/site-packages/airflow/example_dags/example_setup_teardown.py
[2026-03-18T08:06:45.444+0000] {logging_mixin.py:188} INFO - [2026-03-18T08:06:45.444+0000] {dag.py:3036} INFO - Sync 1 DAGs
[2026-03-18T08:06:45.456+0000] {logging_mixin.py:188} INFO - [2026-03-18T08:06:45.455+0000] {dag.py:3823} INFO - Setting next_dagrun for example_setup_teardown to 2026-03-17 00:00:00+00:00, run_after=2026-03-18 00:00:00+00:00
[2026-03-18T08:06:45.475+0000] {processor.py:183} INFO - Processing /home/airflow/.local/lib/python3.8/site-packages/airflow/example_dags/example_setup_teardown.py took 0.049 seconds
[2026-03-18T08:07:16.095+0000] {processor.py:161} INFO - Started process (PID=234) to work on /home/airflow/.local/lib/python3.8/site-packages/airflow/example_dags/example_setup_teardown.py
[2026-03-18T08:07:16.096+0000] {processor.py:830} INFO - Processing file /home/airflow/.local/lib/python3.8/site-packages/airflow/example_dags/example_setup_teardown.py for tasks to queue
[2026-03-18T08:07:16.098+0000] {logging_mixin.py:188} INFO - [2026-03-18T08:07:16.098+0000] {dagbag.py:538} INFO - Filling up the DagBag from /home/airflow/.local/lib/python3.8/site-packages/airflow/example_dags/example_setup_teardown.py
[2026-03-18T08:07:16.101+0000] {processor.py:840} INFO - DAG(s) 'example_setup_teardown' retrieved from /home/airflow/.local/lib/python3.8/site-packages/airflow/example_dags/example_setup_teardown.py
[2026-03-18T08:07:16.111+0000] {logging_mixin.py:188} INFO - [2026-03-18T08:07:16.111+0000] {dag.py:3036} INFO - Sync 1 DAGs
[2026-03-18T08:07:16.120+0000] {logging_mixin.py:188} INFO - [2026-03-18T08:07:16.120+0000] {dag.py:3823} INFO - Setting next_dagrun for example_setup_teardown to 2026-03-17 00:00:00+00:00, run_after=2026-03-18 00:00:00+00:00
[2026-03-18T08:07:16.129+0000] {processor.py:183} INFO - Processing /home/airflow/.local/lib/python3.8/site-packages/airflow/example_dags/example_setup_teardown.py took 0.035 seconds
[2026-03-18T08:07:46.622+0000] {processor.py:161} INFO - Started process (PID=290) to work on /home/airflow/.local/lib/python3.8/site-packages/airflow/example_dags/example_setup_teardown.py
[2026-03-18T08:07:46.623+0000] {processor.py:830} INFO - Processing file /home/airflow/.local/lib/python3.8/site-packages/airflow/example_dags/example_setup_teardown.py for tasks to queue
[2026-03-18T08:07:46.623+0000] {logging_mixin.py:188} INFO - [2026-03-18T08:07:46.623+0000] {dagbag.py:538} INFO - Filling up the DagBag from /home/airflow/.local/lib/python3.8/site-packages/airflow/example_dags/example_setup_teardown.py
[2026-03-18T08:07:46.626+0000] {processor.py:840} INFO - DAG(s) 'example_setup_teardown' retrieved from /home/airflow/.local/lib/python3.8/site-packages/airflow/example_dags/example_setup_teardown.py
[2026-03-18T08:07:46.636+0000] {logging_mixin.py:188} INFO - [2026-03-18T08:07:46.636+0000] {dag.py:3036} INFO - Sync 1 DAGs
[2026-03-18T08:07:46.644+0000] {logging_mixin.py:188} INFO - [2026-03-18T08:07:46.644+0000] {dag.py:3823} INFO - Setting next_dagrun for example_setup_teardown to 2026-03-17 00:00:00+00:00, run_after=2026-03-18 00:00:00+00:00
[2026-03-18T08:07:46.650+0000] {processor.py:183} INFO - Processing /home/airflow/.local/lib/python3.8/site-packages/airflow/example_dags/example_setup_teardown.py took 0.030 seconds
[2026-03-18T08:08:17.134+0000] {processor.py:161} INFO - Started process (PID=346) to work on /home/airflow/.local/lib/python3.8/site-packages/airflow/example_dags/example_setup_teardown.py
[2026-03-18T08:08:17.135+0000] {processor.py:830} INFO - Processing file /home/airflow/.local/lib/python3.8/site-packages/airflow/example_dags/example_setup_teardown.py for tasks to queue
[2026-03-18T08:08:17.136+0000] {logging_mixin.py:188} INFO - [2026-03-18T08:08:17.136+0000] {dagbag.py:538} INFO - Filling up the DagBag from /home/airflow/.local/lib/python3.8/site-packages/airflow/example_dags/example_setup_teardown.py
[2026-03-18T08:08:17.139+0000] {processor.py:840} INFO - DAG(s) 'example_setup_teardown' retrieved from /home/airflow/.local/lib/python3.8/site-packages/airflow/example_dags/example_setup_teardown.py
[2026-03-18T08:08:17.150+0000] {logging_mixin.py:188} INFO - [2026-03-18T08:08:17.150+0000] {dag.py:3036} INFO - Sync 1 DAGs
[2026-03-18T08:08:17.163+0000] {logging_mixin.py:188} INFO - [2026-03-18T08:08:17.163+0000] {dag.py:3823} INFO - Setting next_dagrun for example_setup_teardown to 2026-03-17 00:00:00+00:00, run_after=2026-03-18 00:00:00+00:00
[2026-03-18T08:08:17.179+0000] {processor.py:183} INFO - Processing /home/airflow/.local/lib/python3.8/site-packages/airflow/example_dags/example_setup_teardown.py took 0.046 seconds
[2026-03-18T08:08:47.668+0000] {processor.py:161} INFO - Started process (PID=402) to work on /home/airflow/.local/lib/python3.8/site-packages/airflow/example_dags/example_setup_teardown.py
[2026-03-18T08:08:47.670+0000] {processor.py:830} INFO - Processing file /home/airflow/.local/lib/python3.8/site-packages/airflow/example_dags/example_setup_teardown.py for tasks to queue
[2026-03-18T08:08:47.672+0000] {logging_mixin.py:188} INFO - [2026-03-18T08:08:47.672+0000] {dagbag.py:538} INFO - Filling up the DagBag from /home/airflow/.local/lib/python3.8/site-packages/airflow/example_dags/example_setup_teardown.py
[2026-03-18T08:08:47.674+0000] {processor.py:840} INFO - DAG(s) 'example_setup_teardown' retrieved from /home/airflow/.local/lib/python3.8/site-packages/airflow/example_dags/example_setup_teardown.py
[2026-03-18T08:08:47.683+0000] {logging_mixin.py:188} INFO - [2026-03-18T08:08:47.683+0000] {dag.py:3036} INFO - Sync 1 DAGs
[2026-03-18T08:08:47.693+0000] {logging_mixin.py:188} INFO - [2026-03-18T08:08:47.692+0000] {dag.py:3823} INFO - Setting next_dagrun for example_setup_teardown to 2026-03-17 00:00:00+00:00, run_after=2026-03-18 00:00:00+00:00
[2026-03-18T08:08:47.703+0000] {processor.py:183} INFO - Processing /home/airflow/.local/lib/python3.8/site-packages/airflow/example_dags/example_setup_teardown.py took 0.037 seconds
[2026-03-18T08:09:18.197+0000] {processor.py:161} INFO - Started process (PID=458) to work on /home/airflow/.local/lib/python3.8/site-packages/airflow/example_dags/example_setup_teardown.py
[2026-03-18T08:09:18.197+0000] {processor.py:830} INFO - Processing file /home/airflow/.local/lib/python3.8/site-packages/airflow/example_dags/example_setup_teardown.py for tasks to queue
[2026-03-18T08:09:18.199+0000] {logging_mixin.py:188} INFO - [2026-03-18T08:09:18.198+0000] {dagbag.py:538} INFO - Filling up the DagBag from /home/airflow/.local/lib/python3.8/site-packages/airflow/example_dags/example_setup_teardown.py
[2026-03-18T08:09:18.202+0000] {processor.py:840} INFO - DAG(s) 'example_setup_teardown' retrieved from /home/airflow/.local/lib/python3.8/site-packages/airflow/example_dags/example_setup_teardown.py
[2026-03-18T08:09:18.210+0000] {logging_mixin.py:188} INFO - [2026-03-18T08:09:18.210+0000] {dag.py:3036} INFO - Sync 1 DAGs
[2026-03-18T08:09:18.222+0000] {logging_mixin.py:188} INFO - [2026-03-18T08:09:18.222+0000] {dag.py:3823} INFO - Setting next_dagrun for example_setup_teardown to 2026-03-17 00:00:00+00:00, run_after=2026-03-18 00:00:00+00:00
[2026-03-18T08:09:18.235+0000] {processor.py:183} INFO - Processing /home/airflow/.local/lib/python3.8/site-packages/airflow/example_dags/example_setup_teardown.py took 0.041 seconds
[2026-03-18T08:09:48.724+0000] {processor.py:161} INFO - Started process (PID=514) to work on /home/airflow/.local/lib/python3.8/site-packages/airflow/example_dags/example_setup_teardown.py
[2026-03-18T08:09:48.725+0000] {processor.py:830} INFO - Processing file /home/airflow/.local/lib/python3.8/site-packages/airflow/example_dags/example_setup_teardown.py for tasks to queue
[2026-03-18T08:09:48.725+0000] {logging_mixin.py:188} INFO - [2026-03-18T08:09:48.725+0000] {dagbag.py:538} INFO - Filling up the DagBag from /home/airflow/.local/lib/python3.8/site-packages/airflow/example_dags/example_setup_teardown.py
[2026-03-18T08:09:48.729+0000] {processor.py:840} INFO - DAG(s) 'example_setup_teardown' retrieved from /home/airflow/.local/lib/python3.8/site-packages/airflow/example_dags/example_setup_teardown.py
[2026-03-18T08:09:48.741+0000] {logging_mixin.py:188} INFO - [2026-03-18T08:09:48.741+0000] {dag.py:3036} INFO - Sync 1 DAGs
[2026-03-18T08:09:48.751+0000] {logging_mixin.py:188} INFO - [2026-03-18T08:09:48.751+0000] {dag.py:3823} INFO - Setting next_dagrun for example_setup_teardown to 2026-03-17 00:00:00+00:00, run_after=2026-03-18 00:00:00+00:00
[2026-03-18T08:09:48.763+0000] {processor.py:183} INFO - Processing /home/airflow/.local/lib/python3.8/site-packages/airflow/example_dags/example_setup_teardown.py took 0.041 seconds
[2026-03-18T08:10:19.267+0000] {processor.py:161} INFO - Started process (PID=570) to work on /home/airflow/.local/lib/python3.8/site-packages/airflow/example_dags/example_setup_teardown.py
[2026-03-18T08:10:19.268+0000] {processor.py:830} INFO - Processing file /home/airflow/.local/lib/python3.8/site-packages/airflow/example_dags/example_setup_teardown.py for tasks to queue
[2026-03-18T08:10:19.269+0000] {logging_mixin.py:188} INFO - [2026-03-18T08:10:19.269+0000] {dagbag.py:538} INFO - Filling up the DagBag from /home/airflow/.local/lib/python3.8/site-packages/airflow/example_dags/example_setup_teardown.py
[2026-03-18T08:10:19.272+0000] {processor.py:840} INFO - DAG(s) 'example_setup_teardown' retrieved from /home/airflow/.local/lib/python3.8/site-packages/airflow/example_dags/example_setup_teardown.py
[2026-03-18T08:10:19.282+0000] {logging_mixin.py:188} INFO - [2026-03-18T08:10:19.282+0000] {dag.py:3036} INFO - Sync 1 DAGs
[2026-03-18T08:10:19.291+0000] {logging_mixin.py:188} INFO - [2026-03-18T08:10:19.290+0000] {dag.py:3823} INFO - Setting next_dagrun for example_setup_teardown to 2026-03-17 00:00:00+00:00, run_after=2026-03-18 00:00:00+00:00
[2026-03-18T08:10:19.303+0000] {processor.py:183} INFO - Processing /home/airflow/.local/lib/python3.8/site-packages/airflow/example_dags/example_setup_teardown.py took 0.038 seconds
[2026-03-18T08:10:49.800+0000] {processor.py:161} INFO - Started process (PID=626) to work on /home/airflow/.local/lib/python3.8/site-packages/airflow/example_dags/example_setup_teardown.py
[2026-03-18T08:10:49.801+0000] {processor.py:830} INFO - Processing file /home/airflow/.local/lib/python3.8/site-packages/airflow/example_dags/example_setup_teardown.py for tasks to queue
[2026-03-18T08:10:49.802+0000] {logging_mixin.py:188} INFO - [2026-03-18T08:10:49.802+0000] {dagbag.py:538} INFO - Filling up the DagBag from /home/airflow/.local/lib/python3.8/site-packages/airflow/example_dags/example_setup_teardown.py
[2026-03-18T08:10:49.805+0000] {processor.py:840} INFO - DAG(s) 'example_setup_teardown' retrieved from /home/airflow/.local/lib/python3.8/site-packages/airflow/example_dags/example_setup_teardown.py
[2026-03-18T08:10:49.813+0000] {logging_mixin.py:188} INFO - [2026-03-18T08:10:49.813+0000] {dag.py:3036} INFO - Sync 1 DAGs
[2026-03-18T08:10:49.821+0000] {logging_mixin.py:188} INFO - [2026-03-18T08:10:49.821+0000] {dag.py:3823} INFO - Setting next_dagrun for example_setup_teardown to 2026-03-17 00:00:00+00:00, run_after=2026-03-18 00:00:00+00:00
[2026-03-18T08:10:49.827+0000] {processor.py:183} INFO - Processing /home/airflow/.local/lib/python3.8/site-packages/airflow/example_dags/example_setup_teardown.py took 0.029 seconds
[2026-03-18T08:11:20.269+0000] {processor.py:161} INFO - Started process (PID=682) to work on /home/airflow/.local/lib/python3.8/site-packages/airflow/example_dags/example_setup_teardown.py
[2026-03-18T08:11:20.270+0000] {processor.py:830} INFO - Processing file /home/airflow/.local/lib/python3.8/site-packages/airflow/example_dags/example_setup_teardown.py for tasks to queue
[2026-03-18T08:11:20.271+0000] {logging_mixin.py:188} INFO - [2026-03-18T08:11:20.271+0000] {dagbag.py:538} INFO - Filling up the DagBag from /home/airflow/.local/lib/python3.8/site-packages/airflow/example_dags/example_setup_teardown.py
[2026-03-18T08:11:20.274+0000] {processor.py:840} INFO - DAG(s) 'example_setup_teardown' retrieved from /home/airflow/.local/lib/python3.8/site-packages/airflow/example_dags/example_setup_teardown.py
[2026-03-18T08:11:20.283+0000] {logging_mixin.py:188} INFO - [2026-03-18T08:11:20.283+0000] {dag.py:3036} INFO - Sync 1 DAGs
[2026-03-18T08:11:20.296+0000] {logging_mixin.py:188} INFO - [2026-03-18T08:11:20.295+0000] {dag.py:3823} INFO - Setting next_dagrun for example_setup_teardown to 2026-03-17 00:00:00+00:00, run_after=2026-03-18 00:00:00+00:00
[2026-03-18T08:11:20.309+0000] {processor.py:183} INFO - Processing /home/airflow/.local/lib/python3.8/site-packages/airflow/example_dags/example_setup_teardown.py took 0.042 seconds
[2026-03-18T08:11:50.810+0000] {processor.py:161} INFO - Started process (PID=738) to work on /home/airflow/.local/lib/python3.8/site-packages/airflow/example_dags/example_setup_teardown.py
[2026-03-18T08:11:50.811+0000] {processor.py:830} INFO - Processing file /home/airflow/.local/lib/python3.8/site-packages/airflow/example_dags/example_setup_teardown.py for tasks to queue
[2026-03-18T08:11:50.812+0000] {logging_mixin.py:188} INFO - [2026-03-18T08:11:50.812+0000] {dagbag.py:538} INFO - Filling up the DagBag from /home/airflow/.local/lib/python3.8/site-packages/airflow/example_dags/example_setup_teardown.py
[2026-03-18T08:11:50.815+0000] {processor.py:840} INFO - DAG(s) 'example_setup_teardown' retrieved from /home/airflow/.local/lib/python3.8/site-packages/airflow/example_dags/example_setup_teardown.py
[2026-03-18T08:11:50.824+0000] {logging_mixin.py:188} INFO - [2026-03-18T08:11:50.824+0000] {dag.py:3036} INFO - Sync 1 DAGs
[2026-03-18T08:11:50.833+0000] {logging_mixin.py:188} INFO - [2026-03-18T08:11:50.833+0000] {dag.py:3823} INFO - Setting next_dagrun for example_setup_teardown to 2026-03-17 00:00:00+00:00, run_after=2026-03-18 00:00:00+00:00
[2026-03-18T08:11:50.846+0000] {processor.py:183} INFO - Processing /home/airflow/.local/lib/python3.8/site-packages/airflow/example_dags/example_setup_teardown.py took 0.037 seconds
[2026-03-18T08:12:21.367+0000] {processor.py:161} INFO - Started process (PID=794) to work on /home/airflow/.local/lib/python3.8/site-packages/airflow/example_dags/example_setup_teardown.py
[2026-03-18T08:12:21.368+0000] {processor.py:830} INFO - Processing file /home/airflow/.local/lib/python3.8/site-packages/airflow/example_dags/example_setup_teardown.py for tasks to queue
[2026-03-18T08:12:21.370+0000] {logging_mixin.py:188} INFO - [2026-03-18T08:12:21.370+0000] {dagbag.py:538} INFO - Filling up the DagBag from /home/airflow/.local/lib/python3.8/site-packages/airflow/example_dags/example_setup_teardown.py
[2026-03-18T08:12:21.374+0000] {processor.py:840} INFO - DAG(s) 'example_setup_teardown' retrieved from /home/airflow/.local/lib/python3.8/site-packages/airflow/example_dags/example_setup_teardown.py
[2026-03-18T08:12:21.385+0000] {logging_mixin.py:188} INFO - [2026-03-18T08:12:21.385+0000] {dag.py:3036} INFO - Sync 1 DAGs
[2026-03-18T08:12:21.395+0000] {logging_mixin.py:188} INFO - [2026-03-18T08:12:21.394+0000] {dag.py:3823} INFO - Setting next_dagrun for example_setup_teardown to 2026-03-17 00:00:00+00:00, run_after=2026-03-18 00:00:00+00:00
[2026-03-18T08:12:21.406+0000] {processor.py:183} INFO - Processing /home/airflow/.local/lib/python3.8/site-packages/airflow/example_dags/example_setup_teardown.py took 0.041 seconds
[2026-03-18T08:12:51.737+0000] {processor.py:161} INFO - Started process (PID=850) to work on /home/airflow/.local/lib/python3.8/site-packages/airflow/example_dags/example_setup_teardown.py
[2026-03-18T08:12:51.737+0000] {processor.py:830} INFO - Processing file /home/airflow/.local/lib/python3.8/site-packages/airflow/example_dags/example_setup_teardown.py for tasks to queue
[2026-03-18T08:12:51.738+0000] {logging_mixin.py:188} INFO - [2026-03-18T08:12:51.738+0000] {dagbag.py:538} INFO - Filling up the DagBag from /home/airflow/.local/lib/python3.8/site-packages/airflow/example_dags/example_setup_teardown.py
[2026-03-18T08:12:51.741+0000] {processor.py:840} INFO - DAG(s) 'example_setup_teardown' retrieved from /home/airflow/.local/lib/python3.8/site-packages/airflow/example_dags/example_setup_teardown.py
[2026-03-18T08:12:51.752+0000] {logging_mixin.py:188} INFO - [2026-03-18T08:12:51.752+0000] {dag.py:3036} INFO - Sync 1 DAGs
[2026-03-18T08:12:51.763+0000] {logging_mixin.py:188} INFO - [2026-03-18T08:12:51.763+0000] {dag.py:3823} INFO - Setting next_dagrun for example_setup_teardown to 2026-03-17 00:00:00+00:00, run_after=2026-03-18 00:00:00+00:00
[2026-03-18T08:12:51.777+0000] {processor.py:183} INFO - Processing /home/airflow/.local/lib/python3.8/site-packages/airflow/example_dags/example_setup_teardown.py took 0.041 seconds
