[2026-03-18T07:45:19.615+0000] {processor.py:161} INFO - Started process (PID=89) to work on /home/airflow/.local/lib/python3.8/site-packages/airflow/example_dags/example_complex.py
[2026-03-18T07:45:19.615+0000] {processor.py:830} INFO - Processing file /home/airflow/.local/lib/python3.8/site-packages/airflow/example_dags/example_complex.py for tasks to queue
[2026-03-18T07:45:19.616+0000] {logging_mixin.py:188} INFO - [2026-03-18T07:45:19.616+0000] {dagbag.py:538} INFO - Filling up the DagBag from /home/airflow/.local/lib/python3.8/site-packages/airflow/example_dags/example_complex.py
[2026-03-18T07:45:19.622+0000] {processor.py:840} INFO - DAG(s) 'example_complex' retrieved from /home/airflow/.local/lib/python3.8/site-packages/airflow/example_dags/example_complex.py
[2026-03-18T07:45:19.669+0000] {logging_mixin.py:188} INFO - [2026-03-18T07:45:19.669+0000] {override.py:1769} INFO - Created Permission View: can read on DAG:example_complex
[2026-03-18T07:45:19.672+0000] {logging_mixin.py:188} INFO - [2026-03-18T07:45:19.672+0000] {override.py:1769} INFO - Created Permission View: can delete on DAG:example_complex
[2026-03-18T07:45:19.675+0000] {logging_mixin.py:188} INFO - [2026-03-18T07:45:19.674+0000] {override.py:1769} INFO - Created Permission View: can edit on DAG:example_complex
[2026-03-18T07:45:19.675+0000] {logging_mixin.py:188} INFO - [2026-03-18T07:45:19.675+0000] {dag.py:3036} INFO - Sync 1 DAGs
[2026-03-18T07:45:19.680+0000] {logging_mixin.py:188} INFO - [2026-03-18T07:45:19.679+0000] {dag.py:3058} INFO - Creating ORM DAG for example_complex
[2026-03-18T07:45:19.680+0000] {logging_mixin.py:188} INFO - [2026-03-18T07:45:19.680+0000] {dag.py:3823} INFO - Setting next_dagrun for example_complex to None, run_after=None
[2026-03-18T07:45:19.687+0000] {processor.py:183} INFO - Processing /home/airflow/.local/lib/python3.8/site-packages/airflow/example_dags/example_complex.py took 0.073 seconds
[2026-03-18T07:45:49.972+0000] {processor.py:161} INFO - Started process (PID=144) to work on /home/airflow/.local/lib/python3.8/site-packages/airflow/example_dags/example_complex.py
[2026-03-18T07:45:49.972+0000] {processor.py:830} INFO - Processing file /home/airflow/.local/lib/python3.8/site-packages/airflow/example_dags/example_complex.py for tasks to queue
[2026-03-18T07:45:49.974+0000] {logging_mixin.py:188} INFO - [2026-03-18T07:45:49.974+0000] {dagbag.py:538} INFO - Filling up the DagBag from /home/airflow/.local/lib/python3.8/site-packages/airflow/example_dags/example_complex.py
[2026-03-18T07:45:49.979+0000] {processor.py:840} INFO - DAG(s) 'example_complex' retrieved from /home/airflow/.local/lib/python3.8/site-packages/airflow/example_dags/example_complex.py
[2026-03-18T07:45:49.996+0000] {logging_mixin.py:188} INFO - [2026-03-18T07:45:49.996+0000] {dag.py:3036} INFO - Sync 1 DAGs
[2026-03-18T07:45:50.002+0000] {logging_mixin.py:188} INFO - [2026-03-18T07:45:50.002+0000] {dag.py:3823} INFO - Setting next_dagrun for example_complex to None, run_after=None
[2026-03-18T07:45:50.010+0000] {processor.py:183} INFO - Processing /home/airflow/.local/lib/python3.8/site-packages/airflow/example_dags/example_complex.py took 0.041 seconds
[2026-03-18T07:46:20.362+0000] {processor.py:161} INFO - Started process (PID=199) to work on /home/airflow/.local/lib/python3.8/site-packages/airflow/example_dags/example_complex.py
[2026-03-18T07:46:20.362+0000] {processor.py:830} INFO - Processing file /home/airflow/.local/lib/python3.8/site-packages/airflow/example_dags/example_complex.py for tasks to queue
[2026-03-18T07:46:20.363+0000] {logging_mixin.py:188} INFO - [2026-03-18T07:46:20.363+0000] {dagbag.py:538} INFO - Filling up the DagBag from /home/airflow/.local/lib/python3.8/site-packages/airflow/example_dags/example_complex.py
[2026-03-18T07:46:20.368+0000] {processor.py:840} INFO - DAG(s) 'example_complex' retrieved from /home/airflow/.local/lib/python3.8/site-packages/airflow/example_dags/example_complex.py
[2026-03-18T07:46:20.379+0000] {logging_mixin.py:188} INFO - [2026-03-18T07:46:20.379+0000] {dag.py:3036} INFO - Sync 1 DAGs
[2026-03-18T07:46:20.384+0000] {logging_mixin.py:188} INFO - [2026-03-18T07:46:20.384+0000] {dag.py:3823} INFO - Setting next_dagrun for example_complex to None, run_after=None
[2026-03-18T07:46:20.393+0000] {processor.py:183} INFO - Processing /home/airflow/.local/lib/python3.8/site-packages/airflow/example_dags/example_complex.py took 0.033 seconds
[2026-03-18T07:46:50.654+0000] {processor.py:161} INFO - Started process (PID=254) to work on /home/airflow/.local/lib/python3.8/site-packages/airflow/example_dags/example_complex.py
[2026-03-18T07:46:50.655+0000] {processor.py:830} INFO - Processing file /home/airflow/.local/lib/python3.8/site-packages/airflow/example_dags/example_complex.py for tasks to queue
[2026-03-18T07:46:50.656+0000] {logging_mixin.py:188} INFO - [2026-03-18T07:46:50.656+0000] {dagbag.py:538} INFO - Filling up the DagBag from /home/airflow/.local/lib/python3.8/site-packages/airflow/example_dags/example_complex.py
[2026-03-18T07:46:50.660+0000] {processor.py:840} INFO - DAG(s) 'example_complex' retrieved from /home/airflow/.local/lib/python3.8/site-packages/airflow/example_dags/example_complex.py
[2026-03-18T07:46:50.672+0000] {logging_mixin.py:188} INFO - [2026-03-18T07:46:50.672+0000] {dag.py:3036} INFO - Sync 1 DAGs
[2026-03-18T07:46:50.678+0000] {logging_mixin.py:188} INFO - [2026-03-18T07:46:50.678+0000] {dag.py:3823} INFO - Setting next_dagrun for example_complex to None, run_after=None
[2026-03-18T07:46:50.685+0000] {processor.py:183} INFO - Processing /home/airflow/.local/lib/python3.8/site-packages/airflow/example_dags/example_complex.py took 0.032 seconds
[2026-03-18T07:47:21.073+0000] {processor.py:161} INFO - Started process (PID=309) to work on /home/airflow/.local/lib/python3.8/site-packages/airflow/example_dags/example_complex.py
[2026-03-18T07:47:21.074+0000] {processor.py:830} INFO - Processing file /home/airflow/.local/lib/python3.8/site-packages/airflow/example_dags/example_complex.py for tasks to queue
[2026-03-18T07:47:21.075+0000] {logging_mixin.py:188} INFO - [2026-03-18T07:47:21.074+0000] {dagbag.py:538} INFO - Filling up the DagBag from /home/airflow/.local/lib/python3.8/site-packages/airflow/example_dags/example_complex.py
[2026-03-18T07:47:21.080+0000] {processor.py:840} INFO - DAG(s) 'example_complex' retrieved from /home/airflow/.local/lib/python3.8/site-packages/airflow/example_dags/example_complex.py
[2026-03-18T07:47:21.092+0000] {logging_mixin.py:188} INFO - [2026-03-18T07:47:21.092+0000] {dag.py:3036} INFO - Sync 1 DAGs
[2026-03-18T07:47:21.098+0000] {logging_mixin.py:188} INFO - [2026-03-18T07:47:21.098+0000] {dag.py:3823} INFO - Setting next_dagrun for example_complex to None, run_after=None
[2026-03-18T07:47:21.106+0000] {processor.py:183} INFO - Processing /home/airflow/.local/lib/python3.8/site-packages/airflow/example_dags/example_complex.py took 0.035 seconds
[2026-03-18T07:47:51.474+0000] {processor.py:161} INFO - Started process (PID=364) to work on /home/airflow/.local/lib/python3.8/site-packages/airflow/example_dags/example_complex.py
[2026-03-18T07:47:51.475+0000] {processor.py:830} INFO - Processing file /home/airflow/.local/lib/python3.8/site-packages/airflow/example_dags/example_complex.py for tasks to queue
[2026-03-18T07:47:51.476+0000] {logging_mixin.py:188} INFO - [2026-03-18T07:47:51.476+0000] {dagbag.py:538} INFO - Filling up the DagBag from /home/airflow/.local/lib/python3.8/site-packages/airflow/example_dags/example_complex.py
[2026-03-18T07:47:51.481+0000] {processor.py:840} INFO - DAG(s) 'example_complex' retrieved from /home/airflow/.local/lib/python3.8/site-packages/airflow/example_dags/example_complex.py
[2026-03-18T07:47:51.499+0000] {logging_mixin.py:188} INFO - [2026-03-18T07:47:51.498+0000] {dag.py:3036} INFO - Sync 1 DAGs
[2026-03-18T07:47:51.506+0000] {logging_mixin.py:188} INFO - [2026-03-18T07:47:51.506+0000] {dag.py:3823} INFO - Setting next_dagrun for example_complex to None, run_after=None
[2026-03-18T07:47:51.517+0000] {processor.py:183} INFO - Processing /home/airflow/.local/lib/python3.8/site-packages/airflow/example_dags/example_complex.py took 0.045 seconds
[2026-03-18T07:48:21.856+0000] {processor.py:161} INFO - Started process (PID=425) to work on /home/airflow/.local/lib/python3.8/site-packages/airflow/example_dags/example_complex.py
[2026-03-18T07:48:21.857+0000] {processor.py:830} INFO - Processing file /home/airflow/.local/lib/python3.8/site-packages/airflow/example_dags/example_complex.py for tasks to queue
[2026-03-18T07:48:21.858+0000] {logging_mixin.py:188} INFO - [2026-03-18T07:48:21.858+0000] {dagbag.py:538} INFO - Filling up the DagBag from /home/airflow/.local/lib/python3.8/site-packages/airflow/example_dags/example_complex.py
[2026-03-18T07:48:21.863+0000] {processor.py:840} INFO - DAG(s) 'example_complex' retrieved from /home/airflow/.local/lib/python3.8/site-packages/airflow/example_dags/example_complex.py
[2026-03-18T07:48:21.876+0000] {logging_mixin.py:188} INFO - [2026-03-18T07:48:21.876+0000] {dag.py:3036} INFO - Sync 1 DAGs
[2026-03-18T07:48:21.885+0000] {logging_mixin.py:188} INFO - [2026-03-18T07:48:21.885+0000] {dag.py:3823} INFO - Setting next_dagrun for example_complex to None, run_after=None
[2026-03-18T07:48:21.894+0000] {processor.py:183} INFO - Processing /home/airflow/.local/lib/python3.8/site-packages/airflow/example_dags/example_complex.py took 0.040 seconds
[2026-03-18T07:48:52.129+0000] {processor.py:161} INFO - Started process (PID=480) to work on /home/airflow/.local/lib/python3.8/site-packages/airflow/example_dags/example_complex.py
[2026-03-18T07:48:52.129+0000] {processor.py:830} INFO - Processing file /home/airflow/.local/lib/python3.8/site-packages/airflow/example_dags/example_complex.py for tasks to queue
[2026-03-18T07:48:52.130+0000] {logging_mixin.py:188} INFO - [2026-03-18T07:48:52.129+0000] {dagbag.py:538} INFO - Filling up the DagBag from /home/airflow/.local/lib/python3.8/site-packages/airflow/example_dags/example_complex.py
[2026-03-18T07:48:52.134+0000] {processor.py:840} INFO - DAG(s) 'example_complex' retrieved from /home/airflow/.local/lib/python3.8/site-packages/airflow/example_dags/example_complex.py
[2026-03-18T07:48:52.145+0000] {logging_mixin.py:188} INFO - [2026-03-18T07:48:52.145+0000] {dag.py:3036} INFO - Sync 1 DAGs
[2026-03-18T07:48:52.149+0000] {logging_mixin.py:188} INFO - [2026-03-18T07:48:52.149+0000] {dag.py:3823} INFO - Setting next_dagrun for example_complex to None, run_after=None
[2026-03-18T07:48:52.155+0000] {processor.py:183} INFO - Processing /home/airflow/.local/lib/python3.8/site-packages/airflow/example_dags/example_complex.py took 0.028 seconds
[2026-03-18T07:49:22.376+0000] {processor.py:161} INFO - Started process (PID=535) to work on /home/airflow/.local/lib/python3.8/site-packages/airflow/example_dags/example_complex.py
[2026-03-18T07:49:22.376+0000] {processor.py:830} INFO - Processing file /home/airflow/.local/lib/python3.8/site-packages/airflow/example_dags/example_complex.py for tasks to queue
[2026-03-18T07:49:22.377+0000] {logging_mixin.py:188} INFO - [2026-03-18T07:49:22.377+0000] {dagbag.py:538} INFO - Filling up the DagBag from /home/airflow/.local/lib/python3.8/site-packages/airflow/example_dags/example_complex.py
[2026-03-18T07:49:22.381+0000] {processor.py:840} INFO - DAG(s) 'example_complex' retrieved from /home/airflow/.local/lib/python3.8/site-packages/airflow/example_dags/example_complex.py
[2026-03-18T07:49:22.395+0000] {logging_mixin.py:188} INFO - [2026-03-18T07:49:22.395+0000] {dag.py:3036} INFO - Sync 1 DAGs
[2026-03-18T07:49:22.400+0000] {logging_mixin.py:188} INFO - [2026-03-18T07:49:22.400+0000] {dag.py:3823} INFO - Setting next_dagrun for example_complex to None, run_after=None
[2026-03-18T07:49:22.408+0000] {processor.py:183} INFO - Processing /home/airflow/.local/lib/python3.8/site-packages/airflow/example_dags/example_complex.py took 0.034 seconds
[2026-03-18T07:49:52.661+0000] {processor.py:161} INFO - Started process (PID=590) to work on /home/airflow/.local/lib/python3.8/site-packages/airflow/example_dags/example_complex.py
[2026-03-18T07:49:52.662+0000] {processor.py:830} INFO - Processing file /home/airflow/.local/lib/python3.8/site-packages/airflow/example_dags/example_complex.py for tasks to queue
[2026-03-18T07:49:52.663+0000] {logging_mixin.py:188} INFO - [2026-03-18T07:49:52.662+0000] {dagbag.py:538} INFO - Filling up the DagBag from /home/airflow/.local/lib/python3.8/site-packages/airflow/example_dags/example_complex.py
[2026-03-18T07:49:52.666+0000] {processor.py:840} INFO - DAG(s) 'example_complex' retrieved from /home/airflow/.local/lib/python3.8/site-packages/airflow/example_dags/example_complex.py
[2026-03-18T07:49:52.677+0000] {logging_mixin.py:188} INFO - [2026-03-18T07:49:52.677+0000] {dag.py:3036} INFO - Sync 1 DAGs
[2026-03-18T07:49:52.681+0000] {logging_mixin.py:188} INFO - [2026-03-18T07:49:52.681+0000] {dag.py:3823} INFO - Setting next_dagrun for example_complex to None, run_after=None
[2026-03-18T07:49:52.686+0000] {processor.py:183} INFO - Processing /home/airflow/.local/lib/python3.8/site-packages/airflow/example_dags/example_complex.py took 0.026 seconds
[2026-03-18T07:50:23.129+0000] {processor.py:161} INFO - Started process (PID=646) to work on /home/airflow/.local/lib/python3.8/site-packages/airflow/example_dags/example_complex.py
[2026-03-18T07:50:23.130+0000] {processor.py:830} INFO - Processing file /home/airflow/.local/lib/python3.8/site-packages/airflow/example_dags/example_complex.py for tasks to queue
[2026-03-18T07:50:23.132+0000] {logging_mixin.py:188} INFO - [2026-03-18T07:50:23.132+0000] {dagbag.py:538} INFO - Filling up the DagBag from /home/airflow/.local/lib/python3.8/site-packages/airflow/example_dags/example_complex.py
[2026-03-18T07:50:23.136+0000] {processor.py:840} INFO - DAG(s) 'example_complex' retrieved from /home/airflow/.local/lib/python3.8/site-packages/airflow/example_dags/example_complex.py
[2026-03-18T07:50:23.149+0000] {logging_mixin.py:188} INFO - [2026-03-18T07:50:23.149+0000] {dag.py:3036} INFO - Sync 1 DAGs
[2026-03-18T07:50:23.156+0000] {logging_mixin.py:188} INFO - [2026-03-18T07:50:23.156+0000] {dag.py:3823} INFO - Setting next_dagrun for example_complex to None, run_after=None
[2026-03-18T07:50:23.168+0000] {processor.py:183} INFO - Processing /home/airflow/.local/lib/python3.8/site-packages/airflow/example_dags/example_complex.py took 0.040 seconds
[2026-03-18T07:50:53.610+0000] {processor.py:161} INFO - Started process (PID=702) to work on /home/airflow/.local/lib/python3.8/site-packages/airflow/example_dags/example_complex.py
[2026-03-18T07:50:53.610+0000] {processor.py:830} INFO - Processing file /home/airflow/.local/lib/python3.8/site-packages/airflow/example_dags/example_complex.py for tasks to queue
[2026-03-18T07:50:53.612+0000] {logging_mixin.py:188} INFO - [2026-03-18T07:50:53.611+0000] {dagbag.py:538} INFO - Filling up the DagBag from /home/airflow/.local/lib/python3.8/site-packages/airflow/example_dags/example_complex.py
[2026-03-18T07:50:53.618+0000] {processor.py:840} INFO - DAG(s) 'example_complex' retrieved from /home/airflow/.local/lib/python3.8/site-packages/airflow/example_dags/example_complex.py
[2026-03-18T07:50:53.631+0000] {logging_mixin.py:188} INFO - [2026-03-18T07:50:53.631+0000] {dag.py:3036} INFO - Sync 1 DAGs
[2026-03-18T07:50:53.636+0000] {logging_mixin.py:188} INFO - [2026-03-18T07:50:53.636+0000] {dag.py:3823} INFO - Setting next_dagrun for example_complex to None, run_after=None
[2026-03-18T07:50:53.646+0000] {processor.py:183} INFO - Processing /home/airflow/.local/lib/python3.8/site-packages/airflow/example_dags/example_complex.py took 0.038 seconds
[2026-03-18T07:51:24.129+0000] {processor.py:161} INFO - Started process (PID=758) to work on /home/airflow/.local/lib/python3.8/site-packages/airflow/example_dags/example_complex.py
[2026-03-18T07:51:24.130+0000] {processor.py:830} INFO - Processing file /home/airflow/.local/lib/python3.8/site-packages/airflow/example_dags/example_complex.py for tasks to queue
[2026-03-18T07:51:24.131+0000] {logging_mixin.py:188} INFO - [2026-03-18T07:51:24.130+0000] {dagbag.py:538} INFO - Filling up the DagBag from /home/airflow/.local/lib/python3.8/site-packages/airflow/example_dags/example_complex.py
[2026-03-18T07:51:24.135+0000] {processor.py:840} INFO - DAG(s) 'example_complex' retrieved from /home/airflow/.local/lib/python3.8/site-packages/airflow/example_dags/example_complex.py
[2026-03-18T07:51:24.150+0000] {logging_mixin.py:188} INFO - [2026-03-18T07:51:24.150+0000] {dag.py:3036} INFO - Sync 1 DAGs
[2026-03-18T07:51:24.154+0000] {logging_mixin.py:188} INFO - [2026-03-18T07:51:24.154+0000] {dag.py:3823} INFO - Setting next_dagrun for example_complex to None, run_after=None
[2026-03-18T07:51:24.170+0000] {processor.py:183} INFO - Processing /home/airflow/.local/lib/python3.8/site-packages/airflow/example_dags/example_complex.py took 0.043 seconds
[2026-03-18T07:51:54.631+0000] {processor.py:161} INFO - Started process (PID=814) to work on /home/airflow/.local/lib/python3.8/site-packages/airflow/example_dags/example_complex.py
[2026-03-18T07:51:54.632+0000] {processor.py:830} INFO - Processing file /home/airflow/.local/lib/python3.8/site-packages/airflow/example_dags/example_complex.py for tasks to queue
[2026-03-18T07:51:54.634+0000] {logging_mixin.py:188} INFO - [2026-03-18T07:51:54.634+0000] {dagbag.py:538} INFO - Filling up the DagBag from /home/airflow/.local/lib/python3.8/site-packages/airflow/example_dags/example_complex.py
[2026-03-18T07:51:54.639+0000] {processor.py:840} INFO - DAG(s) 'example_complex' retrieved from /home/airflow/.local/lib/python3.8/site-packages/airflow/example_dags/example_complex.py
[2026-03-18T07:51:54.654+0000] {logging_mixin.py:188} INFO - [2026-03-18T07:51:54.654+0000] {dag.py:3036} INFO - Sync 1 DAGs
[2026-03-18T07:51:54.661+0000] {logging_mixin.py:188} INFO - [2026-03-18T07:51:54.661+0000] {dag.py:3823} INFO - Setting next_dagrun for example_complex to None, run_after=None
[2026-03-18T07:51:54.678+0000] {processor.py:183} INFO - Processing /home/airflow/.local/lib/python3.8/site-packages/airflow/example_dags/example_complex.py took 0.049 seconds
[2026-03-18T07:52:25.172+0000] {processor.py:161} INFO - Started process (PID=870) to work on /home/airflow/.local/lib/python3.8/site-packages/airflow/example_dags/example_complex.py
[2026-03-18T07:52:25.173+0000] {processor.py:830} INFO - Processing file /home/airflow/.local/lib/python3.8/site-packages/airflow/example_dags/example_complex.py for tasks to queue
[2026-03-18T07:52:25.173+0000] {logging_mixin.py:188} INFO - [2026-03-18T07:52:25.173+0000] {dagbag.py:538} INFO - Filling up the DagBag from /home/airflow/.local/lib/python3.8/site-packages/airflow/example_dags/example_complex.py
[2026-03-18T07:52:25.178+0000] {processor.py:840} INFO - DAG(s) 'example_complex' retrieved from /home/airflow/.local/lib/python3.8/site-packages/airflow/example_dags/example_complex.py
[2026-03-18T07:52:25.198+0000] {logging_mixin.py:188} INFO - [2026-03-18T07:52:25.198+0000] {dag.py:3036} INFO - Sync 1 DAGs
[2026-03-18T07:52:25.203+0000] {logging_mixin.py:188} INFO - [2026-03-18T07:52:25.203+0000] {dag.py:3823} INFO - Setting next_dagrun for example_complex to None, run_after=None
[2026-03-18T07:52:25.213+0000] {processor.py:183} INFO - Processing /home/airflow/.local/lib/python3.8/site-packages/airflow/example_dags/example_complex.py took 0.043 seconds
[2026-03-18T07:52:55.596+0000] {processor.py:161} INFO - Started process (PID=926) to work on /home/airflow/.local/lib/python3.8/site-packages/airflow/example_dags/example_complex.py
[2026-03-18T07:52:55.596+0000] {processor.py:830} INFO - Processing file /home/airflow/.local/lib/python3.8/site-packages/airflow/example_dags/example_complex.py for tasks to queue
[2026-03-18T07:52:55.598+0000] {logging_mixin.py:188} INFO - [2026-03-18T07:52:55.598+0000] {dagbag.py:538} INFO - Filling up the DagBag from /home/airflow/.local/lib/python3.8/site-packages/airflow/example_dags/example_complex.py
[2026-03-18T07:52:55.604+0000] {processor.py:840} INFO - DAG(s) 'example_complex' retrieved from /home/airflow/.local/lib/python3.8/site-packages/airflow/example_dags/example_complex.py
[2026-03-18T07:52:55.622+0000] {logging_mixin.py:188} INFO - [2026-03-18T07:52:55.621+0000] {dag.py:3036} INFO - Sync 1 DAGs
[2026-03-18T07:52:55.626+0000] {logging_mixin.py:188} INFO - [2026-03-18T07:52:55.626+0000] {dag.py:3823} INFO - Setting next_dagrun for example_complex to None, run_after=None
[2026-03-18T07:52:55.636+0000] {processor.py:183} INFO - Processing /home/airflow/.local/lib/python3.8/site-packages/airflow/example_dags/example_complex.py took 0.042 seconds
[2026-03-18T07:53:26.083+0000] {processor.py:161} INFO - Started process (PID=982) to work on /home/airflow/.local/lib/python3.8/site-packages/airflow/example_dags/example_complex.py
[2026-03-18T07:53:26.084+0000] {processor.py:830} INFO - Processing file /home/airflow/.local/lib/python3.8/site-packages/airflow/example_dags/example_complex.py for tasks to queue
[2026-03-18T07:53:26.085+0000] {logging_mixin.py:188} INFO - [2026-03-18T07:53:26.085+0000] {dagbag.py:538} INFO - Filling up the DagBag from /home/airflow/.local/lib/python3.8/site-packages/airflow/example_dags/example_complex.py
[2026-03-18T07:53:26.090+0000] {processor.py:840} INFO - DAG(s) 'example_complex' retrieved from /home/airflow/.local/lib/python3.8/site-packages/airflow/example_dags/example_complex.py
[2026-03-18T07:53:26.105+0000] {logging_mixin.py:188} INFO - [2026-03-18T07:53:26.105+0000] {dag.py:3036} INFO - Sync 1 DAGs
[2026-03-18T07:53:26.112+0000] {logging_mixin.py:188} INFO - [2026-03-18T07:53:26.112+0000] {dag.py:3823} INFO - Setting next_dagrun for example_complex to None, run_after=None
[2026-03-18T07:53:26.122+0000] {processor.py:183} INFO - Processing /home/airflow/.local/lib/python3.8/site-packages/airflow/example_dags/example_complex.py took 0.041 seconds
[2026-03-18T07:53:56.580+0000] {processor.py:161} INFO - Started process (PID=1038) to work on /home/airflow/.local/lib/python3.8/site-packages/airflow/example_dags/example_complex.py
[2026-03-18T07:53:56.581+0000] {processor.py:830} INFO - Processing file /home/airflow/.local/lib/python3.8/site-packages/airflow/example_dags/example_complex.py for tasks to queue
[2026-03-18T07:53:56.582+0000] {logging_mixin.py:188} INFO - [2026-03-18T07:53:56.581+0000] {dagbag.py:538} INFO - Filling up the DagBag from /home/airflow/.local/lib/python3.8/site-packages/airflow/example_dags/example_complex.py
[2026-03-18T07:53:56.586+0000] {processor.py:840} INFO - DAG(s) 'example_complex' retrieved from /home/airflow/.local/lib/python3.8/site-packages/airflow/example_dags/example_complex.py
[2026-03-18T07:53:56.598+0000] {logging_mixin.py:188} INFO - [2026-03-18T07:53:56.598+0000] {dag.py:3036} INFO - Sync 1 DAGs
[2026-03-18T07:53:56.605+0000] {logging_mixin.py:188} INFO - [2026-03-18T07:53:56.605+0000] {dag.py:3823} INFO - Setting next_dagrun for example_complex to None, run_after=None
[2026-03-18T07:53:56.615+0000] {processor.py:183} INFO - Processing /home/airflow/.local/lib/python3.8/site-packages/airflow/example_dags/example_complex.py took 0.037 seconds
[2026-03-18T07:54:27.011+0000] {processor.py:161} INFO - Started process (PID=1094) to work on /home/airflow/.local/lib/python3.8/site-packages/airflow/example_dags/example_complex.py
[2026-03-18T07:54:27.012+0000] {processor.py:830} INFO - Processing file /home/airflow/.local/lib/python3.8/site-packages/airflow/example_dags/example_complex.py for tasks to queue
[2026-03-18T07:54:27.013+0000] {logging_mixin.py:188} INFO - [2026-03-18T07:54:27.013+0000] {dagbag.py:538} INFO - Filling up the DagBag from /home/airflow/.local/lib/python3.8/site-packages/airflow/example_dags/example_complex.py
[2026-03-18T07:54:27.021+0000] {processor.py:840} INFO - DAG(s) 'example_complex' retrieved from /home/airflow/.local/lib/python3.8/site-packages/airflow/example_dags/example_complex.py
[2026-03-18T07:54:27.036+0000] {logging_mixin.py:188} INFO - [2026-03-18T07:54:27.036+0000] {dag.py:3036} INFO - Sync 1 DAGs
[2026-03-18T07:54:27.041+0000] {logging_mixin.py:188} INFO - [2026-03-18T07:54:27.041+0000] {dag.py:3823} INFO - Setting next_dagrun for example_complex to None, run_after=None
[2026-03-18T07:54:27.055+0000] {processor.py:183} INFO - Processing /home/airflow/.local/lib/python3.8/site-packages/airflow/example_dags/example_complex.py took 0.046 seconds
[2026-03-18T07:54:57.461+0000] {processor.py:161} INFO - Started process (PID=1150) to work on /home/airflow/.local/lib/python3.8/site-packages/airflow/example_dags/example_complex.py
[2026-03-18T07:54:57.462+0000] {processor.py:830} INFO - Processing file /home/airflow/.local/lib/python3.8/site-packages/airflow/example_dags/example_complex.py for tasks to queue
[2026-03-18T07:54:57.463+0000] {logging_mixin.py:188} INFO - [2026-03-18T07:54:57.462+0000] {dagbag.py:538} INFO - Filling up the DagBag from /home/airflow/.local/lib/python3.8/site-packages/airflow/example_dags/example_complex.py
[2026-03-18T07:54:57.471+0000] {processor.py:840} INFO - DAG(s) 'example_complex' retrieved from /home/airflow/.local/lib/python3.8/site-packages/airflow/example_dags/example_complex.py
[2026-03-18T07:54:57.488+0000] {logging_mixin.py:188} INFO - [2026-03-18T07:54:57.487+0000] {dag.py:3036} INFO - Sync 1 DAGs
[2026-03-18T07:54:57.493+0000] {logging_mixin.py:188} INFO - [2026-03-18T07:54:57.493+0000] {dag.py:3823} INFO - Setting next_dagrun for example_complex to None, run_after=None
[2026-03-18T07:54:57.500+0000] {processor.py:183} INFO - Processing /home/airflow/.local/lib/python3.8/site-packages/airflow/example_dags/example_complex.py took 0.040 seconds
[2026-03-18T07:55:27.928+0000] {processor.py:161} INFO - Started process (PID=1206) to work on /home/airflow/.local/lib/python3.8/site-packages/airflow/example_dags/example_complex.py
[2026-03-18T07:55:27.929+0000] {processor.py:830} INFO - Processing file /home/airflow/.local/lib/python3.8/site-packages/airflow/example_dags/example_complex.py for tasks to queue
[2026-03-18T07:55:27.930+0000] {logging_mixin.py:188} INFO - [2026-03-18T07:55:27.930+0000] {dagbag.py:538} INFO - Filling up the DagBag from /home/airflow/.local/lib/python3.8/site-packages/airflow/example_dags/example_complex.py
[2026-03-18T07:55:27.934+0000] {processor.py:840} INFO - DAG(s) 'example_complex' retrieved from /home/airflow/.local/lib/python3.8/site-packages/airflow/example_dags/example_complex.py
[2026-03-18T07:55:27.948+0000] {logging_mixin.py:188} INFO - [2026-03-18T07:55:27.948+0000] {dag.py:3036} INFO - Sync 1 DAGs
[2026-03-18T07:55:27.952+0000] {logging_mixin.py:188} INFO - [2026-03-18T07:55:27.952+0000] {dag.py:3823} INFO - Setting next_dagrun for example_complex to None, run_after=None
[2026-03-18T07:55:27.964+0000] {processor.py:183} INFO - Processing /home/airflow/.local/lib/python3.8/site-packages/airflow/example_dags/example_complex.py took 0.037 seconds
[2026-03-18T07:55:58.349+0000] {processor.py:161} INFO - Started process (PID=1262) to work on /home/airflow/.local/lib/python3.8/site-packages/airflow/example_dags/example_complex.py
[2026-03-18T07:55:58.350+0000] {processor.py:830} INFO - Processing file /home/airflow/.local/lib/python3.8/site-packages/airflow/example_dags/example_complex.py for tasks to queue
[2026-03-18T07:55:58.351+0000] {logging_mixin.py:188} INFO - [2026-03-18T07:55:58.351+0000] {dagbag.py:538} INFO - Filling up the DagBag from /home/airflow/.local/lib/python3.8/site-packages/airflow/example_dags/example_complex.py
[2026-03-18T07:55:58.356+0000] {processor.py:840} INFO - DAG(s) 'example_complex' retrieved from /home/airflow/.local/lib/python3.8/site-packages/airflow/example_dags/example_complex.py
[2026-03-18T07:55:58.374+0000] {logging_mixin.py:188} INFO - [2026-03-18T07:55:58.373+0000] {dag.py:3036} INFO - Sync 1 DAGs
[2026-03-18T07:55:58.379+0000] {logging_mixin.py:188} INFO - [2026-03-18T07:55:58.379+0000] {dag.py:3823} INFO - Setting next_dagrun for example_complex to None, run_after=None
[2026-03-18T07:55:58.386+0000] {processor.py:183} INFO - Processing /home/airflow/.local/lib/python3.8/site-packages/airflow/example_dags/example_complex.py took 0.039 seconds
[2026-03-18T07:56:28.778+0000] {processor.py:161} INFO - Started process (PID=1318) to work on /home/airflow/.local/lib/python3.8/site-packages/airflow/example_dags/example_complex.py
[2026-03-18T07:56:28.779+0000] {processor.py:830} INFO - Processing file /home/airflow/.local/lib/python3.8/site-packages/airflow/example_dags/example_complex.py for tasks to queue
[2026-03-18T07:56:28.779+0000] {logging_mixin.py:188} INFO - [2026-03-18T07:56:28.779+0000] {dagbag.py:538} INFO - Filling up the DagBag from /home/airflow/.local/lib/python3.8/site-packages/airflow/example_dags/example_complex.py
[2026-03-18T07:56:28.783+0000] {processor.py:840} INFO - DAG(s) 'example_complex' retrieved from /home/airflow/.local/lib/python3.8/site-packages/airflow/example_dags/example_complex.py
[2026-03-18T07:56:28.796+0000] {logging_mixin.py:188} INFO - [2026-03-18T07:56:28.796+0000] {dag.py:3036} INFO - Sync 1 DAGs
[2026-03-18T07:56:28.802+0000] {logging_mixin.py:188} INFO - [2026-03-18T07:56:28.802+0000] {dag.py:3823} INFO - Setting next_dagrun for example_complex to None, run_after=None
[2026-03-18T07:56:28.812+0000] {processor.py:183} INFO - Processing /home/airflow/.local/lib/python3.8/site-packages/airflow/example_dags/example_complex.py took 0.035 seconds
[2026-03-18T07:56:59.310+0000] {processor.py:161} INFO - Started process (PID=1374) to work on /home/airflow/.local/lib/python3.8/site-packages/airflow/example_dags/example_complex.py
[2026-03-18T07:56:59.311+0000] {processor.py:830} INFO - Processing file /home/airflow/.local/lib/python3.8/site-packages/airflow/example_dags/example_complex.py for tasks to queue
[2026-03-18T07:56:59.311+0000] {logging_mixin.py:188} INFO - [2026-03-18T07:56:59.311+0000] {dagbag.py:538} INFO - Filling up the DagBag from /home/airflow/.local/lib/python3.8/site-packages/airflow/example_dags/example_complex.py
[2026-03-18T07:56:59.317+0000] {processor.py:840} INFO - DAG(s) 'example_complex' retrieved from /home/airflow/.local/lib/python3.8/site-packages/airflow/example_dags/example_complex.py
[2026-03-18T07:56:59.334+0000] {logging_mixin.py:188} INFO - [2026-03-18T07:56:59.334+0000] {dag.py:3036} INFO - Sync 1 DAGs
[2026-03-18T07:56:59.340+0000] {logging_mixin.py:188} INFO - [2026-03-18T07:56:59.340+0000] {dag.py:3823} INFO - Setting next_dagrun for example_complex to None, run_after=None
[2026-03-18T07:56:59.349+0000] {processor.py:183} INFO - Processing /home/airflow/.local/lib/python3.8/site-packages/airflow/example_dags/example_complex.py took 0.041 seconds
[2026-03-18T07:57:29.751+0000] {processor.py:161} INFO - Started process (PID=1430) to work on /home/airflow/.local/lib/python3.8/site-packages/airflow/example_dags/example_complex.py
[2026-03-18T07:57:29.752+0000] {processor.py:830} INFO - Processing file /home/airflow/.local/lib/python3.8/site-packages/airflow/example_dags/example_complex.py for tasks to queue
[2026-03-18T07:57:29.753+0000] {logging_mixin.py:188} INFO - [2026-03-18T07:57:29.753+0000] {dagbag.py:538} INFO - Filling up the DagBag from /home/airflow/.local/lib/python3.8/site-packages/airflow/example_dags/example_complex.py
[2026-03-18T07:57:29.761+0000] {processor.py:840} INFO - DAG(s) 'example_complex' retrieved from /home/airflow/.local/lib/python3.8/site-packages/airflow/example_dags/example_complex.py
[2026-03-18T07:57:29.774+0000] {logging_mixin.py:188} INFO - [2026-03-18T07:57:29.774+0000] {dag.py:3036} INFO - Sync 1 DAGs
[2026-03-18T07:57:29.781+0000] {logging_mixin.py:188} INFO - [2026-03-18T07:57:29.781+0000] {dag.py:3823} INFO - Setting next_dagrun for example_complex to None, run_after=None
[2026-03-18T07:57:29.788+0000] {processor.py:183} INFO - Processing /home/airflow/.local/lib/python3.8/site-packages/airflow/example_dags/example_complex.py took 0.038 seconds
[2026-03-18T07:58:00.297+0000] {processor.py:161} INFO - Started process (PID=1486) to work on /home/airflow/.local/lib/python3.8/site-packages/airflow/example_dags/example_complex.py
[2026-03-18T07:58:00.298+0000] {processor.py:830} INFO - Processing file /home/airflow/.local/lib/python3.8/site-packages/airflow/example_dags/example_complex.py for tasks to queue
[2026-03-18T07:58:00.299+0000] {logging_mixin.py:188} INFO - [2026-03-18T07:58:00.299+0000] {dagbag.py:538} INFO - Filling up the DagBag from /home/airflow/.local/lib/python3.8/site-packages/airflow/example_dags/example_complex.py
[2026-03-18T07:58:00.304+0000] {processor.py:840} INFO - DAG(s) 'example_complex' retrieved from /home/airflow/.local/lib/python3.8/site-packages/airflow/example_dags/example_complex.py
[2026-03-18T07:58:00.320+0000] {logging_mixin.py:188} INFO - [2026-03-18T07:58:00.320+0000] {dag.py:3036} INFO - Sync 1 DAGs
[2026-03-18T07:58:00.325+0000] {logging_mixin.py:188} INFO - [2026-03-18T07:58:00.325+0000] {dag.py:3823} INFO - Setting next_dagrun for example_complex to None, run_after=None
[2026-03-18T07:58:00.332+0000] {processor.py:183} INFO - Processing /home/airflow/.local/lib/python3.8/site-packages/airflow/example_dags/example_complex.py took 0.036 seconds
[2026-03-18T07:58:30.749+0000] {processor.py:161} INFO - Started process (PID=1542) to work on /home/airflow/.local/lib/python3.8/site-packages/airflow/example_dags/example_complex.py
[2026-03-18T07:58:30.749+0000] {processor.py:830} INFO - Processing file /home/airflow/.local/lib/python3.8/site-packages/airflow/example_dags/example_complex.py for tasks to queue
[2026-03-18T07:58:30.750+0000] {logging_mixin.py:188} INFO - [2026-03-18T07:58:30.750+0000] {dagbag.py:538} INFO - Filling up the DagBag from /home/airflow/.local/lib/python3.8/site-packages/airflow/example_dags/example_complex.py
[2026-03-18T07:58:30.755+0000] {processor.py:840} INFO - DAG(s) 'example_complex' retrieved from /home/airflow/.local/lib/python3.8/site-packages/airflow/example_dags/example_complex.py
[2026-03-18T07:58:30.771+0000] {logging_mixin.py:188} INFO - [2026-03-18T07:58:30.771+0000] {dag.py:3036} INFO - Sync 1 DAGs
[2026-03-18T07:58:30.776+0000] {logging_mixin.py:188} INFO - [2026-03-18T07:58:30.776+0000] {dag.py:3823} INFO - Setting next_dagrun for example_complex to None, run_after=None
[2026-03-18T07:58:30.787+0000] {processor.py:183} INFO - Processing /home/airflow/.local/lib/python3.8/site-packages/airflow/example_dags/example_complex.py took 0.040 seconds
[2026-03-18T07:59:01.320+0000] {processor.py:161} INFO - Started process (PID=1598) to work on /home/airflow/.local/lib/python3.8/site-packages/airflow/example_dags/example_complex.py
[2026-03-18T07:59:01.321+0000] {processor.py:830} INFO - Processing file /home/airflow/.local/lib/python3.8/site-packages/airflow/example_dags/example_complex.py for tasks to queue
[2026-03-18T07:59:01.322+0000] {logging_mixin.py:188} INFO - [2026-03-18T07:59:01.322+0000] {dagbag.py:538} INFO - Filling up the DagBag from /home/airflow/.local/lib/python3.8/site-packages/airflow/example_dags/example_complex.py
[2026-03-18T07:59:01.326+0000] {processor.py:840} INFO - DAG(s) 'example_complex' retrieved from /home/airflow/.local/lib/python3.8/site-packages/airflow/example_dags/example_complex.py
[2026-03-18T07:59:01.344+0000] {logging_mixin.py:188} INFO - [2026-03-18T07:59:01.344+0000] {dag.py:3036} INFO - Sync 1 DAGs
[2026-03-18T07:59:01.349+0000] {logging_mixin.py:188} INFO - [2026-03-18T07:59:01.349+0000] {dag.py:3823} INFO - Setting next_dagrun for example_complex to None, run_after=None
[2026-03-18T07:59:01.363+0000] {processor.py:183} INFO - Processing /home/airflow/.local/lib/python3.8/site-packages/airflow/example_dags/example_complex.py took 0.045 seconds
[2026-03-18T07:59:31.839+0000] {processor.py:161} INFO - Started process (PID=1654) to work on /home/airflow/.local/lib/python3.8/site-packages/airflow/example_dags/example_complex.py
[2026-03-18T07:59:31.839+0000] {processor.py:830} INFO - Processing file /home/airflow/.local/lib/python3.8/site-packages/airflow/example_dags/example_complex.py for tasks to queue
[2026-03-18T07:59:31.841+0000] {logging_mixin.py:188} INFO - [2026-03-18T07:59:31.841+0000] {dagbag.py:538} INFO - Filling up the DagBag from /home/airflow/.local/lib/python3.8/site-packages/airflow/example_dags/example_complex.py
[2026-03-18T07:59:31.847+0000] {processor.py:840} INFO - DAG(s) 'example_complex' retrieved from /home/airflow/.local/lib/python3.8/site-packages/airflow/example_dags/example_complex.py
[2026-03-18T07:59:31.872+0000] {logging_mixin.py:188} INFO - [2026-03-18T07:59:31.871+0000] {dag.py:3036} INFO - Sync 1 DAGs
[2026-03-18T07:59:31.876+0000] {logging_mixin.py:188} INFO - [2026-03-18T07:59:31.876+0000] {dag.py:3823} INFO - Setting next_dagrun for example_complex to None, run_after=None
[2026-03-18T07:59:31.885+0000] {processor.py:183} INFO - Processing /home/airflow/.local/lib/python3.8/site-packages/airflow/example_dags/example_complex.py took 0.047 seconds
[2026-03-18T08:00:02.482+0000] {processor.py:161} INFO - Started process (PID=90) to work on /home/airflow/.local/lib/python3.8/site-packages/airflow/example_dags/example_complex.py
[2026-03-18T08:00:02.483+0000] {processor.py:830} INFO - Processing file /home/airflow/.local/lib/python3.8/site-packages/airflow/example_dags/example_complex.py for tasks to queue
[2026-03-18T08:00:02.484+0000] {logging_mixin.py:188} INFO - [2026-03-18T08:00:02.484+0000] {dagbag.py:538} INFO - Filling up the DagBag from /home/airflow/.local/lib/python3.8/site-packages/airflow/example_dags/example_complex.py
[2026-03-18T08:00:02.490+0000] {processor.py:840} INFO - DAG(s) 'example_complex' retrieved from /home/airflow/.local/lib/python3.8/site-packages/airflow/example_dags/example_complex.py
[2026-03-18T08:00:02.495+0000] {logging_mixin.py:188} INFO - [2026-03-18T08:00:02.495+0000] {dag.py:3036} INFO - Sync 1 DAGs
[2026-03-18T08:00:02.502+0000] {logging_mixin.py:188} INFO - [2026-03-18T08:00:02.502+0000] {dag.py:3823} INFO - Setting next_dagrun for example_complex to None, run_after=None
[2026-03-18T08:00:02.519+0000] {processor.py:183} INFO - Processing /home/airflow/.local/lib/python3.8/site-packages/airflow/example_dags/example_complex.py took 0.039 seconds
[2026-03-18T08:00:33.221+0000] {processor.py:161} INFO - Started process (PID=145) to work on /home/airflow/.local/lib/python3.8/site-packages/airflow/example_dags/example_complex.py
[2026-03-18T08:00:33.221+0000] {processor.py:830} INFO - Processing file /home/airflow/.local/lib/python3.8/site-packages/airflow/example_dags/example_complex.py for tasks to queue
[2026-03-18T08:00:33.222+0000] {logging_mixin.py:188} INFO - [2026-03-18T08:00:33.222+0000] {dagbag.py:538} INFO - Filling up the DagBag from /home/airflow/.local/lib/python3.8/site-packages/airflow/example_dags/example_complex.py
[2026-03-18T08:00:33.227+0000] {processor.py:840} INFO - DAG(s) 'example_complex' retrieved from /home/airflow/.local/lib/python3.8/site-packages/airflow/example_dags/example_complex.py
[2026-03-18T08:00:33.278+0000] {logging_mixin.py:188} INFO - [2026-03-18T08:00:33.278+0000] {dag.py:3036} INFO - Sync 1 DAGs
[2026-03-18T08:00:33.283+0000] {logging_mixin.py:188} INFO - [2026-03-18T08:00:33.283+0000] {dag.py:3823} INFO - Setting next_dagrun for example_complex to None, run_after=None
[2026-03-18T08:00:33.301+0000] {processor.py:183} INFO - Processing /home/airflow/.local/lib/python3.8/site-packages/airflow/example_dags/example_complex.py took 0.082 seconds
[2026-03-18T08:01:03.810+0000] {processor.py:161} INFO - Started process (PID=201) to work on /home/airflow/.local/lib/python3.8/site-packages/airflow/example_dags/example_complex.py
[2026-03-18T08:01:03.811+0000] {processor.py:830} INFO - Processing file /home/airflow/.local/lib/python3.8/site-packages/airflow/example_dags/example_complex.py for tasks to queue
[2026-03-18T08:01:03.812+0000] {logging_mixin.py:188} INFO - [2026-03-18T08:01:03.812+0000] {dagbag.py:538} INFO - Filling up the DagBag from /home/airflow/.local/lib/python3.8/site-packages/airflow/example_dags/example_complex.py
[2026-03-18T08:01:03.816+0000] {processor.py:840} INFO - DAG(s) 'example_complex' retrieved from /home/airflow/.local/lib/python3.8/site-packages/airflow/example_dags/example_complex.py
[2026-03-18T08:01:03.830+0000] {logging_mixin.py:188} INFO - [2026-03-18T08:01:03.830+0000] {dag.py:3036} INFO - Sync 1 DAGs
[2026-03-18T08:01:03.835+0000] {logging_mixin.py:188} INFO - [2026-03-18T08:01:03.835+0000] {dag.py:3823} INFO - Setting next_dagrun for example_complex to None, run_after=None
[2026-03-18T08:01:03.847+0000] {processor.py:183} INFO - Processing /home/airflow/.local/lib/python3.8/site-packages/airflow/example_dags/example_complex.py took 0.038 seconds
[2026-03-18T08:01:34.258+0000] {processor.py:161} INFO - Started process (PID=257) to work on /home/airflow/.local/lib/python3.8/site-packages/airflow/example_dags/example_complex.py
[2026-03-18T08:01:34.259+0000] {processor.py:830} INFO - Processing file /home/airflow/.local/lib/python3.8/site-packages/airflow/example_dags/example_complex.py for tasks to queue
[2026-03-18T08:01:34.261+0000] {logging_mixin.py:188} INFO - [2026-03-18T08:01:34.261+0000] {dagbag.py:538} INFO - Filling up the DagBag from /home/airflow/.local/lib/python3.8/site-packages/airflow/example_dags/example_complex.py
[2026-03-18T08:01:34.266+0000] {processor.py:840} INFO - DAG(s) 'example_complex' retrieved from /home/airflow/.local/lib/python3.8/site-packages/airflow/example_dags/example_complex.py
[2026-03-18T08:01:34.283+0000] {logging_mixin.py:188} INFO - [2026-03-18T08:01:34.283+0000] {dag.py:3036} INFO - Sync 1 DAGs
[2026-03-18T08:01:34.289+0000] {logging_mixin.py:188} INFO - [2026-03-18T08:01:34.289+0000] {dag.py:3823} INFO - Setting next_dagrun for example_complex to None, run_after=None
[2026-03-18T08:01:34.301+0000] {processor.py:183} INFO - Processing /home/airflow/.local/lib/python3.8/site-packages/airflow/example_dags/example_complex.py took 0.044 seconds
[2026-03-18T08:02:04.886+0000] {processor.py:161} INFO - Started process (PID=312) to work on /home/airflow/.local/lib/python3.8/site-packages/airflow/example_dags/example_complex.py
[2026-03-18T08:02:04.887+0000] {processor.py:830} INFO - Processing file /home/airflow/.local/lib/python3.8/site-packages/airflow/example_dags/example_complex.py for tasks to queue
[2026-03-18T08:02:04.889+0000] {logging_mixin.py:188} INFO - [2026-03-18T08:02:04.889+0000] {dagbag.py:538} INFO - Filling up the DagBag from /home/airflow/.local/lib/python3.8/site-packages/airflow/example_dags/example_complex.py
[2026-03-18T08:02:04.894+0000] {processor.py:840} INFO - DAG(s) 'example_complex' retrieved from /home/airflow/.local/lib/python3.8/site-packages/airflow/example_dags/example_complex.py
[2026-03-18T08:02:04.911+0000] {logging_mixin.py:188} INFO - [2026-03-18T08:02:04.911+0000] {dag.py:3036} INFO - Sync 1 DAGs
[2026-03-18T08:02:04.917+0000] {logging_mixin.py:188} INFO - [2026-03-18T08:02:04.917+0000] {dag.py:3823} INFO - Setting next_dagrun for example_complex to None, run_after=None
[2026-03-18T08:02:04.931+0000] {processor.py:183} INFO - Processing /home/airflow/.local/lib/python3.8/site-packages/airflow/example_dags/example_complex.py took 0.047 seconds
[2026-03-18T08:02:35.440+0000] {processor.py:161} INFO - Started process (PID=368) to work on /home/airflow/.local/lib/python3.8/site-packages/airflow/example_dags/example_complex.py
[2026-03-18T08:02:35.441+0000] {processor.py:830} INFO - Processing file /home/airflow/.local/lib/python3.8/site-packages/airflow/example_dags/example_complex.py for tasks to queue
[2026-03-18T08:02:35.442+0000] {logging_mixin.py:188} INFO - [2026-03-18T08:02:35.442+0000] {dagbag.py:538} INFO - Filling up the DagBag from /home/airflow/.local/lib/python3.8/site-packages/airflow/example_dags/example_complex.py
[2026-03-18T08:02:35.448+0000] {processor.py:840} INFO - DAG(s) 'example_complex' retrieved from /home/airflow/.local/lib/python3.8/site-packages/airflow/example_dags/example_complex.py
[2026-03-18T08:02:35.468+0000] {logging_mixin.py:188} INFO - [2026-03-18T08:02:35.468+0000] {dag.py:3036} INFO - Sync 1 DAGs
[2026-03-18T08:02:35.474+0000] {logging_mixin.py:188} INFO - [2026-03-18T08:02:35.474+0000] {dag.py:3823} INFO - Setting next_dagrun for example_complex to None, run_after=None
[2026-03-18T08:02:35.485+0000] {processor.py:183} INFO - Processing /home/airflow/.local/lib/python3.8/site-packages/airflow/example_dags/example_complex.py took 0.046 seconds
[2026-03-18T08:03:06.102+0000] {processor.py:161} INFO - Started process (PID=430) to work on /home/airflow/.local/lib/python3.8/site-packages/airflow/example_dags/example_complex.py
[2026-03-18T08:03:06.104+0000] {processor.py:830} INFO - Processing file /home/airflow/.local/lib/python3.8/site-packages/airflow/example_dags/example_complex.py for tasks to queue
[2026-03-18T08:03:06.105+0000] {logging_mixin.py:188} INFO - [2026-03-18T08:03:06.105+0000] {dagbag.py:538} INFO - Filling up the DagBag from /home/airflow/.local/lib/python3.8/site-packages/airflow/example_dags/example_complex.py
[2026-03-18T08:03:06.112+0000] {processor.py:840} INFO - DAG(s) 'example_complex' retrieved from /home/airflow/.local/lib/python3.8/site-packages/airflow/example_dags/example_complex.py
[2026-03-18T08:03:06.125+0000] {logging_mixin.py:188} INFO - [2026-03-18T08:03:06.125+0000] {dag.py:3036} INFO - Sync 1 DAGs
[2026-03-18T08:03:06.134+0000] {logging_mixin.py:188} INFO - [2026-03-18T08:03:06.134+0000] {dag.py:3823} INFO - Setting next_dagrun for example_complex to None, run_after=None
[2026-03-18T08:03:06.145+0000] {processor.py:183} INFO - Processing /home/airflow/.local/lib/python3.8/site-packages/airflow/example_dags/example_complex.py took 0.044 seconds
[2026-03-18T08:03:36.651+0000] {processor.py:161} INFO - Started process (PID=486) to work on /home/airflow/.local/lib/python3.8/site-packages/airflow/example_dags/example_complex.py
[2026-03-18T08:03:36.652+0000] {processor.py:830} INFO - Processing file /home/airflow/.local/lib/python3.8/site-packages/airflow/example_dags/example_complex.py for tasks to queue
[2026-03-18T08:03:36.656+0000] {logging_mixin.py:188} INFO - [2026-03-18T08:03:36.655+0000] {dagbag.py:538} INFO - Filling up the DagBag from /home/airflow/.local/lib/python3.8/site-packages/airflow/example_dags/example_complex.py
[2026-03-18T08:03:36.661+0000] {processor.py:840} INFO - DAG(s) 'example_complex' retrieved from /home/airflow/.local/lib/python3.8/site-packages/airflow/example_dags/example_complex.py
[2026-03-18T08:03:36.676+0000] {logging_mixin.py:188} INFO - [2026-03-18T08:03:36.676+0000] {dag.py:3036} INFO - Sync 1 DAGs
[2026-03-18T08:03:36.681+0000] {logging_mixin.py:188} INFO - [2026-03-18T08:03:36.681+0000] {dag.py:3823} INFO - Setting next_dagrun for example_complex to None, run_after=None
[2026-03-18T08:03:36.692+0000] {processor.py:183} INFO - Processing /home/airflow/.local/lib/python3.8/site-packages/airflow/example_dags/example_complex.py took 0.043 seconds
[2026-03-18T08:04:07.240+0000] {processor.py:161} INFO - Started process (PID=542) to work on /home/airflow/.local/lib/python3.8/site-packages/airflow/example_dags/example_complex.py
[2026-03-18T08:04:07.241+0000] {processor.py:830} INFO - Processing file /home/airflow/.local/lib/python3.8/site-packages/airflow/example_dags/example_complex.py for tasks to queue
[2026-03-18T08:04:07.242+0000] {logging_mixin.py:188} INFO - [2026-03-18T08:04:07.242+0000] {dagbag.py:538} INFO - Filling up the DagBag from /home/airflow/.local/lib/python3.8/site-packages/airflow/example_dags/example_complex.py
[2026-03-18T08:04:07.246+0000] {processor.py:840} INFO - DAG(s) 'example_complex' retrieved from /home/airflow/.local/lib/python3.8/site-packages/airflow/example_dags/example_complex.py
[2026-03-18T08:04:07.263+0000] {logging_mixin.py:188} INFO - [2026-03-18T08:04:07.263+0000] {dag.py:3036} INFO - Sync 1 DAGs
[2026-03-18T08:04:07.268+0000] {logging_mixin.py:188} INFO - [2026-03-18T08:04:07.268+0000] {dag.py:3823} INFO - Setting next_dagrun for example_complex to None, run_after=None
[2026-03-18T08:04:07.275+0000] {processor.py:183} INFO - Processing /home/airflow/.local/lib/python3.8/site-packages/airflow/example_dags/example_complex.py took 0.037 seconds
[2026-03-18T08:04:30.275+0000] {processor.py:161} INFO - Started process (PID=90) to work on /home/airflow/.local/lib/python3.8/site-packages/airflow/example_dags/example_complex.py
[2026-03-18T08:04:30.276+0000] {processor.py:830} INFO - Processing file /home/airflow/.local/lib/python3.8/site-packages/airflow/example_dags/example_complex.py for tasks to queue
[2026-03-18T08:04:30.277+0000] {logging_mixin.py:188} INFO - [2026-03-18T08:04:30.277+0000] {dagbag.py:538} INFO - Filling up the DagBag from /home/airflow/.local/lib/python3.8/site-packages/airflow/example_dags/example_complex.py
[2026-03-18T08:04:30.283+0000] {processor.py:840} INFO - DAG(s) 'example_complex' retrieved from /home/airflow/.local/lib/python3.8/site-packages/airflow/example_dags/example_complex.py
[2026-03-18T08:04:30.293+0000] {logging_mixin.py:188} INFO - [2026-03-18T08:04:30.293+0000] {dag.py:3036} INFO - Sync 1 DAGs
[2026-03-18T08:04:30.304+0000] {logging_mixin.py:188} INFO - [2026-03-18T08:04:30.303+0000] {dag.py:3823} INFO - Setting next_dagrun for example_complex to None, run_after=None
[2026-03-18T08:04:30.315+0000] {processor.py:183} INFO - Processing /home/airflow/.local/lib/python3.8/site-packages/airflow/example_dags/example_complex.py took 0.043 seconds
[2026-03-18T08:05:00.997+0000] {processor.py:161} INFO - Started process (PID=146) to work on /home/airflow/.local/lib/python3.8/site-packages/airflow/example_dags/example_complex.py
[2026-03-18T08:05:00.998+0000] {processor.py:830} INFO - Processing file /home/airflow/.local/lib/python3.8/site-packages/airflow/example_dags/example_complex.py for tasks to queue
[2026-03-18T08:05:01.000+0000] {logging_mixin.py:188} INFO - [2026-03-18T08:05:01.000+0000] {dagbag.py:538} INFO - Filling up the DagBag from /home/airflow/.local/lib/python3.8/site-packages/airflow/example_dags/example_complex.py
[2026-03-18T08:05:01.008+0000] {processor.py:840} INFO - DAG(s) 'example_complex' retrieved from /home/airflow/.local/lib/python3.8/site-packages/airflow/example_dags/example_complex.py
[2026-03-18T08:05:01.050+0000] {logging_mixin.py:188} INFO - [2026-03-18T08:05:01.050+0000] {dag.py:3036} INFO - Sync 1 DAGs
[2026-03-18T08:05:01.059+0000] {logging_mixin.py:188} INFO - [2026-03-18T08:05:01.059+0000] {dag.py:3823} INFO - Setting next_dagrun for example_complex to None, run_after=None
[2026-03-18T08:05:01.071+0000] {processor.py:183} INFO - Processing /home/airflow/.local/lib/python3.8/site-packages/airflow/example_dags/example_complex.py took 0.076 seconds
[2026-03-18T08:06:15.756+0000] {processor.py:161} INFO - Started process (PID=142) to work on /home/airflow/.local/lib/python3.8/site-packages/airflow/example_dags/example_complex.py
[2026-03-18T08:06:15.756+0000] {processor.py:830} INFO - Processing file /home/airflow/.local/lib/python3.8/site-packages/airflow/example_dags/example_complex.py for tasks to queue
[2026-03-18T08:06:15.757+0000] {logging_mixin.py:188} INFO - [2026-03-18T08:06:15.757+0000] {dagbag.py:538} INFO - Filling up the DagBag from /home/airflow/.local/lib/python3.8/site-packages/airflow/example_dags/example_complex.py
[2026-03-18T08:06:15.767+0000] {processor.py:840} INFO - DAG(s) 'example_complex' retrieved from /home/airflow/.local/lib/python3.8/site-packages/airflow/example_dags/example_complex.py
[2026-03-18T08:06:15.820+0000] {logging_mixin.py:188} INFO - [2026-03-18T08:06:15.820+0000] {dag.py:3036} INFO - Sync 1 DAGs
[2026-03-18T08:06:15.825+0000] {logging_mixin.py:188} INFO - [2026-03-18T08:06:15.825+0000] {dag.py:3823} INFO - Setting next_dagrun for example_complex to None, run_after=None
[2026-03-18T08:06:15.839+0000] {processor.py:183} INFO - Processing /home/airflow/.local/lib/python3.8/site-packages/airflow/example_dags/example_complex.py took 0.085 seconds
[2026-03-18T08:06:46.066+0000] {processor.py:161} INFO - Started process (PID=198) to work on /home/airflow/.local/lib/python3.8/site-packages/airflow/example_dags/example_complex.py
[2026-03-18T08:06:46.067+0000] {processor.py:830} INFO - Processing file /home/airflow/.local/lib/python3.8/site-packages/airflow/example_dags/example_complex.py for tasks to queue
[2026-03-18T08:06:46.069+0000] {logging_mixin.py:188} INFO - [2026-03-18T08:06:46.069+0000] {dagbag.py:538} INFO - Filling up the DagBag from /home/airflow/.local/lib/python3.8/site-packages/airflow/example_dags/example_complex.py
[2026-03-18T08:06:46.076+0000] {processor.py:840} INFO - DAG(s) 'example_complex' retrieved from /home/airflow/.local/lib/python3.8/site-packages/airflow/example_dags/example_complex.py
[2026-03-18T08:06:46.090+0000] {logging_mixin.py:188} INFO - [2026-03-18T08:06:46.090+0000] {dag.py:3036} INFO - Sync 1 DAGs
[2026-03-18T08:06:46.095+0000] {logging_mixin.py:188} INFO - [2026-03-18T08:06:46.095+0000] {dag.py:3823} INFO - Setting next_dagrun for example_complex to None, run_after=None
[2026-03-18T08:06:46.104+0000] {processor.py:183} INFO - Processing /home/airflow/.local/lib/python3.8/site-packages/airflow/example_dags/example_complex.py took 0.039 seconds
[2026-03-18T08:07:16.631+0000] {processor.py:161} INFO - Started process (PID=254) to work on /home/airflow/.local/lib/python3.8/site-packages/airflow/example_dags/example_complex.py
[2026-03-18T08:07:16.632+0000] {processor.py:830} INFO - Processing file /home/airflow/.local/lib/python3.8/site-packages/airflow/example_dags/example_complex.py for tasks to queue
[2026-03-18T08:07:16.634+0000] {logging_mixin.py:188} INFO - [2026-03-18T08:07:16.634+0000] {dagbag.py:538} INFO - Filling up the DagBag from /home/airflow/.local/lib/python3.8/site-packages/airflow/example_dags/example_complex.py
[2026-03-18T08:07:16.639+0000] {processor.py:840} INFO - DAG(s) 'example_complex' retrieved from /home/airflow/.local/lib/python3.8/site-packages/airflow/example_dags/example_complex.py
[2026-03-18T08:07:16.659+0000] {logging_mixin.py:188} INFO - [2026-03-18T08:07:16.659+0000] {dag.py:3036} INFO - Sync 1 DAGs
[2026-03-18T08:07:16.666+0000] {logging_mixin.py:188} INFO - [2026-03-18T08:07:16.666+0000] {dag.py:3823} INFO - Setting next_dagrun for example_complex to None, run_after=None
[2026-03-18T08:07:16.678+0000] {processor.py:183} INFO - Processing /home/airflow/.local/lib/python3.8/site-packages/airflow/example_dags/example_complex.py took 0.049 seconds
[2026-03-18T08:07:47.122+0000] {processor.py:161} INFO - Started process (PID=310) to work on /home/airflow/.local/lib/python3.8/site-packages/airflow/example_dags/example_complex.py
[2026-03-18T08:07:47.123+0000] {processor.py:830} INFO - Processing file /home/airflow/.local/lib/python3.8/site-packages/airflow/example_dags/example_complex.py for tasks to queue
[2026-03-18T08:07:47.125+0000] {logging_mixin.py:188} INFO - [2026-03-18T08:07:47.124+0000] {dagbag.py:538} INFO - Filling up the DagBag from /home/airflow/.local/lib/python3.8/site-packages/airflow/example_dags/example_complex.py
[2026-03-18T08:07:47.132+0000] {processor.py:840} INFO - DAG(s) 'example_complex' retrieved from /home/airflow/.local/lib/python3.8/site-packages/airflow/example_dags/example_complex.py
[2026-03-18T08:07:47.149+0000] {logging_mixin.py:188} INFO - [2026-03-18T08:07:47.149+0000] {dag.py:3036} INFO - Sync 1 DAGs
[2026-03-18T08:07:47.154+0000] {logging_mixin.py:188} INFO - [2026-03-18T08:07:47.154+0000] {dag.py:3823} INFO - Setting next_dagrun for example_complex to None, run_after=None
[2026-03-18T08:07:47.163+0000] {processor.py:183} INFO - Processing /home/airflow/.local/lib/python3.8/site-packages/airflow/example_dags/example_complex.py took 0.043 seconds
[2026-03-18T08:08:17.703+0000] {processor.py:161} INFO - Started process (PID=366) to work on /home/airflow/.local/lib/python3.8/site-packages/airflow/example_dags/example_complex.py
[2026-03-18T08:08:17.703+0000] {processor.py:830} INFO - Processing file /home/airflow/.local/lib/python3.8/site-packages/airflow/example_dags/example_complex.py for tasks to queue
[2026-03-18T08:08:17.704+0000] {logging_mixin.py:188} INFO - [2026-03-18T08:08:17.704+0000] {dagbag.py:538} INFO - Filling up the DagBag from /home/airflow/.local/lib/python3.8/site-packages/airflow/example_dags/example_complex.py
[2026-03-18T08:08:17.710+0000] {processor.py:840} INFO - DAG(s) 'example_complex' retrieved from /home/airflow/.local/lib/python3.8/site-packages/airflow/example_dags/example_complex.py
[2026-03-18T08:08:17.726+0000] {logging_mixin.py:188} INFO - [2026-03-18T08:08:17.726+0000] {dag.py:3036} INFO - Sync 1 DAGs
[2026-03-18T08:08:17.732+0000] {logging_mixin.py:188} INFO - [2026-03-18T08:08:17.732+0000] {dag.py:3823} INFO - Setting next_dagrun for example_complex to None, run_after=None
[2026-03-18T08:08:17.742+0000] {processor.py:183} INFO - Processing /home/airflow/.local/lib/python3.8/site-packages/airflow/example_dags/example_complex.py took 0.041 seconds
[2026-03-18T08:08:48.200+0000] {processor.py:161} INFO - Started process (PID=422) to work on /home/airflow/.local/lib/python3.8/site-packages/airflow/example_dags/example_complex.py
[2026-03-18T08:08:48.202+0000] {processor.py:830} INFO - Processing file /home/airflow/.local/lib/python3.8/site-packages/airflow/example_dags/example_complex.py for tasks to queue
[2026-03-18T08:08:48.202+0000] {logging_mixin.py:188} INFO - [2026-03-18T08:08:48.202+0000] {dagbag.py:538} INFO - Filling up the DagBag from /home/airflow/.local/lib/python3.8/site-packages/airflow/example_dags/example_complex.py
[2026-03-18T08:08:48.208+0000] {processor.py:840} INFO - DAG(s) 'example_complex' retrieved from /home/airflow/.local/lib/python3.8/site-packages/airflow/example_dags/example_complex.py
[2026-03-18T08:08:48.222+0000] {logging_mixin.py:188} INFO - [2026-03-18T08:08:48.222+0000] {dag.py:3036} INFO - Sync 1 DAGs
[2026-03-18T08:08:48.227+0000] {logging_mixin.py:188} INFO - [2026-03-18T08:08:48.227+0000] {dag.py:3823} INFO - Setting next_dagrun for example_complex to None, run_after=None
[2026-03-18T08:08:48.235+0000] {processor.py:183} INFO - Processing /home/airflow/.local/lib/python3.8/site-packages/airflow/example_dags/example_complex.py took 0.036 seconds
[2026-03-18T08:09:18.716+0000] {processor.py:161} INFO - Started process (PID=478) to work on /home/airflow/.local/lib/python3.8/site-packages/airflow/example_dags/example_complex.py
[2026-03-18T08:09:18.717+0000] {processor.py:830} INFO - Processing file /home/airflow/.local/lib/python3.8/site-packages/airflow/example_dags/example_complex.py for tasks to queue
[2026-03-18T08:09:18.718+0000] {logging_mixin.py:188} INFO - [2026-03-18T08:09:18.718+0000] {dagbag.py:538} INFO - Filling up the DagBag from /home/airflow/.local/lib/python3.8/site-packages/airflow/example_dags/example_complex.py
[2026-03-18T08:09:18.722+0000] {processor.py:840} INFO - DAG(s) 'example_complex' retrieved from /home/airflow/.local/lib/python3.8/site-packages/airflow/example_dags/example_complex.py
[2026-03-18T08:09:18.735+0000] {logging_mixin.py:188} INFO - [2026-03-18T08:09:18.735+0000] {dag.py:3036} INFO - Sync 1 DAGs
[2026-03-18T08:09:18.740+0000] {logging_mixin.py:188} INFO - [2026-03-18T08:09:18.740+0000] {dag.py:3823} INFO - Setting next_dagrun for example_complex to None, run_after=None
[2026-03-18T08:09:18.748+0000] {processor.py:183} INFO - Processing /home/airflow/.local/lib/python3.8/site-packages/airflow/example_dags/example_complex.py took 0.033 seconds
[2026-03-18T08:09:49.210+0000] {processor.py:161} INFO - Started process (PID=534) to work on /home/airflow/.local/lib/python3.8/site-packages/airflow/example_dags/example_complex.py
[2026-03-18T08:09:49.211+0000] {processor.py:830} INFO - Processing file /home/airflow/.local/lib/python3.8/site-packages/airflow/example_dags/example_complex.py for tasks to queue
[2026-03-18T08:09:49.212+0000] {logging_mixin.py:188} INFO - [2026-03-18T08:09:49.212+0000] {dagbag.py:538} INFO - Filling up the DagBag from /home/airflow/.local/lib/python3.8/site-packages/airflow/example_dags/example_complex.py
[2026-03-18T08:09:49.219+0000] {processor.py:840} INFO - DAG(s) 'example_complex' retrieved from /home/airflow/.local/lib/python3.8/site-packages/airflow/example_dags/example_complex.py
[2026-03-18T08:09:49.233+0000] {logging_mixin.py:188} INFO - [2026-03-18T08:09:49.233+0000] {dag.py:3036} INFO - Sync 1 DAGs
[2026-03-18T08:09:49.238+0000] {logging_mixin.py:188} INFO - [2026-03-18T08:09:49.238+0000] {dag.py:3823} INFO - Setting next_dagrun for example_complex to None, run_after=None
[2026-03-18T08:09:49.248+0000] {processor.py:183} INFO - Processing /home/airflow/.local/lib/python3.8/site-packages/airflow/example_dags/example_complex.py took 0.039 seconds
[2026-03-18T08:10:19.815+0000] {processor.py:161} INFO - Started process (PID=590) to work on /home/airflow/.local/lib/python3.8/site-packages/airflow/example_dags/example_complex.py
[2026-03-18T08:10:19.816+0000] {processor.py:830} INFO - Processing file /home/airflow/.local/lib/python3.8/site-packages/airflow/example_dags/example_complex.py for tasks to queue
[2026-03-18T08:10:19.817+0000] {logging_mixin.py:188} INFO - [2026-03-18T08:10:19.817+0000] {dagbag.py:538} INFO - Filling up the DagBag from /home/airflow/.local/lib/python3.8/site-packages/airflow/example_dags/example_complex.py
[2026-03-18T08:10:19.823+0000] {processor.py:840} INFO - DAG(s) 'example_complex' retrieved from /home/airflow/.local/lib/python3.8/site-packages/airflow/example_dags/example_complex.py
[2026-03-18T08:10:19.843+0000] {logging_mixin.py:188} INFO - [2026-03-18T08:10:19.843+0000] {dag.py:3036} INFO - Sync 1 DAGs
[2026-03-18T08:10:19.849+0000] {logging_mixin.py:188} INFO - [2026-03-18T08:10:19.849+0000] {dag.py:3823} INFO - Setting next_dagrun for example_complex to None, run_after=None
[2026-03-18T08:10:19.857+0000] {processor.py:183} INFO - Processing /home/airflow/.local/lib/python3.8/site-packages/airflow/example_dags/example_complex.py took 0.043 seconds
[2026-03-18T08:10:50.278+0000] {processor.py:161} INFO - Started process (PID=646) to work on /home/airflow/.local/lib/python3.8/site-packages/airflow/example_dags/example_complex.py
[2026-03-18T08:10:50.279+0000] {processor.py:830} INFO - Processing file /home/airflow/.local/lib/python3.8/site-packages/airflow/example_dags/example_complex.py for tasks to queue
[2026-03-18T08:10:50.280+0000] {logging_mixin.py:188} INFO - [2026-03-18T08:10:50.280+0000] {dagbag.py:538} INFO - Filling up the DagBag from /home/airflow/.local/lib/python3.8/site-packages/airflow/example_dags/example_complex.py
[2026-03-18T08:10:50.287+0000] {processor.py:840} INFO - DAG(s) 'example_complex' retrieved from /home/airflow/.local/lib/python3.8/site-packages/airflow/example_dags/example_complex.py
[2026-03-18T08:10:50.308+0000] {logging_mixin.py:188} INFO - [2026-03-18T08:10:50.308+0000] {dag.py:3036} INFO - Sync 1 DAGs
[2026-03-18T08:10:50.313+0000] {logging_mixin.py:188} INFO - [2026-03-18T08:10:50.313+0000] {dag.py:3823} INFO - Setting next_dagrun for example_complex to None, run_after=None
[2026-03-18T08:10:50.319+0000] {processor.py:183} INFO - Processing /home/airflow/.local/lib/python3.8/site-packages/airflow/example_dags/example_complex.py took 0.043 seconds
[2026-03-18T08:11:20.810+0000] {processor.py:161} INFO - Started process (PID=702) to work on /home/airflow/.local/lib/python3.8/site-packages/airflow/example_dags/example_complex.py
[2026-03-18T08:11:20.811+0000] {processor.py:830} INFO - Processing file /home/airflow/.local/lib/python3.8/site-packages/airflow/example_dags/example_complex.py for tasks to queue
[2026-03-18T08:11:20.812+0000] {logging_mixin.py:188} INFO - [2026-03-18T08:11:20.812+0000] {dagbag.py:538} INFO - Filling up the DagBag from /home/airflow/.local/lib/python3.8/site-packages/airflow/example_dags/example_complex.py
[2026-03-18T08:11:20.818+0000] {processor.py:840} INFO - DAG(s) 'example_complex' retrieved from /home/airflow/.local/lib/python3.8/site-packages/airflow/example_dags/example_complex.py
[2026-03-18T08:11:20.834+0000] {logging_mixin.py:188} INFO - [2026-03-18T08:11:20.834+0000] {dag.py:3036} INFO - Sync 1 DAGs
[2026-03-18T08:11:20.838+0000] {logging_mixin.py:188} INFO - [2026-03-18T08:11:20.838+0000] {dag.py:3823} INFO - Setting next_dagrun for example_complex to None, run_after=None
[2026-03-18T08:11:20.847+0000] {processor.py:183} INFO - Processing /home/airflow/.local/lib/python3.8/site-packages/airflow/example_dags/example_complex.py took 0.039 seconds
[2026-03-18T08:11:51.413+0000] {processor.py:161} INFO - Started process (PID=758) to work on /home/airflow/.local/lib/python3.8/site-packages/airflow/example_dags/example_complex.py
[2026-03-18T08:11:51.415+0000] {processor.py:830} INFO - Processing file /home/airflow/.local/lib/python3.8/site-packages/airflow/example_dags/example_complex.py for tasks to queue
[2026-03-18T08:11:51.416+0000] {logging_mixin.py:188} INFO - [2026-03-18T08:11:51.416+0000] {dagbag.py:538} INFO - Filling up the DagBag from /home/airflow/.local/lib/python3.8/site-packages/airflow/example_dags/example_complex.py
[2026-03-18T08:11:51.421+0000] {processor.py:840} INFO - DAG(s) 'example_complex' retrieved from /home/airflow/.local/lib/python3.8/site-packages/airflow/example_dags/example_complex.py
[2026-03-18T08:11:51.443+0000] {logging_mixin.py:188} INFO - [2026-03-18T08:11:51.443+0000] {dag.py:3036} INFO - Sync 1 DAGs
[2026-03-18T08:11:51.450+0000] {logging_mixin.py:188} INFO - [2026-03-18T08:11:51.450+0000] {dag.py:3823} INFO - Setting next_dagrun for example_complex to None, run_after=None
[2026-03-18T08:11:51.465+0000] {processor.py:183} INFO - Processing /home/airflow/.local/lib/python3.8/site-packages/airflow/example_dags/example_complex.py took 0.054 seconds
[2026-03-18T08:12:21.890+0000] {processor.py:161} INFO - Started process (PID=814) to work on /home/airflow/.local/lib/python3.8/site-packages/airflow/example_dags/example_complex.py
[2026-03-18T08:12:21.892+0000] {processor.py:830} INFO - Processing file /home/airflow/.local/lib/python3.8/site-packages/airflow/example_dags/example_complex.py for tasks to queue
[2026-03-18T08:12:21.896+0000] {logging_mixin.py:188} INFO - [2026-03-18T08:12:21.896+0000] {dagbag.py:538} INFO - Filling up the DagBag from /home/airflow/.local/lib/python3.8/site-packages/airflow/example_dags/example_complex.py
[2026-03-18T08:12:21.901+0000] {processor.py:840} INFO - DAG(s) 'example_complex' retrieved from /home/airflow/.local/lib/python3.8/site-packages/airflow/example_dags/example_complex.py
[2026-03-18T08:12:21.918+0000] {logging_mixin.py:188} INFO - [2026-03-18T08:12:21.918+0000] {dag.py:3036} INFO - Sync 1 DAGs
[2026-03-18T08:12:21.924+0000] {logging_mixin.py:188} INFO - [2026-03-18T08:12:21.924+0000] {dag.py:3823} INFO - Setting next_dagrun for example_complex to None, run_after=None
[2026-03-18T08:12:21.934+0000] {processor.py:183} INFO - Processing /home/airflow/.local/lib/python3.8/site-packages/airflow/example_dags/example_complex.py took 0.046 seconds
[2026-03-18T08:12:52.267+0000] {processor.py:161} INFO - Started process (PID=870) to work on /home/airflow/.local/lib/python3.8/site-packages/airflow/example_dags/example_complex.py
[2026-03-18T08:12:52.268+0000] {processor.py:830} INFO - Processing file /home/airflow/.local/lib/python3.8/site-packages/airflow/example_dags/example_complex.py for tasks to queue
[2026-03-18T08:12:52.269+0000] {logging_mixin.py:188} INFO - [2026-03-18T08:12:52.269+0000] {dagbag.py:538} INFO - Filling up the DagBag from /home/airflow/.local/lib/python3.8/site-packages/airflow/example_dags/example_complex.py
[2026-03-18T08:12:52.274+0000] {processor.py:840} INFO - DAG(s) 'example_complex' retrieved from /home/airflow/.local/lib/python3.8/site-packages/airflow/example_dags/example_complex.py
[2026-03-18T08:12:52.289+0000] {logging_mixin.py:188} INFO - [2026-03-18T08:12:52.289+0000] {dag.py:3036} INFO - Sync 1 DAGs
[2026-03-18T08:12:52.294+0000] {logging_mixin.py:188} INFO - [2026-03-18T08:12:52.294+0000] {dag.py:3823} INFO - Setting next_dagrun for example_complex to None, run_after=None
[2026-03-18T08:12:52.309+0000] {processor.py:183} INFO - Processing /home/airflow/.local/lib/python3.8/site-packages/airflow/example_dags/example_complex.py took 0.044 seconds
[2026-03-18T08:13:22.712+0000] {processor.py:161} INFO - Started process (PID=926) to work on /home/airflow/.local/lib/python3.8/site-packages/airflow/example_dags/example_complex.py
[2026-03-18T08:13:22.713+0000] {processor.py:830} INFO - Processing file /home/airflow/.local/lib/python3.8/site-packages/airflow/example_dags/example_complex.py for tasks to queue
[2026-03-18T08:13:22.715+0000] {logging_mixin.py:188} INFO - [2026-03-18T08:13:22.715+0000] {dagbag.py:538} INFO - Filling up the DagBag from /home/airflow/.local/lib/python3.8/site-packages/airflow/example_dags/example_complex.py
[2026-03-18T08:13:22.720+0000] {processor.py:840} INFO - DAG(s) 'example_complex' retrieved from /home/airflow/.local/lib/python3.8/site-packages/airflow/example_dags/example_complex.py
[2026-03-18T08:13:22.738+0000] {logging_mixin.py:188} INFO - [2026-03-18T08:13:22.738+0000] {dag.py:3036} INFO - Sync 1 DAGs
[2026-03-18T08:13:22.746+0000] {logging_mixin.py:188} INFO - [2026-03-18T08:13:22.746+0000] {dag.py:3823} INFO - Setting next_dagrun for example_complex to None, run_after=None
[2026-03-18T08:13:22.756+0000] {processor.py:183} INFO - Processing /home/airflow/.local/lib/python3.8/site-packages/airflow/example_dags/example_complex.py took 0.046 seconds
[2026-03-18T08:13:53.343+0000] {processor.py:161} INFO - Started process (PID=982) to work on /home/airflow/.local/lib/python3.8/site-packages/airflow/example_dags/example_complex.py
[2026-03-18T08:13:53.344+0000] {processor.py:830} INFO - Processing file /home/airflow/.local/lib/python3.8/site-packages/airflow/example_dags/example_complex.py for tasks to queue
[2026-03-18T08:13:53.346+0000] {logging_mixin.py:188} INFO - [2026-03-18T08:13:53.345+0000] {dagbag.py:538} INFO - Filling up the DagBag from /home/airflow/.local/lib/python3.8/site-packages/airflow/example_dags/example_complex.py
[2026-03-18T08:13:53.350+0000] {processor.py:840} INFO - DAG(s) 'example_complex' retrieved from /home/airflow/.local/lib/python3.8/site-packages/airflow/example_dags/example_complex.py
[2026-03-18T08:13:53.365+0000] {logging_mixin.py:188} INFO - [2026-03-18T08:13:53.365+0000] {dag.py:3036} INFO - Sync 1 DAGs
[2026-03-18T08:13:53.371+0000] {logging_mixin.py:188} INFO - [2026-03-18T08:13:53.370+0000] {dag.py:3823} INFO - Setting next_dagrun for example_complex to None, run_after=None
[2026-03-18T08:13:53.383+0000] {processor.py:183} INFO - Processing /home/airflow/.local/lib/python3.8/site-packages/airflow/example_dags/example_complex.py took 0.041 seconds
[2026-03-18T08:14:23.911+0000] {processor.py:161} INFO - Started process (PID=1038) to work on /home/airflow/.local/lib/python3.8/site-packages/airflow/example_dags/example_complex.py
[2026-03-18T08:14:23.912+0000] {processor.py:830} INFO - Processing file /home/airflow/.local/lib/python3.8/site-packages/airflow/example_dags/example_complex.py for tasks to queue
[2026-03-18T08:14:23.913+0000] {logging_mixin.py:188} INFO - [2026-03-18T08:14:23.913+0000] {dagbag.py:538} INFO - Filling up the DagBag from /home/airflow/.local/lib/python3.8/site-packages/airflow/example_dags/example_complex.py
[2026-03-18T08:14:23.918+0000] {processor.py:840} INFO - DAG(s) 'example_complex' retrieved from /home/airflow/.local/lib/python3.8/site-packages/airflow/example_dags/example_complex.py
[2026-03-18T08:14:23.932+0000] {logging_mixin.py:188} INFO - [2026-03-18T08:14:23.932+0000] {dag.py:3036} INFO - Sync 1 DAGs
[2026-03-18T08:14:23.937+0000] {logging_mixin.py:188} INFO - [2026-03-18T08:14:23.937+0000] {dag.py:3823} INFO - Setting next_dagrun for example_complex to None, run_after=None
[2026-03-18T08:14:23.944+0000] {processor.py:183} INFO - Processing /home/airflow/.local/lib/python3.8/site-packages/airflow/example_dags/example_complex.py took 0.034 seconds
[2026-03-18T08:14:54.560+0000] {processor.py:161} INFO - Started process (PID=1094) to work on /home/airflow/.local/lib/python3.8/site-packages/airflow/example_dags/example_complex.py
[2026-03-18T08:14:54.562+0000] {processor.py:830} INFO - Processing file /home/airflow/.local/lib/python3.8/site-packages/airflow/example_dags/example_complex.py for tasks to queue
[2026-03-18T08:14:54.563+0000] {logging_mixin.py:188} INFO - [2026-03-18T08:14:54.563+0000] {dagbag.py:538} INFO - Filling up the DagBag from /home/airflow/.local/lib/python3.8/site-packages/airflow/example_dags/example_complex.py
[2026-03-18T08:14:54.569+0000] {processor.py:840} INFO - DAG(s) 'example_complex' retrieved from /home/airflow/.local/lib/python3.8/site-packages/airflow/example_dags/example_complex.py
[2026-03-18T08:14:54.590+0000] {logging_mixin.py:188} INFO - [2026-03-18T08:14:54.590+0000] {dag.py:3036} INFO - Sync 1 DAGs
[2026-03-18T08:14:54.595+0000] {logging_mixin.py:188} INFO - [2026-03-18T08:14:54.595+0000] {dag.py:3823} INFO - Setting next_dagrun for example_complex to None, run_after=None
[2026-03-18T08:14:54.609+0000] {processor.py:183} INFO - Processing /home/airflow/.local/lib/python3.8/site-packages/airflow/example_dags/example_complex.py took 0.050 seconds
[2026-03-18T08:15:25.207+0000] {processor.py:161} INFO - Started process (PID=1150) to work on /home/airflow/.local/lib/python3.8/site-packages/airflow/example_dags/example_complex.py
[2026-03-18T08:15:25.208+0000] {processor.py:830} INFO - Processing file /home/airflow/.local/lib/python3.8/site-packages/airflow/example_dags/example_complex.py for tasks to queue
[2026-03-18T08:15:25.209+0000] {logging_mixin.py:188} INFO - [2026-03-18T08:15:25.209+0000] {dagbag.py:538} INFO - Filling up the DagBag from /home/airflow/.local/lib/python3.8/site-packages/airflow/example_dags/example_complex.py
[2026-03-18T08:15:25.217+0000] {processor.py:840} INFO - DAG(s) 'example_complex' retrieved from /home/airflow/.local/lib/python3.8/site-packages/airflow/example_dags/example_complex.py
[2026-03-18T08:15:25.234+0000] {logging_mixin.py:188} INFO - [2026-03-18T08:15:25.234+0000] {dag.py:3036} INFO - Sync 1 DAGs
[2026-03-18T08:15:25.241+0000] {logging_mixin.py:188} INFO - [2026-03-18T08:15:25.241+0000] {dag.py:3823} INFO - Setting next_dagrun for example_complex to None, run_after=None
[2026-03-18T08:15:25.250+0000] {processor.py:183} INFO - Processing /home/airflow/.local/lib/python3.8/site-packages/airflow/example_dags/example_complex.py took 0.045 seconds
[2026-03-18T08:15:55.645+0000] {processor.py:161} INFO - Started process (PID=1206) to work on /home/airflow/.local/lib/python3.8/site-packages/airflow/example_dags/example_complex.py
[2026-03-18T08:15:55.645+0000] {processor.py:830} INFO - Processing file /home/airflow/.local/lib/python3.8/site-packages/airflow/example_dags/example_complex.py for tasks to queue
[2026-03-18T08:15:55.646+0000] {logging_mixin.py:188} INFO - [2026-03-18T08:15:55.646+0000] {dagbag.py:538} INFO - Filling up the DagBag from /home/airflow/.local/lib/python3.8/site-packages/airflow/example_dags/example_complex.py
[2026-03-18T08:15:55.653+0000] {processor.py:840} INFO - DAG(s) 'example_complex' retrieved from /home/airflow/.local/lib/python3.8/site-packages/airflow/example_dags/example_complex.py
[2026-03-18T08:15:55.671+0000] {logging_mixin.py:188} INFO - [2026-03-18T08:15:55.671+0000] {dag.py:3036} INFO - Sync 1 DAGs
[2026-03-18T08:15:55.676+0000] {logging_mixin.py:188} INFO - [2026-03-18T08:15:55.676+0000] {dag.py:3823} INFO - Setting next_dagrun for example_complex to None, run_after=None
[2026-03-18T08:15:55.684+0000] {processor.py:183} INFO - Processing /home/airflow/.local/lib/python3.8/site-packages/airflow/example_dags/example_complex.py took 0.042 seconds
[2026-03-18T08:16:26.252+0000] {processor.py:161} INFO - Started process (PID=1262) to work on /home/airflow/.local/lib/python3.8/site-packages/airflow/example_dags/example_complex.py
[2026-03-18T08:16:26.253+0000] {processor.py:830} INFO - Processing file /home/airflow/.local/lib/python3.8/site-packages/airflow/example_dags/example_complex.py for tasks to queue
[2026-03-18T08:16:26.254+0000] {logging_mixin.py:188} INFO - [2026-03-18T08:16:26.254+0000] {dagbag.py:538} INFO - Filling up the DagBag from /home/airflow/.local/lib/python3.8/site-packages/airflow/example_dags/example_complex.py
[2026-03-18T08:16:26.261+0000] {processor.py:840} INFO - DAG(s) 'example_complex' retrieved from /home/airflow/.local/lib/python3.8/site-packages/airflow/example_dags/example_complex.py
[2026-03-18T08:16:26.276+0000] {logging_mixin.py:188} INFO - [2026-03-18T08:16:26.276+0000] {dag.py:3036} INFO - Sync 1 DAGs
[2026-03-18T08:16:26.284+0000] {logging_mixin.py:188} INFO - [2026-03-18T08:16:26.283+0000] {dag.py:3823} INFO - Setting next_dagrun for example_complex to None, run_after=None
[2026-03-18T08:16:26.296+0000] {processor.py:183} INFO - Processing /home/airflow/.local/lib/python3.8/site-packages/airflow/example_dags/example_complex.py took 0.046 seconds
[2026-03-18T08:16:56.709+0000] {processor.py:161} INFO - Started process (PID=1319) to work on /home/airflow/.local/lib/python3.8/site-packages/airflow/example_dags/example_complex.py
[2026-03-18T08:16:56.709+0000] {processor.py:830} INFO - Processing file /home/airflow/.local/lib/python3.8/site-packages/airflow/example_dags/example_complex.py for tasks to queue
[2026-03-18T08:16:56.710+0000] {logging_mixin.py:188} INFO - [2026-03-18T08:16:56.710+0000] {dagbag.py:538} INFO - Filling up the DagBag from /home/airflow/.local/lib/python3.8/site-packages/airflow/example_dags/example_complex.py
[2026-03-18T08:16:56.715+0000] {processor.py:840} INFO - DAG(s) 'example_complex' retrieved from /home/airflow/.local/lib/python3.8/site-packages/airflow/example_dags/example_complex.py
[2026-03-18T08:16:56.730+0000] {logging_mixin.py:188} INFO - [2026-03-18T08:16:56.730+0000] {dag.py:3036} INFO - Sync 1 DAGs
[2026-03-18T08:16:56.735+0000] {logging_mixin.py:188} INFO - [2026-03-18T08:16:56.735+0000] {dag.py:3823} INFO - Setting next_dagrun for example_complex to None, run_after=None
[2026-03-18T08:16:56.745+0000] {processor.py:183} INFO - Processing /home/airflow/.local/lib/python3.8/site-packages/airflow/example_dags/example_complex.py took 0.038 seconds
[2026-03-18T08:17:27.343+0000] {processor.py:161} INFO - Started process (PID=1375) to work on /home/airflow/.local/lib/python3.8/site-packages/airflow/example_dags/example_complex.py
[2026-03-18T08:17:27.344+0000] {processor.py:830} INFO - Processing file /home/airflow/.local/lib/python3.8/site-packages/airflow/example_dags/example_complex.py for tasks to queue
[2026-03-18T08:17:27.345+0000] {logging_mixin.py:188} INFO - [2026-03-18T08:17:27.345+0000] {dagbag.py:538} INFO - Filling up the DagBag from /home/airflow/.local/lib/python3.8/site-packages/airflow/example_dags/example_complex.py
[2026-03-18T08:17:27.349+0000] {processor.py:840} INFO - DAG(s) 'example_complex' retrieved from /home/airflow/.local/lib/python3.8/site-packages/airflow/example_dags/example_complex.py
[2026-03-18T08:17:27.371+0000] {logging_mixin.py:188} INFO - [2026-03-18T08:17:27.371+0000] {dag.py:3036} INFO - Sync 1 DAGs
[2026-03-18T08:17:27.378+0000] {logging_mixin.py:188} INFO - [2026-03-18T08:17:27.378+0000] {dag.py:3823} INFO - Setting next_dagrun for example_complex to None, run_after=None
[2026-03-18T08:17:27.386+0000] {processor.py:183} INFO - Processing /home/airflow/.local/lib/python3.8/site-packages/airflow/example_dags/example_complex.py took 0.044 seconds
[2026-03-18T08:17:57.779+0000] {processor.py:161} INFO - Started process (PID=1431) to work on /home/airflow/.local/lib/python3.8/site-packages/airflow/example_dags/example_complex.py
[2026-03-18T08:17:57.780+0000] {processor.py:830} INFO - Processing file /home/airflow/.local/lib/python3.8/site-packages/airflow/example_dags/example_complex.py for tasks to queue
[2026-03-18T08:17:57.781+0000] {logging_mixin.py:188} INFO - [2026-03-18T08:17:57.781+0000] {dagbag.py:538} INFO - Filling up the DagBag from /home/airflow/.local/lib/python3.8/site-packages/airflow/example_dags/example_complex.py
[2026-03-18T08:17:57.786+0000] {processor.py:840} INFO - DAG(s) 'example_complex' retrieved from /home/airflow/.local/lib/python3.8/site-packages/airflow/example_dags/example_complex.py
[2026-03-18T08:17:57.801+0000] {logging_mixin.py:188} INFO - [2026-03-18T08:17:57.801+0000] {dag.py:3036} INFO - Sync 1 DAGs
[2026-03-18T08:17:57.806+0000] {logging_mixin.py:188} INFO - [2026-03-18T08:17:57.806+0000] {dag.py:3823} INFO - Setting next_dagrun for example_complex to None, run_after=None
[2026-03-18T08:17:57.815+0000] {processor.py:183} INFO - Processing /home/airflow/.local/lib/python3.8/site-packages/airflow/example_dags/example_complex.py took 0.038 seconds
[2026-03-18T08:18:28.370+0000] {processor.py:161} INFO - Started process (PID=1487) to work on /home/airflow/.local/lib/python3.8/site-packages/airflow/example_dags/example_complex.py
[2026-03-18T08:18:28.372+0000] {processor.py:830} INFO - Processing file /home/airflow/.local/lib/python3.8/site-packages/airflow/example_dags/example_complex.py for tasks to queue
[2026-03-18T08:18:28.372+0000] {logging_mixin.py:188} INFO - [2026-03-18T08:18:28.372+0000] {dagbag.py:538} INFO - Filling up the DagBag from /home/airflow/.local/lib/python3.8/site-packages/airflow/example_dags/example_complex.py
[2026-03-18T08:18:28.377+0000] {processor.py:840} INFO - DAG(s) 'example_complex' retrieved from /home/airflow/.local/lib/python3.8/site-packages/airflow/example_dags/example_complex.py
[2026-03-18T08:18:28.392+0000] {logging_mixin.py:188} INFO - [2026-03-18T08:18:28.392+0000] {dag.py:3036} INFO - Sync 1 DAGs
[2026-03-18T08:18:28.398+0000] {logging_mixin.py:188} INFO - [2026-03-18T08:18:28.398+0000] {dag.py:3823} INFO - Setting next_dagrun for example_complex to None, run_after=None
[2026-03-18T08:18:28.410+0000] {processor.py:183} INFO - Processing /home/airflow/.local/lib/python3.8/site-packages/airflow/example_dags/example_complex.py took 0.042 seconds
[2026-03-18T08:18:58.858+0000] {processor.py:161} INFO - Started process (PID=1543) to work on /home/airflow/.local/lib/python3.8/site-packages/airflow/example_dags/example_complex.py
[2026-03-18T08:18:58.858+0000] {processor.py:830} INFO - Processing file /home/airflow/.local/lib/python3.8/site-packages/airflow/example_dags/example_complex.py for tasks to queue
[2026-03-18T08:18:58.859+0000] {logging_mixin.py:188} INFO - [2026-03-18T08:18:58.859+0000] {dagbag.py:538} INFO - Filling up the DagBag from /home/airflow/.local/lib/python3.8/site-packages/airflow/example_dags/example_complex.py
[2026-03-18T08:18:58.864+0000] {processor.py:840} INFO - DAG(s) 'example_complex' retrieved from /home/airflow/.local/lib/python3.8/site-packages/airflow/example_dags/example_complex.py
[2026-03-18T08:18:58.879+0000] {logging_mixin.py:188} INFO - [2026-03-18T08:18:58.879+0000] {dag.py:3036} INFO - Sync 1 DAGs
[2026-03-18T08:18:58.886+0000] {logging_mixin.py:188} INFO - [2026-03-18T08:18:58.886+0000] {dag.py:3823} INFO - Setting next_dagrun for example_complex to None, run_after=None
[2026-03-18T08:18:58.896+0000] {processor.py:183} INFO - Processing /home/airflow/.local/lib/python3.8/site-packages/airflow/example_dags/example_complex.py took 0.040 seconds
[2026-03-18T08:19:29.271+0000] {processor.py:161} INFO - Started process (PID=1599) to work on /home/airflow/.local/lib/python3.8/site-packages/airflow/example_dags/example_complex.py
[2026-03-18T08:19:29.272+0000] {processor.py:830} INFO - Processing file /home/airflow/.local/lib/python3.8/site-packages/airflow/example_dags/example_complex.py for tasks to queue
[2026-03-18T08:19:29.273+0000] {logging_mixin.py:188} INFO - [2026-03-18T08:19:29.273+0000] {dagbag.py:538} INFO - Filling up the DagBag from /home/airflow/.local/lib/python3.8/site-packages/airflow/example_dags/example_complex.py
[2026-03-18T08:19:29.277+0000] {processor.py:840} INFO - DAG(s) 'example_complex' retrieved from /home/airflow/.local/lib/python3.8/site-packages/airflow/example_dags/example_complex.py
[2026-03-18T08:19:29.295+0000] {logging_mixin.py:188} INFO - [2026-03-18T08:19:29.295+0000] {dag.py:3036} INFO - Sync 1 DAGs
[2026-03-18T08:19:29.302+0000] {logging_mixin.py:188} INFO - [2026-03-18T08:19:29.302+0000] {dag.py:3823} INFO - Setting next_dagrun for example_complex to None, run_after=None
[2026-03-18T08:19:29.312+0000] {processor.py:183} INFO - Processing /home/airflow/.local/lib/python3.8/site-packages/airflow/example_dags/example_complex.py took 0.042 seconds
