[2026-03-18T07:45:18.255+0000] {processor.py:161} INFO - Started process (PID=61) to work on /home/airflow/.local/lib/python3.8/site-packages/airflow/example_dags/example_bash_operator.py
[2026-03-18T07:45:18.256+0000] {processor.py:830} INFO - Processing file /home/airflow/.local/lib/python3.8/site-packages/airflow/example_dags/example_bash_operator.py for tasks to queue
[2026-03-18T07:45:18.258+0000] {logging_mixin.py:188} INFO - [2026-03-18T07:45:18.258+0000] {dagbag.py:538} INFO - Filling up the DagBag from /home/airflow/.local/lib/python3.8/site-packages/airflow/example_dags/example_bash_operator.py
[2026-03-18T07:45:18.266+0000] {processor.py:840} INFO - DAG(s) 'example_bash_operator' retrieved from /home/airflow/.local/lib/python3.8/site-packages/airflow/example_dags/example_bash_operator.py
[2026-03-18T07:45:18.318+0000] {logging_mixin.py:188} INFO - [2026-03-18T07:45:18.318+0000] {override.py:1769} INFO - Created Permission View: can read on DAG:example_bash_operator
[2026-03-18T07:45:18.324+0000] {logging_mixin.py:188} INFO - [2026-03-18T07:45:18.323+0000] {override.py:1769} INFO - Created Permission View: can delete on DAG:example_bash_operator
[2026-03-18T07:45:18.327+0000] {logging_mixin.py:188} INFO - [2026-03-18T07:45:18.326+0000] {override.py:1769} INFO - Created Permission View: can edit on DAG:example_bash_operator
[2026-03-18T07:45:18.327+0000] {logging_mixin.py:188} INFO - [2026-03-18T07:45:18.327+0000] {dag.py:3036} INFO - Sync 1 DAGs
[2026-03-18T07:45:18.334+0000] {logging_mixin.py:188} INFO - [2026-03-18T07:45:18.333+0000] {dag.py:3058} INFO - Creating ORM DAG for example_bash_operator
[2026-03-18T07:45:18.341+0000] {logging_mixin.py:188} INFO - [2026-03-18T07:45:18.341+0000] {dag.py:3823} INFO - Setting next_dagrun for example_bash_operator to 2026-03-17 00:00:00+00:00, run_after=2026-03-18 00:00:00+00:00
[2026-03-18T07:45:18.352+0000] {processor.py:183} INFO - Processing /home/airflow/.local/lib/python3.8/site-packages/airflow/example_dags/example_bash_operator.py took 0.099 seconds
[2026-03-18T07:45:49.278+0000] {processor.py:161} INFO - Started process (PID=116) to work on /home/airflow/.local/lib/python3.8/site-packages/airflow/example_dags/example_bash_operator.py
[2026-03-18T07:45:49.278+0000] {processor.py:830} INFO - Processing file /home/airflow/.local/lib/python3.8/site-packages/airflow/example_dags/example_bash_operator.py for tasks to queue
[2026-03-18T07:45:49.279+0000] {logging_mixin.py:188} INFO - [2026-03-18T07:45:49.279+0000] {dagbag.py:538} INFO - Filling up the DagBag from /home/airflow/.local/lib/python3.8/site-packages/airflow/example_dags/example_bash_operator.py
[2026-03-18T07:45:49.285+0000] {processor.py:840} INFO - DAG(s) 'example_bash_operator' retrieved from /home/airflow/.local/lib/python3.8/site-packages/airflow/example_dags/example_bash_operator.py
[2026-03-18T07:45:49.296+0000] {logging_mixin.py:188} INFO - [2026-03-18T07:45:49.296+0000] {dag.py:3036} INFO - Sync 1 DAGs
[2026-03-18T07:45:49.304+0000] {logging_mixin.py:188} INFO - [2026-03-18T07:45:49.304+0000] {dag.py:3823} INFO - Setting next_dagrun for example_bash_operator to 2026-03-17 00:00:00+00:00, run_after=2026-03-18 00:00:00+00:00
[2026-03-18T07:45:49.311+0000] {processor.py:183} INFO - Processing /home/airflow/.local/lib/python3.8/site-packages/airflow/example_dags/example_bash_operator.py took 0.035 seconds
[2026-03-18T07:46:19.684+0000] {processor.py:161} INFO - Started process (PID=171) to work on /home/airflow/.local/lib/python3.8/site-packages/airflow/example_dags/example_bash_operator.py
[2026-03-18T07:46:19.685+0000] {processor.py:830} INFO - Processing file /home/airflow/.local/lib/python3.8/site-packages/airflow/example_dags/example_bash_operator.py for tasks to queue
[2026-03-18T07:46:19.685+0000] {logging_mixin.py:188} INFO - [2026-03-18T07:46:19.685+0000] {dagbag.py:538} INFO - Filling up the DagBag from /home/airflow/.local/lib/python3.8/site-packages/airflow/example_dags/example_bash_operator.py
[2026-03-18T07:46:19.691+0000] {processor.py:840} INFO - DAG(s) 'example_bash_operator' retrieved from /home/airflow/.local/lib/python3.8/site-packages/airflow/example_dags/example_bash_operator.py
[2026-03-18T07:46:19.701+0000] {logging_mixin.py:188} INFO - [2026-03-18T07:46:19.701+0000] {dag.py:3036} INFO - Sync 1 DAGs
[2026-03-18T07:46:19.709+0000] {logging_mixin.py:188} INFO - [2026-03-18T07:46:19.709+0000] {dag.py:3823} INFO - Setting next_dagrun for example_bash_operator to 2026-03-17 00:00:00+00:00, run_after=2026-03-18 00:00:00+00:00
[2026-03-18T07:46:19.719+0000] {processor.py:183} INFO - Processing /home/airflow/.local/lib/python3.8/site-packages/airflow/example_dags/example_bash_operator.py took 0.037 seconds
[2026-03-18T07:46:50.006+0000] {processor.py:161} INFO - Started process (PID=226) to work on /home/airflow/.local/lib/python3.8/site-packages/airflow/example_dags/example_bash_operator.py
[2026-03-18T07:46:50.006+0000] {processor.py:830} INFO - Processing file /home/airflow/.local/lib/python3.8/site-packages/airflow/example_dags/example_bash_operator.py for tasks to queue
[2026-03-18T07:46:50.007+0000] {logging_mixin.py:188} INFO - [2026-03-18T07:46:50.007+0000] {dagbag.py:538} INFO - Filling up the DagBag from /home/airflow/.local/lib/python3.8/site-packages/airflow/example_dags/example_bash_operator.py
[2026-03-18T07:46:50.013+0000] {processor.py:840} INFO - DAG(s) 'example_bash_operator' retrieved from /home/airflow/.local/lib/python3.8/site-packages/airflow/example_dags/example_bash_operator.py
[2026-03-18T07:46:50.024+0000] {logging_mixin.py:188} INFO - [2026-03-18T07:46:50.024+0000] {dag.py:3036} INFO - Sync 1 DAGs
[2026-03-18T07:46:50.033+0000] {logging_mixin.py:188} INFO - [2026-03-18T07:46:50.033+0000] {dag.py:3823} INFO - Setting next_dagrun for example_bash_operator to 2026-03-17 00:00:00+00:00, run_after=2026-03-18 00:00:00+00:00
[2026-03-18T07:46:50.039+0000] {processor.py:183} INFO - Processing /home/airflow/.local/lib/python3.8/site-packages/airflow/example_dags/example_bash_operator.py took 0.035 seconds
[2026-03-18T07:47:20.338+0000] {processor.py:161} INFO - Started process (PID=281) to work on /home/airflow/.local/lib/python3.8/site-packages/airflow/example_dags/example_bash_operator.py
[2026-03-18T07:47:20.339+0000] {processor.py:830} INFO - Processing file /home/airflow/.local/lib/python3.8/site-packages/airflow/example_dags/example_bash_operator.py for tasks to queue
[2026-03-18T07:47:20.340+0000] {logging_mixin.py:188} INFO - [2026-03-18T07:47:20.340+0000] {dagbag.py:538} INFO - Filling up the DagBag from /home/airflow/.local/lib/python3.8/site-packages/airflow/example_dags/example_bash_operator.py
[2026-03-18T07:47:20.346+0000] {processor.py:840} INFO - DAG(s) 'example_bash_operator' retrieved from /home/airflow/.local/lib/python3.8/site-packages/airflow/example_dags/example_bash_operator.py
[2026-03-18T07:47:20.358+0000] {logging_mixin.py:188} INFO - [2026-03-18T07:47:20.358+0000] {dag.py:3036} INFO - Sync 1 DAGs
[2026-03-18T07:47:20.368+0000] {logging_mixin.py:188} INFO - [2026-03-18T07:47:20.368+0000] {dag.py:3823} INFO - Setting next_dagrun for example_bash_operator to 2026-03-17 00:00:00+00:00, run_after=2026-03-18 00:00:00+00:00
[2026-03-18T07:47:20.376+0000] {processor.py:183} INFO - Processing /home/airflow/.local/lib/python3.8/site-packages/airflow/example_dags/example_bash_operator.py took 0.040 seconds
[2026-03-18T07:47:50.776+0000] {processor.py:161} INFO - Started process (PID=336) to work on /home/airflow/.local/lib/python3.8/site-packages/airflow/example_dags/example_bash_operator.py
[2026-03-18T07:47:50.777+0000] {processor.py:830} INFO - Processing file /home/airflow/.local/lib/python3.8/site-packages/airflow/example_dags/example_bash_operator.py for tasks to queue
[2026-03-18T07:47:50.777+0000] {logging_mixin.py:188} INFO - [2026-03-18T07:47:50.777+0000] {dagbag.py:538} INFO - Filling up the DagBag from /home/airflow/.local/lib/python3.8/site-packages/airflow/example_dags/example_bash_operator.py
[2026-03-18T07:47:50.782+0000] {processor.py:840} INFO - DAG(s) 'example_bash_operator' retrieved from /home/airflow/.local/lib/python3.8/site-packages/airflow/example_dags/example_bash_operator.py
[2026-03-18T07:47:50.794+0000] {logging_mixin.py:188} INFO - [2026-03-18T07:47:50.794+0000] {dag.py:3036} INFO - Sync 1 DAGs
[2026-03-18T07:47:50.804+0000] {logging_mixin.py:188} INFO - [2026-03-18T07:47:50.804+0000] {dag.py:3823} INFO - Setting next_dagrun for example_bash_operator to 2026-03-17 00:00:00+00:00, run_after=2026-03-18 00:00:00+00:00
[2026-03-18T07:47:50.813+0000] {processor.py:183} INFO - Processing /home/airflow/.local/lib/python3.8/site-packages/airflow/example_dags/example_bash_operator.py took 0.038 seconds
[2026-03-18T07:48:21.204+0000] {processor.py:161} INFO - Started process (PID=391) to work on /home/airflow/.local/lib/python3.8/site-packages/airflow/example_dags/example_bash_operator.py
[2026-03-18T07:48:21.204+0000] {processor.py:830} INFO - Processing file /home/airflow/.local/lib/python3.8/site-packages/airflow/example_dags/example_bash_operator.py for tasks to queue
[2026-03-18T07:48:21.205+0000] {logging_mixin.py:188} INFO - [2026-03-18T07:48:21.205+0000] {dagbag.py:538} INFO - Filling up the DagBag from /home/airflow/.local/lib/python3.8/site-packages/airflow/example_dags/example_bash_operator.py
[2026-03-18T07:48:21.210+0000] {processor.py:840} INFO - DAG(s) 'example_bash_operator' retrieved from /home/airflow/.local/lib/python3.8/site-packages/airflow/example_dags/example_bash_operator.py
[2026-03-18T07:48:21.220+0000] {logging_mixin.py:188} INFO - [2026-03-18T07:48:21.220+0000] {dag.py:3036} INFO - Sync 1 DAGs
[2026-03-18T07:48:21.228+0000] {logging_mixin.py:188} INFO - [2026-03-18T07:48:21.227+0000] {dag.py:3823} INFO - Setting next_dagrun for example_bash_operator to 2026-03-17 00:00:00+00:00, run_after=2026-03-18 00:00:00+00:00
[2026-03-18T07:48:21.234+0000] {processor.py:183} INFO - Processing /home/airflow/.local/lib/python3.8/site-packages/airflow/example_dags/example_bash_operator.py took 0.031 seconds
[2026-03-18T07:48:51.488+0000] {processor.py:161} INFO - Started process (PID=446) to work on /home/airflow/.local/lib/python3.8/site-packages/airflow/example_dags/example_bash_operator.py
[2026-03-18T07:48:51.488+0000] {processor.py:830} INFO - Processing file /home/airflow/.local/lib/python3.8/site-packages/airflow/example_dags/example_bash_operator.py for tasks to queue
[2026-03-18T07:48:51.489+0000] {logging_mixin.py:188} INFO - [2026-03-18T07:48:51.489+0000] {dagbag.py:538} INFO - Filling up the DagBag from /home/airflow/.local/lib/python3.8/site-packages/airflow/example_dags/example_bash_operator.py
[2026-03-18T07:48:51.494+0000] {processor.py:840} INFO - DAG(s) 'example_bash_operator' retrieved from /home/airflow/.local/lib/python3.8/site-packages/airflow/example_dags/example_bash_operator.py
[2026-03-18T07:48:51.505+0000] {logging_mixin.py:188} INFO - [2026-03-18T07:48:51.505+0000] {dag.py:3036} INFO - Sync 1 DAGs
[2026-03-18T07:48:51.514+0000] {logging_mixin.py:188} INFO - [2026-03-18T07:48:51.514+0000] {dag.py:3823} INFO - Setting next_dagrun for example_bash_operator to 2026-03-17 00:00:00+00:00, run_after=2026-03-18 00:00:00+00:00
[2026-03-18T07:48:51.523+0000] {processor.py:183} INFO - Processing /home/airflow/.local/lib/python3.8/site-packages/airflow/example_dags/example_bash_operator.py took 0.037 seconds
[2026-03-18T07:49:21.771+0000] {processor.py:161} INFO - Started process (PID=501) to work on /home/airflow/.local/lib/python3.8/site-packages/airflow/example_dags/example_bash_operator.py
[2026-03-18T07:49:21.771+0000] {processor.py:830} INFO - Processing file /home/airflow/.local/lib/python3.8/site-packages/airflow/example_dags/example_bash_operator.py for tasks to queue
[2026-03-18T07:49:21.772+0000] {logging_mixin.py:188} INFO - [2026-03-18T07:49:21.772+0000] {dagbag.py:538} INFO - Filling up the DagBag from /home/airflow/.local/lib/python3.8/site-packages/airflow/example_dags/example_bash_operator.py
[2026-03-18T07:49:21.777+0000] {processor.py:840} INFO - DAG(s) 'example_bash_operator' retrieved from /home/airflow/.local/lib/python3.8/site-packages/airflow/example_dags/example_bash_operator.py
[2026-03-18T07:49:21.787+0000] {logging_mixin.py:188} INFO - [2026-03-18T07:49:21.786+0000] {dag.py:3036} INFO - Sync 1 DAGs
[2026-03-18T07:49:21.794+0000] {logging_mixin.py:188} INFO - [2026-03-18T07:49:21.794+0000] {dag.py:3823} INFO - Setting next_dagrun for example_bash_operator to 2026-03-17 00:00:00+00:00, run_after=2026-03-18 00:00:00+00:00
[2026-03-18T07:49:21.800+0000] {processor.py:183} INFO - Processing /home/airflow/.local/lib/python3.8/site-packages/airflow/example_dags/example_bash_operator.py took 0.030 seconds
[2026-03-18T07:49:52.027+0000] {processor.py:161} INFO - Started process (PID=562) to work on /home/airflow/.local/lib/python3.8/site-packages/airflow/example_dags/example_bash_operator.py
[2026-03-18T07:49:52.027+0000] {processor.py:830} INFO - Processing file /home/airflow/.local/lib/python3.8/site-packages/airflow/example_dags/example_bash_operator.py for tasks to queue
[2026-03-18T07:49:52.028+0000] {logging_mixin.py:188} INFO - [2026-03-18T07:49:52.028+0000] {dagbag.py:538} INFO - Filling up the DagBag from /home/airflow/.local/lib/python3.8/site-packages/airflow/example_dags/example_bash_operator.py
[2026-03-18T07:49:52.033+0000] {processor.py:840} INFO - DAG(s) 'example_bash_operator' retrieved from /home/airflow/.local/lib/python3.8/site-packages/airflow/example_dags/example_bash_operator.py
[2026-03-18T07:49:52.044+0000] {logging_mixin.py:188} INFO - [2026-03-18T07:49:52.043+0000] {dag.py:3036} INFO - Sync 1 DAGs
[2026-03-18T07:49:52.052+0000] {logging_mixin.py:188} INFO - [2026-03-18T07:49:52.052+0000] {dag.py:3823} INFO - Setting next_dagrun for example_bash_operator to 2026-03-17 00:00:00+00:00, run_after=2026-03-18 00:00:00+00:00
[2026-03-18T07:49:52.060+0000] {processor.py:183} INFO - Processing /home/airflow/.local/lib/python3.8/site-packages/airflow/example_dags/example_bash_operator.py took 0.035 seconds
[2026-03-18T07:50:22.384+0000] {processor.py:161} INFO - Started process (PID=618) to work on /home/airflow/.local/lib/python3.8/site-packages/airflow/example_dags/example_bash_operator.py
[2026-03-18T07:50:22.385+0000] {processor.py:830} INFO - Processing file /home/airflow/.local/lib/python3.8/site-packages/airflow/example_dags/example_bash_operator.py for tasks to queue
[2026-03-18T07:50:22.386+0000] {logging_mixin.py:188} INFO - [2026-03-18T07:50:22.386+0000] {dagbag.py:538} INFO - Filling up the DagBag from /home/airflow/.local/lib/python3.8/site-packages/airflow/example_dags/example_bash_operator.py
[2026-03-18T07:50:22.391+0000] {processor.py:840} INFO - DAG(s) 'example_bash_operator' retrieved from /home/airflow/.local/lib/python3.8/site-packages/airflow/example_dags/example_bash_operator.py
[2026-03-18T07:50:22.409+0000] {logging_mixin.py:188} INFO - [2026-03-18T07:50:22.408+0000] {dag.py:3036} INFO - Sync 1 DAGs
[2026-03-18T07:50:22.418+0000] {logging_mixin.py:188} INFO - [2026-03-18T07:50:22.418+0000] {dag.py:3823} INFO - Setting next_dagrun for example_bash_operator to 2026-03-17 00:00:00+00:00, run_after=2026-03-18 00:00:00+00:00
[2026-03-18T07:50:22.431+0000] {processor.py:183} INFO - Processing /home/airflow/.local/lib/python3.8/site-packages/airflow/example_dags/example_bash_operator.py took 0.048 seconds
[2026-03-18T07:50:52.864+0000] {processor.py:161} INFO - Started process (PID=674) to work on /home/airflow/.local/lib/python3.8/site-packages/airflow/example_dags/example_bash_operator.py
[2026-03-18T07:50:52.865+0000] {processor.py:830} INFO - Processing file /home/airflow/.local/lib/python3.8/site-packages/airflow/example_dags/example_bash_operator.py for tasks to queue
[2026-03-18T07:50:52.866+0000] {logging_mixin.py:188} INFO - [2026-03-18T07:50:52.866+0000] {dagbag.py:538} INFO - Filling up the DagBag from /home/airflow/.local/lib/python3.8/site-packages/airflow/example_dags/example_bash_operator.py
[2026-03-18T07:50:52.872+0000] {processor.py:840} INFO - DAG(s) 'example_bash_operator' retrieved from /home/airflow/.local/lib/python3.8/site-packages/airflow/example_dags/example_bash_operator.py
[2026-03-18T07:50:52.886+0000] {logging_mixin.py:188} INFO - [2026-03-18T07:50:52.886+0000] {dag.py:3036} INFO - Sync 1 DAGs
[2026-03-18T07:50:52.895+0000] {logging_mixin.py:188} INFO - [2026-03-18T07:50:52.895+0000] {dag.py:3823} INFO - Setting next_dagrun for example_bash_operator to 2026-03-17 00:00:00+00:00, run_after=2026-03-18 00:00:00+00:00
[2026-03-18T07:50:52.905+0000] {processor.py:183} INFO - Processing /home/airflow/.local/lib/python3.8/site-packages/airflow/example_dags/example_bash_operator.py took 0.043 seconds
[2026-03-18T07:51:23.383+0000] {processor.py:161} INFO - Started process (PID=730) to work on /home/airflow/.local/lib/python3.8/site-packages/airflow/example_dags/example_bash_operator.py
[2026-03-18T07:51:23.384+0000] {processor.py:830} INFO - Processing file /home/airflow/.local/lib/python3.8/site-packages/airflow/example_dags/example_bash_operator.py for tasks to queue
[2026-03-18T07:51:23.385+0000] {logging_mixin.py:188} INFO - [2026-03-18T07:51:23.385+0000] {dagbag.py:538} INFO - Filling up the DagBag from /home/airflow/.local/lib/python3.8/site-packages/airflow/example_dags/example_bash_operator.py
[2026-03-18T07:51:23.390+0000] {processor.py:840} INFO - DAG(s) 'example_bash_operator' retrieved from /home/airflow/.local/lib/python3.8/site-packages/airflow/example_dags/example_bash_operator.py
[2026-03-18T07:51:23.407+0000] {logging_mixin.py:188} INFO - [2026-03-18T07:51:23.407+0000] {dag.py:3036} INFO - Sync 1 DAGs
[2026-03-18T07:51:23.415+0000] {logging_mixin.py:188} INFO - [2026-03-18T07:51:23.415+0000] {dag.py:3823} INFO - Setting next_dagrun for example_bash_operator to 2026-03-17 00:00:00+00:00, run_after=2026-03-18 00:00:00+00:00
[2026-03-18T07:51:23.426+0000] {processor.py:183} INFO - Processing /home/airflow/.local/lib/python3.8/site-packages/airflow/example_dags/example_bash_operator.py took 0.045 seconds
[2026-03-18T07:51:53.894+0000] {processor.py:161} INFO - Started process (PID=786) to work on /home/airflow/.local/lib/python3.8/site-packages/airflow/example_dags/example_bash_operator.py
[2026-03-18T07:51:53.894+0000] {processor.py:830} INFO - Processing file /home/airflow/.local/lib/python3.8/site-packages/airflow/example_dags/example_bash_operator.py for tasks to queue
[2026-03-18T07:51:53.895+0000] {logging_mixin.py:188} INFO - [2026-03-18T07:51:53.895+0000] {dagbag.py:538} INFO - Filling up the DagBag from /home/airflow/.local/lib/python3.8/site-packages/airflow/example_dags/example_bash_operator.py
[2026-03-18T07:51:53.902+0000] {processor.py:840} INFO - DAG(s) 'example_bash_operator' retrieved from /home/airflow/.local/lib/python3.8/site-packages/airflow/example_dags/example_bash_operator.py
[2026-03-18T07:51:53.919+0000] {logging_mixin.py:188} INFO - [2026-03-18T07:51:53.919+0000] {dag.py:3036} INFO - Sync 1 DAGs
[2026-03-18T07:51:53.932+0000] {logging_mixin.py:188} INFO - [2026-03-18T07:51:53.932+0000] {dag.py:3823} INFO - Setting next_dagrun for example_bash_operator to 2026-03-17 00:00:00+00:00, run_after=2026-03-18 00:00:00+00:00
[2026-03-18T07:51:53.943+0000] {processor.py:183} INFO - Processing /home/airflow/.local/lib/python3.8/site-packages/airflow/example_dags/example_bash_operator.py took 0.051 seconds
[2026-03-18T07:52:24.419+0000] {processor.py:161} INFO - Started process (PID=842) to work on /home/airflow/.local/lib/python3.8/site-packages/airflow/example_dags/example_bash_operator.py
[2026-03-18T07:52:24.419+0000] {processor.py:830} INFO - Processing file /home/airflow/.local/lib/python3.8/site-packages/airflow/example_dags/example_bash_operator.py for tasks to queue
[2026-03-18T07:52:24.420+0000] {logging_mixin.py:188} INFO - [2026-03-18T07:52:24.420+0000] {dagbag.py:538} INFO - Filling up the DagBag from /home/airflow/.local/lib/python3.8/site-packages/airflow/example_dags/example_bash_operator.py
[2026-03-18T07:52:24.426+0000] {processor.py:840} INFO - DAG(s) 'example_bash_operator' retrieved from /home/airflow/.local/lib/python3.8/site-packages/airflow/example_dags/example_bash_operator.py
[2026-03-18T07:52:24.442+0000] {logging_mixin.py:188} INFO - [2026-03-18T07:52:24.442+0000] {dag.py:3036} INFO - Sync 1 DAGs
[2026-03-18T07:52:24.452+0000] {logging_mixin.py:188} INFO - [2026-03-18T07:52:24.452+0000] {dag.py:3823} INFO - Setting next_dagrun for example_bash_operator to 2026-03-17 00:00:00+00:00, run_after=2026-03-18 00:00:00+00:00
[2026-03-18T07:52:24.462+0000] {processor.py:183} INFO - Processing /home/airflow/.local/lib/python3.8/site-packages/airflow/example_dags/example_bash_operator.py took 0.046 seconds
[2026-03-18T07:52:54.870+0000] {processor.py:161} INFO - Started process (PID=898) to work on /home/airflow/.local/lib/python3.8/site-packages/airflow/example_dags/example_bash_operator.py
[2026-03-18T07:52:54.871+0000] {processor.py:830} INFO - Processing file /home/airflow/.local/lib/python3.8/site-packages/airflow/example_dags/example_bash_operator.py for tasks to queue
[2026-03-18T07:52:54.872+0000] {logging_mixin.py:188} INFO - [2026-03-18T07:52:54.872+0000] {dagbag.py:538} INFO - Filling up the DagBag from /home/airflow/.local/lib/python3.8/site-packages/airflow/example_dags/example_bash_operator.py
[2026-03-18T07:52:54.879+0000] {processor.py:840} INFO - DAG(s) 'example_bash_operator' retrieved from /home/airflow/.local/lib/python3.8/site-packages/airflow/example_dags/example_bash_operator.py
[2026-03-18T07:52:54.899+0000] {logging_mixin.py:188} INFO - [2026-03-18T07:52:54.899+0000] {dag.py:3036} INFO - Sync 1 DAGs
[2026-03-18T07:52:54.908+0000] {logging_mixin.py:188} INFO - [2026-03-18T07:52:54.908+0000] {dag.py:3823} INFO - Setting next_dagrun for example_bash_operator to 2026-03-17 00:00:00+00:00, run_after=2026-03-18 00:00:00+00:00
[2026-03-18T07:52:54.917+0000] {processor.py:183} INFO - Processing /home/airflow/.local/lib/python3.8/site-packages/airflow/example_dags/example_bash_operator.py took 0.049 seconds
[2026-03-18T07:53:25.358+0000] {processor.py:161} INFO - Started process (PID=954) to work on /home/airflow/.local/lib/python3.8/site-packages/airflow/example_dags/example_bash_operator.py
[2026-03-18T07:53:25.359+0000] {processor.py:830} INFO - Processing file /home/airflow/.local/lib/python3.8/site-packages/airflow/example_dags/example_bash_operator.py for tasks to queue
[2026-03-18T07:53:25.360+0000] {logging_mixin.py:188} INFO - [2026-03-18T07:53:25.360+0000] {dagbag.py:538} INFO - Filling up the DagBag from /home/airflow/.local/lib/python3.8/site-packages/airflow/example_dags/example_bash_operator.py
[2026-03-18T07:53:25.365+0000] {processor.py:840} INFO - DAG(s) 'example_bash_operator' retrieved from /home/airflow/.local/lib/python3.8/site-packages/airflow/example_dags/example_bash_operator.py
[2026-03-18T07:53:25.381+0000] {logging_mixin.py:188} INFO - [2026-03-18T07:53:25.381+0000] {dag.py:3036} INFO - Sync 1 DAGs
[2026-03-18T07:53:25.390+0000] {logging_mixin.py:188} INFO - [2026-03-18T07:53:25.390+0000] {dag.py:3823} INFO - Setting next_dagrun for example_bash_operator to 2026-03-17 00:00:00+00:00, run_after=2026-03-18 00:00:00+00:00
[2026-03-18T07:53:25.397+0000] {processor.py:183} INFO - Processing /home/airflow/.local/lib/python3.8/site-packages/airflow/example_dags/example_bash_operator.py took 0.041 seconds
[2026-03-18T07:53:55.869+0000] {processor.py:161} INFO - Started process (PID=1010) to work on /home/airflow/.local/lib/python3.8/site-packages/airflow/example_dags/example_bash_operator.py
[2026-03-18T07:53:55.870+0000] {processor.py:830} INFO - Processing file /home/airflow/.local/lib/python3.8/site-packages/airflow/example_dags/example_bash_operator.py for tasks to queue
[2026-03-18T07:53:55.871+0000] {logging_mixin.py:188} INFO - [2026-03-18T07:53:55.871+0000] {dagbag.py:538} INFO - Filling up the DagBag from /home/airflow/.local/lib/python3.8/site-packages/airflow/example_dags/example_bash_operator.py
[2026-03-18T07:53:55.879+0000] {processor.py:840} INFO - DAG(s) 'example_bash_operator' retrieved from /home/airflow/.local/lib/python3.8/site-packages/airflow/example_dags/example_bash_operator.py
[2026-03-18T07:53:55.896+0000] {logging_mixin.py:188} INFO - [2026-03-18T07:53:55.896+0000] {dag.py:3036} INFO - Sync 1 DAGs
[2026-03-18T07:53:55.906+0000] {logging_mixin.py:188} INFO - [2026-03-18T07:53:55.906+0000] {dag.py:3823} INFO - Setting next_dagrun for example_bash_operator to 2026-03-17 00:00:00+00:00, run_after=2026-03-18 00:00:00+00:00
[2026-03-18T07:53:55.917+0000] {processor.py:183} INFO - Processing /home/airflow/.local/lib/python3.8/site-packages/airflow/example_dags/example_bash_operator.py took 0.050 seconds
[2026-03-18T07:54:26.266+0000] {processor.py:161} INFO - Started process (PID=1066) to work on /home/airflow/.local/lib/python3.8/site-packages/airflow/example_dags/example_bash_operator.py
[2026-03-18T07:54:26.266+0000] {processor.py:830} INFO - Processing file /home/airflow/.local/lib/python3.8/site-packages/airflow/example_dags/example_bash_operator.py for tasks to queue
[2026-03-18T07:54:26.267+0000] {logging_mixin.py:188} INFO - [2026-03-18T07:54:26.267+0000] {dagbag.py:538} INFO - Filling up the DagBag from /home/airflow/.local/lib/python3.8/site-packages/airflow/example_dags/example_bash_operator.py
[2026-03-18T07:54:26.273+0000] {processor.py:840} INFO - DAG(s) 'example_bash_operator' retrieved from /home/airflow/.local/lib/python3.8/site-packages/airflow/example_dags/example_bash_operator.py
[2026-03-18T07:54:26.290+0000] {logging_mixin.py:188} INFO - [2026-03-18T07:54:26.289+0000] {dag.py:3036} INFO - Sync 1 DAGs
[2026-03-18T07:54:26.301+0000] {logging_mixin.py:188} INFO - [2026-03-18T07:54:26.301+0000] {dag.py:3823} INFO - Setting next_dagrun for example_bash_operator to 2026-03-17 00:00:00+00:00, run_after=2026-03-18 00:00:00+00:00
[2026-03-18T07:54:26.313+0000] {processor.py:183} INFO - Processing /home/airflow/.local/lib/python3.8/site-packages/airflow/example_dags/example_bash_operator.py took 0.049 seconds
[2026-03-18T07:54:56.764+0000] {processor.py:161} INFO - Started process (PID=1122) to work on /home/airflow/.local/lib/python3.8/site-packages/airflow/example_dags/example_bash_operator.py
[2026-03-18T07:54:56.764+0000] {processor.py:830} INFO - Processing file /home/airflow/.local/lib/python3.8/site-packages/airflow/example_dags/example_bash_operator.py for tasks to queue
[2026-03-18T07:54:56.765+0000] {logging_mixin.py:188} INFO - [2026-03-18T07:54:56.765+0000] {dagbag.py:538} INFO - Filling up the DagBag from /home/airflow/.local/lib/python3.8/site-packages/airflow/example_dags/example_bash_operator.py
[2026-03-18T07:54:56.772+0000] {processor.py:840} INFO - DAG(s) 'example_bash_operator' retrieved from /home/airflow/.local/lib/python3.8/site-packages/airflow/example_dags/example_bash_operator.py
[2026-03-18T07:54:56.782+0000] {logging_mixin.py:188} INFO - [2026-03-18T07:54:56.782+0000] {dag.py:3036} INFO - Sync 1 DAGs
[2026-03-18T07:54:56.793+0000] {logging_mixin.py:188} INFO - [2026-03-18T07:54:56.793+0000] {dag.py:3823} INFO - Setting next_dagrun for example_bash_operator to 2026-03-17 00:00:00+00:00, run_after=2026-03-18 00:00:00+00:00
[2026-03-18T07:54:56.804+0000] {processor.py:183} INFO - Processing /home/airflow/.local/lib/python3.8/site-packages/airflow/example_dags/example_bash_operator.py took 0.042 seconds
[2026-03-18T07:55:27.232+0000] {processor.py:161} INFO - Started process (PID=1178) to work on /home/airflow/.local/lib/python3.8/site-packages/airflow/example_dags/example_bash_operator.py
[2026-03-18T07:55:27.232+0000] {processor.py:830} INFO - Processing file /home/airflow/.local/lib/python3.8/site-packages/airflow/example_dags/example_bash_operator.py for tasks to queue
[2026-03-18T07:55:27.234+0000] {logging_mixin.py:188} INFO - [2026-03-18T07:55:27.234+0000] {dagbag.py:538} INFO - Filling up the DagBag from /home/airflow/.local/lib/python3.8/site-packages/airflow/example_dags/example_bash_operator.py
[2026-03-18T07:55:27.239+0000] {processor.py:840} INFO - DAG(s) 'example_bash_operator' retrieved from /home/airflow/.local/lib/python3.8/site-packages/airflow/example_dags/example_bash_operator.py
[2026-03-18T07:55:27.251+0000] {logging_mixin.py:188} INFO - [2026-03-18T07:55:27.251+0000] {dag.py:3036} INFO - Sync 1 DAGs
[2026-03-18T07:55:27.260+0000] {logging_mixin.py:188} INFO - [2026-03-18T07:55:27.260+0000] {dag.py:3823} INFO - Setting next_dagrun for example_bash_operator to 2026-03-17 00:00:00+00:00, run_after=2026-03-18 00:00:00+00:00
[2026-03-18T07:55:27.269+0000] {processor.py:183} INFO - Processing /home/airflow/.local/lib/python3.8/site-packages/airflow/example_dags/example_bash_operator.py took 0.039 seconds
[2026-03-18T07:55:57.653+0000] {processor.py:161} INFO - Started process (PID=1234) to work on /home/airflow/.local/lib/python3.8/site-packages/airflow/example_dags/example_bash_operator.py
[2026-03-18T07:55:57.654+0000] {processor.py:830} INFO - Processing file /home/airflow/.local/lib/python3.8/site-packages/airflow/example_dags/example_bash_operator.py for tasks to queue
[2026-03-18T07:55:57.655+0000] {logging_mixin.py:188} INFO - [2026-03-18T07:55:57.654+0000] {dagbag.py:538} INFO - Filling up the DagBag from /home/airflow/.local/lib/python3.8/site-packages/airflow/example_dags/example_bash_operator.py
[2026-03-18T07:55:57.660+0000] {processor.py:840} INFO - DAG(s) 'example_bash_operator' retrieved from /home/airflow/.local/lib/python3.8/site-packages/airflow/example_dags/example_bash_operator.py
[2026-03-18T07:55:57.680+0000] {logging_mixin.py:188} INFO - [2026-03-18T07:55:57.679+0000] {dag.py:3036} INFO - Sync 1 DAGs
[2026-03-18T07:55:57.689+0000] {logging_mixin.py:188} INFO - [2026-03-18T07:55:57.688+0000] {dag.py:3823} INFO - Setting next_dagrun for example_bash_operator to 2026-03-17 00:00:00+00:00, run_after=2026-03-18 00:00:00+00:00
[2026-03-18T07:55:57.696+0000] {processor.py:183} INFO - Processing /home/airflow/.local/lib/python3.8/site-packages/airflow/example_dags/example_bash_operator.py took 0.044 seconds
[2026-03-18T07:56:28.077+0000] {processor.py:161} INFO - Started process (PID=1290) to work on /home/airflow/.local/lib/python3.8/site-packages/airflow/example_dags/example_bash_operator.py
[2026-03-18T07:56:28.077+0000] {processor.py:830} INFO - Processing file /home/airflow/.local/lib/python3.8/site-packages/airflow/example_dags/example_bash_operator.py for tasks to queue
[2026-03-18T07:56:28.078+0000] {logging_mixin.py:188} INFO - [2026-03-18T07:56:28.078+0000] {dagbag.py:538} INFO - Filling up the DagBag from /home/airflow/.local/lib/python3.8/site-packages/airflow/example_dags/example_bash_operator.py
[2026-03-18T07:56:28.083+0000] {processor.py:840} INFO - DAG(s) 'example_bash_operator' retrieved from /home/airflow/.local/lib/python3.8/site-packages/airflow/example_dags/example_bash_operator.py
[2026-03-18T07:56:28.097+0000] {logging_mixin.py:188} INFO - [2026-03-18T07:56:28.097+0000] {dag.py:3036} INFO - Sync 1 DAGs
[2026-03-18T07:56:28.105+0000] {logging_mixin.py:188} INFO - [2026-03-18T07:56:28.105+0000] {dag.py:3823} INFO - Setting next_dagrun for example_bash_operator to 2026-03-17 00:00:00+00:00, run_after=2026-03-18 00:00:00+00:00
[2026-03-18T07:56:28.116+0000] {processor.py:183} INFO - Processing /home/airflow/.local/lib/python3.8/site-packages/airflow/example_dags/example_bash_operator.py took 0.041 seconds
[2026-03-18T07:56:58.536+0000] {processor.py:161} INFO - Started process (PID=1346) to work on /home/airflow/.local/lib/python3.8/site-packages/airflow/example_dags/example_bash_operator.py
[2026-03-18T07:56:58.537+0000] {processor.py:830} INFO - Processing file /home/airflow/.local/lib/python3.8/site-packages/airflow/example_dags/example_bash_operator.py for tasks to queue
[2026-03-18T07:56:58.538+0000] {logging_mixin.py:188} INFO - [2026-03-18T07:56:58.538+0000] {dagbag.py:538} INFO - Filling up the DagBag from /home/airflow/.local/lib/python3.8/site-packages/airflow/example_dags/example_bash_operator.py
[2026-03-18T07:56:58.544+0000] {processor.py:840} INFO - DAG(s) 'example_bash_operator' retrieved from /home/airflow/.local/lib/python3.8/site-packages/airflow/example_dags/example_bash_operator.py
[2026-03-18T07:56:58.555+0000] {logging_mixin.py:188} INFO - [2026-03-18T07:56:58.555+0000] {dag.py:3036} INFO - Sync 1 DAGs
[2026-03-18T07:56:58.563+0000] {logging_mixin.py:188} INFO - [2026-03-18T07:56:58.563+0000] {dag.py:3823} INFO - Setting next_dagrun for example_bash_operator to 2026-03-17 00:00:00+00:00, run_after=2026-03-18 00:00:00+00:00
[2026-03-18T07:56:58.575+0000] {processor.py:183} INFO - Processing /home/airflow/.local/lib/python3.8/site-packages/airflow/example_dags/example_bash_operator.py took 0.040 seconds
[2026-03-18T07:57:29.027+0000] {processor.py:161} INFO - Started process (PID=1402) to work on /home/airflow/.local/lib/python3.8/site-packages/airflow/example_dags/example_bash_operator.py
[2026-03-18T07:57:29.028+0000] {processor.py:830} INFO - Processing file /home/airflow/.local/lib/python3.8/site-packages/airflow/example_dags/example_bash_operator.py for tasks to queue
[2026-03-18T07:57:29.029+0000] {logging_mixin.py:188} INFO - [2026-03-18T07:57:29.029+0000] {dagbag.py:538} INFO - Filling up the DagBag from /home/airflow/.local/lib/python3.8/site-packages/airflow/example_dags/example_bash_operator.py
[2026-03-18T07:57:29.037+0000] {processor.py:840} INFO - DAG(s) 'example_bash_operator' retrieved from /home/airflow/.local/lib/python3.8/site-packages/airflow/example_dags/example_bash_operator.py
[2026-03-18T07:57:29.054+0000] {logging_mixin.py:188} INFO - [2026-03-18T07:57:29.054+0000] {dag.py:3036} INFO - Sync 1 DAGs
[2026-03-18T07:57:29.062+0000] {logging_mixin.py:188} INFO - [2026-03-18T07:57:29.062+0000] {dag.py:3823} INFO - Setting next_dagrun for example_bash_operator to 2026-03-17 00:00:00+00:00, run_after=2026-03-18 00:00:00+00:00
[2026-03-18T07:57:29.070+0000] {processor.py:183} INFO - Processing /home/airflow/.local/lib/python3.8/site-packages/airflow/example_dags/example_bash_operator.py took 0.045 seconds
[2026-03-18T07:57:59.567+0000] {processor.py:161} INFO - Started process (PID=1458) to work on /home/airflow/.local/lib/python3.8/site-packages/airflow/example_dags/example_bash_operator.py
[2026-03-18T07:57:59.568+0000] {processor.py:830} INFO - Processing file /home/airflow/.local/lib/python3.8/site-packages/airflow/example_dags/example_bash_operator.py for tasks to queue
[2026-03-18T07:57:59.569+0000] {logging_mixin.py:188} INFO - [2026-03-18T07:57:59.569+0000] {dagbag.py:538} INFO - Filling up the DagBag from /home/airflow/.local/lib/python3.8/site-packages/airflow/example_dags/example_bash_operator.py
[2026-03-18T07:57:59.575+0000] {processor.py:840} INFO - DAG(s) 'example_bash_operator' retrieved from /home/airflow/.local/lib/python3.8/site-packages/airflow/example_dags/example_bash_operator.py
[2026-03-18T07:57:59.593+0000] {logging_mixin.py:188} INFO - [2026-03-18T07:57:59.593+0000] {dag.py:3036} INFO - Sync 1 DAGs
[2026-03-18T07:57:59.603+0000] {logging_mixin.py:188} INFO - [2026-03-18T07:57:59.603+0000] {dag.py:3823} INFO - Setting next_dagrun for example_bash_operator to 2026-03-17 00:00:00+00:00, run_after=2026-03-18 00:00:00+00:00
[2026-03-18T07:57:59.614+0000] {processor.py:183} INFO - Processing /home/airflow/.local/lib/python3.8/site-packages/airflow/example_dags/example_bash_operator.py took 0.048 seconds
[2026-03-18T07:58:29.998+0000] {processor.py:161} INFO - Started process (PID=1514) to work on /home/airflow/.local/lib/python3.8/site-packages/airflow/example_dags/example_bash_operator.py
[2026-03-18T07:58:29.999+0000] {processor.py:830} INFO - Processing file /home/airflow/.local/lib/python3.8/site-packages/airflow/example_dags/example_bash_operator.py for tasks to queue
[2026-03-18T07:58:30.000+0000] {logging_mixin.py:188} INFO - [2026-03-18T07:58:30.000+0000] {dagbag.py:538} INFO - Filling up the DagBag from /home/airflow/.local/lib/python3.8/site-packages/airflow/example_dags/example_bash_operator.py
[2026-03-18T07:58:30.007+0000] {processor.py:840} INFO - DAG(s) 'example_bash_operator' retrieved from /home/airflow/.local/lib/python3.8/site-packages/airflow/example_dags/example_bash_operator.py
[2026-03-18T07:58:30.025+0000] {logging_mixin.py:188} INFO - [2026-03-18T07:58:30.025+0000] {dag.py:3036} INFO - Sync 1 DAGs
[2026-03-18T07:58:30.034+0000] {logging_mixin.py:188} INFO - [2026-03-18T07:58:30.034+0000] {dag.py:3823} INFO - Setting next_dagrun for example_bash_operator to 2026-03-17 00:00:00+00:00, run_after=2026-03-18 00:00:00+00:00
[2026-03-18T07:58:30.041+0000] {processor.py:183} INFO - Processing /home/airflow/.local/lib/python3.8/site-packages/airflow/example_dags/example_bash_operator.py took 0.044 seconds
[2026-03-18T07:59:00.513+0000] {processor.py:161} INFO - Started process (PID=1570) to work on /home/airflow/.local/lib/python3.8/site-packages/airflow/example_dags/example_bash_operator.py
[2026-03-18T07:59:00.513+0000] {processor.py:830} INFO - Processing file /home/airflow/.local/lib/python3.8/site-packages/airflow/example_dags/example_bash_operator.py for tasks to queue
[2026-03-18T07:59:00.514+0000] {logging_mixin.py:188} INFO - [2026-03-18T07:59:00.514+0000] {dagbag.py:538} INFO - Filling up the DagBag from /home/airflow/.local/lib/python3.8/site-packages/airflow/example_dags/example_bash_operator.py
[2026-03-18T07:59:00.523+0000] {processor.py:840} INFO - DAG(s) 'example_bash_operator' retrieved from /home/airflow/.local/lib/python3.8/site-packages/airflow/example_dags/example_bash_operator.py
[2026-03-18T07:59:00.542+0000] {logging_mixin.py:188} INFO - [2026-03-18T07:59:00.541+0000] {dag.py:3036} INFO - Sync 1 DAGs
[2026-03-18T07:59:00.553+0000] {logging_mixin.py:188} INFO - [2026-03-18T07:59:00.553+0000] {dag.py:3823} INFO - Setting next_dagrun for example_bash_operator to 2026-03-17 00:00:00+00:00, run_after=2026-03-18 00:00:00+00:00
[2026-03-18T07:59:00.561+0000] {processor.py:183} INFO - Processing /home/airflow/.local/lib/python3.8/site-packages/airflow/example_dags/example_bash_operator.py took 0.051 seconds
[2026-03-18T07:59:31.060+0000] {processor.py:161} INFO - Started process (PID=1626) to work on /home/airflow/.local/lib/python3.8/site-packages/airflow/example_dags/example_bash_operator.py
[2026-03-18T07:59:31.061+0000] {processor.py:830} INFO - Processing file /home/airflow/.local/lib/python3.8/site-packages/airflow/example_dags/example_bash_operator.py for tasks to queue
[2026-03-18T07:59:31.062+0000] {logging_mixin.py:188} INFO - [2026-03-18T07:59:31.062+0000] {dagbag.py:538} INFO - Filling up the DagBag from /home/airflow/.local/lib/python3.8/site-packages/airflow/example_dags/example_bash_operator.py
[2026-03-18T07:59:31.070+0000] {processor.py:840} INFO - DAG(s) 'example_bash_operator' retrieved from /home/airflow/.local/lib/python3.8/site-packages/airflow/example_dags/example_bash_operator.py
[2026-03-18T07:59:31.088+0000] {logging_mixin.py:188} INFO - [2026-03-18T07:59:31.088+0000] {dag.py:3036} INFO - Sync 1 DAGs
[2026-03-18T07:59:31.099+0000] {logging_mixin.py:188} INFO - [2026-03-18T07:59:31.099+0000] {dag.py:3823} INFO - Setting next_dagrun for example_bash_operator to 2026-03-17 00:00:00+00:00, run_after=2026-03-18 00:00:00+00:00
[2026-03-18T07:59:31.105+0000] {processor.py:183} INFO - Processing /home/airflow/.local/lib/python3.8/site-packages/airflow/example_dags/example_bash_operator.py took 0.047 seconds
[2026-03-18T08:00:01.587+0000] {processor.py:161} INFO - Started process (PID=62) to work on /home/airflow/.local/lib/python3.8/site-packages/airflow/example_dags/example_bash_operator.py
[2026-03-18T08:00:01.588+0000] {processor.py:830} INFO - Processing file /home/airflow/.local/lib/python3.8/site-packages/airflow/example_dags/example_bash_operator.py for tasks to queue
[2026-03-18T08:00:01.589+0000] {logging_mixin.py:188} INFO - [2026-03-18T08:00:01.589+0000] {dagbag.py:538} INFO - Filling up the DagBag from /home/airflow/.local/lib/python3.8/site-packages/airflow/example_dags/example_bash_operator.py
[2026-03-18T08:00:01.596+0000] {processor.py:840} INFO - DAG(s) 'example_bash_operator' retrieved from /home/airflow/.local/lib/python3.8/site-packages/airflow/example_dags/example_bash_operator.py
[2026-03-18T08:00:01.603+0000] {logging_mixin.py:188} INFO - [2026-03-18T08:00:01.603+0000] {dag.py:3036} INFO - Sync 1 DAGs
[2026-03-18T08:00:01.615+0000] {logging_mixin.py:188} INFO - [2026-03-18T08:00:01.615+0000] {dag.py:3823} INFO - Setting next_dagrun for example_bash_operator to 2026-03-17 00:00:00+00:00, run_after=2026-03-18 00:00:00+00:00
[2026-03-18T08:00:01.628+0000] {processor.py:183} INFO - Processing /home/airflow/.local/lib/python3.8/site-packages/airflow/example_dags/example_bash_operator.py took 0.043 seconds
[2026-03-18T08:00:32.029+0000] {processor.py:161} INFO - Started process (PID=117) to work on /home/airflow/.local/lib/python3.8/site-packages/airflow/example_dags/example_bash_operator.py
[2026-03-18T08:00:32.031+0000] {processor.py:830} INFO - Processing file /home/airflow/.local/lib/python3.8/site-packages/airflow/example_dags/example_bash_operator.py for tasks to queue
[2026-03-18T08:00:32.032+0000] {logging_mixin.py:188} INFO - [2026-03-18T08:00:32.032+0000] {dagbag.py:538} INFO - Filling up the DagBag from /home/airflow/.local/lib/python3.8/site-packages/airflow/example_dags/example_bash_operator.py
[2026-03-18T08:00:32.038+0000] {processor.py:840} INFO - DAG(s) 'example_bash_operator' retrieved from /home/airflow/.local/lib/python3.8/site-packages/airflow/example_dags/example_bash_operator.py
[2026-03-18T08:00:32.093+0000] {logging_mixin.py:188} INFO - [2026-03-18T08:00:32.093+0000] {dag.py:3036} INFO - Sync 1 DAGs
[2026-03-18T08:00:32.101+0000] {logging_mixin.py:188} INFO - [2026-03-18T08:00:32.101+0000] {dag.py:3823} INFO - Setting next_dagrun for example_bash_operator to 2026-03-17 00:00:00+00:00, run_after=2026-03-18 00:00:00+00:00
[2026-03-18T08:00:32.110+0000] {processor.py:183} INFO - Processing /home/airflow/.local/lib/python3.8/site-packages/airflow/example_dags/example_bash_operator.py took 0.082 seconds
[2026-03-18T08:01:03.049+0000] {processor.py:161} INFO - Started process (PID=173) to work on /home/airflow/.local/lib/python3.8/site-packages/airflow/example_dags/example_bash_operator.py
[2026-03-18T08:01:03.049+0000] {processor.py:830} INFO - Processing file /home/airflow/.local/lib/python3.8/site-packages/airflow/example_dags/example_bash_operator.py for tasks to queue
[2026-03-18T08:01:03.051+0000] {logging_mixin.py:188} INFO - [2026-03-18T08:01:03.050+0000] {dagbag.py:538} INFO - Filling up the DagBag from /home/airflow/.local/lib/python3.8/site-packages/airflow/example_dags/example_bash_operator.py
[2026-03-18T08:01:03.057+0000] {processor.py:840} INFO - DAG(s) 'example_bash_operator' retrieved from /home/airflow/.local/lib/python3.8/site-packages/airflow/example_dags/example_bash_operator.py
[2026-03-18T08:01:03.073+0000] {logging_mixin.py:188} INFO - [2026-03-18T08:01:03.073+0000] {dag.py:3036} INFO - Sync 1 DAGs
[2026-03-18T08:01:03.083+0000] {logging_mixin.py:188} INFO - [2026-03-18T08:01:03.083+0000] {dag.py:3823} INFO - Setting next_dagrun for example_bash_operator to 2026-03-17 00:00:00+00:00, run_after=2026-03-18 00:00:00+00:00
[2026-03-18T08:01:03.097+0000] {processor.py:183} INFO - Processing /home/airflow/.local/lib/python3.8/site-packages/airflow/example_dags/example_bash_operator.py took 0.049 seconds
[2026-03-18T08:01:33.554+0000] {processor.py:161} INFO - Started process (PID=229) to work on /home/airflow/.local/lib/python3.8/site-packages/airflow/example_dags/example_bash_operator.py
[2026-03-18T08:01:33.555+0000] {processor.py:830} INFO - Processing file /home/airflow/.local/lib/python3.8/site-packages/airflow/example_dags/example_bash_operator.py for tasks to queue
[2026-03-18T08:01:33.555+0000] {logging_mixin.py:188} INFO - [2026-03-18T08:01:33.555+0000] {dagbag.py:538} INFO - Filling up the DagBag from /home/airflow/.local/lib/python3.8/site-packages/airflow/example_dags/example_bash_operator.py
[2026-03-18T08:01:33.563+0000] {processor.py:840} INFO - DAG(s) 'example_bash_operator' retrieved from /home/airflow/.local/lib/python3.8/site-packages/airflow/example_dags/example_bash_operator.py
[2026-03-18T08:01:33.577+0000] {logging_mixin.py:188} INFO - [2026-03-18T08:01:33.577+0000] {dag.py:3036} INFO - Sync 1 DAGs
[2026-03-18T08:01:33.588+0000] {logging_mixin.py:188} INFO - [2026-03-18T08:01:33.588+0000] {dag.py:3823} INFO - Setting next_dagrun for example_bash_operator to 2026-03-17 00:00:00+00:00, run_after=2026-03-18 00:00:00+00:00
[2026-03-18T08:01:33.599+0000] {processor.py:183} INFO - Processing /home/airflow/.local/lib/python3.8/site-packages/airflow/example_dags/example_bash_operator.py took 0.046 seconds
[2026-03-18T08:02:04.108+0000] {processor.py:161} INFO - Started process (PID=284) to work on /home/airflow/.local/lib/python3.8/site-packages/airflow/example_dags/example_bash_operator.py
[2026-03-18T08:02:04.109+0000] {processor.py:830} INFO - Processing file /home/airflow/.local/lib/python3.8/site-packages/airflow/example_dags/example_bash_operator.py for tasks to queue
[2026-03-18T08:02:04.110+0000] {logging_mixin.py:188} INFO - [2026-03-18T08:02:04.110+0000] {dagbag.py:538} INFO - Filling up the DagBag from /home/airflow/.local/lib/python3.8/site-packages/airflow/example_dags/example_bash_operator.py
[2026-03-18T08:02:04.115+0000] {processor.py:840} INFO - DAG(s) 'example_bash_operator' retrieved from /home/airflow/.local/lib/python3.8/site-packages/airflow/example_dags/example_bash_operator.py
[2026-03-18T08:02:04.130+0000] {logging_mixin.py:188} INFO - [2026-03-18T08:02:04.130+0000] {dag.py:3036} INFO - Sync 1 DAGs
[2026-03-18T08:02:04.143+0000] {logging_mixin.py:188} INFO - [2026-03-18T08:02:04.143+0000] {dag.py:3823} INFO - Setting next_dagrun for example_bash_operator to 2026-03-17 00:00:00+00:00, run_after=2026-03-18 00:00:00+00:00
[2026-03-18T08:02:04.153+0000] {processor.py:183} INFO - Processing /home/airflow/.local/lib/python3.8/site-packages/airflow/example_dags/example_bash_operator.py took 0.046 seconds
[2026-03-18T08:02:34.720+0000] {processor.py:161} INFO - Started process (PID=340) to work on /home/airflow/.local/lib/python3.8/site-packages/airflow/example_dags/example_bash_operator.py
[2026-03-18T08:02:34.721+0000] {processor.py:830} INFO - Processing file /home/airflow/.local/lib/python3.8/site-packages/airflow/example_dags/example_bash_operator.py for tasks to queue
[2026-03-18T08:02:34.722+0000] {logging_mixin.py:188} INFO - [2026-03-18T08:02:34.722+0000] {dagbag.py:538} INFO - Filling up the DagBag from /home/airflow/.local/lib/python3.8/site-packages/airflow/example_dags/example_bash_operator.py
[2026-03-18T08:02:34.727+0000] {processor.py:840} INFO - DAG(s) 'example_bash_operator' retrieved from /home/airflow/.local/lib/python3.8/site-packages/airflow/example_dags/example_bash_operator.py
[2026-03-18T08:02:34.737+0000] {logging_mixin.py:188} INFO - [2026-03-18T08:02:34.737+0000] {dag.py:3036} INFO - Sync 1 DAGs
[2026-03-18T08:02:34.745+0000] {logging_mixin.py:188} INFO - [2026-03-18T08:02:34.745+0000] {dag.py:3823} INFO - Setting next_dagrun for example_bash_operator to 2026-03-17 00:00:00+00:00, run_after=2026-03-18 00:00:00+00:00
[2026-03-18T08:02:34.751+0000] {processor.py:183} INFO - Processing /home/airflow/.local/lib/python3.8/site-packages/airflow/example_dags/example_bash_operator.py took 0.033 seconds
[2026-03-18T08:03:05.294+0000] {processor.py:161} INFO - Started process (PID=396) to work on /home/airflow/.local/lib/python3.8/site-packages/airflow/example_dags/example_bash_operator.py
[2026-03-18T08:03:05.294+0000] {processor.py:830} INFO - Processing file /home/airflow/.local/lib/python3.8/site-packages/airflow/example_dags/example_bash_operator.py for tasks to queue
[2026-03-18T08:03:05.296+0000] {logging_mixin.py:188} INFO - [2026-03-18T08:03:05.296+0000] {dagbag.py:538} INFO - Filling up the DagBag from /home/airflow/.local/lib/python3.8/site-packages/airflow/example_dags/example_bash_operator.py
[2026-03-18T08:03:05.301+0000] {processor.py:840} INFO - DAG(s) 'example_bash_operator' retrieved from /home/airflow/.local/lib/python3.8/site-packages/airflow/example_dags/example_bash_operator.py
[2026-03-18T08:03:05.313+0000] {logging_mixin.py:188} INFO - [2026-03-18T08:03:05.313+0000] {dag.py:3036} INFO - Sync 1 DAGs
[2026-03-18T08:03:05.325+0000] {logging_mixin.py:188} INFO - [2026-03-18T08:03:05.325+0000] {dag.py:3823} INFO - Setting next_dagrun for example_bash_operator to 2026-03-17 00:00:00+00:00, run_after=2026-03-18 00:00:00+00:00
[2026-03-18T08:03:05.336+0000] {processor.py:183} INFO - Processing /home/airflow/.local/lib/python3.8/site-packages/airflow/example_dags/example_bash_operator.py took 0.044 seconds
[2026-03-18T08:03:35.932+0000] {processor.py:161} INFO - Started process (PID=458) to work on /home/airflow/.local/lib/python3.8/site-packages/airflow/example_dags/example_bash_operator.py
[2026-03-18T08:03:35.935+0000] {processor.py:830} INFO - Processing file /home/airflow/.local/lib/python3.8/site-packages/airflow/example_dags/example_bash_operator.py for tasks to queue
[2026-03-18T08:03:35.936+0000] {logging_mixin.py:188} INFO - [2026-03-18T08:03:35.936+0000] {dagbag.py:538} INFO - Filling up the DagBag from /home/airflow/.local/lib/python3.8/site-packages/airflow/example_dags/example_bash_operator.py
[2026-03-18T08:03:35.941+0000] {processor.py:840} INFO - DAG(s) 'example_bash_operator' retrieved from /home/airflow/.local/lib/python3.8/site-packages/airflow/example_dags/example_bash_operator.py
[2026-03-18T08:03:35.962+0000] {logging_mixin.py:188} INFO - [2026-03-18T08:03:35.961+0000] {dag.py:3036} INFO - Sync 1 DAGs
[2026-03-18T08:03:35.970+0000] {logging_mixin.py:188} INFO - [2026-03-18T08:03:35.970+0000] {dag.py:3823} INFO - Setting next_dagrun for example_bash_operator to 2026-03-17 00:00:00+00:00, run_after=2026-03-18 00:00:00+00:00
[2026-03-18T08:03:35.977+0000] {processor.py:183} INFO - Processing /home/airflow/.local/lib/python3.8/site-packages/airflow/example_dags/example_bash_operator.py took 0.046 seconds
[2026-03-18T08:04:06.457+0000] {processor.py:161} INFO - Started process (PID=514) to work on /home/airflow/.local/lib/python3.8/site-packages/airflow/example_dags/example_bash_operator.py
[2026-03-18T08:04:06.458+0000] {processor.py:830} INFO - Processing file /home/airflow/.local/lib/python3.8/site-packages/airflow/example_dags/example_bash_operator.py for tasks to queue
[2026-03-18T08:04:06.459+0000] {logging_mixin.py:188} INFO - [2026-03-18T08:04:06.459+0000] {dagbag.py:538} INFO - Filling up the DagBag from /home/airflow/.local/lib/python3.8/site-packages/airflow/example_dags/example_bash_operator.py
[2026-03-18T08:04:06.466+0000] {processor.py:840} INFO - DAG(s) 'example_bash_operator' retrieved from /home/airflow/.local/lib/python3.8/site-packages/airflow/example_dags/example_bash_operator.py
[2026-03-18T08:04:06.479+0000] {logging_mixin.py:188} INFO - [2026-03-18T08:04:06.479+0000] {dag.py:3036} INFO - Sync 1 DAGs
[2026-03-18T08:04:06.488+0000] {logging_mixin.py:188} INFO - [2026-03-18T08:04:06.488+0000] {dag.py:3823} INFO - Setting next_dagrun for example_bash_operator to 2026-03-17 00:00:00+00:00, run_after=2026-03-18 00:00:00+00:00
[2026-03-18T08:04:06.497+0000] {processor.py:183} INFO - Processing /home/airflow/.local/lib/python3.8/site-packages/airflow/example_dags/example_bash_operator.py took 0.041 seconds
[2026-03-18T08:04:29.335+0000] {processor.py:161} INFO - Started process (PID=62) to work on /home/airflow/.local/lib/python3.8/site-packages/airflow/example_dags/example_bash_operator.py
[2026-03-18T08:04:29.336+0000] {processor.py:830} INFO - Processing file /home/airflow/.local/lib/python3.8/site-packages/airflow/example_dags/example_bash_operator.py for tasks to queue
[2026-03-18T08:04:29.337+0000] {logging_mixin.py:188} INFO - [2026-03-18T08:04:29.337+0000] {dagbag.py:538} INFO - Filling up the DagBag from /home/airflow/.local/lib/python3.8/site-packages/airflow/example_dags/example_bash_operator.py
[2026-03-18T08:04:29.344+0000] {processor.py:840} INFO - DAG(s) 'example_bash_operator' retrieved from /home/airflow/.local/lib/python3.8/site-packages/airflow/example_dags/example_bash_operator.py
[2026-03-18T08:04:29.350+0000] {logging_mixin.py:188} INFO - [2026-03-18T08:04:29.350+0000] {dag.py:3036} INFO - Sync 1 DAGs
[2026-03-18T08:04:29.360+0000] {logging_mixin.py:188} INFO - [2026-03-18T08:04:29.360+0000] {dag.py:3823} INFO - Setting next_dagrun for example_bash_operator to 2026-03-17 00:00:00+00:00, run_after=2026-03-18 00:00:00+00:00
[2026-03-18T08:04:29.369+0000] {processor.py:183} INFO - Processing /home/airflow/.local/lib/python3.8/site-packages/airflow/example_dags/example_bash_operator.py took 0.036 seconds
[2026-03-18T08:04:59.790+0000] {processor.py:161} INFO - Started process (PID=118) to work on /home/airflow/.local/lib/python3.8/site-packages/airflow/example_dags/example_bash_operator.py
[2026-03-18T08:04:59.790+0000] {processor.py:830} INFO - Processing file /home/airflow/.local/lib/python3.8/site-packages/airflow/example_dags/example_bash_operator.py for tasks to queue
[2026-03-18T08:04:59.791+0000] {logging_mixin.py:188} INFO - [2026-03-18T08:04:59.791+0000] {dagbag.py:538} INFO - Filling up the DagBag from /home/airflow/.local/lib/python3.8/site-packages/airflow/example_dags/example_bash_operator.py
[2026-03-18T08:04:59.797+0000] {processor.py:840} INFO - DAG(s) 'example_bash_operator' retrieved from /home/airflow/.local/lib/python3.8/site-packages/airflow/example_dags/example_bash_operator.py
[2026-03-18T08:04:59.847+0000] {logging_mixin.py:188} INFO - [2026-03-18T08:04:59.847+0000] {dag.py:3036} INFO - Sync 1 DAGs
[2026-03-18T08:04:59.854+0000] {logging_mixin.py:188} INFO - [2026-03-18T08:04:59.854+0000] {dag.py:3823} INFO - Setting next_dagrun for example_bash_operator to 2026-03-17 00:00:00+00:00, run_after=2026-03-18 00:00:00+00:00
[2026-03-18T08:04:59.860+0000] {processor.py:183} INFO - Processing /home/airflow/.local/lib/python3.8/site-packages/airflow/example_dags/example_bash_operator.py took 0.072 seconds
[2026-03-18T08:05:30.846+0000] {processor.py:161} INFO - Started process (PID=173) to work on /home/airflow/.local/lib/python3.8/site-packages/airflow/example_dags/example_bash_operator.py
[2026-03-18T08:05:30.847+0000] {processor.py:830} INFO - Processing file /home/airflow/.local/lib/python3.8/site-packages/airflow/example_dags/example_bash_operator.py for tasks to queue
[2026-03-18T08:05:30.847+0000] {logging_mixin.py:188} INFO - [2026-03-18T08:05:30.847+0000] {dagbag.py:538} INFO - Filling up the DagBag from /home/airflow/.local/lib/python3.8/site-packages/airflow/example_dags/example_bash_operator.py
[2026-03-18T08:05:30.854+0000] {processor.py:840} INFO - DAG(s) 'example_bash_operator' retrieved from /home/airflow/.local/lib/python3.8/site-packages/airflow/example_dags/example_bash_operator.py
[2026-03-18T08:05:30.872+0000] {logging_mixin.py:188} INFO - [2026-03-18T08:05:30.872+0000] {dag.py:3036} INFO - Sync 1 DAGs
[2026-03-18T08:05:30.885+0000] {logging_mixin.py:188} INFO - [2026-03-18T08:05:30.885+0000] {dag.py:3823} INFO - Setting next_dagrun for example_bash_operator to 2026-03-17 00:00:00+00:00, run_after=2026-03-18 00:00:00+00:00
[2026-03-18T08:05:30.896+0000] {processor.py:183} INFO - Processing /home/airflow/.local/lib/python3.8/site-packages/airflow/example_dags/example_bash_operator.py took 0.053 seconds
[2026-03-18T08:06:14.326+0000] {processor.py:161} INFO - Started process (PID=108) to work on /home/airflow/.local/lib/python3.8/site-packages/airflow/example_dags/example_bash_operator.py
[2026-03-18T08:06:14.327+0000] {processor.py:830} INFO - Processing file /home/airflow/.local/lib/python3.8/site-packages/airflow/example_dags/example_bash_operator.py for tasks to queue
[2026-03-18T08:06:14.328+0000] {logging_mixin.py:188} INFO - [2026-03-18T08:06:14.328+0000] {dagbag.py:538} INFO - Filling up the DagBag from /home/airflow/.local/lib/python3.8/site-packages/airflow/example_dags/example_bash_operator.py
[2026-03-18T08:06:14.335+0000] {processor.py:840} INFO - DAG(s) 'example_bash_operator' retrieved from /home/airflow/.local/lib/python3.8/site-packages/airflow/example_dags/example_bash_operator.py
[2026-03-18T08:06:14.375+0000] {logging_mixin.py:188} INFO - [2026-03-18T08:06:14.374+0000] {dag.py:3036} INFO - Sync 1 DAGs
[2026-03-18T08:06:14.383+0000] {logging_mixin.py:188} INFO - [2026-03-18T08:06:14.382+0000] {dag.py:3823} INFO - Setting next_dagrun for example_bash_operator to 2026-03-17 00:00:00+00:00, run_after=2026-03-18 00:00:00+00:00
[2026-03-18T08:06:14.389+0000] {processor.py:183} INFO - Processing /home/airflow/.local/lib/python3.8/site-packages/airflow/example_dags/example_bash_operator.py took 0.064 seconds
[2026-03-18T08:06:45.192+0000] {processor.py:161} INFO - Started process (PID=164) to work on /home/airflow/.local/lib/python3.8/site-packages/airflow/example_dags/example_bash_operator.py
[2026-03-18T08:06:45.193+0000] {processor.py:830} INFO - Processing file /home/airflow/.local/lib/python3.8/site-packages/airflow/example_dags/example_bash_operator.py for tasks to queue
[2026-03-18T08:06:45.194+0000] {logging_mixin.py:188} INFO - [2026-03-18T08:06:45.193+0000] {dagbag.py:538} INFO - Filling up the DagBag from /home/airflow/.local/lib/python3.8/site-packages/airflow/example_dags/example_bash_operator.py
[2026-03-18T08:06:45.200+0000] {processor.py:840} INFO - DAG(s) 'example_bash_operator' retrieved from /home/airflow/.local/lib/python3.8/site-packages/airflow/example_dags/example_bash_operator.py
[2026-03-18T08:06:45.218+0000] {logging_mixin.py:188} INFO - [2026-03-18T08:06:45.218+0000] {dag.py:3036} INFO - Sync 1 DAGs
[2026-03-18T08:06:45.227+0000] {logging_mixin.py:188} INFO - [2026-03-18T08:06:45.227+0000] {dag.py:3823} INFO - Setting next_dagrun for example_bash_operator to 2026-03-17 00:00:00+00:00, run_after=2026-03-18 00:00:00+00:00
[2026-03-18T08:06:45.235+0000] {processor.py:183} INFO - Processing /home/airflow/.local/lib/python3.8/site-packages/airflow/example_dags/example_bash_operator.py took 0.044 seconds
[2026-03-18T08:07:15.876+0000] {processor.py:161} INFO - Started process (PID=226) to work on /home/airflow/.local/lib/python3.8/site-packages/airflow/example_dags/example_bash_operator.py
[2026-03-18T08:07:15.876+0000] {processor.py:830} INFO - Processing file /home/airflow/.local/lib/python3.8/site-packages/airflow/example_dags/example_bash_operator.py for tasks to queue
[2026-03-18T08:07:15.878+0000] {logging_mixin.py:188} INFO - [2026-03-18T08:07:15.878+0000] {dagbag.py:538} INFO - Filling up the DagBag from /home/airflow/.local/lib/python3.8/site-packages/airflow/example_dags/example_bash_operator.py
[2026-03-18T08:07:15.885+0000] {processor.py:840} INFO - DAG(s) 'example_bash_operator' retrieved from /home/airflow/.local/lib/python3.8/site-packages/airflow/example_dags/example_bash_operator.py
[2026-03-18T08:07:15.903+0000] {logging_mixin.py:188} INFO - [2026-03-18T08:07:15.903+0000] {dag.py:3036} INFO - Sync 1 DAGs
[2026-03-18T08:07:15.915+0000] {logging_mixin.py:188} INFO - [2026-03-18T08:07:15.915+0000] {dag.py:3823} INFO - Setting next_dagrun for example_bash_operator to 2026-03-17 00:00:00+00:00, run_after=2026-03-18 00:00:00+00:00
[2026-03-18T08:07:15.926+0000] {processor.py:183} INFO - Processing /home/airflow/.local/lib/python3.8/site-packages/airflow/example_dags/example_bash_operator.py took 0.051 seconds
[2026-03-18T08:07:46.427+0000] {processor.py:161} INFO - Started process (PID=282) to work on /home/airflow/.local/lib/python3.8/site-packages/airflow/example_dags/example_bash_operator.py
[2026-03-18T08:07:46.428+0000] {processor.py:830} INFO - Processing file /home/airflow/.local/lib/python3.8/site-packages/airflow/example_dags/example_bash_operator.py for tasks to queue
[2026-03-18T08:07:46.429+0000] {logging_mixin.py:188} INFO - [2026-03-18T08:07:46.429+0000] {dagbag.py:538} INFO - Filling up the DagBag from /home/airflow/.local/lib/python3.8/site-packages/airflow/example_dags/example_bash_operator.py
[2026-03-18T08:07:46.436+0000] {processor.py:840} INFO - DAG(s) 'example_bash_operator' retrieved from /home/airflow/.local/lib/python3.8/site-packages/airflow/example_dags/example_bash_operator.py
[2026-03-18T08:07:46.452+0000] {logging_mixin.py:188} INFO - [2026-03-18T08:07:46.452+0000] {dag.py:3036} INFO - Sync 1 DAGs
[2026-03-18T08:07:46.465+0000] {logging_mixin.py:188} INFO - [2026-03-18T08:07:46.465+0000] {dag.py:3823} INFO - Setting next_dagrun for example_bash_operator to 2026-03-17 00:00:00+00:00, run_after=2026-03-18 00:00:00+00:00
[2026-03-18T08:07:46.478+0000] {processor.py:183} INFO - Processing /home/airflow/.local/lib/python3.8/site-packages/airflow/example_dags/example_bash_operator.py took 0.052 seconds
[2026-03-18T08:08:16.899+0000] {processor.py:161} INFO - Started process (PID=338) to work on /home/airflow/.local/lib/python3.8/site-packages/airflow/example_dags/example_bash_operator.py
[2026-03-18T08:08:16.902+0000] {processor.py:830} INFO - Processing file /home/airflow/.local/lib/python3.8/site-packages/airflow/example_dags/example_bash_operator.py for tasks to queue
[2026-03-18T08:08:16.902+0000] {logging_mixin.py:188} INFO - [2026-03-18T08:08:16.902+0000] {dagbag.py:538} INFO - Filling up the DagBag from /home/airflow/.local/lib/python3.8/site-packages/airflow/example_dags/example_bash_operator.py
[2026-03-18T08:08:16.910+0000] {processor.py:840} INFO - DAG(s) 'example_bash_operator' retrieved from /home/airflow/.local/lib/python3.8/site-packages/airflow/example_dags/example_bash_operator.py
[2026-03-18T08:08:16.929+0000] {logging_mixin.py:188} INFO - [2026-03-18T08:08:16.929+0000] {dag.py:3036} INFO - Sync 1 DAGs
[2026-03-18T08:08:16.940+0000] {logging_mixin.py:188} INFO - [2026-03-18T08:08:16.940+0000] {dag.py:3823} INFO - Setting next_dagrun for example_bash_operator to 2026-03-17 00:00:00+00:00, run_after=2026-03-18 00:00:00+00:00
[2026-03-18T08:08:16.957+0000] {processor.py:183} INFO - Processing /home/airflow/.local/lib/python3.8/site-packages/airflow/example_dags/example_bash_operator.py took 0.060 seconds
[2026-03-18T08:08:47.484+0000] {processor.py:161} INFO - Started process (PID=394) to work on /home/airflow/.local/lib/python3.8/site-packages/airflow/example_dags/example_bash_operator.py
[2026-03-18T08:08:47.485+0000] {processor.py:830} INFO - Processing file /home/airflow/.local/lib/python3.8/site-packages/airflow/example_dags/example_bash_operator.py for tasks to queue
[2026-03-18T08:08:47.485+0000] {logging_mixin.py:188} INFO - [2026-03-18T08:08:47.485+0000] {dagbag.py:538} INFO - Filling up the DagBag from /home/airflow/.local/lib/python3.8/site-packages/airflow/example_dags/example_bash_operator.py
[2026-03-18T08:08:47.493+0000] {processor.py:840} INFO - DAG(s) 'example_bash_operator' retrieved from /home/airflow/.local/lib/python3.8/site-packages/airflow/example_dags/example_bash_operator.py
[2026-03-18T08:08:47.508+0000] {logging_mixin.py:188} INFO - [2026-03-18T08:08:47.507+0000] {dag.py:3036} INFO - Sync 1 DAGs
[2026-03-18T08:08:47.516+0000] {logging_mixin.py:188} INFO - [2026-03-18T08:08:47.516+0000] {dag.py:3823} INFO - Setting next_dagrun for example_bash_operator to 2026-03-17 00:00:00+00:00, run_after=2026-03-18 00:00:00+00:00
[2026-03-18T08:08:47.523+0000] {processor.py:183} INFO - Processing /home/airflow/.local/lib/python3.8/site-packages/airflow/example_dags/example_bash_operator.py took 0.041 seconds
[2026-03-18T08:09:17.972+0000] {processor.py:161} INFO - Started process (PID=450) to work on /home/airflow/.local/lib/python3.8/site-packages/airflow/example_dags/example_bash_operator.py
[2026-03-18T08:09:17.973+0000] {processor.py:830} INFO - Processing file /home/airflow/.local/lib/python3.8/site-packages/airflow/example_dags/example_bash_operator.py for tasks to queue
[2026-03-18T08:09:17.974+0000] {logging_mixin.py:188} INFO - [2026-03-18T08:09:17.974+0000] {dagbag.py:538} INFO - Filling up the DagBag from /home/airflow/.local/lib/python3.8/site-packages/airflow/example_dags/example_bash_operator.py
[2026-03-18T08:09:17.982+0000] {processor.py:840} INFO - DAG(s) 'example_bash_operator' retrieved from /home/airflow/.local/lib/python3.8/site-packages/airflow/example_dags/example_bash_operator.py
[2026-03-18T08:09:18.000+0000] {logging_mixin.py:188} INFO - [2026-03-18T08:09:17.999+0000] {dag.py:3036} INFO - Sync 1 DAGs
[2026-03-18T08:09:18.009+0000] {logging_mixin.py:188} INFO - [2026-03-18T08:09:18.009+0000] {dag.py:3823} INFO - Setting next_dagrun for example_bash_operator to 2026-03-17 00:00:00+00:00, run_after=2026-03-18 00:00:00+00:00
[2026-03-18T08:09:18.016+0000] {processor.py:183} INFO - Processing /home/airflow/.local/lib/python3.8/site-packages/airflow/example_dags/example_bash_operator.py took 0.046 seconds
[2026-03-18T08:09:48.514+0000] {processor.py:161} INFO - Started process (PID=506) to work on /home/airflow/.local/lib/python3.8/site-packages/airflow/example_dags/example_bash_operator.py
[2026-03-18T08:09:48.516+0000] {processor.py:830} INFO - Processing file /home/airflow/.local/lib/python3.8/site-packages/airflow/example_dags/example_bash_operator.py for tasks to queue
[2026-03-18T08:09:48.516+0000] {logging_mixin.py:188} INFO - [2026-03-18T08:09:48.516+0000] {dagbag.py:538} INFO - Filling up the DagBag from /home/airflow/.local/lib/python3.8/site-packages/airflow/example_dags/example_bash_operator.py
[2026-03-18T08:09:48.523+0000] {processor.py:840} INFO - DAG(s) 'example_bash_operator' retrieved from /home/airflow/.local/lib/python3.8/site-packages/airflow/example_dags/example_bash_operator.py
[2026-03-18T08:09:48.538+0000] {logging_mixin.py:188} INFO - [2026-03-18T08:09:48.538+0000] {dag.py:3036} INFO - Sync 1 DAGs
[2026-03-18T08:09:48.549+0000] {logging_mixin.py:188} INFO - [2026-03-18T08:09:48.549+0000] {dag.py:3823} INFO - Setting next_dagrun for example_bash_operator to 2026-03-17 00:00:00+00:00, run_after=2026-03-18 00:00:00+00:00
[2026-03-18T08:09:48.559+0000] {processor.py:183} INFO - Processing /home/airflow/.local/lib/python3.8/site-packages/airflow/example_dags/example_bash_operator.py took 0.047 seconds
[2026-03-18T08:10:19.048+0000] {processor.py:161} INFO - Started process (PID=562) to work on /home/airflow/.local/lib/python3.8/site-packages/airflow/example_dags/example_bash_operator.py
[2026-03-18T08:10:19.049+0000] {processor.py:830} INFO - Processing file /home/airflow/.local/lib/python3.8/site-packages/airflow/example_dags/example_bash_operator.py for tasks to queue
[2026-03-18T08:10:19.051+0000] {logging_mixin.py:188} INFO - [2026-03-18T08:10:19.051+0000] {dagbag.py:538} INFO - Filling up the DagBag from /home/airflow/.local/lib/python3.8/site-packages/airflow/example_dags/example_bash_operator.py
[2026-03-18T08:10:19.057+0000] {processor.py:840} INFO - DAG(s) 'example_bash_operator' retrieved from /home/airflow/.local/lib/python3.8/site-packages/airflow/example_dags/example_bash_operator.py
[2026-03-18T08:10:19.075+0000] {logging_mixin.py:188} INFO - [2026-03-18T08:10:19.074+0000] {dag.py:3036} INFO - Sync 1 DAGs
[2026-03-18T08:10:19.085+0000] {logging_mixin.py:188} INFO - [2026-03-18T08:10:19.085+0000] {dag.py:3823} INFO - Setting next_dagrun for example_bash_operator to 2026-03-17 00:00:00+00:00, run_after=2026-03-18 00:00:00+00:00
[2026-03-18T08:10:19.092+0000] {processor.py:183} INFO - Processing /home/airflow/.local/lib/python3.8/site-packages/airflow/example_dags/example_bash_operator.py took 0.046 seconds
[2026-03-18T08:10:49.590+0000] {processor.py:161} INFO - Started process (PID=618) to work on /home/airflow/.local/lib/python3.8/site-packages/airflow/example_dags/example_bash_operator.py
[2026-03-18T08:10:49.591+0000] {processor.py:830} INFO - Processing file /home/airflow/.local/lib/python3.8/site-packages/airflow/example_dags/example_bash_operator.py for tasks to queue
[2026-03-18T08:10:49.592+0000] {logging_mixin.py:188} INFO - [2026-03-18T08:10:49.592+0000] {dagbag.py:538} INFO - Filling up the DagBag from /home/airflow/.local/lib/python3.8/site-packages/airflow/example_dags/example_bash_operator.py
[2026-03-18T08:10:49.601+0000] {processor.py:840} INFO - DAG(s) 'example_bash_operator' retrieved from /home/airflow/.local/lib/python3.8/site-packages/airflow/example_dags/example_bash_operator.py
[2026-03-18T08:10:49.618+0000] {logging_mixin.py:188} INFO - [2026-03-18T08:10:49.618+0000] {dag.py:3036} INFO - Sync 1 DAGs
[2026-03-18T08:10:49.630+0000] {logging_mixin.py:188} INFO - [2026-03-18T08:10:49.629+0000] {dag.py:3823} INFO - Setting next_dagrun for example_bash_operator to 2026-03-17 00:00:00+00:00, run_after=2026-03-18 00:00:00+00:00
[2026-03-18T08:10:49.637+0000] {processor.py:183} INFO - Processing /home/airflow/.local/lib/python3.8/site-packages/airflow/example_dags/example_bash_operator.py took 0.048 seconds
[2026-03-18T08:11:20.067+0000] {processor.py:161} INFO - Started process (PID=674) to work on /home/airflow/.local/lib/python3.8/site-packages/airflow/example_dags/example_bash_operator.py
[2026-03-18T08:11:20.068+0000] {processor.py:830} INFO - Processing file /home/airflow/.local/lib/python3.8/site-packages/airflow/example_dags/example_bash_operator.py for tasks to queue
[2026-03-18T08:11:20.069+0000] {logging_mixin.py:188} INFO - [2026-03-18T08:11:20.069+0000] {dagbag.py:538} INFO - Filling up the DagBag from /home/airflow/.local/lib/python3.8/site-packages/airflow/example_dags/example_bash_operator.py
[2026-03-18T08:11:20.076+0000] {processor.py:840} INFO - DAG(s) 'example_bash_operator' retrieved from /home/airflow/.local/lib/python3.8/site-packages/airflow/example_dags/example_bash_operator.py
[2026-03-18T08:11:20.091+0000] {logging_mixin.py:188} INFO - [2026-03-18T08:11:20.091+0000] {dag.py:3036} INFO - Sync 1 DAGs
[2026-03-18T08:11:20.101+0000] {logging_mixin.py:188} INFO - [2026-03-18T08:11:20.100+0000] {dag.py:3823} INFO - Setting next_dagrun for example_bash_operator to 2026-03-17 00:00:00+00:00, run_after=2026-03-18 00:00:00+00:00
[2026-03-18T08:11:20.107+0000] {processor.py:183} INFO - Processing /home/airflow/.local/lib/python3.8/site-packages/airflow/example_dags/example_bash_operator.py took 0.041 seconds
[2026-03-18T08:11:50.610+0000] {processor.py:161} INFO - Started process (PID=730) to work on /home/airflow/.local/lib/python3.8/site-packages/airflow/example_dags/example_bash_operator.py
[2026-03-18T08:11:50.610+0000] {processor.py:830} INFO - Processing file /home/airflow/.local/lib/python3.8/site-packages/airflow/example_dags/example_bash_operator.py for tasks to queue
[2026-03-18T08:11:50.612+0000] {logging_mixin.py:188} INFO - [2026-03-18T08:11:50.611+0000] {dagbag.py:538} INFO - Filling up the DagBag from /home/airflow/.local/lib/python3.8/site-packages/airflow/example_dags/example_bash_operator.py
[2026-03-18T08:11:50.617+0000] {processor.py:840} INFO - DAG(s) 'example_bash_operator' retrieved from /home/airflow/.local/lib/python3.8/site-packages/airflow/example_dags/example_bash_operator.py
[2026-03-18T08:11:50.632+0000] {logging_mixin.py:188} INFO - [2026-03-18T08:11:50.632+0000] {dag.py:3036} INFO - Sync 1 DAGs
[2026-03-18T08:11:50.644+0000] {logging_mixin.py:188} INFO - [2026-03-18T08:11:50.644+0000] {dag.py:3823} INFO - Setting next_dagrun for example_bash_operator to 2026-03-17 00:00:00+00:00, run_after=2026-03-18 00:00:00+00:00
[2026-03-18T08:11:50.650+0000] {processor.py:183} INFO - Processing /home/airflow/.local/lib/python3.8/site-packages/airflow/example_dags/example_bash_operator.py took 0.042 seconds
[2026-03-18T08:12:21.164+0000] {processor.py:161} INFO - Started process (PID=786) to work on /home/airflow/.local/lib/python3.8/site-packages/airflow/example_dags/example_bash_operator.py
[2026-03-18T08:12:21.165+0000] {processor.py:830} INFO - Processing file /home/airflow/.local/lib/python3.8/site-packages/airflow/example_dags/example_bash_operator.py for tasks to queue
[2026-03-18T08:12:21.166+0000] {logging_mixin.py:188} INFO - [2026-03-18T08:12:21.166+0000] {dagbag.py:538} INFO - Filling up the DagBag from /home/airflow/.local/lib/python3.8/site-packages/airflow/example_dags/example_bash_operator.py
[2026-03-18T08:12:21.171+0000] {processor.py:840} INFO - DAG(s) 'example_bash_operator' retrieved from /home/airflow/.local/lib/python3.8/site-packages/airflow/example_dags/example_bash_operator.py
[2026-03-18T08:12:21.183+0000] {logging_mixin.py:188} INFO - [2026-03-18T08:12:21.183+0000] {dag.py:3036} INFO - Sync 1 DAGs
[2026-03-18T08:12:21.192+0000] {logging_mixin.py:188} INFO - [2026-03-18T08:12:21.192+0000] {dag.py:3823} INFO - Setting next_dagrun for example_bash_operator to 2026-03-17 00:00:00+00:00, run_after=2026-03-18 00:00:00+00:00
[2026-03-18T08:12:21.201+0000] {processor.py:183} INFO - Processing /home/airflow/.local/lib/python3.8/site-packages/airflow/example_dags/example_bash_operator.py took 0.038 seconds
[2026-03-18T08:12:51.542+0000] {processor.py:161} INFO - Started process (PID=842) to work on /home/airflow/.local/lib/python3.8/site-packages/airflow/example_dags/example_bash_operator.py
[2026-03-18T08:12:51.542+0000] {processor.py:830} INFO - Processing file /home/airflow/.local/lib/python3.8/site-packages/airflow/example_dags/example_bash_operator.py for tasks to queue
[2026-03-18T08:12:51.543+0000] {logging_mixin.py:188} INFO - [2026-03-18T08:12:51.543+0000] {dagbag.py:538} INFO - Filling up the DagBag from /home/airflow/.local/lib/python3.8/site-packages/airflow/example_dags/example_bash_operator.py
[2026-03-18T08:12:51.553+0000] {processor.py:840} INFO - DAG(s) 'example_bash_operator' retrieved from /home/airflow/.local/lib/python3.8/site-packages/airflow/example_dags/example_bash_operator.py
[2026-03-18T08:12:51.566+0000] {logging_mixin.py:188} INFO - [2026-03-18T08:12:51.566+0000] {dag.py:3036} INFO - Sync 1 DAGs
[2026-03-18T08:12:51.574+0000] {logging_mixin.py:188} INFO - [2026-03-18T08:12:51.574+0000] {dag.py:3823} INFO - Setting next_dagrun for example_bash_operator to 2026-03-17 00:00:00+00:00, run_after=2026-03-18 00:00:00+00:00
[2026-03-18T08:12:51.586+0000] {processor.py:183} INFO - Processing /home/airflow/.local/lib/python3.8/site-packages/airflow/example_dags/example_bash_operator.py took 0.045 seconds
