[2026-03-18T07:45:18.056+0000] {processor.py:161} INFO - Started process (PID=57) to work on /home/airflow/.local/lib/python3.8/site-packages/airflow/example_dags/example_latest_only_with_trigger.py
[2026-03-18T07:45:18.057+0000] {processor.py:830} INFO - Processing file /home/airflow/.local/lib/python3.8/site-packages/airflow/example_dags/example_latest_only_with_trigger.py for tasks to queue
[2026-03-18T07:45:18.058+0000] {logging_mixin.py:188} INFO - [2026-03-18T07:45:18.057+0000] {dagbag.py:538} INFO - Filling up the DagBag from /home/airflow/.local/lib/python3.8/site-packages/airflow/example_dags/example_latest_only_with_trigger.py
[2026-03-18T07:45:18.060+0000] {processor.py:840} INFO - DAG(s) 'latest_only_with_trigger' retrieved from /home/airflow/.local/lib/python3.8/site-packages/airflow/example_dags/example_latest_only_with_trigger.py
[2026-03-18T07:45:18.119+0000] {logging_mixin.py:188} INFO - [2026-03-18T07:45:18.119+0000] {override.py:1769} INFO - Created Permission View: can read on DAG:latest_only_with_trigger
[2026-03-18T07:45:18.123+0000] {logging_mixin.py:188} INFO - [2026-03-18T07:45:18.123+0000] {override.py:1769} INFO - Created Permission View: can delete on DAG:latest_only_with_trigger
[2026-03-18T07:45:18.126+0000] {logging_mixin.py:188} INFO - [2026-03-18T07:45:18.126+0000] {override.py:1769} INFO - Created Permission View: can edit on DAG:latest_only_with_trigger
[2026-03-18T07:45:18.126+0000] {logging_mixin.py:188} INFO - [2026-03-18T07:45:18.126+0000] {dag.py:3036} INFO - Sync 1 DAGs
[2026-03-18T07:45:18.131+0000] {logging_mixin.py:188} INFO - [2026-03-18T07:45:18.131+0000] {dag.py:3058} INFO - Creating ORM DAG for latest_only_with_trigger
[2026-03-18T07:45:18.138+0000] {logging_mixin.py:188} INFO - [2026-03-18T07:45:18.138+0000] {dag.py:3823} INFO - Setting next_dagrun for latest_only_with_trigger to 2026-03-18 00:00:00+00:00, run_after=2026-03-18 04:00:00+00:00
[2026-03-18T07:45:18.148+0000] {processor.py:183} INFO - Processing /home/airflow/.local/lib/python3.8/site-packages/airflow/example_dags/example_latest_only_with_trigger.py took 0.094 seconds
[2026-03-18T07:45:48.180+0000] {processor.py:161} INFO - Started process (PID=112) to work on /home/airflow/.local/lib/python3.8/site-packages/airflow/example_dags/example_latest_only_with_trigger.py
[2026-03-18T07:45:48.181+0000] {processor.py:830} INFO - Processing file /home/airflow/.local/lib/python3.8/site-packages/airflow/example_dags/example_latest_only_with_trigger.py for tasks to queue
[2026-03-18T07:45:48.181+0000] {logging_mixin.py:188} INFO - [2026-03-18T07:45:48.181+0000] {dagbag.py:538} INFO - Filling up the DagBag from /home/airflow/.local/lib/python3.8/site-packages/airflow/example_dags/example_latest_only_with_trigger.py
[2026-03-18T07:45:48.184+0000] {processor.py:840} INFO - DAG(s) 'latest_only_with_trigger' retrieved from /home/airflow/.local/lib/python3.8/site-packages/airflow/example_dags/example_latest_only_with_trigger.py
[2026-03-18T07:45:48.192+0000] {logging_mixin.py:188} INFO - [2026-03-18T07:45:48.192+0000] {dag.py:3036} INFO - Sync 1 DAGs
[2026-03-18T07:45:48.201+0000] {logging_mixin.py:188} INFO - [2026-03-18T07:45:48.201+0000] {dag.py:3823} INFO - Setting next_dagrun for latest_only_with_trigger to 2026-03-18 00:00:00+00:00, run_after=2026-03-18 04:00:00+00:00
[2026-03-18T07:45:48.207+0000] {processor.py:183} INFO - Processing /home/airflow/.local/lib/python3.8/site-packages/airflow/example_dags/example_latest_only_with_trigger.py took 0.028 seconds
[2026-03-18T07:46:18.547+0000] {processor.py:161} INFO - Started process (PID=167) to work on /home/airflow/.local/lib/python3.8/site-packages/airflow/example_dags/example_latest_only_with_trigger.py
[2026-03-18T07:46:18.549+0000] {processor.py:830} INFO - Processing file /home/airflow/.local/lib/python3.8/site-packages/airflow/example_dags/example_latest_only_with_trigger.py for tasks to queue
[2026-03-18T07:46:18.550+0000] {logging_mixin.py:188} INFO - [2026-03-18T07:46:18.549+0000] {dagbag.py:538} INFO - Filling up the DagBag from /home/airflow/.local/lib/python3.8/site-packages/airflow/example_dags/example_latest_only_with_trigger.py
[2026-03-18T07:46:18.554+0000] {processor.py:840} INFO - DAG(s) 'latest_only_with_trigger' retrieved from /home/airflow/.local/lib/python3.8/site-packages/airflow/example_dags/example_latest_only_with_trigger.py
[2026-03-18T07:46:18.566+0000] {logging_mixin.py:188} INFO - [2026-03-18T07:46:18.566+0000] {dag.py:3036} INFO - Sync 1 DAGs
[2026-03-18T07:46:18.574+0000] {logging_mixin.py:188} INFO - [2026-03-18T07:46:18.574+0000] {dag.py:3823} INFO - Setting next_dagrun for latest_only_with_trigger to 2026-03-18 00:00:00+00:00, run_after=2026-03-18 04:00:00+00:00
[2026-03-18T07:46:18.582+0000] {processor.py:183} INFO - Processing /home/airflow/.local/lib/python3.8/site-packages/airflow/example_dags/example_latest_only_with_trigger.py took 0.037 seconds
[2026-03-18T07:46:48.901+0000] {processor.py:161} INFO - Started process (PID=222) to work on /home/airflow/.local/lib/python3.8/site-packages/airflow/example_dags/example_latest_only_with_trigger.py
[2026-03-18T07:46:48.902+0000] {processor.py:830} INFO - Processing file /home/airflow/.local/lib/python3.8/site-packages/airflow/example_dags/example_latest_only_with_trigger.py for tasks to queue
[2026-03-18T07:46:48.903+0000] {logging_mixin.py:188} INFO - [2026-03-18T07:46:48.902+0000] {dagbag.py:538} INFO - Filling up the DagBag from /home/airflow/.local/lib/python3.8/site-packages/airflow/example_dags/example_latest_only_with_trigger.py
[2026-03-18T07:46:48.905+0000] {processor.py:840} INFO - DAG(s) 'latest_only_with_trigger' retrieved from /home/airflow/.local/lib/python3.8/site-packages/airflow/example_dags/example_latest_only_with_trigger.py
[2026-03-18T07:46:48.914+0000] {logging_mixin.py:188} INFO - [2026-03-18T07:46:48.914+0000] {dag.py:3036} INFO - Sync 1 DAGs
[2026-03-18T07:46:48.923+0000] {logging_mixin.py:188} INFO - [2026-03-18T07:46:48.923+0000] {dag.py:3823} INFO - Setting next_dagrun for latest_only_with_trigger to 2026-03-18 00:00:00+00:00, run_after=2026-03-18 04:00:00+00:00
[2026-03-18T07:46:48.928+0000] {processor.py:183} INFO - Processing /home/airflow/.local/lib/python3.8/site-packages/airflow/example_dags/example_latest_only_with_trigger.py took 0.028 seconds
[2026-03-18T07:47:19.231+0000] {processor.py:161} INFO - Started process (PID=277) to work on /home/airflow/.local/lib/python3.8/site-packages/airflow/example_dags/example_latest_only_with_trigger.py
[2026-03-18T07:47:19.232+0000] {processor.py:830} INFO - Processing file /home/airflow/.local/lib/python3.8/site-packages/airflow/example_dags/example_latest_only_with_trigger.py for tasks to queue
[2026-03-18T07:47:19.233+0000] {logging_mixin.py:188} INFO - [2026-03-18T07:47:19.233+0000] {dagbag.py:538} INFO - Filling up the DagBag from /home/airflow/.local/lib/python3.8/site-packages/airflow/example_dags/example_latest_only_with_trigger.py
[2026-03-18T07:47:19.237+0000] {processor.py:840} INFO - DAG(s) 'latest_only_with_trigger' retrieved from /home/airflow/.local/lib/python3.8/site-packages/airflow/example_dags/example_latest_only_with_trigger.py
[2026-03-18T07:47:19.246+0000] {logging_mixin.py:188} INFO - [2026-03-18T07:47:19.246+0000] {dag.py:3036} INFO - Sync 1 DAGs
[2026-03-18T07:47:19.255+0000] {logging_mixin.py:188} INFO - [2026-03-18T07:47:19.255+0000] {dag.py:3823} INFO - Setting next_dagrun for latest_only_with_trigger to 2026-03-18 00:00:00+00:00, run_after=2026-03-18 04:00:00+00:00
[2026-03-18T07:47:19.262+0000] {processor.py:183} INFO - Processing /home/airflow/.local/lib/python3.8/site-packages/airflow/example_dags/example_latest_only_with_trigger.py took 0.032 seconds
[2026-03-18T07:47:49.669+0000] {processor.py:161} INFO - Started process (PID=332) to work on /home/airflow/.local/lib/python3.8/site-packages/airflow/example_dags/example_latest_only_with_trigger.py
[2026-03-18T07:47:49.671+0000] {processor.py:830} INFO - Processing file /home/airflow/.local/lib/python3.8/site-packages/airflow/example_dags/example_latest_only_with_trigger.py for tasks to queue
[2026-03-18T07:47:49.671+0000] {logging_mixin.py:188} INFO - [2026-03-18T07:47:49.671+0000] {dagbag.py:538} INFO - Filling up the DagBag from /home/airflow/.local/lib/python3.8/site-packages/airflow/example_dags/example_latest_only_with_trigger.py
[2026-03-18T07:47:49.674+0000] {processor.py:840} INFO - DAG(s) 'latest_only_with_trigger' retrieved from /home/airflow/.local/lib/python3.8/site-packages/airflow/example_dags/example_latest_only_with_trigger.py
[2026-03-18T07:47:49.683+0000] {logging_mixin.py:188} INFO - [2026-03-18T07:47:49.683+0000] {dag.py:3036} INFO - Sync 1 DAGs
[2026-03-18T07:47:49.692+0000] {logging_mixin.py:188} INFO - [2026-03-18T07:47:49.691+0000] {dag.py:3823} INFO - Setting next_dagrun for latest_only_with_trigger to 2026-03-18 00:00:00+00:00, run_after=2026-03-18 04:00:00+00:00
[2026-03-18T07:47:49.700+0000] {processor.py:183} INFO - Processing /home/airflow/.local/lib/python3.8/site-packages/airflow/example_dags/example_latest_only_with_trigger.py took 0.033 seconds
[2026-03-18T07:48:20.067+0000] {processor.py:161} INFO - Started process (PID=387) to work on /home/airflow/.local/lib/python3.8/site-packages/airflow/example_dags/example_latest_only_with_trigger.py
[2026-03-18T07:48:20.067+0000] {processor.py:830} INFO - Processing file /home/airflow/.local/lib/python3.8/site-packages/airflow/example_dags/example_latest_only_with_trigger.py for tasks to queue
[2026-03-18T07:48:20.068+0000] {logging_mixin.py:188} INFO - [2026-03-18T07:48:20.068+0000] {dagbag.py:538} INFO - Filling up the DagBag from /home/airflow/.local/lib/python3.8/site-packages/airflow/example_dags/example_latest_only_with_trigger.py
[2026-03-18T07:48:20.071+0000] {processor.py:840} INFO - DAG(s) 'latest_only_with_trigger' retrieved from /home/airflow/.local/lib/python3.8/site-packages/airflow/example_dags/example_latest_only_with_trigger.py
[2026-03-18T07:48:20.082+0000] {logging_mixin.py:188} INFO - [2026-03-18T07:48:20.082+0000] {dag.py:3036} INFO - Sync 1 DAGs
[2026-03-18T07:48:20.091+0000] {logging_mixin.py:188} INFO - [2026-03-18T07:48:20.091+0000] {dag.py:3823} INFO - Setting next_dagrun for latest_only_with_trigger to 2026-03-18 00:00:00+00:00, run_after=2026-03-18 04:00:00+00:00
[2026-03-18T07:48:20.097+0000] {processor.py:183} INFO - Processing /home/airflow/.local/lib/python3.8/site-packages/airflow/example_dags/example_latest_only_with_trigger.py took 0.032 seconds
[2026-03-18T07:48:50.392+0000] {processor.py:161} INFO - Started process (PID=442) to work on /home/airflow/.local/lib/python3.8/site-packages/airflow/example_dags/example_latest_only_with_trigger.py
[2026-03-18T07:48:50.392+0000] {processor.py:830} INFO - Processing file /home/airflow/.local/lib/python3.8/site-packages/airflow/example_dags/example_latest_only_with_trigger.py for tasks to queue
[2026-03-18T07:48:50.393+0000] {logging_mixin.py:188} INFO - [2026-03-18T07:48:50.393+0000] {dagbag.py:538} INFO - Filling up the DagBag from /home/airflow/.local/lib/python3.8/site-packages/airflow/example_dags/example_latest_only_with_trigger.py
[2026-03-18T07:48:50.395+0000] {processor.py:840} INFO - DAG(s) 'latest_only_with_trigger' retrieved from /home/airflow/.local/lib/python3.8/site-packages/airflow/example_dags/example_latest_only_with_trigger.py
[2026-03-18T07:48:50.404+0000] {logging_mixin.py:188} INFO - [2026-03-18T07:48:50.404+0000] {dag.py:3036} INFO - Sync 1 DAGs
[2026-03-18T07:48:50.413+0000] {logging_mixin.py:188} INFO - [2026-03-18T07:48:50.413+0000] {dag.py:3823} INFO - Setting next_dagrun for latest_only_with_trigger to 2026-03-18 00:00:00+00:00, run_after=2026-03-18 04:00:00+00:00
[2026-03-18T07:48:50.418+0000] {processor.py:183} INFO - Processing /home/airflow/.local/lib/python3.8/site-packages/airflow/example_dags/example_latest_only_with_trigger.py took 0.028 seconds
[2026-03-18T07:49:20.649+0000] {processor.py:161} INFO - Started process (PID=497) to work on /home/airflow/.local/lib/python3.8/site-packages/airflow/example_dags/example_latest_only_with_trigger.py
[2026-03-18T07:49:20.649+0000] {processor.py:830} INFO - Processing file /home/airflow/.local/lib/python3.8/site-packages/airflow/example_dags/example_latest_only_with_trigger.py for tasks to queue
[2026-03-18T07:49:20.652+0000] {logging_mixin.py:188} INFO - [2026-03-18T07:49:20.652+0000] {dagbag.py:538} INFO - Filling up the DagBag from /home/airflow/.local/lib/python3.8/site-packages/airflow/example_dags/example_latest_only_with_trigger.py
[2026-03-18T07:49:20.654+0000] {processor.py:840} INFO - DAG(s) 'latest_only_with_trigger' retrieved from /home/airflow/.local/lib/python3.8/site-packages/airflow/example_dags/example_latest_only_with_trigger.py
[2026-03-18T07:49:20.663+0000] {logging_mixin.py:188} INFO - [2026-03-18T07:49:20.662+0000] {dag.py:3036} INFO - Sync 1 DAGs
[2026-03-18T07:49:20.671+0000] {logging_mixin.py:188} INFO - [2026-03-18T07:49:20.671+0000] {dag.py:3823} INFO - Setting next_dagrun for latest_only_with_trigger to 2026-03-18 00:00:00+00:00, run_after=2026-03-18 04:00:00+00:00
[2026-03-18T07:49:20.676+0000] {processor.py:183} INFO - Processing /home/airflow/.local/lib/python3.8/site-packages/airflow/example_dags/example_latest_only_with_trigger.py took 0.029 seconds
[2026-03-18T07:49:50.933+0000] {processor.py:161} INFO - Started process (PID=552) to work on /home/airflow/.local/lib/python3.8/site-packages/airflow/example_dags/example_latest_only_with_trigger.py
[2026-03-18T07:49:50.933+0000] {processor.py:830} INFO - Processing file /home/airflow/.local/lib/python3.8/site-packages/airflow/example_dags/example_latest_only_with_trigger.py for tasks to queue
[2026-03-18T07:49:50.934+0000] {logging_mixin.py:188} INFO - [2026-03-18T07:49:50.934+0000] {dagbag.py:538} INFO - Filling up the DagBag from /home/airflow/.local/lib/python3.8/site-packages/airflow/example_dags/example_latest_only_with_trigger.py
[2026-03-18T07:49:50.936+0000] {processor.py:840} INFO - DAG(s) 'latest_only_with_trigger' retrieved from /home/airflow/.local/lib/python3.8/site-packages/airflow/example_dags/example_latest_only_with_trigger.py
[2026-03-18T07:49:50.945+0000] {logging_mixin.py:188} INFO - [2026-03-18T07:49:50.944+0000] {dag.py:3036} INFO - Sync 1 DAGs
[2026-03-18T07:49:50.953+0000] {logging_mixin.py:188} INFO - [2026-03-18T07:49:50.953+0000] {dag.py:3823} INFO - Setting next_dagrun for latest_only_with_trigger to 2026-03-18 00:00:00+00:00, run_after=2026-03-18 04:00:00+00:00
[2026-03-18T07:49:50.959+0000] {processor.py:183} INFO - Processing /home/airflow/.local/lib/python3.8/site-packages/airflow/example_dags/example_latest_only_with_trigger.py took 0.028 seconds
[2026-03-18T07:50:21.275+0000] {processor.py:161} INFO - Started process (PID=608) to work on /home/airflow/.local/lib/python3.8/site-packages/airflow/example_dags/example_latest_only_with_trigger.py
[2026-03-18T07:50:21.276+0000] {processor.py:830} INFO - Processing file /home/airflow/.local/lib/python3.8/site-packages/airflow/example_dags/example_latest_only_with_trigger.py for tasks to queue
[2026-03-18T07:50:21.276+0000] {logging_mixin.py:188} INFO - [2026-03-18T07:50:21.276+0000] {dagbag.py:538} INFO - Filling up the DagBag from /home/airflow/.local/lib/python3.8/site-packages/airflow/example_dags/example_latest_only_with_trigger.py
[2026-03-18T07:50:21.279+0000] {processor.py:840} INFO - DAG(s) 'latest_only_with_trigger' retrieved from /home/airflow/.local/lib/python3.8/site-packages/airflow/example_dags/example_latest_only_with_trigger.py
[2026-03-18T07:50:21.290+0000] {logging_mixin.py:188} INFO - [2026-03-18T07:50:21.290+0000] {dag.py:3036} INFO - Sync 1 DAGs
[2026-03-18T07:50:21.300+0000] {logging_mixin.py:188} INFO - [2026-03-18T07:50:21.300+0000] {dag.py:3823} INFO - Setting next_dagrun for latest_only_with_trigger to 2026-03-18 00:00:00+00:00, run_after=2026-03-18 04:00:00+00:00
[2026-03-18T07:50:21.306+0000] {processor.py:183} INFO - Processing /home/airflow/.local/lib/python3.8/site-packages/airflow/example_dags/example_latest_only_with_trigger.py took 0.032 seconds
[2026-03-18T07:50:51.779+0000] {processor.py:161} INFO - Started process (PID=664) to work on /home/airflow/.local/lib/python3.8/site-packages/airflow/example_dags/example_latest_only_with_trigger.py
[2026-03-18T07:50:51.780+0000] {processor.py:830} INFO - Processing file /home/airflow/.local/lib/python3.8/site-packages/airflow/example_dags/example_latest_only_with_trigger.py for tasks to queue
[2026-03-18T07:50:51.781+0000] {logging_mixin.py:188} INFO - [2026-03-18T07:50:51.781+0000] {dagbag.py:538} INFO - Filling up the DagBag from /home/airflow/.local/lib/python3.8/site-packages/airflow/example_dags/example_latest_only_with_trigger.py
[2026-03-18T07:50:51.784+0000] {processor.py:840} INFO - DAG(s) 'latest_only_with_trigger' retrieved from /home/airflow/.local/lib/python3.8/site-packages/airflow/example_dags/example_latest_only_with_trigger.py
[2026-03-18T07:50:51.800+0000] {logging_mixin.py:188} INFO - [2026-03-18T07:50:51.800+0000] {dag.py:3036} INFO - Sync 1 DAGs
[2026-03-18T07:50:51.811+0000] {logging_mixin.py:188} INFO - [2026-03-18T07:50:51.811+0000] {dag.py:3823} INFO - Setting next_dagrun for latest_only_with_trigger to 2026-03-18 00:00:00+00:00, run_after=2026-03-18 04:00:00+00:00
[2026-03-18T07:50:51.822+0000] {processor.py:183} INFO - Processing /home/airflow/.local/lib/python3.8/site-packages/airflow/example_dags/example_latest_only_with_trigger.py took 0.045 seconds
[2026-03-18T07:51:22.257+0000] {processor.py:161} INFO - Started process (PID=726) to work on /home/airflow/.local/lib/python3.8/site-packages/airflow/example_dags/example_latest_only_with_trigger.py
[2026-03-18T07:51:22.258+0000] {processor.py:830} INFO - Processing file /home/airflow/.local/lib/python3.8/site-packages/airflow/example_dags/example_latest_only_with_trigger.py for tasks to queue
[2026-03-18T07:51:22.259+0000] {logging_mixin.py:188} INFO - [2026-03-18T07:51:22.259+0000] {dagbag.py:538} INFO - Filling up the DagBag from /home/airflow/.local/lib/python3.8/site-packages/airflow/example_dags/example_latest_only_with_trigger.py
[2026-03-18T07:51:22.263+0000] {processor.py:840} INFO - DAG(s) 'latest_only_with_trigger' retrieved from /home/airflow/.local/lib/python3.8/site-packages/airflow/example_dags/example_latest_only_with_trigger.py
[2026-03-18T07:51:22.275+0000] {logging_mixin.py:188} INFO - [2026-03-18T07:51:22.275+0000] {dag.py:3036} INFO - Sync 1 DAGs
[2026-03-18T07:51:22.288+0000] {logging_mixin.py:188} INFO - [2026-03-18T07:51:22.287+0000] {dag.py:3823} INFO - Setting next_dagrun for latest_only_with_trigger to 2026-03-18 00:00:00+00:00, run_after=2026-03-18 04:00:00+00:00
[2026-03-18T07:51:22.295+0000] {processor.py:183} INFO - Processing /home/airflow/.local/lib/python3.8/site-packages/airflow/example_dags/example_latest_only_with_trigger.py took 0.039 seconds
[2026-03-18T07:51:52.718+0000] {processor.py:161} INFO - Started process (PID=782) to work on /home/airflow/.local/lib/python3.8/site-packages/airflow/example_dags/example_latest_only_with_trigger.py
[2026-03-18T07:51:52.719+0000] {processor.py:830} INFO - Processing file /home/airflow/.local/lib/python3.8/site-packages/airflow/example_dags/example_latest_only_with_trigger.py for tasks to queue
[2026-03-18T07:51:52.720+0000] {logging_mixin.py:188} INFO - [2026-03-18T07:51:52.720+0000] {dagbag.py:538} INFO - Filling up the DagBag from /home/airflow/.local/lib/python3.8/site-packages/airflow/example_dags/example_latest_only_with_trigger.py
[2026-03-18T07:51:52.724+0000] {processor.py:840} INFO - DAG(s) 'latest_only_with_trigger' retrieved from /home/airflow/.local/lib/python3.8/site-packages/airflow/example_dags/example_latest_only_with_trigger.py
[2026-03-18T07:51:52.735+0000] {logging_mixin.py:188} INFO - [2026-03-18T07:51:52.734+0000] {dag.py:3036} INFO - Sync 1 DAGs
[2026-03-18T07:51:52.746+0000] {logging_mixin.py:188} INFO - [2026-03-18T07:51:52.746+0000] {dag.py:3823} INFO - Setting next_dagrun for latest_only_with_trigger to 2026-03-18 00:00:00+00:00, run_after=2026-03-18 04:00:00+00:00
[2026-03-18T07:51:52.755+0000] {processor.py:183} INFO - Processing /home/airflow/.local/lib/python3.8/site-packages/airflow/example_dags/example_latest_only_with_trigger.py took 0.039 seconds
[2026-03-18T07:52:23.242+0000] {processor.py:161} INFO - Started process (PID=838) to work on /home/airflow/.local/lib/python3.8/site-packages/airflow/example_dags/example_latest_only_with_trigger.py
[2026-03-18T07:52:23.243+0000] {processor.py:830} INFO - Processing file /home/airflow/.local/lib/python3.8/site-packages/airflow/example_dags/example_latest_only_with_trigger.py for tasks to queue
[2026-03-18T07:52:23.244+0000] {logging_mixin.py:188} INFO - [2026-03-18T07:52:23.244+0000] {dagbag.py:538} INFO - Filling up the DagBag from /home/airflow/.local/lib/python3.8/site-packages/airflow/example_dags/example_latest_only_with_trigger.py
[2026-03-18T07:52:23.247+0000] {processor.py:840} INFO - DAG(s) 'latest_only_with_trigger' retrieved from /home/airflow/.local/lib/python3.8/site-packages/airflow/example_dags/example_latest_only_with_trigger.py
[2026-03-18T07:52:23.262+0000] {logging_mixin.py:188} INFO - [2026-03-18T07:52:23.262+0000] {dag.py:3036} INFO - Sync 1 DAGs
[2026-03-18T07:52:23.271+0000] {logging_mixin.py:188} INFO - [2026-03-18T07:52:23.271+0000] {dag.py:3823} INFO - Setting next_dagrun for latest_only_with_trigger to 2026-03-18 00:00:00+00:00, run_after=2026-03-18 04:00:00+00:00
[2026-03-18T07:52:23.282+0000] {processor.py:183} INFO - Processing /home/airflow/.local/lib/python3.8/site-packages/airflow/example_dags/example_latest_only_with_trigger.py took 0.042 seconds
[2026-03-18T07:52:53.741+0000] {processor.py:161} INFO - Started process (PID=894) to work on /home/airflow/.local/lib/python3.8/site-packages/airflow/example_dags/example_latest_only_with_trigger.py
[2026-03-18T07:52:53.742+0000] {processor.py:830} INFO - Processing file /home/airflow/.local/lib/python3.8/site-packages/airflow/example_dags/example_latest_only_with_trigger.py for tasks to queue
[2026-03-18T07:52:53.744+0000] {logging_mixin.py:188} INFO - [2026-03-18T07:52:53.743+0000] {dagbag.py:538} INFO - Filling up the DagBag from /home/airflow/.local/lib/python3.8/site-packages/airflow/example_dags/example_latest_only_with_trigger.py
[2026-03-18T07:52:53.747+0000] {processor.py:840} INFO - DAG(s) 'latest_only_with_trigger' retrieved from /home/airflow/.local/lib/python3.8/site-packages/airflow/example_dags/example_latest_only_with_trigger.py
[2026-03-18T07:52:53.758+0000] {logging_mixin.py:188} INFO - [2026-03-18T07:52:53.758+0000] {dag.py:3036} INFO - Sync 1 DAGs
[2026-03-18T07:52:53.765+0000] {logging_mixin.py:188} INFO - [2026-03-18T07:52:53.765+0000] {dag.py:3823} INFO - Setting next_dagrun for latest_only_with_trigger to 2026-03-18 00:00:00+00:00, run_after=2026-03-18 04:00:00+00:00
[2026-03-18T07:52:53.775+0000] {processor.py:183} INFO - Processing /home/airflow/.local/lib/python3.8/site-packages/airflow/example_dags/example_latest_only_with_trigger.py took 0.035 seconds
[2026-03-18T07:53:24.229+0000] {processor.py:161} INFO - Started process (PID=950) to work on /home/airflow/.local/lib/python3.8/site-packages/airflow/example_dags/example_latest_only_with_trigger.py
[2026-03-18T07:53:24.230+0000] {processor.py:830} INFO - Processing file /home/airflow/.local/lib/python3.8/site-packages/airflow/example_dags/example_latest_only_with_trigger.py for tasks to queue
[2026-03-18T07:53:24.232+0000] {logging_mixin.py:188} INFO - [2026-03-18T07:53:24.232+0000] {dagbag.py:538} INFO - Filling up the DagBag from /home/airflow/.local/lib/python3.8/site-packages/airflow/example_dags/example_latest_only_with_trigger.py
[2026-03-18T07:53:24.234+0000] {processor.py:840} INFO - DAG(s) 'latest_only_with_trigger' retrieved from /home/airflow/.local/lib/python3.8/site-packages/airflow/example_dags/example_latest_only_with_trigger.py
[2026-03-18T07:53:24.246+0000] {logging_mixin.py:188} INFO - [2026-03-18T07:53:24.246+0000] {dag.py:3036} INFO - Sync 1 DAGs
[2026-03-18T07:53:24.256+0000] {logging_mixin.py:188} INFO - [2026-03-18T07:53:24.255+0000] {dag.py:3823} INFO - Setting next_dagrun for latest_only_with_trigger to 2026-03-18 00:00:00+00:00, run_after=2026-03-18 04:00:00+00:00
[2026-03-18T07:53:24.265+0000] {processor.py:183} INFO - Processing /home/airflow/.local/lib/python3.8/site-packages/airflow/example_dags/example_latest_only_with_trigger.py took 0.038 seconds
[2026-03-18T07:53:54.738+0000] {processor.py:161} INFO - Started process (PID=1006) to work on /home/airflow/.local/lib/python3.8/site-packages/airflow/example_dags/example_latest_only_with_trigger.py
[2026-03-18T07:53:54.738+0000] {processor.py:830} INFO - Processing file /home/airflow/.local/lib/python3.8/site-packages/airflow/example_dags/example_latest_only_with_trigger.py for tasks to queue
[2026-03-18T07:53:54.740+0000] {logging_mixin.py:188} INFO - [2026-03-18T07:53:54.739+0000] {dagbag.py:538} INFO - Filling up the DagBag from /home/airflow/.local/lib/python3.8/site-packages/airflow/example_dags/example_latest_only_with_trigger.py
[2026-03-18T07:53:54.742+0000] {processor.py:840} INFO - DAG(s) 'latest_only_with_trigger' retrieved from /home/airflow/.local/lib/python3.8/site-packages/airflow/example_dags/example_latest_only_with_trigger.py
[2026-03-18T07:53:54.753+0000] {logging_mixin.py:188} INFO - [2026-03-18T07:53:54.753+0000] {dag.py:3036} INFO - Sync 1 DAGs
[2026-03-18T07:53:54.762+0000] {logging_mixin.py:188} INFO - [2026-03-18T07:53:54.761+0000] {dag.py:3823} INFO - Setting next_dagrun for latest_only_with_trigger to 2026-03-18 00:00:00+00:00, run_after=2026-03-18 04:00:00+00:00
[2026-03-18T07:53:54.767+0000] {processor.py:183} INFO - Processing /home/airflow/.local/lib/python3.8/site-packages/airflow/example_dags/example_latest_only_with_trigger.py took 0.031 seconds
[2026-03-18T07:54:25.160+0000] {processor.py:161} INFO - Started process (PID=1062) to work on /home/airflow/.local/lib/python3.8/site-packages/airflow/example_dags/example_latest_only_with_trigger.py
[2026-03-18T07:54:25.161+0000] {processor.py:830} INFO - Processing file /home/airflow/.local/lib/python3.8/site-packages/airflow/example_dags/example_latest_only_with_trigger.py for tasks to queue
[2026-03-18T07:54:25.164+0000] {logging_mixin.py:188} INFO - [2026-03-18T07:54:25.163+0000] {dagbag.py:538} INFO - Filling up the DagBag from /home/airflow/.local/lib/python3.8/site-packages/airflow/example_dags/example_latest_only_with_trigger.py
[2026-03-18T07:54:25.168+0000] {processor.py:840} INFO - DAG(s) 'latest_only_with_trigger' retrieved from /home/airflow/.local/lib/python3.8/site-packages/airflow/example_dags/example_latest_only_with_trigger.py
[2026-03-18T07:54:25.181+0000] {logging_mixin.py:188} INFO - [2026-03-18T07:54:25.181+0000] {dag.py:3036} INFO - Sync 1 DAGs
[2026-03-18T07:54:25.193+0000] {logging_mixin.py:188} INFO - [2026-03-18T07:54:25.193+0000] {dag.py:3823} INFO - Setting next_dagrun for latest_only_with_trigger to 2026-03-18 00:00:00+00:00, run_after=2026-03-18 04:00:00+00:00
[2026-03-18T07:54:25.204+0000] {processor.py:183} INFO - Processing /home/airflow/.local/lib/python3.8/site-packages/airflow/example_dags/example_latest_only_with_trigger.py took 0.046 seconds
[2026-03-18T07:54:55.627+0000] {processor.py:161} INFO - Started process (PID=1118) to work on /home/airflow/.local/lib/python3.8/site-packages/airflow/example_dags/example_latest_only_with_trigger.py
[2026-03-18T07:54:55.628+0000] {processor.py:830} INFO - Processing file /home/airflow/.local/lib/python3.8/site-packages/airflow/example_dags/example_latest_only_with_trigger.py for tasks to queue
[2026-03-18T07:54:55.629+0000] {logging_mixin.py:188} INFO - [2026-03-18T07:54:55.629+0000] {dagbag.py:538} INFO - Filling up the DagBag from /home/airflow/.local/lib/python3.8/site-packages/airflow/example_dags/example_latest_only_with_trigger.py
[2026-03-18T07:54:55.631+0000] {processor.py:840} INFO - DAG(s) 'latest_only_with_trigger' retrieved from /home/airflow/.local/lib/python3.8/site-packages/airflow/example_dags/example_latest_only_with_trigger.py
[2026-03-18T07:54:55.641+0000] {logging_mixin.py:188} INFO - [2026-03-18T07:54:55.641+0000] {dag.py:3036} INFO - Sync 1 DAGs
[2026-03-18T07:54:55.649+0000] {logging_mixin.py:188} INFO - [2026-03-18T07:54:55.649+0000] {dag.py:3823} INFO - Setting next_dagrun for latest_only_with_trigger to 2026-03-18 00:00:00+00:00, run_after=2026-03-18 04:00:00+00:00
[2026-03-18T07:54:55.654+0000] {processor.py:183} INFO - Processing /home/airflow/.local/lib/python3.8/site-packages/airflow/example_dags/example_latest_only_with_trigger.py took 0.029 seconds
[2026-03-18T07:55:26.096+0000] {processor.py:161} INFO - Started process (PID=1174) to work on /home/airflow/.local/lib/python3.8/site-packages/airflow/example_dags/example_latest_only_with_trigger.py
[2026-03-18T07:55:26.098+0000] {processor.py:830} INFO - Processing file /home/airflow/.local/lib/python3.8/site-packages/airflow/example_dags/example_latest_only_with_trigger.py for tasks to queue
[2026-03-18T07:55:26.098+0000] {logging_mixin.py:188} INFO - [2026-03-18T07:55:26.098+0000] {dagbag.py:538} INFO - Filling up the DagBag from /home/airflow/.local/lib/python3.8/site-packages/airflow/example_dags/example_latest_only_with_trigger.py
[2026-03-18T07:55:26.101+0000] {processor.py:840} INFO - DAG(s) 'latest_only_with_trigger' retrieved from /home/airflow/.local/lib/python3.8/site-packages/airflow/example_dags/example_latest_only_with_trigger.py
[2026-03-18T07:55:26.116+0000] {logging_mixin.py:188} INFO - [2026-03-18T07:55:26.116+0000] {dag.py:3036} INFO - Sync 1 DAGs
[2026-03-18T07:55:26.126+0000] {logging_mixin.py:188} INFO - [2026-03-18T07:55:26.125+0000] {dag.py:3823} INFO - Setting next_dagrun for latest_only_with_trigger to 2026-03-18 00:00:00+00:00, run_after=2026-03-18 04:00:00+00:00
[2026-03-18T07:55:26.135+0000] {processor.py:183} INFO - Processing /home/airflow/.local/lib/python3.8/site-packages/airflow/example_dags/example_latest_only_with_trigger.py took 0.040 seconds
[2026-03-18T07:55:56.550+0000] {processor.py:161} INFO - Started process (PID=1230) to work on /home/airflow/.local/lib/python3.8/site-packages/airflow/example_dags/example_latest_only_with_trigger.py
[2026-03-18T07:55:56.551+0000] {processor.py:830} INFO - Processing file /home/airflow/.local/lib/python3.8/site-packages/airflow/example_dags/example_latest_only_with_trigger.py for tasks to queue
[2026-03-18T07:55:56.553+0000] {logging_mixin.py:188} INFO - [2026-03-18T07:55:56.553+0000] {dagbag.py:538} INFO - Filling up the DagBag from /home/airflow/.local/lib/python3.8/site-packages/airflow/example_dags/example_latest_only_with_trigger.py
[2026-03-18T07:55:56.557+0000] {processor.py:840} INFO - DAG(s) 'latest_only_with_trigger' retrieved from /home/airflow/.local/lib/python3.8/site-packages/airflow/example_dags/example_latest_only_with_trigger.py
[2026-03-18T07:55:56.571+0000] {logging_mixin.py:188} INFO - [2026-03-18T07:55:56.571+0000] {dag.py:3036} INFO - Sync 1 DAGs
[2026-03-18T07:55:56.578+0000] {logging_mixin.py:188} INFO - [2026-03-18T07:55:56.578+0000] {dag.py:3823} INFO - Setting next_dagrun for latest_only_with_trigger to 2026-03-18 00:00:00+00:00, run_after=2026-03-18 04:00:00+00:00
[2026-03-18T07:55:56.584+0000] {processor.py:183} INFO - Processing /home/airflow/.local/lib/python3.8/site-packages/airflow/example_dags/example_latest_only_with_trigger.py took 0.036 seconds
[2026-03-18T07:56:26.930+0000] {processor.py:161} INFO - Started process (PID=1286) to work on /home/airflow/.local/lib/python3.8/site-packages/airflow/example_dags/example_latest_only_with_trigger.py
[2026-03-18T07:56:26.931+0000] {processor.py:830} INFO - Processing file /home/airflow/.local/lib/python3.8/site-packages/airflow/example_dags/example_latest_only_with_trigger.py for tasks to queue
[2026-03-18T07:56:26.932+0000] {logging_mixin.py:188} INFO - [2026-03-18T07:56:26.932+0000] {dagbag.py:538} INFO - Filling up the DagBag from /home/airflow/.local/lib/python3.8/site-packages/airflow/example_dags/example_latest_only_with_trigger.py
[2026-03-18T07:56:26.935+0000] {processor.py:840} INFO - DAG(s) 'latest_only_with_trigger' retrieved from /home/airflow/.local/lib/python3.8/site-packages/airflow/example_dags/example_latest_only_with_trigger.py
[2026-03-18T07:56:26.943+0000] {logging_mixin.py:188} INFO - [2026-03-18T07:56:26.943+0000] {dag.py:3036} INFO - Sync 1 DAGs
[2026-03-18T07:56:26.953+0000] {logging_mixin.py:188} INFO - [2026-03-18T07:56:26.953+0000] {dag.py:3823} INFO - Setting next_dagrun for latest_only_with_trigger to 2026-03-18 00:00:00+00:00, run_after=2026-03-18 04:00:00+00:00
[2026-03-18T07:56:26.960+0000] {processor.py:183} INFO - Processing /home/airflow/.local/lib/python3.8/site-packages/airflow/example_dags/example_latest_only_with_trigger.py took 0.032 seconds
[2026-03-18T07:56:57.385+0000] {processor.py:161} INFO - Started process (PID=1342) to work on /home/airflow/.local/lib/python3.8/site-packages/airflow/example_dags/example_latest_only_with_trigger.py
[2026-03-18T07:56:57.389+0000] {processor.py:830} INFO - Processing file /home/airflow/.local/lib/python3.8/site-packages/airflow/example_dags/example_latest_only_with_trigger.py for tasks to queue
[2026-03-18T07:56:57.390+0000] {logging_mixin.py:188} INFO - [2026-03-18T07:56:57.390+0000] {dagbag.py:538} INFO - Filling up the DagBag from /home/airflow/.local/lib/python3.8/site-packages/airflow/example_dags/example_latest_only_with_trigger.py
[2026-03-18T07:56:57.393+0000] {processor.py:840} INFO - DAG(s) 'latest_only_with_trigger' retrieved from /home/airflow/.local/lib/python3.8/site-packages/airflow/example_dags/example_latest_only_with_trigger.py
[2026-03-18T07:56:57.405+0000] {logging_mixin.py:188} INFO - [2026-03-18T07:56:57.405+0000] {dag.py:3036} INFO - Sync 1 DAGs
[2026-03-18T07:56:57.414+0000] {logging_mixin.py:188} INFO - [2026-03-18T07:56:57.414+0000] {dag.py:3823} INFO - Setting next_dagrun for latest_only_with_trigger to 2026-03-18 00:00:00+00:00, run_after=2026-03-18 04:00:00+00:00
[2026-03-18T07:56:57.421+0000] {processor.py:183} INFO - Processing /home/airflow/.local/lib/python3.8/site-packages/airflow/example_dags/example_latest_only_with_trigger.py took 0.038 seconds
[2026-03-18T07:57:27.895+0000] {processor.py:161} INFO - Started process (PID=1398) to work on /home/airflow/.local/lib/python3.8/site-packages/airflow/example_dags/example_latest_only_with_trigger.py
[2026-03-18T07:57:27.895+0000] {processor.py:830} INFO - Processing file /home/airflow/.local/lib/python3.8/site-packages/airflow/example_dags/example_latest_only_with_trigger.py for tasks to queue
[2026-03-18T07:57:27.896+0000] {logging_mixin.py:188} INFO - [2026-03-18T07:57:27.896+0000] {dagbag.py:538} INFO - Filling up the DagBag from /home/airflow/.local/lib/python3.8/site-packages/airflow/example_dags/example_latest_only_with_trigger.py
[2026-03-18T07:57:27.899+0000] {processor.py:840} INFO - DAG(s) 'latest_only_with_trigger' retrieved from /home/airflow/.local/lib/python3.8/site-packages/airflow/example_dags/example_latest_only_with_trigger.py
[2026-03-18T07:57:27.914+0000] {logging_mixin.py:188} INFO - [2026-03-18T07:57:27.914+0000] {dag.py:3036} INFO - Sync 1 DAGs
[2026-03-18T07:57:27.924+0000] {logging_mixin.py:188} INFO - [2026-03-18T07:57:27.924+0000] {dag.py:3823} INFO - Setting next_dagrun for latest_only_with_trigger to 2026-03-18 00:00:00+00:00, run_after=2026-03-18 04:00:00+00:00
[2026-03-18T07:57:27.934+0000] {processor.py:183} INFO - Processing /home/airflow/.local/lib/python3.8/site-packages/airflow/example_dags/example_latest_only_with_trigger.py took 0.041 seconds
[2026-03-18T07:57:58.418+0000] {processor.py:161} INFO - Started process (PID=1454) to work on /home/airflow/.local/lib/python3.8/site-packages/airflow/example_dags/example_latest_only_with_trigger.py
[2026-03-18T07:57:58.418+0000] {processor.py:830} INFO - Processing file /home/airflow/.local/lib/python3.8/site-packages/airflow/example_dags/example_latest_only_with_trigger.py for tasks to queue
[2026-03-18T07:57:58.420+0000] {logging_mixin.py:188} INFO - [2026-03-18T07:57:58.420+0000] {dagbag.py:538} INFO - Filling up the DagBag from /home/airflow/.local/lib/python3.8/site-packages/airflow/example_dags/example_latest_only_with_trigger.py
[2026-03-18T07:57:58.423+0000] {processor.py:840} INFO - DAG(s) 'latest_only_with_trigger' retrieved from /home/airflow/.local/lib/python3.8/site-packages/airflow/example_dags/example_latest_only_with_trigger.py
[2026-03-18T07:57:58.432+0000] {logging_mixin.py:188} INFO - [2026-03-18T07:57:58.432+0000] {dag.py:3036} INFO - Sync 1 DAGs
[2026-03-18T07:57:58.446+0000] {logging_mixin.py:188} INFO - [2026-03-18T07:57:58.446+0000] {dag.py:3823} INFO - Setting next_dagrun for latest_only_with_trigger to 2026-03-18 00:00:00+00:00, run_after=2026-03-18 04:00:00+00:00
[2026-03-18T07:57:58.455+0000] {processor.py:183} INFO - Processing /home/airflow/.local/lib/python3.8/site-packages/airflow/example_dags/example_latest_only_with_trigger.py took 0.039 seconds
[2026-03-18T07:58:28.885+0000] {processor.py:161} INFO - Started process (PID=1510) to work on /home/airflow/.local/lib/python3.8/site-packages/airflow/example_dags/example_latest_only_with_trigger.py
[2026-03-18T07:58:28.886+0000] {processor.py:830} INFO - Processing file /home/airflow/.local/lib/python3.8/site-packages/airflow/example_dags/example_latest_only_with_trigger.py for tasks to queue
[2026-03-18T07:58:28.887+0000] {logging_mixin.py:188} INFO - [2026-03-18T07:58:28.887+0000] {dagbag.py:538} INFO - Filling up the DagBag from /home/airflow/.local/lib/python3.8/site-packages/airflow/example_dags/example_latest_only_with_trigger.py
[2026-03-18T07:58:28.890+0000] {processor.py:840} INFO - DAG(s) 'latest_only_with_trigger' retrieved from /home/airflow/.local/lib/python3.8/site-packages/airflow/example_dags/example_latest_only_with_trigger.py
[2026-03-18T07:58:28.901+0000] {logging_mixin.py:188} INFO - [2026-03-18T07:58:28.901+0000] {dag.py:3036} INFO - Sync 1 DAGs
[2026-03-18T07:58:28.911+0000] {logging_mixin.py:188} INFO - [2026-03-18T07:58:28.911+0000] {dag.py:3823} INFO - Setting next_dagrun for latest_only_with_trigger to 2026-03-18 00:00:00+00:00, run_after=2026-03-18 04:00:00+00:00
[2026-03-18T07:58:28.918+0000] {processor.py:183} INFO - Processing /home/airflow/.local/lib/python3.8/site-packages/airflow/example_dags/example_latest_only_with_trigger.py took 0.035 seconds
[2026-03-18T07:58:59.405+0000] {processor.py:161} INFO - Started process (PID=1566) to work on /home/airflow/.local/lib/python3.8/site-packages/airflow/example_dags/example_latest_only_with_trigger.py
[2026-03-18T07:58:59.406+0000] {processor.py:830} INFO - Processing file /home/airflow/.local/lib/python3.8/site-packages/airflow/example_dags/example_latest_only_with_trigger.py for tasks to queue
[2026-03-18T07:58:59.407+0000] {logging_mixin.py:188} INFO - [2026-03-18T07:58:59.407+0000] {dagbag.py:538} INFO - Filling up the DagBag from /home/airflow/.local/lib/python3.8/site-packages/airflow/example_dags/example_latest_only_with_trigger.py
[2026-03-18T07:58:59.411+0000] {processor.py:840} INFO - DAG(s) 'latest_only_with_trigger' retrieved from /home/airflow/.local/lib/python3.8/site-packages/airflow/example_dags/example_latest_only_with_trigger.py
[2026-03-18T07:58:59.422+0000] {logging_mixin.py:188} INFO - [2026-03-18T07:58:59.422+0000] {dag.py:3036} INFO - Sync 1 DAGs
[2026-03-18T07:58:59.432+0000] {logging_mixin.py:188} INFO - [2026-03-18T07:58:59.432+0000] {dag.py:3823} INFO - Setting next_dagrun for latest_only_with_trigger to 2026-03-18 00:00:00+00:00, run_after=2026-03-18 04:00:00+00:00
[2026-03-18T07:58:59.438+0000] {processor.py:183} INFO - Processing /home/airflow/.local/lib/python3.8/site-packages/airflow/example_dags/example_latest_only_with_trigger.py took 0.034 seconds
[2026-03-18T07:59:29.937+0000] {processor.py:161} INFO - Started process (PID=1622) to work on /home/airflow/.local/lib/python3.8/site-packages/airflow/example_dags/example_latest_only_with_trigger.py
[2026-03-18T07:59:29.939+0000] {processor.py:830} INFO - Processing file /home/airflow/.local/lib/python3.8/site-packages/airflow/example_dags/example_latest_only_with_trigger.py for tasks to queue
[2026-03-18T07:59:29.940+0000] {logging_mixin.py:188} INFO - [2026-03-18T07:59:29.940+0000] {dagbag.py:538} INFO - Filling up the DagBag from /home/airflow/.local/lib/python3.8/site-packages/airflow/example_dags/example_latest_only_with_trigger.py
[2026-03-18T07:59:29.944+0000] {processor.py:840} INFO - DAG(s) 'latest_only_with_trigger' retrieved from /home/airflow/.local/lib/python3.8/site-packages/airflow/example_dags/example_latest_only_with_trigger.py
[2026-03-18T07:59:29.953+0000] {logging_mixin.py:188} INFO - [2026-03-18T07:59:29.953+0000] {dag.py:3036} INFO - Sync 1 DAGs
[2026-03-18T07:59:29.961+0000] {logging_mixin.py:188} INFO - [2026-03-18T07:59:29.961+0000] {dag.py:3823} INFO - Setting next_dagrun for latest_only_with_trigger to 2026-03-18 00:00:00+00:00, run_after=2026-03-18 04:00:00+00:00
[2026-03-18T07:59:29.971+0000] {processor.py:183} INFO - Processing /home/airflow/.local/lib/python3.8/site-packages/airflow/example_dags/example_latest_only_with_trigger.py took 0.036 seconds
[2026-03-18T08:00:01.486+0000] {processor.py:161} INFO - Started process (PID=58) to work on /home/airflow/.local/lib/python3.8/site-packages/airflow/example_dags/example_latest_only_with_trigger.py
[2026-03-18T08:00:01.487+0000] {processor.py:830} INFO - Processing file /home/airflow/.local/lib/python3.8/site-packages/airflow/example_dags/example_latest_only_with_trigger.py for tasks to queue
[2026-03-18T08:00:01.489+0000] {logging_mixin.py:188} INFO - [2026-03-18T08:00:01.488+0000] {dagbag.py:538} INFO - Filling up the DagBag from /home/airflow/.local/lib/python3.8/site-packages/airflow/example_dags/example_latest_only_with_trigger.py
[2026-03-18T08:00:01.492+0000] {processor.py:840} INFO - DAG(s) 'latest_only_with_trigger' retrieved from /home/airflow/.local/lib/python3.8/site-packages/airflow/example_dags/example_latest_only_with_trigger.py
[2026-03-18T08:00:01.503+0000] {logging_mixin.py:188} INFO - [2026-03-18T08:00:01.503+0000] {dag.py:3036} INFO - Sync 1 DAGs
[2026-03-18T08:00:01.520+0000] {logging_mixin.py:188} INFO - [2026-03-18T08:00:01.519+0000] {dag.py:3823} INFO - Setting next_dagrun for latest_only_with_trigger to 2026-03-18 04:00:00+00:00, run_after=2026-03-18 08:00:00+00:00
[2026-03-18T08:00:01.533+0000] {processor.py:183} INFO - Processing /home/airflow/.local/lib/python3.8/site-packages/airflow/example_dags/example_latest_only_with_trigger.py took 0.049 seconds
[2026-03-18T08:00:31.859+0000] {processor.py:161} INFO - Started process (PID=113) to work on /home/airflow/.local/lib/python3.8/site-packages/airflow/example_dags/example_latest_only_with_trigger.py
[2026-03-18T08:00:31.860+0000] {processor.py:830} INFO - Processing file /home/airflow/.local/lib/python3.8/site-packages/airflow/example_dags/example_latest_only_with_trigger.py for tasks to queue
[2026-03-18T08:00:31.861+0000] {logging_mixin.py:188} INFO - [2026-03-18T08:00:31.860+0000] {dagbag.py:538} INFO - Filling up the DagBag from /home/airflow/.local/lib/python3.8/site-packages/airflow/example_dags/example_latest_only_with_trigger.py
[2026-03-18T08:00:31.863+0000] {processor.py:840} INFO - DAG(s) 'latest_only_with_trigger' retrieved from /home/airflow/.local/lib/python3.8/site-packages/airflow/example_dags/example_latest_only_with_trigger.py
[2026-03-18T08:00:31.910+0000] {logging_mixin.py:188} INFO - [2026-03-18T08:00:31.910+0000] {dag.py:3036} INFO - Sync 1 DAGs
[2026-03-18T08:00:31.922+0000] {logging_mixin.py:188} INFO - [2026-03-18T08:00:31.922+0000] {dag.py:3823} INFO - Setting next_dagrun for latest_only_with_trigger to 2026-03-18 04:00:00+00:00, run_after=2026-03-18 08:00:00+00:00
[2026-03-18T08:00:31.932+0000] {processor.py:183} INFO - Processing /home/airflow/.local/lib/python3.8/site-packages/airflow/example_dags/example_latest_only_with_trigger.py took 0.075 seconds
[2026-03-18T08:01:02.944+0000] {processor.py:161} INFO - Started process (PID=169) to work on /home/airflow/.local/lib/python3.8/site-packages/airflow/example_dags/example_latest_only_with_trigger.py
[2026-03-18T08:01:02.945+0000] {processor.py:830} INFO - Processing file /home/airflow/.local/lib/python3.8/site-packages/airflow/example_dags/example_latest_only_with_trigger.py for tasks to queue
[2026-03-18T08:01:02.946+0000] {logging_mixin.py:188} INFO - [2026-03-18T08:01:02.946+0000] {dagbag.py:538} INFO - Filling up the DagBag from /home/airflow/.local/lib/python3.8/site-packages/airflow/example_dags/example_latest_only_with_trigger.py
[2026-03-18T08:01:02.949+0000] {processor.py:840} INFO - DAG(s) 'latest_only_with_trigger' retrieved from /home/airflow/.local/lib/python3.8/site-packages/airflow/example_dags/example_latest_only_with_trigger.py
[2026-03-18T08:01:02.962+0000] {logging_mixin.py:188} INFO - [2026-03-18T08:01:02.962+0000] {dag.py:3036} INFO - Sync 1 DAGs
[2026-03-18T08:01:02.974+0000] {logging_mixin.py:188} INFO - [2026-03-18T08:01:02.974+0000] {dag.py:3823} INFO - Setting next_dagrun for latest_only_with_trigger to 2026-03-18 04:00:00+00:00, run_after=2026-03-18 08:00:00+00:00
[2026-03-18T08:01:02.986+0000] {processor.py:183} INFO - Processing /home/airflow/.local/lib/python3.8/site-packages/airflow/example_dags/example_latest_only_with_trigger.py took 0.043 seconds
[2026-03-18T08:01:33.417+0000] {processor.py:161} INFO - Started process (PID=225) to work on /home/airflow/.local/lib/python3.8/site-packages/airflow/example_dags/example_latest_only_with_trigger.py
[2026-03-18T08:01:33.418+0000] {processor.py:830} INFO - Processing file /home/airflow/.local/lib/python3.8/site-packages/airflow/example_dags/example_latest_only_with_trigger.py for tasks to queue
[2026-03-18T08:01:33.420+0000] {logging_mixin.py:188} INFO - [2026-03-18T08:01:33.419+0000] {dagbag.py:538} INFO - Filling up the DagBag from /home/airflow/.local/lib/python3.8/site-packages/airflow/example_dags/example_latest_only_with_trigger.py
[2026-03-18T08:01:33.422+0000] {processor.py:840} INFO - DAG(s) 'latest_only_with_trigger' retrieved from /home/airflow/.local/lib/python3.8/site-packages/airflow/example_dags/example_latest_only_with_trigger.py
[2026-03-18T08:01:33.437+0000] {logging_mixin.py:188} INFO - [2026-03-18T08:01:33.437+0000] {dag.py:3036} INFO - Sync 1 DAGs
[2026-03-18T08:01:33.446+0000] {logging_mixin.py:188} INFO - [2026-03-18T08:01:33.446+0000] {dag.py:3823} INFO - Setting next_dagrun for latest_only_with_trigger to 2026-03-18 04:00:00+00:00, run_after=2026-03-18 08:00:00+00:00
[2026-03-18T08:01:33.458+0000] {processor.py:183} INFO - Processing /home/airflow/.local/lib/python3.8/site-packages/airflow/example_dags/example_latest_only_with_trigger.py took 0.042 seconds
[2026-03-18T08:02:04.005+0000] {processor.py:161} INFO - Started process (PID=280) to work on /home/airflow/.local/lib/python3.8/site-packages/airflow/example_dags/example_latest_only_with_trigger.py
[2026-03-18T08:02:04.006+0000] {processor.py:830} INFO - Processing file /home/airflow/.local/lib/python3.8/site-packages/airflow/example_dags/example_latest_only_with_trigger.py for tasks to queue
[2026-03-18T08:02:04.007+0000] {logging_mixin.py:188} INFO - [2026-03-18T08:02:04.007+0000] {dagbag.py:538} INFO - Filling up the DagBag from /home/airflow/.local/lib/python3.8/site-packages/airflow/example_dags/example_latest_only_with_trigger.py
[2026-03-18T08:02:04.010+0000] {processor.py:840} INFO - DAG(s) 'latest_only_with_trigger' retrieved from /home/airflow/.local/lib/python3.8/site-packages/airflow/example_dags/example_latest_only_with_trigger.py
[2026-03-18T08:02:04.023+0000] {logging_mixin.py:188} INFO - [2026-03-18T08:02:04.023+0000] {dag.py:3036} INFO - Sync 1 DAGs
[2026-03-18T08:02:04.037+0000] {logging_mixin.py:188} INFO - [2026-03-18T08:02:04.037+0000] {dag.py:3823} INFO - Setting next_dagrun for latest_only_with_trigger to 2026-03-18 04:00:00+00:00, run_after=2026-03-18 08:00:00+00:00
[2026-03-18T08:02:04.049+0000] {processor.py:183} INFO - Processing /home/airflow/.local/lib/python3.8/site-packages/airflow/example_dags/example_latest_only_with_trigger.py took 0.046 seconds
[2026-03-18T08:02:34.620+0000] {processor.py:161} INFO - Started process (PID=336) to work on /home/airflow/.local/lib/python3.8/site-packages/airflow/example_dags/example_latest_only_with_trigger.py
[2026-03-18T08:02:34.621+0000] {processor.py:830} INFO - Processing file /home/airflow/.local/lib/python3.8/site-packages/airflow/example_dags/example_latest_only_with_trigger.py for tasks to queue
[2026-03-18T08:02:34.622+0000] {logging_mixin.py:188} INFO - [2026-03-18T08:02:34.622+0000] {dagbag.py:538} INFO - Filling up the DagBag from /home/airflow/.local/lib/python3.8/site-packages/airflow/example_dags/example_latest_only_with_trigger.py
[2026-03-18T08:02:34.625+0000] {processor.py:840} INFO - DAG(s) 'latest_only_with_trigger' retrieved from /home/airflow/.local/lib/python3.8/site-packages/airflow/example_dags/example_latest_only_with_trigger.py
[2026-03-18T08:02:34.636+0000] {logging_mixin.py:188} INFO - [2026-03-18T08:02:34.636+0000] {dag.py:3036} INFO - Sync 1 DAGs
[2026-03-18T08:02:34.647+0000] {logging_mixin.py:188} INFO - [2026-03-18T08:02:34.647+0000] {dag.py:3823} INFO - Setting next_dagrun for latest_only_with_trigger to 2026-03-18 04:00:00+00:00, run_after=2026-03-18 08:00:00+00:00
[2026-03-18T08:02:34.657+0000] {processor.py:183} INFO - Processing /home/airflow/.local/lib/python3.8/site-packages/airflow/example_dags/example_latest_only_with_trigger.py took 0.039 seconds
[2026-03-18T08:03:05.202+0000] {processor.py:161} INFO - Started process (PID=392) to work on /home/airflow/.local/lib/python3.8/site-packages/airflow/example_dags/example_latest_only_with_trigger.py
[2026-03-18T08:03:05.203+0000] {processor.py:830} INFO - Processing file /home/airflow/.local/lib/python3.8/site-packages/airflow/example_dags/example_latest_only_with_trigger.py for tasks to queue
[2026-03-18T08:03:05.204+0000] {logging_mixin.py:188} INFO - [2026-03-18T08:03:05.204+0000] {dagbag.py:538} INFO - Filling up the DagBag from /home/airflow/.local/lib/python3.8/site-packages/airflow/example_dags/example_latest_only_with_trigger.py
[2026-03-18T08:03:05.206+0000] {processor.py:840} INFO - DAG(s) 'latest_only_with_trigger' retrieved from /home/airflow/.local/lib/python3.8/site-packages/airflow/example_dags/example_latest_only_with_trigger.py
[2026-03-18T08:03:05.218+0000] {logging_mixin.py:188} INFO - [2026-03-18T08:03:05.218+0000] {dag.py:3036} INFO - Sync 1 DAGs
[2026-03-18T08:03:05.229+0000] {logging_mixin.py:188} INFO - [2026-03-18T08:03:05.229+0000] {dag.py:3823} INFO - Setting next_dagrun for latest_only_with_trigger to 2026-03-18 04:00:00+00:00, run_after=2026-03-18 08:00:00+00:00
[2026-03-18T08:03:05.243+0000] {processor.py:183} INFO - Processing /home/airflow/.local/lib/python3.8/site-packages/airflow/example_dags/example_latest_only_with_trigger.py took 0.043 seconds
[2026-03-18T08:03:35.841+0000] {processor.py:161} INFO - Started process (PID=454) to work on /home/airflow/.local/lib/python3.8/site-packages/airflow/example_dags/example_latest_only_with_trigger.py
[2026-03-18T08:03:35.842+0000] {processor.py:830} INFO - Processing file /home/airflow/.local/lib/python3.8/site-packages/airflow/example_dags/example_latest_only_with_trigger.py for tasks to queue
[2026-03-18T08:03:35.843+0000] {logging_mixin.py:188} INFO - [2026-03-18T08:03:35.843+0000] {dagbag.py:538} INFO - Filling up the DagBag from /home/airflow/.local/lib/python3.8/site-packages/airflow/example_dags/example_latest_only_with_trigger.py
[2026-03-18T08:03:35.847+0000] {processor.py:840} INFO - DAG(s) 'latest_only_with_trigger' retrieved from /home/airflow/.local/lib/python3.8/site-packages/airflow/example_dags/example_latest_only_with_trigger.py
[2026-03-18T08:03:35.861+0000] {logging_mixin.py:188} INFO - [2026-03-18T08:03:35.861+0000] {dag.py:3036} INFO - Sync 1 DAGs
[2026-03-18T08:03:35.873+0000] {logging_mixin.py:188} INFO - [2026-03-18T08:03:35.871+0000] {dag.py:3823} INFO - Setting next_dagrun for latest_only_with_trigger to 2026-03-18 04:00:00+00:00, run_after=2026-03-18 08:00:00+00:00
[2026-03-18T08:03:35.883+0000] {processor.py:183} INFO - Processing /home/airflow/.local/lib/python3.8/site-packages/airflow/example_dags/example_latest_only_with_trigger.py took 0.044 seconds
[2026-03-18T08:04:06.376+0000] {processor.py:161} INFO - Started process (PID=510) to work on /home/airflow/.local/lib/python3.8/site-packages/airflow/example_dags/example_latest_only_with_trigger.py
[2026-03-18T08:04:06.377+0000] {processor.py:830} INFO - Processing file /home/airflow/.local/lib/python3.8/site-packages/airflow/example_dags/example_latest_only_with_trigger.py for tasks to queue
[2026-03-18T08:04:06.378+0000] {logging_mixin.py:188} INFO - [2026-03-18T08:04:06.378+0000] {dagbag.py:538} INFO - Filling up the DagBag from /home/airflow/.local/lib/python3.8/site-packages/airflow/example_dags/example_latest_only_with_trigger.py
[2026-03-18T08:04:06.380+0000] {processor.py:840} INFO - DAG(s) 'latest_only_with_trigger' retrieved from /home/airflow/.local/lib/python3.8/site-packages/airflow/example_dags/example_latest_only_with_trigger.py
[2026-03-18T08:04:06.392+0000] {logging_mixin.py:188} INFO - [2026-03-18T08:04:06.392+0000] {dag.py:3036} INFO - Sync 1 DAGs
[2026-03-18T08:04:06.406+0000] {logging_mixin.py:188} INFO - [2026-03-18T08:04:06.406+0000] {dag.py:3823} INFO - Setting next_dagrun for latest_only_with_trigger to 2026-03-18 04:00:00+00:00, run_after=2026-03-18 08:00:00+00:00
[2026-03-18T08:04:06.415+0000] {processor.py:183} INFO - Processing /home/airflow/.local/lib/python3.8/site-packages/airflow/example_dags/example_latest_only_with_trigger.py took 0.041 seconds
[2026-03-18T08:04:29.184+0000] {processor.py:161} INFO - Started process (PID=58) to work on /home/airflow/.local/lib/python3.8/site-packages/airflow/example_dags/example_latest_only_with_trigger.py
[2026-03-18T08:04:29.185+0000] {processor.py:830} INFO - Processing file /home/airflow/.local/lib/python3.8/site-packages/airflow/example_dags/example_latest_only_with_trigger.py for tasks to queue
[2026-03-18T08:04:29.188+0000] {logging_mixin.py:188} INFO - [2026-03-18T08:04:29.187+0000] {dagbag.py:538} INFO - Filling up the DagBag from /home/airflow/.local/lib/python3.8/site-packages/airflow/example_dags/example_latest_only_with_trigger.py
[2026-03-18T08:04:29.191+0000] {processor.py:840} INFO - DAG(s) 'latest_only_with_trigger' retrieved from /home/airflow/.local/lib/python3.8/site-packages/airflow/example_dags/example_latest_only_with_trigger.py
[2026-03-18T08:04:29.202+0000] {logging_mixin.py:188} INFO - [2026-03-18T08:04:29.201+0000] {dag.py:3036} INFO - Sync 1 DAGs
[2026-03-18T08:04:29.213+0000] {logging_mixin.py:188} INFO - [2026-03-18T08:04:29.213+0000] {dag.py:3823} INFO - Setting next_dagrun for latest_only_with_trigger to 2026-03-18 04:00:00+00:00, run_after=2026-03-18 08:00:00+00:00
[2026-03-18T08:04:29.225+0000] {processor.py:183} INFO - Processing /home/airflow/.local/lib/python3.8/site-packages/airflow/example_dags/example_latest_only_with_trigger.py took 0.043 seconds
[2026-03-18T08:04:59.616+0000] {processor.py:161} INFO - Started process (PID=114) to work on /home/airflow/.local/lib/python3.8/site-packages/airflow/example_dags/example_latest_only_with_trigger.py
[2026-03-18T08:04:59.619+0000] {processor.py:830} INFO - Processing file /home/airflow/.local/lib/python3.8/site-packages/airflow/example_dags/example_latest_only_with_trigger.py for tasks to queue
[2026-03-18T08:04:59.620+0000] {logging_mixin.py:188} INFO - [2026-03-18T08:04:59.620+0000] {dagbag.py:538} INFO - Filling up the DagBag from /home/airflow/.local/lib/python3.8/site-packages/airflow/example_dags/example_latest_only_with_trigger.py
[2026-03-18T08:04:59.624+0000] {processor.py:840} INFO - DAG(s) 'latest_only_with_trigger' retrieved from /home/airflow/.local/lib/python3.8/site-packages/airflow/example_dags/example_latest_only_with_trigger.py
[2026-03-18T08:04:59.673+0000] {logging_mixin.py:188} INFO - [2026-03-18T08:04:59.673+0000] {dag.py:3036} INFO - Sync 1 DAGs
[2026-03-18T08:04:59.683+0000] {logging_mixin.py:188} INFO - [2026-03-18T08:04:59.683+0000] {dag.py:3823} INFO - Setting next_dagrun for latest_only_with_trigger to 2026-03-18 04:00:00+00:00, run_after=2026-03-18 08:00:00+00:00
[2026-03-18T08:04:59.695+0000] {processor.py:183} INFO - Processing /home/airflow/.local/lib/python3.8/site-packages/airflow/example_dags/example_latest_only_with_trigger.py took 0.081 seconds
[2026-03-18T08:05:29.723+0000] {processor.py:161} INFO - Started process (PID=169) to work on /home/airflow/.local/lib/python3.8/site-packages/airflow/example_dags/example_latest_only_with_trigger.py
[2026-03-18T08:05:29.724+0000] {processor.py:830} INFO - Processing file /home/airflow/.local/lib/python3.8/site-packages/airflow/example_dags/example_latest_only_with_trigger.py for tasks to queue
[2026-03-18T08:05:29.725+0000] {logging_mixin.py:188} INFO - [2026-03-18T08:05:29.725+0000] {dagbag.py:538} INFO - Filling up the DagBag from /home/airflow/.local/lib/python3.8/site-packages/airflow/example_dags/example_latest_only_with_trigger.py
[2026-03-18T08:05:29.727+0000] {processor.py:840} INFO - DAG(s) 'latest_only_with_trigger' retrieved from /home/airflow/.local/lib/python3.8/site-packages/airflow/example_dags/example_latest_only_with_trigger.py
[2026-03-18T08:05:29.735+0000] {logging_mixin.py:188} INFO - [2026-03-18T08:05:29.735+0000] {dag.py:3036} INFO - Sync 1 DAGs
[2026-03-18T08:05:29.742+0000] {logging_mixin.py:188} INFO - [2026-03-18T08:05:29.742+0000] {dag.py:3823} INFO - Setting next_dagrun for latest_only_with_trigger to 2026-03-18 04:00:00+00:00, run_after=2026-03-18 08:00:00+00:00
[2026-03-18T08:05:29.747+0000] {processor.py:183} INFO - Processing /home/airflow/.local/lib/python3.8/site-packages/airflow/example_dags/example_latest_only_with_trigger.py took 0.026 seconds
[2026-03-18T08:06:14.047+0000] {processor.py:161} INFO - Started process (PID=104) to work on /home/airflow/.local/lib/python3.8/site-packages/airflow/example_dags/example_latest_only_with_trigger.py
[2026-03-18T08:06:14.048+0000] {processor.py:830} INFO - Processing file /home/airflow/.local/lib/python3.8/site-packages/airflow/example_dags/example_latest_only_with_trigger.py for tasks to queue
[2026-03-18T08:06:14.051+0000] {logging_mixin.py:188} INFO - [2026-03-18T08:06:14.050+0000] {dagbag.py:538} INFO - Filling up the DagBag from /home/airflow/.local/lib/python3.8/site-packages/airflow/example_dags/example_latest_only_with_trigger.py
[2026-03-18T08:06:14.055+0000] {processor.py:840} INFO - DAG(s) 'latest_only_with_trigger' retrieved from /home/airflow/.local/lib/python3.8/site-packages/airflow/example_dags/example_latest_only_with_trigger.py
[2026-03-18T08:06:14.109+0000] {logging_mixin.py:188} INFO - [2026-03-18T08:06:14.109+0000] {dag.py:3036} INFO - Sync 1 DAGs
[2026-03-18T08:06:14.122+0000] {logging_mixin.py:188} INFO - [2026-03-18T08:06:14.122+0000] {dag.py:3823} INFO - Setting next_dagrun for latest_only_with_trigger to 2026-03-18 04:00:00+00:00, run_after=2026-03-18 08:00:00+00:00
[2026-03-18T08:06:14.137+0000] {processor.py:183} INFO - Processing /home/airflow/.local/lib/python3.8/site-packages/airflow/example_dags/example_latest_only_with_trigger.py took 0.093 seconds
[2026-03-18T08:06:45.086+0000] {processor.py:161} INFO - Started process (PID=160) to work on /home/airflow/.local/lib/python3.8/site-packages/airflow/example_dags/example_latest_only_with_trigger.py
[2026-03-18T08:06:45.089+0000] {processor.py:830} INFO - Processing file /home/airflow/.local/lib/python3.8/site-packages/airflow/example_dags/example_latest_only_with_trigger.py for tasks to queue
[2026-03-18T08:06:45.091+0000] {logging_mixin.py:188} INFO - [2026-03-18T08:06:45.090+0000] {dagbag.py:538} INFO - Filling up the DagBag from /home/airflow/.local/lib/python3.8/site-packages/airflow/example_dags/example_latest_only_with_trigger.py
[2026-03-18T08:06:45.096+0000] {processor.py:840} INFO - DAG(s) 'latest_only_with_trigger' retrieved from /home/airflow/.local/lib/python3.8/site-packages/airflow/example_dags/example_latest_only_with_trigger.py
[2026-03-18T08:06:45.111+0000] {logging_mixin.py:188} INFO - [2026-03-18T08:06:45.111+0000] {dag.py:3036} INFO - Sync 1 DAGs
[2026-03-18T08:06:45.124+0000] {logging_mixin.py:188} INFO - [2026-03-18T08:06:45.123+0000] {dag.py:3823} INFO - Setting next_dagrun for latest_only_with_trigger to 2026-03-18 04:00:00+00:00, run_after=2026-03-18 08:00:00+00:00
[2026-03-18T08:06:45.137+0000] {processor.py:183} INFO - Processing /home/airflow/.local/lib/python3.8/site-packages/airflow/example_dags/example_latest_only_with_trigger.py took 0.054 seconds
[2026-03-18T08:07:15.753+0000] {processor.py:161} INFO - Started process (PID=217) to work on /home/airflow/.local/lib/python3.8/site-packages/airflow/example_dags/example_latest_only_with_trigger.py
[2026-03-18T08:07:15.754+0000] {processor.py:830} INFO - Processing file /home/airflow/.local/lib/python3.8/site-packages/airflow/example_dags/example_latest_only_with_trigger.py for tasks to queue
[2026-03-18T08:07:15.756+0000] {logging_mixin.py:188} INFO - [2026-03-18T08:07:15.756+0000] {dagbag.py:538} INFO - Filling up the DagBag from /home/airflow/.local/lib/python3.8/site-packages/airflow/example_dags/example_latest_only_with_trigger.py
[2026-03-18T08:07:15.761+0000] {processor.py:840} INFO - DAG(s) 'latest_only_with_trigger' retrieved from /home/airflow/.local/lib/python3.8/site-packages/airflow/example_dags/example_latest_only_with_trigger.py
[2026-03-18T08:07:15.777+0000] {logging_mixin.py:188} INFO - [2026-03-18T08:07:15.777+0000] {dag.py:3036} INFO - Sync 1 DAGs
[2026-03-18T08:07:15.791+0000] {logging_mixin.py:188} INFO - [2026-03-18T08:07:15.791+0000] {dag.py:3823} INFO - Setting next_dagrun for latest_only_with_trigger to 2026-03-18 04:00:00+00:00, run_after=2026-03-18 08:00:00+00:00
[2026-03-18T08:07:15.803+0000] {processor.py:183} INFO - Processing /home/airflow/.local/lib/python3.8/site-packages/airflow/example_dags/example_latest_only_with_trigger.py took 0.051 seconds
[2026-03-18T08:07:46.291+0000] {processor.py:161} INFO - Started process (PID=278) to work on /home/airflow/.local/lib/python3.8/site-packages/airflow/example_dags/example_latest_only_with_trigger.py
[2026-03-18T08:07:46.292+0000] {processor.py:830} INFO - Processing file /home/airflow/.local/lib/python3.8/site-packages/airflow/example_dags/example_latest_only_with_trigger.py for tasks to queue
[2026-03-18T08:07:46.294+0000] {logging_mixin.py:188} INFO - [2026-03-18T08:07:46.294+0000] {dagbag.py:538} INFO - Filling up the DagBag from /home/airflow/.local/lib/python3.8/site-packages/airflow/example_dags/example_latest_only_with_trigger.py
[2026-03-18T08:07:46.301+0000] {processor.py:840} INFO - DAG(s) 'latest_only_with_trigger' retrieved from /home/airflow/.local/lib/python3.8/site-packages/airflow/example_dags/example_latest_only_with_trigger.py
[2026-03-18T08:07:46.311+0000] {logging_mixin.py:188} INFO - [2026-03-18T08:07:46.311+0000] {dag.py:3036} INFO - Sync 1 DAGs
[2026-03-18T08:07:46.326+0000] {logging_mixin.py:188} INFO - [2026-03-18T08:07:46.326+0000] {dag.py:3823} INFO - Setting next_dagrun for latest_only_with_trigger to 2026-03-18 04:00:00+00:00, run_after=2026-03-18 08:00:00+00:00
[2026-03-18T08:07:46.337+0000] {processor.py:183} INFO - Processing /home/airflow/.local/lib/python3.8/site-packages/airflow/example_dags/example_latest_only_with_trigger.py took 0.048 seconds
[2026-03-18T08:08:16.778+0000] {processor.py:161} INFO - Started process (PID=334) to work on /home/airflow/.local/lib/python3.8/site-packages/airflow/example_dags/example_latest_only_with_trigger.py
[2026-03-18T08:08:16.779+0000] {processor.py:830} INFO - Processing file /home/airflow/.local/lib/python3.8/site-packages/airflow/example_dags/example_latest_only_with_trigger.py for tasks to queue
[2026-03-18T08:08:16.783+0000] {logging_mixin.py:188} INFO - [2026-03-18T08:08:16.783+0000] {dagbag.py:538} INFO - Filling up the DagBag from /home/airflow/.local/lib/python3.8/site-packages/airflow/example_dags/example_latest_only_with_trigger.py
[2026-03-18T08:08:16.787+0000] {processor.py:840} INFO - DAG(s) 'latest_only_with_trigger' retrieved from /home/airflow/.local/lib/python3.8/site-packages/airflow/example_dags/example_latest_only_with_trigger.py
[2026-03-18T08:08:16.800+0000] {logging_mixin.py:188} INFO - [2026-03-18T08:08:16.800+0000] {dag.py:3036} INFO - Sync 1 DAGs
[2026-03-18T08:08:16.815+0000] {logging_mixin.py:188} INFO - [2026-03-18T08:08:16.815+0000] {dag.py:3823} INFO - Setting next_dagrun for latest_only_with_trigger to 2026-03-18 04:00:00+00:00, run_after=2026-03-18 08:00:00+00:00
[2026-03-18T08:08:16.827+0000] {processor.py:183} INFO - Processing /home/airflow/.local/lib/python3.8/site-packages/airflow/example_dags/example_latest_only_with_trigger.py took 0.051 seconds
[2026-03-18T08:08:47.374+0000] {processor.py:161} INFO - Started process (PID=390) to work on /home/airflow/.local/lib/python3.8/site-packages/airflow/example_dags/example_latest_only_with_trigger.py
[2026-03-18T08:08:47.375+0000] {processor.py:830} INFO - Processing file /home/airflow/.local/lib/python3.8/site-packages/airflow/example_dags/example_latest_only_with_trigger.py for tasks to queue
[2026-03-18T08:08:47.379+0000] {logging_mixin.py:188} INFO - [2026-03-18T08:08:47.379+0000] {dagbag.py:538} INFO - Filling up the DagBag from /home/airflow/.local/lib/python3.8/site-packages/airflow/example_dags/example_latest_only_with_trigger.py
[2026-03-18T08:08:47.382+0000] {processor.py:840} INFO - DAG(s) 'latest_only_with_trigger' retrieved from /home/airflow/.local/lib/python3.8/site-packages/airflow/example_dags/example_latest_only_with_trigger.py
[2026-03-18T08:08:47.397+0000] {logging_mixin.py:188} INFO - [2026-03-18T08:08:47.397+0000] {dag.py:3036} INFO - Sync 1 DAGs
[2026-03-18T08:08:47.408+0000] {logging_mixin.py:188} INFO - [2026-03-18T08:08:47.408+0000] {dag.py:3823} INFO - Setting next_dagrun for latest_only_with_trigger to 2026-03-18 04:00:00+00:00, run_after=2026-03-18 08:00:00+00:00
[2026-03-18T08:08:47.418+0000] {processor.py:183} INFO - Processing /home/airflow/.local/lib/python3.8/site-packages/airflow/example_dags/example_latest_only_with_trigger.py took 0.046 seconds
[2026-03-18T08:09:17.855+0000] {processor.py:161} INFO - Started process (PID=446) to work on /home/airflow/.local/lib/python3.8/site-packages/airflow/example_dags/example_latest_only_with_trigger.py
[2026-03-18T08:09:17.856+0000] {processor.py:830} INFO - Processing file /home/airflow/.local/lib/python3.8/site-packages/airflow/example_dags/example_latest_only_with_trigger.py for tasks to queue
[2026-03-18T08:09:17.858+0000] {logging_mixin.py:188} INFO - [2026-03-18T08:09:17.858+0000] {dagbag.py:538} INFO - Filling up the DagBag from /home/airflow/.local/lib/python3.8/site-packages/airflow/example_dags/example_latest_only_with_trigger.py
[2026-03-18T08:09:17.861+0000] {processor.py:840} INFO - DAG(s) 'latest_only_with_trigger' retrieved from /home/airflow/.local/lib/python3.8/site-packages/airflow/example_dags/example_latest_only_with_trigger.py
[2026-03-18T08:09:17.881+0000] {logging_mixin.py:188} INFO - [2026-03-18T08:09:17.881+0000] {dag.py:3036} INFO - Sync 1 DAGs
[2026-03-18T08:09:17.895+0000] {logging_mixin.py:188} INFO - [2026-03-18T08:09:17.895+0000] {dag.py:3823} INFO - Setting next_dagrun for latest_only_with_trigger to 2026-03-18 04:00:00+00:00, run_after=2026-03-18 08:00:00+00:00
[2026-03-18T08:09:17.907+0000] {processor.py:183} INFO - Processing /home/airflow/.local/lib/python3.8/site-packages/airflow/example_dags/example_latest_only_with_trigger.py took 0.054 seconds
[2026-03-18T08:09:48.402+0000] {processor.py:161} INFO - Started process (PID=502) to work on /home/airflow/.local/lib/python3.8/site-packages/airflow/example_dags/example_latest_only_with_trigger.py
[2026-03-18T08:09:48.403+0000] {processor.py:830} INFO - Processing file /home/airflow/.local/lib/python3.8/site-packages/airflow/example_dags/example_latest_only_with_trigger.py for tasks to queue
[2026-03-18T08:09:48.405+0000] {logging_mixin.py:188} INFO - [2026-03-18T08:09:48.405+0000] {dagbag.py:538} INFO - Filling up the DagBag from /home/airflow/.local/lib/python3.8/site-packages/airflow/example_dags/example_latest_only_with_trigger.py
[2026-03-18T08:09:48.409+0000] {processor.py:840} INFO - DAG(s) 'latest_only_with_trigger' retrieved from /home/airflow/.local/lib/python3.8/site-packages/airflow/example_dags/example_latest_only_with_trigger.py
[2026-03-18T08:09:48.426+0000] {logging_mixin.py:188} INFO - [2026-03-18T08:09:48.426+0000] {dag.py:3036} INFO - Sync 1 DAGs
[2026-03-18T08:09:48.436+0000] {logging_mixin.py:188} INFO - [2026-03-18T08:09:48.436+0000] {dag.py:3823} INFO - Setting next_dagrun for latest_only_with_trigger to 2026-03-18 04:00:00+00:00, run_after=2026-03-18 08:00:00+00:00
[2026-03-18T08:09:48.450+0000] {processor.py:183} INFO - Processing /home/airflow/.local/lib/python3.8/site-packages/airflow/example_dags/example_latest_only_with_trigger.py took 0.050 seconds
[2026-03-18T08:10:18.927+0000] {processor.py:161} INFO - Started process (PID=558) to work on /home/airflow/.local/lib/python3.8/site-packages/airflow/example_dags/example_latest_only_with_trigger.py
[2026-03-18T08:10:18.928+0000] {processor.py:830} INFO - Processing file /home/airflow/.local/lib/python3.8/site-packages/airflow/example_dags/example_latest_only_with_trigger.py for tasks to queue
[2026-03-18T08:10:18.932+0000] {logging_mixin.py:188} INFO - [2026-03-18T08:10:18.932+0000] {dagbag.py:538} INFO - Filling up the DagBag from /home/airflow/.local/lib/python3.8/site-packages/airflow/example_dags/example_latest_only_with_trigger.py
[2026-03-18T08:10:18.938+0000] {processor.py:840} INFO - DAG(s) 'latest_only_with_trigger' retrieved from /home/airflow/.local/lib/python3.8/site-packages/airflow/example_dags/example_latest_only_with_trigger.py
[2026-03-18T08:10:18.951+0000] {logging_mixin.py:188} INFO - [2026-03-18T08:10:18.951+0000] {dag.py:3036} INFO - Sync 1 DAGs
[2026-03-18T08:10:18.966+0000] {logging_mixin.py:188} INFO - [2026-03-18T08:10:18.966+0000] {dag.py:3823} INFO - Setting next_dagrun for latest_only_with_trigger to 2026-03-18 04:00:00+00:00, run_after=2026-03-18 08:00:00+00:00
[2026-03-18T08:10:18.977+0000] {processor.py:183} INFO - Processing /home/airflow/.local/lib/python3.8/site-packages/airflow/example_dags/example_latest_only_with_trigger.py took 0.056 seconds
[2026-03-18T08:10:49.478+0000] {processor.py:161} INFO - Started process (PID=614) to work on /home/airflow/.local/lib/python3.8/site-packages/airflow/example_dags/example_latest_only_with_trigger.py
[2026-03-18T08:10:49.481+0000] {processor.py:830} INFO - Processing file /home/airflow/.local/lib/python3.8/site-packages/airflow/example_dags/example_latest_only_with_trigger.py for tasks to queue
[2026-03-18T08:10:49.485+0000] {logging_mixin.py:188} INFO - [2026-03-18T08:10:49.485+0000] {dagbag.py:538} INFO - Filling up the DagBag from /home/airflow/.local/lib/python3.8/site-packages/airflow/example_dags/example_latest_only_with_trigger.py
[2026-03-18T08:10:49.488+0000] {processor.py:840} INFO - DAG(s) 'latest_only_with_trigger' retrieved from /home/airflow/.local/lib/python3.8/site-packages/airflow/example_dags/example_latest_only_with_trigger.py
[2026-03-18T08:10:49.504+0000] {logging_mixin.py:188} INFO - [2026-03-18T08:10:49.504+0000] {dag.py:3036} INFO - Sync 1 DAGs
[2026-03-18T08:10:49.519+0000] {logging_mixin.py:188} INFO - [2026-03-18T08:10:49.519+0000] {dag.py:3823} INFO - Setting next_dagrun for latest_only_with_trigger to 2026-03-18 04:00:00+00:00, run_after=2026-03-18 08:00:00+00:00
[2026-03-18T08:10:49.530+0000] {processor.py:183} INFO - Processing /home/airflow/.local/lib/python3.8/site-packages/airflow/example_dags/example_latest_only_with_trigger.py took 0.054 seconds
[2026-03-18T08:11:19.957+0000] {processor.py:161} INFO - Started process (PID=670) to work on /home/airflow/.local/lib/python3.8/site-packages/airflow/example_dags/example_latest_only_with_trigger.py
[2026-03-18T08:11:19.957+0000] {processor.py:830} INFO - Processing file /home/airflow/.local/lib/python3.8/site-packages/airflow/example_dags/example_latest_only_with_trigger.py for tasks to queue
[2026-03-18T08:11:19.961+0000] {logging_mixin.py:188} INFO - [2026-03-18T08:11:19.961+0000] {dagbag.py:538} INFO - Filling up the DagBag from /home/airflow/.local/lib/python3.8/site-packages/airflow/example_dags/example_latest_only_with_trigger.py
[2026-03-18T08:11:19.964+0000] {processor.py:840} INFO - DAG(s) 'latest_only_with_trigger' retrieved from /home/airflow/.local/lib/python3.8/site-packages/airflow/example_dags/example_latest_only_with_trigger.py
[2026-03-18T08:11:19.984+0000] {logging_mixin.py:188} INFO - [2026-03-18T08:11:19.984+0000] {dag.py:3036} INFO - Sync 1 DAGs
[2026-03-18T08:11:19.996+0000] {logging_mixin.py:188} INFO - [2026-03-18T08:11:19.996+0000] {dag.py:3823} INFO - Setting next_dagrun for latest_only_with_trigger to 2026-03-18 04:00:00+00:00, run_after=2026-03-18 08:00:00+00:00
[2026-03-18T08:11:20.008+0000] {processor.py:183} INFO - Processing /home/airflow/.local/lib/python3.8/site-packages/airflow/example_dags/example_latest_only_with_trigger.py took 0.054 seconds
[2026-03-18T08:11:50.489+0000] {processor.py:161} INFO - Started process (PID=726) to work on /home/airflow/.local/lib/python3.8/site-packages/airflow/example_dags/example_latest_only_with_trigger.py
[2026-03-18T08:11:50.492+0000] {processor.py:830} INFO - Processing file /home/airflow/.local/lib/python3.8/site-packages/airflow/example_dags/example_latest_only_with_trigger.py for tasks to queue
[2026-03-18T08:11:50.494+0000] {logging_mixin.py:188} INFO - [2026-03-18T08:11:50.494+0000] {dagbag.py:538} INFO - Filling up the DagBag from /home/airflow/.local/lib/python3.8/site-packages/airflow/example_dags/example_latest_only_with_trigger.py
[2026-03-18T08:11:50.498+0000] {processor.py:840} INFO - DAG(s) 'latest_only_with_trigger' retrieved from /home/airflow/.local/lib/python3.8/site-packages/airflow/example_dags/example_latest_only_with_trigger.py
[2026-03-18T08:11:50.517+0000] {logging_mixin.py:188} INFO - [2026-03-18T08:11:50.517+0000] {dag.py:3036} INFO - Sync 1 DAGs
[2026-03-18T08:11:50.534+0000] {logging_mixin.py:188} INFO - [2026-03-18T08:11:50.533+0000] {dag.py:3823} INFO - Setting next_dagrun for latest_only_with_trigger to 2026-03-18 04:00:00+00:00, run_after=2026-03-18 08:00:00+00:00
[2026-03-18T08:11:50.546+0000] {processor.py:183} INFO - Processing /home/airflow/.local/lib/python3.8/site-packages/airflow/example_dags/example_latest_only_with_trigger.py took 0.059 seconds
[2026-03-18T08:12:21.045+0000] {processor.py:161} INFO - Started process (PID=782) to work on /home/airflow/.local/lib/python3.8/site-packages/airflow/example_dags/example_latest_only_with_trigger.py
[2026-03-18T08:12:21.048+0000] {processor.py:830} INFO - Processing file /home/airflow/.local/lib/python3.8/site-packages/airflow/example_dags/example_latest_only_with_trigger.py for tasks to queue
[2026-03-18T08:12:21.049+0000] {logging_mixin.py:188} INFO - [2026-03-18T08:12:21.049+0000] {dagbag.py:538} INFO - Filling up the DagBag from /home/airflow/.local/lib/python3.8/site-packages/airflow/example_dags/example_latest_only_with_trigger.py
[2026-03-18T08:12:21.053+0000] {processor.py:840} INFO - DAG(s) 'latest_only_with_trigger' retrieved from /home/airflow/.local/lib/python3.8/site-packages/airflow/example_dags/example_latest_only_with_trigger.py
[2026-03-18T08:12:21.066+0000] {logging_mixin.py:188} INFO - [2026-03-18T08:12:21.066+0000] {dag.py:3036} INFO - Sync 1 DAGs
[2026-03-18T08:12:21.078+0000] {logging_mixin.py:188} INFO - [2026-03-18T08:12:21.078+0000] {dag.py:3823} INFO - Setting next_dagrun for latest_only_with_trigger to 2026-03-18 04:00:00+00:00, run_after=2026-03-18 08:00:00+00:00
[2026-03-18T08:12:21.089+0000] {processor.py:183} INFO - Processing /home/airflow/.local/lib/python3.8/site-packages/airflow/example_dags/example_latest_only_with_trigger.py took 0.046 seconds
[2026-03-18T08:12:51.424+0000] {processor.py:161} INFO - Started process (PID=838) to work on /home/airflow/.local/lib/python3.8/site-packages/airflow/example_dags/example_latest_only_with_trigger.py
[2026-03-18T08:12:51.428+0000] {processor.py:830} INFO - Processing file /home/airflow/.local/lib/python3.8/site-packages/airflow/example_dags/example_latest_only_with_trigger.py for tasks to queue
[2026-03-18T08:12:51.429+0000] {logging_mixin.py:188} INFO - [2026-03-18T08:12:51.429+0000] {dagbag.py:538} INFO - Filling up the DagBag from /home/airflow/.local/lib/python3.8/site-packages/airflow/example_dags/example_latest_only_with_trigger.py
[2026-03-18T08:12:51.432+0000] {processor.py:840} INFO - DAG(s) 'latest_only_with_trigger' retrieved from /home/airflow/.local/lib/python3.8/site-packages/airflow/example_dags/example_latest_only_with_trigger.py
[2026-03-18T08:12:51.446+0000] {logging_mixin.py:188} INFO - [2026-03-18T08:12:51.446+0000] {dag.py:3036} INFO - Sync 1 DAGs
[2026-03-18T08:12:51.460+0000] {logging_mixin.py:188} INFO - [2026-03-18T08:12:51.460+0000] {dag.py:3823} INFO - Setting next_dagrun for latest_only_with_trigger to 2026-03-18 04:00:00+00:00, run_after=2026-03-18 08:00:00+00:00
[2026-03-18T08:12:51.472+0000] {processor.py:183} INFO - Processing /home/airflow/.local/lib/python3.8/site-packages/airflow/example_dags/example_latest_only_with_trigger.py took 0.050 seconds
[2026-03-18T08:13:21.878+0000] {processor.py:161} INFO - Started process (PID=894) to work on /home/airflow/.local/lib/python3.8/site-packages/airflow/example_dags/example_latest_only_with_trigger.py
[2026-03-18T08:13:21.879+0000] {processor.py:830} INFO - Processing file /home/airflow/.local/lib/python3.8/site-packages/airflow/example_dags/example_latest_only_with_trigger.py for tasks to queue
[2026-03-18T08:13:21.880+0000] {logging_mixin.py:188} INFO - [2026-03-18T08:13:21.880+0000] {dagbag.py:538} INFO - Filling up the DagBag from /home/airflow/.local/lib/python3.8/site-packages/airflow/example_dags/example_latest_only_with_trigger.py
[2026-03-18T08:13:21.885+0000] {processor.py:840} INFO - DAG(s) 'latest_only_with_trigger' retrieved from /home/airflow/.local/lib/python3.8/site-packages/airflow/example_dags/example_latest_only_with_trigger.py
[2026-03-18T08:13:21.899+0000] {logging_mixin.py:188} INFO - [2026-03-18T08:13:21.899+0000] {dag.py:3036} INFO - Sync 1 DAGs
[2026-03-18T08:13:21.913+0000] {logging_mixin.py:188} INFO - [2026-03-18T08:13:21.913+0000] {dag.py:3823} INFO - Setting next_dagrun for latest_only_with_trigger to 2026-03-18 04:00:00+00:00, run_after=2026-03-18 08:00:00+00:00
[2026-03-18T08:13:21.926+0000] {processor.py:183} INFO - Processing /home/airflow/.local/lib/python3.8/site-packages/airflow/example_dags/example_latest_only_with_trigger.py took 0.050 seconds
[2026-03-18T08:13:52.447+0000] {processor.py:161} INFO - Started process (PID=950) to work on /home/airflow/.local/lib/python3.8/site-packages/airflow/example_dags/example_latest_only_with_trigger.py
[2026-03-18T08:13:52.451+0000] {processor.py:830} INFO - Processing file /home/airflow/.local/lib/python3.8/site-packages/airflow/example_dags/example_latest_only_with_trigger.py for tasks to queue
[2026-03-18T08:13:52.452+0000] {logging_mixin.py:188} INFO - [2026-03-18T08:13:52.452+0000] {dagbag.py:538} INFO - Filling up the DagBag from /home/airflow/.local/lib/python3.8/site-packages/airflow/example_dags/example_latest_only_with_trigger.py
[2026-03-18T08:13:52.455+0000] {processor.py:840} INFO - DAG(s) 'latest_only_with_trigger' retrieved from /home/airflow/.local/lib/python3.8/site-packages/airflow/example_dags/example_latest_only_with_trigger.py
[2026-03-18T08:13:52.473+0000] {logging_mixin.py:188} INFO - [2026-03-18T08:13:52.473+0000] {dag.py:3036} INFO - Sync 1 DAGs
[2026-03-18T08:13:52.482+0000] {logging_mixin.py:188} INFO - [2026-03-18T08:13:52.482+0000] {dag.py:3823} INFO - Setting next_dagrun for latest_only_with_trigger to 2026-03-18 04:00:00+00:00, run_after=2026-03-18 08:00:00+00:00
[2026-03-18T08:13:52.494+0000] {processor.py:183} INFO - Processing /home/airflow/.local/lib/python3.8/site-packages/airflow/example_dags/example_latest_only_with_trigger.py took 0.049 seconds
[2026-03-18T08:14:23.017+0000] {processor.py:161} INFO - Started process (PID=1006) to work on /home/airflow/.local/lib/python3.8/site-packages/airflow/example_dags/example_latest_only_with_trigger.py
[2026-03-18T08:14:23.020+0000] {processor.py:830} INFO - Processing file /home/airflow/.local/lib/python3.8/site-packages/airflow/example_dags/example_latest_only_with_trigger.py for tasks to queue
[2026-03-18T08:14:23.021+0000] {logging_mixin.py:188} INFO - [2026-03-18T08:14:23.021+0000] {dagbag.py:538} INFO - Filling up the DagBag from /home/airflow/.local/lib/python3.8/site-packages/airflow/example_dags/example_latest_only_with_trigger.py
[2026-03-18T08:14:23.028+0000] {processor.py:840} INFO - DAG(s) 'latest_only_with_trigger' retrieved from /home/airflow/.local/lib/python3.8/site-packages/airflow/example_dags/example_latest_only_with_trigger.py
[2026-03-18T08:14:23.047+0000] {logging_mixin.py:188} INFO - [2026-03-18T08:14:23.047+0000] {dag.py:3036} INFO - Sync 1 DAGs
[2026-03-18T08:14:23.059+0000] {logging_mixin.py:188} INFO - [2026-03-18T08:14:23.059+0000] {dag.py:3823} INFO - Setting next_dagrun for latest_only_with_trigger to 2026-03-18 04:00:00+00:00, run_after=2026-03-18 08:00:00+00:00
[2026-03-18T08:14:23.070+0000] {processor.py:183} INFO - Processing /home/airflow/.local/lib/python3.8/site-packages/airflow/example_dags/example_latest_only_with_trigger.py took 0.056 seconds
[2026-03-18T08:14:53.577+0000] {processor.py:161} INFO - Started process (PID=1062) to work on /home/airflow/.local/lib/python3.8/site-packages/airflow/example_dags/example_latest_only_with_trigger.py
[2026-03-18T08:14:53.579+0000] {processor.py:830} INFO - Processing file /home/airflow/.local/lib/python3.8/site-packages/airflow/example_dags/example_latest_only_with_trigger.py for tasks to queue
[2026-03-18T08:14:53.581+0000] {logging_mixin.py:188} INFO - [2026-03-18T08:14:53.580+0000] {dagbag.py:538} INFO - Filling up the DagBag from /home/airflow/.local/lib/python3.8/site-packages/airflow/example_dags/example_latest_only_with_trigger.py
[2026-03-18T08:14:53.584+0000] {processor.py:840} INFO - DAG(s) 'latest_only_with_trigger' retrieved from /home/airflow/.local/lib/python3.8/site-packages/airflow/example_dags/example_latest_only_with_trigger.py
[2026-03-18T08:14:53.595+0000] {logging_mixin.py:188} INFO - [2026-03-18T08:14:53.595+0000] {dag.py:3036} INFO - Sync 1 DAGs
[2026-03-18T08:14:53.612+0000] {logging_mixin.py:188} INFO - [2026-03-18T08:14:53.612+0000] {dag.py:3823} INFO - Setting next_dagrun for latest_only_with_trigger to 2026-03-18 04:00:00+00:00, run_after=2026-03-18 08:00:00+00:00
[2026-03-18T08:14:53.629+0000] {processor.py:183} INFO - Processing /home/airflow/.local/lib/python3.8/site-packages/airflow/example_dags/example_latest_only_with_trigger.py took 0.054 seconds
[2026-03-18T08:15:24.270+0000] {processor.py:161} INFO - Started process (PID=1118) to work on /home/airflow/.local/lib/python3.8/site-packages/airflow/example_dags/example_latest_only_with_trigger.py
[2026-03-18T08:15:24.273+0000] {processor.py:830} INFO - Processing file /home/airflow/.local/lib/python3.8/site-packages/airflow/example_dags/example_latest_only_with_trigger.py for tasks to queue
[2026-03-18T08:15:24.275+0000] {logging_mixin.py:188} INFO - [2026-03-18T08:15:24.274+0000] {dagbag.py:538} INFO - Filling up the DagBag from /home/airflow/.local/lib/python3.8/site-packages/airflow/example_dags/example_latest_only_with_trigger.py
[2026-03-18T08:15:24.279+0000] {processor.py:840} INFO - DAG(s) 'latest_only_with_trigger' retrieved from /home/airflow/.local/lib/python3.8/site-packages/airflow/example_dags/example_latest_only_with_trigger.py
[2026-03-18T08:15:24.298+0000] {logging_mixin.py:188} INFO - [2026-03-18T08:15:24.298+0000] {dag.py:3036} INFO - Sync 1 DAGs
[2026-03-18T08:15:24.313+0000] {logging_mixin.py:188} INFO - [2026-03-18T08:15:24.312+0000] {dag.py:3823} INFO - Setting next_dagrun for latest_only_with_trigger to 2026-03-18 04:00:00+00:00, run_after=2026-03-18 08:00:00+00:00
[2026-03-18T08:15:24.324+0000] {processor.py:183} INFO - Processing /home/airflow/.local/lib/python3.8/site-packages/airflow/example_dags/example_latest_only_with_trigger.py took 0.057 seconds
[2026-03-18T08:15:54.823+0000] {processor.py:161} INFO - Started process (PID=1174) to work on /home/airflow/.local/lib/python3.8/site-packages/airflow/example_dags/example_latest_only_with_trigger.py
[2026-03-18T08:15:54.824+0000] {processor.py:830} INFO - Processing file /home/airflow/.local/lib/python3.8/site-packages/airflow/example_dags/example_latest_only_with_trigger.py for tasks to queue
[2026-03-18T08:15:54.828+0000] {logging_mixin.py:188} INFO - [2026-03-18T08:15:54.828+0000] {dagbag.py:538} INFO - Filling up the DagBag from /home/airflow/.local/lib/python3.8/site-packages/airflow/example_dags/example_latest_only_with_trigger.py
[2026-03-18T08:15:54.831+0000] {processor.py:840} INFO - DAG(s) 'latest_only_with_trigger' retrieved from /home/airflow/.local/lib/python3.8/site-packages/airflow/example_dags/example_latest_only_with_trigger.py
[2026-03-18T08:15:54.844+0000] {logging_mixin.py:188} INFO - [2026-03-18T08:15:54.844+0000] {dag.py:3036} INFO - Sync 1 DAGs
[2026-03-18T08:15:54.858+0000] {logging_mixin.py:188} INFO - [2026-03-18T08:15:54.858+0000] {dag.py:3823} INFO - Setting next_dagrun for latest_only_with_trigger to 2026-03-18 04:00:00+00:00, run_after=2026-03-18 08:00:00+00:00
[2026-03-18T08:15:54.870+0000] {processor.py:183} INFO - Processing /home/airflow/.local/lib/python3.8/site-packages/airflow/example_dags/example_latest_only_with_trigger.py took 0.049 seconds
[2026-03-18T08:16:25.324+0000] {processor.py:161} INFO - Started process (PID=1230) to work on /home/airflow/.local/lib/python3.8/site-packages/airflow/example_dags/example_latest_only_with_trigger.py
[2026-03-18T08:16:25.325+0000] {processor.py:830} INFO - Processing file /home/airflow/.local/lib/python3.8/site-packages/airflow/example_dags/example_latest_only_with_trigger.py for tasks to queue
[2026-03-18T08:16:25.327+0000] {logging_mixin.py:188} INFO - [2026-03-18T08:16:25.326+0000] {dagbag.py:538} INFO - Filling up the DagBag from /home/airflow/.local/lib/python3.8/site-packages/airflow/example_dags/example_latest_only_with_trigger.py
[2026-03-18T08:16:25.332+0000] {processor.py:840} INFO - DAG(s) 'latest_only_with_trigger' retrieved from /home/airflow/.local/lib/python3.8/site-packages/airflow/example_dags/example_latest_only_with_trigger.py
[2026-03-18T08:16:25.348+0000] {logging_mixin.py:188} INFO - [2026-03-18T08:16:25.348+0000] {dag.py:3036} INFO - Sync 1 DAGs
[2026-03-18T08:16:25.363+0000] {logging_mixin.py:188} INFO - [2026-03-18T08:16:25.363+0000] {dag.py:3823} INFO - Setting next_dagrun for latest_only_with_trigger to 2026-03-18 04:00:00+00:00, run_after=2026-03-18 08:00:00+00:00
[2026-03-18T08:16:25.375+0000] {processor.py:183} INFO - Processing /home/airflow/.local/lib/python3.8/site-packages/airflow/example_dags/example_latest_only_with_trigger.py took 0.058 seconds
[2026-03-18T08:16:55.916+0000] {processor.py:161} INFO - Started process (PID=1287) to work on /home/airflow/.local/lib/python3.8/site-packages/airflow/example_dags/example_latest_only_with_trigger.py
[2026-03-18T08:16:55.917+0000] {processor.py:830} INFO - Processing file /home/airflow/.local/lib/python3.8/site-packages/airflow/example_dags/example_latest_only_with_trigger.py for tasks to queue
[2026-03-18T08:16:55.919+0000] {logging_mixin.py:188} INFO - [2026-03-18T08:16:55.918+0000] {dagbag.py:538} INFO - Filling up the DagBag from /home/airflow/.local/lib/python3.8/site-packages/airflow/example_dags/example_latest_only_with_trigger.py
[2026-03-18T08:16:55.925+0000] {processor.py:840} INFO - DAG(s) 'latest_only_with_trigger' retrieved from /home/airflow/.local/lib/python3.8/site-packages/airflow/example_dags/example_latest_only_with_trigger.py
[2026-03-18T08:16:55.941+0000] {logging_mixin.py:188} INFO - [2026-03-18T08:16:55.941+0000] {dag.py:3036} INFO - Sync 1 DAGs
[2026-03-18T08:16:55.956+0000] {logging_mixin.py:188} INFO - [2026-03-18T08:16:55.956+0000] {dag.py:3823} INFO - Setting next_dagrun for latest_only_with_trigger to 2026-03-18 04:00:00+00:00, run_after=2026-03-18 08:00:00+00:00
[2026-03-18T08:16:55.967+0000] {processor.py:183} INFO - Processing /home/airflow/.local/lib/python3.8/site-packages/airflow/example_dags/example_latest_only_with_trigger.py took 0.053 seconds
[2026-03-18T08:17:26.401+0000] {processor.py:161} INFO - Started process (PID=1343) to work on /home/airflow/.local/lib/python3.8/site-packages/airflow/example_dags/example_latest_only_with_trigger.py
[2026-03-18T08:17:26.402+0000] {processor.py:830} INFO - Processing file /home/airflow/.local/lib/python3.8/site-packages/airflow/example_dags/example_latest_only_with_trigger.py for tasks to queue
[2026-03-18T08:17:26.406+0000] {logging_mixin.py:188} INFO - [2026-03-18T08:17:26.406+0000] {dagbag.py:538} INFO - Filling up the DagBag from /home/airflow/.local/lib/python3.8/site-packages/airflow/example_dags/example_latest_only_with_trigger.py
[2026-03-18T08:17:26.409+0000] {processor.py:840} INFO - DAG(s) 'latest_only_with_trigger' retrieved from /home/airflow/.local/lib/python3.8/site-packages/airflow/example_dags/example_latest_only_with_trigger.py
[2026-03-18T08:17:26.426+0000] {logging_mixin.py:188} INFO - [2026-03-18T08:17:26.425+0000] {dag.py:3036} INFO - Sync 1 DAGs
[2026-03-18T08:17:26.442+0000] {logging_mixin.py:188} INFO - [2026-03-18T08:17:26.442+0000] {dag.py:3823} INFO - Setting next_dagrun for latest_only_with_trigger to 2026-03-18 04:00:00+00:00, run_after=2026-03-18 08:00:00+00:00
[2026-03-18T08:17:26.456+0000] {processor.py:183} INFO - Processing /home/airflow/.local/lib/python3.8/site-packages/airflow/example_dags/example_latest_only_with_trigger.py took 0.057 seconds
[2026-03-18T08:17:56.945+0000] {processor.py:161} INFO - Started process (PID=1399) to work on /home/airflow/.local/lib/python3.8/site-packages/airflow/example_dags/example_latest_only_with_trigger.py
[2026-03-18T08:17:56.948+0000] {processor.py:830} INFO - Processing file /home/airflow/.local/lib/python3.8/site-packages/airflow/example_dags/example_latest_only_with_trigger.py for tasks to queue
[2026-03-18T08:17:56.949+0000] {logging_mixin.py:188} INFO - [2026-03-18T08:17:56.949+0000] {dagbag.py:538} INFO - Filling up the DagBag from /home/airflow/.local/lib/python3.8/site-packages/airflow/example_dags/example_latest_only_with_trigger.py
[2026-03-18T08:17:56.952+0000] {processor.py:840} INFO - DAG(s) 'latest_only_with_trigger' retrieved from /home/airflow/.local/lib/python3.8/site-packages/airflow/example_dags/example_latest_only_with_trigger.py
[2026-03-18T08:17:56.966+0000] {logging_mixin.py:188} INFO - [2026-03-18T08:17:56.966+0000] {dag.py:3036} INFO - Sync 1 DAGs
[2026-03-18T08:17:56.979+0000] {logging_mixin.py:188} INFO - [2026-03-18T08:17:56.978+0000] {dag.py:3823} INFO - Setting next_dagrun for latest_only_with_trigger to 2026-03-18 04:00:00+00:00, run_after=2026-03-18 08:00:00+00:00
[2026-03-18T08:17:56.988+0000] {processor.py:183} INFO - Processing /home/airflow/.local/lib/python3.8/site-packages/airflow/example_dags/example_latest_only_with_trigger.py took 0.045 seconds
[2026-03-18T08:18:27.498+0000] {processor.py:161} INFO - Started process (PID=1455) to work on /home/airflow/.local/lib/python3.8/site-packages/airflow/example_dags/example_latest_only_with_trigger.py
[2026-03-18T08:18:27.500+0000] {processor.py:830} INFO - Processing file /home/airflow/.local/lib/python3.8/site-packages/airflow/example_dags/example_latest_only_with_trigger.py for tasks to queue
[2026-03-18T08:18:27.504+0000] {logging_mixin.py:188} INFO - [2026-03-18T08:18:27.504+0000] {dagbag.py:538} INFO - Filling up the DagBag from /home/airflow/.local/lib/python3.8/site-packages/airflow/example_dags/example_latest_only_with_trigger.py
[2026-03-18T08:18:27.506+0000] {processor.py:840} INFO - DAG(s) 'latest_only_with_trigger' retrieved from /home/airflow/.local/lib/python3.8/site-packages/airflow/example_dags/example_latest_only_with_trigger.py
[2026-03-18T08:18:27.519+0000] {logging_mixin.py:188} INFO - [2026-03-18T08:18:27.519+0000] {dag.py:3036} INFO - Sync 1 DAGs
[2026-03-18T08:18:27.532+0000] {logging_mixin.py:188} INFO - [2026-03-18T08:18:27.532+0000] {dag.py:3823} INFO - Setting next_dagrun for latest_only_with_trigger to 2026-03-18 04:00:00+00:00, run_after=2026-03-18 08:00:00+00:00
[2026-03-18T08:18:27.542+0000] {processor.py:183} INFO - Processing /home/airflow/.local/lib/python3.8/site-packages/airflow/example_dags/example_latest_only_with_trigger.py took 0.046 seconds
[2026-03-18T08:18:58.040+0000] {processor.py:161} INFO - Started process (PID=1511) to work on /home/airflow/.local/lib/python3.8/site-packages/airflow/example_dags/example_latest_only_with_trigger.py
[2026-03-18T08:18:58.041+0000] {processor.py:830} INFO - Processing file /home/airflow/.local/lib/python3.8/site-packages/airflow/example_dags/example_latest_only_with_trigger.py for tasks to queue
[2026-03-18T08:18:58.043+0000] {logging_mixin.py:188} INFO - [2026-03-18T08:18:58.043+0000] {dagbag.py:538} INFO - Filling up the DagBag from /home/airflow/.local/lib/python3.8/site-packages/airflow/example_dags/example_latest_only_with_trigger.py
[2026-03-18T08:18:58.048+0000] {processor.py:840} INFO - DAG(s) 'latest_only_with_trigger' retrieved from /home/airflow/.local/lib/python3.8/site-packages/airflow/example_dags/example_latest_only_with_trigger.py
[2026-03-18T08:18:58.062+0000] {logging_mixin.py:188} INFO - [2026-03-18T08:18:58.062+0000] {dag.py:3036} INFO - Sync 1 DAGs
[2026-03-18T08:18:58.073+0000] {logging_mixin.py:188} INFO - [2026-03-18T08:18:58.073+0000] {dag.py:3823} INFO - Setting next_dagrun for latest_only_with_trigger to 2026-03-18 04:00:00+00:00, run_after=2026-03-18 08:00:00+00:00
[2026-03-18T08:18:58.087+0000] {processor.py:183} INFO - Processing /home/airflow/.local/lib/python3.8/site-packages/airflow/example_dags/example_latest_only_with_trigger.py took 0.049 seconds
[2026-03-18T08:19:28.483+0000] {processor.py:161} INFO - Started process (PID=1567) to work on /home/airflow/.local/lib/python3.8/site-packages/airflow/example_dags/example_latest_only_with_trigger.py
[2026-03-18T08:19:28.484+0000] {processor.py:830} INFO - Processing file /home/airflow/.local/lib/python3.8/site-packages/airflow/example_dags/example_latest_only_with_trigger.py for tasks to queue
[2026-03-18T08:19:28.487+0000] {logging_mixin.py:188} INFO - [2026-03-18T08:19:28.487+0000] {dagbag.py:538} INFO - Filling up the DagBag from /home/airflow/.local/lib/python3.8/site-packages/airflow/example_dags/example_latest_only_with_trigger.py
[2026-03-18T08:19:28.491+0000] {processor.py:840} INFO - DAG(s) 'latest_only_with_trigger' retrieved from /home/airflow/.local/lib/python3.8/site-packages/airflow/example_dags/example_latest_only_with_trigger.py
[2026-03-18T08:19:28.504+0000] {logging_mixin.py:188} INFO - [2026-03-18T08:19:28.504+0000] {dag.py:3036} INFO - Sync 1 DAGs
[2026-03-18T08:19:28.520+0000] {logging_mixin.py:188} INFO - [2026-03-18T08:19:28.520+0000] {dag.py:3823} INFO - Setting next_dagrun for latest_only_with_trigger to 2026-03-18 04:00:00+00:00, run_after=2026-03-18 08:00:00+00:00
[2026-03-18T08:19:28.531+0000] {processor.py:183} INFO - Processing /home/airflow/.local/lib/python3.8/site-packages/airflow/example_dags/example_latest_only_with_trigger.py took 0.049 seconds
