[2026-03-18T07:45:18.818+0000] {processor.py:161} INFO - Started process (PID=72) to work on /home/airflow/.local/lib/python3.8/site-packages/airflow/example_dags/example_python_decorator.py
[2026-03-18T07:45:18.819+0000] {processor.py:830} INFO - Processing file /home/airflow/.local/lib/python3.8/site-packages/airflow/example_dags/example_python_decorator.py for tasks to queue
[2026-03-18T07:45:18.820+0000] {logging_mixin.py:188} INFO - [2026-03-18T07:45:18.820+0000] {dagbag.py:538} INFO - Filling up the DagBag from /home/airflow/.local/lib/python3.8/site-packages/airflow/example_dags/example_python_decorator.py
[2026-03-18T07:45:18.826+0000] {processor.py:840} INFO - DAG(s) 'example_python_decorator' retrieved from /home/airflow/.local/lib/python3.8/site-packages/airflow/example_dags/example_python_decorator.py
[2026-03-18T07:45:18.868+0000] {logging_mixin.py:188} INFO - [2026-03-18T07:45:18.868+0000] {override.py:1769} INFO - Created Permission View: can read on DAG:example_python_decorator
[2026-03-18T07:45:18.872+0000] {logging_mixin.py:188} INFO - [2026-03-18T07:45:18.872+0000] {override.py:1769} INFO - Created Permission View: can delete on DAG:example_python_decorator
[2026-03-18T07:45:18.875+0000] {logging_mixin.py:188} INFO - [2026-03-18T07:45:18.875+0000] {override.py:1769} INFO - Created Permission View: can edit on DAG:example_python_decorator
[2026-03-18T07:45:18.875+0000] {logging_mixin.py:188} INFO - [2026-03-18T07:45:18.875+0000] {dag.py:3036} INFO - Sync 1 DAGs
[2026-03-18T07:45:18.879+0000] {logging_mixin.py:188} INFO - [2026-03-18T07:45:18.879+0000] {dag.py:3058} INFO - Creating ORM DAG for example_python_decorator
[2026-03-18T07:45:18.880+0000] {logging_mixin.py:188} INFO - [2026-03-18T07:45:18.880+0000] {dag.py:3823} INFO - Setting next_dagrun for example_python_decorator to None, run_after=None
[2026-03-18T07:45:18.887+0000] {processor.py:183} INFO - Processing /home/airflow/.local/lib/python3.8/site-packages/airflow/example_dags/example_python_decorator.py took 0.070 seconds
[2026-03-18T07:45:49.499+0000] {processor.py:161} INFO - Started process (PID=127) to work on /home/airflow/.local/lib/python3.8/site-packages/airflow/example_dags/example_python_decorator.py
[2026-03-18T07:45:49.500+0000] {processor.py:830} INFO - Processing file /home/airflow/.local/lib/python3.8/site-packages/airflow/example_dags/example_python_decorator.py for tasks to queue
[2026-03-18T07:45:49.500+0000] {logging_mixin.py:188} INFO - [2026-03-18T07:45:49.500+0000] {dagbag.py:538} INFO - Filling up the DagBag from /home/airflow/.local/lib/python3.8/site-packages/airflow/example_dags/example_python_decorator.py
[2026-03-18T07:45:49.506+0000] {processor.py:840} INFO - DAG(s) 'example_python_decorator' retrieved from /home/airflow/.local/lib/python3.8/site-packages/airflow/example_dags/example_python_decorator.py
[2026-03-18T07:45:49.514+0000] {logging_mixin.py:188} INFO - [2026-03-18T07:45:49.514+0000] {dag.py:3036} INFO - Sync 1 DAGs
[2026-03-18T07:45:49.518+0000] {logging_mixin.py:188} INFO - [2026-03-18T07:45:49.518+0000] {dag.py:3823} INFO - Setting next_dagrun for example_python_decorator to None, run_after=None
[2026-03-18T07:45:49.530+0000] {processor.py:183} INFO - Processing /home/airflow/.local/lib/python3.8/site-packages/airflow/example_dags/example_python_decorator.py took 0.032 seconds
[2026-03-18T07:46:19.944+0000] {processor.py:161} INFO - Started process (PID=182) to work on /home/airflow/.local/lib/python3.8/site-packages/airflow/example_dags/example_python_decorator.py
[2026-03-18T07:46:19.944+0000] {processor.py:830} INFO - Processing file /home/airflow/.local/lib/python3.8/site-packages/airflow/example_dags/example_python_decorator.py for tasks to queue
[2026-03-18T07:46:19.945+0000] {logging_mixin.py:188} INFO - [2026-03-18T07:46:19.945+0000] {dagbag.py:538} INFO - Filling up the DagBag from /home/airflow/.local/lib/python3.8/site-packages/airflow/example_dags/example_python_decorator.py
[2026-03-18T07:46:19.951+0000] {processor.py:840} INFO - DAG(s) 'example_python_decorator' retrieved from /home/airflow/.local/lib/python3.8/site-packages/airflow/example_dags/example_python_decorator.py
[2026-03-18T07:46:19.961+0000] {logging_mixin.py:188} INFO - [2026-03-18T07:46:19.961+0000] {dag.py:3036} INFO - Sync 1 DAGs
[2026-03-18T07:46:19.966+0000] {logging_mixin.py:188} INFO - [2026-03-18T07:46:19.966+0000] {dag.py:3823} INFO - Setting next_dagrun for example_python_decorator to None, run_after=None
[2026-03-18T07:46:19.973+0000] {processor.py:183} INFO - Processing /home/airflow/.local/lib/python3.8/site-packages/airflow/example_dags/example_python_decorator.py took 0.031 seconds
[2026-03-18T07:46:50.259+0000] {processor.py:161} INFO - Started process (PID=237) to work on /home/airflow/.local/lib/python3.8/site-packages/airflow/example_dags/example_python_decorator.py
[2026-03-18T07:46:50.260+0000] {processor.py:830} INFO - Processing file /home/airflow/.local/lib/python3.8/site-packages/airflow/example_dags/example_python_decorator.py for tasks to queue
[2026-03-18T07:46:50.261+0000] {logging_mixin.py:188} INFO - [2026-03-18T07:46:50.261+0000] {dagbag.py:538} INFO - Filling up the DagBag from /home/airflow/.local/lib/python3.8/site-packages/airflow/example_dags/example_python_decorator.py
[2026-03-18T07:46:50.273+0000] {processor.py:840} INFO - DAG(s) 'example_python_decorator' retrieved from /home/airflow/.local/lib/python3.8/site-packages/airflow/example_dags/example_python_decorator.py
[2026-03-18T07:46:50.284+0000] {logging_mixin.py:188} INFO - [2026-03-18T07:46:50.284+0000] {dag.py:3036} INFO - Sync 1 DAGs
[2026-03-18T07:46:50.290+0000] {logging_mixin.py:188} INFO - [2026-03-18T07:46:50.289+0000] {dag.py:3823} INFO - Setting next_dagrun for example_python_decorator to None, run_after=None
[2026-03-18T07:46:50.299+0000] {processor.py:183} INFO - Processing /home/airflow/.local/lib/python3.8/site-packages/airflow/example_dags/example_python_decorator.py took 0.042 seconds
[2026-03-18T07:47:20.614+0000] {processor.py:161} INFO - Started process (PID=292) to work on /home/airflow/.local/lib/python3.8/site-packages/airflow/example_dags/example_python_decorator.py
[2026-03-18T07:47:20.615+0000] {processor.py:830} INFO - Processing file /home/airflow/.local/lib/python3.8/site-packages/airflow/example_dags/example_python_decorator.py for tasks to queue
[2026-03-18T07:47:20.616+0000] {logging_mixin.py:188} INFO - [2026-03-18T07:47:20.616+0000] {dagbag.py:538} INFO - Filling up the DagBag from /home/airflow/.local/lib/python3.8/site-packages/airflow/example_dags/example_python_decorator.py
[2026-03-18T07:47:20.622+0000] {processor.py:840} INFO - DAG(s) 'example_python_decorator' retrieved from /home/airflow/.local/lib/python3.8/site-packages/airflow/example_dags/example_python_decorator.py
[2026-03-18T07:47:20.633+0000] {logging_mixin.py:188} INFO - [2026-03-18T07:47:20.633+0000] {dag.py:3036} INFO - Sync 1 DAGs
[2026-03-18T07:47:20.640+0000] {logging_mixin.py:188} INFO - [2026-03-18T07:47:20.640+0000] {dag.py:3823} INFO - Setting next_dagrun for example_python_decorator to None, run_after=None
[2026-03-18T07:47:20.652+0000] {processor.py:183} INFO - Processing /home/airflow/.local/lib/python3.8/site-packages/airflow/example_dags/example_python_decorator.py took 0.039 seconds
[2026-03-18T07:47:51.025+0000] {processor.py:161} INFO - Started process (PID=347) to work on /home/airflow/.local/lib/python3.8/site-packages/airflow/example_dags/example_python_decorator.py
[2026-03-18T07:47:51.026+0000] {processor.py:830} INFO - Processing file /home/airflow/.local/lib/python3.8/site-packages/airflow/example_dags/example_python_decorator.py for tasks to queue
[2026-03-18T07:47:51.027+0000] {logging_mixin.py:188} INFO - [2026-03-18T07:47:51.027+0000] {dagbag.py:538} INFO - Filling up the DagBag from /home/airflow/.local/lib/python3.8/site-packages/airflow/example_dags/example_python_decorator.py
[2026-03-18T07:47:51.032+0000] {processor.py:840} INFO - DAG(s) 'example_python_decorator' retrieved from /home/airflow/.local/lib/python3.8/site-packages/airflow/example_dags/example_python_decorator.py
[2026-03-18T07:47:51.042+0000] {logging_mixin.py:188} INFO - [2026-03-18T07:47:51.042+0000] {dag.py:3036} INFO - Sync 1 DAGs
[2026-03-18T07:47:51.047+0000] {logging_mixin.py:188} INFO - [2026-03-18T07:47:51.047+0000] {dag.py:3823} INFO - Setting next_dagrun for example_python_decorator to None, run_after=None
[2026-03-18T07:47:51.056+0000] {processor.py:183} INFO - Processing /home/airflow/.local/lib/python3.8/site-packages/airflow/example_dags/example_python_decorator.py took 0.032 seconds
[2026-03-18T07:48:21.445+0000] {processor.py:161} INFO - Started process (PID=402) to work on /home/airflow/.local/lib/python3.8/site-packages/airflow/example_dags/example_python_decorator.py
[2026-03-18T07:48:21.446+0000] {processor.py:830} INFO - Processing file /home/airflow/.local/lib/python3.8/site-packages/airflow/example_dags/example_python_decorator.py for tasks to queue
[2026-03-18T07:48:21.447+0000] {logging_mixin.py:188} INFO - [2026-03-18T07:48:21.446+0000] {dagbag.py:538} INFO - Filling up the DagBag from /home/airflow/.local/lib/python3.8/site-packages/airflow/example_dags/example_python_decorator.py
[2026-03-18T07:48:21.453+0000] {processor.py:840} INFO - DAG(s) 'example_python_decorator' retrieved from /home/airflow/.local/lib/python3.8/site-packages/airflow/example_dags/example_python_decorator.py
[2026-03-18T07:48:21.464+0000] {logging_mixin.py:188} INFO - [2026-03-18T07:48:21.464+0000] {dag.py:3036} INFO - Sync 1 DAGs
[2026-03-18T07:48:21.469+0000] {logging_mixin.py:188} INFO - [2026-03-18T07:48:21.469+0000] {dag.py:3823} INFO - Setting next_dagrun for example_python_decorator to None, run_after=None
[2026-03-18T07:48:21.476+0000] {processor.py:183} INFO - Processing /home/airflow/.local/lib/python3.8/site-packages/airflow/example_dags/example_python_decorator.py took 0.032 seconds
[2026-03-18T07:48:51.715+0000] {processor.py:161} INFO - Started process (PID=457) to work on /home/airflow/.local/lib/python3.8/site-packages/airflow/example_dags/example_python_decorator.py
[2026-03-18T07:48:51.715+0000] {processor.py:830} INFO - Processing file /home/airflow/.local/lib/python3.8/site-packages/airflow/example_dags/example_python_decorator.py for tasks to queue
[2026-03-18T07:48:51.716+0000] {logging_mixin.py:188} INFO - [2026-03-18T07:48:51.716+0000] {dagbag.py:538} INFO - Filling up the DagBag from /home/airflow/.local/lib/python3.8/site-packages/airflow/example_dags/example_python_decorator.py
[2026-03-18T07:48:51.721+0000] {processor.py:840} INFO - DAG(s) 'example_python_decorator' retrieved from /home/airflow/.local/lib/python3.8/site-packages/airflow/example_dags/example_python_decorator.py
[2026-03-18T07:48:51.729+0000] {logging_mixin.py:188} INFO - [2026-03-18T07:48:51.729+0000] {dag.py:3036} INFO - Sync 1 DAGs
[2026-03-18T07:48:51.733+0000] {logging_mixin.py:188} INFO - [2026-03-18T07:48:51.733+0000] {dag.py:3823} INFO - Setting next_dagrun for example_python_decorator to None, run_after=None
[2026-03-18T07:48:51.740+0000] {processor.py:183} INFO - Processing /home/airflow/.local/lib/python3.8/site-packages/airflow/example_dags/example_python_decorator.py took 0.027 seconds
[2026-03-18T07:49:21.994+0000] {processor.py:161} INFO - Started process (PID=518) to work on /home/airflow/.local/lib/python3.8/site-packages/airflow/example_dags/example_python_decorator.py
[2026-03-18T07:49:21.994+0000] {processor.py:830} INFO - Processing file /home/airflow/.local/lib/python3.8/site-packages/airflow/example_dags/example_python_decorator.py for tasks to queue
[2026-03-18T07:49:21.995+0000] {logging_mixin.py:188} INFO - [2026-03-18T07:49:21.995+0000] {dagbag.py:538} INFO - Filling up the DagBag from /home/airflow/.local/lib/python3.8/site-packages/airflow/example_dags/example_python_decorator.py
[2026-03-18T07:49:22.001+0000] {processor.py:840} INFO - DAG(s) 'example_python_decorator' retrieved from /home/airflow/.local/lib/python3.8/site-packages/airflow/example_dags/example_python_decorator.py
[2026-03-18T07:49:22.009+0000] {logging_mixin.py:188} INFO - [2026-03-18T07:49:22.009+0000] {dag.py:3036} INFO - Sync 1 DAGs
[2026-03-18T07:49:22.013+0000] {logging_mixin.py:188} INFO - [2026-03-18T07:49:22.013+0000] {dag.py:3823} INFO - Setting next_dagrun for example_python_decorator to None, run_after=None
[2026-03-18T07:49:22.020+0000] {processor.py:183} INFO - Processing /home/airflow/.local/lib/python3.8/site-packages/airflow/example_dags/example_python_decorator.py took 0.027 seconds
[2026-03-18T07:49:52.263+0000] {processor.py:161} INFO - Started process (PID=573) to work on /home/airflow/.local/lib/python3.8/site-packages/airflow/example_dags/example_python_decorator.py
[2026-03-18T07:49:52.264+0000] {processor.py:830} INFO - Processing file /home/airflow/.local/lib/python3.8/site-packages/airflow/example_dags/example_python_decorator.py for tasks to queue
[2026-03-18T07:49:52.264+0000] {logging_mixin.py:188} INFO - [2026-03-18T07:49:52.264+0000] {dagbag.py:538} INFO - Filling up the DagBag from /home/airflow/.local/lib/python3.8/site-packages/airflow/example_dags/example_python_decorator.py
[2026-03-18T07:49:52.270+0000] {processor.py:840} INFO - DAG(s) 'example_python_decorator' retrieved from /home/airflow/.local/lib/python3.8/site-packages/airflow/example_dags/example_python_decorator.py
[2026-03-18T07:49:52.280+0000] {logging_mixin.py:188} INFO - [2026-03-18T07:49:52.280+0000] {dag.py:3036} INFO - Sync 1 DAGs
[2026-03-18T07:49:52.287+0000] {logging_mixin.py:188} INFO - [2026-03-18T07:49:52.287+0000] {dag.py:3823} INFO - Setting next_dagrun for example_python_decorator to None, run_after=None
[2026-03-18T07:49:52.293+0000] {processor.py:183} INFO - Processing /home/airflow/.local/lib/python3.8/site-packages/airflow/example_dags/example_python_decorator.py took 0.032 seconds
[2026-03-18T07:50:22.679+0000] {processor.py:161} INFO - Started process (PID=629) to work on /home/airflow/.local/lib/python3.8/site-packages/airflow/example_dags/example_python_decorator.py
[2026-03-18T07:50:22.680+0000] {processor.py:830} INFO - Processing file /home/airflow/.local/lib/python3.8/site-packages/airflow/example_dags/example_python_decorator.py for tasks to queue
[2026-03-18T07:50:22.682+0000] {logging_mixin.py:188} INFO - [2026-03-18T07:50:22.681+0000] {dagbag.py:538} INFO - Filling up the DagBag from /home/airflow/.local/lib/python3.8/site-packages/airflow/example_dags/example_python_decorator.py
[2026-03-18T07:50:22.687+0000] {processor.py:840} INFO - DAG(s) 'example_python_decorator' retrieved from /home/airflow/.local/lib/python3.8/site-packages/airflow/example_dags/example_python_decorator.py
[2026-03-18T07:50:22.696+0000] {logging_mixin.py:188} INFO - [2026-03-18T07:50:22.696+0000] {dag.py:3036} INFO - Sync 1 DAGs
[2026-03-18T07:50:22.701+0000] {logging_mixin.py:188} INFO - [2026-03-18T07:50:22.701+0000] {dag.py:3823} INFO - Setting next_dagrun for example_python_decorator to None, run_after=None
[2026-03-18T07:50:22.713+0000] {processor.py:183} INFO - Processing /home/airflow/.local/lib/python3.8/site-packages/airflow/example_dags/example_python_decorator.py took 0.035 seconds
[2026-03-18T07:50:53.148+0000] {processor.py:161} INFO - Started process (PID=685) to work on /home/airflow/.local/lib/python3.8/site-packages/airflow/example_dags/example_python_decorator.py
[2026-03-18T07:50:53.151+0000] {processor.py:830} INFO - Processing file /home/airflow/.local/lib/python3.8/site-packages/airflow/example_dags/example_python_decorator.py for tasks to queue
[2026-03-18T07:50:53.153+0000] {logging_mixin.py:188} INFO - [2026-03-18T07:50:53.153+0000] {dagbag.py:538} INFO - Filling up the DagBag from /home/airflow/.local/lib/python3.8/site-packages/airflow/example_dags/example_python_decorator.py
[2026-03-18T07:50:53.160+0000] {processor.py:840} INFO - DAG(s) 'example_python_decorator' retrieved from /home/airflow/.local/lib/python3.8/site-packages/airflow/example_dags/example_python_decorator.py
[2026-03-18T07:50:53.168+0000] {logging_mixin.py:188} INFO - [2026-03-18T07:50:53.168+0000] {dag.py:3036} INFO - Sync 1 DAGs
[2026-03-18T07:50:53.173+0000] {logging_mixin.py:188} INFO - [2026-03-18T07:50:53.173+0000] {dag.py:3823} INFO - Setting next_dagrun for example_python_decorator to None, run_after=None
[2026-03-18T07:50:53.179+0000] {processor.py:183} INFO - Processing /home/airflow/.local/lib/python3.8/site-packages/airflow/example_dags/example_python_decorator.py took 0.033 seconds
[2026-03-18T07:51:23.674+0000] {processor.py:161} INFO - Started process (PID=741) to work on /home/airflow/.local/lib/python3.8/site-packages/airflow/example_dags/example_python_decorator.py
[2026-03-18T07:51:23.675+0000] {processor.py:830} INFO - Processing file /home/airflow/.local/lib/python3.8/site-packages/airflow/example_dags/example_python_decorator.py for tasks to queue
[2026-03-18T07:51:23.676+0000] {logging_mixin.py:188} INFO - [2026-03-18T07:51:23.676+0000] {dagbag.py:538} INFO - Filling up the DagBag from /home/airflow/.local/lib/python3.8/site-packages/airflow/example_dags/example_python_decorator.py
[2026-03-18T07:51:23.684+0000] {processor.py:840} INFO - DAG(s) 'example_python_decorator' retrieved from /home/airflow/.local/lib/python3.8/site-packages/airflow/example_dags/example_python_decorator.py
[2026-03-18T07:51:23.698+0000] {logging_mixin.py:188} INFO - [2026-03-18T07:51:23.698+0000] {dag.py:3036} INFO - Sync 1 DAGs
[2026-03-18T07:51:23.703+0000] {logging_mixin.py:188} INFO - [2026-03-18T07:51:23.703+0000] {dag.py:3823} INFO - Setting next_dagrun for example_python_decorator to None, run_after=None
[2026-03-18T07:51:23.714+0000] {processor.py:183} INFO - Processing /home/airflow/.local/lib/python3.8/site-packages/airflow/example_dags/example_python_decorator.py took 0.041 seconds
[2026-03-18T07:51:54.180+0000] {processor.py:161} INFO - Started process (PID=797) to work on /home/airflow/.local/lib/python3.8/site-packages/airflow/example_dags/example_python_decorator.py
[2026-03-18T07:51:54.180+0000] {processor.py:830} INFO - Processing file /home/airflow/.local/lib/python3.8/site-packages/airflow/example_dags/example_python_decorator.py for tasks to queue
[2026-03-18T07:51:54.181+0000] {logging_mixin.py:188} INFO - [2026-03-18T07:51:54.181+0000] {dagbag.py:538} INFO - Filling up the DagBag from /home/airflow/.local/lib/python3.8/site-packages/airflow/example_dags/example_python_decorator.py
[2026-03-18T07:51:54.187+0000] {processor.py:840} INFO - DAG(s) 'example_python_decorator' retrieved from /home/airflow/.local/lib/python3.8/site-packages/airflow/example_dags/example_python_decorator.py
[2026-03-18T07:51:54.197+0000] {logging_mixin.py:188} INFO - [2026-03-18T07:51:54.196+0000] {dag.py:3036} INFO - Sync 1 DAGs
[2026-03-18T07:51:54.201+0000] {logging_mixin.py:188} INFO - [2026-03-18T07:51:54.201+0000] {dag.py:3823} INFO - Setting next_dagrun for example_python_decorator to None, run_after=None
[2026-03-18T07:51:54.216+0000] {processor.py:183} INFO - Processing /home/airflow/.local/lib/python3.8/site-packages/airflow/example_dags/example_python_decorator.py took 0.038 seconds
[2026-03-18T07:52:24.711+0000] {processor.py:161} INFO - Started process (PID=853) to work on /home/airflow/.local/lib/python3.8/site-packages/airflow/example_dags/example_python_decorator.py
[2026-03-18T07:52:24.712+0000] {processor.py:830} INFO - Processing file /home/airflow/.local/lib/python3.8/site-packages/airflow/example_dags/example_python_decorator.py for tasks to queue
[2026-03-18T07:52:24.713+0000] {logging_mixin.py:188} INFO - [2026-03-18T07:52:24.713+0000] {dagbag.py:538} INFO - Filling up the DagBag from /home/airflow/.local/lib/python3.8/site-packages/airflow/example_dags/example_python_decorator.py
[2026-03-18T07:52:24.719+0000] {processor.py:840} INFO - DAG(s) 'example_python_decorator' retrieved from /home/airflow/.local/lib/python3.8/site-packages/airflow/example_dags/example_python_decorator.py
[2026-03-18T07:52:24.733+0000] {logging_mixin.py:188} INFO - [2026-03-18T07:52:24.733+0000] {dag.py:3036} INFO - Sync 1 DAGs
[2026-03-18T07:52:24.742+0000] {logging_mixin.py:188} INFO - [2026-03-18T07:52:24.742+0000] {dag.py:3823} INFO - Setting next_dagrun for example_python_decorator to None, run_after=None
[2026-03-18T07:52:24.749+0000] {processor.py:183} INFO - Processing /home/airflow/.local/lib/python3.8/site-packages/airflow/example_dags/example_python_decorator.py took 0.039 seconds
[2026-03-18T07:52:55.183+0000] {processor.py:161} INFO - Started process (PID=909) to work on /home/airflow/.local/lib/python3.8/site-packages/airflow/example_dags/example_python_decorator.py
[2026-03-18T07:52:55.184+0000] {processor.py:830} INFO - Processing file /home/airflow/.local/lib/python3.8/site-packages/airflow/example_dags/example_python_decorator.py for tasks to queue
[2026-03-18T07:52:55.186+0000] {logging_mixin.py:188} INFO - [2026-03-18T07:52:55.186+0000] {dagbag.py:538} INFO - Filling up the DagBag from /home/airflow/.local/lib/python3.8/site-packages/airflow/example_dags/example_python_decorator.py
[2026-03-18T07:52:55.192+0000] {processor.py:840} INFO - DAG(s) 'example_python_decorator' retrieved from /home/airflow/.local/lib/python3.8/site-packages/airflow/example_dags/example_python_decorator.py
[2026-03-18T07:52:55.205+0000] {logging_mixin.py:188} INFO - [2026-03-18T07:52:55.204+0000] {dag.py:3036} INFO - Sync 1 DAGs
[2026-03-18T07:52:55.210+0000] {logging_mixin.py:188} INFO - [2026-03-18T07:52:55.210+0000] {dag.py:3823} INFO - Setting next_dagrun for example_python_decorator to None, run_after=None
[2026-03-18T07:52:55.221+0000] {processor.py:183} INFO - Processing /home/airflow/.local/lib/python3.8/site-packages/airflow/example_dags/example_python_decorator.py took 0.039 seconds
[2026-03-18T07:53:25.656+0000] {processor.py:161} INFO - Started process (PID=965) to work on /home/airflow/.local/lib/python3.8/site-packages/airflow/example_dags/example_python_decorator.py
[2026-03-18T07:53:25.657+0000] {processor.py:830} INFO - Processing file /home/airflow/.local/lib/python3.8/site-packages/airflow/example_dags/example_python_decorator.py for tasks to queue
[2026-03-18T07:53:25.658+0000] {logging_mixin.py:188} INFO - [2026-03-18T07:53:25.658+0000] {dagbag.py:538} INFO - Filling up the DagBag from /home/airflow/.local/lib/python3.8/site-packages/airflow/example_dags/example_python_decorator.py
[2026-03-18T07:53:25.665+0000] {processor.py:840} INFO - DAG(s) 'example_python_decorator' retrieved from /home/airflow/.local/lib/python3.8/site-packages/airflow/example_dags/example_python_decorator.py
[2026-03-18T07:53:25.679+0000] {logging_mixin.py:188} INFO - [2026-03-18T07:53:25.679+0000] {dag.py:3036} INFO - Sync 1 DAGs
[2026-03-18T07:53:25.686+0000] {logging_mixin.py:188} INFO - [2026-03-18T07:53:25.686+0000] {dag.py:3823} INFO - Setting next_dagrun for example_python_decorator to None, run_after=None
[2026-03-18T07:53:25.698+0000] {processor.py:183} INFO - Processing /home/airflow/.local/lib/python3.8/site-packages/airflow/example_dags/example_python_decorator.py took 0.044 seconds
[2026-03-18T07:53:56.165+0000] {processor.py:161} INFO - Started process (PID=1021) to work on /home/airflow/.local/lib/python3.8/site-packages/airflow/example_dags/example_python_decorator.py
[2026-03-18T07:53:56.166+0000] {processor.py:830} INFO - Processing file /home/airflow/.local/lib/python3.8/site-packages/airflow/example_dags/example_python_decorator.py for tasks to queue
[2026-03-18T07:53:56.166+0000] {logging_mixin.py:188} INFO - [2026-03-18T07:53:56.166+0000] {dagbag.py:538} INFO - Filling up the DagBag from /home/airflow/.local/lib/python3.8/site-packages/airflow/example_dags/example_python_decorator.py
[2026-03-18T07:53:56.172+0000] {processor.py:840} INFO - DAG(s) 'example_python_decorator' retrieved from /home/airflow/.local/lib/python3.8/site-packages/airflow/example_dags/example_python_decorator.py
[2026-03-18T07:53:56.187+0000] {logging_mixin.py:188} INFO - [2026-03-18T07:53:56.186+0000] {dag.py:3036} INFO - Sync 1 DAGs
[2026-03-18T07:53:56.194+0000] {logging_mixin.py:188} INFO - [2026-03-18T07:53:56.194+0000] {dag.py:3823} INFO - Setting next_dagrun for example_python_decorator to None, run_after=None
[2026-03-18T07:53:56.201+0000] {processor.py:183} INFO - Processing /home/airflow/.local/lib/python3.8/site-packages/airflow/example_dags/example_python_decorator.py took 0.038 seconds
[2026-03-18T07:54:26.549+0000] {processor.py:161} INFO - Started process (PID=1077) to work on /home/airflow/.local/lib/python3.8/site-packages/airflow/example_dags/example_python_decorator.py
[2026-03-18T07:54:26.552+0000] {processor.py:830} INFO - Processing file /home/airflow/.local/lib/python3.8/site-packages/airflow/example_dags/example_python_decorator.py for tasks to queue
[2026-03-18T07:54:26.552+0000] {logging_mixin.py:188} INFO - [2026-03-18T07:54:26.552+0000] {dagbag.py:538} INFO - Filling up the DagBag from /home/airflow/.local/lib/python3.8/site-packages/airflow/example_dags/example_python_decorator.py
[2026-03-18T07:54:26.558+0000] {processor.py:840} INFO - DAG(s) 'example_python_decorator' retrieved from /home/airflow/.local/lib/python3.8/site-packages/airflow/example_dags/example_python_decorator.py
[2026-03-18T07:54:26.567+0000] {logging_mixin.py:188} INFO - [2026-03-18T07:54:26.567+0000] {dag.py:3036} INFO - Sync 1 DAGs
[2026-03-18T07:54:26.572+0000] {logging_mixin.py:188} INFO - [2026-03-18T07:54:26.572+0000] {dag.py:3823} INFO - Setting next_dagrun for example_python_decorator to None, run_after=None
[2026-03-18T07:54:26.579+0000] {processor.py:183} INFO - Processing /home/airflow/.local/lib/python3.8/site-packages/airflow/example_dags/example_python_decorator.py took 0.032 seconds
[2026-03-18T07:54:57.052+0000] {processor.py:161} INFO - Started process (PID=1133) to work on /home/airflow/.local/lib/python3.8/site-packages/airflow/example_dags/example_python_decorator.py
[2026-03-18T07:54:57.053+0000] {processor.py:830} INFO - Processing file /home/airflow/.local/lib/python3.8/site-packages/airflow/example_dags/example_python_decorator.py for tasks to queue
[2026-03-18T07:54:57.054+0000] {logging_mixin.py:188} INFO - [2026-03-18T07:54:57.053+0000] {dagbag.py:538} INFO - Filling up the DagBag from /home/airflow/.local/lib/python3.8/site-packages/airflow/example_dags/example_python_decorator.py
[2026-03-18T07:54:57.059+0000] {processor.py:840} INFO - DAG(s) 'example_python_decorator' retrieved from /home/airflow/.local/lib/python3.8/site-packages/airflow/example_dags/example_python_decorator.py
[2026-03-18T07:54:57.068+0000] {logging_mixin.py:188} INFO - [2026-03-18T07:54:57.068+0000] {dag.py:3036} INFO - Sync 1 DAGs
[2026-03-18T07:54:57.072+0000] {logging_mixin.py:188} INFO - [2026-03-18T07:54:57.072+0000] {dag.py:3823} INFO - Setting next_dagrun for example_python_decorator to None, run_after=None
[2026-03-18T07:54:57.079+0000] {processor.py:183} INFO - Processing /home/airflow/.local/lib/python3.8/site-packages/airflow/example_dags/example_python_decorator.py took 0.028 seconds
[2026-03-18T07:55:27.506+0000] {processor.py:161} INFO - Started process (PID=1189) to work on /home/airflow/.local/lib/python3.8/site-packages/airflow/example_dags/example_python_decorator.py
[2026-03-18T07:55:27.506+0000] {processor.py:830} INFO - Processing file /home/airflow/.local/lib/python3.8/site-packages/airflow/example_dags/example_python_decorator.py for tasks to queue
[2026-03-18T07:55:27.507+0000] {logging_mixin.py:188} INFO - [2026-03-18T07:55:27.507+0000] {dagbag.py:538} INFO - Filling up the DagBag from /home/airflow/.local/lib/python3.8/site-packages/airflow/example_dags/example_python_decorator.py
[2026-03-18T07:55:27.512+0000] {processor.py:840} INFO - DAG(s) 'example_python_decorator' retrieved from /home/airflow/.local/lib/python3.8/site-packages/airflow/example_dags/example_python_decorator.py
[2026-03-18T07:55:27.520+0000] {logging_mixin.py:188} INFO - [2026-03-18T07:55:27.520+0000] {dag.py:3036} INFO - Sync 1 DAGs
[2026-03-18T07:55:27.524+0000] {logging_mixin.py:188} INFO - [2026-03-18T07:55:27.524+0000] {dag.py:3823} INFO - Setting next_dagrun for example_python_decorator to None, run_after=None
[2026-03-18T07:55:27.529+0000] {processor.py:183} INFO - Processing /home/airflow/.local/lib/python3.8/site-packages/airflow/example_dags/example_python_decorator.py took 0.025 seconds
[2026-03-18T07:55:57.928+0000] {processor.py:161} INFO - Started process (PID=1245) to work on /home/airflow/.local/lib/python3.8/site-packages/airflow/example_dags/example_python_decorator.py
[2026-03-18T07:55:57.928+0000] {processor.py:830} INFO - Processing file /home/airflow/.local/lib/python3.8/site-packages/airflow/example_dags/example_python_decorator.py for tasks to queue
[2026-03-18T07:55:57.929+0000] {logging_mixin.py:188} INFO - [2026-03-18T07:55:57.929+0000] {dagbag.py:538} INFO - Filling up the DagBag from /home/airflow/.local/lib/python3.8/site-packages/airflow/example_dags/example_python_decorator.py
[2026-03-18T07:55:57.934+0000] {processor.py:840} INFO - DAG(s) 'example_python_decorator' retrieved from /home/airflow/.local/lib/python3.8/site-packages/airflow/example_dags/example_python_decorator.py
[2026-03-18T07:55:57.943+0000] {logging_mixin.py:188} INFO - [2026-03-18T07:55:57.943+0000] {dag.py:3036} INFO - Sync 1 DAGs
[2026-03-18T07:55:57.949+0000] {logging_mixin.py:188} INFO - [2026-03-18T07:55:57.949+0000] {dag.py:3823} INFO - Setting next_dagrun for example_python_decorator to None, run_after=None
[2026-03-18T07:55:57.955+0000] {processor.py:183} INFO - Processing /home/airflow/.local/lib/python3.8/site-packages/airflow/example_dags/example_python_decorator.py took 0.029 seconds
[2026-03-18T07:56:28.337+0000] {processor.py:161} INFO - Started process (PID=1301) to work on /home/airflow/.local/lib/python3.8/site-packages/airflow/example_dags/example_python_decorator.py
[2026-03-18T07:56:28.338+0000] {processor.py:830} INFO - Processing file /home/airflow/.local/lib/python3.8/site-packages/airflow/example_dags/example_python_decorator.py for tasks to queue
[2026-03-18T07:56:28.339+0000] {logging_mixin.py:188} INFO - [2026-03-18T07:56:28.339+0000] {dagbag.py:538} INFO - Filling up the DagBag from /home/airflow/.local/lib/python3.8/site-packages/airflow/example_dags/example_python_decorator.py
[2026-03-18T07:56:28.345+0000] {processor.py:840} INFO - DAG(s) 'example_python_decorator' retrieved from /home/airflow/.local/lib/python3.8/site-packages/airflow/example_dags/example_python_decorator.py
[2026-03-18T07:56:28.354+0000] {logging_mixin.py:188} INFO - [2026-03-18T07:56:28.353+0000] {dag.py:3036} INFO - Sync 1 DAGs
[2026-03-18T07:56:28.358+0000] {logging_mixin.py:188} INFO - [2026-03-18T07:56:28.358+0000] {dag.py:3823} INFO - Setting next_dagrun for example_python_decorator to None, run_after=None
[2026-03-18T07:56:28.370+0000] {processor.py:183} INFO - Processing /home/airflow/.local/lib/python3.8/site-packages/airflow/example_dags/example_python_decorator.py took 0.035 seconds
[2026-03-18T07:56:58.806+0000] {processor.py:161} INFO - Started process (PID=1357) to work on /home/airflow/.local/lib/python3.8/site-packages/airflow/example_dags/example_python_decorator.py
[2026-03-18T07:56:58.807+0000] {processor.py:830} INFO - Processing file /home/airflow/.local/lib/python3.8/site-packages/airflow/example_dags/example_python_decorator.py for tasks to queue
[2026-03-18T07:56:58.808+0000] {logging_mixin.py:188} INFO - [2026-03-18T07:56:58.808+0000] {dagbag.py:538} INFO - Filling up the DagBag from /home/airflow/.local/lib/python3.8/site-packages/airflow/example_dags/example_python_decorator.py
[2026-03-18T07:56:58.817+0000] {processor.py:840} INFO - DAG(s) 'example_python_decorator' retrieved from /home/airflow/.local/lib/python3.8/site-packages/airflow/example_dags/example_python_decorator.py
[2026-03-18T07:56:58.826+0000] {logging_mixin.py:188} INFO - [2026-03-18T07:56:58.826+0000] {dag.py:3036} INFO - Sync 1 DAGs
[2026-03-18T07:56:58.831+0000] {logging_mixin.py:188} INFO - [2026-03-18T07:56:58.831+0000] {dag.py:3823} INFO - Setting next_dagrun for example_python_decorator to None, run_after=None
[2026-03-18T07:56:58.837+0000] {processor.py:183} INFO - Processing /home/airflow/.local/lib/python3.8/site-packages/airflow/example_dags/example_python_decorator.py took 0.034 seconds
[2026-03-18T07:57:29.292+0000] {processor.py:161} INFO - Started process (PID=1413) to work on /home/airflow/.local/lib/python3.8/site-packages/airflow/example_dags/example_python_decorator.py
[2026-03-18T07:57:29.293+0000] {processor.py:830} INFO - Processing file /home/airflow/.local/lib/python3.8/site-packages/airflow/example_dags/example_python_decorator.py for tasks to queue
[2026-03-18T07:57:29.294+0000] {logging_mixin.py:188} INFO - [2026-03-18T07:57:29.294+0000] {dagbag.py:538} INFO - Filling up the DagBag from /home/airflow/.local/lib/python3.8/site-packages/airflow/example_dags/example_python_decorator.py
[2026-03-18T07:57:29.299+0000] {processor.py:840} INFO - DAG(s) 'example_python_decorator' retrieved from /home/airflow/.local/lib/python3.8/site-packages/airflow/example_dags/example_python_decorator.py
[2026-03-18T07:57:29.308+0000] {logging_mixin.py:188} INFO - [2026-03-18T07:57:29.308+0000] {dag.py:3036} INFO - Sync 1 DAGs
[2026-03-18T07:57:29.313+0000] {logging_mixin.py:188} INFO - [2026-03-18T07:57:29.313+0000] {dag.py:3823} INFO - Setting next_dagrun for example_python_decorator to None, run_after=None
[2026-03-18T07:57:29.320+0000] {processor.py:183} INFO - Processing /home/airflow/.local/lib/python3.8/site-packages/airflow/example_dags/example_python_decorator.py took 0.031 seconds
[2026-03-18T07:57:59.852+0000] {processor.py:161} INFO - Started process (PID=1469) to work on /home/airflow/.local/lib/python3.8/site-packages/airflow/example_dags/example_python_decorator.py
[2026-03-18T07:57:59.852+0000] {processor.py:830} INFO - Processing file /home/airflow/.local/lib/python3.8/site-packages/airflow/example_dags/example_python_decorator.py for tasks to queue
[2026-03-18T07:57:59.853+0000] {logging_mixin.py:188} INFO - [2026-03-18T07:57:59.853+0000] {dagbag.py:538} INFO - Filling up the DagBag from /home/airflow/.local/lib/python3.8/site-packages/airflow/example_dags/example_python_decorator.py
[2026-03-18T07:57:59.859+0000] {processor.py:840} INFO - DAG(s) 'example_python_decorator' retrieved from /home/airflow/.local/lib/python3.8/site-packages/airflow/example_dags/example_python_decorator.py
[2026-03-18T07:57:59.879+0000] {logging_mixin.py:188} INFO - [2026-03-18T07:57:59.879+0000] {dag.py:3036} INFO - Sync 1 DAGs
[2026-03-18T07:57:59.884+0000] {logging_mixin.py:188} INFO - [2026-03-18T07:57:59.884+0000] {dag.py:3823} INFO - Setting next_dagrun for example_python_decorator to None, run_after=None
[2026-03-18T07:57:59.890+0000] {processor.py:183} INFO - Processing /home/airflow/.local/lib/python3.8/site-packages/airflow/example_dags/example_python_decorator.py took 0.040 seconds
[2026-03-18T07:58:30.260+0000] {processor.py:161} INFO - Started process (PID=1525) to work on /home/airflow/.local/lib/python3.8/site-packages/airflow/example_dags/example_python_decorator.py
[2026-03-18T07:58:30.261+0000] {processor.py:830} INFO - Processing file /home/airflow/.local/lib/python3.8/site-packages/airflow/example_dags/example_python_decorator.py for tasks to queue
[2026-03-18T07:58:30.261+0000] {logging_mixin.py:188} INFO - [2026-03-18T07:58:30.261+0000] {dagbag.py:538} INFO - Filling up the DagBag from /home/airflow/.local/lib/python3.8/site-packages/airflow/example_dags/example_python_decorator.py
[2026-03-18T07:58:30.267+0000] {processor.py:840} INFO - DAG(s) 'example_python_decorator' retrieved from /home/airflow/.local/lib/python3.8/site-packages/airflow/example_dags/example_python_decorator.py
[2026-03-18T07:58:30.275+0000] {logging_mixin.py:188} INFO - [2026-03-18T07:58:30.275+0000] {dag.py:3036} INFO - Sync 1 DAGs
[2026-03-18T07:58:30.279+0000] {logging_mixin.py:188} INFO - [2026-03-18T07:58:30.279+0000] {dag.py:3823} INFO - Setting next_dagrun for example_python_decorator to None, run_after=None
[2026-03-18T07:58:30.287+0000] {processor.py:183} INFO - Processing /home/airflow/.local/lib/python3.8/site-packages/airflow/example_dags/example_python_decorator.py took 0.029 seconds
[2026-03-18T07:59:00.824+0000] {processor.py:161} INFO - Started process (PID=1581) to work on /home/airflow/.local/lib/python3.8/site-packages/airflow/example_dags/example_python_decorator.py
[2026-03-18T07:59:00.825+0000] {processor.py:830} INFO - Processing file /home/airflow/.local/lib/python3.8/site-packages/airflow/example_dags/example_python_decorator.py for tasks to queue
[2026-03-18T07:59:00.826+0000] {logging_mixin.py:188} INFO - [2026-03-18T07:59:00.826+0000] {dagbag.py:538} INFO - Filling up the DagBag from /home/airflow/.local/lib/python3.8/site-packages/airflow/example_dags/example_python_decorator.py
[2026-03-18T07:59:00.833+0000] {processor.py:840} INFO - DAG(s) 'example_python_decorator' retrieved from /home/airflow/.local/lib/python3.8/site-packages/airflow/example_dags/example_python_decorator.py
[2026-03-18T07:59:00.845+0000] {logging_mixin.py:188} INFO - [2026-03-18T07:59:00.845+0000] {dag.py:3036} INFO - Sync 1 DAGs
[2026-03-18T07:59:00.851+0000] {logging_mixin.py:188} INFO - [2026-03-18T07:59:00.851+0000] {dag.py:3823} INFO - Setting next_dagrun for example_python_decorator to None, run_after=None
[2026-03-18T07:59:00.859+0000] {processor.py:183} INFO - Processing /home/airflow/.local/lib/python3.8/site-packages/airflow/example_dags/example_python_decorator.py took 0.037 seconds
[2026-03-18T07:59:31.331+0000] {processor.py:161} INFO - Started process (PID=1637) to work on /home/airflow/.local/lib/python3.8/site-packages/airflow/example_dags/example_python_decorator.py
[2026-03-18T07:59:31.332+0000] {processor.py:830} INFO - Processing file /home/airflow/.local/lib/python3.8/site-packages/airflow/example_dags/example_python_decorator.py for tasks to queue
[2026-03-18T07:59:31.333+0000] {logging_mixin.py:188} INFO - [2026-03-18T07:59:31.333+0000] {dagbag.py:538} INFO - Filling up the DagBag from /home/airflow/.local/lib/python3.8/site-packages/airflow/example_dags/example_python_decorator.py
[2026-03-18T07:59:31.340+0000] {processor.py:840} INFO - DAG(s) 'example_python_decorator' retrieved from /home/airflow/.local/lib/python3.8/site-packages/airflow/example_dags/example_python_decorator.py
[2026-03-18T07:59:31.354+0000] {logging_mixin.py:188} INFO - [2026-03-18T07:59:31.354+0000] {dag.py:3036} INFO - Sync 1 DAGs
[2026-03-18T07:59:31.360+0000] {logging_mixin.py:188} INFO - [2026-03-18T07:59:31.360+0000] {dag.py:3823} INFO - Setting next_dagrun for example_python_decorator to None, run_after=None
[2026-03-18T07:59:31.369+0000] {processor.py:183} INFO - Processing /home/airflow/.local/lib/python3.8/site-packages/airflow/example_dags/example_python_decorator.py took 0.040 seconds
[2026-03-18T08:00:01.932+0000] {processor.py:161} INFO - Started process (PID=73) to work on /home/airflow/.local/lib/python3.8/site-packages/airflow/example_dags/example_python_decorator.py
[2026-03-18T08:00:01.933+0000] {processor.py:830} INFO - Processing file /home/airflow/.local/lib/python3.8/site-packages/airflow/example_dags/example_python_decorator.py for tasks to queue
[2026-03-18T08:00:01.933+0000] {logging_mixin.py:188} INFO - [2026-03-18T08:00:01.933+0000] {dagbag.py:538} INFO - Filling up the DagBag from /home/airflow/.local/lib/python3.8/site-packages/airflow/example_dags/example_python_decorator.py
[2026-03-18T08:00:01.942+0000] {processor.py:840} INFO - DAG(s) 'example_python_decorator' retrieved from /home/airflow/.local/lib/python3.8/site-packages/airflow/example_dags/example_python_decorator.py
[2026-03-18T08:00:01.948+0000] {logging_mixin.py:188} INFO - [2026-03-18T08:00:01.948+0000] {dag.py:3036} INFO - Sync 1 DAGs
[2026-03-18T08:00:01.956+0000] {logging_mixin.py:188} INFO - [2026-03-18T08:00:01.956+0000] {dag.py:3823} INFO - Setting next_dagrun for example_python_decorator to None, run_after=None
[2026-03-18T08:00:01.973+0000] {processor.py:183} INFO - Processing /home/airflow/.local/lib/python3.8/site-packages/airflow/example_dags/example_python_decorator.py took 0.043 seconds
[2026-03-18T08:00:32.530+0000] {processor.py:161} INFO - Started process (PID=128) to work on /home/airflow/.local/lib/python3.8/site-packages/airflow/example_dags/example_python_decorator.py
[2026-03-18T08:00:32.530+0000] {processor.py:830} INFO - Processing file /home/airflow/.local/lib/python3.8/site-packages/airflow/example_dags/example_python_decorator.py for tasks to queue
[2026-03-18T08:00:32.531+0000] {logging_mixin.py:188} INFO - [2026-03-18T08:00:32.531+0000] {dagbag.py:538} INFO - Filling up the DagBag from /home/airflow/.local/lib/python3.8/site-packages/airflow/example_dags/example_python_decorator.py
[2026-03-18T08:00:32.537+0000] {processor.py:840} INFO - DAG(s) 'example_python_decorator' retrieved from /home/airflow/.local/lib/python3.8/site-packages/airflow/example_dags/example_python_decorator.py
[2026-03-18T08:00:32.581+0000] {logging_mixin.py:188} INFO - [2026-03-18T08:00:32.581+0000] {dag.py:3036} INFO - Sync 1 DAGs
[2026-03-18T08:00:32.586+0000] {logging_mixin.py:188} INFO - [2026-03-18T08:00:32.586+0000] {dag.py:3823} INFO - Setting next_dagrun for example_python_decorator to None, run_after=None
[2026-03-18T08:00:32.597+0000] {processor.py:183} INFO - Processing /home/airflow/.local/lib/python3.8/site-packages/airflow/example_dags/example_python_decorator.py took 0.069 seconds
[2026-03-18T08:01:03.341+0000] {processor.py:161} INFO - Started process (PID=184) to work on /home/airflow/.local/lib/python3.8/site-packages/airflow/example_dags/example_python_decorator.py
[2026-03-18T08:01:03.344+0000] {processor.py:830} INFO - Processing file /home/airflow/.local/lib/python3.8/site-packages/airflow/example_dags/example_python_decorator.py for tasks to queue
[2026-03-18T08:01:03.345+0000] {logging_mixin.py:188} INFO - [2026-03-18T08:01:03.345+0000] {dagbag.py:538} INFO - Filling up the DagBag from /home/airflow/.local/lib/python3.8/site-packages/airflow/example_dags/example_python_decorator.py
[2026-03-18T08:01:03.350+0000] {processor.py:840} INFO - DAG(s) 'example_python_decorator' retrieved from /home/airflow/.local/lib/python3.8/site-packages/airflow/example_dags/example_python_decorator.py
[2026-03-18T08:01:03.360+0000] {logging_mixin.py:188} INFO - [2026-03-18T08:01:03.360+0000] {dag.py:3036} INFO - Sync 1 DAGs
[2026-03-18T08:01:03.364+0000] {logging_mixin.py:188} INFO - [2026-03-18T08:01:03.364+0000] {dag.py:3823} INFO - Setting next_dagrun for example_python_decorator to None, run_after=None
[2026-03-18T08:01:03.374+0000] {processor.py:183} INFO - Processing /home/airflow/.local/lib/python3.8/site-packages/airflow/example_dags/example_python_decorator.py took 0.034 seconds
[2026-03-18T08:01:33.834+0000] {processor.py:161} INFO - Started process (PID=240) to work on /home/airflow/.local/lib/python3.8/site-packages/airflow/example_dags/example_python_decorator.py
[2026-03-18T08:01:33.835+0000] {processor.py:830} INFO - Processing file /home/airflow/.local/lib/python3.8/site-packages/airflow/example_dags/example_python_decorator.py for tasks to queue
[2026-03-18T08:01:33.836+0000] {logging_mixin.py:188} INFO - [2026-03-18T08:01:33.836+0000] {dagbag.py:538} INFO - Filling up the DagBag from /home/airflow/.local/lib/python3.8/site-packages/airflow/example_dags/example_python_decorator.py
[2026-03-18T08:01:33.842+0000] {processor.py:840} INFO - DAG(s) 'example_python_decorator' retrieved from /home/airflow/.local/lib/python3.8/site-packages/airflow/example_dags/example_python_decorator.py
[2026-03-18T08:01:33.851+0000] {logging_mixin.py:188} INFO - [2026-03-18T08:01:33.851+0000] {dag.py:3036} INFO - Sync 1 DAGs
[2026-03-18T08:01:33.856+0000] {logging_mixin.py:188} INFO - [2026-03-18T08:01:33.856+0000] {dag.py:3823} INFO - Setting next_dagrun for example_python_decorator to None, run_after=None
[2026-03-18T08:01:33.867+0000] {processor.py:183} INFO - Processing /home/airflow/.local/lib/python3.8/site-packages/airflow/example_dags/example_python_decorator.py took 0.035 seconds
[2026-03-18T08:02:04.408+0000] {processor.py:161} INFO - Started process (PID=295) to work on /home/airflow/.local/lib/python3.8/site-packages/airflow/example_dags/example_python_decorator.py
[2026-03-18T08:02:04.409+0000] {processor.py:830} INFO - Processing file /home/airflow/.local/lib/python3.8/site-packages/airflow/example_dags/example_python_decorator.py for tasks to queue
[2026-03-18T08:02:04.409+0000] {logging_mixin.py:188} INFO - [2026-03-18T08:02:04.409+0000] {dagbag.py:538} INFO - Filling up the DagBag from /home/airflow/.local/lib/python3.8/site-packages/airflow/example_dags/example_python_decorator.py
[2026-03-18T08:02:04.415+0000] {processor.py:840} INFO - DAG(s) 'example_python_decorator' retrieved from /home/airflow/.local/lib/python3.8/site-packages/airflow/example_dags/example_python_decorator.py
[2026-03-18T08:02:04.429+0000] {logging_mixin.py:188} INFO - [2026-03-18T08:02:04.429+0000] {dag.py:3036} INFO - Sync 1 DAGs
[2026-03-18T08:02:04.436+0000] {logging_mixin.py:188} INFO - [2026-03-18T08:02:04.436+0000] {dag.py:3823} INFO - Setting next_dagrun for example_python_decorator to None, run_after=None
[2026-03-18T08:02:04.452+0000] {processor.py:183} INFO - Processing /home/airflow/.local/lib/python3.8/site-packages/airflow/example_dags/example_python_decorator.py took 0.046 seconds
[2026-03-18T08:02:35.008+0000] {processor.py:161} INFO - Started process (PID=351) to work on /home/airflow/.local/lib/python3.8/site-packages/airflow/example_dags/example_python_decorator.py
[2026-03-18T08:02:35.009+0000] {processor.py:830} INFO - Processing file /home/airflow/.local/lib/python3.8/site-packages/airflow/example_dags/example_python_decorator.py for tasks to queue
[2026-03-18T08:02:35.010+0000] {logging_mixin.py:188} INFO - [2026-03-18T08:02:35.010+0000] {dagbag.py:538} INFO - Filling up the DagBag from /home/airflow/.local/lib/python3.8/site-packages/airflow/example_dags/example_python_decorator.py
[2026-03-18T08:02:35.016+0000] {processor.py:840} INFO - DAG(s) 'example_python_decorator' retrieved from /home/airflow/.local/lib/python3.8/site-packages/airflow/example_dags/example_python_decorator.py
[2026-03-18T08:02:35.025+0000] {logging_mixin.py:188} INFO - [2026-03-18T08:02:35.025+0000] {dag.py:3036} INFO - Sync 1 DAGs
[2026-03-18T08:02:35.031+0000] {logging_mixin.py:188} INFO - [2026-03-18T08:02:35.031+0000] {dag.py:3823} INFO - Setting next_dagrun for example_python_decorator to None, run_after=None
[2026-03-18T08:02:35.044+0000] {processor.py:183} INFO - Processing /home/airflow/.local/lib/python3.8/site-packages/airflow/example_dags/example_python_decorator.py took 0.038 seconds
[2026-03-18T08:03:05.591+0000] {processor.py:161} INFO - Started process (PID=413) to work on /home/airflow/.local/lib/python3.8/site-packages/airflow/example_dags/example_python_decorator.py
[2026-03-18T08:03:05.592+0000] {processor.py:830} INFO - Processing file /home/airflow/.local/lib/python3.8/site-packages/airflow/example_dags/example_python_decorator.py for tasks to queue
[2026-03-18T08:03:05.595+0000] {logging_mixin.py:188} INFO - [2026-03-18T08:03:05.595+0000] {dagbag.py:538} INFO - Filling up the DagBag from /home/airflow/.local/lib/python3.8/site-packages/airflow/example_dags/example_python_decorator.py
[2026-03-18T08:03:05.600+0000] {processor.py:840} INFO - DAG(s) 'example_python_decorator' retrieved from /home/airflow/.local/lib/python3.8/site-packages/airflow/example_dags/example_python_decorator.py
[2026-03-18T08:03:05.610+0000] {logging_mixin.py:188} INFO - [2026-03-18T08:03:05.610+0000] {dag.py:3036} INFO - Sync 1 DAGs
[2026-03-18T08:03:05.615+0000] {logging_mixin.py:188} INFO - [2026-03-18T08:03:05.615+0000] {dag.py:3823} INFO - Setting next_dagrun for example_python_decorator to None, run_after=None
[2026-03-18T08:03:05.623+0000] {processor.py:183} INFO - Processing /home/airflow/.local/lib/python3.8/site-packages/airflow/example_dags/example_python_decorator.py took 0.034 seconds
[2026-03-18T08:03:36.211+0000] {processor.py:161} INFO - Started process (PID=469) to work on /home/airflow/.local/lib/python3.8/site-packages/airflow/example_dags/example_python_decorator.py
[2026-03-18T08:03:36.211+0000] {processor.py:830} INFO - Processing file /home/airflow/.local/lib/python3.8/site-packages/airflow/example_dags/example_python_decorator.py for tasks to queue
[2026-03-18T08:03:36.213+0000] {logging_mixin.py:188} INFO - [2026-03-18T08:03:36.213+0000] {dagbag.py:538} INFO - Filling up the DagBag from /home/airflow/.local/lib/python3.8/site-packages/airflow/example_dags/example_python_decorator.py
[2026-03-18T08:03:36.220+0000] {processor.py:840} INFO - DAG(s) 'example_python_decorator' retrieved from /home/airflow/.local/lib/python3.8/site-packages/airflow/example_dags/example_python_decorator.py
[2026-03-18T08:03:36.234+0000] {logging_mixin.py:188} INFO - [2026-03-18T08:03:36.234+0000] {dag.py:3036} INFO - Sync 1 DAGs
[2026-03-18T08:03:36.239+0000] {logging_mixin.py:188} INFO - [2026-03-18T08:03:36.239+0000] {dag.py:3823} INFO - Setting next_dagrun for example_python_decorator to None, run_after=None
[2026-03-18T08:03:36.247+0000] {processor.py:183} INFO - Processing /home/airflow/.local/lib/python3.8/site-packages/airflow/example_dags/example_python_decorator.py took 0.039 seconds
[2026-03-18T08:04:06.778+0000] {processor.py:161} INFO - Started process (PID=525) to work on /home/airflow/.local/lib/python3.8/site-packages/airflow/example_dags/example_python_decorator.py
[2026-03-18T08:04:06.779+0000] {processor.py:830} INFO - Processing file /home/airflow/.local/lib/python3.8/site-packages/airflow/example_dags/example_python_decorator.py for tasks to queue
[2026-03-18T08:04:06.779+0000] {logging_mixin.py:188} INFO - [2026-03-18T08:04:06.779+0000] {dagbag.py:538} INFO - Filling up the DagBag from /home/airflow/.local/lib/python3.8/site-packages/airflow/example_dags/example_python_decorator.py
[2026-03-18T08:04:06.785+0000] {processor.py:840} INFO - DAG(s) 'example_python_decorator' retrieved from /home/airflow/.local/lib/python3.8/site-packages/airflow/example_dags/example_python_decorator.py
[2026-03-18T08:04:06.797+0000] {logging_mixin.py:188} INFO - [2026-03-18T08:04:06.797+0000] {dag.py:3036} INFO - Sync 1 DAGs
[2026-03-18T08:04:06.806+0000] {logging_mixin.py:188} INFO - [2026-03-18T08:04:06.806+0000] {dag.py:3823} INFO - Setting next_dagrun for example_python_decorator to None, run_after=None
[2026-03-18T08:04:06.819+0000] {processor.py:183} INFO - Processing /home/airflow/.local/lib/python3.8/site-packages/airflow/example_dags/example_python_decorator.py took 0.043 seconds
[2026-03-18T08:04:29.670+0000] {processor.py:161} INFO - Started process (PID=73) to work on /home/airflow/.local/lib/python3.8/site-packages/airflow/example_dags/example_python_decorator.py
[2026-03-18T08:04:29.672+0000] {processor.py:830} INFO - Processing file /home/airflow/.local/lib/python3.8/site-packages/airflow/example_dags/example_python_decorator.py for tasks to queue
[2026-03-18T08:04:29.675+0000] {logging_mixin.py:188} INFO - [2026-03-18T08:04:29.675+0000] {dagbag.py:538} INFO - Filling up the DagBag from /home/airflow/.local/lib/python3.8/site-packages/airflow/example_dags/example_python_decorator.py
[2026-03-18T08:04:29.683+0000] {processor.py:840} INFO - DAG(s) 'example_python_decorator' retrieved from /home/airflow/.local/lib/python3.8/site-packages/airflow/example_dags/example_python_decorator.py
[2026-03-18T08:04:29.695+0000] {logging_mixin.py:188} INFO - [2026-03-18T08:04:29.695+0000] {dag.py:3036} INFO - Sync 1 DAGs
[2026-03-18T08:04:29.702+0000] {logging_mixin.py:188} INFO - [2026-03-18T08:04:29.702+0000] {dag.py:3823} INFO - Setting next_dagrun for example_python_decorator to None, run_after=None
[2026-03-18T08:04:29.719+0000] {processor.py:183} INFO - Processing /home/airflow/.local/lib/python3.8/site-packages/airflow/example_dags/example_python_decorator.py took 0.052 seconds
[2026-03-18T08:05:00.284+0000] {processor.py:161} INFO - Started process (PID=129) to work on /home/airflow/.local/lib/python3.8/site-packages/airflow/example_dags/example_python_decorator.py
[2026-03-18T08:05:00.284+0000] {processor.py:830} INFO - Processing file /home/airflow/.local/lib/python3.8/site-packages/airflow/example_dags/example_python_decorator.py for tasks to queue
[2026-03-18T08:05:00.285+0000] {logging_mixin.py:188} INFO - [2026-03-18T08:05:00.285+0000] {dagbag.py:538} INFO - Filling up the DagBag from /home/airflow/.local/lib/python3.8/site-packages/airflow/example_dags/example_python_decorator.py
[2026-03-18T08:05:00.291+0000] {processor.py:840} INFO - DAG(s) 'example_python_decorator' retrieved from /home/airflow/.local/lib/python3.8/site-packages/airflow/example_dags/example_python_decorator.py
[2026-03-18T08:05:00.342+0000] {logging_mixin.py:188} INFO - [2026-03-18T08:05:00.342+0000] {dag.py:3036} INFO - Sync 1 DAGs
[2026-03-18T08:05:00.346+0000] {logging_mixin.py:188} INFO - [2026-03-18T08:05:00.345+0000] {dag.py:3823} INFO - Setting next_dagrun for example_python_decorator to None, run_after=None
[2026-03-18T08:05:00.357+0000] {processor.py:183} INFO - Processing /home/airflow/.local/lib/python3.8/site-packages/airflow/example_dags/example_python_decorator.py took 0.075 seconds
[2026-03-18T08:05:31.245+0000] {processor.py:161} INFO - Started process (PID=184) to work on /home/airflow/.local/lib/python3.8/site-packages/airflow/example_dags/example_python_decorator.py
[2026-03-18T08:05:31.247+0000] {processor.py:830} INFO - Processing file /home/airflow/.local/lib/python3.8/site-packages/airflow/example_dags/example_python_decorator.py for tasks to queue
[2026-03-18T08:05:31.249+0000] {logging_mixin.py:188} INFO - [2026-03-18T08:05:31.248+0000] {dagbag.py:538} INFO - Filling up the DagBag from /home/airflow/.local/lib/python3.8/site-packages/airflow/example_dags/example_python_decorator.py
[2026-03-18T08:05:31.258+0000] {processor.py:840} INFO - DAG(s) 'example_python_decorator' retrieved from /home/airflow/.local/lib/python3.8/site-packages/airflow/example_dags/example_python_decorator.py
[2026-03-18T08:05:31.274+0000] {logging_mixin.py:188} INFO - [2026-03-18T08:05:31.274+0000] {dag.py:3036} INFO - Sync 1 DAGs
[2026-03-18T08:05:31.279+0000] {logging_mixin.py:188} INFO - [2026-03-18T08:05:31.279+0000] {dag.py:3823} INFO - Setting next_dagrun for example_python_decorator to None, run_after=None
[2026-03-18T08:05:31.295+0000] {processor.py:183} INFO - Processing /home/airflow/.local/lib/python3.8/site-packages/airflow/example_dags/example_python_decorator.py took 0.052 seconds
[2026-03-18T08:06:14.869+0000] {processor.py:161} INFO - Started process (PID=119) to work on /home/airflow/.local/lib/python3.8/site-packages/airflow/example_dags/example_python_decorator.py
[2026-03-18T08:06:14.870+0000] {processor.py:830} INFO - Processing file /home/airflow/.local/lib/python3.8/site-packages/airflow/example_dags/example_python_decorator.py for tasks to queue
[2026-03-18T08:06:14.871+0000] {logging_mixin.py:188} INFO - [2026-03-18T08:06:14.871+0000] {dagbag.py:538} INFO - Filling up the DagBag from /home/airflow/.local/lib/python3.8/site-packages/airflow/example_dags/example_python_decorator.py
[2026-03-18T08:06:14.878+0000] {processor.py:840} INFO - DAG(s) 'example_python_decorator' retrieved from /home/airflow/.local/lib/python3.8/site-packages/airflow/example_dags/example_python_decorator.py
[2026-03-18T08:06:14.925+0000] {logging_mixin.py:188} INFO - [2026-03-18T08:06:14.925+0000] {dag.py:3036} INFO - Sync 1 DAGs
[2026-03-18T08:06:14.930+0000] {logging_mixin.py:188} INFO - [2026-03-18T08:06:14.930+0000] {dag.py:3823} INFO - Setting next_dagrun for example_python_decorator to None, run_after=None
[2026-03-18T08:06:14.943+0000] {processor.py:183} INFO - Processing /home/airflow/.local/lib/python3.8/site-packages/airflow/example_dags/example_python_decorator.py took 0.076 seconds
[2026-03-18T08:06:45.509+0000] {processor.py:161} INFO - Started process (PID=175) to work on /home/airflow/.local/lib/python3.8/site-packages/airflow/example_dags/example_python_decorator.py
[2026-03-18T08:06:45.511+0000] {processor.py:830} INFO - Processing file /home/airflow/.local/lib/python3.8/site-packages/airflow/example_dags/example_python_decorator.py for tasks to queue
[2026-03-18T08:06:45.512+0000] {logging_mixin.py:188} INFO - [2026-03-18T08:06:45.512+0000] {dagbag.py:538} INFO - Filling up the DagBag from /home/airflow/.local/lib/python3.8/site-packages/airflow/example_dags/example_python_decorator.py
[2026-03-18T08:06:45.527+0000] {processor.py:840} INFO - DAG(s) 'example_python_decorator' retrieved from /home/airflow/.local/lib/python3.8/site-packages/airflow/example_dags/example_python_decorator.py
[2026-03-18T08:06:45.541+0000] {logging_mixin.py:188} INFO - [2026-03-18T08:06:45.541+0000] {dag.py:3036} INFO - Sync 1 DAGs
[2026-03-18T08:06:45.548+0000] {logging_mixin.py:188} INFO - [2026-03-18T08:06:45.548+0000] {dag.py:3823} INFO - Setting next_dagrun for example_python_decorator to None, run_after=None
[2026-03-18T08:06:45.561+0000] {processor.py:183} INFO - Processing /home/airflow/.local/lib/python3.8/site-packages/airflow/example_dags/example_python_decorator.py took 0.054 seconds
[2026-03-18T08:07:16.189+0000] {processor.py:161} INFO - Started process (PID=237) to work on /home/airflow/.local/lib/python3.8/site-packages/airflow/example_dags/example_python_decorator.py
[2026-03-18T08:07:16.190+0000] {processor.py:830} INFO - Processing file /home/airflow/.local/lib/python3.8/site-packages/airflow/example_dags/example_python_decorator.py for tasks to queue
[2026-03-18T08:07:16.191+0000] {logging_mixin.py:188} INFO - [2026-03-18T08:07:16.191+0000] {dagbag.py:538} INFO - Filling up the DagBag from /home/airflow/.local/lib/python3.8/site-packages/airflow/example_dags/example_python_decorator.py
[2026-03-18T08:07:16.196+0000] {processor.py:840} INFO - DAG(s) 'example_python_decorator' retrieved from /home/airflow/.local/lib/python3.8/site-packages/airflow/example_dags/example_python_decorator.py
[2026-03-18T08:07:16.206+0000] {logging_mixin.py:188} INFO - [2026-03-18T08:07:16.205+0000] {dag.py:3036} INFO - Sync 1 DAGs
[2026-03-18T08:07:16.212+0000] {logging_mixin.py:188} INFO - [2026-03-18T08:07:16.212+0000] {dag.py:3823} INFO - Setting next_dagrun for example_python_decorator to None, run_after=None
[2026-03-18T08:07:16.225+0000] {processor.py:183} INFO - Processing /home/airflow/.local/lib/python3.8/site-packages/airflow/example_dags/example_python_decorator.py took 0.037 seconds
[2026-03-18T08:07:46.697+0000] {processor.py:161} INFO - Started process (PID=293) to work on /home/airflow/.local/lib/python3.8/site-packages/airflow/example_dags/example_python_decorator.py
[2026-03-18T08:07:46.697+0000] {processor.py:830} INFO - Processing file /home/airflow/.local/lib/python3.8/site-packages/airflow/example_dags/example_python_decorator.py for tasks to queue
[2026-03-18T08:07:46.698+0000] {logging_mixin.py:188} INFO - [2026-03-18T08:07:46.698+0000] {dagbag.py:538} INFO - Filling up the DagBag from /home/airflow/.local/lib/python3.8/site-packages/airflow/example_dags/example_python_decorator.py
[2026-03-18T08:07:46.704+0000] {processor.py:840} INFO - DAG(s) 'example_python_decorator' retrieved from /home/airflow/.local/lib/python3.8/site-packages/airflow/example_dags/example_python_decorator.py
[2026-03-18T08:07:46.713+0000] {logging_mixin.py:188} INFO - [2026-03-18T08:07:46.713+0000] {dag.py:3036} INFO - Sync 1 DAGs
[2026-03-18T08:07:46.719+0000] {logging_mixin.py:188} INFO - [2026-03-18T08:07:46.718+0000] {dag.py:3823} INFO - Setting next_dagrun for example_python_decorator to None, run_after=None
[2026-03-18T08:07:46.729+0000] {processor.py:183} INFO - Processing /home/airflow/.local/lib/python3.8/site-packages/airflow/example_dags/example_python_decorator.py took 0.034 seconds
[2026-03-18T08:08:17.198+0000] {processor.py:161} INFO - Started process (PID=349) to work on /home/airflow/.local/lib/python3.8/site-packages/airflow/example_dags/example_python_decorator.py
[2026-03-18T08:08:17.198+0000] {processor.py:830} INFO - Processing file /home/airflow/.local/lib/python3.8/site-packages/airflow/example_dags/example_python_decorator.py for tasks to queue
[2026-03-18T08:08:17.199+0000] {logging_mixin.py:188} INFO - [2026-03-18T08:08:17.199+0000] {dagbag.py:538} INFO - Filling up the DagBag from /home/airflow/.local/lib/python3.8/site-packages/airflow/example_dags/example_python_decorator.py
[2026-03-18T08:08:17.205+0000] {processor.py:840} INFO - DAG(s) 'example_python_decorator' retrieved from /home/airflow/.local/lib/python3.8/site-packages/airflow/example_dags/example_python_decorator.py
[2026-03-18T08:08:17.214+0000] {logging_mixin.py:188} INFO - [2026-03-18T08:08:17.214+0000] {dag.py:3036} INFO - Sync 1 DAGs
[2026-03-18T08:08:17.219+0000] {logging_mixin.py:188} INFO - [2026-03-18T08:08:17.219+0000] {dag.py:3823} INFO - Setting next_dagrun for example_python_decorator to None, run_after=None
[2026-03-18T08:08:17.229+0000] {processor.py:183} INFO - Processing /home/airflow/.local/lib/python3.8/site-packages/airflow/example_dags/example_python_decorator.py took 0.033 seconds
[2026-03-18T08:08:47.752+0000] {processor.py:161} INFO - Started process (PID=405) to work on /home/airflow/.local/lib/python3.8/site-packages/airflow/example_dags/example_python_decorator.py
[2026-03-18T08:08:47.757+0000] {processor.py:830} INFO - Processing file /home/airflow/.local/lib/python3.8/site-packages/airflow/example_dags/example_python_decorator.py for tasks to queue
[2026-03-18T08:08:47.757+0000] {logging_mixin.py:188} INFO - [2026-03-18T08:08:47.757+0000] {dagbag.py:538} INFO - Filling up the DagBag from /home/airflow/.local/lib/python3.8/site-packages/airflow/example_dags/example_python_decorator.py
[2026-03-18T08:08:47.763+0000] {processor.py:840} INFO - DAG(s) 'example_python_decorator' retrieved from /home/airflow/.local/lib/python3.8/site-packages/airflow/example_dags/example_python_decorator.py
[2026-03-18T08:08:47.777+0000] {logging_mixin.py:188} INFO - [2026-03-18T08:08:47.777+0000] {dag.py:3036} INFO - Sync 1 DAGs
[2026-03-18T08:08:47.781+0000] {logging_mixin.py:188} INFO - [2026-03-18T08:08:47.781+0000] {dag.py:3823} INFO - Setting next_dagrun for example_python_decorator to None, run_after=None
[2026-03-18T08:08:47.793+0000] {processor.py:183} INFO - Processing /home/airflow/.local/lib/python3.8/site-packages/airflow/example_dags/example_python_decorator.py took 0.042 seconds
[2026-03-18T08:09:18.274+0000] {processor.py:161} INFO - Started process (PID=461) to work on /home/airflow/.local/lib/python3.8/site-packages/airflow/example_dags/example_python_decorator.py
[2026-03-18T08:09:18.275+0000] {processor.py:830} INFO - Processing file /home/airflow/.local/lib/python3.8/site-packages/airflow/example_dags/example_python_decorator.py for tasks to queue
[2026-03-18T08:09:18.276+0000] {logging_mixin.py:188} INFO - [2026-03-18T08:09:18.276+0000] {dagbag.py:538} INFO - Filling up the DagBag from /home/airflow/.local/lib/python3.8/site-packages/airflow/example_dags/example_python_decorator.py
[2026-03-18T08:09:18.284+0000] {processor.py:840} INFO - DAG(s) 'example_python_decorator' retrieved from /home/airflow/.local/lib/python3.8/site-packages/airflow/example_dags/example_python_decorator.py
[2026-03-18T08:09:18.297+0000] {logging_mixin.py:188} INFO - [2026-03-18T08:09:18.297+0000] {dag.py:3036} INFO - Sync 1 DAGs
[2026-03-18T08:09:18.303+0000] {logging_mixin.py:188} INFO - [2026-03-18T08:09:18.303+0000] {dag.py:3823} INFO - Setting next_dagrun for example_python_decorator to None, run_after=None
[2026-03-18T08:09:18.310+0000] {processor.py:183} INFO - Processing /home/airflow/.local/lib/python3.8/site-packages/airflow/example_dags/example_python_decorator.py took 0.038 seconds
[2026-03-18T08:09:48.782+0000] {processor.py:161} INFO - Started process (PID=517) to work on /home/airflow/.local/lib/python3.8/site-packages/airflow/example_dags/example_python_decorator.py
[2026-03-18T08:09:48.783+0000] {processor.py:830} INFO - Processing file /home/airflow/.local/lib/python3.8/site-packages/airflow/example_dags/example_python_decorator.py for tasks to queue
[2026-03-18T08:09:48.784+0000] {logging_mixin.py:188} INFO - [2026-03-18T08:09:48.784+0000] {dagbag.py:538} INFO - Filling up the DagBag from /home/airflow/.local/lib/python3.8/site-packages/airflow/example_dags/example_python_decorator.py
[2026-03-18T08:09:48.789+0000] {processor.py:840} INFO - DAG(s) 'example_python_decorator' retrieved from /home/airflow/.local/lib/python3.8/site-packages/airflow/example_dags/example_python_decorator.py
[2026-03-18T08:09:48.797+0000] {logging_mixin.py:188} INFO - [2026-03-18T08:09:48.797+0000] {dag.py:3036} INFO - Sync 1 DAGs
[2026-03-18T08:09:48.804+0000] {logging_mixin.py:188} INFO - [2026-03-18T08:09:48.804+0000] {dag.py:3823} INFO - Setting next_dagrun for example_python_decorator to None, run_after=None
[2026-03-18T08:09:48.813+0000] {processor.py:183} INFO - Processing /home/airflow/.local/lib/python3.8/site-packages/airflow/example_dags/example_python_decorator.py took 0.033 seconds
[2026-03-18T08:10:19.337+0000] {processor.py:161} INFO - Started process (PID=573) to work on /home/airflow/.local/lib/python3.8/site-packages/airflow/example_dags/example_python_decorator.py
[2026-03-18T08:10:19.339+0000] {processor.py:830} INFO - Processing file /home/airflow/.local/lib/python3.8/site-packages/airflow/example_dags/example_python_decorator.py for tasks to queue
[2026-03-18T08:10:19.340+0000] {logging_mixin.py:188} INFO - [2026-03-18T08:10:19.340+0000] {dagbag.py:538} INFO - Filling up the DagBag from /home/airflow/.local/lib/python3.8/site-packages/airflow/example_dags/example_python_decorator.py
[2026-03-18T08:10:19.349+0000] {processor.py:840} INFO - DAG(s) 'example_python_decorator' retrieved from /home/airflow/.local/lib/python3.8/site-packages/airflow/example_dags/example_python_decorator.py
[2026-03-18T08:10:19.363+0000] {logging_mixin.py:188} INFO - [2026-03-18T08:10:19.362+0000] {dag.py:3036} INFO - Sync 1 DAGs
[2026-03-18T08:10:19.368+0000] {logging_mixin.py:188} INFO - [2026-03-18T08:10:19.368+0000] {dag.py:3823} INFO - Setting next_dagrun for example_python_decorator to None, run_after=None
[2026-03-18T08:10:19.378+0000] {processor.py:183} INFO - Processing /home/airflow/.local/lib/python3.8/site-packages/airflow/example_dags/example_python_decorator.py took 0.043 seconds
[2026-03-18T08:10:49.852+0000] {processor.py:161} INFO - Started process (PID=629) to work on /home/airflow/.local/lib/python3.8/site-packages/airflow/example_dags/example_python_decorator.py
[2026-03-18T08:10:49.853+0000] {processor.py:830} INFO - Processing file /home/airflow/.local/lib/python3.8/site-packages/airflow/example_dags/example_python_decorator.py for tasks to queue
[2026-03-18T08:10:49.855+0000] {logging_mixin.py:188} INFO - [2026-03-18T08:10:49.855+0000] {dagbag.py:538} INFO - Filling up the DagBag from /home/airflow/.local/lib/python3.8/site-packages/airflow/example_dags/example_python_decorator.py
[2026-03-18T08:10:49.861+0000] {processor.py:840} INFO - DAG(s) 'example_python_decorator' retrieved from /home/airflow/.local/lib/python3.8/site-packages/airflow/example_dags/example_python_decorator.py
[2026-03-18T08:10:49.875+0000] {logging_mixin.py:188} INFO - [2026-03-18T08:10:49.875+0000] {dag.py:3036} INFO - Sync 1 DAGs
[2026-03-18T08:10:49.881+0000] {logging_mixin.py:188} INFO - [2026-03-18T08:10:49.881+0000] {dag.py:3823} INFO - Setting next_dagrun for example_python_decorator to None, run_after=None
[2026-03-18T08:10:49.887+0000] {processor.py:183} INFO - Processing /home/airflow/.local/lib/python3.8/site-packages/airflow/example_dags/example_python_decorator.py took 0.036 seconds
[2026-03-18T08:11:20.331+0000] {processor.py:161} INFO - Started process (PID=685) to work on /home/airflow/.local/lib/python3.8/site-packages/airflow/example_dags/example_python_decorator.py
[2026-03-18T08:11:20.332+0000] {processor.py:830} INFO - Processing file /home/airflow/.local/lib/python3.8/site-packages/airflow/example_dags/example_python_decorator.py for tasks to queue
[2026-03-18T08:11:20.333+0000] {logging_mixin.py:188} INFO - [2026-03-18T08:11:20.332+0000] {dagbag.py:538} INFO - Filling up the DagBag from /home/airflow/.local/lib/python3.8/site-packages/airflow/example_dags/example_python_decorator.py
[2026-03-18T08:11:20.338+0000] {processor.py:840} INFO - DAG(s) 'example_python_decorator' retrieved from /home/airflow/.local/lib/python3.8/site-packages/airflow/example_dags/example_python_decorator.py
[2026-03-18T08:11:20.346+0000] {logging_mixin.py:188} INFO - [2026-03-18T08:11:20.346+0000] {dag.py:3036} INFO - Sync 1 DAGs
[2026-03-18T08:11:20.351+0000] {logging_mixin.py:188} INFO - [2026-03-18T08:11:20.351+0000] {dag.py:3823} INFO - Setting next_dagrun for example_python_decorator to None, run_after=None
[2026-03-18T08:11:20.362+0000] {processor.py:183} INFO - Processing /home/airflow/.local/lib/python3.8/site-packages/airflow/example_dags/example_python_decorator.py took 0.032 seconds
[2026-03-18T08:11:50.880+0000] {processor.py:161} INFO - Started process (PID=741) to work on /home/airflow/.local/lib/python3.8/site-packages/airflow/example_dags/example_python_decorator.py
[2026-03-18T08:11:50.880+0000] {processor.py:830} INFO - Processing file /home/airflow/.local/lib/python3.8/site-packages/airflow/example_dags/example_python_decorator.py for tasks to queue
[2026-03-18T08:11:50.881+0000] {logging_mixin.py:188} INFO - [2026-03-18T08:11:50.881+0000] {dagbag.py:538} INFO - Filling up the DagBag from /home/airflow/.local/lib/python3.8/site-packages/airflow/example_dags/example_python_decorator.py
[2026-03-18T08:11:50.887+0000] {processor.py:840} INFO - DAG(s) 'example_python_decorator' retrieved from /home/airflow/.local/lib/python3.8/site-packages/airflow/example_dags/example_python_decorator.py
[2026-03-18T08:11:50.899+0000] {logging_mixin.py:188} INFO - [2026-03-18T08:11:50.899+0000] {dag.py:3036} INFO - Sync 1 DAGs
[2026-03-18T08:11:50.904+0000] {logging_mixin.py:188} INFO - [2026-03-18T08:11:50.904+0000] {dag.py:3823} INFO - Setting next_dagrun for example_python_decorator to None, run_after=None
[2026-03-18T08:11:50.913+0000] {processor.py:183} INFO - Processing /home/airflow/.local/lib/python3.8/site-packages/airflow/example_dags/example_python_decorator.py took 0.035 seconds
[2026-03-18T08:12:21.455+0000] {processor.py:161} INFO - Started process (PID=797) to work on /home/airflow/.local/lib/python3.8/site-packages/airflow/example_dags/example_python_decorator.py
[2026-03-18T08:12:21.456+0000] {processor.py:830} INFO - Processing file /home/airflow/.local/lib/python3.8/site-packages/airflow/example_dags/example_python_decorator.py for tasks to queue
[2026-03-18T08:12:21.457+0000] {logging_mixin.py:188} INFO - [2026-03-18T08:12:21.456+0000] {dagbag.py:538} INFO - Filling up the DagBag from /home/airflow/.local/lib/python3.8/site-packages/airflow/example_dags/example_python_decorator.py
[2026-03-18T08:12:21.463+0000] {processor.py:840} INFO - DAG(s) 'example_python_decorator' retrieved from /home/airflow/.local/lib/python3.8/site-packages/airflow/example_dags/example_python_decorator.py
[2026-03-18T08:12:21.477+0000] {logging_mixin.py:188} INFO - [2026-03-18T08:12:21.477+0000] {dag.py:3036} INFO - Sync 1 DAGs
[2026-03-18T08:12:21.482+0000] {logging_mixin.py:188} INFO - [2026-03-18T08:12:21.482+0000] {dag.py:3823} INFO - Setting next_dagrun for example_python_decorator to None, run_after=None
[2026-03-18T08:12:21.490+0000] {processor.py:183} INFO - Processing /home/airflow/.local/lib/python3.8/site-packages/airflow/example_dags/example_python_decorator.py took 0.036 seconds
[2026-03-18T08:12:51.801+0000] {processor.py:161} INFO - Started process (PID=853) to work on /home/airflow/.local/lib/python3.8/site-packages/airflow/example_dags/example_python_decorator.py
[2026-03-18T08:12:51.803+0000] {processor.py:830} INFO - Processing file /home/airflow/.local/lib/python3.8/site-packages/airflow/example_dags/example_python_decorator.py for tasks to queue
[2026-03-18T08:12:51.804+0000] {logging_mixin.py:188} INFO - [2026-03-18T08:12:51.804+0000] {dagbag.py:538} INFO - Filling up the DagBag from /home/airflow/.local/lib/python3.8/site-packages/airflow/example_dags/example_python_decorator.py
[2026-03-18T08:12:51.811+0000] {processor.py:840} INFO - DAG(s) 'example_python_decorator' retrieved from /home/airflow/.local/lib/python3.8/site-packages/airflow/example_dags/example_python_decorator.py
[2026-03-18T08:12:51.823+0000] {logging_mixin.py:188} INFO - [2026-03-18T08:12:51.823+0000] {dag.py:3036} INFO - Sync 1 DAGs
[2026-03-18T08:12:51.830+0000] {logging_mixin.py:188} INFO - [2026-03-18T08:12:51.830+0000] {dag.py:3823} INFO - Setting next_dagrun for example_python_decorator to None, run_after=None
[2026-03-18T08:12:51.838+0000] {processor.py:183} INFO - Processing /home/airflow/.local/lib/python3.8/site-packages/airflow/example_dags/example_python_decorator.py took 0.038 seconds
[2026-03-18T08:13:22.295+0000] {processor.py:161} INFO - Started process (PID=909) to work on /home/airflow/.local/lib/python3.8/site-packages/airflow/example_dags/example_python_decorator.py
[2026-03-18T08:13:22.298+0000] {processor.py:830} INFO - Processing file /home/airflow/.local/lib/python3.8/site-packages/airflow/example_dags/example_python_decorator.py for tasks to queue
[2026-03-18T08:13:22.299+0000] {logging_mixin.py:188} INFO - [2026-03-18T08:13:22.299+0000] {dagbag.py:538} INFO - Filling up the DagBag from /home/airflow/.local/lib/python3.8/site-packages/airflow/example_dags/example_python_decorator.py
[2026-03-18T08:13:22.305+0000] {processor.py:840} INFO - DAG(s) 'example_python_decorator' retrieved from /home/airflow/.local/lib/python3.8/site-packages/airflow/example_dags/example_python_decorator.py
[2026-03-18T08:13:22.315+0000] {logging_mixin.py:188} INFO - [2026-03-18T08:13:22.315+0000] {dag.py:3036} INFO - Sync 1 DAGs
[2026-03-18T08:13:22.320+0000] {logging_mixin.py:188} INFO - [2026-03-18T08:13:22.320+0000] {dag.py:3823} INFO - Setting next_dagrun for example_python_decorator to None, run_after=None
[2026-03-18T08:13:22.328+0000] {processor.py:183} INFO - Processing /home/airflow/.local/lib/python3.8/site-packages/airflow/example_dags/example_python_decorator.py took 0.035 seconds
[2026-03-18T08:13:52.849+0000] {processor.py:161} INFO - Started process (PID=965) to work on /home/airflow/.local/lib/python3.8/site-packages/airflow/example_dags/example_python_decorator.py
[2026-03-18T08:13:52.850+0000] {processor.py:830} INFO - Processing file /home/airflow/.local/lib/python3.8/site-packages/airflow/example_dags/example_python_decorator.py for tasks to queue
[2026-03-18T08:13:52.851+0000] {logging_mixin.py:188} INFO - [2026-03-18T08:13:52.851+0000] {dagbag.py:538} INFO - Filling up the DagBag from /home/airflow/.local/lib/python3.8/site-packages/airflow/example_dags/example_python_decorator.py
[2026-03-18T08:13:52.858+0000] {processor.py:840} INFO - DAG(s) 'example_python_decorator' retrieved from /home/airflow/.local/lib/python3.8/site-packages/airflow/example_dags/example_python_decorator.py
[2026-03-18T08:13:52.869+0000] {logging_mixin.py:188} INFO - [2026-03-18T08:13:52.869+0000] {dag.py:3036} INFO - Sync 1 DAGs
[2026-03-18T08:13:52.875+0000] {logging_mixin.py:188} INFO - [2026-03-18T08:13:52.875+0000] {dag.py:3823} INFO - Setting next_dagrun for example_python_decorator to None, run_after=None
[2026-03-18T08:13:52.881+0000] {processor.py:183} INFO - Processing /home/airflow/.local/lib/python3.8/site-packages/airflow/example_dags/example_python_decorator.py took 0.034 seconds
[2026-03-18T08:14:23.477+0000] {processor.py:161} INFO - Started process (PID=1021) to work on /home/airflow/.local/lib/python3.8/site-packages/airflow/example_dags/example_python_decorator.py
[2026-03-18T08:14:23.478+0000] {processor.py:830} INFO - Processing file /home/airflow/.local/lib/python3.8/site-packages/airflow/example_dags/example_python_decorator.py for tasks to queue
[2026-03-18T08:14:23.478+0000] {logging_mixin.py:188} INFO - [2026-03-18T08:14:23.478+0000] {dagbag.py:538} INFO - Filling up the DagBag from /home/airflow/.local/lib/python3.8/site-packages/airflow/example_dags/example_python_decorator.py
[2026-03-18T08:14:23.485+0000] {processor.py:840} INFO - DAG(s) 'example_python_decorator' retrieved from /home/airflow/.local/lib/python3.8/site-packages/airflow/example_dags/example_python_decorator.py
[2026-03-18T08:14:23.501+0000] {logging_mixin.py:188} INFO - [2026-03-18T08:14:23.501+0000] {dag.py:3036} INFO - Sync 1 DAGs
[2026-03-18T08:14:23.508+0000] {logging_mixin.py:188} INFO - [2026-03-18T08:14:23.508+0000] {dag.py:3823} INFO - Setting next_dagrun for example_python_decorator to None, run_after=None
[2026-03-18T08:14:23.515+0000] {processor.py:183} INFO - Processing /home/airflow/.local/lib/python3.8/site-packages/airflow/example_dags/example_python_decorator.py took 0.041 seconds
[2026-03-18T08:14:54.010+0000] {processor.py:161} INFO - Started process (PID=1077) to work on /home/airflow/.local/lib/python3.8/site-packages/airflow/example_dags/example_python_decorator.py
[2026-03-18T08:14:54.011+0000] {processor.py:830} INFO - Processing file /home/airflow/.local/lib/python3.8/site-packages/airflow/example_dags/example_python_decorator.py for tasks to queue
[2026-03-18T08:14:54.013+0000] {logging_mixin.py:188} INFO - [2026-03-18T08:14:54.013+0000] {dagbag.py:538} INFO - Filling up the DagBag from /home/airflow/.local/lib/python3.8/site-packages/airflow/example_dags/example_python_decorator.py
[2026-03-18T08:14:54.020+0000] {processor.py:840} INFO - DAG(s) 'example_python_decorator' retrieved from /home/airflow/.local/lib/python3.8/site-packages/airflow/example_dags/example_python_decorator.py
[2026-03-18T08:14:54.031+0000] {logging_mixin.py:188} INFO - [2026-03-18T08:14:54.031+0000] {dag.py:3036} INFO - Sync 1 DAGs
[2026-03-18T08:14:54.038+0000] {logging_mixin.py:188} INFO - [2026-03-18T08:14:54.038+0000] {dag.py:3823} INFO - Setting next_dagrun for example_python_decorator to None, run_after=None
[2026-03-18T08:14:54.049+0000] {processor.py:183} INFO - Processing /home/airflow/.local/lib/python3.8/site-packages/airflow/example_dags/example_python_decorator.py took 0.040 seconds
[2026-03-18T08:15:24.676+0000] {processor.py:161} INFO - Started process (PID=1133) to work on /home/airflow/.local/lib/python3.8/site-packages/airflow/example_dags/example_python_decorator.py
[2026-03-18T08:15:24.677+0000] {processor.py:830} INFO - Processing file /home/airflow/.local/lib/python3.8/site-packages/airflow/example_dags/example_python_decorator.py for tasks to queue
[2026-03-18T08:15:24.678+0000] {logging_mixin.py:188} INFO - [2026-03-18T08:15:24.678+0000] {dagbag.py:538} INFO - Filling up the DagBag from /home/airflow/.local/lib/python3.8/site-packages/airflow/example_dags/example_python_decorator.py
[2026-03-18T08:15:24.683+0000] {processor.py:840} INFO - DAG(s) 'example_python_decorator' retrieved from /home/airflow/.local/lib/python3.8/site-packages/airflow/example_dags/example_python_decorator.py
[2026-03-18T08:15:24.691+0000] {logging_mixin.py:188} INFO - [2026-03-18T08:15:24.691+0000] {dag.py:3036} INFO - Sync 1 DAGs
[2026-03-18T08:15:24.696+0000] {logging_mixin.py:188} INFO - [2026-03-18T08:15:24.696+0000] {dag.py:3823} INFO - Setting next_dagrun for example_python_decorator to None, run_after=None
[2026-03-18T08:15:24.706+0000] {processor.py:183} INFO - Processing /home/airflow/.local/lib/python3.8/site-packages/airflow/example_dags/example_python_decorator.py took 0.032 seconds
[2026-03-18T08:15:55.201+0000] {processor.py:161} INFO - Started process (PID=1189) to work on /home/airflow/.local/lib/python3.8/site-packages/airflow/example_dags/example_python_decorator.py
[2026-03-18T08:15:55.201+0000] {processor.py:830} INFO - Processing file /home/airflow/.local/lib/python3.8/site-packages/airflow/example_dags/example_python_decorator.py for tasks to queue
[2026-03-18T08:15:55.202+0000] {logging_mixin.py:188} INFO - [2026-03-18T08:15:55.202+0000] {dagbag.py:538} INFO - Filling up the DagBag from /home/airflow/.local/lib/python3.8/site-packages/airflow/example_dags/example_python_decorator.py
[2026-03-18T08:15:55.207+0000] {processor.py:840} INFO - DAG(s) 'example_python_decorator' retrieved from /home/airflow/.local/lib/python3.8/site-packages/airflow/example_dags/example_python_decorator.py
[2026-03-18T08:15:55.215+0000] {logging_mixin.py:188} INFO - [2026-03-18T08:15:55.215+0000] {dag.py:3036} INFO - Sync 1 DAGs
[2026-03-18T08:15:55.219+0000] {logging_mixin.py:188} INFO - [2026-03-18T08:15:55.219+0000] {dag.py:3823} INFO - Setting next_dagrun for example_python_decorator to None, run_after=None
[2026-03-18T08:15:55.228+0000] {processor.py:183} INFO - Processing /home/airflow/.local/lib/python3.8/site-packages/airflow/example_dags/example_python_decorator.py took 0.029 seconds
[2026-03-18T08:16:25.761+0000] {processor.py:161} INFO - Started process (PID=1245) to work on /home/airflow/.local/lib/python3.8/site-packages/airflow/example_dags/example_python_decorator.py
[2026-03-18T08:16:25.762+0000] {processor.py:830} INFO - Processing file /home/airflow/.local/lib/python3.8/site-packages/airflow/example_dags/example_python_decorator.py for tasks to queue
[2026-03-18T08:16:25.762+0000] {logging_mixin.py:188} INFO - [2026-03-18T08:16:25.762+0000] {dagbag.py:538} INFO - Filling up the DagBag from /home/airflow/.local/lib/python3.8/site-packages/airflow/example_dags/example_python_decorator.py
[2026-03-18T08:16:25.768+0000] {processor.py:840} INFO - DAG(s) 'example_python_decorator' retrieved from /home/airflow/.local/lib/python3.8/site-packages/airflow/example_dags/example_python_decorator.py
[2026-03-18T08:16:25.780+0000] {logging_mixin.py:188} INFO - [2026-03-18T08:16:25.780+0000] {dag.py:3036} INFO - Sync 1 DAGs
[2026-03-18T08:16:25.785+0000] {logging_mixin.py:188} INFO - [2026-03-18T08:16:25.785+0000] {dag.py:3823} INFO - Setting next_dagrun for example_python_decorator to None, run_after=None
[2026-03-18T08:16:25.792+0000] {processor.py:183} INFO - Processing /home/airflow/.local/lib/python3.8/site-packages/airflow/example_dags/example_python_decorator.py took 0.032 seconds
[2026-03-18T08:16:56.299+0000] {processor.py:161} INFO - Started process (PID=1302) to work on /home/airflow/.local/lib/python3.8/site-packages/airflow/example_dags/example_python_decorator.py
[2026-03-18T08:16:56.301+0000] {processor.py:830} INFO - Processing file /home/airflow/.local/lib/python3.8/site-packages/airflow/example_dags/example_python_decorator.py for tasks to queue
[2026-03-18T08:16:56.303+0000] {logging_mixin.py:188} INFO - [2026-03-18T08:16:56.302+0000] {dagbag.py:538} INFO - Filling up the DagBag from /home/airflow/.local/lib/python3.8/site-packages/airflow/example_dags/example_python_decorator.py
[2026-03-18T08:16:56.310+0000] {processor.py:840} INFO - DAG(s) 'example_python_decorator' retrieved from /home/airflow/.local/lib/python3.8/site-packages/airflow/example_dags/example_python_decorator.py
[2026-03-18T08:16:56.320+0000] {logging_mixin.py:188} INFO - [2026-03-18T08:16:56.320+0000] {dag.py:3036} INFO - Sync 1 DAGs
[2026-03-18T08:16:56.325+0000] {logging_mixin.py:188} INFO - [2026-03-18T08:16:56.324+0000] {dag.py:3823} INFO - Setting next_dagrun for example_python_decorator to None, run_after=None
[2026-03-18T08:16:56.333+0000] {processor.py:183} INFO - Processing /home/airflow/.local/lib/python3.8/site-packages/airflow/example_dags/example_python_decorator.py took 0.036 seconds
[2026-03-18T08:17:26.889+0000] {processor.py:161} INFO - Started process (PID=1358) to work on /home/airflow/.local/lib/python3.8/site-packages/airflow/example_dags/example_python_decorator.py
[2026-03-18T08:17:26.890+0000] {processor.py:830} INFO - Processing file /home/airflow/.local/lib/python3.8/site-packages/airflow/example_dags/example_python_decorator.py for tasks to queue
[2026-03-18T08:17:26.892+0000] {logging_mixin.py:188} INFO - [2026-03-18T08:17:26.891+0000] {dagbag.py:538} INFO - Filling up the DagBag from /home/airflow/.local/lib/python3.8/site-packages/airflow/example_dags/example_python_decorator.py
[2026-03-18T08:17:26.898+0000] {processor.py:840} INFO - DAG(s) 'example_python_decorator' retrieved from /home/airflow/.local/lib/python3.8/site-packages/airflow/example_dags/example_python_decorator.py
[2026-03-18T08:17:26.909+0000] {logging_mixin.py:188} INFO - [2026-03-18T08:17:26.909+0000] {dag.py:3036} INFO - Sync 1 DAGs
[2026-03-18T08:17:26.915+0000] {logging_mixin.py:188} INFO - [2026-03-18T08:17:26.915+0000] {dag.py:3823} INFO - Setting next_dagrun for example_python_decorator to None, run_after=None
[2026-03-18T08:17:26.924+0000] {processor.py:183} INFO - Processing /home/airflow/.local/lib/python3.8/site-packages/airflow/example_dags/example_python_decorator.py took 0.037 seconds
[2026-03-18T08:17:57.334+0000] {processor.py:161} INFO - Started process (PID=1414) to work on /home/airflow/.local/lib/python3.8/site-packages/airflow/example_dags/example_python_decorator.py
[2026-03-18T08:17:57.336+0000] {processor.py:830} INFO - Processing file /home/airflow/.local/lib/python3.8/site-packages/airflow/example_dags/example_python_decorator.py for tasks to queue
[2026-03-18T08:17:57.336+0000] {logging_mixin.py:188} INFO - [2026-03-18T08:17:57.336+0000] {dagbag.py:538} INFO - Filling up the DagBag from /home/airflow/.local/lib/python3.8/site-packages/airflow/example_dags/example_python_decorator.py
[2026-03-18T08:17:57.342+0000] {processor.py:840} INFO - DAG(s) 'example_python_decorator' retrieved from /home/airflow/.local/lib/python3.8/site-packages/airflow/example_dags/example_python_decorator.py
[2026-03-18T08:17:57.351+0000] {logging_mixin.py:188} INFO - [2026-03-18T08:17:57.351+0000] {dag.py:3036} INFO - Sync 1 DAGs
[2026-03-18T08:17:57.356+0000] {logging_mixin.py:188} INFO - [2026-03-18T08:17:57.356+0000] {dag.py:3823} INFO - Setting next_dagrun for example_python_decorator to None, run_after=None
[2026-03-18T08:17:57.362+0000] {processor.py:183} INFO - Processing /home/airflow/.local/lib/python3.8/site-packages/airflow/example_dags/example_python_decorator.py took 0.029 seconds
[2026-03-18T08:18:27.908+0000] {processor.py:161} INFO - Started process (PID=1470) to work on /home/airflow/.local/lib/python3.8/site-packages/airflow/example_dags/example_python_decorator.py
[2026-03-18T08:18:27.909+0000] {processor.py:830} INFO - Processing file /home/airflow/.local/lib/python3.8/site-packages/airflow/example_dags/example_python_decorator.py for tasks to queue
[2026-03-18T08:18:27.910+0000] {logging_mixin.py:188} INFO - [2026-03-18T08:18:27.910+0000] {dagbag.py:538} INFO - Filling up the DagBag from /home/airflow/.local/lib/python3.8/site-packages/airflow/example_dags/example_python_decorator.py
[2026-03-18T08:18:27.916+0000] {processor.py:840} INFO - DAG(s) 'example_python_decorator' retrieved from /home/airflow/.local/lib/python3.8/site-packages/airflow/example_dags/example_python_decorator.py
[2026-03-18T08:18:27.925+0000] {logging_mixin.py:188} INFO - [2026-03-18T08:18:27.925+0000] {dag.py:3036} INFO - Sync 1 DAGs
[2026-03-18T08:18:27.930+0000] {logging_mixin.py:188} INFO - [2026-03-18T08:18:27.930+0000] {dag.py:3823} INFO - Setting next_dagrun for example_python_decorator to None, run_after=None
[2026-03-18T08:18:27.940+0000] {processor.py:183} INFO - Processing /home/airflow/.local/lib/python3.8/site-packages/airflow/example_dags/example_python_decorator.py took 0.034 seconds
[2026-03-18T08:18:58.442+0000] {processor.py:161} INFO - Started process (PID=1526) to work on /home/airflow/.local/lib/python3.8/site-packages/airflow/example_dags/example_python_decorator.py
[2026-03-18T08:18:58.443+0000] {processor.py:830} INFO - Processing file /home/airflow/.local/lib/python3.8/site-packages/airflow/example_dags/example_python_decorator.py for tasks to queue
[2026-03-18T08:18:58.444+0000] {logging_mixin.py:188} INFO - [2026-03-18T08:18:58.444+0000] {dagbag.py:538} INFO - Filling up the DagBag from /home/airflow/.local/lib/python3.8/site-packages/airflow/example_dags/example_python_decorator.py
[2026-03-18T08:18:58.452+0000] {processor.py:840} INFO - DAG(s) 'example_python_decorator' retrieved from /home/airflow/.local/lib/python3.8/site-packages/airflow/example_dags/example_python_decorator.py
[2026-03-18T08:18:58.463+0000] {logging_mixin.py:188} INFO - [2026-03-18T08:18:58.463+0000] {dag.py:3036} INFO - Sync 1 DAGs
[2026-03-18T08:18:58.469+0000] {logging_mixin.py:188} INFO - [2026-03-18T08:18:58.469+0000] {dag.py:3823} INFO - Setting next_dagrun for example_python_decorator to None, run_after=None
[2026-03-18T08:18:58.479+0000] {processor.py:183} INFO - Processing /home/airflow/.local/lib/python3.8/site-packages/airflow/example_dags/example_python_decorator.py took 0.040 seconds
[2026-03-18T08:19:28.868+0000] {processor.py:161} INFO - Started process (PID=1582) to work on /home/airflow/.local/lib/python3.8/site-packages/airflow/example_dags/example_python_decorator.py
[2026-03-18T08:19:28.872+0000] {processor.py:830} INFO - Processing file /home/airflow/.local/lib/python3.8/site-packages/airflow/example_dags/example_python_decorator.py for tasks to queue
[2026-03-18T08:19:28.875+0000] {logging_mixin.py:188} INFO - [2026-03-18T08:19:28.874+0000] {dagbag.py:538} INFO - Filling up the DagBag from /home/airflow/.local/lib/python3.8/site-packages/airflow/example_dags/example_python_decorator.py
[2026-03-18T08:19:28.881+0000] {processor.py:840} INFO - DAG(s) 'example_python_decorator' retrieved from /home/airflow/.local/lib/python3.8/site-packages/airflow/example_dags/example_python_decorator.py
[2026-03-18T08:19:28.892+0000] {logging_mixin.py:188} INFO - [2026-03-18T08:19:28.892+0000] {dag.py:3036} INFO - Sync 1 DAGs
[2026-03-18T08:19:28.899+0000] {logging_mixin.py:188} INFO - [2026-03-18T08:19:28.899+0000] {dag.py:3823} INFO - Setting next_dagrun for example_python_decorator to None, run_after=None
[2026-03-18T08:19:28.906+0000] {processor.py:183} INFO - Processing /home/airflow/.local/lib/python3.8/site-packages/airflow/example_dags/example_python_decorator.py took 0.040 seconds
