[2026-03-18T07:45:19.446+0000] {processor.py:161} INFO - Started process (PID=85) to work on /home/airflow/.local/lib/python3.8/site-packages/airflow/example_dags/example_short_circuit_decorator.py
[2026-03-18T07:45:19.447+0000] {processor.py:830} INFO - Processing file /home/airflow/.local/lib/python3.8/site-packages/airflow/example_dags/example_short_circuit_decorator.py for tasks to queue
[2026-03-18T07:45:19.448+0000] {logging_mixin.py:188} INFO - [2026-03-18T07:45:19.448+0000] {dagbag.py:538} INFO - Filling up the DagBag from /home/airflow/.local/lib/python3.8/site-packages/airflow/example_dags/example_short_circuit_decorator.py
[2026-03-18T07:45:19.454+0000] {processor.py:840} INFO - DAG(s) 'example_short_circuit_decorator' retrieved from /home/airflow/.local/lib/python3.8/site-packages/airflow/example_dags/example_short_circuit_decorator.py
[2026-03-18T07:45:19.500+0000] {logging_mixin.py:188} INFO - [2026-03-18T07:45:19.499+0000] {override.py:1769} INFO - Created Permission View: can read on DAG:example_short_circuit_decorator
[2026-03-18T07:45:19.503+0000] {logging_mixin.py:188} INFO - [2026-03-18T07:45:19.503+0000] {override.py:1769} INFO - Created Permission View: can delete on DAG:example_short_circuit_decorator
[2026-03-18T07:45:19.506+0000] {logging_mixin.py:188} INFO - [2026-03-18T07:45:19.506+0000] {override.py:1769} INFO - Created Permission View: can edit on DAG:example_short_circuit_decorator
[2026-03-18T07:45:19.506+0000] {logging_mixin.py:188} INFO - [2026-03-18T07:45:19.506+0000] {dag.py:3036} INFO - Sync 1 DAGs
[2026-03-18T07:45:19.513+0000] {logging_mixin.py:188} INFO - [2026-03-18T07:45:19.513+0000] {dag.py:3058} INFO - Creating ORM DAG for example_short_circuit_decorator
[2026-03-18T07:45:19.517+0000] {logging_mixin.py:188} INFO - [2026-03-18T07:45:19.517+0000] {dag.py:3823} INFO - Setting next_dagrun for example_short_circuit_decorator to 2026-03-17 00:00:00+00:00, run_after=2026-03-18 00:00:00+00:00
[2026-03-18T07:45:19.524+0000] {processor.py:183} INFO - Processing /home/airflow/.local/lib/python3.8/site-packages/airflow/example_dags/example_short_circuit_decorator.py took 0.079 seconds
[2026-03-18T07:45:49.882+0000] {processor.py:161} INFO - Started process (PID=140) to work on /home/airflow/.local/lib/python3.8/site-packages/airflow/example_dags/example_short_circuit_decorator.py
[2026-03-18T07:45:49.883+0000] {processor.py:830} INFO - Processing file /home/airflow/.local/lib/python3.8/site-packages/airflow/example_dags/example_short_circuit_decorator.py for tasks to queue
[2026-03-18T07:45:49.884+0000] {logging_mixin.py:188} INFO - [2026-03-18T07:45:49.884+0000] {dagbag.py:538} INFO - Filling up the DagBag from /home/airflow/.local/lib/python3.8/site-packages/airflow/example_dags/example_short_circuit_decorator.py
[2026-03-18T07:45:49.889+0000] {processor.py:840} INFO - DAG(s) 'example_short_circuit_decorator' retrieved from /home/airflow/.local/lib/python3.8/site-packages/airflow/example_dags/example_short_circuit_decorator.py
[2026-03-18T07:45:49.902+0000] {logging_mixin.py:188} INFO - [2026-03-18T07:45:49.902+0000] {dag.py:3036} INFO - Sync 1 DAGs
[2026-03-18T07:45:49.912+0000] {logging_mixin.py:188} INFO - [2026-03-18T07:45:49.912+0000] {dag.py:3823} INFO - Setting next_dagrun for example_short_circuit_decorator to 2026-03-17 00:00:00+00:00, run_after=2026-03-18 00:00:00+00:00
[2026-03-18T07:45:49.920+0000] {processor.py:183} INFO - Processing /home/airflow/.local/lib/python3.8/site-packages/airflow/example_dags/example_short_circuit_decorator.py took 0.039 seconds
[2026-03-18T07:46:20.278+0000] {processor.py:161} INFO - Started process (PID=195) to work on /home/airflow/.local/lib/python3.8/site-packages/airflow/example_dags/example_short_circuit_decorator.py
[2026-03-18T07:46:20.280+0000] {processor.py:830} INFO - Processing file /home/airflow/.local/lib/python3.8/site-packages/airflow/example_dags/example_short_circuit_decorator.py for tasks to queue
[2026-03-18T07:46:20.281+0000] {logging_mixin.py:188} INFO - [2026-03-18T07:46:20.281+0000] {dagbag.py:538} INFO - Filling up the DagBag from /home/airflow/.local/lib/python3.8/site-packages/airflow/example_dags/example_short_circuit_decorator.py
[2026-03-18T07:46:20.286+0000] {processor.py:840} INFO - DAG(s) 'example_short_circuit_decorator' retrieved from /home/airflow/.local/lib/python3.8/site-packages/airflow/example_dags/example_short_circuit_decorator.py
[2026-03-18T07:46:20.297+0000] {logging_mixin.py:188} INFO - [2026-03-18T07:46:20.297+0000] {dag.py:3036} INFO - Sync 1 DAGs
[2026-03-18T07:46:20.307+0000] {logging_mixin.py:188} INFO - [2026-03-18T07:46:20.307+0000] {dag.py:3823} INFO - Setting next_dagrun for example_short_circuit_decorator to 2026-03-17 00:00:00+00:00, run_after=2026-03-18 00:00:00+00:00
[2026-03-18T07:46:20.316+0000] {processor.py:183} INFO - Processing /home/airflow/.local/lib/python3.8/site-packages/airflow/example_dags/example_short_circuit_decorator.py took 0.039 seconds
[2026-03-18T07:46:50.574+0000] {processor.py:161} INFO - Started process (PID=250) to work on /home/airflow/.local/lib/python3.8/site-packages/airflow/example_dags/example_short_circuit_decorator.py
[2026-03-18T07:46:50.575+0000] {processor.py:830} INFO - Processing file /home/airflow/.local/lib/python3.8/site-packages/airflow/example_dags/example_short_circuit_decorator.py for tasks to queue
[2026-03-18T07:46:50.576+0000] {logging_mixin.py:188} INFO - [2026-03-18T07:46:50.576+0000] {dagbag.py:538} INFO - Filling up the DagBag from /home/airflow/.local/lib/python3.8/site-packages/airflow/example_dags/example_short_circuit_decorator.py
[2026-03-18T07:46:50.583+0000] {processor.py:840} INFO - DAG(s) 'example_short_circuit_decorator' retrieved from /home/airflow/.local/lib/python3.8/site-packages/airflow/example_dags/example_short_circuit_decorator.py
[2026-03-18T07:46:50.593+0000] {logging_mixin.py:188} INFO - [2026-03-18T07:46:50.593+0000] {dag.py:3036} INFO - Sync 1 DAGs
[2026-03-18T07:46:50.602+0000] {logging_mixin.py:188} INFO - [2026-03-18T07:46:50.602+0000] {dag.py:3823} INFO - Setting next_dagrun for example_short_circuit_decorator to 2026-03-17 00:00:00+00:00, run_after=2026-03-18 00:00:00+00:00
[2026-03-18T07:46:50.608+0000] {processor.py:183} INFO - Processing /home/airflow/.local/lib/python3.8/site-packages/airflow/example_dags/example_short_circuit_decorator.py took 0.036 seconds
[2026-03-18T07:47:20.977+0000] {processor.py:161} INFO - Started process (PID=305) to work on /home/airflow/.local/lib/python3.8/site-packages/airflow/example_dags/example_short_circuit_decorator.py
[2026-03-18T07:47:20.978+0000] {processor.py:830} INFO - Processing file /home/airflow/.local/lib/python3.8/site-packages/airflow/example_dags/example_short_circuit_decorator.py for tasks to queue
[2026-03-18T07:47:20.981+0000] {logging_mixin.py:188} INFO - [2026-03-18T07:47:20.981+0000] {dagbag.py:538} INFO - Filling up the DagBag from /home/airflow/.local/lib/python3.8/site-packages/airflow/example_dags/example_short_circuit_decorator.py
[2026-03-18T07:47:20.986+0000] {processor.py:840} INFO - DAG(s) 'example_short_circuit_decorator' retrieved from /home/airflow/.local/lib/python3.8/site-packages/airflow/example_dags/example_short_circuit_decorator.py
[2026-03-18T07:47:20.998+0000] {logging_mixin.py:188} INFO - [2026-03-18T07:47:20.997+0000] {dag.py:3036} INFO - Sync 1 DAGs
[2026-03-18T07:47:21.008+0000] {logging_mixin.py:188} INFO - [2026-03-18T07:47:21.008+0000] {dag.py:3823} INFO - Setting next_dagrun for example_short_circuit_decorator to 2026-03-17 00:00:00+00:00, run_after=2026-03-18 00:00:00+00:00
[2026-03-18T07:47:21.017+0000] {processor.py:183} INFO - Processing /home/airflow/.local/lib/python3.8/site-packages/airflow/example_dags/example_short_circuit_decorator.py took 0.042 seconds
[2026-03-18T07:47:51.371+0000] {processor.py:161} INFO - Started process (PID=360) to work on /home/airflow/.local/lib/python3.8/site-packages/airflow/example_dags/example_short_circuit_decorator.py
[2026-03-18T07:47:51.372+0000] {processor.py:830} INFO - Processing file /home/airflow/.local/lib/python3.8/site-packages/airflow/example_dags/example_short_circuit_decorator.py for tasks to queue
[2026-03-18T07:47:51.373+0000] {logging_mixin.py:188} INFO - [2026-03-18T07:47:51.373+0000] {dagbag.py:538} INFO - Filling up the DagBag from /home/airflow/.local/lib/python3.8/site-packages/airflow/example_dags/example_short_circuit_decorator.py
[2026-03-18T07:47:51.377+0000] {processor.py:840} INFO - DAG(s) 'example_short_circuit_decorator' retrieved from /home/airflow/.local/lib/python3.8/site-packages/airflow/example_dags/example_short_circuit_decorator.py
[2026-03-18T07:47:51.387+0000] {logging_mixin.py:188} INFO - [2026-03-18T07:47:51.386+0000] {dag.py:3036} INFO - Sync 1 DAGs
[2026-03-18T07:47:51.398+0000] {logging_mixin.py:188} INFO - [2026-03-18T07:47:51.398+0000] {dag.py:3823} INFO - Setting next_dagrun for example_short_circuit_decorator to 2026-03-17 00:00:00+00:00, run_after=2026-03-18 00:00:00+00:00
[2026-03-18T07:47:51.405+0000] {processor.py:183} INFO - Processing /home/airflow/.local/lib/python3.8/site-packages/airflow/example_dags/example_short_circuit_decorator.py took 0.036 seconds
[2026-03-18T07:48:21.762+0000] {processor.py:161} INFO - Started process (PID=415) to work on /home/airflow/.local/lib/python3.8/site-packages/airflow/example_dags/example_short_circuit_decorator.py
[2026-03-18T07:48:21.764+0000] {processor.py:830} INFO - Processing file /home/airflow/.local/lib/python3.8/site-packages/airflow/example_dags/example_short_circuit_decorator.py for tasks to queue
[2026-03-18T07:48:21.765+0000] {logging_mixin.py:188} INFO - [2026-03-18T07:48:21.765+0000] {dagbag.py:538} INFO - Filling up the DagBag from /home/airflow/.local/lib/python3.8/site-packages/airflow/example_dags/example_short_circuit_decorator.py
[2026-03-18T07:48:21.768+0000] {processor.py:840} INFO - DAG(s) 'example_short_circuit_decorator' retrieved from /home/airflow/.local/lib/python3.8/site-packages/airflow/example_dags/example_short_circuit_decorator.py
[2026-03-18T07:48:21.779+0000] {logging_mixin.py:188} INFO - [2026-03-18T07:48:21.779+0000] {dag.py:3036} INFO - Sync 1 DAGs
[2026-03-18T07:48:21.793+0000] {logging_mixin.py:188} INFO - [2026-03-18T07:48:21.793+0000] {dag.py:3823} INFO - Setting next_dagrun for example_short_circuit_decorator to 2026-03-17 00:00:00+00:00, run_after=2026-03-18 00:00:00+00:00
[2026-03-18T07:48:21.801+0000] {processor.py:183} INFO - Processing /home/airflow/.local/lib/python3.8/site-packages/airflow/example_dags/example_short_circuit_decorator.py took 0.041 seconds
[2026-03-18T07:48:52.065+0000] {processor.py:161} INFO - Started process (PID=476) to work on /home/airflow/.local/lib/python3.8/site-packages/airflow/example_dags/example_short_circuit_decorator.py
[2026-03-18T07:48:52.065+0000] {processor.py:830} INFO - Processing file /home/airflow/.local/lib/python3.8/site-packages/airflow/example_dags/example_short_circuit_decorator.py for tasks to queue
[2026-03-18T07:48:52.066+0000] {logging_mixin.py:188} INFO - [2026-03-18T07:48:52.066+0000] {dagbag.py:538} INFO - Filling up the DagBag from /home/airflow/.local/lib/python3.8/site-packages/airflow/example_dags/example_short_circuit_decorator.py
[2026-03-18T07:48:52.070+0000] {processor.py:840} INFO - DAG(s) 'example_short_circuit_decorator' retrieved from /home/airflow/.local/lib/python3.8/site-packages/airflow/example_dags/example_short_circuit_decorator.py
[2026-03-18T07:48:52.078+0000] {logging_mixin.py:188} INFO - [2026-03-18T07:48:52.078+0000] {dag.py:3036} INFO - Sync 1 DAGs
[2026-03-18T07:48:52.085+0000] {logging_mixin.py:188} INFO - [2026-03-18T07:48:52.085+0000] {dag.py:3823} INFO - Setting next_dagrun for example_short_circuit_decorator to 2026-03-17 00:00:00+00:00, run_after=2026-03-18 00:00:00+00:00
[2026-03-18T07:48:52.091+0000] {processor.py:183} INFO - Processing /home/airflow/.local/lib/python3.8/site-packages/airflow/example_dags/example_short_circuit_decorator.py took 0.028 seconds
[2026-03-18T07:49:22.301+0000] {processor.py:161} INFO - Started process (PID=531) to work on /home/airflow/.local/lib/python3.8/site-packages/airflow/example_dags/example_short_circuit_decorator.py
[2026-03-18T07:49:22.302+0000] {processor.py:830} INFO - Processing file /home/airflow/.local/lib/python3.8/site-packages/airflow/example_dags/example_short_circuit_decorator.py for tasks to queue
[2026-03-18T07:49:22.302+0000] {logging_mixin.py:188} INFO - [2026-03-18T07:49:22.302+0000] {dagbag.py:538} INFO - Filling up the DagBag from /home/airflow/.local/lib/python3.8/site-packages/airflow/example_dags/example_short_circuit_decorator.py
[2026-03-18T07:49:22.307+0000] {processor.py:840} INFO - DAG(s) 'example_short_circuit_decorator' retrieved from /home/airflow/.local/lib/python3.8/site-packages/airflow/example_dags/example_short_circuit_decorator.py
[2026-03-18T07:49:22.317+0000] {logging_mixin.py:188} INFO - [2026-03-18T07:49:22.316+0000] {dag.py:3036} INFO - Sync 1 DAGs
[2026-03-18T07:49:22.325+0000] {logging_mixin.py:188} INFO - [2026-03-18T07:49:22.325+0000] {dag.py:3823} INFO - Setting next_dagrun for example_short_circuit_decorator to 2026-03-17 00:00:00+00:00, run_after=2026-03-18 00:00:00+00:00
[2026-03-18T07:49:22.333+0000] {processor.py:183} INFO - Processing /home/airflow/.local/lib/python3.8/site-packages/airflow/example_dags/example_short_circuit_decorator.py took 0.033 seconds
[2026-03-18T07:49:52.558+0000] {processor.py:161} INFO - Started process (PID=586) to work on /home/airflow/.local/lib/python3.8/site-packages/airflow/example_dags/example_short_circuit_decorator.py
[2026-03-18T07:49:52.558+0000] {processor.py:830} INFO - Processing file /home/airflow/.local/lib/python3.8/site-packages/airflow/example_dags/example_short_circuit_decorator.py for tasks to queue
[2026-03-18T07:49:52.559+0000] {logging_mixin.py:188} INFO - [2026-03-18T07:49:52.559+0000] {dagbag.py:538} INFO - Filling up the DagBag from /home/airflow/.local/lib/python3.8/site-packages/airflow/example_dags/example_short_circuit_decorator.py
[2026-03-18T07:49:52.563+0000] {processor.py:840} INFO - DAG(s) 'example_short_circuit_decorator' retrieved from /home/airflow/.local/lib/python3.8/site-packages/airflow/example_dags/example_short_circuit_decorator.py
[2026-03-18T07:49:52.571+0000] {logging_mixin.py:188} INFO - [2026-03-18T07:49:52.571+0000] {dag.py:3036} INFO - Sync 1 DAGs
[2026-03-18T07:49:52.579+0000] {logging_mixin.py:188} INFO - [2026-03-18T07:49:52.579+0000] {dag.py:3823} INFO - Setting next_dagrun for example_short_circuit_decorator to 2026-03-17 00:00:00+00:00, run_after=2026-03-18 00:00:00+00:00
[2026-03-18T07:49:52.585+0000] {processor.py:183} INFO - Processing /home/airflow/.local/lib/python3.8/site-packages/airflow/example_dags/example_short_circuit_decorator.py took 0.029 seconds
[2026-03-18T07:50:23.047+0000] {processor.py:161} INFO - Started process (PID=642) to work on /home/airflow/.local/lib/python3.8/site-packages/airflow/example_dags/example_short_circuit_decorator.py
[2026-03-18T07:50:23.047+0000] {processor.py:830} INFO - Processing file /home/airflow/.local/lib/python3.8/site-packages/airflow/example_dags/example_short_circuit_decorator.py for tasks to queue
[2026-03-18T07:50:23.048+0000] {logging_mixin.py:188} INFO - [2026-03-18T07:50:23.048+0000] {dagbag.py:538} INFO - Filling up the DagBag from /home/airflow/.local/lib/python3.8/site-packages/airflow/example_dags/example_short_circuit_decorator.py
[2026-03-18T07:50:23.051+0000] {processor.py:840} INFO - DAG(s) 'example_short_circuit_decorator' retrieved from /home/airflow/.local/lib/python3.8/site-packages/airflow/example_dags/example_short_circuit_decorator.py
[2026-03-18T07:50:23.066+0000] {logging_mixin.py:188} INFO - [2026-03-18T07:50:23.066+0000] {dag.py:3036} INFO - Sync 1 DAGs
[2026-03-18T07:50:23.076+0000] {logging_mixin.py:188} INFO - [2026-03-18T07:50:23.076+0000] {dag.py:3823} INFO - Setting next_dagrun for example_short_circuit_decorator to 2026-03-17 00:00:00+00:00, run_after=2026-03-18 00:00:00+00:00
[2026-03-18T07:50:23.088+0000] {processor.py:183} INFO - Processing /home/airflow/.local/lib/python3.8/site-packages/airflow/example_dags/example_short_circuit_decorator.py took 0.042 seconds
[2026-03-18T07:50:53.522+0000] {processor.py:161} INFO - Started process (PID=698) to work on /home/airflow/.local/lib/python3.8/site-packages/airflow/example_dags/example_short_circuit_decorator.py
[2026-03-18T07:50:53.525+0000] {processor.py:830} INFO - Processing file /home/airflow/.local/lib/python3.8/site-packages/airflow/example_dags/example_short_circuit_decorator.py for tasks to queue
[2026-03-18T07:50:53.526+0000] {logging_mixin.py:188} INFO - [2026-03-18T07:50:53.526+0000] {dagbag.py:538} INFO - Filling up the DagBag from /home/airflow/.local/lib/python3.8/site-packages/airflow/example_dags/example_short_circuit_decorator.py
[2026-03-18T07:50:53.531+0000] {processor.py:840} INFO - DAG(s) 'example_short_circuit_decorator' retrieved from /home/airflow/.local/lib/python3.8/site-packages/airflow/example_dags/example_short_circuit_decorator.py
[2026-03-18T07:50:53.543+0000] {logging_mixin.py:188} INFO - [2026-03-18T07:50:53.543+0000] {dag.py:3036} INFO - Sync 1 DAGs
[2026-03-18T07:50:53.551+0000] {logging_mixin.py:188} INFO - [2026-03-18T07:50:53.551+0000] {dag.py:3823} INFO - Setting next_dagrun for example_short_circuit_decorator to 2026-03-17 00:00:00+00:00, run_after=2026-03-18 00:00:00+00:00
[2026-03-18T07:50:53.558+0000] {processor.py:183} INFO - Processing /home/airflow/.local/lib/python3.8/site-packages/airflow/example_dags/example_short_circuit_decorator.py took 0.038 seconds
[2026-03-18T07:51:24.028+0000] {processor.py:161} INFO - Started process (PID=754) to work on /home/airflow/.local/lib/python3.8/site-packages/airflow/example_dags/example_short_circuit_decorator.py
[2026-03-18T07:51:24.030+0000] {processor.py:830} INFO - Processing file /home/airflow/.local/lib/python3.8/site-packages/airflow/example_dags/example_short_circuit_decorator.py for tasks to queue
[2026-03-18T07:51:24.030+0000] {logging_mixin.py:188} INFO - [2026-03-18T07:51:24.030+0000] {dagbag.py:538} INFO - Filling up the DagBag from /home/airflow/.local/lib/python3.8/site-packages/airflow/example_dags/example_short_circuit_decorator.py
[2026-03-18T07:51:24.035+0000] {processor.py:840} INFO - DAG(s) 'example_short_circuit_decorator' retrieved from /home/airflow/.local/lib/python3.8/site-packages/airflow/example_dags/example_short_circuit_decorator.py
[2026-03-18T07:51:24.047+0000] {logging_mixin.py:188} INFO - [2026-03-18T07:51:24.047+0000] {dag.py:3036} INFO - Sync 1 DAGs
[2026-03-18T07:51:24.058+0000] {logging_mixin.py:188} INFO - [2026-03-18T07:51:24.058+0000] {dag.py:3823} INFO - Setting next_dagrun for example_short_circuit_decorator to 2026-03-17 00:00:00+00:00, run_after=2026-03-18 00:00:00+00:00
[2026-03-18T07:51:24.066+0000] {processor.py:183} INFO - Processing /home/airflow/.local/lib/python3.8/site-packages/airflow/example_dags/example_short_circuit_decorator.py took 0.039 seconds
[2026-03-18T07:51:54.523+0000] {processor.py:161} INFO - Started process (PID=810) to work on /home/airflow/.local/lib/python3.8/site-packages/airflow/example_dags/example_short_circuit_decorator.py
[2026-03-18T07:51:54.523+0000] {processor.py:830} INFO - Processing file /home/airflow/.local/lib/python3.8/site-packages/airflow/example_dags/example_short_circuit_decorator.py for tasks to queue
[2026-03-18T07:51:54.525+0000] {logging_mixin.py:188} INFO - [2026-03-18T07:51:54.525+0000] {dagbag.py:538} INFO - Filling up the DagBag from /home/airflow/.local/lib/python3.8/site-packages/airflow/example_dags/example_short_circuit_decorator.py
[2026-03-18T07:51:54.530+0000] {processor.py:840} INFO - DAG(s) 'example_short_circuit_decorator' retrieved from /home/airflow/.local/lib/python3.8/site-packages/airflow/example_dags/example_short_circuit_decorator.py
[2026-03-18T07:51:54.542+0000] {logging_mixin.py:188} INFO - [2026-03-18T07:51:54.542+0000] {dag.py:3036} INFO - Sync 1 DAGs
[2026-03-18T07:51:54.553+0000] {logging_mixin.py:188} INFO - [2026-03-18T07:51:54.553+0000] {dag.py:3823} INFO - Setting next_dagrun for example_short_circuit_decorator to 2026-03-17 00:00:00+00:00, run_after=2026-03-18 00:00:00+00:00
[2026-03-18T07:51:54.567+0000] {processor.py:183} INFO - Processing /home/airflow/.local/lib/python3.8/site-packages/airflow/example_dags/example_short_circuit_decorator.py took 0.046 seconds
[2026-03-18T07:52:25.086+0000] {processor.py:161} INFO - Started process (PID=866) to work on /home/airflow/.local/lib/python3.8/site-packages/airflow/example_dags/example_short_circuit_decorator.py
[2026-03-18T07:52:25.087+0000] {processor.py:830} INFO - Processing file /home/airflow/.local/lib/python3.8/site-packages/airflow/example_dags/example_short_circuit_decorator.py for tasks to queue
[2026-03-18T07:52:25.088+0000] {logging_mixin.py:188} INFO - [2026-03-18T07:52:25.088+0000] {dagbag.py:538} INFO - Filling up the DagBag from /home/airflow/.local/lib/python3.8/site-packages/airflow/example_dags/example_short_circuit_decorator.py
[2026-03-18T07:52:25.091+0000] {processor.py:840} INFO - DAG(s) 'example_short_circuit_decorator' retrieved from /home/airflow/.local/lib/python3.8/site-packages/airflow/example_dags/example_short_circuit_decorator.py
[2026-03-18T07:52:25.104+0000] {logging_mixin.py:188} INFO - [2026-03-18T07:52:25.104+0000] {dag.py:3036} INFO - Sync 1 DAGs
[2026-03-18T07:52:25.113+0000] {logging_mixin.py:188} INFO - [2026-03-18T07:52:25.113+0000] {dag.py:3823} INFO - Setting next_dagrun for example_short_circuit_decorator to 2026-03-17 00:00:00+00:00, run_after=2026-03-18 00:00:00+00:00
[2026-03-18T07:52:25.120+0000] {processor.py:183} INFO - Processing /home/airflow/.local/lib/python3.8/site-packages/airflow/example_dags/example_short_circuit_decorator.py took 0.035 seconds
[2026-03-18T07:52:55.508+0000] {processor.py:161} INFO - Started process (PID=922) to work on /home/airflow/.local/lib/python3.8/site-packages/airflow/example_dags/example_short_circuit_decorator.py
[2026-03-18T07:52:55.509+0000] {processor.py:830} INFO - Processing file /home/airflow/.local/lib/python3.8/site-packages/airflow/example_dags/example_short_circuit_decorator.py for tasks to queue
[2026-03-18T07:52:55.510+0000] {logging_mixin.py:188} INFO - [2026-03-18T07:52:55.509+0000] {dagbag.py:538} INFO - Filling up the DagBag from /home/airflow/.local/lib/python3.8/site-packages/airflow/example_dags/example_short_circuit_decorator.py
[2026-03-18T07:52:55.514+0000] {processor.py:840} INFO - DAG(s) 'example_short_circuit_decorator' retrieved from /home/airflow/.local/lib/python3.8/site-packages/airflow/example_dags/example_short_circuit_decorator.py
[2026-03-18T07:52:55.529+0000] {logging_mixin.py:188} INFO - [2026-03-18T07:52:55.529+0000] {dag.py:3036} INFO - Sync 1 DAGs
[2026-03-18T07:52:55.537+0000] {logging_mixin.py:188} INFO - [2026-03-18T07:52:55.537+0000] {dag.py:3823} INFO - Setting next_dagrun for example_short_circuit_decorator to 2026-03-17 00:00:00+00:00, run_after=2026-03-18 00:00:00+00:00
[2026-03-18T07:52:55.546+0000] {processor.py:183} INFO - Processing /home/airflow/.local/lib/python3.8/site-packages/airflow/example_dags/example_short_circuit_decorator.py took 0.040 seconds
[2026-03-18T07:53:25.990+0000] {processor.py:161} INFO - Started process (PID=978) to work on /home/airflow/.local/lib/python3.8/site-packages/airflow/example_dags/example_short_circuit_decorator.py
[2026-03-18T07:53:25.991+0000] {processor.py:830} INFO - Processing file /home/airflow/.local/lib/python3.8/site-packages/airflow/example_dags/example_short_circuit_decorator.py for tasks to queue
[2026-03-18T07:53:25.994+0000] {logging_mixin.py:188} INFO - [2026-03-18T07:53:25.994+0000] {dagbag.py:538} INFO - Filling up the DagBag from /home/airflow/.local/lib/python3.8/site-packages/airflow/example_dags/example_short_circuit_decorator.py
[2026-03-18T07:53:26.001+0000] {processor.py:840} INFO - DAG(s) 'example_short_circuit_decorator' retrieved from /home/airflow/.local/lib/python3.8/site-packages/airflow/example_dags/example_short_circuit_decorator.py
[2026-03-18T07:53:26.013+0000] {logging_mixin.py:188} INFO - [2026-03-18T07:53:26.013+0000] {dag.py:3036} INFO - Sync 1 DAGs
[2026-03-18T07:53:26.021+0000] {logging_mixin.py:188} INFO - [2026-03-18T07:53:26.021+0000] {dag.py:3823} INFO - Setting next_dagrun for example_short_circuit_decorator to 2026-03-17 00:00:00+00:00, run_after=2026-03-18 00:00:00+00:00
[2026-03-18T07:53:26.029+0000] {processor.py:183} INFO - Processing /home/airflow/.local/lib/python3.8/site-packages/airflow/example_dags/example_short_circuit_decorator.py took 0.040 seconds
[2026-03-18T07:53:56.485+0000] {processor.py:161} INFO - Started process (PID=1034) to work on /home/airflow/.local/lib/python3.8/site-packages/airflow/example_dags/example_short_circuit_decorator.py
[2026-03-18T07:53:56.487+0000] {processor.py:830} INFO - Processing file /home/airflow/.local/lib/python3.8/site-packages/airflow/example_dags/example_short_circuit_decorator.py for tasks to queue
[2026-03-18T07:53:56.488+0000] {logging_mixin.py:188} INFO - [2026-03-18T07:53:56.488+0000] {dagbag.py:538} INFO - Filling up the DagBag from /home/airflow/.local/lib/python3.8/site-packages/airflow/example_dags/example_short_circuit_decorator.py
[2026-03-18T07:53:56.492+0000] {processor.py:840} INFO - DAG(s) 'example_short_circuit_decorator' retrieved from /home/airflow/.local/lib/python3.8/site-packages/airflow/example_dags/example_short_circuit_decorator.py
[2026-03-18T07:53:56.505+0000] {logging_mixin.py:188} INFO - [2026-03-18T07:53:56.505+0000] {dag.py:3036} INFO - Sync 1 DAGs
[2026-03-18T07:53:56.515+0000] {logging_mixin.py:188} INFO - [2026-03-18T07:53:56.515+0000] {dag.py:3823} INFO - Setting next_dagrun for example_short_circuit_decorator to 2026-03-17 00:00:00+00:00, run_after=2026-03-18 00:00:00+00:00
[2026-03-18T07:53:56.522+0000] {processor.py:183} INFO - Processing /home/airflow/.local/lib/python3.8/site-packages/airflow/example_dags/example_short_circuit_decorator.py took 0.038 seconds
[2026-03-18T07:54:26.910+0000] {processor.py:161} INFO - Started process (PID=1090) to work on /home/airflow/.local/lib/python3.8/site-packages/airflow/example_dags/example_short_circuit_decorator.py
[2026-03-18T07:54:26.912+0000] {processor.py:830} INFO - Processing file /home/airflow/.local/lib/python3.8/site-packages/airflow/example_dags/example_short_circuit_decorator.py for tasks to queue
[2026-03-18T07:54:26.913+0000] {logging_mixin.py:188} INFO - [2026-03-18T07:54:26.913+0000] {dagbag.py:538} INFO - Filling up the DagBag from /home/airflow/.local/lib/python3.8/site-packages/airflow/example_dags/example_short_circuit_decorator.py
[2026-03-18T07:54:26.917+0000] {processor.py:840} INFO - DAG(s) 'example_short_circuit_decorator' retrieved from /home/airflow/.local/lib/python3.8/site-packages/airflow/example_dags/example_short_circuit_decorator.py
[2026-03-18T07:54:26.928+0000] {logging_mixin.py:188} INFO - [2026-03-18T07:54:26.928+0000] {dag.py:3036} INFO - Sync 1 DAGs
[2026-03-18T07:54:26.939+0000] {logging_mixin.py:188} INFO - [2026-03-18T07:54:26.939+0000] {dag.py:3823} INFO - Setting next_dagrun for example_short_circuit_decorator to 2026-03-17 00:00:00+00:00, run_after=2026-03-18 00:00:00+00:00
[2026-03-18T07:54:26.955+0000] {processor.py:183} INFO - Processing /home/airflow/.local/lib/python3.8/site-packages/airflow/example_dags/example_short_circuit_decorator.py took 0.046 seconds
[2026-03-18T07:54:57.376+0000] {processor.py:161} INFO - Started process (PID=1146) to work on /home/airflow/.local/lib/python3.8/site-packages/airflow/example_dags/example_short_circuit_decorator.py
[2026-03-18T07:54:57.377+0000] {processor.py:830} INFO - Processing file /home/airflow/.local/lib/python3.8/site-packages/airflow/example_dags/example_short_circuit_decorator.py for tasks to queue
[2026-03-18T07:54:57.377+0000] {logging_mixin.py:188} INFO - [2026-03-18T07:54:57.377+0000] {dagbag.py:538} INFO - Filling up the DagBag from /home/airflow/.local/lib/python3.8/site-packages/airflow/example_dags/example_short_circuit_decorator.py
[2026-03-18T07:54:57.381+0000] {processor.py:840} INFO - DAG(s) 'example_short_circuit_decorator' retrieved from /home/airflow/.local/lib/python3.8/site-packages/airflow/example_dags/example_short_circuit_decorator.py
[2026-03-18T07:54:57.389+0000] {logging_mixin.py:188} INFO - [2026-03-18T07:54:57.389+0000] {dag.py:3036} INFO - Sync 1 DAGs
[2026-03-18T07:54:57.398+0000] {logging_mixin.py:188} INFO - [2026-03-18T07:54:57.398+0000] {dag.py:3823} INFO - Setting next_dagrun for example_short_circuit_decorator to 2026-03-17 00:00:00+00:00, run_after=2026-03-18 00:00:00+00:00
[2026-03-18T07:54:57.406+0000] {processor.py:183} INFO - Processing /home/airflow/.local/lib/python3.8/site-packages/airflow/example_dags/example_short_circuit_decorator.py took 0.032 seconds
[2026-03-18T07:55:27.813+0000] {processor.py:161} INFO - Started process (PID=1202) to work on /home/airflow/.local/lib/python3.8/site-packages/airflow/example_dags/example_short_circuit_decorator.py
[2026-03-18T07:55:27.814+0000] {processor.py:830} INFO - Processing file /home/airflow/.local/lib/python3.8/site-packages/airflow/example_dags/example_short_circuit_decorator.py for tasks to queue
[2026-03-18T07:55:27.815+0000] {logging_mixin.py:188} INFO - [2026-03-18T07:55:27.815+0000] {dagbag.py:538} INFO - Filling up the DagBag from /home/airflow/.local/lib/python3.8/site-packages/airflow/example_dags/example_short_circuit_decorator.py
[2026-03-18T07:55:27.819+0000] {processor.py:840} INFO - DAG(s) 'example_short_circuit_decorator' retrieved from /home/airflow/.local/lib/python3.8/site-packages/airflow/example_dags/example_short_circuit_decorator.py
[2026-03-18T07:55:27.835+0000] {logging_mixin.py:188} INFO - [2026-03-18T07:55:27.835+0000] {dag.py:3036} INFO - Sync 1 DAGs
[2026-03-18T07:55:27.843+0000] {logging_mixin.py:188} INFO - [2026-03-18T07:55:27.843+0000] {dag.py:3823} INFO - Setting next_dagrun for example_short_circuit_decorator to 2026-03-17 00:00:00+00:00, run_after=2026-03-18 00:00:00+00:00
[2026-03-18T07:55:27.851+0000] {processor.py:183} INFO - Processing /home/airflow/.local/lib/python3.8/site-packages/airflow/example_dags/example_short_circuit_decorator.py took 0.040 seconds
[2026-03-18T07:55:58.267+0000] {processor.py:161} INFO - Started process (PID=1258) to work on /home/airflow/.local/lib/python3.8/site-packages/airflow/example_dags/example_short_circuit_decorator.py
[2026-03-18T07:55:58.268+0000] {processor.py:830} INFO - Processing file /home/airflow/.local/lib/python3.8/site-packages/airflow/example_dags/example_short_circuit_decorator.py for tasks to queue
[2026-03-18T07:55:58.269+0000] {logging_mixin.py:188} INFO - [2026-03-18T07:55:58.269+0000] {dagbag.py:538} INFO - Filling up the DagBag from /home/airflow/.local/lib/python3.8/site-packages/airflow/example_dags/example_short_circuit_decorator.py
[2026-03-18T07:55:58.273+0000] {processor.py:840} INFO - DAG(s) 'example_short_circuit_decorator' retrieved from /home/airflow/.local/lib/python3.8/site-packages/airflow/example_dags/example_short_circuit_decorator.py
[2026-03-18T07:55:58.282+0000] {logging_mixin.py:188} INFO - [2026-03-18T07:55:58.282+0000] {dag.py:3036} INFO - Sync 1 DAGs
[2026-03-18T07:55:58.291+0000] {logging_mixin.py:188} INFO - [2026-03-18T07:55:58.291+0000] {dag.py:3823} INFO - Setting next_dagrun for example_short_circuit_decorator to 2026-03-17 00:00:00+00:00, run_after=2026-03-18 00:00:00+00:00
[2026-03-18T07:55:58.302+0000] {processor.py:183} INFO - Processing /home/airflow/.local/lib/python3.8/site-packages/airflow/example_dags/example_short_circuit_decorator.py took 0.037 seconds
[2026-03-18T07:56:28.664+0000] {processor.py:161} INFO - Started process (PID=1314) to work on /home/airflow/.local/lib/python3.8/site-packages/airflow/example_dags/example_short_circuit_decorator.py
[2026-03-18T07:56:28.665+0000] {processor.py:830} INFO - Processing file /home/airflow/.local/lib/python3.8/site-packages/airflow/example_dags/example_short_circuit_decorator.py for tasks to queue
[2026-03-18T07:56:28.665+0000] {logging_mixin.py:188} INFO - [2026-03-18T07:56:28.665+0000] {dagbag.py:538} INFO - Filling up the DagBag from /home/airflow/.local/lib/python3.8/site-packages/airflow/example_dags/example_short_circuit_decorator.py
[2026-03-18T07:56:28.669+0000] {processor.py:840} INFO - DAG(s) 'example_short_circuit_decorator' retrieved from /home/airflow/.local/lib/python3.8/site-packages/airflow/example_dags/example_short_circuit_decorator.py
[2026-03-18T07:56:28.680+0000] {logging_mixin.py:188} INFO - [2026-03-18T07:56:28.680+0000] {dag.py:3036} INFO - Sync 1 DAGs
[2026-03-18T07:56:28.690+0000] {logging_mixin.py:188} INFO - [2026-03-18T07:56:28.690+0000] {dag.py:3823} INFO - Setting next_dagrun for example_short_circuit_decorator to 2026-03-17 00:00:00+00:00, run_after=2026-03-18 00:00:00+00:00
[2026-03-18T07:56:28.698+0000] {processor.py:183} INFO - Processing /home/airflow/.local/lib/python3.8/site-packages/airflow/example_dags/example_short_circuit_decorator.py took 0.036 seconds
[2026-03-18T07:56:59.211+0000] {processor.py:161} INFO - Started process (PID=1370) to work on /home/airflow/.local/lib/python3.8/site-packages/airflow/example_dags/example_short_circuit_decorator.py
[2026-03-18T07:56:59.212+0000] {processor.py:830} INFO - Processing file /home/airflow/.local/lib/python3.8/site-packages/airflow/example_dags/example_short_circuit_decorator.py for tasks to queue
[2026-03-18T07:56:59.212+0000] {logging_mixin.py:188} INFO - [2026-03-18T07:56:59.212+0000] {dagbag.py:538} INFO - Filling up the DagBag from /home/airflow/.local/lib/python3.8/site-packages/airflow/example_dags/example_short_circuit_decorator.py
[2026-03-18T07:56:59.217+0000] {processor.py:840} INFO - DAG(s) 'example_short_circuit_decorator' retrieved from /home/airflow/.local/lib/python3.8/site-packages/airflow/example_dags/example_short_circuit_decorator.py
[2026-03-18T07:56:59.233+0000] {logging_mixin.py:188} INFO - [2026-03-18T07:56:59.233+0000] {dag.py:3036} INFO - Sync 1 DAGs
[2026-03-18T07:56:59.242+0000] {logging_mixin.py:188} INFO - [2026-03-18T07:56:59.242+0000] {dag.py:3823} INFO - Setting next_dagrun for example_short_circuit_decorator to 2026-03-17 00:00:00+00:00, run_after=2026-03-18 00:00:00+00:00
[2026-03-18T07:56:59.254+0000] {processor.py:183} INFO - Processing /home/airflow/.local/lib/python3.8/site-packages/airflow/example_dags/example_short_circuit_decorator.py took 0.046 seconds
[2026-03-18T07:57:29.661+0000] {processor.py:161} INFO - Started process (PID=1426) to work on /home/airflow/.local/lib/python3.8/site-packages/airflow/example_dags/example_short_circuit_decorator.py
[2026-03-18T07:57:29.662+0000] {processor.py:830} INFO - Processing file /home/airflow/.local/lib/python3.8/site-packages/airflow/example_dags/example_short_circuit_decorator.py for tasks to queue
[2026-03-18T07:57:29.663+0000] {logging_mixin.py:188} INFO - [2026-03-18T07:57:29.662+0000] {dagbag.py:538} INFO - Filling up the DagBag from /home/airflow/.local/lib/python3.8/site-packages/airflow/example_dags/example_short_circuit_decorator.py
[2026-03-18T07:57:29.667+0000] {processor.py:840} INFO - DAG(s) 'example_short_circuit_decorator' retrieved from /home/airflow/.local/lib/python3.8/site-packages/airflow/example_dags/example_short_circuit_decorator.py
[2026-03-18T07:57:29.678+0000] {logging_mixin.py:188} INFO - [2026-03-18T07:57:29.678+0000] {dag.py:3036} INFO - Sync 1 DAGs
[2026-03-18T07:57:29.687+0000] {logging_mixin.py:188} INFO - [2026-03-18T07:57:29.687+0000] {dag.py:3823} INFO - Setting next_dagrun for example_short_circuit_decorator to 2026-03-17 00:00:00+00:00, run_after=2026-03-18 00:00:00+00:00
[2026-03-18T07:57:29.696+0000] {processor.py:183} INFO - Processing /home/airflow/.local/lib/python3.8/site-packages/airflow/example_dags/example_short_circuit_decorator.py took 0.037 seconds
[2026-03-18T07:58:00.214+0000] {processor.py:161} INFO - Started process (PID=1482) to work on /home/airflow/.local/lib/python3.8/site-packages/airflow/example_dags/example_short_circuit_decorator.py
[2026-03-18T07:58:00.217+0000] {processor.py:830} INFO - Processing file /home/airflow/.local/lib/python3.8/site-packages/airflow/example_dags/example_short_circuit_decorator.py for tasks to queue
[2026-03-18T07:58:00.217+0000] {logging_mixin.py:188} INFO - [2026-03-18T07:58:00.217+0000] {dagbag.py:538} INFO - Filling up the DagBag from /home/airflow/.local/lib/python3.8/site-packages/airflow/example_dags/example_short_circuit_decorator.py
[2026-03-18T07:58:00.221+0000] {processor.py:840} INFO - DAG(s) 'example_short_circuit_decorator' retrieved from /home/airflow/.local/lib/python3.8/site-packages/airflow/example_dags/example_short_circuit_decorator.py
[2026-03-18T07:58:00.230+0000] {logging_mixin.py:188} INFO - [2026-03-18T07:58:00.230+0000] {dag.py:3036} INFO - Sync 1 DAGs
[2026-03-18T07:58:00.238+0000] {logging_mixin.py:188} INFO - [2026-03-18T07:58:00.238+0000] {dag.py:3823} INFO - Setting next_dagrun for example_short_circuit_decorator to 2026-03-17 00:00:00+00:00, run_after=2026-03-18 00:00:00+00:00
[2026-03-18T07:58:00.245+0000] {processor.py:183} INFO - Processing /home/airflow/.local/lib/python3.8/site-packages/airflow/example_dags/example_short_circuit_decorator.py took 0.033 seconds
[2026-03-18T07:58:30.668+0000] {processor.py:161} INFO - Started process (PID=1538) to work on /home/airflow/.local/lib/python3.8/site-packages/airflow/example_dags/example_short_circuit_decorator.py
[2026-03-18T07:58:30.668+0000] {processor.py:830} INFO - Processing file /home/airflow/.local/lib/python3.8/site-packages/airflow/example_dags/example_short_circuit_decorator.py for tasks to queue
[2026-03-18T07:58:30.669+0000] {logging_mixin.py:188} INFO - [2026-03-18T07:58:30.669+0000] {dagbag.py:538} INFO - Filling up the DagBag from /home/airflow/.local/lib/python3.8/site-packages/airflow/example_dags/example_short_circuit_decorator.py
[2026-03-18T07:58:30.674+0000] {processor.py:840} INFO - DAG(s) 'example_short_circuit_decorator' retrieved from /home/airflow/.local/lib/python3.8/site-packages/airflow/example_dags/example_short_circuit_decorator.py
[2026-03-18T07:58:30.685+0000] {logging_mixin.py:188} INFO - [2026-03-18T07:58:30.685+0000] {dag.py:3036} INFO - Sync 1 DAGs
[2026-03-18T07:58:30.696+0000] {logging_mixin.py:188} INFO - [2026-03-18T07:58:30.696+0000] {dag.py:3823} INFO - Setting next_dagrun for example_short_circuit_decorator to 2026-03-17 00:00:00+00:00, run_after=2026-03-18 00:00:00+00:00
[2026-03-18T07:58:30.708+0000] {processor.py:183} INFO - Processing /home/airflow/.local/lib/python3.8/site-packages/airflow/example_dags/example_short_circuit_decorator.py took 0.043 seconds
[2026-03-18T07:59:01.183+0000] {processor.py:161} INFO - Started process (PID=1594) to work on /home/airflow/.local/lib/python3.8/site-packages/airflow/example_dags/example_short_circuit_decorator.py
[2026-03-18T07:59:01.185+0000] {processor.py:830} INFO - Processing file /home/airflow/.local/lib/python3.8/site-packages/airflow/example_dags/example_short_circuit_decorator.py for tasks to queue
[2026-03-18T07:59:01.186+0000] {logging_mixin.py:188} INFO - [2026-03-18T07:59:01.186+0000] {dagbag.py:538} INFO - Filling up the DagBag from /home/airflow/.local/lib/python3.8/site-packages/airflow/example_dags/example_short_circuit_decorator.py
[2026-03-18T07:59:01.190+0000] {processor.py:840} INFO - DAG(s) 'example_short_circuit_decorator' retrieved from /home/airflow/.local/lib/python3.8/site-packages/airflow/example_dags/example_short_circuit_decorator.py
[2026-03-18T07:59:01.204+0000] {logging_mixin.py:188} INFO - [2026-03-18T07:59:01.204+0000] {dag.py:3036} INFO - Sync 1 DAGs
[2026-03-18T07:59:01.214+0000] {logging_mixin.py:188} INFO - [2026-03-18T07:59:01.214+0000] {dag.py:3823} INFO - Setting next_dagrun for example_short_circuit_decorator to 2026-03-17 00:00:00+00:00, run_after=2026-03-18 00:00:00+00:00
[2026-03-18T07:59:01.226+0000] {processor.py:183} INFO - Processing /home/airflow/.local/lib/python3.8/site-packages/airflow/example_dags/example_short_circuit_decorator.py took 0.044 seconds
[2026-03-18T07:59:31.746+0000] {processor.py:161} INFO - Started process (PID=1650) to work on /home/airflow/.local/lib/python3.8/site-packages/airflow/example_dags/example_short_circuit_decorator.py
[2026-03-18T07:59:31.747+0000] {processor.py:830} INFO - Processing file /home/airflow/.local/lib/python3.8/site-packages/airflow/example_dags/example_short_circuit_decorator.py for tasks to queue
[2026-03-18T07:59:31.748+0000] {logging_mixin.py:188} INFO - [2026-03-18T07:59:31.748+0000] {dagbag.py:538} INFO - Filling up the DagBag from /home/airflow/.local/lib/python3.8/site-packages/airflow/example_dags/example_short_circuit_decorator.py
[2026-03-18T07:59:31.752+0000] {processor.py:840} INFO - DAG(s) 'example_short_circuit_decorator' retrieved from /home/airflow/.local/lib/python3.8/site-packages/airflow/example_dags/example_short_circuit_decorator.py
[2026-03-18T07:59:31.762+0000] {logging_mixin.py:188} INFO - [2026-03-18T07:59:31.762+0000] {dag.py:3036} INFO - Sync 1 DAGs
[2026-03-18T07:59:31.772+0000] {logging_mixin.py:188} INFO - [2026-03-18T07:59:31.772+0000] {dag.py:3823} INFO - Setting next_dagrun for example_short_circuit_decorator to 2026-03-17 00:00:00+00:00, run_after=2026-03-18 00:00:00+00:00
[2026-03-18T07:59:31.782+0000] {processor.py:183} INFO - Processing /home/airflow/.local/lib/python3.8/site-packages/airflow/example_dags/example_short_circuit_decorator.py took 0.037 seconds
[2026-03-18T08:00:02.349+0000] {processor.py:161} INFO - Started process (PID=86) to work on /home/airflow/.local/lib/python3.8/site-packages/airflow/example_dags/example_short_circuit_decorator.py
[2026-03-18T08:00:02.349+0000] {processor.py:830} INFO - Processing file /home/airflow/.local/lib/python3.8/site-packages/airflow/example_dags/example_short_circuit_decorator.py for tasks to queue
[2026-03-18T08:00:02.350+0000] {logging_mixin.py:188} INFO - [2026-03-18T08:00:02.350+0000] {dagbag.py:538} INFO - Filling up the DagBag from /home/airflow/.local/lib/python3.8/site-packages/airflow/example_dags/example_short_circuit_decorator.py
[2026-03-18T08:00:02.355+0000] {processor.py:840} INFO - DAG(s) 'example_short_circuit_decorator' retrieved from /home/airflow/.local/lib/python3.8/site-packages/airflow/example_dags/example_short_circuit_decorator.py
[2026-03-18T08:00:02.365+0000] {logging_mixin.py:188} INFO - [2026-03-18T08:00:02.365+0000] {dag.py:3036} INFO - Sync 1 DAGs
[2026-03-18T08:00:02.376+0000] {logging_mixin.py:188} INFO - [2026-03-18T08:00:02.375+0000] {dag.py:3823} INFO - Setting next_dagrun for example_short_circuit_decorator to 2026-03-17 00:00:00+00:00, run_after=2026-03-18 00:00:00+00:00
[2026-03-18T08:00:02.391+0000] {processor.py:183} INFO - Processing /home/airflow/.local/lib/python3.8/site-packages/airflow/example_dags/example_short_circuit_decorator.py took 0.045 seconds
[2026-03-18T08:00:33.079+0000] {processor.py:161} INFO - Started process (PID=141) to work on /home/airflow/.local/lib/python3.8/site-packages/airflow/example_dags/example_short_circuit_decorator.py
[2026-03-18T08:00:33.080+0000] {processor.py:830} INFO - Processing file /home/airflow/.local/lib/python3.8/site-packages/airflow/example_dags/example_short_circuit_decorator.py for tasks to queue
[2026-03-18T08:00:33.081+0000] {logging_mixin.py:188} INFO - [2026-03-18T08:00:33.081+0000] {dagbag.py:538} INFO - Filling up the DagBag from /home/airflow/.local/lib/python3.8/site-packages/airflow/example_dags/example_short_circuit_decorator.py
[2026-03-18T08:00:33.085+0000] {processor.py:840} INFO - DAG(s) 'example_short_circuit_decorator' retrieved from /home/airflow/.local/lib/python3.8/site-packages/airflow/example_dags/example_short_circuit_decorator.py
[2026-03-18T08:00:33.124+0000] {logging_mixin.py:188} INFO - [2026-03-18T08:00:33.124+0000] {dag.py:3036} INFO - Sync 1 DAGs
[2026-03-18T08:00:33.136+0000] {logging_mixin.py:188} INFO - [2026-03-18T08:00:33.136+0000] {dag.py:3823} INFO - Setting next_dagrun for example_short_circuit_decorator to 2026-03-17 00:00:00+00:00, run_after=2026-03-18 00:00:00+00:00
[2026-03-18T08:00:33.143+0000] {processor.py:183} INFO - Processing /home/airflow/.local/lib/python3.8/site-packages/airflow/example_dags/example_short_circuit_decorator.py took 0.065 seconds
[2026-03-18T08:01:03.695+0000] {processor.py:161} INFO - Started process (PID=197) to work on /home/airflow/.local/lib/python3.8/site-packages/airflow/example_dags/example_short_circuit_decorator.py
[2026-03-18T08:01:03.695+0000] {processor.py:830} INFO - Processing file /home/airflow/.local/lib/python3.8/site-packages/airflow/example_dags/example_short_circuit_decorator.py for tasks to queue
[2026-03-18T08:01:03.697+0000] {logging_mixin.py:188} INFO - [2026-03-18T08:01:03.696+0000] {dagbag.py:538} INFO - Filling up the DagBag from /home/airflow/.local/lib/python3.8/site-packages/airflow/example_dags/example_short_circuit_decorator.py
[2026-03-18T08:01:03.702+0000] {processor.py:840} INFO - DAG(s) 'example_short_circuit_decorator' retrieved from /home/airflow/.local/lib/python3.8/site-packages/airflow/example_dags/example_short_circuit_decorator.py
[2026-03-18T08:01:03.713+0000] {logging_mixin.py:188} INFO - [2026-03-18T08:01:03.713+0000] {dag.py:3036} INFO - Sync 1 DAGs
[2026-03-18T08:01:03.721+0000] {logging_mixin.py:188} INFO - [2026-03-18T08:01:03.721+0000] {dag.py:3823} INFO - Setting next_dagrun for example_short_circuit_decorator to 2026-03-17 00:00:00+00:00, run_after=2026-03-18 00:00:00+00:00
[2026-03-18T08:01:03.731+0000] {processor.py:183} INFO - Processing /home/airflow/.local/lib/python3.8/site-packages/airflow/example_dags/example_short_circuit_decorator.py took 0.038 seconds
[2026-03-18T08:01:34.176+0000] {processor.py:161} INFO - Started process (PID=253) to work on /home/airflow/.local/lib/python3.8/site-packages/airflow/example_dags/example_short_circuit_decorator.py
[2026-03-18T08:01:34.176+0000] {processor.py:830} INFO - Processing file /home/airflow/.local/lib/python3.8/site-packages/airflow/example_dags/example_short_circuit_decorator.py for tasks to queue
[2026-03-18T08:01:34.178+0000] {logging_mixin.py:188} INFO - [2026-03-18T08:01:34.178+0000] {dagbag.py:538} INFO - Filling up the DagBag from /home/airflow/.local/lib/python3.8/site-packages/airflow/example_dags/example_short_circuit_decorator.py
[2026-03-18T08:01:34.182+0000] {processor.py:840} INFO - DAG(s) 'example_short_circuit_decorator' retrieved from /home/airflow/.local/lib/python3.8/site-packages/airflow/example_dags/example_short_circuit_decorator.py
[2026-03-18T08:01:34.194+0000] {logging_mixin.py:188} INFO - [2026-03-18T08:01:34.194+0000] {dag.py:3036} INFO - Sync 1 DAGs
[2026-03-18T08:01:34.203+0000] {logging_mixin.py:188} INFO - [2026-03-18T08:01:34.203+0000] {dag.py:3823} INFO - Setting next_dagrun for example_short_circuit_decorator to 2026-03-17 00:00:00+00:00, run_after=2026-03-18 00:00:00+00:00
[2026-03-18T08:01:34.212+0000] {processor.py:183} INFO - Processing /home/airflow/.local/lib/python3.8/site-packages/airflow/example_dags/example_short_circuit_decorator.py took 0.038 seconds
[2026-03-18T08:02:04.788+0000] {processor.py:161} INFO - Started process (PID=308) to work on /home/airflow/.local/lib/python3.8/site-packages/airflow/example_dags/example_short_circuit_decorator.py
[2026-03-18T08:02:04.789+0000] {processor.py:830} INFO - Processing file /home/airflow/.local/lib/python3.8/site-packages/airflow/example_dags/example_short_circuit_decorator.py for tasks to queue
[2026-03-18T08:02:04.791+0000] {logging_mixin.py:188} INFO - [2026-03-18T08:02:04.791+0000] {dagbag.py:538} INFO - Filling up the DagBag from /home/airflow/.local/lib/python3.8/site-packages/airflow/example_dags/example_short_circuit_decorator.py
[2026-03-18T08:02:04.796+0000] {processor.py:840} INFO - DAG(s) 'example_short_circuit_decorator' retrieved from /home/airflow/.local/lib/python3.8/site-packages/airflow/example_dags/example_short_circuit_decorator.py
[2026-03-18T08:02:04.808+0000] {logging_mixin.py:188} INFO - [2026-03-18T08:02:04.807+0000] {dag.py:3036} INFO - Sync 1 DAGs
[2026-03-18T08:02:04.818+0000] {logging_mixin.py:188} INFO - [2026-03-18T08:02:04.818+0000] {dag.py:3823} INFO - Setting next_dagrun for example_short_circuit_decorator to 2026-03-17 00:00:00+00:00, run_after=2026-03-18 00:00:00+00:00
[2026-03-18T08:02:04.832+0000] {processor.py:183} INFO - Processing /home/airflow/.local/lib/python3.8/site-packages/airflow/example_dags/example_short_circuit_decorator.py took 0.046 seconds
[2026-03-18T08:02:35.340+0000] {processor.py:161} INFO - Started process (PID=364) to work on /home/airflow/.local/lib/python3.8/site-packages/airflow/example_dags/example_short_circuit_decorator.py
[2026-03-18T08:02:35.340+0000] {processor.py:830} INFO - Processing file /home/airflow/.local/lib/python3.8/site-packages/airflow/example_dags/example_short_circuit_decorator.py for tasks to queue
[2026-03-18T08:02:35.341+0000] {logging_mixin.py:188} INFO - [2026-03-18T08:02:35.341+0000] {dagbag.py:538} INFO - Filling up the DagBag from /home/airflow/.local/lib/python3.8/site-packages/airflow/example_dags/example_short_circuit_decorator.py
[2026-03-18T08:02:35.348+0000] {processor.py:840} INFO - DAG(s) 'example_short_circuit_decorator' retrieved from /home/airflow/.local/lib/python3.8/site-packages/airflow/example_dags/example_short_circuit_decorator.py
[2026-03-18T08:02:35.363+0000] {logging_mixin.py:188} INFO - [2026-03-18T08:02:35.363+0000] {dag.py:3036} INFO - Sync 1 DAGs
[2026-03-18T08:02:35.371+0000] {logging_mixin.py:188} INFO - [2026-03-18T08:02:35.371+0000] {dag.py:3823} INFO - Setting next_dagrun for example_short_circuit_decorator to 2026-03-17 00:00:00+00:00, run_after=2026-03-18 00:00:00+00:00
[2026-03-18T08:02:35.380+0000] {processor.py:183} INFO - Processing /home/airflow/.local/lib/python3.8/site-packages/airflow/example_dags/example_short_circuit_decorator.py took 0.042 seconds
[2026-03-18T08:03:05.992+0000] {processor.py:161} INFO - Started process (PID=426) to work on /home/airflow/.local/lib/python3.8/site-packages/airflow/example_dags/example_short_circuit_decorator.py
[2026-03-18T08:03:05.993+0000] {processor.py:830} INFO - Processing file /home/airflow/.local/lib/python3.8/site-packages/airflow/example_dags/example_short_circuit_decorator.py for tasks to queue
[2026-03-18T08:03:05.994+0000] {logging_mixin.py:188} INFO - [2026-03-18T08:03:05.994+0000] {dagbag.py:538} INFO - Filling up the DagBag from /home/airflow/.local/lib/python3.8/site-packages/airflow/example_dags/example_short_circuit_decorator.py
[2026-03-18T08:03:05.998+0000] {processor.py:840} INFO - DAG(s) 'example_short_circuit_decorator' retrieved from /home/airflow/.local/lib/python3.8/site-packages/airflow/example_dags/example_short_circuit_decorator.py
[2026-03-18T08:03:06.009+0000] {logging_mixin.py:188} INFO - [2026-03-18T08:03:06.009+0000] {dag.py:3036} INFO - Sync 1 DAGs
[2026-03-18T08:03:06.018+0000] {logging_mixin.py:188} INFO - [2026-03-18T08:03:06.018+0000] {dag.py:3823} INFO - Setting next_dagrun for example_short_circuit_decorator to 2026-03-17 00:00:00+00:00, run_after=2026-03-18 00:00:00+00:00
[2026-03-18T08:03:06.024+0000] {processor.py:183} INFO - Processing /home/airflow/.local/lib/python3.8/site-packages/airflow/example_dags/example_short_circuit_decorator.py took 0.034 seconds
[2026-03-18T08:03:36.565+0000] {processor.py:161} INFO - Started process (PID=482) to work on /home/airflow/.local/lib/python3.8/site-packages/airflow/example_dags/example_short_circuit_decorator.py
[2026-03-18T08:03:36.566+0000] {processor.py:830} INFO - Processing file /home/airflow/.local/lib/python3.8/site-packages/airflow/example_dags/example_short_circuit_decorator.py for tasks to queue
[2026-03-18T08:03:36.567+0000] {logging_mixin.py:188} INFO - [2026-03-18T08:03:36.567+0000] {dagbag.py:538} INFO - Filling up the DagBag from /home/airflow/.local/lib/python3.8/site-packages/airflow/example_dags/example_short_circuit_decorator.py
[2026-03-18T08:03:36.572+0000] {processor.py:840} INFO - DAG(s) 'example_short_circuit_decorator' retrieved from /home/airflow/.local/lib/python3.8/site-packages/airflow/example_dags/example_short_circuit_decorator.py
[2026-03-18T08:03:36.583+0000] {logging_mixin.py:188} INFO - [2026-03-18T08:03:36.583+0000] {dag.py:3036} INFO - Sync 1 DAGs
[2026-03-18T08:03:36.592+0000] {logging_mixin.py:188} INFO - [2026-03-18T08:03:36.592+0000] {dag.py:3823} INFO - Setting next_dagrun for example_short_circuit_decorator to 2026-03-17 00:00:00+00:00, run_after=2026-03-18 00:00:00+00:00
[2026-03-18T08:03:36.600+0000] {processor.py:183} INFO - Processing /home/airflow/.local/lib/python3.8/site-packages/airflow/example_dags/example_short_circuit_decorator.py took 0.037 seconds
[2026-03-18T08:04:07.140+0000] {processor.py:161} INFO - Started process (PID=538) to work on /home/airflow/.local/lib/python3.8/site-packages/airflow/example_dags/example_short_circuit_decorator.py
[2026-03-18T08:04:07.141+0000] {processor.py:830} INFO - Processing file /home/airflow/.local/lib/python3.8/site-packages/airflow/example_dags/example_short_circuit_decorator.py for tasks to queue
[2026-03-18T08:04:07.142+0000] {logging_mixin.py:188} INFO - [2026-03-18T08:04:07.142+0000] {dagbag.py:538} INFO - Filling up the DagBag from /home/airflow/.local/lib/python3.8/site-packages/airflow/example_dags/example_short_circuit_decorator.py
[2026-03-18T08:04:07.148+0000] {processor.py:840} INFO - DAG(s) 'example_short_circuit_decorator' retrieved from /home/airflow/.local/lib/python3.8/site-packages/airflow/example_dags/example_short_circuit_decorator.py
[2026-03-18T08:04:07.166+0000] {logging_mixin.py:188} INFO - [2026-03-18T08:04:07.166+0000] {dag.py:3036} INFO - Sync 1 DAGs
[2026-03-18T08:04:07.176+0000] {logging_mixin.py:188} INFO - [2026-03-18T08:04:07.176+0000] {dag.py:3823} INFO - Setting next_dagrun for example_short_circuit_decorator to 2026-03-17 00:00:00+00:00, run_after=2026-03-18 00:00:00+00:00
[2026-03-18T08:04:07.183+0000] {processor.py:183} INFO - Processing /home/airflow/.local/lib/python3.8/site-packages/airflow/example_dags/example_short_circuit_decorator.py took 0.044 seconds
[2026-03-18T08:04:30.143+0000] {processor.py:161} INFO - Started process (PID=86) to work on /home/airflow/.local/lib/python3.8/site-packages/airflow/example_dags/example_short_circuit_decorator.py
[2026-03-18T08:04:30.144+0000] {processor.py:830} INFO - Processing file /home/airflow/.local/lib/python3.8/site-packages/airflow/example_dags/example_short_circuit_decorator.py for tasks to queue
[2026-03-18T08:04:30.145+0000] {logging_mixin.py:188} INFO - [2026-03-18T08:04:30.145+0000] {dagbag.py:538} INFO - Filling up the DagBag from /home/airflow/.local/lib/python3.8/site-packages/airflow/example_dags/example_short_circuit_decorator.py
[2026-03-18T08:04:30.152+0000] {processor.py:840} INFO - DAG(s) 'example_short_circuit_decorator' retrieved from /home/airflow/.local/lib/python3.8/site-packages/airflow/example_dags/example_short_circuit_decorator.py
[2026-03-18T08:04:30.166+0000] {logging_mixin.py:188} INFO - [2026-03-18T08:04:30.165+0000] {dag.py:3036} INFO - Sync 1 DAGs
[2026-03-18T08:04:30.179+0000] {logging_mixin.py:188} INFO - [2026-03-18T08:04:30.178+0000] {dag.py:3823} INFO - Setting next_dagrun for example_short_circuit_decorator to 2026-03-17 00:00:00+00:00, run_after=2026-03-18 00:00:00+00:00
[2026-03-18T08:04:30.198+0000] {processor.py:183} INFO - Processing /home/airflow/.local/lib/python3.8/site-packages/airflow/example_dags/example_short_circuit_decorator.py took 0.056 seconds
[2026-03-18T08:05:00.842+0000] {processor.py:161} INFO - Started process (PID=142) to work on /home/airflow/.local/lib/python3.8/site-packages/airflow/example_dags/example_short_circuit_decorator.py
[2026-03-18T08:05:00.843+0000] {processor.py:830} INFO - Processing file /home/airflow/.local/lib/python3.8/site-packages/airflow/example_dags/example_short_circuit_decorator.py for tasks to queue
[2026-03-18T08:05:00.844+0000] {logging_mixin.py:188} INFO - [2026-03-18T08:05:00.843+0000] {dagbag.py:538} INFO - Filling up the DagBag from /home/airflow/.local/lib/python3.8/site-packages/airflow/example_dags/example_short_circuit_decorator.py
[2026-03-18T08:05:00.847+0000] {processor.py:840} INFO - DAG(s) 'example_short_circuit_decorator' retrieved from /home/airflow/.local/lib/python3.8/site-packages/airflow/example_dags/example_short_circuit_decorator.py
[2026-03-18T08:05:00.892+0000] {logging_mixin.py:188} INFO - [2026-03-18T08:05:00.892+0000] {dag.py:3036} INFO - Sync 1 DAGs
[2026-03-18T08:05:00.900+0000] {logging_mixin.py:188} INFO - [2026-03-18T08:05:00.900+0000] {dag.py:3823} INFO - Setting next_dagrun for example_short_circuit_decorator to 2026-03-17 00:00:00+00:00, run_after=2026-03-18 00:00:00+00:00
[2026-03-18T08:05:00.908+0000] {processor.py:183} INFO - Processing /home/airflow/.local/lib/python3.8/site-packages/airflow/example_dags/example_short_circuit_decorator.py took 0.068 seconds
[2026-03-18T08:05:31.791+0000] {processor.py:161} INFO - Started process (PID=197) to work on /home/airflow/.local/lib/python3.8/site-packages/airflow/example_dags/example_short_circuit_decorator.py
[2026-03-18T08:05:31.792+0000] {processor.py:830} INFO - Processing file /home/airflow/.local/lib/python3.8/site-packages/airflow/example_dags/example_short_circuit_decorator.py for tasks to queue
[2026-03-18T08:05:31.794+0000] {logging_mixin.py:188} INFO - [2026-03-18T08:05:31.794+0000] {dagbag.py:538} INFO - Filling up the DagBag from /home/airflow/.local/lib/python3.8/site-packages/airflow/example_dags/example_short_circuit_decorator.py
[2026-03-18T08:05:31.804+0000] {processor.py:840} INFO - DAG(s) 'example_short_circuit_decorator' retrieved from /home/airflow/.local/lib/python3.8/site-packages/airflow/example_dags/example_short_circuit_decorator.py
[2026-03-18T08:05:31.822+0000] {logging_mixin.py:188} INFO - [2026-03-18T08:05:31.822+0000] {dag.py:3036} INFO - Sync 1 DAGs
[2026-03-18T08:05:31.838+0000] {logging_mixin.py:188} INFO - [2026-03-18T08:05:31.838+0000] {dag.py:3823} INFO - Setting next_dagrun for example_short_circuit_decorator to 2026-03-17 00:00:00+00:00, run_after=2026-03-18 00:00:00+00:00
[2026-03-18T08:05:31.849+0000] {processor.py:183} INFO - Processing /home/airflow/.local/lib/python3.8/site-packages/airflow/example_dags/example_short_circuit_decorator.py took 0.060 seconds
[2026-03-18T08:06:15.516+0000] {processor.py:161} INFO - Started process (PID=132) to work on /home/airflow/.local/lib/python3.8/site-packages/airflow/example_dags/example_short_circuit_decorator.py
[2026-03-18T08:06:15.516+0000] {processor.py:830} INFO - Processing file /home/airflow/.local/lib/python3.8/site-packages/airflow/example_dags/example_short_circuit_decorator.py for tasks to queue
[2026-03-18T08:06:15.520+0000] {logging_mixin.py:188} INFO - [2026-03-18T08:06:15.519+0000] {dagbag.py:538} INFO - Filling up the DagBag from /home/airflow/.local/lib/python3.8/site-packages/airflow/example_dags/example_short_circuit_decorator.py
[2026-03-18T08:06:15.524+0000] {processor.py:840} INFO - DAG(s) 'example_short_circuit_decorator' retrieved from /home/airflow/.local/lib/python3.8/site-packages/airflow/example_dags/example_short_circuit_decorator.py
[2026-03-18T08:06:15.569+0000] {logging_mixin.py:188} INFO - [2026-03-18T08:06:15.569+0000] {dag.py:3036} INFO - Sync 1 DAGs
[2026-03-18T08:06:15.580+0000] {logging_mixin.py:188} INFO - [2026-03-18T08:06:15.580+0000] {dag.py:3823} INFO - Setting next_dagrun for example_short_circuit_decorator to 2026-03-17 00:00:00+00:00, run_after=2026-03-18 00:00:00+00:00
[2026-03-18T08:06:15.592+0000] {processor.py:183} INFO - Processing /home/airflow/.local/lib/python3.8/site-packages/airflow/example_dags/example_short_circuit_decorator.py took 0.078 seconds
[2026-03-18T08:06:45.964+0000] {processor.py:161} INFO - Started process (PID=194) to work on /home/airflow/.local/lib/python3.8/site-packages/airflow/example_dags/example_short_circuit_decorator.py
[2026-03-18T08:06:45.965+0000] {processor.py:830} INFO - Processing file /home/airflow/.local/lib/python3.8/site-packages/airflow/example_dags/example_short_circuit_decorator.py for tasks to queue
[2026-03-18T08:06:45.966+0000] {logging_mixin.py:188} INFO - [2026-03-18T08:06:45.966+0000] {dagbag.py:538} INFO - Filling up the DagBag from /home/airflow/.local/lib/python3.8/site-packages/airflow/example_dags/example_short_circuit_decorator.py
[2026-03-18T08:06:45.970+0000] {processor.py:840} INFO - DAG(s) 'example_short_circuit_decorator' retrieved from /home/airflow/.local/lib/python3.8/site-packages/airflow/example_dags/example_short_circuit_decorator.py
[2026-03-18T08:06:45.989+0000] {logging_mixin.py:188} INFO - [2026-03-18T08:06:45.989+0000] {dag.py:3036} INFO - Sync 1 DAGs
[2026-03-18T08:06:46.002+0000] {logging_mixin.py:188} INFO - [2026-03-18T08:06:46.002+0000] {dag.py:3823} INFO - Setting next_dagrun for example_short_circuit_decorator to 2026-03-17 00:00:00+00:00, run_after=2026-03-18 00:00:00+00:00
[2026-03-18T08:06:46.014+0000] {processor.py:183} INFO - Processing /home/airflow/.local/lib/python3.8/site-packages/airflow/example_dags/example_short_circuit_decorator.py took 0.052 seconds
[2026-03-18T08:07:16.522+0000] {processor.py:161} INFO - Started process (PID=250) to work on /home/airflow/.local/lib/python3.8/site-packages/airflow/example_dags/example_short_circuit_decorator.py
[2026-03-18T08:07:16.523+0000] {processor.py:830} INFO - Processing file /home/airflow/.local/lib/python3.8/site-packages/airflow/example_dags/example_short_circuit_decorator.py for tasks to queue
[2026-03-18T08:07:16.524+0000] {logging_mixin.py:188} INFO - [2026-03-18T08:07:16.524+0000] {dagbag.py:538} INFO - Filling up the DagBag from /home/airflow/.local/lib/python3.8/site-packages/airflow/example_dags/example_short_circuit_decorator.py
[2026-03-18T08:07:16.531+0000] {processor.py:840} INFO - DAG(s) 'example_short_circuit_decorator' retrieved from /home/airflow/.local/lib/python3.8/site-packages/airflow/example_dags/example_short_circuit_decorator.py
[2026-03-18T08:07:16.542+0000] {logging_mixin.py:188} INFO - [2026-03-18T08:07:16.542+0000] {dag.py:3036} INFO - Sync 1 DAGs
[2026-03-18T08:07:16.556+0000] {logging_mixin.py:188} INFO - [2026-03-18T08:07:16.556+0000] {dag.py:3823} INFO - Setting next_dagrun for example_short_circuit_decorator to 2026-03-17 00:00:00+00:00, run_after=2026-03-18 00:00:00+00:00
[2026-03-18T08:07:16.570+0000] {processor.py:183} INFO - Processing /home/airflow/.local/lib/python3.8/site-packages/airflow/example_dags/example_short_circuit_decorator.py took 0.049 seconds
[2026-03-18T08:07:47.043+0000] {processor.py:161} INFO - Started process (PID=306) to work on /home/airflow/.local/lib/python3.8/site-packages/airflow/example_dags/example_short_circuit_decorator.py
[2026-03-18T08:07:47.043+0000] {processor.py:830} INFO - Processing file /home/airflow/.local/lib/python3.8/site-packages/airflow/example_dags/example_short_circuit_decorator.py for tasks to queue
[2026-03-18T08:07:47.044+0000] {logging_mixin.py:188} INFO - [2026-03-18T08:07:47.044+0000] {dagbag.py:538} INFO - Filling up the DagBag from /home/airflow/.local/lib/python3.8/site-packages/airflow/example_dags/example_short_circuit_decorator.py
[2026-03-18T08:07:47.048+0000] {processor.py:840} INFO - DAG(s) 'example_short_circuit_decorator' retrieved from /home/airflow/.local/lib/python3.8/site-packages/airflow/example_dags/example_short_circuit_decorator.py
[2026-03-18T08:07:47.058+0000] {logging_mixin.py:188} INFO - [2026-03-18T08:07:47.058+0000] {dag.py:3036} INFO - Sync 1 DAGs
[2026-03-18T08:07:47.070+0000] {logging_mixin.py:188} INFO - [2026-03-18T08:07:47.070+0000] {dag.py:3823} INFO - Setting next_dagrun for example_short_circuit_decorator to 2026-03-17 00:00:00+00:00, run_after=2026-03-18 00:00:00+00:00
[2026-03-18T08:07:47.080+0000] {processor.py:183} INFO - Processing /home/airflow/.local/lib/python3.8/site-packages/airflow/example_dags/example_short_circuit_decorator.py took 0.039 seconds
[2026-03-18T08:08:17.579+0000] {processor.py:161} INFO - Started process (PID=362) to work on /home/airflow/.local/lib/python3.8/site-packages/airflow/example_dags/example_short_circuit_decorator.py
[2026-03-18T08:08:17.580+0000] {processor.py:830} INFO - Processing file /home/airflow/.local/lib/python3.8/site-packages/airflow/example_dags/example_short_circuit_decorator.py for tasks to queue
[2026-03-18T08:08:17.581+0000] {logging_mixin.py:188} INFO - [2026-03-18T08:08:17.581+0000] {dagbag.py:538} INFO - Filling up the DagBag from /home/airflow/.local/lib/python3.8/site-packages/airflow/example_dags/example_short_circuit_decorator.py
[2026-03-18T08:08:17.585+0000] {processor.py:840} INFO - DAG(s) 'example_short_circuit_decorator' retrieved from /home/airflow/.local/lib/python3.8/site-packages/airflow/example_dags/example_short_circuit_decorator.py
[2026-03-18T08:08:17.603+0000] {logging_mixin.py:188} INFO - [2026-03-18T08:08:17.603+0000] {dag.py:3036} INFO - Sync 1 DAGs
[2026-03-18T08:08:17.610+0000] {logging_mixin.py:188} INFO - [2026-03-18T08:08:17.610+0000] {dag.py:3823} INFO - Setting next_dagrun for example_short_circuit_decorator to 2026-03-17 00:00:00+00:00, run_after=2026-03-18 00:00:00+00:00
[2026-03-18T08:08:17.619+0000] {processor.py:183} INFO - Processing /home/airflow/.local/lib/python3.8/site-packages/airflow/example_dags/example_short_circuit_decorator.py took 0.042 seconds
[2026-03-18T08:08:48.111+0000] {processor.py:161} INFO - Started process (PID=418) to work on /home/airflow/.local/lib/python3.8/site-packages/airflow/example_dags/example_short_circuit_decorator.py
[2026-03-18T08:08:48.114+0000] {processor.py:830} INFO - Processing file /home/airflow/.local/lib/python3.8/site-packages/airflow/example_dags/example_short_circuit_decorator.py for tasks to queue
[2026-03-18T08:08:48.114+0000] {logging_mixin.py:188} INFO - [2026-03-18T08:08:48.114+0000] {dagbag.py:538} INFO - Filling up the DagBag from /home/airflow/.local/lib/python3.8/site-packages/airflow/example_dags/example_short_circuit_decorator.py
[2026-03-18T08:08:48.120+0000] {processor.py:840} INFO - DAG(s) 'example_short_circuit_decorator' retrieved from /home/airflow/.local/lib/python3.8/site-packages/airflow/example_dags/example_short_circuit_decorator.py
[2026-03-18T08:08:48.133+0000] {logging_mixin.py:188} INFO - [2026-03-18T08:08:48.132+0000] {dag.py:3036} INFO - Sync 1 DAGs
[2026-03-18T08:08:48.142+0000] {logging_mixin.py:188} INFO - [2026-03-18T08:08:48.142+0000] {dag.py:3823} INFO - Setting next_dagrun for example_short_circuit_decorator to 2026-03-17 00:00:00+00:00, run_after=2026-03-18 00:00:00+00:00
[2026-03-18T08:08:48.153+0000] {processor.py:183} INFO - Processing /home/airflow/.local/lib/python3.8/site-packages/airflow/example_dags/example_short_circuit_decorator.py took 0.043 seconds
[2026-03-18T08:09:18.621+0000] {processor.py:161} INFO - Started process (PID=474) to work on /home/airflow/.local/lib/python3.8/site-packages/airflow/example_dags/example_short_circuit_decorator.py
[2026-03-18T08:09:18.622+0000] {processor.py:830} INFO - Processing file /home/airflow/.local/lib/python3.8/site-packages/airflow/example_dags/example_short_circuit_decorator.py for tasks to queue
[2026-03-18T08:09:18.623+0000] {logging_mixin.py:188} INFO - [2026-03-18T08:09:18.623+0000] {dagbag.py:538} INFO - Filling up the DagBag from /home/airflow/.local/lib/python3.8/site-packages/airflow/example_dags/example_short_circuit_decorator.py
[2026-03-18T08:09:18.627+0000] {processor.py:840} INFO - DAG(s) 'example_short_circuit_decorator' retrieved from /home/airflow/.local/lib/python3.8/site-packages/airflow/example_dags/example_short_circuit_decorator.py
[2026-03-18T08:09:18.638+0000] {logging_mixin.py:188} INFO - [2026-03-18T08:09:18.638+0000] {dag.py:3036} INFO - Sync 1 DAGs
[2026-03-18T08:09:18.648+0000] {logging_mixin.py:188} INFO - [2026-03-18T08:09:18.648+0000] {dag.py:3823} INFO - Setting next_dagrun for example_short_circuit_decorator to 2026-03-17 00:00:00+00:00, run_after=2026-03-18 00:00:00+00:00
[2026-03-18T08:09:18.657+0000] {processor.py:183} INFO - Processing /home/airflow/.local/lib/python3.8/site-packages/airflow/example_dags/example_short_circuit_decorator.py took 0.038 seconds
[2026-03-18T08:09:49.127+0000] {processor.py:161} INFO - Started process (PID=530) to work on /home/airflow/.local/lib/python3.8/site-packages/airflow/example_dags/example_short_circuit_decorator.py
[2026-03-18T08:09:49.127+0000] {processor.py:830} INFO - Processing file /home/airflow/.local/lib/python3.8/site-packages/airflow/example_dags/example_short_circuit_decorator.py for tasks to queue
[2026-03-18T08:09:49.128+0000] {logging_mixin.py:188} INFO - [2026-03-18T08:09:49.128+0000] {dagbag.py:538} INFO - Filling up the DagBag from /home/airflow/.local/lib/python3.8/site-packages/airflow/example_dags/example_short_circuit_decorator.py
[2026-03-18T08:09:49.133+0000] {processor.py:840} INFO - DAG(s) 'example_short_circuit_decorator' retrieved from /home/airflow/.local/lib/python3.8/site-packages/airflow/example_dags/example_short_circuit_decorator.py
[2026-03-18T08:09:49.144+0000] {logging_mixin.py:188} INFO - [2026-03-18T08:09:49.144+0000] {dag.py:3036} INFO - Sync 1 DAGs
[2026-03-18T08:09:49.153+0000] {logging_mixin.py:188} INFO - [2026-03-18T08:09:49.153+0000] {dag.py:3823} INFO - Setting next_dagrun for example_short_circuit_decorator to 2026-03-17 00:00:00+00:00, run_after=2026-03-18 00:00:00+00:00
[2026-03-18T08:09:49.160+0000] {processor.py:183} INFO - Processing /home/airflow/.local/lib/python3.8/site-packages/airflow/example_dags/example_short_circuit_decorator.py took 0.035 seconds
[2026-03-18T08:10:19.729+0000] {processor.py:161} INFO - Started process (PID=586) to work on /home/airflow/.local/lib/python3.8/site-packages/airflow/example_dags/example_short_circuit_decorator.py
[2026-03-18T08:10:19.730+0000] {processor.py:830} INFO - Processing file /home/airflow/.local/lib/python3.8/site-packages/airflow/example_dags/example_short_circuit_decorator.py for tasks to queue
[2026-03-18T08:10:19.731+0000] {logging_mixin.py:188} INFO - [2026-03-18T08:10:19.731+0000] {dagbag.py:538} INFO - Filling up the DagBag from /home/airflow/.local/lib/python3.8/site-packages/airflow/example_dags/example_short_circuit_decorator.py
[2026-03-18T08:10:19.736+0000] {processor.py:840} INFO - DAG(s) 'example_short_circuit_decorator' retrieved from /home/airflow/.local/lib/python3.8/site-packages/airflow/example_dags/example_short_circuit_decorator.py
[2026-03-18T08:10:19.752+0000] {logging_mixin.py:188} INFO - [2026-03-18T08:10:19.752+0000] {dag.py:3036} INFO - Sync 1 DAGs
[2026-03-18T08:10:19.761+0000] {logging_mixin.py:188} INFO - [2026-03-18T08:10:19.761+0000] {dag.py:3823} INFO - Setting next_dagrun for example_short_circuit_decorator to 2026-03-17 00:00:00+00:00, run_after=2026-03-18 00:00:00+00:00
[2026-03-18T08:10:19.769+0000] {processor.py:183} INFO - Processing /home/airflow/.local/lib/python3.8/site-packages/airflow/example_dags/example_short_circuit_decorator.py took 0.041 seconds
[2026-03-18T08:10:50.185+0000] {processor.py:161} INFO - Started process (PID=642) to work on /home/airflow/.local/lib/python3.8/site-packages/airflow/example_dags/example_short_circuit_decorator.py
[2026-03-18T08:10:50.186+0000] {processor.py:830} INFO - Processing file /home/airflow/.local/lib/python3.8/site-packages/airflow/example_dags/example_short_circuit_decorator.py for tasks to queue
[2026-03-18T08:10:50.187+0000] {logging_mixin.py:188} INFO - [2026-03-18T08:10:50.187+0000] {dagbag.py:538} INFO - Filling up the DagBag from /home/airflow/.local/lib/python3.8/site-packages/airflow/example_dags/example_short_circuit_decorator.py
[2026-03-18T08:10:50.192+0000] {processor.py:840} INFO - DAG(s) 'example_short_circuit_decorator' retrieved from /home/airflow/.local/lib/python3.8/site-packages/airflow/example_dags/example_short_circuit_decorator.py
[2026-03-18T08:10:50.208+0000] {logging_mixin.py:188} INFO - [2026-03-18T08:10:50.208+0000] {dag.py:3036} INFO - Sync 1 DAGs
[2026-03-18T08:10:50.216+0000] {logging_mixin.py:188} INFO - [2026-03-18T08:10:50.216+0000] {dag.py:3823} INFO - Setting next_dagrun for example_short_circuit_decorator to 2026-03-17 00:00:00+00:00, run_after=2026-03-18 00:00:00+00:00
[2026-03-18T08:10:50.224+0000] {processor.py:183} INFO - Processing /home/airflow/.local/lib/python3.8/site-packages/airflow/example_dags/example_short_circuit_decorator.py took 0.040 seconds
[2026-03-18T08:11:20.722+0000] {processor.py:161} INFO - Started process (PID=698) to work on /home/airflow/.local/lib/python3.8/site-packages/airflow/example_dags/example_short_circuit_decorator.py
[2026-03-18T08:11:20.723+0000] {processor.py:830} INFO - Processing file /home/airflow/.local/lib/python3.8/site-packages/airflow/example_dags/example_short_circuit_decorator.py for tasks to queue
[2026-03-18T08:11:20.725+0000] {logging_mixin.py:188} INFO - [2026-03-18T08:11:20.725+0000] {dagbag.py:538} INFO - Filling up the DagBag from /home/airflow/.local/lib/python3.8/site-packages/airflow/example_dags/example_short_circuit_decorator.py
[2026-03-18T08:11:20.731+0000] {processor.py:840} INFO - DAG(s) 'example_short_circuit_decorator' retrieved from /home/airflow/.local/lib/python3.8/site-packages/airflow/example_dags/example_short_circuit_decorator.py
[2026-03-18T08:11:20.745+0000] {logging_mixin.py:188} INFO - [2026-03-18T08:11:20.745+0000] {dag.py:3036} INFO - Sync 1 DAGs
[2026-03-18T08:11:20.754+0000] {logging_mixin.py:188} INFO - [2026-03-18T08:11:20.754+0000] {dag.py:3823} INFO - Setting next_dagrun for example_short_circuit_decorator to 2026-03-17 00:00:00+00:00, run_after=2026-03-18 00:00:00+00:00
[2026-03-18T08:11:20.763+0000] {processor.py:183} INFO - Processing /home/airflow/.local/lib/python3.8/site-packages/airflow/example_dags/example_short_circuit_decorator.py took 0.043 seconds
[2026-03-18T08:11:51.262+0000] {processor.py:161} INFO - Started process (PID=754) to work on /home/airflow/.local/lib/python3.8/site-packages/airflow/example_dags/example_short_circuit_decorator.py
[2026-03-18T08:11:51.263+0000] {processor.py:830} INFO - Processing file /home/airflow/.local/lib/python3.8/site-packages/airflow/example_dags/example_short_circuit_decorator.py for tasks to queue
[2026-03-18T08:11:51.264+0000] {logging_mixin.py:188} INFO - [2026-03-18T08:11:51.264+0000] {dagbag.py:538} INFO - Filling up the DagBag from /home/airflow/.local/lib/python3.8/site-packages/airflow/example_dags/example_short_circuit_decorator.py
[2026-03-18T08:11:51.269+0000] {processor.py:840} INFO - DAG(s) 'example_short_circuit_decorator' retrieved from /home/airflow/.local/lib/python3.8/site-packages/airflow/example_dags/example_short_circuit_decorator.py
[2026-03-18T08:11:51.285+0000] {logging_mixin.py:188} INFO - [2026-03-18T08:11:51.285+0000] {dag.py:3036} INFO - Sync 1 DAGs
[2026-03-18T08:11:51.296+0000] {logging_mixin.py:188} INFO - [2026-03-18T08:11:51.295+0000] {dag.py:3823} INFO - Setting next_dagrun for example_short_circuit_decorator to 2026-03-17 00:00:00+00:00, run_after=2026-03-18 00:00:00+00:00
[2026-03-18T08:11:51.305+0000] {processor.py:183} INFO - Processing /home/airflow/.local/lib/python3.8/site-packages/airflow/example_dags/example_short_circuit_decorator.py took 0.044 seconds
[2026-03-18T08:12:21.789+0000] {processor.py:161} INFO - Started process (PID=810) to work on /home/airflow/.local/lib/python3.8/site-packages/airflow/example_dags/example_short_circuit_decorator.py
[2026-03-18T08:12:21.790+0000] {processor.py:830} INFO - Processing file /home/airflow/.local/lib/python3.8/site-packages/airflow/example_dags/example_short_circuit_decorator.py for tasks to queue
[2026-03-18T08:12:21.791+0000] {logging_mixin.py:188} INFO - [2026-03-18T08:12:21.791+0000] {dagbag.py:538} INFO - Filling up the DagBag from /home/airflow/.local/lib/python3.8/site-packages/airflow/example_dags/example_short_circuit_decorator.py
[2026-03-18T08:12:21.796+0000] {processor.py:840} INFO - DAG(s) 'example_short_circuit_decorator' retrieved from /home/airflow/.local/lib/python3.8/site-packages/airflow/example_dags/example_short_circuit_decorator.py
[2026-03-18T08:12:21.812+0000] {logging_mixin.py:188} INFO - [2026-03-18T08:12:21.811+0000] {dag.py:3036} INFO - Sync 1 DAGs
[2026-03-18T08:12:21.821+0000] {logging_mixin.py:188} INFO - [2026-03-18T08:12:21.821+0000] {dag.py:3823} INFO - Setting next_dagrun for example_short_circuit_decorator to 2026-03-17 00:00:00+00:00, run_after=2026-03-18 00:00:00+00:00
[2026-03-18T08:12:21.831+0000] {processor.py:183} INFO - Processing /home/airflow/.local/lib/python3.8/site-packages/airflow/example_dags/example_short_circuit_decorator.py took 0.044 seconds
[2026-03-18T08:12:52.176+0000] {processor.py:161} INFO - Started process (PID=866) to work on /home/airflow/.local/lib/python3.8/site-packages/airflow/example_dags/example_short_circuit_decorator.py
[2026-03-18T08:12:52.177+0000] {processor.py:830} INFO - Processing file /home/airflow/.local/lib/python3.8/site-packages/airflow/example_dags/example_short_circuit_decorator.py for tasks to queue
[2026-03-18T08:12:52.178+0000] {logging_mixin.py:188} INFO - [2026-03-18T08:12:52.178+0000] {dagbag.py:538} INFO - Filling up the DagBag from /home/airflow/.local/lib/python3.8/site-packages/airflow/example_dags/example_short_circuit_decorator.py
[2026-03-18T08:12:52.182+0000] {processor.py:840} INFO - DAG(s) 'example_short_circuit_decorator' retrieved from /home/airflow/.local/lib/python3.8/site-packages/airflow/example_dags/example_short_circuit_decorator.py
[2026-03-18T08:12:52.193+0000] {logging_mixin.py:188} INFO - [2026-03-18T08:12:52.192+0000] {dag.py:3036} INFO - Sync 1 DAGs
[2026-03-18T08:12:52.203+0000] {logging_mixin.py:188} INFO - [2026-03-18T08:12:52.203+0000] {dag.py:3823} INFO - Setting next_dagrun for example_short_circuit_decorator to 2026-03-17 00:00:00+00:00, run_after=2026-03-18 00:00:00+00:00
[2026-03-18T08:12:52.215+0000] {processor.py:183} INFO - Processing /home/airflow/.local/lib/python3.8/site-packages/airflow/example_dags/example_short_circuit_decorator.py took 0.040 seconds
[2026-03-18T08:13:22.619+0000] {processor.py:161} INFO - Started process (PID=922) to work on /home/airflow/.local/lib/python3.8/site-packages/airflow/example_dags/example_short_circuit_decorator.py
[2026-03-18T08:13:22.620+0000] {processor.py:830} INFO - Processing file /home/airflow/.local/lib/python3.8/site-packages/airflow/example_dags/example_short_circuit_decorator.py for tasks to queue
[2026-03-18T08:13:22.623+0000] {logging_mixin.py:188} INFO - [2026-03-18T08:13:22.622+0000] {dagbag.py:538} INFO - Filling up the DagBag from /home/airflow/.local/lib/python3.8/site-packages/airflow/example_dags/example_short_circuit_decorator.py
[2026-03-18T08:13:22.627+0000] {processor.py:840} INFO - DAG(s) 'example_short_circuit_decorator' retrieved from /home/airflow/.local/lib/python3.8/site-packages/airflow/example_dags/example_short_circuit_decorator.py
[2026-03-18T08:13:22.641+0000] {logging_mixin.py:188} INFO - [2026-03-18T08:13:22.641+0000] {dag.py:3036} INFO - Sync 1 DAGs
[2026-03-18T08:13:22.651+0000] {logging_mixin.py:188} INFO - [2026-03-18T08:13:22.651+0000] {dag.py:3823} INFO - Setting next_dagrun for example_short_circuit_decorator to 2026-03-17 00:00:00+00:00, run_after=2026-03-18 00:00:00+00:00
[2026-03-18T08:13:22.659+0000] {processor.py:183} INFO - Processing /home/airflow/.local/lib/python3.8/site-packages/airflow/example_dags/example_short_circuit_decorator.py took 0.041 seconds
[2026-03-18T08:13:53.256+0000] {processor.py:161} INFO - Started process (PID=978) to work on /home/airflow/.local/lib/python3.8/site-packages/airflow/example_dags/example_short_circuit_decorator.py
[2026-03-18T08:13:53.257+0000] {processor.py:830} INFO - Processing file /home/airflow/.local/lib/python3.8/site-packages/airflow/example_dags/example_short_circuit_decorator.py for tasks to queue
[2026-03-18T08:13:53.258+0000] {logging_mixin.py:188} INFO - [2026-03-18T08:13:53.258+0000] {dagbag.py:538} INFO - Filling up the DagBag from /home/airflow/.local/lib/python3.8/site-packages/airflow/example_dags/example_short_circuit_decorator.py
[2026-03-18T08:13:53.263+0000] {processor.py:840} INFO - DAG(s) 'example_short_circuit_decorator' retrieved from /home/airflow/.local/lib/python3.8/site-packages/airflow/example_dags/example_short_circuit_decorator.py
[2026-03-18T08:13:53.275+0000] {logging_mixin.py:188} INFO - [2026-03-18T08:13:53.275+0000] {dag.py:3036} INFO - Sync 1 DAGs
[2026-03-18T08:13:53.285+0000] {logging_mixin.py:188} INFO - [2026-03-18T08:13:53.285+0000] {dag.py:3823} INFO - Setting next_dagrun for example_short_circuit_decorator to 2026-03-17 00:00:00+00:00, run_after=2026-03-18 00:00:00+00:00
[2026-03-18T08:13:53.297+0000] {processor.py:183} INFO - Processing /home/airflow/.local/lib/python3.8/site-packages/airflow/example_dags/example_short_circuit_decorator.py took 0.043 seconds
[2026-03-18T08:14:23.820+0000] {processor.py:161} INFO - Started process (PID=1034) to work on /home/airflow/.local/lib/python3.8/site-packages/airflow/example_dags/example_short_circuit_decorator.py
[2026-03-18T08:14:23.821+0000] {processor.py:830} INFO - Processing file /home/airflow/.local/lib/python3.8/site-packages/airflow/example_dags/example_short_circuit_decorator.py for tasks to queue
[2026-03-18T08:14:23.823+0000] {logging_mixin.py:188} INFO - [2026-03-18T08:14:23.822+0000] {dagbag.py:538} INFO - Filling up the DagBag from /home/airflow/.local/lib/python3.8/site-packages/airflow/example_dags/example_short_circuit_decorator.py
[2026-03-18T08:14:23.829+0000] {processor.py:840} INFO - DAG(s) 'example_short_circuit_decorator' retrieved from /home/airflow/.local/lib/python3.8/site-packages/airflow/example_dags/example_short_circuit_decorator.py
[2026-03-18T08:14:23.841+0000] {logging_mixin.py:188} INFO - [2026-03-18T08:14:23.841+0000] {dag.py:3036} INFO - Sync 1 DAGs
[2026-03-18T08:14:23.852+0000] {logging_mixin.py:188} INFO - [2026-03-18T08:14:23.851+0000] {dag.py:3823} INFO - Setting next_dagrun for example_short_circuit_decorator to 2026-03-17 00:00:00+00:00, run_after=2026-03-18 00:00:00+00:00
[2026-03-18T08:14:23.859+0000] {processor.py:183} INFO - Processing /home/airflow/.local/lib/python3.8/site-packages/airflow/example_dags/example_short_circuit_decorator.py took 0.040 seconds
[2026-03-18T08:14:54.464+0000] {processor.py:161} INFO - Started process (PID=1090) to work on /home/airflow/.local/lib/python3.8/site-packages/airflow/example_dags/example_short_circuit_decorator.py
[2026-03-18T08:14:54.465+0000] {processor.py:830} INFO - Processing file /home/airflow/.local/lib/python3.8/site-packages/airflow/example_dags/example_short_circuit_decorator.py for tasks to queue
[2026-03-18T08:14:54.466+0000] {logging_mixin.py:188} INFO - [2026-03-18T08:14:54.466+0000] {dagbag.py:538} INFO - Filling up the DagBag from /home/airflow/.local/lib/python3.8/site-packages/airflow/example_dags/example_short_circuit_decorator.py
[2026-03-18T08:14:54.472+0000] {processor.py:840} INFO - DAG(s) 'example_short_circuit_decorator' retrieved from /home/airflow/.local/lib/python3.8/site-packages/airflow/example_dags/example_short_circuit_decorator.py
[2026-03-18T08:14:54.489+0000] {logging_mixin.py:188} INFO - [2026-03-18T08:14:54.488+0000] {dag.py:3036} INFO - Sync 1 DAGs
[2026-03-18T08:14:54.502+0000] {logging_mixin.py:188} INFO - [2026-03-18T08:14:54.502+0000] {dag.py:3823} INFO - Setting next_dagrun for example_short_circuit_decorator to 2026-03-17 00:00:00+00:00, run_after=2026-03-18 00:00:00+00:00
[2026-03-18T08:14:54.513+0000] {processor.py:183} INFO - Processing /home/airflow/.local/lib/python3.8/site-packages/airflow/example_dags/example_short_circuit_decorator.py took 0.051 seconds
[2026-03-18T08:15:25.078+0000] {processor.py:161} INFO - Started process (PID=1146) to work on /home/airflow/.local/lib/python3.8/site-packages/airflow/example_dags/example_short_circuit_decorator.py
[2026-03-18T08:15:25.078+0000] {processor.py:830} INFO - Processing file /home/airflow/.local/lib/python3.8/site-packages/airflow/example_dags/example_short_circuit_decorator.py for tasks to queue
[2026-03-18T08:15:25.079+0000] {logging_mixin.py:188} INFO - [2026-03-18T08:15:25.079+0000] {dagbag.py:538} INFO - Filling up the DagBag from /home/airflow/.local/lib/python3.8/site-packages/airflow/example_dags/example_short_circuit_decorator.py
[2026-03-18T08:15:25.086+0000] {processor.py:840} INFO - DAG(s) 'example_short_circuit_decorator' retrieved from /home/airflow/.local/lib/python3.8/site-packages/airflow/example_dags/example_short_circuit_decorator.py
[2026-03-18T08:15:25.099+0000] {logging_mixin.py:188} INFO - [2026-03-18T08:15:25.099+0000] {dag.py:3036} INFO - Sync 1 DAGs
[2026-03-18T08:15:25.110+0000] {logging_mixin.py:188} INFO - [2026-03-18T08:15:25.110+0000] {dag.py:3823} INFO - Setting next_dagrun for example_short_circuit_decorator to 2026-03-17 00:00:00+00:00, run_after=2026-03-18 00:00:00+00:00
[2026-03-18T08:15:25.119+0000] {processor.py:183} INFO - Processing /home/airflow/.local/lib/python3.8/site-packages/airflow/example_dags/example_short_circuit_decorator.py took 0.043 seconds
[2026-03-18T08:15:55.554+0000] {processor.py:161} INFO - Started process (PID=1202) to work on /home/airflow/.local/lib/python3.8/site-packages/airflow/example_dags/example_short_circuit_decorator.py
[2026-03-18T08:15:55.555+0000] {processor.py:830} INFO - Processing file /home/airflow/.local/lib/python3.8/site-packages/airflow/example_dags/example_short_circuit_decorator.py for tasks to queue
[2026-03-18T08:15:55.555+0000] {logging_mixin.py:188} INFO - [2026-03-18T08:15:55.555+0000] {dagbag.py:538} INFO - Filling up the DagBag from /home/airflow/.local/lib/python3.8/site-packages/airflow/example_dags/example_short_circuit_decorator.py
[2026-03-18T08:15:55.559+0000] {processor.py:840} INFO - DAG(s) 'example_short_circuit_decorator' retrieved from /home/airflow/.local/lib/python3.8/site-packages/airflow/example_dags/example_short_circuit_decorator.py
[2026-03-18T08:15:55.570+0000] {logging_mixin.py:188} INFO - [2026-03-18T08:15:55.570+0000] {dag.py:3036} INFO - Sync 1 DAGs
[2026-03-18T08:15:55.581+0000] {logging_mixin.py:188} INFO - [2026-03-18T08:15:55.580+0000] {dag.py:3823} INFO - Setting next_dagrun for example_short_circuit_decorator to 2026-03-17 00:00:00+00:00, run_after=2026-03-18 00:00:00+00:00
[2026-03-18T08:15:55.589+0000] {processor.py:183} INFO - Processing /home/airflow/.local/lib/python3.8/site-packages/airflow/example_dags/example_short_circuit_decorator.py took 0.037 seconds
[2026-03-18T08:16:26.121+0000] {processor.py:161} INFO - Started process (PID=1258) to work on /home/airflow/.local/lib/python3.8/site-packages/airflow/example_dags/example_short_circuit_decorator.py
[2026-03-18T08:16:26.121+0000] {processor.py:830} INFO - Processing file /home/airflow/.local/lib/python3.8/site-packages/airflow/example_dags/example_short_circuit_decorator.py for tasks to queue
[2026-03-18T08:16:26.122+0000] {logging_mixin.py:188} INFO - [2026-03-18T08:16:26.122+0000] {dagbag.py:538} INFO - Filling up the DagBag from /home/airflow/.local/lib/python3.8/site-packages/airflow/example_dags/example_short_circuit_decorator.py
[2026-03-18T08:16:26.126+0000] {processor.py:840} INFO - DAG(s) 'example_short_circuit_decorator' retrieved from /home/airflow/.local/lib/python3.8/site-packages/airflow/example_dags/example_short_circuit_decorator.py
[2026-03-18T08:16:26.140+0000] {logging_mixin.py:188} INFO - [2026-03-18T08:16:26.139+0000] {dag.py:3036} INFO - Sync 1 DAGs
[2026-03-18T08:16:26.149+0000] {logging_mixin.py:188} INFO - [2026-03-18T08:16:26.149+0000] {dag.py:3823} INFO - Setting next_dagrun for example_short_circuit_decorator to 2026-03-17 00:00:00+00:00, run_after=2026-03-18 00:00:00+00:00
[2026-03-18T08:16:26.159+0000] {processor.py:183} INFO - Processing /home/airflow/.local/lib/python3.8/site-packages/airflow/example_dags/example_short_circuit_decorator.py took 0.040 seconds
[2026-03-18T08:16:56.629+0000] {processor.py:161} INFO - Started process (PID=1315) to work on /home/airflow/.local/lib/python3.8/site-packages/airflow/example_dags/example_short_circuit_decorator.py
[2026-03-18T08:16:56.630+0000] {processor.py:830} INFO - Processing file /home/airflow/.local/lib/python3.8/site-packages/airflow/example_dags/example_short_circuit_decorator.py for tasks to queue
[2026-03-18T08:16:56.632+0000] {logging_mixin.py:188} INFO - [2026-03-18T08:16:56.632+0000] {dagbag.py:538} INFO - Filling up the DagBag from /home/airflow/.local/lib/python3.8/site-packages/airflow/example_dags/example_short_circuit_decorator.py
[2026-03-18T08:16:56.636+0000] {processor.py:840} INFO - DAG(s) 'example_short_circuit_decorator' retrieved from /home/airflow/.local/lib/python3.8/site-packages/airflow/example_dags/example_short_circuit_decorator.py
[2026-03-18T08:16:56.644+0000] {logging_mixin.py:188} INFO - [2026-03-18T08:16:56.644+0000] {dag.py:3036} INFO - Sync 1 DAGs
[2026-03-18T08:16:56.653+0000] {logging_mixin.py:188} INFO - [2026-03-18T08:16:56.653+0000] {dag.py:3823} INFO - Setting next_dagrun for example_short_circuit_decorator to 2026-03-17 00:00:00+00:00, run_after=2026-03-18 00:00:00+00:00
[2026-03-18T08:16:56.660+0000] {processor.py:183} INFO - Processing /home/airflow/.local/lib/python3.8/site-packages/airflow/example_dags/example_short_circuit_decorator.py took 0.032 seconds
[2026-03-18T08:17:27.247+0000] {processor.py:161} INFO - Started process (PID=1371) to work on /home/airflow/.local/lib/python3.8/site-packages/airflow/example_dags/example_short_circuit_decorator.py
[2026-03-18T08:17:27.248+0000] {processor.py:830} INFO - Processing file /home/airflow/.local/lib/python3.8/site-packages/airflow/example_dags/example_short_circuit_decorator.py for tasks to queue
[2026-03-18T08:17:27.249+0000] {logging_mixin.py:188} INFO - [2026-03-18T08:17:27.249+0000] {dagbag.py:538} INFO - Filling up the DagBag from /home/airflow/.local/lib/python3.8/site-packages/airflow/example_dags/example_short_circuit_decorator.py
[2026-03-18T08:17:27.255+0000] {processor.py:840} INFO - DAG(s) 'example_short_circuit_decorator' retrieved from /home/airflow/.local/lib/python3.8/site-packages/airflow/example_dags/example_short_circuit_decorator.py
[2026-03-18T08:17:27.270+0000] {logging_mixin.py:188} INFO - [2026-03-18T08:17:27.269+0000] {dag.py:3036} INFO - Sync 1 DAGs
[2026-03-18T08:17:27.280+0000] {logging_mixin.py:188} INFO - [2026-03-18T08:17:27.279+0000] {dag.py:3823} INFO - Setting next_dagrun for example_short_circuit_decorator to 2026-03-17 00:00:00+00:00, run_after=2026-03-18 00:00:00+00:00
[2026-03-18T08:17:27.289+0000] {processor.py:183} INFO - Processing /home/airflow/.local/lib/python3.8/site-packages/airflow/example_dags/example_short_circuit_decorator.py took 0.044 seconds
[2026-03-18T08:17:57.674+0000] {processor.py:161} INFO - Started process (PID=1427) to work on /home/airflow/.local/lib/python3.8/site-packages/airflow/example_dags/example_short_circuit_decorator.py
[2026-03-18T08:17:57.675+0000] {processor.py:830} INFO - Processing file /home/airflow/.local/lib/python3.8/site-packages/airflow/example_dags/example_short_circuit_decorator.py for tasks to queue
[2026-03-18T08:17:57.675+0000] {logging_mixin.py:188} INFO - [2026-03-18T08:17:57.675+0000] {dagbag.py:538} INFO - Filling up the DagBag from /home/airflow/.local/lib/python3.8/site-packages/airflow/example_dags/example_short_circuit_decorator.py
[2026-03-18T08:17:57.679+0000] {processor.py:840} INFO - DAG(s) 'example_short_circuit_decorator' retrieved from /home/airflow/.local/lib/python3.8/site-packages/airflow/example_dags/example_short_circuit_decorator.py
[2026-03-18T08:17:57.689+0000] {logging_mixin.py:188} INFO - [2026-03-18T08:17:57.689+0000] {dag.py:3036} INFO - Sync 1 DAGs
[2026-03-18T08:17:57.696+0000] {logging_mixin.py:188} INFO - [2026-03-18T08:17:57.696+0000] {dag.py:3823} INFO - Setting next_dagrun for example_short_circuit_decorator to 2026-03-17 00:00:00+00:00, run_after=2026-03-18 00:00:00+00:00
[2026-03-18T08:17:57.707+0000] {processor.py:183} INFO - Processing /home/airflow/.local/lib/python3.8/site-packages/airflow/example_dags/example_short_circuit_decorator.py took 0.035 seconds
[2026-03-18T08:18:28.280+0000] {processor.py:161} INFO - Started process (PID=1483) to work on /home/airflow/.local/lib/python3.8/site-packages/airflow/example_dags/example_short_circuit_decorator.py
[2026-03-18T08:18:28.281+0000] {processor.py:830} INFO - Processing file /home/airflow/.local/lib/python3.8/site-packages/airflow/example_dags/example_short_circuit_decorator.py for tasks to queue
[2026-03-18T08:18:28.285+0000] {logging_mixin.py:188} INFO - [2026-03-18T08:18:28.285+0000] {dagbag.py:538} INFO - Filling up the DagBag from /home/airflow/.local/lib/python3.8/site-packages/airflow/example_dags/example_short_circuit_decorator.py
[2026-03-18T08:18:28.289+0000] {processor.py:840} INFO - DAG(s) 'example_short_circuit_decorator' retrieved from /home/airflow/.local/lib/python3.8/site-packages/airflow/example_dags/example_short_circuit_decorator.py
[2026-03-18T08:18:28.298+0000] {logging_mixin.py:188} INFO - [2026-03-18T08:18:28.298+0000] {dag.py:3036} INFO - Sync 1 DAGs
[2026-03-18T08:18:28.308+0000] {logging_mixin.py:188} INFO - [2026-03-18T08:18:28.308+0000] {dag.py:3823} INFO - Setting next_dagrun for example_short_circuit_decorator to 2026-03-17 00:00:00+00:00, run_after=2026-03-18 00:00:00+00:00
[2026-03-18T08:18:28.321+0000] {processor.py:183} INFO - Processing /home/airflow/.local/lib/python3.8/site-packages/airflow/example_dags/example_short_circuit_decorator.py took 0.042 seconds
[2026-03-18T08:18:58.767+0000] {processor.py:161} INFO - Started process (PID=1539) to work on /home/airflow/.local/lib/python3.8/site-packages/airflow/example_dags/example_short_circuit_decorator.py
[2026-03-18T08:18:58.769+0000] {processor.py:830} INFO - Processing file /home/airflow/.local/lib/python3.8/site-packages/airflow/example_dags/example_short_circuit_decorator.py for tasks to queue
[2026-03-18T08:18:58.769+0000] {logging_mixin.py:188} INFO - [2026-03-18T08:18:58.769+0000] {dagbag.py:538} INFO - Filling up the DagBag from /home/airflow/.local/lib/python3.8/site-packages/airflow/example_dags/example_short_circuit_decorator.py
[2026-03-18T08:18:58.773+0000] {processor.py:840} INFO - DAG(s) 'example_short_circuit_decorator' retrieved from /home/airflow/.local/lib/python3.8/site-packages/airflow/example_dags/example_short_circuit_decorator.py
[2026-03-18T08:18:58.783+0000] {logging_mixin.py:188} INFO - [2026-03-18T08:18:58.783+0000] {dag.py:3036} INFO - Sync 1 DAGs
[2026-03-18T08:18:58.793+0000] {logging_mixin.py:188} INFO - [2026-03-18T08:18:58.793+0000] {dag.py:3823} INFO - Setting next_dagrun for example_short_circuit_decorator to 2026-03-17 00:00:00+00:00, run_after=2026-03-18 00:00:00+00:00
[2026-03-18T08:18:58.805+0000] {processor.py:183} INFO - Processing /home/airflow/.local/lib/python3.8/site-packages/airflow/example_dags/example_short_circuit_decorator.py took 0.039 seconds
[2026-03-18T08:19:29.188+0000] {processor.py:161} INFO - Started process (PID=1595) to work on /home/airflow/.local/lib/python3.8/site-packages/airflow/example_dags/example_short_circuit_decorator.py
[2026-03-18T08:19:29.189+0000] {processor.py:830} INFO - Processing file /home/airflow/.local/lib/python3.8/site-packages/airflow/example_dags/example_short_circuit_decorator.py for tasks to queue
[2026-03-18T08:19:29.189+0000] {logging_mixin.py:188} INFO - [2026-03-18T08:19:29.189+0000] {dagbag.py:538} INFO - Filling up the DagBag from /home/airflow/.local/lib/python3.8/site-packages/airflow/example_dags/example_short_circuit_decorator.py
[2026-03-18T08:19:29.193+0000] {processor.py:840} INFO - DAG(s) 'example_short_circuit_decorator' retrieved from /home/airflow/.local/lib/python3.8/site-packages/airflow/example_dags/example_short_circuit_decorator.py
[2026-03-18T08:19:29.202+0000] {logging_mixin.py:188} INFO - [2026-03-18T08:19:29.202+0000] {dag.py:3036} INFO - Sync 1 DAGs
[2026-03-18T08:19:29.210+0000] {logging_mixin.py:188} INFO - [2026-03-18T08:19:29.210+0000] {dag.py:3823} INFO - Setting next_dagrun for example_short_circuit_decorator to 2026-03-17 00:00:00+00:00, run_after=2026-03-18 00:00:00+00:00
[2026-03-18T08:19:29.219+0000] {processor.py:183} INFO - Processing /home/airflow/.local/lib/python3.8/site-packages/airflow/example_dags/example_short_circuit_decorator.py took 0.032 seconds
