[2026-03-18T07:45:18.160+0000] {processor.py:161} INFO - Started process (PID=59) to work on /home/airflow/.local/lib/python3.8/site-packages/airflow/example_dags/example_python_operator.py
[2026-03-18T07:45:18.161+0000] {processor.py:830} INFO - Processing file /home/airflow/.local/lib/python3.8/site-packages/airflow/example_dags/example_python_operator.py for tasks to queue
[2026-03-18T07:45:18.161+0000] {logging_mixin.py:188} INFO - [2026-03-18T07:45:18.161+0000] {dagbag.py:538} INFO - Filling up the DagBag from /home/airflow/.local/lib/python3.8/site-packages/airflow/example_dags/example_python_operator.py
[2026-03-18T07:45:18.170+0000] {processor.py:840} INFO - DAG(s) 'example_python_operator' retrieved from /home/airflow/.local/lib/python3.8/site-packages/airflow/example_dags/example_python_operator.py
[2026-03-18T07:45:18.222+0000] {logging_mixin.py:188} INFO - [2026-03-18T07:45:18.222+0000] {override.py:1769} INFO - Created Permission View: can read on DAG:example_python_operator
[2026-03-18T07:45:18.226+0000] {logging_mixin.py:188} INFO - [2026-03-18T07:45:18.226+0000] {override.py:1769} INFO - Created Permission View: can delete on DAG:example_python_operator
[2026-03-18T07:45:18.228+0000] {logging_mixin.py:188} INFO - [2026-03-18T07:45:18.228+0000] {override.py:1769} INFO - Created Permission View: can edit on DAG:example_python_operator
[2026-03-18T07:45:18.228+0000] {logging_mixin.py:188} INFO - [2026-03-18T07:45:18.228+0000] {dag.py:3036} INFO - Sync 1 DAGs
[2026-03-18T07:45:18.232+0000] {logging_mixin.py:188} INFO - [2026-03-18T07:45:18.232+0000] {dag.py:3058} INFO - Creating ORM DAG for example_python_operator
[2026-03-18T07:45:18.233+0000] {logging_mixin.py:188} INFO - [2026-03-18T07:45:18.233+0000] {dag.py:3823} INFO - Setting next_dagrun for example_python_operator to None, run_after=None
[2026-03-18T07:45:18.240+0000] {processor.py:183} INFO - Processing /home/airflow/.local/lib/python3.8/site-packages/airflow/example_dags/example_python_operator.py took 0.081 seconds
[2026-03-18T07:45:49.234+0000] {processor.py:161} INFO - Started process (PID=114) to work on /home/airflow/.local/lib/python3.8/site-packages/airflow/example_dags/example_python_operator.py
[2026-03-18T07:45:49.235+0000] {processor.py:830} INFO - Processing file /home/airflow/.local/lib/python3.8/site-packages/airflow/example_dags/example_python_operator.py for tasks to queue
[2026-03-18T07:45:49.236+0000] {logging_mixin.py:188} INFO - [2026-03-18T07:45:49.236+0000] {dagbag.py:538} INFO - Filling up the DagBag from /home/airflow/.local/lib/python3.8/site-packages/airflow/example_dags/example_python_operator.py
[2026-03-18T07:45:49.242+0000] {processor.py:840} INFO - DAG(s) 'example_python_operator' retrieved from /home/airflow/.local/lib/python3.8/site-packages/airflow/example_dags/example_python_operator.py
[2026-03-18T07:45:49.252+0000] {logging_mixin.py:188} INFO - [2026-03-18T07:45:49.252+0000] {dag.py:3036} INFO - Sync 1 DAGs
[2026-03-18T07:45:49.258+0000] {logging_mixin.py:188} INFO - [2026-03-18T07:45:49.258+0000] {dag.py:3823} INFO - Setting next_dagrun for example_python_operator to None, run_after=None
[2026-03-18T07:45:49.266+0000] {processor.py:183} INFO - Processing /home/airflow/.local/lib/python3.8/site-packages/airflow/example_dags/example_python_operator.py took 0.034 seconds
[2026-03-18T07:46:19.607+0000] {processor.py:161} INFO - Started process (PID=169) to work on /home/airflow/.local/lib/python3.8/site-packages/airflow/example_dags/example_python_operator.py
[2026-03-18T07:46:19.608+0000] {processor.py:830} INFO - Processing file /home/airflow/.local/lib/python3.8/site-packages/airflow/example_dags/example_python_operator.py for tasks to queue
[2026-03-18T07:46:19.609+0000] {logging_mixin.py:188} INFO - [2026-03-18T07:46:19.609+0000] {dagbag.py:538} INFO - Filling up the DagBag from /home/airflow/.local/lib/python3.8/site-packages/airflow/example_dags/example_python_operator.py
[2026-03-18T07:46:19.616+0000] {processor.py:840} INFO - DAG(s) 'example_python_operator' retrieved from /home/airflow/.local/lib/python3.8/site-packages/airflow/example_dags/example_python_operator.py
[2026-03-18T07:46:19.628+0000] {logging_mixin.py:188} INFO - [2026-03-18T07:46:19.628+0000] {dag.py:3036} INFO - Sync 1 DAGs
[2026-03-18T07:46:19.633+0000] {logging_mixin.py:188} INFO - [2026-03-18T07:46:19.633+0000] {dag.py:3823} INFO - Setting next_dagrun for example_python_operator to None, run_after=None
[2026-03-18T07:46:19.641+0000] {processor.py:183} INFO - Processing /home/airflow/.local/lib/python3.8/site-packages/airflow/example_dags/example_python_operator.py took 0.036 seconds
[2026-03-18T07:46:49.935+0000] {processor.py:161} INFO - Started process (PID=224) to work on /home/airflow/.local/lib/python3.8/site-packages/airflow/example_dags/example_python_operator.py
[2026-03-18T07:46:49.936+0000] {processor.py:830} INFO - Processing file /home/airflow/.local/lib/python3.8/site-packages/airflow/example_dags/example_python_operator.py for tasks to queue
[2026-03-18T07:46:49.936+0000] {logging_mixin.py:188} INFO - [2026-03-18T07:46:49.936+0000] {dagbag.py:538} INFO - Filling up the DagBag from /home/airflow/.local/lib/python3.8/site-packages/airflow/example_dags/example_python_operator.py
[2026-03-18T07:46:49.943+0000] {processor.py:840} INFO - DAG(s) 'example_python_operator' retrieved from /home/airflow/.local/lib/python3.8/site-packages/airflow/example_dags/example_python_operator.py
[2026-03-18T07:46:49.953+0000] {logging_mixin.py:188} INFO - [2026-03-18T07:46:49.953+0000] {dag.py:3036} INFO - Sync 1 DAGs
[2026-03-18T07:46:49.958+0000] {logging_mixin.py:188} INFO - [2026-03-18T07:46:49.958+0000] {dag.py:3823} INFO - Setting next_dagrun for example_python_operator to None, run_after=None
[2026-03-18T07:46:49.965+0000] {processor.py:183} INFO - Processing /home/airflow/.local/lib/python3.8/site-packages/airflow/example_dags/example_python_operator.py took 0.032 seconds
[2026-03-18T07:47:20.281+0000] {processor.py:161} INFO - Started process (PID=279) to work on /home/airflow/.local/lib/python3.8/site-packages/airflow/example_dags/example_python_operator.py
[2026-03-18T07:47:20.282+0000] {processor.py:830} INFO - Processing file /home/airflow/.local/lib/python3.8/site-packages/airflow/example_dags/example_python_operator.py for tasks to queue
[2026-03-18T07:47:20.283+0000] {logging_mixin.py:188} INFO - [2026-03-18T07:47:20.283+0000] {dagbag.py:538} INFO - Filling up the DagBag from /home/airflow/.local/lib/python3.8/site-packages/airflow/example_dags/example_python_operator.py
[2026-03-18T07:47:20.291+0000] {processor.py:840} INFO - DAG(s) 'example_python_operator' retrieved from /home/airflow/.local/lib/python3.8/site-packages/airflow/example_dags/example_python_operator.py
[2026-03-18T07:47:20.305+0000] {logging_mixin.py:188} INFO - [2026-03-18T07:47:20.304+0000] {dag.py:3036} INFO - Sync 1 DAGs
[2026-03-18T07:47:20.310+0000] {logging_mixin.py:188} INFO - [2026-03-18T07:47:20.310+0000] {dag.py:3823} INFO - Setting next_dagrun for example_python_operator to None, run_after=None
[2026-03-18T07:47:20.320+0000] {processor.py:183} INFO - Processing /home/airflow/.local/lib/python3.8/site-packages/airflow/example_dags/example_python_operator.py took 0.040 seconds
[2026-03-18T07:47:50.721+0000] {processor.py:161} INFO - Started process (PID=334) to work on /home/airflow/.local/lib/python3.8/site-packages/airflow/example_dags/example_python_operator.py
[2026-03-18T07:47:50.722+0000] {processor.py:830} INFO - Processing file /home/airflow/.local/lib/python3.8/site-packages/airflow/example_dags/example_python_operator.py for tasks to queue
[2026-03-18T07:47:50.723+0000] {logging_mixin.py:188} INFO - [2026-03-18T07:47:50.723+0000] {dagbag.py:538} INFO - Filling up the DagBag from /home/airflow/.local/lib/python3.8/site-packages/airflow/example_dags/example_python_operator.py
[2026-03-18T07:47:50.731+0000] {processor.py:840} INFO - DAG(s) 'example_python_operator' retrieved from /home/airflow/.local/lib/python3.8/site-packages/airflow/example_dags/example_python_operator.py
[2026-03-18T07:47:50.742+0000] {logging_mixin.py:188} INFO - [2026-03-18T07:47:50.742+0000] {dag.py:3036} INFO - Sync 1 DAGs
[2026-03-18T07:47:50.748+0000] {logging_mixin.py:188} INFO - [2026-03-18T07:47:50.748+0000] {dag.py:3823} INFO - Setting next_dagrun for example_python_operator to None, run_after=None
[2026-03-18T07:47:50.757+0000] {processor.py:183} INFO - Processing /home/airflow/.local/lib/python3.8/site-packages/airflow/example_dags/example_python_operator.py took 0.039 seconds
[2026-03-18T07:48:21.119+0000] {processor.py:161} INFO - Started process (PID=389) to work on /home/airflow/.local/lib/python3.8/site-packages/airflow/example_dags/example_python_operator.py
[2026-03-18T07:48:21.120+0000] {processor.py:830} INFO - Processing file /home/airflow/.local/lib/python3.8/site-packages/airflow/example_dags/example_python_operator.py for tasks to queue
[2026-03-18T07:48:21.121+0000] {logging_mixin.py:188} INFO - [2026-03-18T07:48:21.121+0000] {dagbag.py:538} INFO - Filling up the DagBag from /home/airflow/.local/lib/python3.8/site-packages/airflow/example_dags/example_python_operator.py
[2026-03-18T07:48:21.129+0000] {processor.py:840} INFO - DAG(s) 'example_python_operator' retrieved from /home/airflow/.local/lib/python3.8/site-packages/airflow/example_dags/example_python_operator.py
[2026-03-18T07:48:21.142+0000] {logging_mixin.py:188} INFO - [2026-03-18T07:48:21.142+0000] {dag.py:3036} INFO - Sync 1 DAGs
[2026-03-18T07:48:21.148+0000] {logging_mixin.py:188} INFO - [2026-03-18T07:48:21.148+0000] {dag.py:3823} INFO - Setting next_dagrun for example_python_operator to None, run_after=None
[2026-03-18T07:48:21.159+0000] {processor.py:183} INFO - Processing /home/airflow/.local/lib/python3.8/site-packages/airflow/example_dags/example_python_operator.py took 0.042 seconds
[2026-03-18T07:48:51.442+0000] {processor.py:161} INFO - Started process (PID=444) to work on /home/airflow/.local/lib/python3.8/site-packages/airflow/example_dags/example_python_operator.py
[2026-03-18T07:48:51.442+0000] {processor.py:830} INFO - Processing file /home/airflow/.local/lib/python3.8/site-packages/airflow/example_dags/example_python_operator.py for tasks to queue
[2026-03-18T07:48:51.443+0000] {logging_mixin.py:188} INFO - [2026-03-18T07:48:51.443+0000] {dagbag.py:538} INFO - Filling up the DagBag from /home/airflow/.local/lib/python3.8/site-packages/airflow/example_dags/example_python_operator.py
[2026-03-18T07:48:51.449+0000] {processor.py:840} INFO - DAG(s) 'example_python_operator' retrieved from /home/airflow/.local/lib/python3.8/site-packages/airflow/example_dags/example_python_operator.py
[2026-03-18T07:48:51.461+0000] {logging_mixin.py:188} INFO - [2026-03-18T07:48:51.460+0000] {dag.py:3036} INFO - Sync 1 DAGs
[2026-03-18T07:48:51.466+0000] {logging_mixin.py:188} INFO - [2026-03-18T07:48:51.466+0000] {dag.py:3823} INFO - Setting next_dagrun for example_python_operator to None, run_after=None
[2026-03-18T07:48:51.474+0000] {processor.py:183} INFO - Processing /home/airflow/.local/lib/python3.8/site-packages/airflow/example_dags/example_python_operator.py took 0.035 seconds
[2026-03-18T07:49:21.697+0000] {processor.py:161} INFO - Started process (PID=499) to work on /home/airflow/.local/lib/python3.8/site-packages/airflow/example_dags/example_python_operator.py
[2026-03-18T07:49:21.698+0000] {processor.py:830} INFO - Processing file /home/airflow/.local/lib/python3.8/site-packages/airflow/example_dags/example_python_operator.py for tasks to queue
[2026-03-18T07:49:21.699+0000] {logging_mixin.py:188} INFO - [2026-03-18T07:49:21.699+0000] {dagbag.py:538} INFO - Filling up the DagBag from /home/airflow/.local/lib/python3.8/site-packages/airflow/example_dags/example_python_operator.py
[2026-03-18T07:49:21.705+0000] {processor.py:840} INFO - DAG(s) 'example_python_operator' retrieved from /home/airflow/.local/lib/python3.8/site-packages/airflow/example_dags/example_python_operator.py
[2026-03-18T07:49:21.716+0000] {logging_mixin.py:188} INFO - [2026-03-18T07:49:21.716+0000] {dag.py:3036} INFO - Sync 1 DAGs
[2026-03-18T07:49:21.721+0000] {logging_mixin.py:188} INFO - [2026-03-18T07:49:21.721+0000] {dag.py:3823} INFO - Setting next_dagrun for example_python_operator to None, run_after=None
[2026-03-18T07:49:21.729+0000] {processor.py:183} INFO - Processing /home/airflow/.local/lib/python3.8/site-packages/airflow/example_dags/example_python_operator.py took 0.034 seconds
[2026-03-18T07:49:51.978+0000] {processor.py:161} INFO - Started process (PID=560) to work on /home/airflow/.local/lib/python3.8/site-packages/airflow/example_dags/example_python_operator.py
[2026-03-18T07:49:51.979+0000] {processor.py:830} INFO - Processing file /home/airflow/.local/lib/python3.8/site-packages/airflow/example_dags/example_python_operator.py for tasks to queue
[2026-03-18T07:49:51.981+0000] {logging_mixin.py:188} INFO - [2026-03-18T07:49:51.980+0000] {dagbag.py:538} INFO - Filling up the DagBag from /home/airflow/.local/lib/python3.8/site-packages/airflow/example_dags/example_python_operator.py
[2026-03-18T07:49:51.987+0000] {processor.py:840} INFO - DAG(s) 'example_python_operator' retrieved from /home/airflow/.local/lib/python3.8/site-packages/airflow/example_dags/example_python_operator.py
[2026-03-18T07:49:51.998+0000] {logging_mixin.py:188} INFO - [2026-03-18T07:49:51.998+0000] {dag.py:3036} INFO - Sync 1 DAGs
[2026-03-18T07:49:52.004+0000] {logging_mixin.py:188} INFO - [2026-03-18T07:49:52.004+0000] {dag.py:3823} INFO - Setting next_dagrun for example_python_operator to None, run_after=None
[2026-03-18T07:49:52.012+0000] {processor.py:183} INFO - Processing /home/airflow/.local/lib/python3.8/site-packages/airflow/example_dags/example_python_operator.py took 0.036 seconds
[2026-03-18T07:50:22.327+0000] {processor.py:161} INFO - Started process (PID=616) to work on /home/airflow/.local/lib/python3.8/site-packages/airflow/example_dags/example_python_operator.py
[2026-03-18T07:50:22.331+0000] {processor.py:830} INFO - Processing file /home/airflow/.local/lib/python3.8/site-packages/airflow/example_dags/example_python_operator.py for tasks to queue
[2026-03-18T07:50:22.332+0000] {logging_mixin.py:188} INFO - [2026-03-18T07:50:22.331+0000] {dagbag.py:538} INFO - Filling up the DagBag from /home/airflow/.local/lib/python3.8/site-packages/airflow/example_dags/example_python_operator.py
[2026-03-18T07:50:22.338+0000] {processor.py:840} INFO - DAG(s) 'example_python_operator' retrieved from /home/airflow/.local/lib/python3.8/site-packages/airflow/example_dags/example_python_operator.py
[2026-03-18T07:50:22.351+0000] {logging_mixin.py:188} INFO - [2026-03-18T07:50:22.350+0000] {dag.py:3036} INFO - Sync 1 DAGs
[2026-03-18T07:50:22.360+0000] {logging_mixin.py:188} INFO - [2026-03-18T07:50:22.360+0000] {dag.py:3823} INFO - Setting next_dagrun for example_python_operator to None, run_after=None
[2026-03-18T07:50:22.372+0000] {processor.py:183} INFO - Processing /home/airflow/.local/lib/python3.8/site-packages/airflow/example_dags/example_python_operator.py took 0.048 seconds
[2026-03-18T07:50:52.803+0000] {processor.py:161} INFO - Started process (PID=672) to work on /home/airflow/.local/lib/python3.8/site-packages/airflow/example_dags/example_python_operator.py
[2026-03-18T07:50:52.803+0000] {processor.py:830} INFO - Processing file /home/airflow/.local/lib/python3.8/site-packages/airflow/example_dags/example_python_operator.py for tasks to queue
[2026-03-18T07:50:52.806+0000] {logging_mixin.py:188} INFO - [2026-03-18T07:50:52.806+0000] {dagbag.py:538} INFO - Filling up the DagBag from /home/airflow/.local/lib/python3.8/site-packages/airflow/example_dags/example_python_operator.py
[2026-03-18T07:50:52.814+0000] {processor.py:840} INFO - DAG(s) 'example_python_operator' retrieved from /home/airflow/.local/lib/python3.8/site-packages/airflow/example_dags/example_python_operator.py
[2026-03-18T07:50:52.829+0000] {logging_mixin.py:188} INFO - [2026-03-18T07:50:52.829+0000] {dag.py:3036} INFO - Sync 1 DAGs
[2026-03-18T07:50:52.838+0000] {logging_mixin.py:188} INFO - [2026-03-18T07:50:52.838+0000] {dag.py:3823} INFO - Setting next_dagrun for example_python_operator to None, run_after=None
[2026-03-18T07:50:52.850+0000] {processor.py:183} INFO - Processing /home/airflow/.local/lib/python3.8/site-packages/airflow/example_dags/example_python_operator.py took 0.050 seconds
[2026-03-18T07:51:23.317+0000] {processor.py:161} INFO - Started process (PID=728) to work on /home/airflow/.local/lib/python3.8/site-packages/airflow/example_dags/example_python_operator.py
[2026-03-18T07:51:23.320+0000] {processor.py:830} INFO - Processing file /home/airflow/.local/lib/python3.8/site-packages/airflow/example_dags/example_python_operator.py for tasks to queue
[2026-03-18T07:51:23.321+0000] {logging_mixin.py:188} INFO - [2026-03-18T07:51:23.321+0000] {dagbag.py:538} INFO - Filling up the DagBag from /home/airflow/.local/lib/python3.8/site-packages/airflow/example_dags/example_python_operator.py
[2026-03-18T07:51:23.328+0000] {processor.py:840} INFO - DAG(s) 'example_python_operator' retrieved from /home/airflow/.local/lib/python3.8/site-packages/airflow/example_dags/example_python_operator.py
[2026-03-18T07:51:23.345+0000] {logging_mixin.py:188} INFO - [2026-03-18T07:51:23.345+0000] {dag.py:3036} INFO - Sync 1 DAGs
[2026-03-18T07:51:23.355+0000] {logging_mixin.py:188} INFO - [2026-03-18T07:51:23.355+0000] {dag.py:3823} INFO - Setting next_dagrun for example_python_operator to None, run_after=None
[2026-03-18T07:51:23.367+0000] {processor.py:183} INFO - Processing /home/airflow/.local/lib/python3.8/site-packages/airflow/example_dags/example_python_operator.py took 0.052 seconds
[2026-03-18T07:51:53.783+0000] {processor.py:161} INFO - Started process (PID=784) to work on /home/airflow/.local/lib/python3.8/site-packages/airflow/example_dags/example_python_operator.py
[2026-03-18T07:51:53.784+0000] {processor.py:830} INFO - Processing file /home/airflow/.local/lib/python3.8/site-packages/airflow/example_dags/example_python_operator.py for tasks to queue
[2026-03-18T07:51:53.787+0000] {logging_mixin.py:188} INFO - [2026-03-18T07:51:53.787+0000] {dagbag.py:538} INFO - Filling up the DagBag from /home/airflow/.local/lib/python3.8/site-packages/airflow/example_dags/example_python_operator.py
[2026-03-18T07:51:53.796+0000] {processor.py:840} INFO - DAG(s) 'example_python_operator' retrieved from /home/airflow/.local/lib/python3.8/site-packages/airflow/example_dags/example_python_operator.py
[2026-03-18T07:51:53.810+0000] {logging_mixin.py:188} INFO - [2026-03-18T07:51:53.810+0000] {dag.py:3036} INFO - Sync 1 DAGs
[2026-03-18T07:51:53.821+0000] {logging_mixin.py:188} INFO - [2026-03-18T07:51:53.821+0000] {dag.py:3823} INFO - Setting next_dagrun for example_python_operator to None, run_after=None
[2026-03-18T07:51:53.835+0000] {processor.py:183} INFO - Processing /home/airflow/.local/lib/python3.8/site-packages/airflow/example_dags/example_python_operator.py took 0.054 seconds
[2026-03-18T07:52:24.320+0000] {processor.py:161} INFO - Started process (PID=840) to work on /home/airflow/.local/lib/python3.8/site-packages/airflow/example_dags/example_python_operator.py
[2026-03-18T07:52:24.322+0000] {processor.py:830} INFO - Processing file /home/airflow/.local/lib/python3.8/site-packages/airflow/example_dags/example_python_operator.py for tasks to queue
[2026-03-18T07:52:24.326+0000] {logging_mixin.py:188} INFO - [2026-03-18T07:52:24.325+0000] {dagbag.py:538} INFO - Filling up the DagBag from /home/airflow/.local/lib/python3.8/site-packages/airflow/example_dags/example_python_operator.py
[2026-03-18T07:52:24.337+0000] {processor.py:840} INFO - DAG(s) 'example_python_operator' retrieved from /home/airflow/.local/lib/python3.8/site-packages/airflow/example_dags/example_python_operator.py
[2026-03-18T07:52:24.353+0000] {logging_mixin.py:188} INFO - [2026-03-18T07:52:24.353+0000] {dag.py:3036} INFO - Sync 1 DAGs
[2026-03-18T07:52:24.362+0000] {logging_mixin.py:188} INFO - [2026-03-18T07:52:24.361+0000] {dag.py:3823} INFO - Setting next_dagrun for example_python_operator to None, run_after=None
[2026-03-18T07:52:24.374+0000] {processor.py:183} INFO - Processing /home/airflow/.local/lib/python3.8/site-packages/airflow/example_dags/example_python_operator.py took 0.058 seconds
[2026-03-18T07:52:54.807+0000] {processor.py:161} INFO - Started process (PID=896) to work on /home/airflow/.local/lib/python3.8/site-packages/airflow/example_dags/example_python_operator.py
[2026-03-18T07:52:54.809+0000] {processor.py:830} INFO - Processing file /home/airflow/.local/lib/python3.8/site-packages/airflow/example_dags/example_python_operator.py for tasks to queue
[2026-03-18T07:52:54.812+0000] {logging_mixin.py:188} INFO - [2026-03-18T07:52:54.812+0000] {dagbag.py:538} INFO - Filling up the DagBag from /home/airflow/.local/lib/python3.8/site-packages/airflow/example_dags/example_python_operator.py
[2026-03-18T07:52:54.821+0000] {processor.py:840} INFO - DAG(s) 'example_python_operator' retrieved from /home/airflow/.local/lib/python3.8/site-packages/airflow/example_dags/example_python_operator.py
[2026-03-18T07:52:54.838+0000] {logging_mixin.py:188} INFO - [2026-03-18T07:52:54.838+0000] {dag.py:3036} INFO - Sync 1 DAGs
[2026-03-18T07:52:54.844+0000] {logging_mixin.py:188} INFO - [2026-03-18T07:52:54.844+0000] {dag.py:3823} INFO - Setting next_dagrun for example_python_operator to None, run_after=None
[2026-03-18T07:52:54.857+0000] {processor.py:183} INFO - Processing /home/airflow/.local/lib/python3.8/site-packages/airflow/example_dags/example_python_operator.py took 0.052 seconds
[2026-03-18T07:53:25.301+0000] {processor.py:161} INFO - Started process (PID=952) to work on /home/airflow/.local/lib/python3.8/site-packages/airflow/example_dags/example_python_operator.py
[2026-03-18T07:53:25.305+0000] {processor.py:830} INFO - Processing file /home/airflow/.local/lib/python3.8/site-packages/airflow/example_dags/example_python_operator.py for tasks to queue
[2026-03-18T07:53:25.306+0000] {logging_mixin.py:188} INFO - [2026-03-18T07:53:25.306+0000] {dagbag.py:538} INFO - Filling up the DagBag from /home/airflow/.local/lib/python3.8/site-packages/airflow/example_dags/example_python_operator.py
[2026-03-18T07:53:25.312+0000] {processor.py:840} INFO - DAG(s) 'example_python_operator' retrieved from /home/airflow/.local/lib/python3.8/site-packages/airflow/example_dags/example_python_operator.py
[2026-03-18T07:53:25.330+0000] {logging_mixin.py:188} INFO - [2026-03-18T07:53:25.330+0000] {dag.py:3036} INFO - Sync 1 DAGs
[2026-03-18T07:53:25.335+0000] {logging_mixin.py:188} INFO - [2026-03-18T07:53:25.335+0000] {dag.py:3823} INFO - Setting next_dagrun for example_python_operator to None, run_after=None
[2026-03-18T07:53:25.345+0000] {processor.py:183} INFO - Processing /home/airflow/.local/lib/python3.8/site-packages/airflow/example_dags/example_python_operator.py took 0.046 seconds
[2026-03-18T07:53:55.779+0000] {processor.py:161} INFO - Started process (PID=1008) to work on /home/airflow/.local/lib/python3.8/site-packages/airflow/example_dags/example_python_operator.py
[2026-03-18T07:53:55.783+0000] {processor.py:830} INFO - Processing file /home/airflow/.local/lib/python3.8/site-packages/airflow/example_dags/example_python_operator.py for tasks to queue
[2026-03-18T07:53:55.783+0000] {logging_mixin.py:188} INFO - [2026-03-18T07:53:55.783+0000] {dagbag.py:538} INFO - Filling up the DagBag from /home/airflow/.local/lib/python3.8/site-packages/airflow/example_dags/example_python_operator.py
[2026-03-18T07:53:55.789+0000] {processor.py:840} INFO - DAG(s) 'example_python_operator' retrieved from /home/airflow/.local/lib/python3.8/site-packages/airflow/example_dags/example_python_operator.py
[2026-03-18T07:53:55.809+0000] {logging_mixin.py:188} INFO - [2026-03-18T07:53:55.809+0000] {dag.py:3036} INFO - Sync 1 DAGs
[2026-03-18T07:53:55.816+0000] {logging_mixin.py:188} INFO - [2026-03-18T07:53:55.816+0000] {dag.py:3823} INFO - Setting next_dagrun for example_python_operator to None, run_after=None
[2026-03-18T07:53:55.827+0000] {processor.py:183} INFO - Processing /home/airflow/.local/lib/python3.8/site-packages/airflow/example_dags/example_python_operator.py took 0.049 seconds
[2026-03-18T07:54:26.172+0000] {processor.py:161} INFO - Started process (PID=1064) to work on /home/airflow/.local/lib/python3.8/site-packages/airflow/example_dags/example_python_operator.py
[2026-03-18T07:54:26.173+0000] {processor.py:830} INFO - Processing file /home/airflow/.local/lib/python3.8/site-packages/airflow/example_dags/example_python_operator.py for tasks to queue
[2026-03-18T07:54:26.177+0000] {logging_mixin.py:188} INFO - [2026-03-18T07:54:26.176+0000] {dagbag.py:538} INFO - Filling up the DagBag from /home/airflow/.local/lib/python3.8/site-packages/airflow/example_dags/example_python_operator.py
[2026-03-18T07:54:26.184+0000] {processor.py:840} INFO - DAG(s) 'example_python_operator' retrieved from /home/airflow/.local/lib/python3.8/site-packages/airflow/example_dags/example_python_operator.py
[2026-03-18T07:54:26.201+0000] {logging_mixin.py:188} INFO - [2026-03-18T07:54:26.200+0000] {dag.py:3036} INFO - Sync 1 DAGs
[2026-03-18T07:54:26.210+0000] {logging_mixin.py:188} INFO - [2026-03-18T07:54:26.210+0000] {dag.py:3823} INFO - Setting next_dagrun for example_python_operator to None, run_after=None
[2026-03-18T07:54:26.224+0000] {processor.py:183} INFO - Processing /home/airflow/.local/lib/python3.8/site-packages/airflow/example_dags/example_python_operator.py took 0.054 seconds
[2026-03-18T07:54:56.676+0000] {processor.py:161} INFO - Started process (PID=1120) to work on /home/airflow/.local/lib/python3.8/site-packages/airflow/example_dags/example_python_operator.py
[2026-03-18T07:54:56.680+0000] {processor.py:830} INFO - Processing file /home/airflow/.local/lib/python3.8/site-packages/airflow/example_dags/example_python_operator.py for tasks to queue
[2026-03-18T07:54:56.681+0000] {logging_mixin.py:188} INFO - [2026-03-18T07:54:56.681+0000] {dagbag.py:538} INFO - Filling up the DagBag from /home/airflow/.local/lib/python3.8/site-packages/airflow/example_dags/example_python_operator.py
[2026-03-18T07:54:56.689+0000] {processor.py:840} INFO - DAG(s) 'example_python_operator' retrieved from /home/airflow/.local/lib/python3.8/site-packages/airflow/example_dags/example_python_operator.py
[2026-03-18T07:54:56.704+0000] {logging_mixin.py:188} INFO - [2026-03-18T07:54:56.704+0000] {dag.py:3036} INFO - Sync 1 DAGs
[2026-03-18T07:54:56.712+0000] {logging_mixin.py:188} INFO - [2026-03-18T07:54:56.711+0000] {dag.py:3823} INFO - Setting next_dagrun for example_python_operator to None, run_after=None
[2026-03-18T07:54:56.724+0000] {processor.py:183} INFO - Processing /home/airflow/.local/lib/python3.8/site-packages/airflow/example_dags/example_python_operator.py took 0.050 seconds
[2026-03-18T07:55:27.145+0000] {processor.py:161} INFO - Started process (PID=1176) to work on /home/airflow/.local/lib/python3.8/site-packages/airflow/example_dags/example_python_operator.py
[2026-03-18T07:55:27.147+0000] {processor.py:830} INFO - Processing file /home/airflow/.local/lib/python3.8/site-packages/airflow/example_dags/example_python_operator.py for tasks to queue
[2026-03-18T07:55:27.150+0000] {logging_mixin.py:188} INFO - [2026-03-18T07:55:27.149+0000] {dagbag.py:538} INFO - Filling up the DagBag from /home/airflow/.local/lib/python3.8/site-packages/airflow/example_dags/example_python_operator.py
[2026-03-18T07:55:27.156+0000] {processor.py:840} INFO - DAG(s) 'example_python_operator' retrieved from /home/airflow/.local/lib/python3.8/site-packages/airflow/example_dags/example_python_operator.py
[2026-03-18T07:55:27.173+0000] {logging_mixin.py:188} INFO - [2026-03-18T07:55:27.173+0000] {dag.py:3036} INFO - Sync 1 DAGs
[2026-03-18T07:55:27.179+0000] {logging_mixin.py:188} INFO - [2026-03-18T07:55:27.178+0000] {dag.py:3823} INFO - Setting next_dagrun for example_python_operator to None, run_after=None
[2026-03-18T07:55:27.191+0000] {processor.py:183} INFO - Processing /home/airflow/.local/lib/python3.8/site-packages/airflow/example_dags/example_python_operator.py took 0.048 seconds
[2026-03-18T07:55:57.597+0000] {processor.py:161} INFO - Started process (PID=1232) to work on /home/airflow/.local/lib/python3.8/site-packages/airflow/example_dags/example_python_operator.py
[2026-03-18T07:55:57.599+0000] {processor.py:830} INFO - Processing file /home/airflow/.local/lib/python3.8/site-packages/airflow/example_dags/example_python_operator.py for tasks to queue
[2026-03-18T07:55:57.601+0000] {logging_mixin.py:188} INFO - [2026-03-18T07:55:57.601+0000] {dagbag.py:538} INFO - Filling up the DagBag from /home/airflow/.local/lib/python3.8/site-packages/airflow/example_dags/example_python_operator.py
[2026-03-18T07:55:57.606+0000] {processor.py:840} INFO - DAG(s) 'example_python_operator' retrieved from /home/airflow/.local/lib/python3.8/site-packages/airflow/example_dags/example_python_operator.py
[2026-03-18T07:55:57.623+0000] {logging_mixin.py:188} INFO - [2026-03-18T07:55:57.623+0000] {dag.py:3036} INFO - Sync 1 DAGs
[2026-03-18T07:55:57.629+0000] {logging_mixin.py:188} INFO - [2026-03-18T07:55:57.629+0000] {dag.py:3823} INFO - Setting next_dagrun for example_python_operator to None, run_after=None
[2026-03-18T07:55:57.640+0000] {processor.py:183} INFO - Processing /home/airflow/.local/lib/python3.8/site-packages/airflow/example_dags/example_python_operator.py took 0.044 seconds
[2026-03-18T07:56:27.989+0000] {processor.py:161} INFO - Started process (PID=1288) to work on /home/airflow/.local/lib/python3.8/site-packages/airflow/example_dags/example_python_operator.py
[2026-03-18T07:56:27.990+0000] {processor.py:830} INFO - Processing file /home/airflow/.local/lib/python3.8/site-packages/airflow/example_dags/example_python_operator.py for tasks to queue
[2026-03-18T07:56:27.993+0000] {logging_mixin.py:188} INFO - [2026-03-18T07:56:27.993+0000] {dagbag.py:538} INFO - Filling up the DagBag from /home/airflow/.local/lib/python3.8/site-packages/airflow/example_dags/example_python_operator.py
[2026-03-18T07:56:28.001+0000] {processor.py:840} INFO - DAG(s) 'example_python_operator' retrieved from /home/airflow/.local/lib/python3.8/site-packages/airflow/example_dags/example_python_operator.py
[2026-03-18T07:56:28.017+0000] {logging_mixin.py:188} INFO - [2026-03-18T07:56:28.017+0000] {dag.py:3036} INFO - Sync 1 DAGs
[2026-03-18T07:56:28.023+0000] {logging_mixin.py:188} INFO - [2026-03-18T07:56:28.023+0000] {dag.py:3823} INFO - Setting next_dagrun for example_python_operator to None, run_after=None
[2026-03-18T07:56:28.036+0000] {processor.py:183} INFO - Processing /home/airflow/.local/lib/python3.8/site-packages/airflow/example_dags/example_python_operator.py took 0.049 seconds
[2026-03-18T07:56:58.451+0000] {processor.py:161} INFO - Started process (PID=1344) to work on /home/airflow/.local/lib/python3.8/site-packages/airflow/example_dags/example_python_operator.py
[2026-03-18T07:56:58.453+0000] {processor.py:830} INFO - Processing file /home/airflow/.local/lib/python3.8/site-packages/airflow/example_dags/example_python_operator.py for tasks to queue
[2026-03-18T07:56:58.455+0000] {logging_mixin.py:188} INFO - [2026-03-18T07:56:58.455+0000] {dagbag.py:538} INFO - Filling up the DagBag from /home/airflow/.local/lib/python3.8/site-packages/airflow/example_dags/example_python_operator.py
[2026-03-18T07:56:58.461+0000] {processor.py:840} INFO - DAG(s) 'example_python_operator' retrieved from /home/airflow/.local/lib/python3.8/site-packages/airflow/example_dags/example_python_operator.py
[2026-03-18T07:56:58.475+0000] {logging_mixin.py:188} INFO - [2026-03-18T07:56:58.475+0000] {dag.py:3036} INFO - Sync 1 DAGs
[2026-03-18T07:56:58.482+0000] {logging_mixin.py:188} INFO - [2026-03-18T07:56:58.482+0000] {dag.py:3823} INFO - Setting next_dagrun for example_python_operator to None, run_after=None
[2026-03-18T07:56:58.494+0000] {processor.py:183} INFO - Processing /home/airflow/.local/lib/python3.8/site-packages/airflow/example_dags/example_python_operator.py took 0.046 seconds
[2026-03-18T07:57:28.965+0000] {processor.py:161} INFO - Started process (PID=1400) to work on /home/airflow/.local/lib/python3.8/site-packages/airflow/example_dags/example_python_operator.py
[2026-03-18T07:57:28.966+0000] {processor.py:830} INFO - Processing file /home/airflow/.local/lib/python3.8/site-packages/airflow/example_dags/example_python_operator.py for tasks to queue
[2026-03-18T07:57:28.968+0000] {logging_mixin.py:188} INFO - [2026-03-18T07:57:28.968+0000] {dagbag.py:538} INFO - Filling up the DagBag from /home/airflow/.local/lib/python3.8/site-packages/airflow/example_dags/example_python_operator.py
[2026-03-18T07:57:28.978+0000] {processor.py:840} INFO - DAG(s) 'example_python_operator' retrieved from /home/airflow/.local/lib/python3.8/site-packages/airflow/example_dags/example_python_operator.py
[2026-03-18T07:57:28.994+0000] {logging_mixin.py:188} INFO - [2026-03-18T07:57:28.994+0000] {dag.py:3036} INFO - Sync 1 DAGs
[2026-03-18T07:57:29.003+0000] {logging_mixin.py:188} INFO - [2026-03-18T07:57:29.002+0000] {dag.py:3823} INFO - Setting next_dagrun for example_python_operator to None, run_after=None
[2026-03-18T07:57:29.013+0000] {processor.py:183} INFO - Processing /home/airflow/.local/lib/python3.8/site-packages/airflow/example_dags/example_python_operator.py took 0.050 seconds
[2026-03-18T07:57:59.479+0000] {processor.py:161} INFO - Started process (PID=1456) to work on /home/airflow/.local/lib/python3.8/site-packages/airflow/example_dags/example_python_operator.py
[2026-03-18T07:57:59.481+0000] {processor.py:830} INFO - Processing file /home/airflow/.local/lib/python3.8/site-packages/airflow/example_dags/example_python_operator.py for tasks to queue
[2026-03-18T07:57:59.481+0000] {logging_mixin.py:188} INFO - [2026-03-18T07:57:59.481+0000] {dagbag.py:538} INFO - Filling up the DagBag from /home/airflow/.local/lib/python3.8/site-packages/airflow/example_dags/example_python_operator.py
[2026-03-18T07:57:59.492+0000] {processor.py:840} INFO - DAG(s) 'example_python_operator' retrieved from /home/airflow/.local/lib/python3.8/site-packages/airflow/example_dags/example_python_operator.py
[2026-03-18T07:57:59.507+0000] {logging_mixin.py:188} INFO - [2026-03-18T07:57:59.507+0000] {dag.py:3036} INFO - Sync 1 DAGs
[2026-03-18T07:57:59.512+0000] {logging_mixin.py:188} INFO - [2026-03-18T07:57:59.512+0000] {dag.py:3823} INFO - Setting next_dagrun for example_python_operator to None, run_after=None
[2026-03-18T07:57:59.522+0000] {processor.py:183} INFO - Processing /home/airflow/.local/lib/python3.8/site-packages/airflow/example_dags/example_python_operator.py took 0.044 seconds
[2026-03-18T07:58:29.936+0000] {processor.py:161} INFO - Started process (PID=1512) to work on /home/airflow/.local/lib/python3.8/site-packages/airflow/example_dags/example_python_operator.py
[2026-03-18T07:58:29.938+0000] {processor.py:830} INFO - Processing file /home/airflow/.local/lib/python3.8/site-packages/airflow/example_dags/example_python_operator.py for tasks to queue
[2026-03-18T07:58:29.941+0000] {logging_mixin.py:188} INFO - [2026-03-18T07:58:29.941+0000] {dagbag.py:538} INFO - Filling up the DagBag from /home/airflow/.local/lib/python3.8/site-packages/airflow/example_dags/example_python_operator.py
[2026-03-18T07:58:29.947+0000] {processor.py:840} INFO - DAG(s) 'example_python_operator' retrieved from /home/airflow/.local/lib/python3.8/site-packages/airflow/example_dags/example_python_operator.py
[2026-03-18T07:58:29.966+0000] {logging_mixin.py:188} INFO - [2026-03-18T07:58:29.966+0000] {dag.py:3036} INFO - Sync 1 DAGs
[2026-03-18T07:58:29.971+0000] {logging_mixin.py:188} INFO - [2026-03-18T07:58:29.971+0000] {dag.py:3823} INFO - Setting next_dagrun for example_python_operator to None, run_after=None
[2026-03-18T07:58:29.983+0000] {processor.py:183} INFO - Processing /home/airflow/.local/lib/python3.8/site-packages/airflow/example_dags/example_python_operator.py took 0.049 seconds
[2026-03-18T07:59:00.454+0000] {processor.py:161} INFO - Started process (PID=1568) to work on /home/airflow/.local/lib/python3.8/site-packages/airflow/example_dags/example_python_operator.py
[2026-03-18T07:59:00.455+0000] {processor.py:830} INFO - Processing file /home/airflow/.local/lib/python3.8/site-packages/airflow/example_dags/example_python_operator.py for tasks to queue
[2026-03-18T07:59:00.458+0000] {logging_mixin.py:188} INFO - [2026-03-18T07:59:00.458+0000] {dagbag.py:538} INFO - Filling up the DagBag from /home/airflow/.local/lib/python3.8/site-packages/airflow/example_dags/example_python_operator.py
[2026-03-18T07:59:00.464+0000] {processor.py:840} INFO - DAG(s) 'example_python_operator' retrieved from /home/airflow/.local/lib/python3.8/site-packages/airflow/example_dags/example_python_operator.py
[2026-03-18T07:59:00.480+0000] {logging_mixin.py:188} INFO - [2026-03-18T07:59:00.480+0000] {dag.py:3036} INFO - Sync 1 DAGs
[2026-03-18T07:59:00.486+0000] {logging_mixin.py:188} INFO - [2026-03-18T07:59:00.486+0000] {dag.py:3823} INFO - Setting next_dagrun for example_python_operator to None, run_after=None
[2026-03-18T07:59:00.496+0000] {processor.py:183} INFO - Processing /home/airflow/.local/lib/python3.8/site-packages/airflow/example_dags/example_python_operator.py took 0.044 seconds
[2026-03-18T07:59:31.000+0000] {processor.py:161} INFO - Started process (PID=1624) to work on /home/airflow/.local/lib/python3.8/site-packages/airflow/example_dags/example_python_operator.py
[2026-03-18T07:59:31.003+0000] {processor.py:830} INFO - Processing file /home/airflow/.local/lib/python3.8/site-packages/airflow/example_dags/example_python_operator.py for tasks to queue
[2026-03-18T07:59:31.004+0000] {logging_mixin.py:188} INFO - [2026-03-18T07:59:31.004+0000] {dagbag.py:538} INFO - Filling up the DagBag from /home/airflow/.local/lib/python3.8/site-packages/airflow/example_dags/example_python_operator.py
[2026-03-18T07:59:31.011+0000] {processor.py:840} INFO - DAG(s) 'example_python_operator' retrieved from /home/airflow/.local/lib/python3.8/site-packages/airflow/example_dags/example_python_operator.py
[2026-03-18T07:59:31.024+0000] {logging_mixin.py:188} INFO - [2026-03-18T07:59:31.024+0000] {dag.py:3036} INFO - Sync 1 DAGs
[2026-03-18T07:59:31.031+0000] {logging_mixin.py:188} INFO - [2026-03-18T07:59:31.031+0000] {dag.py:3823} INFO - Setting next_dagrun for example_python_operator to None, run_after=None
[2026-03-18T07:59:31.045+0000] {processor.py:183} INFO - Processing /home/airflow/.local/lib/python3.8/site-packages/airflow/example_dags/example_python_operator.py took 0.047 seconds
[2026-03-18T08:00:01.543+0000] {processor.py:161} INFO - Started process (PID=60) to work on /home/airflow/.local/lib/python3.8/site-packages/airflow/example_dags/example_python_operator.py
[2026-03-18T08:00:01.544+0000] {processor.py:830} INFO - Processing file /home/airflow/.local/lib/python3.8/site-packages/airflow/example_dags/example_python_operator.py for tasks to queue
[2026-03-18T08:00:01.544+0000] {logging_mixin.py:188} INFO - [2026-03-18T08:00:01.544+0000] {dagbag.py:538} INFO - Filling up the DagBag from /home/airflow/.local/lib/python3.8/site-packages/airflow/example_dags/example_python_operator.py
[2026-03-18T08:00:01.552+0000] {processor.py:840} INFO - DAG(s) 'example_python_operator' retrieved from /home/airflow/.local/lib/python3.8/site-packages/airflow/example_dags/example_python_operator.py
[2026-03-18T08:00:01.558+0000] {logging_mixin.py:188} INFO - [2026-03-18T08:00:01.558+0000] {dag.py:3036} INFO - Sync 1 DAGs
[2026-03-18T08:00:01.564+0000] {logging_mixin.py:188} INFO - [2026-03-18T08:00:01.564+0000] {dag.py:3823} INFO - Setting next_dagrun for example_python_operator to None, run_after=None
[2026-03-18T08:00:01.572+0000] {processor.py:183} INFO - Processing /home/airflow/.local/lib/python3.8/site-packages/airflow/example_dags/example_python_operator.py took 0.031 seconds
[2026-03-18T08:00:31.946+0000] {processor.py:161} INFO - Started process (PID=115) to work on /home/airflow/.local/lib/python3.8/site-packages/airflow/example_dags/example_python_operator.py
[2026-03-18T08:00:31.947+0000] {processor.py:830} INFO - Processing file /home/airflow/.local/lib/python3.8/site-packages/airflow/example_dags/example_python_operator.py for tasks to queue
[2026-03-18T08:00:31.948+0000] {logging_mixin.py:188} INFO - [2026-03-18T08:00:31.948+0000] {dagbag.py:538} INFO - Filling up the DagBag from /home/airflow/.local/lib/python3.8/site-packages/airflow/example_dags/example_python_operator.py
[2026-03-18T08:00:31.957+0000] {processor.py:840} INFO - DAG(s) 'example_python_operator' retrieved from /home/airflow/.local/lib/python3.8/site-packages/airflow/example_dags/example_python_operator.py
[2026-03-18T08:00:32.004+0000] {logging_mixin.py:188} INFO - [2026-03-18T08:00:32.004+0000] {dag.py:3036} INFO - Sync 1 DAGs
[2026-03-18T08:00:32.008+0000] {logging_mixin.py:188} INFO - [2026-03-18T08:00:32.008+0000] {dag.py:3823} INFO - Setting next_dagrun for example_python_operator to None, run_after=None
[2026-03-18T08:00:32.019+0000] {processor.py:183} INFO - Processing /home/airflow/.local/lib/python3.8/site-packages/airflow/example_dags/example_python_operator.py took 0.074 seconds
[2026-03-18T08:01:02.995+0000] {processor.py:161} INFO - Started process (PID=171) to work on /home/airflow/.local/lib/python3.8/site-packages/airflow/example_dags/example_python_operator.py
[2026-03-18T08:01:02.995+0000] {processor.py:830} INFO - Processing file /home/airflow/.local/lib/python3.8/site-packages/airflow/example_dags/example_python_operator.py for tasks to queue
[2026-03-18T08:01:02.997+0000] {logging_mixin.py:188} INFO - [2026-03-18T08:01:02.996+0000] {dagbag.py:538} INFO - Filling up the DagBag from /home/airflow/.local/lib/python3.8/site-packages/airflow/example_dags/example_python_operator.py
[2026-03-18T08:01:03.002+0000] {processor.py:840} INFO - DAG(s) 'example_python_operator' retrieved from /home/airflow/.local/lib/python3.8/site-packages/airflow/example_dags/example_python_operator.py
[2026-03-18T08:01:03.019+0000] {logging_mixin.py:188} INFO - [2026-03-18T08:01:03.019+0000] {dag.py:3036} INFO - Sync 1 DAGs
[2026-03-18T08:01:03.025+0000] {logging_mixin.py:188} INFO - [2026-03-18T08:01:03.025+0000] {dag.py:3823} INFO - Setting next_dagrun for example_python_operator to None, run_after=None
[2026-03-18T08:01:03.036+0000] {processor.py:183} INFO - Processing /home/airflow/.local/lib/python3.8/site-packages/airflow/example_dags/example_python_operator.py took 0.043 seconds
[2026-03-18T08:01:33.474+0000] {processor.py:161} INFO - Started process (PID=227) to work on /home/airflow/.local/lib/python3.8/site-packages/airflow/example_dags/example_python_operator.py
[2026-03-18T08:01:33.475+0000] {processor.py:830} INFO - Processing file /home/airflow/.local/lib/python3.8/site-packages/airflow/example_dags/example_python_operator.py for tasks to queue
[2026-03-18T08:01:33.476+0000] {logging_mixin.py:188} INFO - [2026-03-18T08:01:33.476+0000] {dagbag.py:538} INFO - Filling up the DagBag from /home/airflow/.local/lib/python3.8/site-packages/airflow/example_dags/example_python_operator.py
[2026-03-18T08:01:33.483+0000] {processor.py:840} INFO - DAG(s) 'example_python_operator' retrieved from /home/airflow/.local/lib/python3.8/site-packages/airflow/example_dags/example_python_operator.py
[2026-03-18T08:01:33.494+0000] {logging_mixin.py:188} INFO - [2026-03-18T08:01:33.494+0000] {dag.py:3036} INFO - Sync 1 DAGs
[2026-03-18T08:01:33.500+0000] {logging_mixin.py:188} INFO - [2026-03-18T08:01:33.500+0000] {dag.py:3823} INFO - Setting next_dagrun for example_python_operator to None, run_after=None
[2026-03-18T08:01:33.510+0000] {processor.py:183} INFO - Processing /home/airflow/.local/lib/python3.8/site-packages/airflow/example_dags/example_python_operator.py took 0.037 seconds
[2026-03-18T08:02:04.060+0000] {processor.py:161} INFO - Started process (PID=282) to work on /home/airflow/.local/lib/python3.8/site-packages/airflow/example_dags/example_python_operator.py
[2026-03-18T08:02:04.060+0000] {processor.py:830} INFO - Processing file /home/airflow/.local/lib/python3.8/site-packages/airflow/example_dags/example_python_operator.py for tasks to queue
[2026-03-18T08:02:04.062+0000] {logging_mixin.py:188} INFO - [2026-03-18T08:02:04.062+0000] {dagbag.py:538} INFO - Filling up the DagBag from /home/airflow/.local/lib/python3.8/site-packages/airflow/example_dags/example_python_operator.py
[2026-03-18T08:02:04.067+0000] {processor.py:840} INFO - DAG(s) 'example_python_operator' retrieved from /home/airflow/.local/lib/python3.8/site-packages/airflow/example_dags/example_python_operator.py
[2026-03-18T08:02:04.081+0000] {logging_mixin.py:188} INFO - [2026-03-18T08:02:04.081+0000] {dag.py:3036} INFO - Sync 1 DAGs
[2026-03-18T08:02:04.090+0000] {logging_mixin.py:188} INFO - [2026-03-18T08:02:04.089+0000] {dag.py:3823} INFO - Setting next_dagrun for example_python_operator to None, run_after=None
[2026-03-18T08:02:04.099+0000] {processor.py:183} INFO - Processing /home/airflow/.local/lib/python3.8/site-packages/airflow/example_dags/example_python_operator.py took 0.041 seconds
[2026-03-18T08:02:34.667+0000] {processor.py:161} INFO - Started process (PID=338) to work on /home/airflow/.local/lib/python3.8/site-packages/airflow/example_dags/example_python_operator.py
[2026-03-18T08:02:34.667+0000] {processor.py:830} INFO - Processing file /home/airflow/.local/lib/python3.8/site-packages/airflow/example_dags/example_python_operator.py for tasks to queue
[2026-03-18T08:02:34.668+0000] {logging_mixin.py:188} INFO - [2026-03-18T08:02:34.668+0000] {dagbag.py:538} INFO - Filling up the DagBag from /home/airflow/.local/lib/python3.8/site-packages/airflow/example_dags/example_python_operator.py
[2026-03-18T08:02:34.673+0000] {processor.py:840} INFO - DAG(s) 'example_python_operator' retrieved from /home/airflow/.local/lib/python3.8/site-packages/airflow/example_dags/example_python_operator.py
[2026-03-18T08:02:34.686+0000] {logging_mixin.py:188} INFO - [2026-03-18T08:02:34.686+0000] {dag.py:3036} INFO - Sync 1 DAGs
[2026-03-18T08:02:34.694+0000] {logging_mixin.py:188} INFO - [2026-03-18T08:02:34.694+0000] {dag.py:3823} INFO - Setting next_dagrun for example_python_operator to None, run_after=None
[2026-03-18T08:02:34.708+0000] {processor.py:183} INFO - Processing /home/airflow/.local/lib/python3.8/site-packages/airflow/example_dags/example_python_operator.py took 0.043 seconds
[2026-03-18T08:03:05.254+0000] {processor.py:161} INFO - Started process (PID=394) to work on /home/airflow/.local/lib/python3.8/site-packages/airflow/example_dags/example_python_operator.py
[2026-03-18T08:03:05.255+0000] {processor.py:830} INFO - Processing file /home/airflow/.local/lib/python3.8/site-packages/airflow/example_dags/example_python_operator.py for tasks to queue
[2026-03-18T08:03:05.255+0000] {logging_mixin.py:188} INFO - [2026-03-18T08:03:05.255+0000] {dagbag.py:538} INFO - Filling up the DagBag from /home/airflow/.local/lib/python3.8/site-packages/airflow/example_dags/example_python_operator.py
[2026-03-18T08:03:05.261+0000] {processor.py:840} INFO - DAG(s) 'example_python_operator' retrieved from /home/airflow/.local/lib/python3.8/site-packages/airflow/example_dags/example_python_operator.py
[2026-03-18T08:03:05.270+0000] {logging_mixin.py:188} INFO - [2026-03-18T08:03:05.270+0000] {dag.py:3036} INFO - Sync 1 DAGs
[2026-03-18T08:03:05.275+0000] {logging_mixin.py:188} INFO - [2026-03-18T08:03:05.275+0000] {dag.py:3823} INFO - Setting next_dagrun for example_python_operator to None, run_after=None
[2026-03-18T08:03:05.284+0000] {processor.py:183} INFO - Processing /home/airflow/.local/lib/python3.8/site-packages/airflow/example_dags/example_python_operator.py took 0.031 seconds
[2026-03-18T08:03:35.893+0000] {processor.py:161} INFO - Started process (PID=456) to work on /home/airflow/.local/lib/python3.8/site-packages/airflow/example_dags/example_python_operator.py
[2026-03-18T08:03:35.894+0000] {processor.py:830} INFO - Processing file /home/airflow/.local/lib/python3.8/site-packages/airflow/example_dags/example_python_operator.py for tasks to queue
[2026-03-18T08:03:35.894+0000] {logging_mixin.py:188} INFO - [2026-03-18T08:03:35.894+0000] {dagbag.py:538} INFO - Filling up the DagBag from /home/airflow/.local/lib/python3.8/site-packages/airflow/example_dags/example_python_operator.py
[2026-03-18T08:03:35.900+0000] {processor.py:840} INFO - DAG(s) 'example_python_operator' retrieved from /home/airflow/.local/lib/python3.8/site-packages/airflow/example_dags/example_python_operator.py
[2026-03-18T08:03:35.910+0000] {logging_mixin.py:188} INFO - [2026-03-18T08:03:35.910+0000] {dag.py:3036} INFO - Sync 1 DAGs
[2026-03-18T08:03:35.915+0000] {logging_mixin.py:188} INFO - [2026-03-18T08:03:35.915+0000] {dag.py:3823} INFO - Setting next_dagrun for example_python_operator to None, run_after=None
[2026-03-18T08:03:35.922+0000] {processor.py:183} INFO - Processing /home/airflow/.local/lib/python3.8/site-packages/airflow/example_dags/example_python_operator.py took 0.031 seconds
[2026-03-18T08:04:06.425+0000] {processor.py:161} INFO - Started process (PID=512) to work on /home/airflow/.local/lib/python3.8/site-packages/airflow/example_dags/example_python_operator.py
[2026-03-18T08:04:06.426+0000] {processor.py:830} INFO - Processing file /home/airflow/.local/lib/python3.8/site-packages/airflow/example_dags/example_python_operator.py for tasks to queue
[2026-03-18T08:04:06.426+0000] {logging_mixin.py:188} INFO - [2026-03-18T08:04:06.426+0000] {dagbag.py:538} INFO - Filling up the DagBag from /home/airflow/.local/lib/python3.8/site-packages/airflow/example_dags/example_python_operator.py
[2026-03-18T08:04:06.431+0000] {processor.py:840} INFO - DAG(s) 'example_python_operator' retrieved from /home/airflow/.local/lib/python3.8/site-packages/airflow/example_dags/example_python_operator.py
[2026-03-18T08:04:06.439+0000] {logging_mixin.py:188} INFO - [2026-03-18T08:04:06.439+0000] {dag.py:3036} INFO - Sync 1 DAGs
[2026-03-18T08:04:06.443+0000] {logging_mixin.py:188} INFO - [2026-03-18T08:04:06.443+0000] {dag.py:3823} INFO - Setting next_dagrun for example_python_operator to None, run_after=None
[2026-03-18T08:04:06.448+0000] {processor.py:183} INFO - Processing /home/airflow/.local/lib/python3.8/site-packages/airflow/example_dags/example_python_operator.py took 0.025 seconds
[2026-03-18T08:04:29.275+0000] {processor.py:161} INFO - Started process (PID=60) to work on /home/airflow/.local/lib/python3.8/site-packages/airflow/example_dags/example_python_operator.py
[2026-03-18T08:04:29.276+0000] {processor.py:830} INFO - Processing file /home/airflow/.local/lib/python3.8/site-packages/airflow/example_dags/example_python_operator.py for tasks to queue
[2026-03-18T08:04:29.277+0000] {logging_mixin.py:188} INFO - [2026-03-18T08:04:29.277+0000] {dagbag.py:538} INFO - Filling up the DagBag from /home/airflow/.local/lib/python3.8/site-packages/airflow/example_dags/example_python_operator.py
[2026-03-18T08:04:29.293+0000] {processor.py:840} INFO - DAG(s) 'example_python_operator' retrieved from /home/airflow/.local/lib/python3.8/site-packages/airflow/example_dags/example_python_operator.py
[2026-03-18T08:04:29.301+0000] {logging_mixin.py:188} INFO - [2026-03-18T08:04:29.301+0000] {dag.py:3036} INFO - Sync 1 DAGs
[2026-03-18T08:04:29.311+0000] {logging_mixin.py:188} INFO - [2026-03-18T08:04:29.311+0000] {dag.py:3823} INFO - Setting next_dagrun for example_python_operator to None, run_after=None
[2026-03-18T08:04:29.323+0000] {processor.py:183} INFO - Processing /home/airflow/.local/lib/python3.8/site-packages/airflow/example_dags/example_python_operator.py took 0.050 seconds
[2026-03-18T08:04:59.706+0000] {processor.py:161} INFO - Started process (PID=116) to work on /home/airflow/.local/lib/python3.8/site-packages/airflow/example_dags/example_python_operator.py
[2026-03-18T08:04:59.707+0000] {processor.py:830} INFO - Processing file /home/airflow/.local/lib/python3.8/site-packages/airflow/example_dags/example_python_operator.py for tasks to queue
[2026-03-18T08:04:59.708+0000] {logging_mixin.py:188} INFO - [2026-03-18T08:04:59.708+0000] {dagbag.py:538} INFO - Filling up the DagBag from /home/airflow/.local/lib/python3.8/site-packages/airflow/example_dags/example_python_operator.py
[2026-03-18T08:04:59.715+0000] {processor.py:840} INFO - DAG(s) 'example_python_operator' retrieved from /home/airflow/.local/lib/python3.8/site-packages/airflow/example_dags/example_python_operator.py
[2026-03-18T08:04:59.767+0000] {logging_mixin.py:188} INFO - [2026-03-18T08:04:59.767+0000] {dag.py:3036} INFO - Sync 1 DAGs
[2026-03-18T08:04:59.772+0000] {logging_mixin.py:188} INFO - [2026-03-18T08:04:59.771+0000] {dag.py:3823} INFO - Setting next_dagrun for example_python_operator to None, run_after=None
[2026-03-18T08:04:59.780+0000] {processor.py:183} INFO - Processing /home/airflow/.local/lib/python3.8/site-packages/airflow/example_dags/example_python_operator.py took 0.076 seconds
[2026-03-18T08:05:29.795+0000] {processor.py:161} INFO - Started process (PID=171) to work on /home/airflow/.local/lib/python3.8/site-packages/airflow/example_dags/example_python_operator.py
[2026-03-18T08:05:29.796+0000] {processor.py:830} INFO - Processing file /home/airflow/.local/lib/python3.8/site-packages/airflow/example_dags/example_python_operator.py for tasks to queue
[2026-03-18T08:05:29.797+0000] {logging_mixin.py:188} INFO - [2026-03-18T08:05:29.796+0000] {dagbag.py:538} INFO - Filling up the DagBag from /home/airflow/.local/lib/python3.8/site-packages/airflow/example_dags/example_python_operator.py
[2026-03-18T08:05:29.801+0000] {processor.py:840} INFO - DAG(s) 'example_python_operator' retrieved from /home/airflow/.local/lib/python3.8/site-packages/airflow/example_dags/example_python_operator.py
[2026-03-18T08:05:29.810+0000] {logging_mixin.py:188} INFO - [2026-03-18T08:05:29.809+0000] {dag.py:3036} INFO - Sync 1 DAGs
[2026-03-18T08:05:29.814+0000] {logging_mixin.py:188} INFO - [2026-03-18T08:05:29.814+0000] {dag.py:3823} INFO - Setting next_dagrun for example_python_operator to None, run_after=None
[2026-03-18T08:05:29.821+0000] {processor.py:183} INFO - Processing /home/airflow/.local/lib/python3.8/site-packages/airflow/example_dags/example_python_operator.py took 0.027 seconds
[2026-03-18T08:06:14.231+0000] {processor.py:161} INFO - Started process (PID=106) to work on /home/airflow/.local/lib/python3.8/site-packages/airflow/example_dags/example_python_operator.py
[2026-03-18T08:06:14.232+0000] {processor.py:830} INFO - Processing file /home/airflow/.local/lib/python3.8/site-packages/airflow/example_dags/example_python_operator.py for tasks to queue
[2026-03-18T08:06:14.233+0000] {logging_mixin.py:188} INFO - [2026-03-18T08:06:14.233+0000] {dagbag.py:538} INFO - Filling up the DagBag from /home/airflow/.local/lib/python3.8/site-packages/airflow/example_dags/example_python_operator.py
[2026-03-18T08:06:14.241+0000] {processor.py:840} INFO - DAG(s) 'example_python_operator' retrieved from /home/airflow/.local/lib/python3.8/site-packages/airflow/example_dags/example_python_operator.py
[2026-03-18T08:06:14.294+0000] {logging_mixin.py:188} INFO - [2026-03-18T08:06:14.294+0000] {dag.py:3036} INFO - Sync 1 DAGs
[2026-03-18T08:06:14.303+0000] {logging_mixin.py:188} INFO - [2026-03-18T08:06:14.303+0000] {dag.py:3823} INFO - Setting next_dagrun for example_python_operator to None, run_after=None
[2026-03-18T08:06:14.315+0000] {processor.py:183} INFO - Processing /home/airflow/.local/lib/python3.8/site-packages/airflow/example_dags/example_python_operator.py took 0.086 seconds
[2026-03-18T08:06:45.154+0000] {processor.py:161} INFO - Started process (PID=162) to work on /home/airflow/.local/lib/python3.8/site-packages/airflow/example_dags/example_python_operator.py
[2026-03-18T08:06:45.155+0000] {processor.py:830} INFO - Processing file /home/airflow/.local/lib/python3.8/site-packages/airflow/example_dags/example_python_operator.py for tasks to queue
[2026-03-18T08:06:45.156+0000] {logging_mixin.py:188} INFO - [2026-03-18T08:06:45.156+0000] {dagbag.py:538} INFO - Filling up the DagBag from /home/airflow/.local/lib/python3.8/site-packages/airflow/example_dags/example_python_operator.py
[2026-03-18T08:06:45.161+0000] {processor.py:840} INFO - DAG(s) 'example_python_operator' retrieved from /home/airflow/.local/lib/python3.8/site-packages/airflow/example_dags/example_python_operator.py
[2026-03-18T08:06:45.170+0000] {logging_mixin.py:188} INFO - [2026-03-18T08:06:45.170+0000] {dag.py:3036} INFO - Sync 1 DAGs
[2026-03-18T08:06:45.175+0000] {logging_mixin.py:188} INFO - [2026-03-18T08:06:45.175+0000] {dag.py:3823} INFO - Setting next_dagrun for example_python_operator to None, run_after=None
[2026-03-18T08:06:45.183+0000] {processor.py:183} INFO - Processing /home/airflow/.local/lib/python3.8/site-packages/airflow/example_dags/example_python_operator.py took 0.031 seconds
[2026-03-18T08:07:15.826+0000] {processor.py:161} INFO - Started process (PID=224) to work on /home/airflow/.local/lib/python3.8/site-packages/airflow/example_dags/example_python_operator.py
[2026-03-18T08:07:15.828+0000] {processor.py:830} INFO - Processing file /home/airflow/.local/lib/python3.8/site-packages/airflow/example_dags/example_python_operator.py for tasks to queue
[2026-03-18T08:07:15.829+0000] {logging_mixin.py:188} INFO - [2026-03-18T08:07:15.829+0000] {dagbag.py:538} INFO - Filling up the DagBag from /home/airflow/.local/lib/python3.8/site-packages/airflow/example_dags/example_python_operator.py
[2026-03-18T08:07:15.834+0000] {processor.py:840} INFO - DAG(s) 'example_python_operator' retrieved from /home/airflow/.local/lib/python3.8/site-packages/airflow/example_dags/example_python_operator.py
[2026-03-18T08:07:15.847+0000] {logging_mixin.py:188} INFO - [2026-03-18T08:07:15.847+0000] {dag.py:3036} INFO - Sync 1 DAGs
[2026-03-18T08:07:15.855+0000] {logging_mixin.py:188} INFO - [2026-03-18T08:07:15.855+0000] {dag.py:3823} INFO - Setting next_dagrun for example_python_operator to None, run_after=None
[2026-03-18T08:07:15.865+0000] {processor.py:183} INFO - Processing /home/airflow/.local/lib/python3.8/site-packages/airflow/example_dags/example_python_operator.py took 0.041 seconds
[2026-03-18T08:07:46.353+0000] {processor.py:161} INFO - Started process (PID=280) to work on /home/airflow/.local/lib/python3.8/site-packages/airflow/example_dags/example_python_operator.py
[2026-03-18T08:07:46.353+0000] {processor.py:830} INFO - Processing file /home/airflow/.local/lib/python3.8/site-packages/airflow/example_dags/example_python_operator.py for tasks to queue
[2026-03-18T08:07:46.354+0000] {logging_mixin.py:188} INFO - [2026-03-18T08:07:46.354+0000] {dagbag.py:538} INFO - Filling up the DagBag from /home/airflow/.local/lib/python3.8/site-packages/airflow/example_dags/example_python_operator.py
[2026-03-18T08:07:46.360+0000] {processor.py:840} INFO - DAG(s) 'example_python_operator' retrieved from /home/airflow/.local/lib/python3.8/site-packages/airflow/example_dags/example_python_operator.py
[2026-03-18T08:07:46.374+0000] {logging_mixin.py:188} INFO - [2026-03-18T08:07:46.374+0000] {dag.py:3036} INFO - Sync 1 DAGs
[2026-03-18T08:07:46.378+0000] {logging_mixin.py:188} INFO - [2026-03-18T08:07:46.378+0000] {dag.py:3823} INFO - Setting next_dagrun for example_python_operator to None, run_after=None
[2026-03-18T08:07:46.388+0000] {processor.py:183} INFO - Processing /home/airflow/.local/lib/python3.8/site-packages/airflow/example_dags/example_python_operator.py took 0.037 seconds
[2026-03-18T08:08:16.852+0000] {processor.py:161} INFO - Started process (PID=336) to work on /home/airflow/.local/lib/python3.8/site-packages/airflow/example_dags/example_python_operator.py
[2026-03-18T08:08:16.853+0000] {processor.py:830} INFO - Processing file /home/airflow/.local/lib/python3.8/site-packages/airflow/example_dags/example_python_operator.py for tasks to queue
[2026-03-18T08:08:16.855+0000] {logging_mixin.py:188} INFO - [2026-03-18T08:08:16.855+0000] {dagbag.py:538} INFO - Filling up the DagBag from /home/airflow/.local/lib/python3.8/site-packages/airflow/example_dags/example_python_operator.py
[2026-03-18T08:08:16.860+0000] {processor.py:840} INFO - DAG(s) 'example_python_operator' retrieved from /home/airflow/.local/lib/python3.8/site-packages/airflow/example_dags/example_python_operator.py
[2026-03-18T08:08:16.872+0000] {logging_mixin.py:188} INFO - [2026-03-18T08:08:16.872+0000] {dag.py:3036} INFO - Sync 1 DAGs
[2026-03-18T08:08:16.877+0000] {logging_mixin.py:188} INFO - [2026-03-18T08:08:16.877+0000] {dag.py:3823} INFO - Setting next_dagrun for example_python_operator to None, run_after=None
[2026-03-18T08:08:16.887+0000] {processor.py:183} INFO - Processing /home/airflow/.local/lib/python3.8/site-packages/airflow/example_dags/example_python_operator.py took 0.036 seconds
[2026-03-18T08:08:47.444+0000] {processor.py:161} INFO - Started process (PID=392) to work on /home/airflow/.local/lib/python3.8/site-packages/airflow/example_dags/example_python_operator.py
[2026-03-18T08:08:47.446+0000] {processor.py:830} INFO - Processing file /home/airflow/.local/lib/python3.8/site-packages/airflow/example_dags/example_python_operator.py for tasks to queue
[2026-03-18T08:08:47.447+0000] {logging_mixin.py:188} INFO - [2026-03-18T08:08:47.447+0000] {dagbag.py:538} INFO - Filling up the DagBag from /home/airflow/.local/lib/python3.8/site-packages/airflow/example_dags/example_python_operator.py
[2026-03-18T08:08:47.452+0000] {processor.py:840} INFO - DAG(s) 'example_python_operator' retrieved from /home/airflow/.local/lib/python3.8/site-packages/airflow/example_dags/example_python_operator.py
[2026-03-18T08:08:47.461+0000] {logging_mixin.py:188} INFO - [2026-03-18T08:08:47.461+0000] {dag.py:3036} INFO - Sync 1 DAGs
[2026-03-18T08:08:47.466+0000] {logging_mixin.py:188} INFO - [2026-03-18T08:08:47.466+0000] {dag.py:3823} INFO - Setting next_dagrun for example_python_operator to None, run_after=None
[2026-03-18T08:08:47.473+0000] {processor.py:183} INFO - Processing /home/airflow/.local/lib/python3.8/site-packages/airflow/example_dags/example_python_operator.py took 0.031 seconds
[2026-03-18T08:09:17.924+0000] {processor.py:161} INFO - Started process (PID=448) to work on /home/airflow/.local/lib/python3.8/site-packages/airflow/example_dags/example_python_operator.py
[2026-03-18T08:09:17.924+0000] {processor.py:830} INFO - Processing file /home/airflow/.local/lib/python3.8/site-packages/airflow/example_dags/example_python_operator.py for tasks to queue
[2026-03-18T08:09:17.925+0000] {logging_mixin.py:188} INFO - [2026-03-18T08:09:17.925+0000] {dagbag.py:538} INFO - Filling up the DagBag from /home/airflow/.local/lib/python3.8/site-packages/airflow/example_dags/example_python_operator.py
[2026-03-18T08:09:17.933+0000] {processor.py:840} INFO - DAG(s) 'example_python_operator' retrieved from /home/airflow/.local/lib/python3.8/site-packages/airflow/example_dags/example_python_operator.py
[2026-03-18T08:09:17.947+0000] {logging_mixin.py:188} INFO - [2026-03-18T08:09:17.947+0000] {dag.py:3036} INFO - Sync 1 DAGs
[2026-03-18T08:09:17.952+0000] {logging_mixin.py:188} INFO - [2026-03-18T08:09:17.952+0000] {dag.py:3823} INFO - Setting next_dagrun for example_python_operator to None, run_after=None
[2026-03-18T08:09:17.962+0000] {processor.py:183} INFO - Processing /home/airflow/.local/lib/python3.8/site-packages/airflow/example_dags/example_python_operator.py took 0.040 seconds
[2026-03-18T08:09:48.465+0000] {processor.py:161} INFO - Started process (PID=504) to work on /home/airflow/.local/lib/python3.8/site-packages/airflow/example_dags/example_python_operator.py
[2026-03-18T08:09:48.465+0000] {processor.py:830} INFO - Processing file /home/airflow/.local/lib/python3.8/site-packages/airflow/example_dags/example_python_operator.py for tasks to queue
[2026-03-18T08:09:48.466+0000] {logging_mixin.py:188} INFO - [2026-03-18T08:09:48.466+0000] {dagbag.py:538} INFO - Filling up the DagBag from /home/airflow/.local/lib/python3.8/site-packages/airflow/example_dags/example_python_operator.py
[2026-03-18T08:09:48.476+0000] {processor.py:840} INFO - DAG(s) 'example_python_operator' retrieved from /home/airflow/.local/lib/python3.8/site-packages/airflow/example_dags/example_python_operator.py
[2026-03-18T08:09:48.488+0000] {logging_mixin.py:188} INFO - [2026-03-18T08:09:48.488+0000] {dag.py:3036} INFO - Sync 1 DAGs
[2026-03-18T08:09:48.495+0000] {logging_mixin.py:188} INFO - [2026-03-18T08:09:48.495+0000] {dag.py:3823} INFO - Setting next_dagrun for example_python_operator to None, run_after=None
[2026-03-18T08:09:48.504+0000] {processor.py:183} INFO - Processing /home/airflow/.local/lib/python3.8/site-packages/airflow/example_dags/example_python_operator.py took 0.042 seconds
[2026-03-18T08:10:18.996+0000] {processor.py:161} INFO - Started process (PID=560) to work on /home/airflow/.local/lib/python3.8/site-packages/airflow/example_dags/example_python_operator.py
[2026-03-18T08:10:18.997+0000] {processor.py:830} INFO - Processing file /home/airflow/.local/lib/python3.8/site-packages/airflow/example_dags/example_python_operator.py for tasks to queue
[2026-03-18T08:10:18.999+0000] {logging_mixin.py:188} INFO - [2026-03-18T08:10:18.999+0000] {dagbag.py:538} INFO - Filling up the DagBag from /home/airflow/.local/lib/python3.8/site-packages/airflow/example_dags/example_python_operator.py
[2026-03-18T08:10:19.006+0000] {processor.py:840} INFO - DAG(s) 'example_python_operator' retrieved from /home/airflow/.local/lib/python3.8/site-packages/airflow/example_dags/example_python_operator.py
[2026-03-18T08:10:19.022+0000] {logging_mixin.py:188} INFO - [2026-03-18T08:10:19.022+0000] {dag.py:3036} INFO - Sync 1 DAGs
[2026-03-18T08:10:19.028+0000] {logging_mixin.py:188} INFO - [2026-03-18T08:10:19.028+0000] {dag.py:3823} INFO - Setting next_dagrun for example_python_operator to None, run_after=None
[2026-03-18T08:10:19.037+0000] {processor.py:183} INFO - Processing /home/airflow/.local/lib/python3.8/site-packages/airflow/example_dags/example_python_operator.py took 0.044 seconds
[2026-03-18T08:10:49.545+0000] {processor.py:161} INFO - Started process (PID=616) to work on /home/airflow/.local/lib/python3.8/site-packages/airflow/example_dags/example_python_operator.py
[2026-03-18T08:10:49.546+0000] {processor.py:830} INFO - Processing file /home/airflow/.local/lib/python3.8/site-packages/airflow/example_dags/example_python_operator.py for tasks to queue
[2026-03-18T08:10:49.547+0000] {logging_mixin.py:188} INFO - [2026-03-18T08:10:49.547+0000] {dagbag.py:538} INFO - Filling up the DagBag from /home/airflow/.local/lib/python3.8/site-packages/airflow/example_dags/example_python_operator.py
[2026-03-18T08:10:49.553+0000] {processor.py:840} INFO - DAG(s) 'example_python_operator' retrieved from /home/airflow/.local/lib/python3.8/site-packages/airflow/example_dags/example_python_operator.py
[2026-03-18T08:10:49.569+0000] {logging_mixin.py:188} INFO - [2026-03-18T08:10:49.569+0000] {dag.py:3036} INFO - Sync 1 DAGs
[2026-03-18T08:10:49.573+0000] {logging_mixin.py:188} INFO - [2026-03-18T08:10:49.573+0000] {dag.py:3823} INFO - Setting next_dagrun for example_python_operator to None, run_after=None
[2026-03-18T08:10:49.582+0000] {processor.py:183} INFO - Processing /home/airflow/.local/lib/python3.8/site-packages/airflow/example_dags/example_python_operator.py took 0.038 seconds
[2026-03-18T08:11:20.024+0000] {processor.py:161} INFO - Started process (PID=672) to work on /home/airflow/.local/lib/python3.8/site-packages/airflow/example_dags/example_python_operator.py
[2026-03-18T08:11:20.024+0000] {processor.py:830} INFO - Processing file /home/airflow/.local/lib/python3.8/site-packages/airflow/example_dags/example_python_operator.py for tasks to queue
[2026-03-18T08:11:20.025+0000] {logging_mixin.py:188} INFO - [2026-03-18T08:11:20.025+0000] {dagbag.py:538} INFO - Filling up the DagBag from /home/airflow/.local/lib/python3.8/site-packages/airflow/example_dags/example_python_operator.py
[2026-03-18T08:11:20.032+0000] {processor.py:840} INFO - DAG(s) 'example_python_operator' retrieved from /home/airflow/.local/lib/python3.8/site-packages/airflow/example_dags/example_python_operator.py
[2026-03-18T08:11:20.042+0000] {logging_mixin.py:188} INFO - [2026-03-18T08:11:20.042+0000] {dag.py:3036} INFO - Sync 1 DAGs
[2026-03-18T08:11:20.048+0000] {logging_mixin.py:188} INFO - [2026-03-18T08:11:20.048+0000] {dag.py:3823} INFO - Setting next_dagrun for example_python_operator to None, run_after=None
[2026-03-18T08:11:20.058+0000] {processor.py:183} INFO - Processing /home/airflow/.local/lib/python3.8/site-packages/airflow/example_dags/example_python_operator.py took 0.036 seconds
[2026-03-18T08:11:50.559+0000] {processor.py:161} INFO - Started process (PID=728) to work on /home/airflow/.local/lib/python3.8/site-packages/airflow/example_dags/example_python_operator.py
[2026-03-18T08:11:50.560+0000] {processor.py:830} INFO - Processing file /home/airflow/.local/lib/python3.8/site-packages/airflow/example_dags/example_python_operator.py for tasks to queue
[2026-03-18T08:11:50.562+0000] {logging_mixin.py:188} INFO - [2026-03-18T08:11:50.562+0000] {dagbag.py:538} INFO - Filling up the DagBag from /home/airflow/.local/lib/python3.8/site-packages/airflow/example_dags/example_python_operator.py
[2026-03-18T08:11:50.568+0000] {processor.py:840} INFO - DAG(s) 'example_python_operator' retrieved from /home/airflow/.local/lib/python3.8/site-packages/airflow/example_dags/example_python_operator.py
[2026-03-18T08:11:50.583+0000] {logging_mixin.py:188} INFO - [2026-03-18T08:11:50.583+0000] {dag.py:3036} INFO - Sync 1 DAGs
[2026-03-18T08:11:50.588+0000] {logging_mixin.py:188} INFO - [2026-03-18T08:11:50.588+0000] {dag.py:3823} INFO - Setting next_dagrun for example_python_operator to None, run_after=None
[2026-03-18T08:11:50.599+0000] {processor.py:183} INFO - Processing /home/airflow/.local/lib/python3.8/site-packages/airflow/example_dags/example_python_operator.py took 0.042 seconds
[2026-03-18T08:12:21.119+0000] {processor.py:161} INFO - Started process (PID=784) to work on /home/airflow/.local/lib/python3.8/site-packages/airflow/example_dags/example_python_operator.py
[2026-03-18T08:12:21.120+0000] {processor.py:830} INFO - Processing file /home/airflow/.local/lib/python3.8/site-packages/airflow/example_dags/example_python_operator.py for tasks to queue
[2026-03-18T08:12:21.122+0000] {logging_mixin.py:188} INFO - [2026-03-18T08:12:21.122+0000] {dagbag.py:538} INFO - Filling up the DagBag from /home/airflow/.local/lib/python3.8/site-packages/airflow/example_dags/example_python_operator.py
[2026-03-18T08:12:21.128+0000] {processor.py:840} INFO - DAG(s) 'example_python_operator' retrieved from /home/airflow/.local/lib/python3.8/site-packages/airflow/example_dags/example_python_operator.py
[2026-03-18T08:12:21.138+0000] {logging_mixin.py:188} INFO - [2026-03-18T08:12:21.138+0000] {dag.py:3036} INFO - Sync 1 DAGs
[2026-03-18T08:12:21.143+0000] {logging_mixin.py:188} INFO - [2026-03-18T08:12:21.143+0000] {dag.py:3823} INFO - Setting next_dagrun for example_python_operator to None, run_after=None
[2026-03-18T08:12:21.152+0000] {processor.py:183} INFO - Processing /home/airflow/.local/lib/python3.8/site-packages/airflow/example_dags/example_python_operator.py took 0.035 seconds
[2026-03-18T08:12:51.498+0000] {processor.py:161} INFO - Started process (PID=840) to work on /home/airflow/.local/lib/python3.8/site-packages/airflow/example_dags/example_python_operator.py
[2026-03-18T08:12:51.499+0000] {processor.py:830} INFO - Processing file /home/airflow/.local/lib/python3.8/site-packages/airflow/example_dags/example_python_operator.py for tasks to queue
[2026-03-18T08:12:51.501+0000] {logging_mixin.py:188} INFO - [2026-03-18T08:12:51.500+0000] {dagbag.py:538} INFO - Filling up the DagBag from /home/airflow/.local/lib/python3.8/site-packages/airflow/example_dags/example_python_operator.py
[2026-03-18T08:12:51.505+0000] {processor.py:840} INFO - DAG(s) 'example_python_operator' retrieved from /home/airflow/.local/lib/python3.8/site-packages/airflow/example_dags/example_python_operator.py
[2026-03-18T08:12:51.518+0000] {logging_mixin.py:188} INFO - [2026-03-18T08:12:51.518+0000] {dag.py:3036} INFO - Sync 1 DAGs
[2026-03-18T08:12:51.523+0000] {logging_mixin.py:188} INFO - [2026-03-18T08:12:51.523+0000] {dag.py:3823} INFO - Setting next_dagrun for example_python_operator to None, run_after=None
[2026-03-18T08:12:51.533+0000] {processor.py:183} INFO - Processing /home/airflow/.local/lib/python3.8/site-packages/airflow/example_dags/example_python_operator.py took 0.037 seconds
[2026-03-18T08:13:21.942+0000] {processor.py:161} INFO - Started process (PID=896) to work on /home/airflow/.local/lib/python3.8/site-packages/airflow/example_dags/example_python_operator.py
[2026-03-18T08:13:21.943+0000] {processor.py:830} INFO - Processing file /home/airflow/.local/lib/python3.8/site-packages/airflow/example_dags/example_python_operator.py for tasks to queue
[2026-03-18T08:13:21.944+0000] {logging_mixin.py:188} INFO - [2026-03-18T08:13:21.944+0000] {dagbag.py:538} INFO - Filling up the DagBag from /home/airflow/.local/lib/python3.8/site-packages/airflow/example_dags/example_python_operator.py
[2026-03-18T08:13:21.953+0000] {processor.py:840} INFO - DAG(s) 'example_python_operator' retrieved from /home/airflow/.local/lib/python3.8/site-packages/airflow/example_dags/example_python_operator.py
[2026-03-18T08:13:21.965+0000] {logging_mixin.py:188} INFO - [2026-03-18T08:13:21.965+0000] {dag.py:3036} INFO - Sync 1 DAGs
[2026-03-18T08:13:21.970+0000] {logging_mixin.py:188} INFO - [2026-03-18T08:13:21.970+0000] {dag.py:3823} INFO - Setting next_dagrun for example_python_operator to None, run_after=None
[2026-03-18T08:13:21.983+0000] {processor.py:183} INFO - Processing /home/airflow/.local/lib/python3.8/site-packages/airflow/example_dags/example_python_operator.py took 0.042 seconds
[2026-03-18T08:13:52.513+0000] {processor.py:161} INFO - Started process (PID=952) to work on /home/airflow/.local/lib/python3.8/site-packages/airflow/example_dags/example_python_operator.py
[2026-03-18T08:13:52.514+0000] {processor.py:830} INFO - Processing file /home/airflow/.local/lib/python3.8/site-packages/airflow/example_dags/example_python_operator.py for tasks to queue
[2026-03-18T08:13:52.515+0000] {logging_mixin.py:188} INFO - [2026-03-18T08:13:52.515+0000] {dagbag.py:538} INFO - Filling up the DagBag from /home/airflow/.local/lib/python3.8/site-packages/airflow/example_dags/example_python_operator.py
[2026-03-18T08:13:52.523+0000] {processor.py:840} INFO - DAG(s) 'example_python_operator' retrieved from /home/airflow/.local/lib/python3.8/site-packages/airflow/example_dags/example_python_operator.py
[2026-03-18T08:13:52.539+0000] {logging_mixin.py:188} INFO - [2026-03-18T08:13:52.538+0000] {dag.py:3036} INFO - Sync 1 DAGs
[2026-03-18T08:13:52.544+0000] {logging_mixin.py:188} INFO - [2026-03-18T08:13:52.544+0000] {dag.py:3823} INFO - Setting next_dagrun for example_python_operator to None, run_after=None
[2026-03-18T08:13:52.552+0000] {processor.py:183} INFO - Processing /home/airflow/.local/lib/python3.8/site-packages/airflow/example_dags/example_python_operator.py took 0.041 seconds
[2026-03-18T08:14:23.085+0000] {processor.py:161} INFO - Started process (PID=1008) to work on /home/airflow/.local/lib/python3.8/site-packages/airflow/example_dags/example_python_operator.py
[2026-03-18T08:14:23.087+0000] {processor.py:830} INFO - Processing file /home/airflow/.local/lib/python3.8/site-packages/airflow/example_dags/example_python_operator.py for tasks to queue
[2026-03-18T08:14:23.088+0000] {logging_mixin.py:188} INFO - [2026-03-18T08:14:23.087+0000] {dagbag.py:538} INFO - Filling up the DagBag from /home/airflow/.local/lib/python3.8/site-packages/airflow/example_dags/example_python_operator.py
[2026-03-18T08:14:23.095+0000] {processor.py:840} INFO - DAG(s) 'example_python_operator' retrieved from /home/airflow/.local/lib/python3.8/site-packages/airflow/example_dags/example_python_operator.py
[2026-03-18T08:14:23.109+0000] {logging_mixin.py:188} INFO - [2026-03-18T08:14:23.109+0000] {dag.py:3036} INFO - Sync 1 DAGs
[2026-03-18T08:14:23.113+0000] {logging_mixin.py:188} INFO - [2026-03-18T08:14:23.113+0000] {dag.py:3823} INFO - Setting next_dagrun for example_python_operator to None, run_after=None
[2026-03-18T08:14:23.122+0000] {processor.py:183} INFO - Processing /home/airflow/.local/lib/python3.8/site-packages/airflow/example_dags/example_python_operator.py took 0.039 seconds
[2026-03-18T08:14:53.651+0000] {processor.py:161} INFO - Started process (PID=1064) to work on /home/airflow/.local/lib/python3.8/site-packages/airflow/example_dags/example_python_operator.py
[2026-03-18T08:14:53.653+0000] {processor.py:830} INFO - Processing file /home/airflow/.local/lib/python3.8/site-packages/airflow/example_dags/example_python_operator.py for tasks to queue
[2026-03-18T08:14:53.654+0000] {logging_mixin.py:188} INFO - [2026-03-18T08:14:53.654+0000] {dagbag.py:538} INFO - Filling up the DagBag from /home/airflow/.local/lib/python3.8/site-packages/airflow/example_dags/example_python_operator.py
[2026-03-18T08:14:53.659+0000] {processor.py:840} INFO - DAG(s) 'example_python_operator' retrieved from /home/airflow/.local/lib/python3.8/site-packages/airflow/example_dags/example_python_operator.py
[2026-03-18T08:14:53.676+0000] {logging_mixin.py:188} INFO - [2026-03-18T08:14:53.676+0000] {dag.py:3036} INFO - Sync 1 DAGs
[2026-03-18T08:14:53.684+0000] {logging_mixin.py:188} INFO - [2026-03-18T08:14:53.683+0000] {dag.py:3823} INFO - Setting next_dagrun for example_python_operator to None, run_after=None
[2026-03-18T08:14:53.693+0000] {processor.py:183} INFO - Processing /home/airflow/.local/lib/python3.8/site-packages/airflow/example_dags/example_python_operator.py took 0.044 seconds
[2026-03-18T08:15:24.340+0000] {processor.py:161} INFO - Started process (PID=1120) to work on /home/airflow/.local/lib/python3.8/site-packages/airflow/example_dags/example_python_operator.py
[2026-03-18T08:15:24.341+0000] {processor.py:830} INFO - Processing file /home/airflow/.local/lib/python3.8/site-packages/airflow/example_dags/example_python_operator.py for tasks to queue
[2026-03-18T08:15:24.342+0000] {logging_mixin.py:188} INFO - [2026-03-18T08:15:24.342+0000] {dagbag.py:538} INFO - Filling up the DagBag from /home/airflow/.local/lib/python3.8/site-packages/airflow/example_dags/example_python_operator.py
[2026-03-18T08:15:24.350+0000] {processor.py:840} INFO - DAG(s) 'example_python_operator' retrieved from /home/airflow/.local/lib/python3.8/site-packages/airflow/example_dags/example_python_operator.py
[2026-03-18T08:15:24.367+0000] {logging_mixin.py:188} INFO - [2026-03-18T08:15:24.367+0000] {dag.py:3036} INFO - Sync 1 DAGs
[2026-03-18T08:15:24.372+0000] {logging_mixin.py:188} INFO - [2026-03-18T08:15:24.372+0000] {dag.py:3823} INFO - Setting next_dagrun for example_python_operator to None, run_after=None
[2026-03-18T08:15:24.379+0000] {processor.py:183} INFO - Processing /home/airflow/.local/lib/python3.8/site-packages/airflow/example_dags/example_python_operator.py took 0.041 seconds
[2026-03-18T08:15:54.891+0000] {processor.py:161} INFO - Started process (PID=1176) to work on /home/airflow/.local/lib/python3.8/site-packages/airflow/example_dags/example_python_operator.py
[2026-03-18T08:15:54.892+0000] {processor.py:830} INFO - Processing file /home/airflow/.local/lib/python3.8/site-packages/airflow/example_dags/example_python_operator.py for tasks to queue
[2026-03-18T08:15:54.896+0000] {logging_mixin.py:188} INFO - [2026-03-18T08:15:54.896+0000] {dagbag.py:538} INFO - Filling up the DagBag from /home/airflow/.local/lib/python3.8/site-packages/airflow/example_dags/example_python_operator.py
[2026-03-18T08:15:54.900+0000] {processor.py:840} INFO - DAG(s) 'example_python_operator' retrieved from /home/airflow/.local/lib/python3.8/site-packages/airflow/example_dags/example_python_operator.py
[2026-03-18T08:15:54.913+0000] {logging_mixin.py:188} INFO - [2026-03-18T08:15:54.913+0000] {dag.py:3036} INFO - Sync 1 DAGs
[2026-03-18T08:15:54.919+0000] {logging_mixin.py:188} INFO - [2026-03-18T08:15:54.918+0000] {dag.py:3823} INFO - Setting next_dagrun for example_python_operator to None, run_after=None
[2026-03-18T08:15:54.925+0000] {processor.py:183} INFO - Processing /home/airflow/.local/lib/python3.8/site-packages/airflow/example_dags/example_python_operator.py took 0.035 seconds
[2026-03-18T08:16:25.391+0000] {processor.py:161} INFO - Started process (PID=1232) to work on /home/airflow/.local/lib/python3.8/site-packages/airflow/example_dags/example_python_operator.py
[2026-03-18T08:16:25.392+0000] {processor.py:830} INFO - Processing file /home/airflow/.local/lib/python3.8/site-packages/airflow/example_dags/example_python_operator.py for tasks to queue
[2026-03-18T08:16:25.393+0000] {logging_mixin.py:188} INFO - [2026-03-18T08:16:25.393+0000] {dagbag.py:538} INFO - Filling up the DagBag from /home/airflow/.local/lib/python3.8/site-packages/airflow/example_dags/example_python_operator.py
[2026-03-18T08:16:25.400+0000] {processor.py:840} INFO - DAG(s) 'example_python_operator' retrieved from /home/airflow/.local/lib/python3.8/site-packages/airflow/example_dags/example_python_operator.py
[2026-03-18T08:16:25.418+0000] {logging_mixin.py:188} INFO - [2026-03-18T08:16:25.418+0000] {dag.py:3036} INFO - Sync 1 DAGs
[2026-03-18T08:16:25.423+0000] {logging_mixin.py:188} INFO - [2026-03-18T08:16:25.423+0000] {dag.py:3823} INFO - Setting next_dagrun for example_python_operator to None, run_after=None
[2026-03-18T08:16:25.433+0000] {processor.py:183} INFO - Processing /home/airflow/.local/lib/python3.8/site-packages/airflow/example_dags/example_python_operator.py took 0.043 seconds
[2026-03-18T08:16:55.986+0000] {processor.py:161} INFO - Started process (PID=1289) to work on /home/airflow/.local/lib/python3.8/site-packages/airflow/example_dags/example_python_operator.py
[2026-03-18T08:16:55.987+0000] {processor.py:830} INFO - Processing file /home/airflow/.local/lib/python3.8/site-packages/airflow/example_dags/example_python_operator.py for tasks to queue
[2026-03-18T08:16:55.989+0000] {logging_mixin.py:188} INFO - [2026-03-18T08:16:55.988+0000] {dagbag.py:538} INFO - Filling up the DagBag from /home/airflow/.local/lib/python3.8/site-packages/airflow/example_dags/example_python_operator.py
[2026-03-18T08:16:55.994+0000] {processor.py:840} INFO - DAG(s) 'example_python_operator' retrieved from /home/airflow/.local/lib/python3.8/site-packages/airflow/example_dags/example_python_operator.py
[2026-03-18T08:16:56.009+0000] {logging_mixin.py:188} INFO - [2026-03-18T08:16:56.009+0000] {dag.py:3036} INFO - Sync 1 DAGs
[2026-03-18T08:16:56.014+0000] {logging_mixin.py:188} INFO - [2026-03-18T08:16:56.014+0000] {dag.py:3823} INFO - Setting next_dagrun for example_python_operator to None, run_after=None
[2026-03-18T08:16:56.024+0000] {processor.py:183} INFO - Processing /home/airflow/.local/lib/python3.8/site-packages/airflow/example_dags/example_python_operator.py took 0.039 seconds
[2026-03-18T08:17:26.475+0000] {processor.py:161} INFO - Started process (PID=1345) to work on /home/airflow/.local/lib/python3.8/site-packages/airflow/example_dags/example_python_operator.py
[2026-03-18T08:17:26.476+0000] {processor.py:830} INFO - Processing file /home/airflow/.local/lib/python3.8/site-packages/airflow/example_dags/example_python_operator.py for tasks to queue
[2026-03-18T08:17:26.477+0000] {logging_mixin.py:188} INFO - [2026-03-18T08:17:26.477+0000] {dagbag.py:538} INFO - Filling up the DagBag from /home/airflow/.local/lib/python3.8/site-packages/airflow/example_dags/example_python_operator.py
[2026-03-18T08:17:26.482+0000] {processor.py:840} INFO - DAG(s) 'example_python_operator' retrieved from /home/airflow/.local/lib/python3.8/site-packages/airflow/example_dags/example_python_operator.py
[2026-03-18T08:17:26.501+0000] {logging_mixin.py:188} INFO - [2026-03-18T08:17:26.501+0000] {dag.py:3036} INFO - Sync 1 DAGs
[2026-03-18T08:17:26.507+0000] {logging_mixin.py:188} INFO - [2026-03-18T08:17:26.507+0000] {dag.py:3823} INFO - Setting next_dagrun for example_python_operator to None, run_after=None
[2026-03-18T08:17:26.519+0000] {processor.py:183} INFO - Processing /home/airflow/.local/lib/python3.8/site-packages/airflow/example_dags/example_python_operator.py took 0.046 seconds
[2026-03-18T08:17:57.007+0000] {processor.py:161} INFO - Started process (PID=1401) to work on /home/airflow/.local/lib/python3.8/site-packages/airflow/example_dags/example_python_operator.py
[2026-03-18T08:17:57.010+0000] {processor.py:830} INFO - Processing file /home/airflow/.local/lib/python3.8/site-packages/airflow/example_dags/example_python_operator.py for tasks to queue
[2026-03-18T08:17:57.013+0000] {logging_mixin.py:188} INFO - [2026-03-18T08:17:57.013+0000] {dagbag.py:538} INFO - Filling up the DagBag from /home/airflow/.local/lib/python3.8/site-packages/airflow/example_dags/example_python_operator.py
[2026-03-18T08:17:57.018+0000] {processor.py:840} INFO - DAG(s) 'example_python_operator' retrieved from /home/airflow/.local/lib/python3.8/site-packages/airflow/example_dags/example_python_operator.py
[2026-03-18T08:17:57.033+0000] {logging_mixin.py:188} INFO - [2026-03-18T08:17:57.033+0000] {dag.py:3036} INFO - Sync 1 DAGs
[2026-03-18T08:17:57.038+0000] {logging_mixin.py:188} INFO - [2026-03-18T08:17:57.038+0000] {dag.py:3823} INFO - Setting next_dagrun for example_python_operator to None, run_after=None
[2026-03-18T08:17:57.048+0000] {processor.py:183} INFO - Processing /home/airflow/.local/lib/python3.8/site-packages/airflow/example_dags/example_python_operator.py took 0.042 seconds
[2026-03-18T08:18:27.565+0000] {processor.py:161} INFO - Started process (PID=1457) to work on /home/airflow/.local/lib/python3.8/site-packages/airflow/example_dags/example_python_operator.py
[2026-03-18T08:18:27.568+0000] {processor.py:830} INFO - Processing file /home/airflow/.local/lib/python3.8/site-packages/airflow/example_dags/example_python_operator.py for tasks to queue
[2026-03-18T08:18:27.568+0000] {logging_mixin.py:188} INFO - [2026-03-18T08:18:27.568+0000] {dagbag.py:538} INFO - Filling up the DagBag from /home/airflow/.local/lib/python3.8/site-packages/airflow/example_dags/example_python_operator.py
[2026-03-18T08:18:27.577+0000] {processor.py:840} INFO - DAG(s) 'example_python_operator' retrieved from /home/airflow/.local/lib/python3.8/site-packages/airflow/example_dags/example_python_operator.py
[2026-03-18T08:18:27.588+0000] {logging_mixin.py:188} INFO - [2026-03-18T08:18:27.588+0000] {dag.py:3036} INFO - Sync 1 DAGs
[2026-03-18T08:18:27.593+0000] {logging_mixin.py:188} INFO - [2026-03-18T08:18:27.593+0000] {dag.py:3823} INFO - Setting next_dagrun for example_python_operator to None, run_after=None
[2026-03-18T08:18:27.603+0000] {processor.py:183} INFO - Processing /home/airflow/.local/lib/python3.8/site-packages/airflow/example_dags/example_python_operator.py took 0.039 seconds
[2026-03-18T08:18:58.112+0000] {processor.py:161} INFO - Started process (PID=1513) to work on /home/airflow/.local/lib/python3.8/site-packages/airflow/example_dags/example_python_operator.py
[2026-03-18T08:18:58.113+0000] {processor.py:830} INFO - Processing file /home/airflow/.local/lib/python3.8/site-packages/airflow/example_dags/example_python_operator.py for tasks to queue
[2026-03-18T08:18:58.114+0000] {logging_mixin.py:188} INFO - [2026-03-18T08:18:58.114+0000] {dagbag.py:538} INFO - Filling up the DagBag from /home/airflow/.local/lib/python3.8/site-packages/airflow/example_dags/example_python_operator.py
[2026-03-18T08:18:58.121+0000] {processor.py:840} INFO - DAG(s) 'example_python_operator' retrieved from /home/airflow/.local/lib/python3.8/site-packages/airflow/example_dags/example_python_operator.py
[2026-03-18T08:18:58.132+0000] {logging_mixin.py:188} INFO - [2026-03-18T08:18:58.132+0000] {dag.py:3036} INFO - Sync 1 DAGs
[2026-03-18T08:18:58.137+0000] {logging_mixin.py:188} INFO - [2026-03-18T08:18:58.137+0000] {dag.py:3823} INFO - Setting next_dagrun for example_python_operator to None, run_after=None
[2026-03-18T08:18:58.148+0000] {processor.py:183} INFO - Processing /home/airflow/.local/lib/python3.8/site-packages/airflow/example_dags/example_python_operator.py took 0.037 seconds
[2026-03-18T08:19:28.553+0000] {processor.py:161} INFO - Started process (PID=1569) to work on /home/airflow/.local/lib/python3.8/site-packages/airflow/example_dags/example_python_operator.py
[2026-03-18T08:19:28.554+0000] {processor.py:830} INFO - Processing file /home/airflow/.local/lib/python3.8/site-packages/airflow/example_dags/example_python_operator.py for tasks to queue
[2026-03-18T08:19:28.556+0000] {logging_mixin.py:188} INFO - [2026-03-18T08:19:28.555+0000] {dagbag.py:538} INFO - Filling up the DagBag from /home/airflow/.local/lib/python3.8/site-packages/airflow/example_dags/example_python_operator.py
[2026-03-18T08:19:28.561+0000] {processor.py:840} INFO - DAG(s) 'example_python_operator' retrieved from /home/airflow/.local/lib/python3.8/site-packages/airflow/example_dags/example_python_operator.py
[2026-03-18T08:19:28.576+0000] {logging_mixin.py:188} INFO - [2026-03-18T08:19:28.576+0000] {dag.py:3036} INFO - Sync 1 DAGs
[2026-03-18T08:19:28.581+0000] {logging_mixin.py:188} INFO - [2026-03-18T08:19:28.581+0000] {dag.py:3823} INFO - Setting next_dagrun for example_python_operator to None, run_after=None
[2026-03-18T08:19:28.588+0000] {processor.py:183} INFO - Processing /home/airflow/.local/lib/python3.8/site-packages/airflow/example_dags/example_python_operator.py took 0.036 seconds
