[2026-03-18T07:45:19.547+0000] {processor.py:161} INFO - Started process (PID=88) to work on /home/airflow/.local/lib/python3.8/site-packages/airflow/example_dags/example_nested_branch_dag.py
[2026-03-18T07:45:19.548+0000] {processor.py:830} INFO - Processing file /home/airflow/.local/lib/python3.8/site-packages/airflow/example_dags/example_nested_branch_dag.py for tasks to queue
[2026-03-18T07:45:19.549+0000] {logging_mixin.py:188} INFO - [2026-03-18T07:45:19.548+0000] {dagbag.py:538} INFO - Filling up the DagBag from /home/airflow/.local/lib/python3.8/site-packages/airflow/example_dags/example_nested_branch_dag.py
[2026-03-18T07:45:19.554+0000] {processor.py:840} INFO - DAG(s) 'example_nested_branch_dag' retrieved from /home/airflow/.local/lib/python3.8/site-packages/airflow/example_dags/example_nested_branch_dag.py
[2026-03-18T07:45:19.596+0000] {logging_mixin.py:188} INFO - [2026-03-18T07:45:19.595+0000] {override.py:1769} INFO - Created Permission View: can read on DAG:example_nested_branch_dag
[2026-03-18T07:45:19.600+0000] {logging_mixin.py:188} INFO - [2026-03-18T07:45:19.600+0000] {override.py:1769} INFO - Created Permission View: can delete on DAG:example_nested_branch_dag
[2026-03-18T07:45:19.602+0000] {logging_mixin.py:188} INFO - [2026-03-18T07:45:19.602+0000] {override.py:1769} INFO - Created Permission View: can edit on DAG:example_nested_branch_dag
[2026-03-18T07:45:19.602+0000] {logging_mixin.py:188} INFO - [2026-03-18T07:45:19.602+0000] {dag.py:3036} INFO - Sync 1 DAGs
[2026-03-18T07:45:19.608+0000] {logging_mixin.py:188} INFO - [2026-03-18T07:45:19.608+0000] {dag.py:3058} INFO - Creating ORM DAG for example_nested_branch_dag
[2026-03-18T07:45:19.614+0000] {logging_mixin.py:188} INFO - [2026-03-18T07:45:19.614+0000] {dag.py:3823} INFO - Setting next_dagrun for example_nested_branch_dag to 2026-03-17 00:00:00+00:00, run_after=2026-03-18 00:00:00+00:00
[2026-03-18T07:45:19.622+0000] {processor.py:183} INFO - Processing /home/airflow/.local/lib/python3.8/site-packages/airflow/example_dags/example_nested_branch_dag.py took 0.076 seconds
[2026-03-18T07:45:49.943+0000] {processor.py:161} INFO - Started process (PID=143) to work on /home/airflow/.local/lib/python3.8/site-packages/airflow/example_dags/example_nested_branch_dag.py
[2026-03-18T07:45:49.945+0000] {processor.py:830} INFO - Processing file /home/airflow/.local/lib/python3.8/site-packages/airflow/example_dags/example_nested_branch_dag.py for tasks to queue
[2026-03-18T07:45:49.946+0000] {logging_mixin.py:188} INFO - [2026-03-18T07:45:49.946+0000] {dagbag.py:538} INFO - Filling up the DagBag from /home/airflow/.local/lib/python3.8/site-packages/airflow/example_dags/example_nested_branch_dag.py
[2026-03-18T07:45:49.951+0000] {processor.py:840} INFO - DAG(s) 'example_nested_branch_dag' retrieved from /home/airflow/.local/lib/python3.8/site-packages/airflow/example_dags/example_nested_branch_dag.py
[2026-03-18T07:45:49.962+0000] {logging_mixin.py:188} INFO - [2026-03-18T07:45:49.962+0000] {dag.py:3036} INFO - Sync 1 DAGs
[2026-03-18T07:45:49.972+0000] {logging_mixin.py:188} INFO - [2026-03-18T07:45:49.972+0000] {dag.py:3823} INFO - Setting next_dagrun for example_nested_branch_dag to 2026-03-17 00:00:00+00:00, run_after=2026-03-18 00:00:00+00:00
[2026-03-18T07:45:49.984+0000] {processor.py:183} INFO - Processing /home/airflow/.local/lib/python3.8/site-packages/airflow/example_dags/example_nested_branch_dag.py took 0.043 seconds
[2026-03-18T07:46:20.352+0000] {processor.py:161} INFO - Started process (PID=198) to work on /home/airflow/.local/lib/python3.8/site-packages/airflow/example_dags/example_nested_branch_dag.py
[2026-03-18T07:46:20.353+0000] {processor.py:830} INFO - Processing file /home/airflow/.local/lib/python3.8/site-packages/airflow/example_dags/example_nested_branch_dag.py for tasks to queue
[2026-03-18T07:46:20.353+0000] {logging_mixin.py:188} INFO - [2026-03-18T07:46:20.353+0000] {dagbag.py:538} INFO - Filling up the DagBag from /home/airflow/.local/lib/python3.8/site-packages/airflow/example_dags/example_nested_branch_dag.py
[2026-03-18T07:46:20.359+0000] {processor.py:840} INFO - DAG(s) 'example_nested_branch_dag' retrieved from /home/airflow/.local/lib/python3.8/site-packages/airflow/example_dags/example_nested_branch_dag.py
[2026-03-18T07:46:20.368+0000] {logging_mixin.py:188} INFO - [2026-03-18T07:46:20.367+0000] {dag.py:3036} INFO - Sync 1 DAGs
[2026-03-18T07:46:20.376+0000] {logging_mixin.py:188} INFO - [2026-03-18T07:46:20.376+0000] {dag.py:3823} INFO - Setting next_dagrun for example_nested_branch_dag to 2026-03-17 00:00:00+00:00, run_after=2026-03-18 00:00:00+00:00
[2026-03-18T07:46:20.382+0000] {processor.py:183} INFO - Processing /home/airflow/.local/lib/python3.8/site-packages/airflow/example_dags/example_nested_branch_dag.py took 0.032 seconds
[2026-03-18T07:46:50.642+0000] {processor.py:161} INFO - Started process (PID=253) to work on /home/airflow/.local/lib/python3.8/site-packages/airflow/example_dags/example_nested_branch_dag.py
[2026-03-18T07:46:50.643+0000] {processor.py:830} INFO - Processing file /home/airflow/.local/lib/python3.8/site-packages/airflow/example_dags/example_nested_branch_dag.py for tasks to queue
[2026-03-18T07:46:50.644+0000] {logging_mixin.py:188} INFO - [2026-03-18T07:46:50.644+0000] {dagbag.py:538} INFO - Filling up the DagBag from /home/airflow/.local/lib/python3.8/site-packages/airflow/example_dags/example_nested_branch_dag.py
[2026-03-18T07:46:50.650+0000] {processor.py:840} INFO - DAG(s) 'example_nested_branch_dag' retrieved from /home/airflow/.local/lib/python3.8/site-packages/airflow/example_dags/example_nested_branch_dag.py
[2026-03-18T07:46:50.659+0000] {logging_mixin.py:188} INFO - [2026-03-18T07:46:50.659+0000] {dag.py:3036} INFO - Sync 1 DAGs
[2026-03-18T07:46:50.667+0000] {logging_mixin.py:188} INFO - [2026-03-18T07:46:50.667+0000] {dag.py:3823} INFO - Setting next_dagrun for example_nested_branch_dag to 2026-03-17 00:00:00+00:00, run_after=2026-03-18 00:00:00+00:00
[2026-03-18T07:46:50.674+0000] {processor.py:183} INFO - Processing /home/airflow/.local/lib/python3.8/site-packages/airflow/example_dags/example_nested_branch_dag.py took 0.033 seconds
[2026-03-18T07:47:21.061+0000] {processor.py:161} INFO - Started process (PID=308) to work on /home/airflow/.local/lib/python3.8/site-packages/airflow/example_dags/example_nested_branch_dag.py
[2026-03-18T07:47:21.062+0000] {processor.py:830} INFO - Processing file /home/airflow/.local/lib/python3.8/site-packages/airflow/example_dags/example_nested_branch_dag.py for tasks to queue
[2026-03-18T07:47:21.063+0000] {logging_mixin.py:188} INFO - [2026-03-18T07:47:21.063+0000] {dagbag.py:538} INFO - Filling up the DagBag from /home/airflow/.local/lib/python3.8/site-packages/airflow/example_dags/example_nested_branch_dag.py
[2026-03-18T07:47:21.068+0000] {processor.py:840} INFO - DAG(s) 'example_nested_branch_dag' retrieved from /home/airflow/.local/lib/python3.8/site-packages/airflow/example_dags/example_nested_branch_dag.py
[2026-03-18T07:47:21.080+0000] {logging_mixin.py:188} INFO - [2026-03-18T07:47:21.080+0000] {dag.py:3036} INFO - Sync 1 DAGs
[2026-03-18T07:47:21.089+0000] {logging_mixin.py:188} INFO - [2026-03-18T07:47:21.089+0000] {dag.py:3823} INFO - Setting next_dagrun for example_nested_branch_dag to 2026-03-17 00:00:00+00:00, run_after=2026-03-18 00:00:00+00:00
[2026-03-18T07:47:21.097+0000] {processor.py:183} INFO - Processing /home/airflow/.local/lib/python3.8/site-packages/airflow/example_dags/example_nested_branch_dag.py took 0.038 seconds
[2026-03-18T07:47:51.447+0000] {processor.py:161} INFO - Started process (PID=363) to work on /home/airflow/.local/lib/python3.8/site-packages/airflow/example_dags/example_nested_branch_dag.py
[2026-03-18T07:47:51.449+0000] {processor.py:830} INFO - Processing file /home/airflow/.local/lib/python3.8/site-packages/airflow/example_dags/example_nested_branch_dag.py for tasks to queue
[2026-03-18T07:47:51.450+0000] {logging_mixin.py:188} INFO - [2026-03-18T07:47:51.450+0000] {dagbag.py:538} INFO - Filling up the DagBag from /home/airflow/.local/lib/python3.8/site-packages/airflow/example_dags/example_nested_branch_dag.py
[2026-03-18T07:47:51.455+0000] {processor.py:840} INFO - DAG(s) 'example_nested_branch_dag' retrieved from /home/airflow/.local/lib/python3.8/site-packages/airflow/example_dags/example_nested_branch_dag.py
[2026-03-18T07:47:51.476+0000] {logging_mixin.py:188} INFO - [2026-03-18T07:47:51.476+0000] {dag.py:3036} INFO - Sync 1 DAGs
[2026-03-18T07:47:51.487+0000] {logging_mixin.py:188} INFO - [2026-03-18T07:47:51.487+0000] {dag.py:3823} INFO - Setting next_dagrun for example_nested_branch_dag to 2026-03-17 00:00:00+00:00, run_after=2026-03-18 00:00:00+00:00
[2026-03-18T07:47:51.501+0000] {processor.py:183} INFO - Processing /home/airflow/.local/lib/python3.8/site-packages/airflow/example_dags/example_nested_branch_dag.py took 0.056 seconds
[2026-03-18T07:48:21.837+0000] {processor.py:161} INFO - Started process (PID=424) to work on /home/airflow/.local/lib/python3.8/site-packages/airflow/example_dags/example_nested_branch_dag.py
[2026-03-18T07:48:21.839+0000] {processor.py:830} INFO - Processing file /home/airflow/.local/lib/python3.8/site-packages/airflow/example_dags/example_nested_branch_dag.py for tasks to queue
[2026-03-18T07:48:21.840+0000] {logging_mixin.py:188} INFO - [2026-03-18T07:48:21.840+0000] {dagbag.py:538} INFO - Filling up the DagBag from /home/airflow/.local/lib/python3.8/site-packages/airflow/example_dags/example_nested_branch_dag.py
[2026-03-18T07:48:21.844+0000] {processor.py:840} INFO - DAG(s) 'example_nested_branch_dag' retrieved from /home/airflow/.local/lib/python3.8/site-packages/airflow/example_dags/example_nested_branch_dag.py
[2026-03-18T07:48:21.857+0000] {logging_mixin.py:188} INFO - [2026-03-18T07:48:21.856+0000] {dag.py:3036} INFO - Sync 1 DAGs
[2026-03-18T07:48:21.867+0000] {logging_mixin.py:188} INFO - [2026-03-18T07:48:21.867+0000] {dag.py:3823} INFO - Setting next_dagrun for example_nested_branch_dag to 2026-03-17 00:00:00+00:00, run_after=2026-03-18 00:00:00+00:00
[2026-03-18T07:48:21.875+0000] {processor.py:183} INFO - Processing /home/airflow/.local/lib/python3.8/site-packages/airflow/example_dags/example_nested_branch_dag.py took 0.040 seconds
[2026-03-18T07:48:52.126+0000] {processor.py:161} INFO - Started process (PID=479) to work on /home/airflow/.local/lib/python3.8/site-packages/airflow/example_dags/example_nested_branch_dag.py
[2026-03-18T07:48:52.127+0000] {processor.py:830} INFO - Processing file /home/airflow/.local/lib/python3.8/site-packages/airflow/example_dags/example_nested_branch_dag.py for tasks to queue
[2026-03-18T07:48:52.127+0000] {logging_mixin.py:188} INFO - [2026-03-18T07:48:52.127+0000] {dagbag.py:538} INFO - Filling up the DagBag from /home/airflow/.local/lib/python3.8/site-packages/airflow/example_dags/example_nested_branch_dag.py
[2026-03-18T07:48:52.131+0000] {processor.py:840} INFO - DAG(s) 'example_nested_branch_dag' retrieved from /home/airflow/.local/lib/python3.8/site-packages/airflow/example_dags/example_nested_branch_dag.py
[2026-03-18T07:48:52.140+0000] {logging_mixin.py:188} INFO - [2026-03-18T07:48:52.140+0000] {dag.py:3036} INFO - Sync 1 DAGs
[2026-03-18T07:48:52.149+0000] {logging_mixin.py:188} INFO - [2026-03-18T07:48:52.149+0000] {dag.py:3823} INFO - Setting next_dagrun for example_nested_branch_dag to 2026-03-17 00:00:00+00:00, run_after=2026-03-18 00:00:00+00:00
[2026-03-18T07:48:52.155+0000] {processor.py:183} INFO - Processing /home/airflow/.local/lib/python3.8/site-packages/airflow/example_dags/example_nested_branch_dag.py took 0.031 seconds
[2026-03-18T07:49:22.370+0000] {processor.py:161} INFO - Started process (PID=534) to work on /home/airflow/.local/lib/python3.8/site-packages/airflow/example_dags/example_nested_branch_dag.py
[2026-03-18T07:49:22.370+0000] {processor.py:830} INFO - Processing file /home/airflow/.local/lib/python3.8/site-packages/airflow/example_dags/example_nested_branch_dag.py for tasks to queue
[2026-03-18T07:49:22.373+0000] {logging_mixin.py:188} INFO - [2026-03-18T07:49:22.373+0000] {dagbag.py:538} INFO - Filling up the DagBag from /home/airflow/.local/lib/python3.8/site-packages/airflow/example_dags/example_nested_branch_dag.py
[2026-03-18T07:49:22.378+0000] {processor.py:840} INFO - DAG(s) 'example_nested_branch_dag' retrieved from /home/airflow/.local/lib/python3.8/site-packages/airflow/example_dags/example_nested_branch_dag.py
[2026-03-18T07:49:22.386+0000] {logging_mixin.py:188} INFO - [2026-03-18T07:49:22.386+0000] {dag.py:3036} INFO - Sync 1 DAGs
[2026-03-18T07:49:22.399+0000] {logging_mixin.py:188} INFO - [2026-03-18T07:49:22.398+0000] {dag.py:3823} INFO - Setting next_dagrun for example_nested_branch_dag to 2026-03-17 00:00:00+00:00, run_after=2026-03-18 00:00:00+00:00
[2026-03-18T07:49:22.406+0000] {processor.py:183} INFO - Processing /home/airflow/.local/lib/python3.8/site-packages/airflow/example_dags/example_nested_branch_dag.py took 0.038 seconds
[2026-03-18T07:49:52.625+0000] {processor.py:161} INFO - Started process (PID=589) to work on /home/airflow/.local/lib/python3.8/site-packages/airflow/example_dags/example_nested_branch_dag.py
[2026-03-18T07:49:52.625+0000] {processor.py:830} INFO - Processing file /home/airflow/.local/lib/python3.8/site-packages/airflow/example_dags/example_nested_branch_dag.py for tasks to queue
[2026-03-18T07:49:52.626+0000] {logging_mixin.py:188} INFO - [2026-03-18T07:49:52.626+0000] {dagbag.py:538} INFO - Filling up the DagBag from /home/airflow/.local/lib/python3.8/site-packages/airflow/example_dags/example_nested_branch_dag.py
[2026-03-18T07:49:52.630+0000] {processor.py:840} INFO - DAG(s) 'example_nested_branch_dag' retrieved from /home/airflow/.local/lib/python3.8/site-packages/airflow/example_dags/example_nested_branch_dag.py
[2026-03-18T07:49:52.639+0000] {logging_mixin.py:188} INFO - [2026-03-18T07:49:52.638+0000] {dag.py:3036} INFO - Sync 1 DAGs
[2026-03-18T07:49:52.646+0000] {logging_mixin.py:188} INFO - [2026-03-18T07:49:52.646+0000] {dag.py:3823} INFO - Setting next_dagrun for example_nested_branch_dag to 2026-03-17 00:00:00+00:00, run_after=2026-03-18 00:00:00+00:00
[2026-03-18T07:49:52.652+0000] {processor.py:183} INFO - Processing /home/airflow/.local/lib/python3.8/site-packages/airflow/example_dags/example_nested_branch_dag.py took 0.029 seconds
[2026-03-18T07:50:23.126+0000] {processor.py:161} INFO - Started process (PID=645) to work on /home/airflow/.local/lib/python3.8/site-packages/airflow/example_dags/example_nested_branch_dag.py
[2026-03-18T07:50:23.127+0000] {processor.py:830} INFO - Processing file /home/airflow/.local/lib/python3.8/site-packages/airflow/example_dags/example_nested_branch_dag.py for tasks to queue
[2026-03-18T07:50:23.128+0000] {logging_mixin.py:188} INFO - [2026-03-18T07:50:23.127+0000] {dagbag.py:538} INFO - Filling up the DagBag from /home/airflow/.local/lib/python3.8/site-packages/airflow/example_dags/example_nested_branch_dag.py
[2026-03-18T07:50:23.136+0000] {processor.py:840} INFO - DAG(s) 'example_nested_branch_dag' retrieved from /home/airflow/.local/lib/python3.8/site-packages/airflow/example_dags/example_nested_branch_dag.py
[2026-03-18T07:50:23.146+0000] {logging_mixin.py:188} INFO - [2026-03-18T07:50:23.146+0000] {dag.py:3036} INFO - Sync 1 DAGs
[2026-03-18T07:50:23.154+0000] {logging_mixin.py:188} INFO - [2026-03-18T07:50:23.154+0000] {dag.py:3823} INFO - Setting next_dagrun for example_nested_branch_dag to 2026-03-17 00:00:00+00:00, run_after=2026-03-18 00:00:00+00:00
[2026-03-18T07:50:23.165+0000] {processor.py:183} INFO - Processing /home/airflow/.local/lib/python3.8/site-packages/airflow/example_dags/example_nested_branch_dag.py took 0.040 seconds
[2026-03-18T07:50:53.599+0000] {processor.py:161} INFO - Started process (PID=701) to work on /home/airflow/.local/lib/python3.8/site-packages/airflow/example_dags/example_nested_branch_dag.py
[2026-03-18T07:50:53.599+0000] {processor.py:830} INFO - Processing file /home/airflow/.local/lib/python3.8/site-packages/airflow/example_dags/example_nested_branch_dag.py for tasks to queue
[2026-03-18T07:50:53.600+0000] {logging_mixin.py:188} INFO - [2026-03-18T07:50:53.600+0000] {dagbag.py:538} INFO - Filling up the DagBag from /home/airflow/.local/lib/python3.8/site-packages/airflow/example_dags/example_nested_branch_dag.py
[2026-03-18T07:50:53.606+0000] {processor.py:840} INFO - DAG(s) 'example_nested_branch_dag' retrieved from /home/airflow/.local/lib/python3.8/site-packages/airflow/example_dags/example_nested_branch_dag.py
[2026-03-18T07:50:53.615+0000] {logging_mixin.py:188} INFO - [2026-03-18T07:50:53.615+0000] {dag.py:3036} INFO - Sync 1 DAGs
[2026-03-18T07:50:53.627+0000] {logging_mixin.py:188} INFO - [2026-03-18T07:50:53.627+0000] {dag.py:3823} INFO - Setting next_dagrun for example_nested_branch_dag to 2026-03-17 00:00:00+00:00, run_after=2026-03-18 00:00:00+00:00
[2026-03-18T07:50:53.641+0000] {processor.py:183} INFO - Processing /home/airflow/.local/lib/python3.8/site-packages/airflow/example_dags/example_nested_branch_dag.py took 0.043 seconds
[2026-03-18T07:51:24.093+0000] {processor.py:161} INFO - Started process (PID=757) to work on /home/airflow/.local/lib/python3.8/site-packages/airflow/example_dags/example_nested_branch_dag.py
[2026-03-18T07:51:24.095+0000] {processor.py:830} INFO - Processing file /home/airflow/.local/lib/python3.8/site-packages/airflow/example_dags/example_nested_branch_dag.py for tasks to queue
[2026-03-18T07:51:24.096+0000] {logging_mixin.py:188} INFO - [2026-03-18T07:51:24.095+0000] {dagbag.py:538} INFO - Filling up the DagBag from /home/airflow/.local/lib/python3.8/site-packages/airflow/example_dags/example_nested_branch_dag.py
[2026-03-18T07:51:24.103+0000] {processor.py:840} INFO - DAG(s) 'example_nested_branch_dag' retrieved from /home/airflow/.local/lib/python3.8/site-packages/airflow/example_dags/example_nested_branch_dag.py
[2026-03-18T07:51:24.115+0000] {logging_mixin.py:188} INFO - [2026-03-18T07:51:24.115+0000] {dag.py:3036} INFO - Sync 1 DAGs
[2026-03-18T07:51:24.127+0000] {logging_mixin.py:188} INFO - [2026-03-18T07:51:24.126+0000] {dag.py:3823} INFO - Setting next_dagrun for example_nested_branch_dag to 2026-03-17 00:00:00+00:00, run_after=2026-03-18 00:00:00+00:00
[2026-03-18T07:51:24.133+0000] {processor.py:183} INFO - Processing /home/airflow/.local/lib/python3.8/site-packages/airflow/example_dags/example_nested_branch_dag.py took 0.042 seconds
[2026-03-18T07:51:54.587+0000] {processor.py:161} INFO - Started process (PID=813) to work on /home/airflow/.local/lib/python3.8/site-packages/airflow/example_dags/example_nested_branch_dag.py
[2026-03-18T07:51:54.588+0000] {processor.py:830} INFO - Processing file /home/airflow/.local/lib/python3.8/site-packages/airflow/example_dags/example_nested_branch_dag.py for tasks to queue
[2026-03-18T07:51:54.590+0000] {logging_mixin.py:188} INFO - [2026-03-18T07:51:54.590+0000] {dagbag.py:538} INFO - Filling up the DagBag from /home/airflow/.local/lib/python3.8/site-packages/airflow/example_dags/example_nested_branch_dag.py
[2026-03-18T07:51:54.596+0000] {processor.py:840} INFO - DAG(s) 'example_nested_branch_dag' retrieved from /home/airflow/.local/lib/python3.8/site-packages/airflow/example_dags/example_nested_branch_dag.py
[2026-03-18T07:51:54.610+0000] {logging_mixin.py:188} INFO - [2026-03-18T07:51:54.610+0000] {dag.py:3036} INFO - Sync 1 DAGs
[2026-03-18T07:51:54.624+0000] {logging_mixin.py:188} INFO - [2026-03-18T07:51:54.623+0000] {dag.py:3823} INFO - Setting next_dagrun for example_nested_branch_dag to 2026-03-17 00:00:00+00:00, run_after=2026-03-18 00:00:00+00:00
[2026-03-18T07:51:54.632+0000] {processor.py:183} INFO - Processing /home/airflow/.local/lib/python3.8/site-packages/airflow/example_dags/example_nested_branch_dag.py took 0.047 seconds
[2026-03-18T07:52:25.165+0000] {processor.py:161} INFO - Started process (PID=869) to work on /home/airflow/.local/lib/python3.8/site-packages/airflow/example_dags/example_nested_branch_dag.py
[2026-03-18T07:52:25.165+0000] {processor.py:830} INFO - Processing file /home/airflow/.local/lib/python3.8/site-packages/airflow/example_dags/example_nested_branch_dag.py for tasks to queue
[2026-03-18T07:52:25.166+0000] {logging_mixin.py:188} INFO - [2026-03-18T07:52:25.166+0000] {dagbag.py:538} INFO - Filling up the DagBag from /home/airflow/.local/lib/python3.8/site-packages/airflow/example_dags/example_nested_branch_dag.py
[2026-03-18T07:52:25.170+0000] {processor.py:840} INFO - DAG(s) 'example_nested_branch_dag' retrieved from /home/airflow/.local/lib/python3.8/site-packages/airflow/example_dags/example_nested_branch_dag.py
[2026-03-18T07:52:25.183+0000] {logging_mixin.py:188} INFO - [2026-03-18T07:52:25.183+0000] {dag.py:3036} INFO - Sync 1 DAGs
[2026-03-18T07:52:25.193+0000] {logging_mixin.py:188} INFO - [2026-03-18T07:52:25.193+0000] {dag.py:3823} INFO - Setting next_dagrun for example_nested_branch_dag to 2026-03-17 00:00:00+00:00, run_after=2026-03-18 00:00:00+00:00
[2026-03-18T07:52:25.204+0000] {processor.py:183} INFO - Processing /home/airflow/.local/lib/python3.8/site-packages/airflow/example_dags/example_nested_branch_dag.py took 0.041 seconds
[2026-03-18T07:52:55.591+0000] {processor.py:161} INFO - Started process (PID=925) to work on /home/airflow/.local/lib/python3.8/site-packages/airflow/example_dags/example_nested_branch_dag.py
[2026-03-18T07:52:55.591+0000] {processor.py:830} INFO - Processing file /home/airflow/.local/lib/python3.8/site-packages/airflow/example_dags/example_nested_branch_dag.py for tasks to queue
[2026-03-18T07:52:55.592+0000] {logging_mixin.py:188} INFO - [2026-03-18T07:52:55.592+0000] {dagbag.py:538} INFO - Filling up the DagBag from /home/airflow/.local/lib/python3.8/site-packages/airflow/example_dags/example_nested_branch_dag.py
[2026-03-18T07:52:55.596+0000] {processor.py:840} INFO - DAG(s) 'example_nested_branch_dag' retrieved from /home/airflow/.local/lib/python3.8/site-packages/airflow/example_dags/example_nested_branch_dag.py
[2026-03-18T07:52:55.606+0000] {logging_mixin.py:188} INFO - [2026-03-18T07:52:55.606+0000] {dag.py:3036} INFO - Sync 1 DAGs
[2026-03-18T07:52:55.616+0000] {logging_mixin.py:188} INFO - [2026-03-18T07:52:55.616+0000] {dag.py:3823} INFO - Setting next_dagrun for example_nested_branch_dag to 2026-03-17 00:00:00+00:00, run_after=2026-03-18 00:00:00+00:00
[2026-03-18T07:52:55.631+0000] {processor.py:183} INFO - Processing /home/airflow/.local/lib/python3.8/site-packages/airflow/example_dags/example_nested_branch_dag.py took 0.041 seconds
[2026-03-18T07:53:26.078+0000] {processor.py:161} INFO - Started process (PID=981) to work on /home/airflow/.local/lib/python3.8/site-packages/airflow/example_dags/example_nested_branch_dag.py
[2026-03-18T07:53:26.078+0000] {processor.py:830} INFO - Processing file /home/airflow/.local/lib/python3.8/site-packages/airflow/example_dags/example_nested_branch_dag.py for tasks to queue
[2026-03-18T07:53:26.079+0000] {logging_mixin.py:188} INFO - [2026-03-18T07:53:26.079+0000] {dagbag.py:538} INFO - Filling up the DagBag from /home/airflow/.local/lib/python3.8/site-packages/airflow/example_dags/example_nested_branch_dag.py
[2026-03-18T07:53:26.084+0000] {processor.py:840} INFO - DAG(s) 'example_nested_branch_dag' retrieved from /home/airflow/.local/lib/python3.8/site-packages/airflow/example_dags/example_nested_branch_dag.py
[2026-03-18T07:53:26.095+0000] {logging_mixin.py:188} INFO - [2026-03-18T07:53:26.095+0000] {dag.py:3036} INFO - Sync 1 DAGs
[2026-03-18T07:53:26.109+0000] {logging_mixin.py:188} INFO - [2026-03-18T07:53:26.109+0000] {dag.py:3823} INFO - Setting next_dagrun for example_nested_branch_dag to 2026-03-17 00:00:00+00:00, run_after=2026-03-18 00:00:00+00:00
[2026-03-18T07:53:26.119+0000] {processor.py:183} INFO - Processing /home/airflow/.local/lib/python3.8/site-packages/airflow/example_dags/example_nested_branch_dag.py took 0.042 seconds
[2026-03-18T07:53:56.547+0000] {processor.py:161} INFO - Started process (PID=1037) to work on /home/airflow/.local/lib/python3.8/site-packages/airflow/example_dags/example_nested_branch_dag.py
[2026-03-18T07:53:56.548+0000] {processor.py:830} INFO - Processing file /home/airflow/.local/lib/python3.8/site-packages/airflow/example_dags/example_nested_branch_dag.py for tasks to queue
[2026-03-18T07:53:56.549+0000] {logging_mixin.py:188} INFO - [2026-03-18T07:53:56.548+0000] {dagbag.py:538} INFO - Filling up the DagBag from /home/airflow/.local/lib/python3.8/site-packages/airflow/example_dags/example_nested_branch_dag.py
[2026-03-18T07:53:56.554+0000] {processor.py:840} INFO - DAG(s) 'example_nested_branch_dag' retrieved from /home/airflow/.local/lib/python3.8/site-packages/airflow/example_dags/example_nested_branch_dag.py
[2026-03-18T07:53:56.564+0000] {logging_mixin.py:188} INFO - [2026-03-18T07:53:56.564+0000] {dag.py:3036} INFO - Sync 1 DAGs
[2026-03-18T07:53:56.573+0000] {logging_mixin.py:188} INFO - [2026-03-18T07:53:56.573+0000] {dag.py:3823} INFO - Setting next_dagrun for example_nested_branch_dag to 2026-03-17 00:00:00+00:00, run_after=2026-03-18 00:00:00+00:00
[2026-03-18T07:53:56.579+0000] {processor.py:183} INFO - Processing /home/airflow/.local/lib/python3.8/site-packages/airflow/example_dags/example_nested_branch_dag.py took 0.033 seconds
[2026-03-18T07:54:26.984+0000] {processor.py:161} INFO - Started process (PID=1093) to work on /home/airflow/.local/lib/python3.8/site-packages/airflow/example_dags/example_nested_branch_dag.py
[2026-03-18T07:54:26.985+0000] {processor.py:830} INFO - Processing file /home/airflow/.local/lib/python3.8/site-packages/airflow/example_dags/example_nested_branch_dag.py for tasks to queue
[2026-03-18T07:54:26.986+0000] {logging_mixin.py:188} INFO - [2026-03-18T07:54:26.986+0000] {dagbag.py:538} INFO - Filling up the DagBag from /home/airflow/.local/lib/python3.8/site-packages/airflow/example_dags/example_nested_branch_dag.py
[2026-03-18T07:54:26.991+0000] {processor.py:840} INFO - DAG(s) 'example_nested_branch_dag' retrieved from /home/airflow/.local/lib/python3.8/site-packages/airflow/example_dags/example_nested_branch_dag.py
[2026-03-18T07:54:27.003+0000] {logging_mixin.py:188} INFO - [2026-03-18T07:54:27.002+0000] {dag.py:3036} INFO - Sync 1 DAGs
[2026-03-18T07:54:27.012+0000] {logging_mixin.py:188} INFO - [2026-03-18T07:54:27.012+0000] {dag.py:3823} INFO - Setting next_dagrun for example_nested_branch_dag to 2026-03-17 00:00:00+00:00, run_after=2026-03-18 00:00:00+00:00
[2026-03-18T07:54:27.024+0000] {processor.py:183} INFO - Processing /home/airflow/.local/lib/python3.8/site-packages/airflow/example_dags/example_nested_branch_dag.py took 0.042 seconds
[2026-03-18T07:54:57.454+0000] {processor.py:161} INFO - Started process (PID=1149) to work on /home/airflow/.local/lib/python3.8/site-packages/airflow/example_dags/example_nested_branch_dag.py
[2026-03-18T07:54:57.454+0000] {processor.py:830} INFO - Processing file /home/airflow/.local/lib/python3.8/site-packages/airflow/example_dags/example_nested_branch_dag.py for tasks to queue
[2026-03-18T07:54:57.455+0000] {logging_mixin.py:188} INFO - [2026-03-18T07:54:57.455+0000] {dagbag.py:538} INFO - Filling up the DagBag from /home/airflow/.local/lib/python3.8/site-packages/airflow/example_dags/example_nested_branch_dag.py
[2026-03-18T07:54:57.459+0000] {processor.py:840} INFO - DAG(s) 'example_nested_branch_dag' retrieved from /home/airflow/.local/lib/python3.8/site-packages/airflow/example_dags/example_nested_branch_dag.py
[2026-03-18T07:54:57.470+0000] {logging_mixin.py:188} INFO - [2026-03-18T07:54:57.470+0000] {dag.py:3036} INFO - Sync 1 DAGs
[2026-03-18T07:54:57.479+0000] {logging_mixin.py:188} INFO - [2026-03-18T07:54:57.479+0000] {dag.py:3823} INFO - Setting next_dagrun for example_nested_branch_dag to 2026-03-17 00:00:00+00:00, run_after=2026-03-18 00:00:00+00:00
[2026-03-18T07:54:57.488+0000] {processor.py:183} INFO - Processing /home/airflow/.local/lib/python3.8/site-packages/airflow/example_dags/example_nested_branch_dag.py took 0.036 seconds
[2026-03-18T07:55:27.893+0000] {processor.py:161} INFO - Started process (PID=1205) to work on /home/airflow/.local/lib/python3.8/site-packages/airflow/example_dags/example_nested_branch_dag.py
[2026-03-18T07:55:27.894+0000] {processor.py:830} INFO - Processing file /home/airflow/.local/lib/python3.8/site-packages/airflow/example_dags/example_nested_branch_dag.py for tasks to queue
[2026-03-18T07:55:27.894+0000] {logging_mixin.py:188} INFO - [2026-03-18T07:55:27.894+0000] {dagbag.py:538} INFO - Filling up the DagBag from /home/airflow/.local/lib/python3.8/site-packages/airflow/example_dags/example_nested_branch_dag.py
[2026-03-18T07:55:27.898+0000] {processor.py:840} INFO - DAG(s) 'example_nested_branch_dag' retrieved from /home/airflow/.local/lib/python3.8/site-packages/airflow/example_dags/example_nested_branch_dag.py
[2026-03-18T07:55:27.906+0000] {logging_mixin.py:188} INFO - [2026-03-18T07:55:27.906+0000] {dag.py:3036} INFO - Sync 1 DAGs
[2026-03-18T07:55:27.913+0000] {logging_mixin.py:188} INFO - [2026-03-18T07:55:27.913+0000] {dag.py:3823} INFO - Setting next_dagrun for example_nested_branch_dag to 2026-03-17 00:00:00+00:00, run_after=2026-03-18 00:00:00+00:00
[2026-03-18T07:55:27.920+0000] {processor.py:183} INFO - Processing /home/airflow/.local/lib/python3.8/site-packages/airflow/example_dags/example_nested_branch_dag.py took 0.028 seconds
[2026-03-18T07:55:58.334+0000] {processor.py:161} INFO - Started process (PID=1261) to work on /home/airflow/.local/lib/python3.8/site-packages/airflow/example_dags/example_nested_branch_dag.py
[2026-03-18T07:55:58.335+0000] {processor.py:830} INFO - Processing file /home/airflow/.local/lib/python3.8/site-packages/airflow/example_dags/example_nested_branch_dag.py for tasks to queue
[2026-03-18T07:55:58.336+0000] {logging_mixin.py:188} INFO - [2026-03-18T07:55:58.336+0000] {dagbag.py:538} INFO - Filling up the DagBag from /home/airflow/.local/lib/python3.8/site-packages/airflow/example_dags/example_nested_branch_dag.py
[2026-03-18T07:55:58.342+0000] {processor.py:840} INFO - DAG(s) 'example_nested_branch_dag' retrieved from /home/airflow/.local/lib/python3.8/site-packages/airflow/example_dags/example_nested_branch_dag.py
[2026-03-18T07:55:58.350+0000] {logging_mixin.py:188} INFO - [2026-03-18T07:55:58.350+0000] {dag.py:3036} INFO - Sync 1 DAGs
[2026-03-18T07:55:58.359+0000] {logging_mixin.py:188} INFO - [2026-03-18T07:55:58.359+0000] {dag.py:3823} INFO - Setting next_dagrun for example_nested_branch_dag to 2026-03-17 00:00:00+00:00, run_after=2026-03-18 00:00:00+00:00
[2026-03-18T07:55:58.371+0000] {processor.py:183} INFO - Processing /home/airflow/.local/lib/python3.8/site-packages/airflow/example_dags/example_nested_branch_dag.py took 0.038 seconds
[2026-03-18T07:56:28.745+0000] {processor.py:161} INFO - Started process (PID=1317) to work on /home/airflow/.local/lib/python3.8/site-packages/airflow/example_dags/example_nested_branch_dag.py
[2026-03-18T07:56:28.746+0000] {processor.py:830} INFO - Processing file /home/airflow/.local/lib/python3.8/site-packages/airflow/example_dags/example_nested_branch_dag.py for tasks to queue
[2026-03-18T07:56:28.747+0000] {logging_mixin.py:188} INFO - [2026-03-18T07:56:28.746+0000] {dagbag.py:538} INFO - Filling up the DagBag from /home/airflow/.local/lib/python3.8/site-packages/airflow/example_dags/example_nested_branch_dag.py
[2026-03-18T07:56:28.750+0000] {processor.py:840} INFO - DAG(s) 'example_nested_branch_dag' retrieved from /home/airflow/.local/lib/python3.8/site-packages/airflow/example_dags/example_nested_branch_dag.py
[2026-03-18T07:56:28.758+0000] {logging_mixin.py:188} INFO - [2026-03-18T07:56:28.758+0000] {dag.py:3036} INFO - Sync 1 DAGs
[2026-03-18T07:56:28.765+0000] {logging_mixin.py:188} INFO - [2026-03-18T07:56:28.765+0000] {dag.py:3823} INFO - Setting next_dagrun for example_nested_branch_dag to 2026-03-17 00:00:00+00:00, run_after=2026-03-18 00:00:00+00:00
[2026-03-18T07:56:28.770+0000] {processor.py:183} INFO - Processing /home/airflow/.local/lib/python3.8/site-packages/airflow/example_dags/example_nested_branch_dag.py took 0.026 seconds
[2026-03-18T07:56:59.291+0000] {processor.py:161} INFO - Started process (PID=1373) to work on /home/airflow/.local/lib/python3.8/site-packages/airflow/example_dags/example_nested_branch_dag.py
[2026-03-18T07:56:59.292+0000] {processor.py:830} INFO - Processing file /home/airflow/.local/lib/python3.8/site-packages/airflow/example_dags/example_nested_branch_dag.py for tasks to queue
[2026-03-18T07:56:59.294+0000] {logging_mixin.py:188} INFO - [2026-03-18T07:56:59.294+0000] {dagbag.py:538} INFO - Filling up the DagBag from /home/airflow/.local/lib/python3.8/site-packages/airflow/example_dags/example_nested_branch_dag.py
[2026-03-18T07:56:59.302+0000] {processor.py:840} INFO - DAG(s) 'example_nested_branch_dag' retrieved from /home/airflow/.local/lib/python3.8/site-packages/airflow/example_dags/example_nested_branch_dag.py
[2026-03-18T07:56:59.311+0000] {logging_mixin.py:188} INFO - [2026-03-18T07:56:59.311+0000] {dag.py:3036} INFO - Sync 1 DAGs
[2026-03-18T07:56:59.321+0000] {logging_mixin.py:188} INFO - [2026-03-18T07:56:59.321+0000] {dag.py:3823} INFO - Setting next_dagrun for example_nested_branch_dag to 2026-03-17 00:00:00+00:00, run_after=2026-03-18 00:00:00+00:00
[2026-03-18T07:56:59.338+0000] {processor.py:183} INFO - Processing /home/airflow/.local/lib/python3.8/site-packages/airflow/example_dags/example_nested_branch_dag.py took 0.048 seconds
[2026-03-18T07:57:29.744+0000] {processor.py:161} INFO - Started process (PID=1429) to work on /home/airflow/.local/lib/python3.8/site-packages/airflow/example_dags/example_nested_branch_dag.py
[2026-03-18T07:57:29.745+0000] {processor.py:830} INFO - Processing file /home/airflow/.local/lib/python3.8/site-packages/airflow/example_dags/example_nested_branch_dag.py for tasks to queue
[2026-03-18T07:57:29.746+0000] {logging_mixin.py:188} INFO - [2026-03-18T07:57:29.746+0000] {dagbag.py:538} INFO - Filling up the DagBag from /home/airflow/.local/lib/python3.8/site-packages/airflow/example_dags/example_nested_branch_dag.py
[2026-03-18T07:57:29.750+0000] {processor.py:840} INFO - DAG(s) 'example_nested_branch_dag' retrieved from /home/airflow/.local/lib/python3.8/site-packages/airflow/example_dags/example_nested_branch_dag.py
[2026-03-18T07:57:29.763+0000] {logging_mixin.py:188} INFO - [2026-03-18T07:57:29.763+0000] {dag.py:3036} INFO - Sync 1 DAGs
[2026-03-18T07:57:29.773+0000] {logging_mixin.py:188} INFO - [2026-03-18T07:57:29.773+0000] {dag.py:3823} INFO - Setting next_dagrun for example_nested_branch_dag to 2026-03-17 00:00:00+00:00, run_after=2026-03-18 00:00:00+00:00
[2026-03-18T07:57:29.782+0000] {processor.py:183} INFO - Processing /home/airflow/.local/lib/python3.8/site-packages/airflow/example_dags/example_nested_branch_dag.py took 0.039 seconds
[2026-03-18T07:58:00.281+0000] {processor.py:161} INFO - Started process (PID=1485) to work on /home/airflow/.local/lib/python3.8/site-packages/airflow/example_dags/example_nested_branch_dag.py
[2026-03-18T07:58:00.282+0000] {processor.py:830} INFO - Processing file /home/airflow/.local/lib/python3.8/site-packages/airflow/example_dags/example_nested_branch_dag.py for tasks to queue
[2026-03-18T07:58:00.283+0000] {logging_mixin.py:188} INFO - [2026-03-18T07:58:00.283+0000] {dagbag.py:538} INFO - Filling up the DagBag from /home/airflow/.local/lib/python3.8/site-packages/airflow/example_dags/example_nested_branch_dag.py
[2026-03-18T07:58:00.288+0000] {processor.py:840} INFO - DAG(s) 'example_nested_branch_dag' retrieved from /home/airflow/.local/lib/python3.8/site-packages/airflow/example_dags/example_nested_branch_dag.py
[2026-03-18T07:58:00.297+0000] {logging_mixin.py:188} INFO - [2026-03-18T07:58:00.297+0000] {dag.py:3036} INFO - Sync 1 DAGs
[2026-03-18T07:58:00.308+0000] {logging_mixin.py:188} INFO - [2026-03-18T07:58:00.308+0000] {dag.py:3823} INFO - Setting next_dagrun for example_nested_branch_dag to 2026-03-17 00:00:00+00:00, run_after=2026-03-18 00:00:00+00:00
[2026-03-18T07:58:00.324+0000] {processor.py:183} INFO - Processing /home/airflow/.local/lib/python3.8/site-packages/airflow/example_dags/example_nested_branch_dag.py took 0.044 seconds
[2026-03-18T07:58:30.746+0000] {processor.py:161} INFO - Started process (PID=1541) to work on /home/airflow/.local/lib/python3.8/site-packages/airflow/example_dags/example_nested_branch_dag.py
[2026-03-18T07:58:30.747+0000] {processor.py:830} INFO - Processing file /home/airflow/.local/lib/python3.8/site-packages/airflow/example_dags/example_nested_branch_dag.py for tasks to queue
[2026-03-18T07:58:30.747+0000] {logging_mixin.py:188} INFO - [2026-03-18T07:58:30.747+0000] {dagbag.py:538} INFO - Filling up the DagBag from /home/airflow/.local/lib/python3.8/site-packages/airflow/example_dags/example_nested_branch_dag.py
[2026-03-18T07:58:30.754+0000] {processor.py:840} INFO - DAG(s) 'example_nested_branch_dag' retrieved from /home/airflow/.local/lib/python3.8/site-packages/airflow/example_dags/example_nested_branch_dag.py
[2026-03-18T07:58:30.766+0000] {logging_mixin.py:188} INFO - [2026-03-18T07:58:30.766+0000] {dag.py:3036} INFO - Sync 1 DAGs
[2026-03-18T07:58:30.775+0000] {logging_mixin.py:188} INFO - [2026-03-18T07:58:30.775+0000] {dag.py:3823} INFO - Setting next_dagrun for example_nested_branch_dag to 2026-03-17 00:00:00+00:00, run_after=2026-03-18 00:00:00+00:00
[2026-03-18T07:58:30.785+0000] {processor.py:183} INFO - Processing /home/airflow/.local/lib/python3.8/site-packages/airflow/example_dags/example_nested_branch_dag.py took 0.040 seconds
[2026-03-18T07:59:01.276+0000] {processor.py:161} INFO - Started process (PID=1597) to work on /home/airflow/.local/lib/python3.8/site-packages/airflow/example_dags/example_nested_branch_dag.py
[2026-03-18T07:59:01.278+0000] {processor.py:830} INFO - Processing file /home/airflow/.local/lib/python3.8/site-packages/airflow/example_dags/example_nested_branch_dag.py for tasks to queue
[2026-03-18T07:59:01.279+0000] {logging_mixin.py:188} INFO - [2026-03-18T07:59:01.279+0000] {dagbag.py:538} INFO - Filling up the DagBag from /home/airflow/.local/lib/python3.8/site-packages/airflow/example_dags/example_nested_branch_dag.py
[2026-03-18T07:59:01.285+0000] {processor.py:840} INFO - DAG(s) 'example_nested_branch_dag' retrieved from /home/airflow/.local/lib/python3.8/site-packages/airflow/example_dags/example_nested_branch_dag.py
[2026-03-18T07:59:01.305+0000] {logging_mixin.py:188} INFO - [2026-03-18T07:59:01.305+0000] {dag.py:3036} INFO - Sync 1 DAGs
[2026-03-18T07:59:01.318+0000] {logging_mixin.py:188} INFO - [2026-03-18T07:59:01.318+0000] {dag.py:3823} INFO - Setting next_dagrun for example_nested_branch_dag to 2026-03-17 00:00:00+00:00, run_after=2026-03-18 00:00:00+00:00
[2026-03-18T07:59:01.326+0000] {processor.py:183} INFO - Processing /home/airflow/.local/lib/python3.8/site-packages/airflow/example_dags/example_nested_branch_dag.py took 0.051 seconds
[2026-03-18T07:59:31.833+0000] {processor.py:161} INFO - Started process (PID=1653) to work on /home/airflow/.local/lib/python3.8/site-packages/airflow/example_dags/example_nested_branch_dag.py
[2026-03-18T07:59:31.834+0000] {processor.py:830} INFO - Processing file /home/airflow/.local/lib/python3.8/site-packages/airflow/example_dags/example_nested_branch_dag.py for tasks to queue
[2026-03-18T07:59:31.835+0000] {logging_mixin.py:188} INFO - [2026-03-18T07:59:31.835+0000] {dagbag.py:538} INFO - Filling up the DagBag from /home/airflow/.local/lib/python3.8/site-packages/airflow/example_dags/example_nested_branch_dag.py
[2026-03-18T07:59:31.839+0000] {processor.py:840} INFO - DAG(s) 'example_nested_branch_dag' retrieved from /home/airflow/.local/lib/python3.8/site-packages/airflow/example_dags/example_nested_branch_dag.py
[2026-03-18T07:59:31.854+0000] {logging_mixin.py:188} INFO - [2026-03-18T07:59:31.854+0000] {dag.py:3036} INFO - Sync 1 DAGs
[2026-03-18T07:59:31.867+0000] {logging_mixin.py:188} INFO - [2026-03-18T07:59:31.867+0000] {dag.py:3823} INFO - Setting next_dagrun for example_nested_branch_dag to 2026-03-17 00:00:00+00:00, run_after=2026-03-18 00:00:00+00:00
[2026-03-18T07:59:31.880+0000] {processor.py:183} INFO - Processing /home/airflow/.local/lib/python3.8/site-packages/airflow/example_dags/example_nested_branch_dag.py took 0.048 seconds
[2026-03-18T08:00:02.439+0000] {processor.py:161} INFO - Started process (PID=89) to work on /home/airflow/.local/lib/python3.8/site-packages/airflow/example_dags/example_nested_branch_dag.py
[2026-03-18T08:00:02.439+0000] {processor.py:830} INFO - Processing file /home/airflow/.local/lib/python3.8/site-packages/airflow/example_dags/example_nested_branch_dag.py for tasks to queue
[2026-03-18T08:00:02.441+0000] {logging_mixin.py:188} INFO - [2026-03-18T08:00:02.441+0000] {dagbag.py:538} INFO - Filling up the DagBag from /home/airflow/.local/lib/python3.8/site-packages/airflow/example_dags/example_nested_branch_dag.py
[2026-03-18T08:00:02.448+0000] {processor.py:840} INFO - DAG(s) 'example_nested_branch_dag' retrieved from /home/airflow/.local/lib/python3.8/site-packages/airflow/example_dags/example_nested_branch_dag.py
[2026-03-18T08:00:02.460+0000] {logging_mixin.py:188} INFO - [2026-03-18T08:00:02.460+0000] {dag.py:3036} INFO - Sync 1 DAGs
[2026-03-18T08:00:02.470+0000] {logging_mixin.py:188} INFO - [2026-03-18T08:00:02.470+0000] {dag.py:3823} INFO - Setting next_dagrun for example_nested_branch_dag to 2026-03-17 00:00:00+00:00, run_after=2026-03-18 00:00:00+00:00
[2026-03-18T08:00:02.481+0000] {processor.py:183} INFO - Processing /home/airflow/.local/lib/python3.8/site-packages/airflow/example_dags/example_nested_branch_dag.py took 0.044 seconds
[2026-03-18T08:00:33.189+0000] {processor.py:161} INFO - Started process (PID=144) to work on /home/airflow/.local/lib/python3.8/site-packages/airflow/example_dags/example_nested_branch_dag.py
[2026-03-18T08:00:33.190+0000] {processor.py:830} INFO - Processing file /home/airflow/.local/lib/python3.8/site-packages/airflow/example_dags/example_nested_branch_dag.py for tasks to queue
[2026-03-18T08:00:33.191+0000] {logging_mixin.py:188} INFO - [2026-03-18T08:00:33.191+0000] {dagbag.py:538} INFO - Filling up the DagBag from /home/airflow/.local/lib/python3.8/site-packages/airflow/example_dags/example_nested_branch_dag.py
[2026-03-18T08:00:33.196+0000] {processor.py:840} INFO - DAG(s) 'example_nested_branch_dag' retrieved from /home/airflow/.local/lib/python3.8/site-packages/airflow/example_dags/example_nested_branch_dag.py
[2026-03-18T08:00:33.238+0000] {logging_mixin.py:188} INFO - [2026-03-18T08:00:33.238+0000] {dag.py:3036} INFO - Sync 1 DAGs
[2026-03-18T08:00:33.248+0000] {logging_mixin.py:188} INFO - [2026-03-18T08:00:33.248+0000] {dag.py:3823} INFO - Setting next_dagrun for example_nested_branch_dag to 2026-03-17 00:00:00+00:00, run_after=2026-03-18 00:00:00+00:00
[2026-03-18T08:00:33.257+0000] {processor.py:183} INFO - Processing /home/airflow/.local/lib/python3.8/site-packages/airflow/example_dags/example_nested_branch_dag.py took 0.070 seconds
[2026-03-18T08:01:03.769+0000] {processor.py:161} INFO - Started process (PID=200) to work on /home/airflow/.local/lib/python3.8/site-packages/airflow/example_dags/example_nested_branch_dag.py
[2026-03-18T08:01:03.771+0000] {processor.py:830} INFO - Processing file /home/airflow/.local/lib/python3.8/site-packages/airflow/example_dags/example_nested_branch_dag.py for tasks to queue
[2026-03-18T08:01:03.771+0000] {logging_mixin.py:188} INFO - [2026-03-18T08:01:03.771+0000] {dagbag.py:538} INFO - Filling up the DagBag from /home/airflow/.local/lib/python3.8/site-packages/airflow/example_dags/example_nested_branch_dag.py
[2026-03-18T08:01:03.777+0000] {processor.py:840} INFO - DAG(s) 'example_nested_branch_dag' retrieved from /home/airflow/.local/lib/python3.8/site-packages/airflow/example_dags/example_nested_branch_dag.py
[2026-03-18T08:01:03.792+0000] {logging_mixin.py:188} INFO - [2026-03-18T08:01:03.792+0000] {dag.py:3036} INFO - Sync 1 DAGs
[2026-03-18T08:01:03.800+0000] {logging_mixin.py:188} INFO - [2026-03-18T08:01:03.800+0000] {dag.py:3823} INFO - Setting next_dagrun for example_nested_branch_dag to 2026-03-17 00:00:00+00:00, run_after=2026-03-18 00:00:00+00:00
[2026-03-18T08:01:03.807+0000] {processor.py:183} INFO - Processing /home/airflow/.local/lib/python3.8/site-packages/airflow/example_dags/example_nested_branch_dag.py took 0.040 seconds
[2026-03-18T08:01:34.254+0000] {processor.py:161} INFO - Started process (PID=256) to work on /home/airflow/.local/lib/python3.8/site-packages/airflow/example_dags/example_nested_branch_dag.py
[2026-03-18T08:01:34.254+0000] {processor.py:830} INFO - Processing file /home/airflow/.local/lib/python3.8/site-packages/airflow/example_dags/example_nested_branch_dag.py for tasks to queue
[2026-03-18T08:01:34.255+0000] {logging_mixin.py:188} INFO - [2026-03-18T08:01:34.255+0000] {dagbag.py:538} INFO - Filling up the DagBag from /home/airflow/.local/lib/python3.8/site-packages/airflow/example_dags/example_nested_branch_dag.py
[2026-03-18T08:01:34.259+0000] {processor.py:840} INFO - DAG(s) 'example_nested_branch_dag' retrieved from /home/airflow/.local/lib/python3.8/site-packages/airflow/example_dags/example_nested_branch_dag.py
[2026-03-18T08:01:34.273+0000] {logging_mixin.py:188} INFO - [2026-03-18T08:01:34.273+0000] {dag.py:3036} INFO - Sync 1 DAGs
[2026-03-18T08:01:34.283+0000] {logging_mixin.py:188} INFO - [2026-03-18T08:01:34.283+0000] {dag.py:3823} INFO - Setting next_dagrun for example_nested_branch_dag to 2026-03-17 00:00:00+00:00, run_after=2026-03-18 00:00:00+00:00
[2026-03-18T08:01:34.293+0000] {processor.py:183} INFO - Processing /home/airflow/.local/lib/python3.8/site-packages/airflow/example_dags/example_nested_branch_dag.py took 0.041 seconds
[2026-03-18T08:02:04.855+0000] {processor.py:161} INFO - Started process (PID=311) to work on /home/airflow/.local/lib/python3.8/site-packages/airflow/example_dags/example_nested_branch_dag.py
[2026-03-18T08:02:04.858+0000] {processor.py:830} INFO - Processing file /home/airflow/.local/lib/python3.8/site-packages/airflow/example_dags/example_nested_branch_dag.py for tasks to queue
[2026-03-18T08:02:04.859+0000] {logging_mixin.py:188} INFO - [2026-03-18T08:02:04.859+0000] {dagbag.py:538} INFO - Filling up the DagBag from /home/airflow/.local/lib/python3.8/site-packages/airflow/example_dags/example_nested_branch_dag.py
[2026-03-18T08:02:04.865+0000] {processor.py:840} INFO - DAG(s) 'example_nested_branch_dag' retrieved from /home/airflow/.local/lib/python3.8/site-packages/airflow/example_dags/example_nested_branch_dag.py
[2026-03-18T08:02:04.877+0000] {logging_mixin.py:188} INFO - [2026-03-18T08:02:04.877+0000] {dag.py:3036} INFO - Sync 1 DAGs
[2026-03-18T08:02:04.886+0000] {logging_mixin.py:188} INFO - [2026-03-18T08:02:04.886+0000] {dag.py:3823} INFO - Setting next_dagrun for example_nested_branch_dag to 2026-03-17 00:00:00+00:00, run_after=2026-03-18 00:00:00+00:00
[2026-03-18T08:02:04.896+0000] {processor.py:183} INFO - Processing /home/airflow/.local/lib/python3.8/site-packages/airflow/example_dags/example_nested_branch_dag.py took 0.042 seconds
[2026-03-18T08:02:35.432+0000] {processor.py:161} INFO - Started process (PID=367) to work on /home/airflow/.local/lib/python3.8/site-packages/airflow/example_dags/example_nested_branch_dag.py
[2026-03-18T08:02:35.433+0000] {processor.py:830} INFO - Processing file /home/airflow/.local/lib/python3.8/site-packages/airflow/example_dags/example_nested_branch_dag.py for tasks to queue
[2026-03-18T08:02:35.434+0000] {logging_mixin.py:188} INFO - [2026-03-18T08:02:35.434+0000] {dagbag.py:538} INFO - Filling up the DagBag from /home/airflow/.local/lib/python3.8/site-packages/airflow/example_dags/example_nested_branch_dag.py
[2026-03-18T08:02:35.439+0000] {processor.py:840} INFO - DAG(s) 'example_nested_branch_dag' retrieved from /home/airflow/.local/lib/python3.8/site-packages/airflow/example_dags/example_nested_branch_dag.py
[2026-03-18T08:02:35.451+0000] {logging_mixin.py:188} INFO - [2026-03-18T08:02:35.450+0000] {dag.py:3036} INFO - Sync 1 DAGs
[2026-03-18T08:02:35.461+0000] {logging_mixin.py:188} INFO - [2026-03-18T08:02:35.461+0000] {dag.py:3823} INFO - Setting next_dagrun for example_nested_branch_dag to 2026-03-17 00:00:00+00:00, run_after=2026-03-18 00:00:00+00:00
[2026-03-18T08:02:35.475+0000] {processor.py:183} INFO - Processing /home/airflow/.local/lib/python3.8/site-packages/airflow/example_dags/example_nested_branch_dag.py took 0.044 seconds
[2026-03-18T08:03:06.068+0000] {processor.py:161} INFO - Started process (PID=429) to work on /home/airflow/.local/lib/python3.8/site-packages/airflow/example_dags/example_nested_branch_dag.py
[2026-03-18T08:03:06.068+0000] {processor.py:830} INFO - Processing file /home/airflow/.local/lib/python3.8/site-packages/airflow/example_dags/example_nested_branch_dag.py for tasks to queue
[2026-03-18T08:03:06.069+0000] {logging_mixin.py:188} INFO - [2026-03-18T08:03:06.069+0000] {dagbag.py:538} INFO - Filling up the DagBag from /home/airflow/.local/lib/python3.8/site-packages/airflow/example_dags/example_nested_branch_dag.py
[2026-03-18T08:03:06.074+0000] {processor.py:840} INFO - DAG(s) 'example_nested_branch_dag' retrieved from /home/airflow/.local/lib/python3.8/site-packages/airflow/example_dags/example_nested_branch_dag.py
[2026-03-18T08:03:06.082+0000] {logging_mixin.py:188} INFO - [2026-03-18T08:03:06.082+0000] {dag.py:3036} INFO - Sync 1 DAGs
[2026-03-18T08:03:06.089+0000] {logging_mixin.py:188} INFO - [2026-03-18T08:03:06.089+0000] {dag.py:3823} INFO - Setting next_dagrun for example_nested_branch_dag to 2026-03-17 00:00:00+00:00, run_after=2026-03-18 00:00:00+00:00
[2026-03-18T08:03:06.094+0000] {processor.py:183} INFO - Processing /home/airflow/.local/lib/python3.8/site-packages/airflow/example_dags/example_nested_branch_dag.py took 0.028 seconds
[2026-03-18T08:03:36.631+0000] {processor.py:161} INFO - Started process (PID=485) to work on /home/airflow/.local/lib/python3.8/site-packages/airflow/example_dags/example_nested_branch_dag.py
[2026-03-18T08:03:36.632+0000] {processor.py:830} INFO - Processing file /home/airflow/.local/lib/python3.8/site-packages/airflow/example_dags/example_nested_branch_dag.py for tasks to queue
[2026-03-18T08:03:36.633+0000] {logging_mixin.py:188} INFO - [2026-03-18T08:03:36.633+0000] {dagbag.py:538} INFO - Filling up the DagBag from /home/airflow/.local/lib/python3.8/site-packages/airflow/example_dags/example_nested_branch_dag.py
[2026-03-18T08:03:36.639+0000] {processor.py:840} INFO - DAG(s) 'example_nested_branch_dag' retrieved from /home/airflow/.local/lib/python3.8/site-packages/airflow/example_dags/example_nested_branch_dag.py
[2026-03-18T08:03:36.649+0000] {logging_mixin.py:188} INFO - [2026-03-18T08:03:36.649+0000] {dag.py:3036} INFO - Sync 1 DAGs
[2026-03-18T08:03:36.657+0000] {logging_mixin.py:188} INFO - [2026-03-18T08:03:36.657+0000] {dag.py:3823} INFO - Setting next_dagrun for example_nested_branch_dag to 2026-03-17 00:00:00+00:00, run_after=2026-03-18 00:00:00+00:00
[2026-03-18T08:03:36.670+0000] {processor.py:183} INFO - Processing /home/airflow/.local/lib/python3.8/site-packages/airflow/example_dags/example_nested_branch_dag.py took 0.041 seconds
[2026-03-18T08:04:07.230+0000] {processor.py:161} INFO - Started process (PID=541) to work on /home/airflow/.local/lib/python3.8/site-packages/airflow/example_dags/example_nested_branch_dag.py
[2026-03-18T08:04:07.231+0000] {processor.py:830} INFO - Processing file /home/airflow/.local/lib/python3.8/site-packages/airflow/example_dags/example_nested_branch_dag.py for tasks to queue
[2026-03-18T08:04:07.232+0000] {logging_mixin.py:188} INFO - [2026-03-18T08:04:07.232+0000] {dagbag.py:538} INFO - Filling up the DagBag from /home/airflow/.local/lib/python3.8/site-packages/airflow/example_dags/example_nested_branch_dag.py
[2026-03-18T08:04:07.236+0000] {processor.py:840} INFO - DAG(s) 'example_nested_branch_dag' retrieved from /home/airflow/.local/lib/python3.8/site-packages/airflow/example_dags/example_nested_branch_dag.py
[2026-03-18T08:04:07.246+0000] {logging_mixin.py:188} INFO - [2026-03-18T08:04:07.246+0000] {dag.py:3036} INFO - Sync 1 DAGs
[2026-03-18T08:04:07.257+0000] {logging_mixin.py:188} INFO - [2026-03-18T08:04:07.257+0000] {dag.py:3823} INFO - Setting next_dagrun for example_nested_branch_dag to 2026-03-17 00:00:00+00:00, run_after=2026-03-18 00:00:00+00:00
[2026-03-18T08:04:07.270+0000] {processor.py:183} INFO - Processing /home/airflow/.local/lib/python3.8/site-packages/airflow/example_dags/example_nested_branch_dag.py took 0.042 seconds
[2026-03-18T08:04:30.262+0000] {processor.py:161} INFO - Started process (PID=89) to work on /home/airflow/.local/lib/python3.8/site-packages/airflow/example_dags/example_nested_branch_dag.py
[2026-03-18T08:04:30.262+0000] {processor.py:830} INFO - Processing file /home/airflow/.local/lib/python3.8/site-packages/airflow/example_dags/example_nested_branch_dag.py for tasks to queue
[2026-03-18T08:04:30.264+0000] {logging_mixin.py:188} INFO - [2026-03-18T08:04:30.264+0000] {dagbag.py:538} INFO - Filling up the DagBag from /home/airflow/.local/lib/python3.8/site-packages/airflow/example_dags/example_nested_branch_dag.py
[2026-03-18T08:04:30.270+0000] {processor.py:840} INFO - DAG(s) 'example_nested_branch_dag' retrieved from /home/airflow/.local/lib/python3.8/site-packages/airflow/example_dags/example_nested_branch_dag.py
[2026-03-18T08:04:30.278+0000] {logging_mixin.py:188} INFO - [2026-03-18T08:04:30.278+0000] {dag.py:3036} INFO - Sync 1 DAGs
[2026-03-18T08:04:30.292+0000] {logging_mixin.py:188} INFO - [2026-03-18T08:04:30.292+0000] {dag.py:3823} INFO - Setting next_dagrun for example_nested_branch_dag to 2026-03-17 00:00:00+00:00, run_after=2026-03-18 00:00:00+00:00
[2026-03-18T08:04:30.310+0000] {processor.py:183} INFO - Processing /home/airflow/.local/lib/python3.8/site-packages/airflow/example_dags/example_nested_branch_dag.py took 0.050 seconds
[2026-03-18T08:05:00.966+0000] {processor.py:161} INFO - Started process (PID=145) to work on /home/airflow/.local/lib/python3.8/site-packages/airflow/example_dags/example_nested_branch_dag.py
[2026-03-18T08:05:00.967+0000] {processor.py:830} INFO - Processing file /home/airflow/.local/lib/python3.8/site-packages/airflow/example_dags/example_nested_branch_dag.py for tasks to queue
[2026-03-18T08:05:00.968+0000] {logging_mixin.py:188} INFO - [2026-03-18T08:05:00.968+0000] {dagbag.py:538} INFO - Filling up the DagBag from /home/airflow/.local/lib/python3.8/site-packages/airflow/example_dags/example_nested_branch_dag.py
[2026-03-18T08:05:00.974+0000] {processor.py:840} INFO - DAG(s) 'example_nested_branch_dag' retrieved from /home/airflow/.local/lib/python3.8/site-packages/airflow/example_dags/example_nested_branch_dag.py
[2026-03-18T08:05:01.026+0000] {logging_mixin.py:188} INFO - [2026-03-18T08:05:01.026+0000] {dag.py:3036} INFO - Sync 1 DAGs
[2026-03-18T08:05:01.034+0000] {logging_mixin.py:188} INFO - [2026-03-18T08:05:01.034+0000] {dag.py:3823} INFO - Setting next_dagrun for example_nested_branch_dag to 2026-03-17 00:00:00+00:00, run_after=2026-03-18 00:00:00+00:00
[2026-03-18T08:05:01.040+0000] {processor.py:183} INFO - Processing /home/airflow/.local/lib/python3.8/site-packages/airflow/example_dags/example_nested_branch_dag.py took 0.076 seconds
[2026-03-18T08:05:31.918+0000] {processor.py:161} INFO - Started process (PID=200) to work on /home/airflow/.local/lib/python3.8/site-packages/airflow/example_dags/example_nested_branch_dag.py
[2026-03-18T08:05:31.920+0000] {processor.py:830} INFO - Processing file /home/airflow/.local/lib/python3.8/site-packages/airflow/example_dags/example_nested_branch_dag.py for tasks to queue
[2026-03-18T08:05:31.922+0000] {logging_mixin.py:188} INFO - [2026-03-18T08:05:31.921+0000] {dagbag.py:538} INFO - Filling up the DagBag from /home/airflow/.local/lib/python3.8/site-packages/airflow/example_dags/example_nested_branch_dag.py
[2026-03-18T08:05:31.929+0000] {processor.py:840} INFO - DAG(s) 'example_nested_branch_dag' retrieved from /home/airflow/.local/lib/python3.8/site-packages/airflow/example_dags/example_nested_branch_dag.py
[2026-03-18T08:06:15.682+0000] {processor.py:161} INFO - Started process (PID=141) to work on /home/airflow/.local/lib/python3.8/site-packages/airflow/example_dags/example_nested_branch_dag.py
[2026-03-18T08:06:15.683+0000] {processor.py:830} INFO - Processing file /home/airflow/.local/lib/python3.8/site-packages/airflow/example_dags/example_nested_branch_dag.py for tasks to queue
[2026-03-18T08:06:15.684+0000] {logging_mixin.py:188} INFO - [2026-03-18T08:06:15.684+0000] {dagbag.py:538} INFO - Filling up the DagBag from /home/airflow/.local/lib/python3.8/site-packages/airflow/example_dags/example_nested_branch_dag.py
[2026-03-18T08:06:15.689+0000] {processor.py:840} INFO - DAG(s) 'example_nested_branch_dag' retrieved from /home/airflow/.local/lib/python3.8/site-packages/airflow/example_dags/example_nested_branch_dag.py
[2026-03-18T08:06:15.730+0000] {logging_mixin.py:188} INFO - [2026-03-18T08:06:15.730+0000] {dag.py:3036} INFO - Sync 1 DAGs
[2026-03-18T08:06:15.739+0000] {logging_mixin.py:188} INFO - [2026-03-18T08:06:15.738+0000] {dag.py:3823} INFO - Setting next_dagrun for example_nested_branch_dag to 2026-03-17 00:00:00+00:00, run_after=2026-03-18 00:00:00+00:00
[2026-03-18T08:06:15.745+0000] {processor.py:183} INFO - Processing /home/airflow/.local/lib/python3.8/site-packages/airflow/example_dags/example_nested_branch_dag.py took 0.065 seconds
[2026-03-18T08:06:46.054+0000] {processor.py:161} INFO - Started process (PID=197) to work on /home/airflow/.local/lib/python3.8/site-packages/airflow/example_dags/example_nested_branch_dag.py
[2026-03-18T08:06:46.055+0000] {processor.py:830} INFO - Processing file /home/airflow/.local/lib/python3.8/site-packages/airflow/example_dags/example_nested_branch_dag.py for tasks to queue
[2026-03-18T08:06:46.057+0000] {logging_mixin.py:188} INFO - [2026-03-18T08:06:46.057+0000] {dagbag.py:538} INFO - Filling up the DagBag from /home/airflow/.local/lib/python3.8/site-packages/airflow/example_dags/example_nested_branch_dag.py
[2026-03-18T08:06:46.062+0000] {processor.py:840} INFO - DAG(s) 'example_nested_branch_dag' retrieved from /home/airflow/.local/lib/python3.8/site-packages/airflow/example_dags/example_nested_branch_dag.py
[2026-03-18T08:06:46.075+0000] {logging_mixin.py:188} INFO - [2026-03-18T08:06:46.075+0000] {dag.py:3036} INFO - Sync 1 DAGs
[2026-03-18T08:06:46.086+0000] {logging_mixin.py:188} INFO - [2026-03-18T08:06:46.086+0000] {dag.py:3823} INFO - Setting next_dagrun for example_nested_branch_dag to 2026-03-17 00:00:00+00:00, run_after=2026-03-18 00:00:00+00:00
[2026-03-18T08:06:46.095+0000] {processor.py:183} INFO - Processing /home/airflow/.local/lib/python3.8/site-packages/airflow/example_dags/example_nested_branch_dag.py took 0.043 seconds
[2026-03-18T08:07:16.625+0000] {processor.py:161} INFO - Started process (PID=253) to work on /home/airflow/.local/lib/python3.8/site-packages/airflow/example_dags/example_nested_branch_dag.py
[2026-03-18T08:07:16.626+0000] {processor.py:830} INFO - Processing file /home/airflow/.local/lib/python3.8/site-packages/airflow/example_dags/example_nested_branch_dag.py for tasks to queue
[2026-03-18T08:07:16.627+0000] {logging_mixin.py:188} INFO - [2026-03-18T08:07:16.627+0000] {dagbag.py:538} INFO - Filling up the DagBag from /home/airflow/.local/lib/python3.8/site-packages/airflow/example_dags/example_nested_branch_dag.py
[2026-03-18T08:07:16.632+0000] {processor.py:840} INFO - DAG(s) 'example_nested_branch_dag' retrieved from /home/airflow/.local/lib/python3.8/site-packages/airflow/example_dags/example_nested_branch_dag.py
[2026-03-18T08:07:16.648+0000] {logging_mixin.py:188} INFO - [2026-03-18T08:07:16.648+0000] {dag.py:3036} INFO - Sync 1 DAGs
[2026-03-18T08:07:16.659+0000] {logging_mixin.py:188} INFO - [2026-03-18T08:07:16.659+0000] {dag.py:3823} INFO - Setting next_dagrun for example_nested_branch_dag to 2026-03-17 00:00:00+00:00, run_after=2026-03-18 00:00:00+00:00
[2026-03-18T08:07:16.672+0000] {processor.py:183} INFO - Processing /home/airflow/.local/lib/python3.8/site-packages/airflow/example_dags/example_nested_branch_dag.py took 0.048 seconds
[2026-03-18T08:07:47.119+0000] {processor.py:161} INFO - Started process (PID=309) to work on /home/airflow/.local/lib/python3.8/site-packages/airflow/example_dags/example_nested_branch_dag.py
[2026-03-18T08:07:47.120+0000] {processor.py:830} INFO - Processing file /home/airflow/.local/lib/python3.8/site-packages/airflow/example_dags/example_nested_branch_dag.py for tasks to queue
[2026-03-18T08:07:47.121+0000] {logging_mixin.py:188} INFO - [2026-03-18T08:07:47.120+0000] {dagbag.py:538} INFO - Filling up the DagBag from /home/airflow/.local/lib/python3.8/site-packages/airflow/example_dags/example_nested_branch_dag.py
[2026-03-18T08:07:47.126+0000] {processor.py:840} INFO - DAG(s) 'example_nested_branch_dag' retrieved from /home/airflow/.local/lib/python3.8/site-packages/airflow/example_dags/example_nested_branch_dag.py
[2026-03-18T08:07:47.139+0000] {logging_mixin.py:188} INFO - [2026-03-18T08:07:47.139+0000] {dag.py:3036} INFO - Sync 1 DAGs
[2026-03-18T08:07:47.148+0000] {logging_mixin.py:188} INFO - [2026-03-18T08:07:47.148+0000] {dag.py:3823} INFO - Setting next_dagrun for example_nested_branch_dag to 2026-03-17 00:00:00+00:00, run_after=2026-03-18 00:00:00+00:00
[2026-03-18T08:07:47.158+0000] {processor.py:183} INFO - Processing /home/airflow/.local/lib/python3.8/site-packages/airflow/example_dags/example_nested_branch_dag.py took 0.041 seconds
[2026-03-18T08:08:17.668+0000] {processor.py:161} INFO - Started process (PID=365) to work on /home/airflow/.local/lib/python3.8/site-packages/airflow/example_dags/example_nested_branch_dag.py
[2026-03-18T08:08:17.669+0000] {processor.py:830} INFO - Processing file /home/airflow/.local/lib/python3.8/site-packages/airflow/example_dags/example_nested_branch_dag.py for tasks to queue
[2026-03-18T08:08:17.670+0000] {logging_mixin.py:188} INFO - [2026-03-18T08:08:17.670+0000] {dagbag.py:538} INFO - Filling up the DagBag from /home/airflow/.local/lib/python3.8/site-packages/airflow/example_dags/example_nested_branch_dag.py
[2026-03-18T08:08:17.674+0000] {processor.py:840} INFO - DAG(s) 'example_nested_branch_dag' retrieved from /home/airflow/.local/lib/python3.8/site-packages/airflow/example_dags/example_nested_branch_dag.py
[2026-03-18T08:08:17.682+0000] {logging_mixin.py:188} INFO - [2026-03-18T08:08:17.682+0000] {dag.py:3036} INFO - Sync 1 DAGs
[2026-03-18T08:08:17.689+0000] {logging_mixin.py:188} INFO - [2026-03-18T08:08:17.689+0000] {dag.py:3823} INFO - Setting next_dagrun for example_nested_branch_dag to 2026-03-17 00:00:00+00:00, run_after=2026-03-18 00:00:00+00:00
[2026-03-18T08:08:17.694+0000] {processor.py:183} INFO - Processing /home/airflow/.local/lib/python3.8/site-packages/airflow/example_dags/example_nested_branch_dag.py took 0.028 seconds
[2026-03-18T08:08:48.178+0000] {processor.py:161} INFO - Started process (PID=421) to work on /home/airflow/.local/lib/python3.8/site-packages/airflow/example_dags/example_nested_branch_dag.py
[2026-03-18T08:08:48.179+0000] {processor.py:830} INFO - Processing file /home/airflow/.local/lib/python3.8/site-packages/airflow/example_dags/example_nested_branch_dag.py for tasks to queue
[2026-03-18T08:08:48.180+0000] {logging_mixin.py:188} INFO - [2026-03-18T08:08:48.180+0000] {dagbag.py:538} INFO - Filling up the DagBag from /home/airflow/.local/lib/python3.8/site-packages/airflow/example_dags/example_nested_branch_dag.py
[2026-03-18T08:08:48.184+0000] {processor.py:840} INFO - DAG(s) 'example_nested_branch_dag' retrieved from /home/airflow/.local/lib/python3.8/site-packages/airflow/example_dags/example_nested_branch_dag.py
[2026-03-18T08:08:48.195+0000] {logging_mixin.py:188} INFO - [2026-03-18T08:08:48.195+0000] {dag.py:3036} INFO - Sync 1 DAGs
[2026-03-18T08:08:48.206+0000] {logging_mixin.py:188} INFO - [2026-03-18T08:08:48.206+0000] {dag.py:3823} INFO - Setting next_dagrun for example_nested_branch_dag to 2026-03-17 00:00:00+00:00, run_after=2026-03-18 00:00:00+00:00
[2026-03-18T08:08:48.218+0000] {processor.py:183} INFO - Processing /home/airflow/.local/lib/python3.8/site-packages/airflow/example_dags/example_nested_branch_dag.py took 0.042 seconds
[2026-03-18T08:09:18.706+0000] {processor.py:161} INFO - Started process (PID=477) to work on /home/airflow/.local/lib/python3.8/site-packages/airflow/example_dags/example_nested_branch_dag.py
[2026-03-18T08:09:18.708+0000] {processor.py:830} INFO - Processing file /home/airflow/.local/lib/python3.8/site-packages/airflow/example_dags/example_nested_branch_dag.py for tasks to queue
[2026-03-18T08:09:18.709+0000] {logging_mixin.py:188} INFO - [2026-03-18T08:09:18.709+0000] {dagbag.py:538} INFO - Filling up the DagBag from /home/airflow/.local/lib/python3.8/site-packages/airflow/example_dags/example_nested_branch_dag.py
[2026-03-18T08:09:18.713+0000] {processor.py:840} INFO - DAG(s) 'example_nested_branch_dag' retrieved from /home/airflow/.local/lib/python3.8/site-packages/airflow/example_dags/example_nested_branch_dag.py
[2026-03-18T08:09:18.724+0000] {logging_mixin.py:188} INFO - [2026-03-18T08:09:18.724+0000] {dag.py:3036} INFO - Sync 1 DAGs
[2026-03-18T08:09:18.733+0000] {logging_mixin.py:188} INFO - [2026-03-18T08:09:18.733+0000] {dag.py:3823} INFO - Setting next_dagrun for example_nested_branch_dag to 2026-03-17 00:00:00+00:00, run_after=2026-03-18 00:00:00+00:00
[2026-03-18T08:09:18.741+0000] {processor.py:183} INFO - Processing /home/airflow/.local/lib/python3.8/site-packages/airflow/example_dags/example_nested_branch_dag.py took 0.037 seconds
[2026-03-18T08:09:49.190+0000] {processor.py:161} INFO - Started process (PID=533) to work on /home/airflow/.local/lib/python3.8/site-packages/airflow/example_dags/example_nested_branch_dag.py
[2026-03-18T08:09:49.191+0000] {processor.py:830} INFO - Processing file /home/airflow/.local/lib/python3.8/site-packages/airflow/example_dags/example_nested_branch_dag.py for tasks to queue
[2026-03-18T08:09:49.194+0000] {logging_mixin.py:188} INFO - [2026-03-18T08:09:49.194+0000] {dagbag.py:538} INFO - Filling up the DagBag from /home/airflow/.local/lib/python3.8/site-packages/airflow/example_dags/example_nested_branch_dag.py
[2026-03-18T08:09:49.198+0000] {processor.py:840} INFO - DAG(s) 'example_nested_branch_dag' retrieved from /home/airflow/.local/lib/python3.8/site-packages/airflow/example_dags/example_nested_branch_dag.py
[2026-03-18T08:09:49.209+0000] {logging_mixin.py:188} INFO - [2026-03-18T08:09:49.209+0000] {dag.py:3036} INFO - Sync 1 DAGs
[2026-03-18T08:09:49.219+0000] {logging_mixin.py:188} INFO - [2026-03-18T08:09:49.218+0000] {dag.py:3823} INFO - Setting next_dagrun for example_nested_branch_dag to 2026-03-17 00:00:00+00:00, run_after=2026-03-18 00:00:00+00:00
[2026-03-18T08:09:49.229+0000] {processor.py:183} INFO - Processing /home/airflow/.local/lib/python3.8/site-packages/airflow/example_dags/example_nested_branch_dag.py took 0.040 seconds
[2026-03-18T08:10:19.809+0000] {processor.py:161} INFO - Started process (PID=589) to work on /home/airflow/.local/lib/python3.8/site-packages/airflow/example_dags/example_nested_branch_dag.py
[2026-03-18T08:10:19.809+0000] {processor.py:830} INFO - Processing file /home/airflow/.local/lib/python3.8/site-packages/airflow/example_dags/example_nested_branch_dag.py for tasks to queue
[2026-03-18T08:10:19.810+0000] {logging_mixin.py:188} INFO - [2026-03-18T08:10:19.810+0000] {dagbag.py:538} INFO - Filling up the DagBag from /home/airflow/.local/lib/python3.8/site-packages/airflow/example_dags/example_nested_branch_dag.py
[2026-03-18T08:10:19.814+0000] {processor.py:840} INFO - DAG(s) 'example_nested_branch_dag' retrieved from /home/airflow/.local/lib/python3.8/site-packages/airflow/example_dags/example_nested_branch_dag.py
[2026-03-18T08:10:19.829+0000] {logging_mixin.py:188} INFO - [2026-03-18T08:10:19.829+0000] {dag.py:3036} INFO - Sync 1 DAGs
[2026-03-18T08:10:19.838+0000] {logging_mixin.py:188} INFO - [2026-03-18T08:10:19.838+0000] {dag.py:3823} INFO - Setting next_dagrun for example_nested_branch_dag to 2026-03-17 00:00:00+00:00, run_after=2026-03-18 00:00:00+00:00
[2026-03-18T08:10:19.849+0000] {processor.py:183} INFO - Processing /home/airflow/.local/lib/python3.8/site-packages/airflow/example_dags/example_nested_branch_dag.py took 0.042 seconds
[2026-03-18T08:10:50.271+0000] {processor.py:161} INFO - Started process (PID=645) to work on /home/airflow/.local/lib/python3.8/site-packages/airflow/example_dags/example_nested_branch_dag.py
[2026-03-18T08:10:50.272+0000] {processor.py:830} INFO - Processing file /home/airflow/.local/lib/python3.8/site-packages/airflow/example_dags/example_nested_branch_dag.py for tasks to queue
[2026-03-18T08:10:50.273+0000] {logging_mixin.py:188} INFO - [2026-03-18T08:10:50.273+0000] {dagbag.py:538} INFO - Filling up the DagBag from /home/airflow/.local/lib/python3.8/site-packages/airflow/example_dags/example_nested_branch_dag.py
[2026-03-18T08:10:50.277+0000] {processor.py:840} INFO - DAG(s) 'example_nested_branch_dag' retrieved from /home/airflow/.local/lib/python3.8/site-packages/airflow/example_dags/example_nested_branch_dag.py
[2026-03-18T08:10:50.291+0000] {logging_mixin.py:188} INFO - [2026-03-18T08:10:50.290+0000] {dag.py:3036} INFO - Sync 1 DAGs
[2026-03-18T08:10:50.300+0000] {logging_mixin.py:188} INFO - [2026-03-18T08:10:50.300+0000] {dag.py:3823} INFO - Setting next_dagrun for example_nested_branch_dag to 2026-03-17 00:00:00+00:00, run_after=2026-03-18 00:00:00+00:00
[2026-03-18T08:10:50.312+0000] {processor.py:183} INFO - Processing /home/airflow/.local/lib/python3.8/site-packages/airflow/example_dags/example_nested_branch_dag.py took 0.043 seconds
[2026-03-18T08:11:20.796+0000] {processor.py:161} INFO - Started process (PID=701) to work on /home/airflow/.local/lib/python3.8/site-packages/airflow/example_dags/example_nested_branch_dag.py
[2026-03-18T08:11:20.798+0000] {processor.py:830} INFO - Processing file /home/airflow/.local/lib/python3.8/site-packages/airflow/example_dags/example_nested_branch_dag.py for tasks to queue
[2026-03-18T08:11:20.799+0000] {logging_mixin.py:188} INFO - [2026-03-18T08:11:20.798+0000] {dagbag.py:538} INFO - Filling up the DagBag from /home/airflow/.local/lib/python3.8/site-packages/airflow/example_dags/example_nested_branch_dag.py
[2026-03-18T08:11:20.803+0000] {processor.py:840} INFO - DAG(s) 'example_nested_branch_dag' retrieved from /home/airflow/.local/lib/python3.8/site-packages/airflow/example_dags/example_nested_branch_dag.py
[2026-03-18T08:11:20.812+0000] {logging_mixin.py:188} INFO - [2026-03-18T08:11:20.812+0000] {dag.py:3036} INFO - Sync 1 DAGs
[2026-03-18T08:11:20.822+0000] {logging_mixin.py:188} INFO - [2026-03-18T08:11:20.822+0000] {dag.py:3823} INFO - Setting next_dagrun for example_nested_branch_dag to 2026-03-17 00:00:00+00:00, run_after=2026-03-18 00:00:00+00:00
[2026-03-18T08:11:20.840+0000] {processor.py:183} INFO - Processing /home/airflow/.local/lib/python3.8/site-packages/airflow/example_dags/example_nested_branch_dag.py took 0.045 seconds
[2026-03-18T08:11:51.361+0000] {processor.py:161} INFO - Started process (PID=757) to work on /home/airflow/.local/lib/python3.8/site-packages/airflow/example_dags/example_nested_branch_dag.py
[2026-03-18T08:11:51.361+0000] {processor.py:830} INFO - Processing file /home/airflow/.local/lib/python3.8/site-packages/airflow/example_dags/example_nested_branch_dag.py for tasks to queue
[2026-03-18T08:11:51.362+0000] {logging_mixin.py:188} INFO - [2026-03-18T08:11:51.362+0000] {dagbag.py:538} INFO - Filling up the DagBag from /home/airflow/.local/lib/python3.8/site-packages/airflow/example_dags/example_nested_branch_dag.py
[2026-03-18T08:11:51.367+0000] {processor.py:840} INFO - DAG(s) 'example_nested_branch_dag' retrieved from /home/airflow/.local/lib/python3.8/site-packages/airflow/example_dags/example_nested_branch_dag.py
[2026-03-18T08:11:51.376+0000] {logging_mixin.py:188} INFO - [2026-03-18T08:11:51.376+0000] {dag.py:3036} INFO - Sync 1 DAGs
[2026-03-18T08:11:51.386+0000] {logging_mixin.py:188} INFO - [2026-03-18T08:11:51.386+0000] {dag.py:3823} INFO - Setting next_dagrun for example_nested_branch_dag to 2026-03-17 00:00:00+00:00, run_after=2026-03-18 00:00:00+00:00
[2026-03-18T08:11:51.397+0000] {processor.py:183} INFO - Processing /home/airflow/.local/lib/python3.8/site-packages/airflow/example_dags/example_nested_branch_dag.py took 0.038 seconds
[2026-03-18T08:12:21.884+0000] {processor.py:161} INFO - Started process (PID=813) to work on /home/airflow/.local/lib/python3.8/site-packages/airflow/example_dags/example_nested_branch_dag.py
[2026-03-18T08:12:21.885+0000] {processor.py:830} INFO - Processing file /home/airflow/.local/lib/python3.8/site-packages/airflow/example_dags/example_nested_branch_dag.py for tasks to queue
[2026-03-18T08:12:21.885+0000] {logging_mixin.py:188} INFO - [2026-03-18T08:12:21.885+0000] {dagbag.py:538} INFO - Filling up the DagBag from /home/airflow/.local/lib/python3.8/site-packages/airflow/example_dags/example_nested_branch_dag.py
[2026-03-18T08:12:21.890+0000] {processor.py:840} INFO - DAG(s) 'example_nested_branch_dag' retrieved from /home/airflow/.local/lib/python3.8/site-packages/airflow/example_dags/example_nested_branch_dag.py
[2026-03-18T08:12:21.905+0000] {logging_mixin.py:188} INFO - [2026-03-18T08:12:21.905+0000] {dag.py:3036} INFO - Sync 1 DAGs
[2026-03-18T08:12:21.915+0000] {logging_mixin.py:188} INFO - [2026-03-18T08:12:21.915+0000] {dag.py:3823} INFO - Setting next_dagrun for example_nested_branch_dag to 2026-03-17 00:00:00+00:00, run_after=2026-03-18 00:00:00+00:00
[2026-03-18T08:12:21.927+0000] {processor.py:183} INFO - Processing /home/airflow/.local/lib/python3.8/site-packages/airflow/example_dags/example_nested_branch_dag.py took 0.045 seconds
[2026-03-18T08:12:52.234+0000] {processor.py:161} INFO - Started process (PID=869) to work on /home/airflow/.local/lib/python3.8/site-packages/airflow/example_dags/example_nested_branch_dag.py
[2026-03-18T08:12:52.237+0000] {processor.py:830} INFO - Processing file /home/airflow/.local/lib/python3.8/site-packages/airflow/example_dags/example_nested_branch_dag.py for tasks to queue
[2026-03-18T08:12:52.238+0000] {logging_mixin.py:188} INFO - [2026-03-18T08:12:52.238+0000] {dagbag.py:538} INFO - Filling up the DagBag from /home/airflow/.local/lib/python3.8/site-packages/airflow/example_dags/example_nested_branch_dag.py
[2026-03-18T08:12:52.243+0000] {processor.py:840} INFO - DAG(s) 'example_nested_branch_dag' retrieved from /home/airflow/.local/lib/python3.8/site-packages/airflow/example_dags/example_nested_branch_dag.py
[2026-03-18T08:12:52.255+0000] {logging_mixin.py:188} INFO - [2026-03-18T08:12:52.255+0000] {dag.py:3036} INFO - Sync 1 DAGs
[2026-03-18T08:12:52.265+0000] {logging_mixin.py:188} INFO - [2026-03-18T08:12:52.265+0000] {dag.py:3823} INFO - Setting next_dagrun for example_nested_branch_dag to 2026-03-17 00:00:00+00:00, run_after=2026-03-18 00:00:00+00:00
[2026-03-18T08:12:52.271+0000] {processor.py:183} INFO - Processing /home/airflow/.local/lib/python3.8/site-packages/airflow/example_dags/example_nested_branch_dag.py took 0.039 seconds
[2026-03-18T08:13:22.696+0000] {processor.py:161} INFO - Started process (PID=925) to work on /home/airflow/.local/lib/python3.8/site-packages/airflow/example_dags/example_nested_branch_dag.py
[2026-03-18T08:13:22.697+0000] {processor.py:830} INFO - Processing file /home/airflow/.local/lib/python3.8/site-packages/airflow/example_dags/example_nested_branch_dag.py for tasks to queue
[2026-03-18T08:13:22.698+0000] {logging_mixin.py:188} INFO - [2026-03-18T08:13:22.698+0000] {dagbag.py:538} INFO - Filling up the DagBag from /home/airflow/.local/lib/python3.8/site-packages/airflow/example_dags/example_nested_branch_dag.py
[2026-03-18T08:13:22.703+0000] {processor.py:840} INFO - DAG(s) 'example_nested_branch_dag' retrieved from /home/airflow/.local/lib/python3.8/site-packages/airflow/example_dags/example_nested_branch_dag.py
[2026-03-18T08:13:22.712+0000] {logging_mixin.py:188} INFO - [2026-03-18T08:13:22.712+0000] {dag.py:3036} INFO - Sync 1 DAGs
[2026-03-18T08:13:22.724+0000] {logging_mixin.py:188} INFO - [2026-03-18T08:13:22.723+0000] {dag.py:3823} INFO - Setting next_dagrun for example_nested_branch_dag to 2026-03-17 00:00:00+00:00, run_after=2026-03-18 00:00:00+00:00
[2026-03-18T08:13:22.738+0000] {processor.py:183} INFO - Processing /home/airflow/.local/lib/python3.8/site-packages/airflow/example_dags/example_nested_branch_dag.py took 0.044 seconds
[2026-03-18T08:13:53.340+0000] {processor.py:161} INFO - Started process (PID=981) to work on /home/airflow/.local/lib/python3.8/site-packages/airflow/example_dags/example_nested_branch_dag.py
[2026-03-18T08:13:53.341+0000] {processor.py:830} INFO - Processing file /home/airflow/.local/lib/python3.8/site-packages/airflow/example_dags/example_nested_branch_dag.py for tasks to queue
[2026-03-18T08:13:53.343+0000] {logging_mixin.py:188} INFO - [2026-03-18T08:13:53.343+0000] {dagbag.py:538} INFO - Filling up the DagBag from /home/airflow/.local/lib/python3.8/site-packages/airflow/example_dags/example_nested_branch_dag.py
[2026-03-18T08:13:53.349+0000] {processor.py:840} INFO - DAG(s) 'example_nested_branch_dag' retrieved from /home/airflow/.local/lib/python3.8/site-packages/airflow/example_dags/example_nested_branch_dag.py
[2026-03-18T08:13:53.360+0000] {logging_mixin.py:188} INFO - [2026-03-18T08:13:53.360+0000] {dag.py:3036} INFO - Sync 1 DAGs
[2026-03-18T08:13:53.371+0000] {logging_mixin.py:188} INFO - [2026-03-18T08:13:53.371+0000] {dag.py:3823} INFO - Setting next_dagrun for example_nested_branch_dag to 2026-03-17 00:00:00+00:00, run_after=2026-03-18 00:00:00+00:00
[2026-03-18T08:13:53.384+0000] {processor.py:183} INFO - Processing /home/airflow/.local/lib/python3.8/site-packages/airflow/example_dags/example_nested_branch_dag.py took 0.045 seconds
[2026-03-18T08:14:23.902+0000] {processor.py:161} INFO - Started process (PID=1037) to work on /home/airflow/.local/lib/python3.8/site-packages/airflow/example_dags/example_nested_branch_dag.py
[2026-03-18T08:14:23.903+0000] {processor.py:830} INFO - Processing file /home/airflow/.local/lib/python3.8/site-packages/airflow/example_dags/example_nested_branch_dag.py for tasks to queue
[2026-03-18T08:14:23.904+0000] {logging_mixin.py:188} INFO - [2026-03-18T08:14:23.903+0000] {dagbag.py:538} INFO - Filling up the DagBag from /home/airflow/.local/lib/python3.8/site-packages/airflow/example_dags/example_nested_branch_dag.py
[2026-03-18T08:14:23.909+0000] {processor.py:840} INFO - DAG(s) 'example_nested_branch_dag' retrieved from /home/airflow/.local/lib/python3.8/site-packages/airflow/example_dags/example_nested_branch_dag.py
[2026-03-18T08:14:23.919+0000] {logging_mixin.py:188} INFO - [2026-03-18T08:14:23.919+0000] {dag.py:3036} INFO - Sync 1 DAGs
[2026-03-18T08:14:23.927+0000] {logging_mixin.py:188} INFO - [2026-03-18T08:14:23.927+0000] {dag.py:3823} INFO - Setting next_dagrun for example_nested_branch_dag to 2026-03-17 00:00:00+00:00, run_after=2026-03-18 00:00:00+00:00
[2026-03-18T08:14:23.935+0000] {processor.py:183} INFO - Processing /home/airflow/.local/lib/python3.8/site-packages/airflow/example_dags/example_nested_branch_dag.py took 0.034 seconds
[2026-03-18T08:14:54.558+0000] {processor.py:161} INFO - Started process (PID=1093) to work on /home/airflow/.local/lib/python3.8/site-packages/airflow/example_dags/example_nested_branch_dag.py
[2026-03-18T08:14:54.559+0000] {processor.py:830} INFO - Processing file /home/airflow/.local/lib/python3.8/site-packages/airflow/example_dags/example_nested_branch_dag.py for tasks to queue
[2026-03-18T08:14:54.559+0000] {logging_mixin.py:188} INFO - [2026-03-18T08:14:54.559+0000] {dagbag.py:538} INFO - Filling up the DagBag from /home/airflow/.local/lib/python3.8/site-packages/airflow/example_dags/example_nested_branch_dag.py
[2026-03-18T08:14:54.568+0000] {processor.py:840} INFO - DAG(s) 'example_nested_branch_dag' retrieved from /home/airflow/.local/lib/python3.8/site-packages/airflow/example_dags/example_nested_branch_dag.py
[2026-03-18T08:14:54.578+0000] {logging_mixin.py:188} INFO - [2026-03-18T08:14:54.578+0000] {dag.py:3036} INFO - Sync 1 DAGs
[2026-03-18T08:14:54.594+0000] {logging_mixin.py:188} INFO - [2026-03-18T08:14:54.594+0000] {dag.py:3823} INFO - Setting next_dagrun for example_nested_branch_dag to 2026-03-17 00:00:00+00:00, run_after=2026-03-18 00:00:00+00:00
[2026-03-18T08:14:54.605+0000] {processor.py:183} INFO - Processing /home/airflow/.local/lib/python3.8/site-packages/airflow/example_dags/example_nested_branch_dag.py took 0.049 seconds
[2026-03-18T08:15:25.171+0000] {processor.py:161} INFO - Started process (PID=1149) to work on /home/airflow/.local/lib/python3.8/site-packages/airflow/example_dags/example_nested_branch_dag.py
[2026-03-18T08:15:25.172+0000] {processor.py:830} INFO - Processing file /home/airflow/.local/lib/python3.8/site-packages/airflow/example_dags/example_nested_branch_dag.py for tasks to queue
[2026-03-18T08:15:25.173+0000] {logging_mixin.py:188} INFO - [2026-03-18T08:15:25.173+0000] {dagbag.py:538} INFO - Filling up the DagBag from /home/airflow/.local/lib/python3.8/site-packages/airflow/example_dags/example_nested_branch_dag.py
[2026-03-18T08:15:25.177+0000] {processor.py:840} INFO - DAG(s) 'example_nested_branch_dag' retrieved from /home/airflow/.local/lib/python3.8/site-packages/airflow/example_dags/example_nested_branch_dag.py
[2026-03-18T08:15:25.185+0000] {logging_mixin.py:188} INFO - [2026-03-18T08:15:25.185+0000] {dag.py:3036} INFO - Sync 1 DAGs
[2026-03-18T08:15:25.192+0000] {logging_mixin.py:188} INFO - [2026-03-18T08:15:25.192+0000] {dag.py:3823} INFO - Setting next_dagrun for example_nested_branch_dag to 2026-03-17 00:00:00+00:00, run_after=2026-03-18 00:00:00+00:00
[2026-03-18T08:15:25.198+0000] {processor.py:183} INFO - Processing /home/airflow/.local/lib/python3.8/site-packages/airflow/example_dags/example_nested_branch_dag.py took 0.028 seconds
[2026-03-18T08:15:55.637+0000] {processor.py:161} INFO - Started process (PID=1205) to work on /home/airflow/.local/lib/python3.8/site-packages/airflow/example_dags/example_nested_branch_dag.py
[2026-03-18T08:15:55.638+0000] {processor.py:830} INFO - Processing file /home/airflow/.local/lib/python3.8/site-packages/airflow/example_dags/example_nested_branch_dag.py for tasks to queue
[2026-03-18T08:15:55.639+0000] {logging_mixin.py:188} INFO - [2026-03-18T08:15:55.639+0000] {dagbag.py:538} INFO - Filling up the DagBag from /home/airflow/.local/lib/python3.8/site-packages/airflow/example_dags/example_nested_branch_dag.py
[2026-03-18T08:15:55.644+0000] {processor.py:840} INFO - DAG(s) 'example_nested_branch_dag' retrieved from /home/airflow/.local/lib/python3.8/site-packages/airflow/example_dags/example_nested_branch_dag.py
[2026-03-18T08:15:55.656+0000] {logging_mixin.py:188} INFO - [2026-03-18T08:15:55.655+0000] {dag.py:3036} INFO - Sync 1 DAGs
[2026-03-18T08:15:55.665+0000] {logging_mixin.py:188} INFO - [2026-03-18T08:15:55.664+0000] {dag.py:3823} INFO - Setting next_dagrun for example_nested_branch_dag to 2026-03-17 00:00:00+00:00, run_after=2026-03-18 00:00:00+00:00
[2026-03-18T08:15:55.677+0000] {processor.py:183} INFO - Processing /home/airflow/.local/lib/python3.8/site-packages/airflow/example_dags/example_nested_branch_dag.py took 0.041 seconds
[2026-03-18T08:16:26.210+0000] {processor.py:161} INFO - Started process (PID=1261) to work on /home/airflow/.local/lib/python3.8/site-packages/airflow/example_dags/example_nested_branch_dag.py
[2026-03-18T08:16:26.210+0000] {processor.py:830} INFO - Processing file /home/airflow/.local/lib/python3.8/site-packages/airflow/example_dags/example_nested_branch_dag.py for tasks to queue
[2026-03-18T08:16:26.212+0000] {logging_mixin.py:188} INFO - [2026-03-18T08:16:26.211+0000] {dagbag.py:538} INFO - Filling up the DagBag from /home/airflow/.local/lib/python3.8/site-packages/airflow/example_dags/example_nested_branch_dag.py
[2026-03-18T08:16:26.216+0000] {processor.py:840} INFO - DAG(s) 'example_nested_branch_dag' retrieved from /home/airflow/.local/lib/python3.8/site-packages/airflow/example_dags/example_nested_branch_dag.py
[2026-03-18T08:16:26.226+0000] {logging_mixin.py:188} INFO - [2026-03-18T08:16:26.226+0000] {dag.py:3036} INFO - Sync 1 DAGs
[2026-03-18T08:16:26.235+0000] {logging_mixin.py:188} INFO - [2026-03-18T08:16:26.235+0000] {dag.py:3823} INFO - Setting next_dagrun for example_nested_branch_dag to 2026-03-17 00:00:00+00:00, run_after=2026-03-18 00:00:00+00:00
[2026-03-18T08:16:26.242+0000] {processor.py:183} INFO - Processing /home/airflow/.local/lib/python3.8/site-packages/airflow/example_dags/example_nested_branch_dag.py took 0.034 seconds
[2026-03-18T08:16:56.686+0000] {processor.py:161} INFO - Started process (PID=1318) to work on /home/airflow/.local/lib/python3.8/site-packages/airflow/example_dags/example_nested_branch_dag.py
[2026-03-18T08:16:56.687+0000] {processor.py:830} INFO - Processing file /home/airflow/.local/lib/python3.8/site-packages/airflow/example_dags/example_nested_branch_dag.py for tasks to queue
[2026-03-18T08:16:56.689+0000] {logging_mixin.py:188} INFO - [2026-03-18T08:16:56.689+0000] {dagbag.py:538} INFO - Filling up the DagBag from /home/airflow/.local/lib/python3.8/site-packages/airflow/example_dags/example_nested_branch_dag.py
[2026-03-18T08:16:56.693+0000] {processor.py:840} INFO - DAG(s) 'example_nested_branch_dag' retrieved from /home/airflow/.local/lib/python3.8/site-packages/airflow/example_dags/example_nested_branch_dag.py
[2026-03-18T08:16:56.706+0000] {logging_mixin.py:188} INFO - [2026-03-18T08:16:56.706+0000] {dag.py:3036} INFO - Sync 1 DAGs
[2026-03-18T08:16:56.714+0000] {logging_mixin.py:188} INFO - [2026-03-18T08:16:56.714+0000] {dag.py:3823} INFO - Setting next_dagrun for example_nested_branch_dag to 2026-03-17 00:00:00+00:00, run_after=2026-03-18 00:00:00+00:00
[2026-03-18T08:16:56.725+0000] {processor.py:183} INFO - Processing /home/airflow/.local/lib/python3.8/site-packages/airflow/example_dags/example_nested_branch_dag.py took 0.041 seconds
[2026-03-18T08:17:27.332+0000] {processor.py:161} INFO - Started process (PID=1374) to work on /home/airflow/.local/lib/python3.8/site-packages/airflow/example_dags/example_nested_branch_dag.py
[2026-03-18T08:17:27.333+0000] {processor.py:830} INFO - Processing file /home/airflow/.local/lib/python3.8/site-packages/airflow/example_dags/example_nested_branch_dag.py for tasks to queue
[2026-03-18T08:17:27.335+0000] {logging_mixin.py:188} INFO - [2026-03-18T08:17:27.335+0000] {dagbag.py:538} INFO - Filling up the DagBag from /home/airflow/.local/lib/python3.8/site-packages/airflow/example_dags/example_nested_branch_dag.py
[2026-03-18T08:17:27.339+0000] {processor.py:840} INFO - DAG(s) 'example_nested_branch_dag' retrieved from /home/airflow/.local/lib/python3.8/site-packages/airflow/example_dags/example_nested_branch_dag.py
[2026-03-18T08:17:27.349+0000] {logging_mixin.py:188} INFO - [2026-03-18T08:17:27.349+0000] {dag.py:3036} INFO - Sync 1 DAGs
[2026-03-18T08:17:27.360+0000] {logging_mixin.py:188} INFO - [2026-03-18T08:17:27.359+0000] {dag.py:3823} INFO - Setting next_dagrun for example_nested_branch_dag to 2026-03-17 00:00:00+00:00, run_after=2026-03-18 00:00:00+00:00
[2026-03-18T08:17:27.375+0000] {processor.py:183} INFO - Processing /home/airflow/.local/lib/python3.8/site-packages/airflow/example_dags/example_nested_branch_dag.py took 0.045 seconds
[2026-03-18T08:17:57.776+0000] {processor.py:161} INFO - Started process (PID=1430) to work on /home/airflow/.local/lib/python3.8/site-packages/airflow/example_dags/example_nested_branch_dag.py
[2026-03-18T08:17:57.777+0000] {processor.py:830} INFO - Processing file /home/airflow/.local/lib/python3.8/site-packages/airflow/example_dags/example_nested_branch_dag.py for tasks to queue
[2026-03-18T08:17:57.778+0000] {logging_mixin.py:188} INFO - [2026-03-18T08:17:57.778+0000] {dagbag.py:538} INFO - Filling up the DagBag from /home/airflow/.local/lib/python3.8/site-packages/airflow/example_dags/example_nested_branch_dag.py
[2026-03-18T08:17:57.783+0000] {processor.py:840} INFO - DAG(s) 'example_nested_branch_dag' retrieved from /home/airflow/.local/lib/python3.8/site-packages/airflow/example_dags/example_nested_branch_dag.py
[2026-03-18T08:17:57.794+0000] {logging_mixin.py:188} INFO - [2026-03-18T08:17:57.794+0000] {dag.py:3036} INFO - Sync 1 DAGs
[2026-03-18T08:17:57.805+0000] {logging_mixin.py:188} INFO - [2026-03-18T08:17:57.805+0000] {dag.py:3823} INFO - Setting next_dagrun for example_nested_branch_dag to 2026-03-17 00:00:00+00:00, run_after=2026-03-18 00:00:00+00:00
[2026-03-18T08:17:57.815+0000] {processor.py:183} INFO - Processing /home/airflow/.local/lib/python3.8/site-packages/airflow/example_dags/example_nested_branch_dag.py took 0.041 seconds
[2026-03-18T08:18:28.344+0000] {processor.py:161} INFO - Started process (PID=1486) to work on /home/airflow/.local/lib/python3.8/site-packages/airflow/example_dags/example_nested_branch_dag.py
[2026-03-18T08:18:28.346+0000] {processor.py:830} INFO - Processing file /home/airflow/.local/lib/python3.8/site-packages/airflow/example_dags/example_nested_branch_dag.py for tasks to queue
[2026-03-18T08:18:28.347+0000] {logging_mixin.py:188} INFO - [2026-03-18T08:18:28.347+0000] {dagbag.py:538} INFO - Filling up the DagBag from /home/airflow/.local/lib/python3.8/site-packages/airflow/example_dags/example_nested_branch_dag.py
[2026-03-18T08:18:28.354+0000] {processor.py:840} INFO - DAG(s) 'example_nested_branch_dag' retrieved from /home/airflow/.local/lib/python3.8/site-packages/airflow/example_dags/example_nested_branch_dag.py
[2026-03-18T08:18:28.365+0000] {logging_mixin.py:188} INFO - [2026-03-18T08:18:28.365+0000] {dag.py:3036} INFO - Sync 1 DAGs
[2026-03-18T08:18:28.376+0000] {logging_mixin.py:188} INFO - [2026-03-18T08:18:28.375+0000] {dag.py:3823} INFO - Setting next_dagrun for example_nested_branch_dag to 2026-03-17 00:00:00+00:00, run_after=2026-03-18 00:00:00+00:00
[2026-03-18T08:18:28.385+0000] {processor.py:183} INFO - Processing /home/airflow/.local/lib/python3.8/site-packages/airflow/example_dags/example_nested_branch_dag.py took 0.042 seconds
[2026-03-18T08:18:58.820+0000] {processor.py:161} INFO - Started process (PID=1542) to work on /home/airflow/.local/lib/python3.8/site-packages/airflow/example_dags/example_nested_branch_dag.py
[2026-03-18T08:18:58.821+0000] {processor.py:830} INFO - Processing file /home/airflow/.local/lib/python3.8/site-packages/airflow/example_dags/example_nested_branch_dag.py for tasks to queue
[2026-03-18T08:18:58.823+0000] {logging_mixin.py:188} INFO - [2026-03-18T08:18:58.823+0000] {dagbag.py:538} INFO - Filling up the DagBag from /home/airflow/.local/lib/python3.8/site-packages/airflow/example_dags/example_nested_branch_dag.py
[2026-03-18T08:18:58.830+0000] {processor.py:840} INFO - DAG(s) 'example_nested_branch_dag' retrieved from /home/airflow/.local/lib/python3.8/site-packages/airflow/example_dags/example_nested_branch_dag.py
[2026-03-18T08:18:58.843+0000] {logging_mixin.py:188} INFO - [2026-03-18T08:18:58.842+0000] {dag.py:3036} INFO - Sync 1 DAGs
[2026-03-18T08:18:58.851+0000] {logging_mixin.py:188} INFO - [2026-03-18T08:18:58.851+0000] {dag.py:3823} INFO - Setting next_dagrun for example_nested_branch_dag to 2026-03-17 00:00:00+00:00, run_after=2026-03-18 00:00:00+00:00
[2026-03-18T08:18:58.858+0000] {processor.py:183} INFO - Processing /home/airflow/.local/lib/python3.8/site-packages/airflow/example_dags/example_nested_branch_dag.py took 0.039 seconds
[2026-03-18T08:19:29.233+0000] {processor.py:161} INFO - Started process (PID=1598) to work on /home/airflow/.local/lib/python3.8/site-packages/airflow/example_dags/example_nested_branch_dag.py
[2026-03-18T08:19:29.234+0000] {processor.py:830} INFO - Processing file /home/airflow/.local/lib/python3.8/site-packages/airflow/example_dags/example_nested_branch_dag.py for tasks to queue
[2026-03-18T08:19:29.234+0000] {logging_mixin.py:188} INFO - [2026-03-18T08:19:29.234+0000] {dagbag.py:538} INFO - Filling up the DagBag from /home/airflow/.local/lib/python3.8/site-packages/airflow/example_dags/example_nested_branch_dag.py
[2026-03-18T08:19:29.239+0000] {processor.py:840} INFO - DAG(s) 'example_nested_branch_dag' retrieved from /home/airflow/.local/lib/python3.8/site-packages/airflow/example_dags/example_nested_branch_dag.py
[2026-03-18T08:19:29.251+0000] {logging_mixin.py:188} INFO - [2026-03-18T08:19:29.251+0000] {dag.py:3036} INFO - Sync 1 DAGs
[2026-03-18T08:19:29.260+0000] {logging_mixin.py:188} INFO - [2026-03-18T08:19:29.260+0000] {dag.py:3823} INFO - Setting next_dagrun for example_nested_branch_dag to 2026-03-17 00:00:00+00:00, run_after=2026-03-18 00:00:00+00:00
[2026-03-18T08:19:29.268+0000] {processor.py:183} INFO - Processing /home/airflow/.local/lib/python3.8/site-packages/airflow/example_dags/example_nested_branch_dag.py took 0.037 seconds
