[2026-03-18T07:45:17.857+0000] {processor.py:161} INFO - Started process (PID=52) to work on /home/airflow/.local/lib/python3.8/site-packages/airflow/example_dags/example_xcom.py
[2026-03-18T07:45:17.858+0000] {processor.py:830} INFO - Processing file /home/airflow/.local/lib/python3.8/site-packages/airflow/example_dags/example_xcom.py for tasks to queue
[2026-03-18T07:45:17.859+0000] {logging_mixin.py:188} INFO - [2026-03-18T07:45:17.858+0000] {dagbag.py:538} INFO - Filling up the DagBag from /home/airflow/.local/lib/python3.8/site-packages/airflow/example_dags/example_xcom.py
[2026-03-18T07:45:17.865+0000] {processor.py:840} INFO - DAG(s) 'example_xcom' retrieved from /home/airflow/.local/lib/python3.8/site-packages/airflow/example_dags/example_xcom.py
[2026-03-18T07:45:17.916+0000] {logging_mixin.py:188} INFO - [2026-03-18T07:45:17.915+0000] {override.py:1769} INFO - Created Permission View: can read on DAG:example_xcom
[2026-03-18T07:45:17.921+0000] {logging_mixin.py:188} INFO - [2026-03-18T07:45:17.921+0000] {override.py:1769} INFO - Created Permission View: can delete on DAG:example_xcom
[2026-03-18T07:45:17.925+0000] {logging_mixin.py:188} INFO - [2026-03-18T07:45:17.925+0000] {override.py:1769} INFO - Created Permission View: can edit on DAG:example_xcom
[2026-03-18T07:45:17.925+0000] {logging_mixin.py:188} INFO - [2026-03-18T07:45:17.925+0000] {dag.py:3036} INFO - Sync 1 DAGs
[2026-03-18T07:45:17.932+0000] {logging_mixin.py:188} INFO - [2026-03-18T07:45:17.931+0000] {dag.py:3058} INFO - Creating ORM DAG for example_xcom
[2026-03-18T07:45:17.936+0000] {logging_mixin.py:188} INFO - [2026-03-18T07:45:17.936+0000] {dag.py:3823} INFO - Setting next_dagrun for example_xcom to 2021-01-01 00:00:00+00:00, run_after=2021-01-01 00:00:00+00:00
[2026-03-18T07:45:17.944+0000] {processor.py:183} INFO - Processing /home/airflow/.local/lib/python3.8/site-packages/airflow/example_dags/example_xcom.py took 0.089 seconds
[2026-03-18T07:45:48.089+0000] {processor.py:161} INFO - Started process (PID=107) to work on /home/airflow/.local/lib/python3.8/site-packages/airflow/example_dags/example_xcom.py
[2026-03-18T07:45:48.089+0000] {processor.py:830} INFO - Processing file /home/airflow/.local/lib/python3.8/site-packages/airflow/example_dags/example_xcom.py for tasks to queue
[2026-03-18T07:45:48.090+0000] {logging_mixin.py:188} INFO - [2026-03-18T07:45:48.090+0000] {dagbag.py:538} INFO - Filling up the DagBag from /home/airflow/.local/lib/python3.8/site-packages/airflow/example_dags/example_xcom.py
[2026-03-18T07:45:48.093+0000] {processor.py:840} INFO - DAG(s) 'example_xcom' retrieved from /home/airflow/.local/lib/python3.8/site-packages/airflow/example_dags/example_xcom.py
[2026-03-18T07:45:48.105+0000] {logging_mixin.py:188} INFO - [2026-03-18T07:45:48.105+0000] {dag.py:3036} INFO - Sync 1 DAGs
[2026-03-18T07:45:48.114+0000] {logging_mixin.py:188} INFO - [2026-03-18T07:45:48.114+0000] {dag.py:3823} INFO - Setting next_dagrun for example_xcom to 2021-01-01 00:00:00+00:00, run_after=2021-01-01 00:00:00+00:00
[2026-03-18T07:45:48.121+0000] {processor.py:183} INFO - Processing /home/airflow/.local/lib/python3.8/site-packages/airflow/example_dags/example_xcom.py took 0.033 seconds
[2026-03-18T07:46:18.445+0000] {processor.py:161} INFO - Started process (PID=162) to work on /home/airflow/.local/lib/python3.8/site-packages/airflow/example_dags/example_xcom.py
[2026-03-18T07:46:18.445+0000] {processor.py:830} INFO - Processing file /home/airflow/.local/lib/python3.8/site-packages/airflow/example_dags/example_xcom.py for tasks to queue
[2026-03-18T07:46:18.446+0000] {logging_mixin.py:188} INFO - [2026-03-18T07:46:18.446+0000] {dagbag.py:538} INFO - Filling up the DagBag from /home/airflow/.local/lib/python3.8/site-packages/airflow/example_dags/example_xcom.py
[2026-03-18T07:46:18.449+0000] {processor.py:840} INFO - DAG(s) 'example_xcom' retrieved from /home/airflow/.local/lib/python3.8/site-packages/airflow/example_dags/example_xcom.py
[2026-03-18T07:46:18.458+0000] {logging_mixin.py:188} INFO - [2026-03-18T07:46:18.458+0000] {dag.py:3036} INFO - Sync 1 DAGs
[2026-03-18T07:46:18.468+0000] {logging_mixin.py:188} INFO - [2026-03-18T07:46:18.467+0000] {dag.py:3823} INFO - Setting next_dagrun for example_xcom to 2021-01-01 00:00:00+00:00, run_after=2021-01-01 00:00:00+00:00
[2026-03-18T07:46:18.479+0000] {processor.py:183} INFO - Processing /home/airflow/.local/lib/python3.8/site-packages/airflow/example_dags/example_xcom.py took 0.035 seconds
[2026-03-18T07:46:48.803+0000] {processor.py:161} INFO - Started process (PID=217) to work on /home/airflow/.local/lib/python3.8/site-packages/airflow/example_dags/example_xcom.py
[2026-03-18T07:46:48.804+0000] {processor.py:830} INFO - Processing file /home/airflow/.local/lib/python3.8/site-packages/airflow/example_dags/example_xcom.py for tasks to queue
[2026-03-18T07:46:48.805+0000] {logging_mixin.py:188} INFO - [2026-03-18T07:46:48.804+0000] {dagbag.py:538} INFO - Filling up the DagBag from /home/airflow/.local/lib/python3.8/site-packages/airflow/example_dags/example_xcom.py
[2026-03-18T07:46:48.810+0000] {processor.py:840} INFO - DAG(s) 'example_xcom' retrieved from /home/airflow/.local/lib/python3.8/site-packages/airflow/example_dags/example_xcom.py
[2026-03-18T07:46:48.820+0000] {logging_mixin.py:188} INFO - [2026-03-18T07:46:48.820+0000] {dag.py:3036} INFO - Sync 1 DAGs
[2026-03-18T07:46:48.831+0000] {logging_mixin.py:188} INFO - [2026-03-18T07:46:48.830+0000] {dag.py:3823} INFO - Setting next_dagrun for example_xcom to 2021-01-01 00:00:00+00:00, run_after=2021-01-01 00:00:00+00:00
[2026-03-18T07:46:48.837+0000] {processor.py:183} INFO - Processing /home/airflow/.local/lib/python3.8/site-packages/airflow/example_dags/example_xcom.py took 0.036 seconds
[2026-03-18T07:47:19.122+0000] {processor.py:161} INFO - Started process (PID=272) to work on /home/airflow/.local/lib/python3.8/site-packages/airflow/example_dags/example_xcom.py
[2026-03-18T07:47:19.123+0000] {processor.py:830} INFO - Processing file /home/airflow/.local/lib/python3.8/site-packages/airflow/example_dags/example_xcom.py for tasks to queue
[2026-03-18T07:47:19.126+0000] {logging_mixin.py:188} INFO - [2026-03-18T07:47:19.126+0000] {dagbag.py:538} INFO - Filling up the DagBag from /home/airflow/.local/lib/python3.8/site-packages/airflow/example_dags/example_xcom.py
[2026-03-18T07:47:19.130+0000] {processor.py:840} INFO - DAG(s) 'example_xcom' retrieved from /home/airflow/.local/lib/python3.8/site-packages/airflow/example_dags/example_xcom.py
[2026-03-18T07:47:19.140+0000] {logging_mixin.py:188} INFO - [2026-03-18T07:47:19.139+0000] {dag.py:3036} INFO - Sync 1 DAGs
[2026-03-18T07:47:19.152+0000] {logging_mixin.py:188} INFO - [2026-03-18T07:47:19.151+0000] {dag.py:3823} INFO - Setting next_dagrun for example_xcom to 2021-01-01 00:00:00+00:00, run_after=2021-01-01 00:00:00+00:00
[2026-03-18T07:47:19.160+0000] {processor.py:183} INFO - Processing /home/airflow/.local/lib/python3.8/site-packages/airflow/example_dags/example_xcom.py took 0.040 seconds
[2026-03-18T07:47:49.561+0000] {processor.py:161} INFO - Started process (PID=327) to work on /home/airflow/.local/lib/python3.8/site-packages/airflow/example_dags/example_xcom.py
[2026-03-18T07:47:49.564+0000] {processor.py:830} INFO - Processing file /home/airflow/.local/lib/python3.8/site-packages/airflow/example_dags/example_xcom.py for tasks to queue
[2026-03-18T07:47:49.565+0000] {logging_mixin.py:188} INFO - [2026-03-18T07:47:49.565+0000] {dagbag.py:538} INFO - Filling up the DagBag from /home/airflow/.local/lib/python3.8/site-packages/airflow/example_dags/example_xcom.py
[2026-03-18T07:47:49.568+0000] {processor.py:840} INFO - DAG(s) 'example_xcom' retrieved from /home/airflow/.local/lib/python3.8/site-packages/airflow/example_dags/example_xcom.py
[2026-03-18T07:47:49.577+0000] {logging_mixin.py:188} INFO - [2026-03-18T07:47:49.577+0000] {dag.py:3036} INFO - Sync 1 DAGs
[2026-03-18T07:47:49.590+0000] {logging_mixin.py:188} INFO - [2026-03-18T07:47:49.590+0000] {dag.py:3823} INFO - Setting next_dagrun for example_xcom to 2021-01-01 00:00:00+00:00, run_after=2021-01-01 00:00:00+00:00
[2026-03-18T07:47:49.599+0000] {processor.py:183} INFO - Processing /home/airflow/.local/lib/python3.8/site-packages/airflow/example_dags/example_xcom.py took 0.039 seconds
[2026-03-18T07:48:19.962+0000] {processor.py:161} INFO - Started process (PID=382) to work on /home/airflow/.local/lib/python3.8/site-packages/airflow/example_dags/example_xcom.py
[2026-03-18T07:48:19.962+0000] {processor.py:830} INFO - Processing file /home/airflow/.local/lib/python3.8/site-packages/airflow/example_dags/example_xcom.py for tasks to queue
[2026-03-18T07:48:19.965+0000] {logging_mixin.py:188} INFO - [2026-03-18T07:48:19.965+0000] {dagbag.py:538} INFO - Filling up the DagBag from /home/airflow/.local/lib/python3.8/site-packages/airflow/example_dags/example_xcom.py
[2026-03-18T07:48:19.969+0000] {processor.py:840} INFO - DAG(s) 'example_xcom' retrieved from /home/airflow/.local/lib/python3.8/site-packages/airflow/example_dags/example_xcom.py
[2026-03-18T07:48:19.978+0000] {logging_mixin.py:188} INFO - [2026-03-18T07:48:19.978+0000] {dag.py:3036} INFO - Sync 1 DAGs
[2026-03-18T07:48:19.987+0000] {logging_mixin.py:188} INFO - [2026-03-18T07:48:19.987+0000] {dag.py:3823} INFO - Setting next_dagrun for example_xcom to 2021-01-01 00:00:00+00:00, run_after=2021-01-01 00:00:00+00:00
[2026-03-18T07:48:19.994+0000] {processor.py:183} INFO - Processing /home/airflow/.local/lib/python3.8/site-packages/airflow/example_dags/example_xcom.py took 0.035 seconds
[2026-03-18T07:48:50.287+0000] {processor.py:161} INFO - Started process (PID=437) to work on /home/airflow/.local/lib/python3.8/site-packages/airflow/example_dags/example_xcom.py
[2026-03-18T07:48:50.288+0000] {processor.py:830} INFO - Processing file /home/airflow/.local/lib/python3.8/site-packages/airflow/example_dags/example_xcom.py for tasks to queue
[2026-03-18T07:48:50.288+0000] {logging_mixin.py:188} INFO - [2026-03-18T07:48:50.288+0000] {dagbag.py:538} INFO - Filling up the DagBag from /home/airflow/.local/lib/python3.8/site-packages/airflow/example_dags/example_xcom.py
[2026-03-18T07:48:50.292+0000] {processor.py:840} INFO - DAG(s) 'example_xcom' retrieved from /home/airflow/.local/lib/python3.8/site-packages/airflow/example_dags/example_xcom.py
[2026-03-18T07:48:50.303+0000] {logging_mixin.py:188} INFO - [2026-03-18T07:48:50.302+0000] {dag.py:3036} INFO - Sync 1 DAGs
[2026-03-18T07:48:50.313+0000] {logging_mixin.py:188} INFO - [2026-03-18T07:48:50.313+0000] {dag.py:3823} INFO - Setting next_dagrun for example_xcom to 2021-01-01 00:00:00+00:00, run_after=2021-01-01 00:00:00+00:00
[2026-03-18T07:48:50.322+0000] {processor.py:183} INFO - Processing /home/airflow/.local/lib/python3.8/site-packages/airflow/example_dags/example_xcom.py took 0.037 seconds
[2026-03-18T07:49:20.554+0000] {processor.py:161} INFO - Started process (PID=492) to work on /home/airflow/.local/lib/python3.8/site-packages/airflow/example_dags/example_xcom.py
[2026-03-18T07:49:20.555+0000] {processor.py:830} INFO - Processing file /home/airflow/.local/lib/python3.8/site-packages/airflow/example_dags/example_xcom.py for tasks to queue
[2026-03-18T07:49:20.557+0000] {logging_mixin.py:188} INFO - [2026-03-18T07:49:20.557+0000] {dagbag.py:538} INFO - Filling up the DagBag from /home/airflow/.local/lib/python3.8/site-packages/airflow/example_dags/example_xcom.py
[2026-03-18T07:49:20.561+0000] {processor.py:840} INFO - DAG(s) 'example_xcom' retrieved from /home/airflow/.local/lib/python3.8/site-packages/airflow/example_dags/example_xcom.py
[2026-03-18T07:49:20.569+0000] {logging_mixin.py:188} INFO - [2026-03-18T07:49:20.569+0000] {dag.py:3036} INFO - Sync 1 DAGs
[2026-03-18T07:49:20.579+0000] {logging_mixin.py:188} INFO - [2026-03-18T07:49:20.579+0000] {dag.py:3823} INFO - Setting next_dagrun for example_xcom to 2021-01-01 00:00:00+00:00, run_after=2021-01-01 00:00:00+00:00
[2026-03-18T07:49:20.586+0000] {processor.py:183} INFO - Processing /home/airflow/.local/lib/python3.8/site-packages/airflow/example_dags/example_xcom.py took 0.033 seconds
[2026-03-18T07:49:50.841+0000] {processor.py:161} INFO - Started process (PID=547) to work on /home/airflow/.local/lib/python3.8/site-packages/airflow/example_dags/example_xcom.py
[2026-03-18T07:49:50.841+0000] {processor.py:830} INFO - Processing file /home/airflow/.local/lib/python3.8/site-packages/airflow/example_dags/example_xcom.py for tasks to queue
[2026-03-18T07:49:50.842+0000] {logging_mixin.py:188} INFO - [2026-03-18T07:49:50.842+0000] {dagbag.py:538} INFO - Filling up the DagBag from /home/airflow/.local/lib/python3.8/site-packages/airflow/example_dags/example_xcom.py
[2026-03-18T07:49:50.846+0000] {processor.py:840} INFO - DAG(s) 'example_xcom' retrieved from /home/airflow/.local/lib/python3.8/site-packages/airflow/example_dags/example_xcom.py
[2026-03-18T07:49:50.854+0000] {logging_mixin.py:188} INFO - [2026-03-18T07:49:50.854+0000] {dag.py:3036} INFO - Sync 1 DAGs
[2026-03-18T07:49:50.864+0000] {logging_mixin.py:188} INFO - [2026-03-18T07:49:50.863+0000] {dag.py:3823} INFO - Setting next_dagrun for example_xcom to 2021-01-01 00:00:00+00:00, run_after=2021-01-01 00:00:00+00:00
[2026-03-18T07:49:50.870+0000] {processor.py:183} INFO - Processing /home/airflow/.local/lib/python3.8/site-packages/airflow/example_dags/example_xcom.py took 0.031 seconds
[2026-03-18T07:50:21.152+0000] {processor.py:161} INFO - Started process (PID=603) to work on /home/airflow/.local/lib/python3.8/site-packages/airflow/example_dags/example_xcom.py
[2026-03-18T07:50:21.153+0000] {processor.py:830} INFO - Processing file /home/airflow/.local/lib/python3.8/site-packages/airflow/example_dags/example_xcom.py for tasks to queue
[2026-03-18T07:50:21.154+0000] {logging_mixin.py:188} INFO - [2026-03-18T07:50:21.153+0000] {dagbag.py:538} INFO - Filling up the DagBag from /home/airflow/.local/lib/python3.8/site-packages/airflow/example_dags/example_xcom.py
[2026-03-18T07:50:21.157+0000] {processor.py:840} INFO - DAG(s) 'example_xcom' retrieved from /home/airflow/.local/lib/python3.8/site-packages/airflow/example_dags/example_xcom.py
[2026-03-18T07:50:21.171+0000] {logging_mixin.py:188} INFO - [2026-03-18T07:50:21.170+0000] {dag.py:3036} INFO - Sync 1 DAGs
[2026-03-18T07:50:21.180+0000] {logging_mixin.py:188} INFO - [2026-03-18T07:50:21.180+0000] {dag.py:3823} INFO - Setting next_dagrun for example_xcom to 2021-01-01 00:00:00+00:00, run_after=2021-01-01 00:00:00+00:00
[2026-03-18T07:50:21.189+0000] {processor.py:183} INFO - Processing /home/airflow/.local/lib/python3.8/site-packages/airflow/example_dags/example_xcom.py took 0.039 seconds
[2026-03-18T07:50:51.677+0000] {processor.py:161} INFO - Started process (PID=659) to work on /home/airflow/.local/lib/python3.8/site-packages/airflow/example_dags/example_xcom.py
[2026-03-18T07:50:51.678+0000] {processor.py:830} INFO - Processing file /home/airflow/.local/lib/python3.8/site-packages/airflow/example_dags/example_xcom.py for tasks to queue
[2026-03-18T07:50:51.679+0000] {logging_mixin.py:188} INFO - [2026-03-18T07:50:51.679+0000] {dagbag.py:538} INFO - Filling up the DagBag from /home/airflow/.local/lib/python3.8/site-packages/airflow/example_dags/example_xcom.py
[2026-03-18T07:50:51.684+0000] {processor.py:840} INFO - DAG(s) 'example_xcom' retrieved from /home/airflow/.local/lib/python3.8/site-packages/airflow/example_dags/example_xcom.py
[2026-03-18T07:50:51.694+0000] {logging_mixin.py:188} INFO - [2026-03-18T07:50:51.694+0000] {dag.py:3036} INFO - Sync 1 DAGs
[2026-03-18T07:50:51.705+0000] {logging_mixin.py:188} INFO - [2026-03-18T07:50:51.705+0000] {dag.py:3823} INFO - Setting next_dagrun for example_xcom to 2021-01-01 00:00:00+00:00, run_after=2021-01-01 00:00:00+00:00
[2026-03-18T07:50:51.722+0000] {processor.py:183} INFO - Processing /home/airflow/.local/lib/python3.8/site-packages/airflow/example_dags/example_xcom.py took 0.046 seconds
[2026-03-18T07:51:22.147+0000] {processor.py:161} INFO - Started process (PID=721) to work on /home/airflow/.local/lib/python3.8/site-packages/airflow/example_dags/example_xcom.py
[2026-03-18T07:51:22.148+0000] {processor.py:830} INFO - Processing file /home/airflow/.local/lib/python3.8/site-packages/airflow/example_dags/example_xcom.py for tasks to queue
[2026-03-18T07:51:22.150+0000] {logging_mixin.py:188} INFO - [2026-03-18T07:51:22.150+0000] {dagbag.py:538} INFO - Filling up the DagBag from /home/airflow/.local/lib/python3.8/site-packages/airflow/example_dags/example_xcom.py
[2026-03-18T07:51:22.155+0000] {processor.py:840} INFO - DAG(s) 'example_xcom' retrieved from /home/airflow/.local/lib/python3.8/site-packages/airflow/example_dags/example_xcom.py
[2026-03-18T07:51:22.168+0000] {logging_mixin.py:188} INFO - [2026-03-18T07:51:22.167+0000] {dag.py:3036} INFO - Sync 1 DAGs
[2026-03-18T07:51:22.178+0000] {logging_mixin.py:188} INFO - [2026-03-18T07:51:22.178+0000] {dag.py:3823} INFO - Setting next_dagrun for example_xcom to 2021-01-01 00:00:00+00:00, run_after=2021-01-01 00:00:00+00:00
[2026-03-18T07:51:22.186+0000] {processor.py:183} INFO - Processing /home/airflow/.local/lib/python3.8/site-packages/airflow/example_dags/example_xcom.py took 0.040 seconds
[2026-03-18T07:51:52.616+0000] {processor.py:161} INFO - Started process (PID=777) to work on /home/airflow/.local/lib/python3.8/site-packages/airflow/example_dags/example_xcom.py
[2026-03-18T07:51:52.617+0000] {processor.py:830} INFO - Processing file /home/airflow/.local/lib/python3.8/site-packages/airflow/example_dags/example_xcom.py for tasks to queue
[2026-03-18T07:51:52.618+0000] {logging_mixin.py:188} INFO - [2026-03-18T07:51:52.618+0000] {dagbag.py:538} INFO - Filling up the DagBag from /home/airflow/.local/lib/python3.8/site-packages/airflow/example_dags/example_xcom.py
[2026-03-18T07:51:52.622+0000] {processor.py:840} INFO - DAG(s) 'example_xcom' retrieved from /home/airflow/.local/lib/python3.8/site-packages/airflow/example_dags/example_xcom.py
[2026-03-18T07:51:52.631+0000] {logging_mixin.py:188} INFO - [2026-03-18T07:51:52.631+0000] {dag.py:3036} INFO - Sync 1 DAGs
[2026-03-18T07:51:52.640+0000] {logging_mixin.py:188} INFO - [2026-03-18T07:51:52.640+0000] {dag.py:3823} INFO - Setting next_dagrun for example_xcom to 2021-01-01 00:00:00+00:00, run_after=2021-01-01 00:00:00+00:00
[2026-03-18T07:51:52.649+0000] {processor.py:183} INFO - Processing /home/airflow/.local/lib/python3.8/site-packages/airflow/example_dags/example_xcom.py took 0.035 seconds
[2026-03-18T07:52:23.127+0000] {processor.py:161} INFO - Started process (PID=833) to work on /home/airflow/.local/lib/python3.8/site-packages/airflow/example_dags/example_xcom.py
[2026-03-18T07:52:23.129+0000] {processor.py:830} INFO - Processing file /home/airflow/.local/lib/python3.8/site-packages/airflow/example_dags/example_xcom.py for tasks to queue
[2026-03-18T07:52:23.129+0000] {logging_mixin.py:188} INFO - [2026-03-18T07:52:23.129+0000] {dagbag.py:538} INFO - Filling up the DagBag from /home/airflow/.local/lib/python3.8/site-packages/airflow/example_dags/example_xcom.py
[2026-03-18T07:52:23.132+0000] {processor.py:840} INFO - DAG(s) 'example_xcom' retrieved from /home/airflow/.local/lib/python3.8/site-packages/airflow/example_dags/example_xcom.py
[2026-03-18T07:52:23.142+0000] {logging_mixin.py:188} INFO - [2026-03-18T07:52:23.142+0000] {dag.py:3036} INFO - Sync 1 DAGs
[2026-03-18T07:52:23.153+0000] {logging_mixin.py:188} INFO - [2026-03-18T07:52:23.153+0000] {dag.py:3823} INFO - Setting next_dagrun for example_xcom to 2021-01-01 00:00:00+00:00, run_after=2021-01-01 00:00:00+00:00
[2026-03-18T07:52:23.165+0000] {processor.py:183} INFO - Processing /home/airflow/.local/lib/python3.8/site-packages/airflow/example_dags/example_xcom.py took 0.041 seconds
[2026-03-18T07:52:53.644+0000] {processor.py:161} INFO - Started process (PID=889) to work on /home/airflow/.local/lib/python3.8/site-packages/airflow/example_dags/example_xcom.py
[2026-03-18T07:52:53.645+0000] {processor.py:830} INFO - Processing file /home/airflow/.local/lib/python3.8/site-packages/airflow/example_dags/example_xcom.py for tasks to queue
[2026-03-18T07:52:53.646+0000] {logging_mixin.py:188} INFO - [2026-03-18T07:52:53.646+0000] {dagbag.py:538} INFO - Filling up the DagBag from /home/airflow/.local/lib/python3.8/site-packages/airflow/example_dags/example_xcom.py
[2026-03-18T07:52:53.652+0000] {processor.py:840} INFO - DAG(s) 'example_xcom' retrieved from /home/airflow/.local/lib/python3.8/site-packages/airflow/example_dags/example_xcom.py
[2026-03-18T07:52:53.663+0000] {logging_mixin.py:188} INFO - [2026-03-18T07:52:53.663+0000] {dag.py:3036} INFO - Sync 1 DAGs
[2026-03-18T07:52:53.671+0000] {logging_mixin.py:188} INFO - [2026-03-18T07:52:53.671+0000] {dag.py:3823} INFO - Setting next_dagrun for example_xcom to 2021-01-01 00:00:00+00:00, run_after=2021-01-01 00:00:00+00:00
[2026-03-18T07:52:53.678+0000] {processor.py:183} INFO - Processing /home/airflow/.local/lib/python3.8/site-packages/airflow/example_dags/example_xcom.py took 0.035 seconds
[2026-03-18T07:53:24.142+0000] {processor.py:161} INFO - Started process (PID=945) to work on /home/airflow/.local/lib/python3.8/site-packages/airflow/example_dags/example_xcom.py
[2026-03-18T07:53:24.143+0000] {processor.py:830} INFO - Processing file /home/airflow/.local/lib/python3.8/site-packages/airflow/example_dags/example_xcom.py for tasks to queue
[2026-03-18T07:53:24.144+0000] {logging_mixin.py:188} INFO - [2026-03-18T07:53:24.144+0000] {dagbag.py:538} INFO - Filling up the DagBag from /home/airflow/.local/lib/python3.8/site-packages/airflow/example_dags/example_xcom.py
[2026-03-18T07:53:24.148+0000] {processor.py:840} INFO - DAG(s) 'example_xcom' retrieved from /home/airflow/.local/lib/python3.8/site-packages/airflow/example_dags/example_xcom.py
[2026-03-18T07:53:24.156+0000] {logging_mixin.py:188} INFO - [2026-03-18T07:53:24.156+0000] {dag.py:3036} INFO - Sync 1 DAGs
[2026-03-18T07:53:24.168+0000] {logging_mixin.py:188} INFO - [2026-03-18T07:53:24.168+0000] {dag.py:3823} INFO - Setting next_dagrun for example_xcom to 2021-01-01 00:00:00+00:00, run_after=2021-01-01 00:00:00+00:00
[2026-03-18T07:53:24.175+0000] {processor.py:183} INFO - Processing /home/airflow/.local/lib/python3.8/site-packages/airflow/example_dags/example_xcom.py took 0.035 seconds
[2026-03-18T07:53:54.620+0000] {processor.py:161} INFO - Started process (PID=1001) to work on /home/airflow/.local/lib/python3.8/site-packages/airflow/example_dags/example_xcom.py
[2026-03-18T07:53:54.621+0000] {processor.py:830} INFO - Processing file /home/airflow/.local/lib/python3.8/site-packages/airflow/example_dags/example_xcom.py for tasks to queue
[2026-03-18T07:53:54.624+0000] {logging_mixin.py:188} INFO - [2026-03-18T07:53:54.623+0000] {dagbag.py:538} INFO - Filling up the DagBag from /home/airflow/.local/lib/python3.8/site-packages/airflow/example_dags/example_xcom.py
[2026-03-18T07:53:54.627+0000] {processor.py:840} INFO - DAG(s) 'example_xcom' retrieved from /home/airflow/.local/lib/python3.8/site-packages/airflow/example_dags/example_xcom.py
[2026-03-18T07:53:54.638+0000] {logging_mixin.py:188} INFO - [2026-03-18T07:53:54.638+0000] {dag.py:3036} INFO - Sync 1 DAGs
[2026-03-18T07:53:54.645+0000] {logging_mixin.py:188} INFO - [2026-03-18T07:53:54.645+0000] {dag.py:3823} INFO - Setting next_dagrun for example_xcom to 2021-01-01 00:00:00+00:00, run_after=2021-01-01 00:00:00+00:00
[2026-03-18T07:53:54.653+0000] {processor.py:183} INFO - Processing /home/airflow/.local/lib/python3.8/site-packages/airflow/example_dags/example_xcom.py took 0.035 seconds
[2026-03-18T07:54:25.066+0000] {processor.py:161} INFO - Started process (PID=1057) to work on /home/airflow/.local/lib/python3.8/site-packages/airflow/example_dags/example_xcom.py
[2026-03-18T07:54:25.066+0000] {processor.py:830} INFO - Processing file /home/airflow/.local/lib/python3.8/site-packages/airflow/example_dags/example_xcom.py for tasks to queue
[2026-03-18T07:54:25.069+0000] {logging_mixin.py:188} INFO - [2026-03-18T07:54:25.069+0000] {dagbag.py:538} INFO - Filling up the DagBag from /home/airflow/.local/lib/python3.8/site-packages/airflow/example_dags/example_xcom.py
[2026-03-18T07:54:25.074+0000] {processor.py:840} INFO - DAG(s) 'example_xcom' retrieved from /home/airflow/.local/lib/python3.8/site-packages/airflow/example_dags/example_xcom.py
[2026-03-18T07:54:25.086+0000] {logging_mixin.py:188} INFO - [2026-03-18T07:54:25.086+0000] {dag.py:3036} INFO - Sync 1 DAGs
[2026-03-18T07:54:25.096+0000] {logging_mixin.py:188} INFO - [2026-03-18T07:54:25.096+0000] {dag.py:3823} INFO - Setting next_dagrun for example_xcom to 2021-01-01 00:00:00+00:00, run_after=2021-01-01 00:00:00+00:00
[2026-03-18T07:54:25.103+0000] {processor.py:183} INFO - Processing /home/airflow/.local/lib/python3.8/site-packages/airflow/example_dags/example_xcom.py took 0.039 seconds
[2026-03-18T07:54:55.519+0000] {processor.py:161} INFO - Started process (PID=1113) to work on /home/airflow/.local/lib/python3.8/site-packages/airflow/example_dags/example_xcom.py
[2026-03-18T07:54:55.520+0000] {processor.py:830} INFO - Processing file /home/airflow/.local/lib/python3.8/site-packages/airflow/example_dags/example_xcom.py for tasks to queue
[2026-03-18T07:54:55.521+0000] {logging_mixin.py:188} INFO - [2026-03-18T07:54:55.521+0000] {dagbag.py:538} INFO - Filling up the DagBag from /home/airflow/.local/lib/python3.8/site-packages/airflow/example_dags/example_xcom.py
[2026-03-18T07:54:55.525+0000] {processor.py:840} INFO - DAG(s) 'example_xcom' retrieved from /home/airflow/.local/lib/python3.8/site-packages/airflow/example_dags/example_xcom.py
[2026-03-18T07:54:55.534+0000] {logging_mixin.py:188} INFO - [2026-03-18T07:54:55.534+0000] {dag.py:3036} INFO - Sync 1 DAGs
[2026-03-18T07:54:55.542+0000] {logging_mixin.py:188} INFO - [2026-03-18T07:54:55.542+0000] {dag.py:3823} INFO - Setting next_dagrun for example_xcom to 2021-01-01 00:00:00+00:00, run_after=2021-01-01 00:00:00+00:00
[2026-03-18T07:54:55.553+0000] {processor.py:183} INFO - Processing /home/airflow/.local/lib/python3.8/site-packages/airflow/example_dags/example_xcom.py took 0.035 seconds
[2026-03-18T07:55:26.005+0000] {processor.py:161} INFO - Started process (PID=1169) to work on /home/airflow/.local/lib/python3.8/site-packages/airflow/example_dags/example_xcom.py
[2026-03-18T07:55:26.006+0000] {processor.py:830} INFO - Processing file /home/airflow/.local/lib/python3.8/site-packages/airflow/example_dags/example_xcom.py for tasks to queue
[2026-03-18T07:55:26.007+0000] {logging_mixin.py:188} INFO - [2026-03-18T07:55:26.007+0000] {dagbag.py:538} INFO - Filling up the DagBag from /home/airflow/.local/lib/python3.8/site-packages/airflow/example_dags/example_xcom.py
[2026-03-18T07:55:26.010+0000] {processor.py:840} INFO - DAG(s) 'example_xcom' retrieved from /home/airflow/.local/lib/python3.8/site-packages/airflow/example_dags/example_xcom.py
[2026-03-18T07:55:26.019+0000] {logging_mixin.py:188} INFO - [2026-03-18T07:55:26.019+0000] {dag.py:3036} INFO - Sync 1 DAGs
[2026-03-18T07:55:26.026+0000] {logging_mixin.py:188} INFO - [2026-03-18T07:55:26.026+0000] {dag.py:3823} INFO - Setting next_dagrun for example_xcom to 2021-01-01 00:00:00+00:00, run_after=2021-01-01 00:00:00+00:00
[2026-03-18T07:55:26.036+0000] {processor.py:183} INFO - Processing /home/airflow/.local/lib/python3.8/site-packages/airflow/example_dags/example_xcom.py took 0.032 seconds
[2026-03-18T07:55:56.436+0000] {processor.py:161} INFO - Started process (PID=1225) to work on /home/airflow/.local/lib/python3.8/site-packages/airflow/example_dags/example_xcom.py
[2026-03-18T07:55:56.437+0000] {processor.py:830} INFO - Processing file /home/airflow/.local/lib/python3.8/site-packages/airflow/example_dags/example_xcom.py for tasks to queue
[2026-03-18T07:55:56.437+0000] {logging_mixin.py:188} INFO - [2026-03-18T07:55:56.437+0000] {dagbag.py:538} INFO - Filling up the DagBag from /home/airflow/.local/lib/python3.8/site-packages/airflow/example_dags/example_xcom.py
[2026-03-18T07:55:56.441+0000] {processor.py:840} INFO - DAG(s) 'example_xcom' retrieved from /home/airflow/.local/lib/python3.8/site-packages/airflow/example_dags/example_xcom.py
[2026-03-18T07:55:56.451+0000] {logging_mixin.py:188} INFO - [2026-03-18T07:55:56.450+0000] {dag.py:3036} INFO - Sync 1 DAGs
[2026-03-18T07:55:56.460+0000] {logging_mixin.py:188} INFO - [2026-03-18T07:55:56.459+0000] {dag.py:3823} INFO - Setting next_dagrun for example_xcom to 2021-01-01 00:00:00+00:00, run_after=2021-01-01 00:00:00+00:00
[2026-03-18T07:55:56.470+0000] {processor.py:183} INFO - Processing /home/airflow/.local/lib/python3.8/site-packages/airflow/example_dags/example_xcom.py took 0.035 seconds
[2026-03-18T07:56:26.823+0000] {processor.py:161} INFO - Started process (PID=1281) to work on /home/airflow/.local/lib/python3.8/site-packages/airflow/example_dags/example_xcom.py
[2026-03-18T07:56:26.823+0000] {processor.py:830} INFO - Processing file /home/airflow/.local/lib/python3.8/site-packages/airflow/example_dags/example_xcom.py for tasks to queue
[2026-03-18T07:56:26.824+0000] {logging_mixin.py:188} INFO - [2026-03-18T07:56:26.824+0000] {dagbag.py:538} INFO - Filling up the DagBag from /home/airflow/.local/lib/python3.8/site-packages/airflow/example_dags/example_xcom.py
[2026-03-18T07:56:26.827+0000] {processor.py:840} INFO - DAG(s) 'example_xcom' retrieved from /home/airflow/.local/lib/python3.8/site-packages/airflow/example_dags/example_xcom.py
[2026-03-18T07:56:26.838+0000] {logging_mixin.py:188} INFO - [2026-03-18T07:56:26.837+0000] {dag.py:3036} INFO - Sync 1 DAGs
[2026-03-18T07:56:26.846+0000] {logging_mixin.py:188} INFO - [2026-03-18T07:56:26.846+0000] {dag.py:3823} INFO - Setting next_dagrun for example_xcom to 2021-01-01 00:00:00+00:00, run_after=2021-01-01 00:00:00+00:00
[2026-03-18T07:56:26.856+0000] {processor.py:183} INFO - Processing /home/airflow/.local/lib/python3.8/site-packages/airflow/example_dags/example_xcom.py took 0.035 seconds
[2026-03-18T07:56:57.289+0000] {processor.py:161} INFO - Started process (PID=1337) to work on /home/airflow/.local/lib/python3.8/site-packages/airflow/example_dags/example_xcom.py
[2026-03-18T07:56:57.290+0000] {processor.py:830} INFO - Processing file /home/airflow/.local/lib/python3.8/site-packages/airflow/example_dags/example_xcom.py for tasks to queue
[2026-03-18T07:56:57.291+0000] {logging_mixin.py:188} INFO - [2026-03-18T07:56:57.291+0000] {dagbag.py:538} INFO - Filling up the DagBag from /home/airflow/.local/lib/python3.8/site-packages/airflow/example_dags/example_xcom.py
[2026-03-18T07:56:57.296+0000] {processor.py:840} INFO - DAG(s) 'example_xcom' retrieved from /home/airflow/.local/lib/python3.8/site-packages/airflow/example_dags/example_xcom.py
[2026-03-18T07:56:57.306+0000] {logging_mixin.py:188} INFO - [2026-03-18T07:56:57.306+0000] {dag.py:3036} INFO - Sync 1 DAGs
[2026-03-18T07:56:57.315+0000] {logging_mixin.py:188} INFO - [2026-03-18T07:56:57.315+0000] {dag.py:3823} INFO - Setting next_dagrun for example_xcom to 2021-01-01 00:00:00+00:00, run_after=2021-01-01 00:00:00+00:00
[2026-03-18T07:56:57.322+0000] {processor.py:183} INFO - Processing /home/airflow/.local/lib/python3.8/site-packages/airflow/example_dags/example_xcom.py took 0.034 seconds
[2026-03-18T07:57:27.795+0000] {processor.py:161} INFO - Started process (PID=1393) to work on /home/airflow/.local/lib/python3.8/site-packages/airflow/example_dags/example_xcom.py
[2026-03-18T07:57:27.796+0000] {processor.py:830} INFO - Processing file /home/airflow/.local/lib/python3.8/site-packages/airflow/example_dags/example_xcom.py for tasks to queue
[2026-03-18T07:57:27.796+0000] {logging_mixin.py:188} INFO - [2026-03-18T07:57:27.796+0000] {dagbag.py:538} INFO - Filling up the DagBag from /home/airflow/.local/lib/python3.8/site-packages/airflow/example_dags/example_xcom.py
[2026-03-18T07:57:27.801+0000] {processor.py:840} INFO - DAG(s) 'example_xcom' retrieved from /home/airflow/.local/lib/python3.8/site-packages/airflow/example_dags/example_xcom.py
[2026-03-18T07:57:27.810+0000] {logging_mixin.py:188} INFO - [2026-03-18T07:57:27.810+0000] {dag.py:3036} INFO - Sync 1 DAGs
[2026-03-18T07:57:27.818+0000] {logging_mixin.py:188} INFO - [2026-03-18T07:57:27.818+0000] {dag.py:3823} INFO - Setting next_dagrun for example_xcom to 2021-01-01 00:00:00+00:00, run_after=2021-01-01 00:00:00+00:00
[2026-03-18T07:57:27.827+0000] {processor.py:183} INFO - Processing /home/airflow/.local/lib/python3.8/site-packages/airflow/example_dags/example_xcom.py took 0.034 seconds
[2026-03-18T07:57:58.307+0000] {processor.py:161} INFO - Started process (PID=1449) to work on /home/airflow/.local/lib/python3.8/site-packages/airflow/example_dags/example_xcom.py
[2026-03-18T07:57:58.309+0000] {processor.py:830} INFO - Processing file /home/airflow/.local/lib/python3.8/site-packages/airflow/example_dags/example_xcom.py for tasks to queue
[2026-03-18T07:57:58.313+0000] {logging_mixin.py:188} INFO - [2026-03-18T07:57:58.312+0000] {dagbag.py:538} INFO - Filling up the DagBag from /home/airflow/.local/lib/python3.8/site-packages/airflow/example_dags/example_xcom.py
[2026-03-18T07:57:58.316+0000] {processor.py:840} INFO - DAG(s) 'example_xcom' retrieved from /home/airflow/.local/lib/python3.8/site-packages/airflow/example_dags/example_xcom.py
[2026-03-18T07:57:58.327+0000] {logging_mixin.py:188} INFO - [2026-03-18T07:57:58.327+0000] {dag.py:3036} INFO - Sync 1 DAGs
[2026-03-18T07:57:58.335+0000] {logging_mixin.py:188} INFO - [2026-03-18T07:57:58.335+0000] {dag.py:3823} INFO - Setting next_dagrun for example_xcom to 2021-01-01 00:00:00+00:00, run_after=2021-01-01 00:00:00+00:00
[2026-03-18T07:57:58.342+0000] {processor.py:183} INFO - Processing /home/airflow/.local/lib/python3.8/site-packages/airflow/example_dags/example_xcom.py took 0.036 seconds
[2026-03-18T07:58:28.771+0000] {processor.py:161} INFO - Started process (PID=1505) to work on /home/airflow/.local/lib/python3.8/site-packages/airflow/example_dags/example_xcom.py
[2026-03-18T07:58:28.774+0000] {processor.py:830} INFO - Processing file /home/airflow/.local/lib/python3.8/site-packages/airflow/example_dags/example_xcom.py for tasks to queue
[2026-03-18T07:58:28.775+0000] {logging_mixin.py:188} INFO - [2026-03-18T07:58:28.774+0000] {dagbag.py:538} INFO - Filling up the DagBag from /home/airflow/.local/lib/python3.8/site-packages/airflow/example_dags/example_xcom.py
[2026-03-18T07:58:28.778+0000] {processor.py:840} INFO - DAG(s) 'example_xcom' retrieved from /home/airflow/.local/lib/python3.8/site-packages/airflow/example_dags/example_xcom.py
[2026-03-18T07:58:28.790+0000] {logging_mixin.py:188} INFO - [2026-03-18T07:58:28.790+0000] {dag.py:3036} INFO - Sync 1 DAGs
[2026-03-18T07:58:28.798+0000] {logging_mixin.py:188} INFO - [2026-03-18T07:58:28.798+0000] {dag.py:3823} INFO - Setting next_dagrun for example_xcom to 2021-01-01 00:00:00+00:00, run_after=2021-01-01 00:00:00+00:00
[2026-03-18T07:58:28.804+0000] {processor.py:183} INFO - Processing /home/airflow/.local/lib/python3.8/site-packages/airflow/example_dags/example_xcom.py took 0.035 seconds
[2026-03-18T07:58:59.273+0000] {processor.py:161} INFO - Started process (PID=1561) to work on /home/airflow/.local/lib/python3.8/site-packages/airflow/example_dags/example_xcom.py
[2026-03-18T07:58:59.274+0000] {processor.py:830} INFO - Processing file /home/airflow/.local/lib/python3.8/site-packages/airflow/example_dags/example_xcom.py for tasks to queue
[2026-03-18T07:58:59.275+0000] {logging_mixin.py:188} INFO - [2026-03-18T07:58:59.275+0000] {dagbag.py:538} INFO - Filling up the DagBag from /home/airflow/.local/lib/python3.8/site-packages/airflow/example_dags/example_xcom.py
[2026-03-18T07:58:59.279+0000] {processor.py:840} INFO - DAG(s) 'example_xcom' retrieved from /home/airflow/.local/lib/python3.8/site-packages/airflow/example_dags/example_xcom.py
[2026-03-18T07:58:59.296+0000] {logging_mixin.py:188} INFO - [2026-03-18T07:58:59.295+0000] {dag.py:3036} INFO - Sync 1 DAGs
[2026-03-18T07:58:59.309+0000] {logging_mixin.py:188} INFO - [2026-03-18T07:58:59.309+0000] {dag.py:3823} INFO - Setting next_dagrun for example_xcom to 2021-01-01 00:00:00+00:00, run_after=2021-01-01 00:00:00+00:00
[2026-03-18T07:58:59.317+0000] {processor.py:183} INFO - Processing /home/airflow/.local/lib/python3.8/site-packages/airflow/example_dags/example_xcom.py took 0.046 seconds
[2026-03-18T07:59:29.835+0000] {processor.py:161} INFO - Started process (PID=1617) to work on /home/airflow/.local/lib/python3.8/site-packages/airflow/example_dags/example_xcom.py
[2026-03-18T07:59:29.836+0000] {processor.py:830} INFO - Processing file /home/airflow/.local/lib/python3.8/site-packages/airflow/example_dags/example_xcom.py for tasks to queue
[2026-03-18T07:59:29.837+0000] {logging_mixin.py:188} INFO - [2026-03-18T07:59:29.837+0000] {dagbag.py:538} INFO - Filling up the DagBag from /home/airflow/.local/lib/python3.8/site-packages/airflow/example_dags/example_xcom.py
[2026-03-18T07:59:29.840+0000] {processor.py:840} INFO - DAG(s) 'example_xcom' retrieved from /home/airflow/.local/lib/python3.8/site-packages/airflow/example_dags/example_xcom.py
[2026-03-18T07:59:29.849+0000] {logging_mixin.py:188} INFO - [2026-03-18T07:59:29.849+0000] {dag.py:3036} INFO - Sync 1 DAGs
[2026-03-18T07:59:29.857+0000] {logging_mixin.py:188} INFO - [2026-03-18T07:59:29.857+0000] {dag.py:3823} INFO - Setting next_dagrun for example_xcom to 2021-01-01 00:00:00+00:00, run_after=2021-01-01 00:00:00+00:00
[2026-03-18T07:59:29.871+0000] {processor.py:183} INFO - Processing /home/airflow/.local/lib/python3.8/site-packages/airflow/example_dags/example_xcom.py took 0.037 seconds
[2026-03-18T08:00:01.300+0000] {processor.py:161} INFO - Started process (PID=53) to work on /home/airflow/.local/lib/python3.8/site-packages/airflow/example_dags/example_xcom.py
[2026-03-18T08:00:01.301+0000] {processor.py:830} INFO - Processing file /home/airflow/.local/lib/python3.8/site-packages/airflow/example_dags/example_xcom.py for tasks to queue
[2026-03-18T08:00:01.303+0000] {logging_mixin.py:188} INFO - [2026-03-18T08:00:01.302+0000] {dagbag.py:538} INFO - Filling up the DagBag from /home/airflow/.local/lib/python3.8/site-packages/airflow/example_dags/example_xcom.py
[2026-03-18T08:00:01.308+0000] {processor.py:840} INFO - DAG(s) 'example_xcom' retrieved from /home/airflow/.local/lib/python3.8/site-packages/airflow/example_dags/example_xcom.py
[2026-03-18T08:00:01.317+0000] {logging_mixin.py:188} INFO - [2026-03-18T08:00:01.316+0000] {dag.py:3036} INFO - Sync 1 DAGs
[2026-03-18T08:00:01.328+0000] {logging_mixin.py:188} INFO - [2026-03-18T08:00:01.328+0000] {dag.py:3823} INFO - Setting next_dagrun for example_xcom to 2021-01-01 00:00:00+00:00, run_after=2021-01-01 00:00:00+00:00
[2026-03-18T08:00:01.341+0000] {processor.py:183} INFO - Processing /home/airflow/.local/lib/python3.8/site-packages/airflow/example_dags/example_xcom.py took 0.043 seconds
[2026-03-18T08:00:31.609+0000] {processor.py:161} INFO - Started process (PID=108) to work on /home/airflow/.local/lib/python3.8/site-packages/airflow/example_dags/example_xcom.py
[2026-03-18T08:00:31.610+0000] {processor.py:830} INFO - Processing file /home/airflow/.local/lib/python3.8/site-packages/airflow/example_dags/example_xcom.py for tasks to queue
[2026-03-18T08:00:31.611+0000] {logging_mixin.py:188} INFO - [2026-03-18T08:00:31.611+0000] {dagbag.py:538} INFO - Filling up the DagBag from /home/airflow/.local/lib/python3.8/site-packages/airflow/example_dags/example_xcom.py
[2026-03-18T08:00:31.616+0000] {processor.py:840} INFO - DAG(s) 'example_xcom' retrieved from /home/airflow/.local/lib/python3.8/site-packages/airflow/example_dags/example_xcom.py
[2026-03-18T08:00:31.669+0000] {logging_mixin.py:188} INFO - [2026-03-18T08:00:31.669+0000] {dag.py:3036} INFO - Sync 1 DAGs
[2026-03-18T08:00:31.677+0000] {logging_mixin.py:188} INFO - [2026-03-18T08:00:31.677+0000] {dag.py:3823} INFO - Setting next_dagrun for example_xcom to 2021-01-01 00:00:00+00:00, run_after=2021-01-01 00:00:00+00:00
[2026-03-18T08:00:31.688+0000] {processor.py:183} INFO - Processing /home/airflow/.local/lib/python3.8/site-packages/airflow/example_dags/example_xcom.py took 0.080 seconds
[2026-03-18T08:01:01.788+0000] {processor.py:161} INFO - Started process (PID=164) to work on /home/airflow/.local/lib/python3.8/site-packages/airflow/example_dags/example_xcom.py
[2026-03-18T08:01:01.790+0000] {processor.py:830} INFO - Processing file /home/airflow/.local/lib/python3.8/site-packages/airflow/example_dags/example_xcom.py for tasks to queue
[2026-03-18T08:01:01.790+0000] {logging_mixin.py:188} INFO - [2026-03-18T08:01:01.790+0000] {dagbag.py:538} INFO - Filling up the DagBag from /home/airflow/.local/lib/python3.8/site-packages/airflow/example_dags/example_xcom.py
[2026-03-18T08:01:01.794+0000] {processor.py:840} INFO - DAG(s) 'example_xcom' retrieved from /home/airflow/.local/lib/python3.8/site-packages/airflow/example_dags/example_xcom.py
[2026-03-18T08:01:01.802+0000] {logging_mixin.py:188} INFO - [2026-03-18T08:01:01.801+0000] {dag.py:3036} INFO - Sync 1 DAGs
[2026-03-18T08:01:01.812+0000] {logging_mixin.py:188} INFO - [2026-03-18T08:01:01.812+0000] {dag.py:3823} INFO - Setting next_dagrun for example_xcom to 2021-01-01 00:00:00+00:00, run_after=2021-01-01 00:00:00+00:00
[2026-03-18T08:01:01.825+0000] {processor.py:183} INFO - Processing /home/airflow/.local/lib/python3.8/site-packages/airflow/example_dags/example_xcom.py took 0.038 seconds
[2026-03-18T08:01:32.347+0000] {processor.py:161} INFO - Started process (PID=220) to work on /home/airflow/.local/lib/python3.8/site-packages/airflow/example_dags/example_xcom.py
[2026-03-18T08:01:32.347+0000] {processor.py:830} INFO - Processing file /home/airflow/.local/lib/python3.8/site-packages/airflow/example_dags/example_xcom.py for tasks to queue
[2026-03-18T08:01:32.348+0000] {logging_mixin.py:188} INFO - [2026-03-18T08:01:32.348+0000] {dagbag.py:538} INFO - Filling up the DagBag from /home/airflow/.local/lib/python3.8/site-packages/airflow/example_dags/example_xcom.py
[2026-03-18T08:01:32.351+0000] {processor.py:840} INFO - DAG(s) 'example_xcom' retrieved from /home/airflow/.local/lib/python3.8/site-packages/airflow/example_dags/example_xcom.py
[2026-03-18T08:01:32.362+0000] {logging_mixin.py:188} INFO - [2026-03-18T08:01:32.362+0000] {dag.py:3036} INFO - Sync 1 DAGs
[2026-03-18T08:01:32.371+0000] {logging_mixin.py:188} INFO - [2026-03-18T08:01:32.371+0000] {dag.py:3823} INFO - Setting next_dagrun for example_xcom to 2021-01-01 00:00:00+00:00, run_after=2021-01-01 00:00:00+00:00
[2026-03-18T08:01:32.381+0000] {processor.py:183} INFO - Processing /home/airflow/.local/lib/python3.8/site-packages/airflow/example_dags/example_xcom.py took 0.035 seconds
[2026-03-18T08:02:02.842+0000] {processor.py:161} INFO - Started process (PID=275) to work on /home/airflow/.local/lib/python3.8/site-packages/airflow/example_dags/example_xcom.py
[2026-03-18T08:02:02.843+0000] {processor.py:830} INFO - Processing file /home/airflow/.local/lib/python3.8/site-packages/airflow/example_dags/example_xcom.py for tasks to queue
[2026-03-18T08:02:02.844+0000] {logging_mixin.py:188} INFO - [2026-03-18T08:02:02.844+0000] {dagbag.py:538} INFO - Filling up the DagBag from /home/airflow/.local/lib/python3.8/site-packages/airflow/example_dags/example_xcom.py
[2026-03-18T08:02:02.848+0000] {processor.py:840} INFO - DAG(s) 'example_xcom' retrieved from /home/airflow/.local/lib/python3.8/site-packages/airflow/example_dags/example_xcom.py
[2026-03-18T08:02:02.861+0000] {logging_mixin.py:188} INFO - [2026-03-18T08:02:02.861+0000] {dag.py:3036} INFO - Sync 1 DAGs
[2026-03-18T08:02:02.872+0000] {logging_mixin.py:188} INFO - [2026-03-18T08:02:02.872+0000] {dag.py:3823} INFO - Setting next_dagrun for example_xcom to 2021-01-01 00:00:00+00:00, run_after=2021-01-01 00:00:00+00:00
[2026-03-18T08:02:02.881+0000] {processor.py:183} INFO - Processing /home/airflow/.local/lib/python3.8/site-packages/airflow/example_dags/example_xcom.py took 0.040 seconds
[2026-03-18T08:02:33.455+0000] {processor.py:161} INFO - Started process (PID=331) to work on /home/airflow/.local/lib/python3.8/site-packages/airflow/example_dags/example_xcom.py
[2026-03-18T08:02:33.456+0000] {processor.py:830} INFO - Processing file /home/airflow/.local/lib/python3.8/site-packages/airflow/example_dags/example_xcom.py for tasks to queue
[2026-03-18T08:02:33.457+0000] {logging_mixin.py:188} INFO - [2026-03-18T08:02:33.457+0000] {dagbag.py:538} INFO - Filling up the DagBag from /home/airflow/.local/lib/python3.8/site-packages/airflow/example_dags/example_xcom.py
[2026-03-18T08:02:33.460+0000] {processor.py:840} INFO - DAG(s) 'example_xcom' retrieved from /home/airflow/.local/lib/python3.8/site-packages/airflow/example_dags/example_xcom.py
[2026-03-18T08:02:33.470+0000] {logging_mixin.py:188} INFO - [2026-03-18T08:02:33.470+0000] {dag.py:3036} INFO - Sync 1 DAGs
[2026-03-18T08:02:33.479+0000] {logging_mixin.py:188} INFO - [2026-03-18T08:02:33.479+0000] {dag.py:3823} INFO - Setting next_dagrun for example_xcom to 2021-01-01 00:00:00+00:00, run_after=2021-01-01 00:00:00+00:00
[2026-03-18T08:02:33.490+0000] {processor.py:183} INFO - Processing /home/airflow/.local/lib/python3.8/site-packages/airflow/example_dags/example_xcom.py took 0.037 seconds
[2026-03-18T08:03:04.031+0000] {processor.py:161} INFO - Started process (PID=387) to work on /home/airflow/.local/lib/python3.8/site-packages/airflow/example_dags/example_xcom.py
[2026-03-18T08:03:04.032+0000] {processor.py:830} INFO - Processing file /home/airflow/.local/lib/python3.8/site-packages/airflow/example_dags/example_xcom.py for tasks to queue
[2026-03-18T08:03:04.034+0000] {logging_mixin.py:188} INFO - [2026-03-18T08:03:04.033+0000] {dagbag.py:538} INFO - Filling up the DagBag from /home/airflow/.local/lib/python3.8/site-packages/airflow/example_dags/example_xcom.py
[2026-03-18T08:03:04.038+0000] {processor.py:840} INFO - DAG(s) 'example_xcom' retrieved from /home/airflow/.local/lib/python3.8/site-packages/airflow/example_dags/example_xcom.py
[2026-03-18T08:03:04.048+0000] {logging_mixin.py:188} INFO - [2026-03-18T08:03:04.048+0000] {dag.py:3036} INFO - Sync 1 DAGs
[2026-03-18T08:03:04.058+0000] {logging_mixin.py:188} INFO - [2026-03-18T08:03:04.058+0000] {dag.py:3823} INFO - Setting next_dagrun for example_xcom to 2021-01-01 00:00:00+00:00, run_after=2021-01-01 00:00:00+00:00
[2026-03-18T08:03:04.072+0000] {processor.py:183} INFO - Processing /home/airflow/.local/lib/python3.8/site-packages/airflow/example_dags/example_xcom.py took 0.043 seconds
[2026-03-18T08:03:34.672+0000] {processor.py:161} INFO - Started process (PID=443) to work on /home/airflow/.local/lib/python3.8/site-packages/airflow/example_dags/example_xcom.py
[2026-03-18T08:03:34.673+0000] {processor.py:830} INFO - Processing file /home/airflow/.local/lib/python3.8/site-packages/airflow/example_dags/example_xcom.py for tasks to queue
[2026-03-18T08:03:34.674+0000] {logging_mixin.py:188} INFO - [2026-03-18T08:03:34.674+0000] {dagbag.py:538} INFO - Filling up the DagBag from /home/airflow/.local/lib/python3.8/site-packages/airflow/example_dags/example_xcom.py
[2026-03-18T08:03:34.678+0000] {processor.py:840} INFO - DAG(s) 'example_xcom' retrieved from /home/airflow/.local/lib/python3.8/site-packages/airflow/example_dags/example_xcom.py
[2026-03-18T08:03:34.689+0000] {logging_mixin.py:188} INFO - [2026-03-18T08:03:34.689+0000] {dag.py:3036} INFO - Sync 1 DAGs
[2026-03-18T08:03:34.700+0000] {logging_mixin.py:188} INFO - [2026-03-18T08:03:34.700+0000] {dag.py:3823} INFO - Setting next_dagrun for example_xcom to 2021-01-01 00:00:00+00:00, run_after=2021-01-01 00:00:00+00:00
[2026-03-18T08:03:34.712+0000] {processor.py:183} INFO - Processing /home/airflow/.local/lib/python3.8/site-packages/airflow/example_dags/example_xcom.py took 0.043 seconds
[2026-03-18T08:04:05.208+0000] {processor.py:161} INFO - Started process (PID=499) to work on /home/airflow/.local/lib/python3.8/site-packages/airflow/example_dags/example_xcom.py
[2026-03-18T08:04:05.209+0000] {processor.py:830} INFO - Processing file /home/airflow/.local/lib/python3.8/site-packages/airflow/example_dags/example_xcom.py for tasks to queue
[2026-03-18T08:04:05.210+0000] {logging_mixin.py:188} INFO - [2026-03-18T08:04:05.210+0000] {dagbag.py:538} INFO - Filling up the DagBag from /home/airflow/.local/lib/python3.8/site-packages/airflow/example_dags/example_xcom.py
[2026-03-18T08:04:05.214+0000] {processor.py:840} INFO - DAG(s) 'example_xcom' retrieved from /home/airflow/.local/lib/python3.8/site-packages/airflow/example_dags/example_xcom.py
[2026-03-18T08:04:05.225+0000] {logging_mixin.py:188} INFO - [2026-03-18T08:04:05.225+0000] {dag.py:3036} INFO - Sync 1 DAGs
[2026-03-18T08:04:05.238+0000] {logging_mixin.py:188} INFO - [2026-03-18T08:04:05.238+0000] {dag.py:3823} INFO - Setting next_dagrun for example_xcom to 2021-01-01 00:00:00+00:00, run_after=2021-01-01 00:00:00+00:00
[2026-03-18T08:04:05.248+0000] {processor.py:183} INFO - Processing /home/airflow/.local/lib/python3.8/site-packages/airflow/example_dags/example_xcom.py took 0.042 seconds
[2026-03-18T08:04:29.073+0000] {processor.py:161} INFO - Started process (PID=53) to work on /home/airflow/.local/lib/python3.8/site-packages/airflow/example_dags/example_xcom.py
[2026-03-18T08:04:29.074+0000] {processor.py:830} INFO - Processing file /home/airflow/.local/lib/python3.8/site-packages/airflow/example_dags/example_xcom.py for tasks to queue
[2026-03-18T08:04:29.076+0000] {logging_mixin.py:188} INFO - [2026-03-18T08:04:29.076+0000] {dagbag.py:538} INFO - Filling up the DagBag from /home/airflow/.local/lib/python3.8/site-packages/airflow/example_dags/example_xcom.py
[2026-03-18T08:04:29.081+0000] {processor.py:840} INFO - DAG(s) 'example_xcom' retrieved from /home/airflow/.local/lib/python3.8/site-packages/airflow/example_dags/example_xcom.py
[2026-03-18T08:04:29.088+0000] {logging_mixin.py:188} INFO - [2026-03-18T08:04:29.087+0000] {dag.py:3036} INFO - Sync 1 DAGs
[2026-03-18T08:04:29.102+0000] {logging_mixin.py:188} INFO - [2026-03-18T08:04:29.102+0000] {dag.py:3823} INFO - Setting next_dagrun for example_xcom to 2021-01-01 00:00:00+00:00, run_after=2021-01-01 00:00:00+00:00
[2026-03-18T08:04:29.117+0000] {processor.py:183} INFO - Processing /home/airflow/.local/lib/python3.8/site-packages/airflow/example_dags/example_xcom.py took 0.046 seconds
[2026-03-18T08:04:59.396+0000] {processor.py:161} INFO - Started process (PID=109) to work on /home/airflow/.local/lib/python3.8/site-packages/airflow/example_dags/example_xcom.py
[2026-03-18T08:04:59.399+0000] {processor.py:830} INFO - Processing file /home/airflow/.local/lib/python3.8/site-packages/airflow/example_dags/example_xcom.py for tasks to queue
[2026-03-18T08:04:59.400+0000] {logging_mixin.py:188} INFO - [2026-03-18T08:04:59.400+0000] {dagbag.py:538} INFO - Filling up the DagBag from /home/airflow/.local/lib/python3.8/site-packages/airflow/example_dags/example_xcom.py
[2026-03-18T08:04:59.404+0000] {processor.py:840} INFO - DAG(s) 'example_xcom' retrieved from /home/airflow/.local/lib/python3.8/site-packages/airflow/example_dags/example_xcom.py
[2026-03-18T08:04:59.447+0000] {logging_mixin.py:188} INFO - [2026-03-18T08:04:59.447+0000] {dag.py:3036} INFO - Sync 1 DAGs
[2026-03-18T08:04:59.456+0000] {logging_mixin.py:188} INFO - [2026-03-18T08:04:59.455+0000] {dag.py:3823} INFO - Setting next_dagrun for example_xcom to 2021-01-01 00:00:00+00:00, run_after=2021-01-01 00:00:00+00:00
[2026-03-18T08:04:59.465+0000] {processor.py:183} INFO - Processing /home/airflow/.local/lib/python3.8/site-packages/airflow/example_dags/example_xcom.py took 0.072 seconds
[2026-03-18T08:05:29.596+0000] {processor.py:161} INFO - Started process (PID=164) to work on /home/airflow/.local/lib/python3.8/site-packages/airflow/example_dags/example_xcom.py
[2026-03-18T08:05:29.596+0000] {processor.py:830} INFO - Processing file /home/airflow/.local/lib/python3.8/site-packages/airflow/example_dags/example_xcom.py for tasks to queue
[2026-03-18T08:05:29.597+0000] {logging_mixin.py:188} INFO - [2026-03-18T08:05:29.597+0000] {dagbag.py:538} INFO - Filling up the DagBag from /home/airflow/.local/lib/python3.8/site-packages/airflow/example_dags/example_xcom.py
[2026-03-18T08:05:29.603+0000] {processor.py:840} INFO - DAG(s) 'example_xcom' retrieved from /home/airflow/.local/lib/python3.8/site-packages/airflow/example_dags/example_xcom.py
[2026-03-18T08:05:29.611+0000] {logging_mixin.py:188} INFO - [2026-03-18T08:05:29.611+0000] {dag.py:3036} INFO - Sync 1 DAGs
[2026-03-18T08:05:29.619+0000] {logging_mixin.py:188} INFO - [2026-03-18T08:05:29.619+0000] {dag.py:3823} INFO - Setting next_dagrun for example_xcom to 2021-01-01 00:00:00+00:00, run_after=2021-01-01 00:00:00+00:00
[2026-03-18T08:05:29.633+0000] {processor.py:183} INFO - Processing /home/airflow/.local/lib/python3.8/site-packages/airflow/example_dags/example_xcom.py took 0.039 seconds
[2026-03-18T08:06:13.816+0000] {processor.py:161} INFO - Started process (PID=99) to work on /home/airflow/.local/lib/python3.8/site-packages/airflow/example_dags/example_xcom.py
[2026-03-18T08:06:13.818+0000] {processor.py:830} INFO - Processing file /home/airflow/.local/lib/python3.8/site-packages/airflow/example_dags/example_xcom.py for tasks to queue
[2026-03-18T08:06:13.820+0000] {logging_mixin.py:188} INFO - [2026-03-18T08:06:13.820+0000] {dagbag.py:538} INFO - Filling up the DagBag from /home/airflow/.local/lib/python3.8/site-packages/airflow/example_dags/example_xcom.py
[2026-03-18T08:06:13.825+0000] {processor.py:840} INFO - DAG(s) 'example_xcom' retrieved from /home/airflow/.local/lib/python3.8/site-packages/airflow/example_dags/example_xcom.py
[2026-03-18T08:06:13.880+0000] {logging_mixin.py:188} INFO - [2026-03-18T08:06:13.880+0000] {dag.py:3036} INFO - Sync 1 DAGs
[2026-03-18T08:06:13.898+0000] {logging_mixin.py:188} INFO - [2026-03-18T08:06:13.898+0000] {dag.py:3823} INFO - Setting next_dagrun for example_xcom to 2021-01-01 00:00:00+00:00, run_after=2021-01-01 00:00:00+00:00
[2026-03-18T08:06:13.907+0000] {processor.py:183} INFO - Processing /home/airflow/.local/lib/python3.8/site-packages/airflow/example_dags/example_xcom.py took 0.092 seconds
[2026-03-18T08:06:43.972+0000] {processor.py:161} INFO - Started process (PID=155) to work on /home/airflow/.local/lib/python3.8/site-packages/airflow/example_dags/example_xcom.py
[2026-03-18T08:06:43.973+0000] {processor.py:830} INFO - Processing file /home/airflow/.local/lib/python3.8/site-packages/airflow/example_dags/example_xcom.py for tasks to queue
[2026-03-18T08:06:43.974+0000] {logging_mixin.py:188} INFO - [2026-03-18T08:06:43.974+0000] {dagbag.py:538} INFO - Filling up the DagBag from /home/airflow/.local/lib/python3.8/site-packages/airflow/example_dags/example_xcom.py
[2026-03-18T08:06:43.981+0000] {processor.py:840} INFO - DAG(s) 'example_xcom' retrieved from /home/airflow/.local/lib/python3.8/site-packages/airflow/example_dags/example_xcom.py
[2026-03-18T08:06:43.994+0000] {logging_mixin.py:188} INFO - [2026-03-18T08:06:43.994+0000] {dag.py:3036} INFO - Sync 1 DAGs
[2026-03-18T08:06:44.004+0000] {logging_mixin.py:188} INFO - [2026-03-18T08:06:44.004+0000] {dag.py:3823} INFO - Setting next_dagrun for example_xcom to 2021-01-01 00:00:00+00:00, run_after=2021-01-01 00:00:00+00:00
[2026-03-18T08:06:44.011+0000] {processor.py:183} INFO - Processing /home/airflow/.local/lib/python3.8/site-packages/airflow/example_dags/example_xcom.py took 0.041 seconds
[2026-03-18T08:07:14.655+0000] {processor.py:161} INFO - Started process (PID=211) to work on /home/airflow/.local/lib/python3.8/site-packages/airflow/example_dags/example_xcom.py
[2026-03-18T08:07:14.656+0000] {processor.py:830} INFO - Processing file /home/airflow/.local/lib/python3.8/site-packages/airflow/example_dags/example_xcom.py for tasks to queue
[2026-03-18T08:07:14.657+0000] {logging_mixin.py:188} INFO - [2026-03-18T08:07:14.657+0000] {dagbag.py:538} INFO - Filling up the DagBag from /home/airflow/.local/lib/python3.8/site-packages/airflow/example_dags/example_xcom.py
[2026-03-18T08:07:14.661+0000] {processor.py:840} INFO - DAG(s) 'example_xcom' retrieved from /home/airflow/.local/lib/python3.8/site-packages/airflow/example_dags/example_xcom.py
[2026-03-18T08:07:14.670+0000] {logging_mixin.py:188} INFO - [2026-03-18T08:07:14.670+0000] {dag.py:3036} INFO - Sync 1 DAGs
[2026-03-18T08:07:14.682+0000] {logging_mixin.py:188} INFO - [2026-03-18T08:07:14.682+0000] {dag.py:3823} INFO - Setting next_dagrun for example_xcom to 2021-01-01 00:00:00+00:00, run_after=2021-01-01 00:00:00+00:00
[2026-03-18T08:07:14.689+0000] {processor.py:183} INFO - Processing /home/airflow/.local/lib/python3.8/site-packages/airflow/example_dags/example_xcom.py took 0.036 seconds
[2026-03-18T08:07:45.181+0000] {processor.py:161} INFO - Started process (PID=267) to work on /home/airflow/.local/lib/python3.8/site-packages/airflow/example_dags/example_xcom.py
[2026-03-18T08:07:45.182+0000] {processor.py:830} INFO - Processing file /home/airflow/.local/lib/python3.8/site-packages/airflow/example_dags/example_xcom.py for tasks to queue
[2026-03-18T08:07:45.182+0000] {logging_mixin.py:188} INFO - [2026-03-18T08:07:45.182+0000] {dagbag.py:538} INFO - Filling up the DagBag from /home/airflow/.local/lib/python3.8/site-packages/airflow/example_dags/example_xcom.py
[2026-03-18T08:07:45.186+0000] {processor.py:840} INFO - DAG(s) 'example_xcom' retrieved from /home/airflow/.local/lib/python3.8/site-packages/airflow/example_dags/example_xcom.py
[2026-03-18T08:07:45.197+0000] {logging_mixin.py:188} INFO - [2026-03-18T08:07:45.197+0000] {dag.py:3036} INFO - Sync 1 DAGs
[2026-03-18T08:07:45.205+0000] {logging_mixin.py:188} INFO - [2026-03-18T08:07:45.205+0000] {dag.py:3823} INFO - Setting next_dagrun for example_xcom to 2021-01-01 00:00:00+00:00, run_after=2021-01-01 00:00:00+00:00
[2026-03-18T08:07:45.216+0000] {processor.py:183} INFO - Processing /home/airflow/.local/lib/python3.8/site-packages/airflow/example_dags/example_xcom.py took 0.036 seconds
[2026-03-18T08:08:15.675+0000] {processor.py:161} INFO - Started process (PID=323) to work on /home/airflow/.local/lib/python3.8/site-packages/airflow/example_dags/example_xcom.py
[2026-03-18T08:08:15.675+0000] {processor.py:830} INFO - Processing file /home/airflow/.local/lib/python3.8/site-packages/airflow/example_dags/example_xcom.py for tasks to queue
[2026-03-18T08:08:15.676+0000] {logging_mixin.py:188} INFO - [2026-03-18T08:08:15.676+0000] {dagbag.py:538} INFO - Filling up the DagBag from /home/airflow/.local/lib/python3.8/site-packages/airflow/example_dags/example_xcom.py
[2026-03-18T08:08:15.679+0000] {processor.py:840} INFO - DAG(s) 'example_xcom' retrieved from /home/airflow/.local/lib/python3.8/site-packages/airflow/example_dags/example_xcom.py
[2026-03-18T08:08:15.688+0000] {logging_mixin.py:188} INFO - [2026-03-18T08:08:15.688+0000] {dag.py:3036} INFO - Sync 1 DAGs
[2026-03-18T08:08:15.696+0000] {logging_mixin.py:188} INFO - [2026-03-18T08:08:15.696+0000] {dag.py:3823} INFO - Setting next_dagrun for example_xcom to 2021-01-01 00:00:00+00:00, run_after=2021-01-01 00:00:00+00:00
[2026-03-18T08:08:15.706+0000] {processor.py:183} INFO - Processing /home/airflow/.local/lib/python3.8/site-packages/airflow/example_dags/example_xcom.py took 0.033 seconds
[2026-03-18T08:08:46.243+0000] {processor.py:161} INFO - Started process (PID=385) to work on /home/airflow/.local/lib/python3.8/site-packages/airflow/example_dags/example_xcom.py
[2026-03-18T08:08:46.245+0000] {processor.py:830} INFO - Processing file /home/airflow/.local/lib/python3.8/site-packages/airflow/example_dags/example_xcom.py for tasks to queue
[2026-03-18T08:08:46.247+0000] {logging_mixin.py:188} INFO - [2026-03-18T08:08:46.247+0000] {dagbag.py:538} INFO - Filling up the DagBag from /home/airflow/.local/lib/python3.8/site-packages/airflow/example_dags/example_xcom.py
[2026-03-18T08:08:46.251+0000] {processor.py:840} INFO - DAG(s) 'example_xcom' retrieved from /home/airflow/.local/lib/python3.8/site-packages/airflow/example_dags/example_xcom.py
[2026-03-18T08:08:46.262+0000] {logging_mixin.py:188} INFO - [2026-03-18T08:08:46.262+0000] {dag.py:3036} INFO - Sync 1 DAGs
[2026-03-18T08:08:46.272+0000] {logging_mixin.py:188} INFO - [2026-03-18T08:08:46.272+0000] {dag.py:3823} INFO - Setting next_dagrun for example_xcom to 2021-01-01 00:00:00+00:00, run_after=2021-01-01 00:00:00+00:00
[2026-03-18T08:08:46.281+0000] {processor.py:183} INFO - Processing /home/airflow/.local/lib/python3.8/site-packages/airflow/example_dags/example_xcom.py took 0.040 seconds
[2026-03-18T08:09:16.749+0000] {processor.py:161} INFO - Started process (PID=441) to work on /home/airflow/.local/lib/python3.8/site-packages/airflow/example_dags/example_xcom.py
[2026-03-18T08:09:16.750+0000] {processor.py:830} INFO - Processing file /home/airflow/.local/lib/python3.8/site-packages/airflow/example_dags/example_xcom.py for tasks to queue
[2026-03-18T08:09:16.751+0000] {logging_mixin.py:188} INFO - [2026-03-18T08:09:16.751+0000] {dagbag.py:538} INFO - Filling up the DagBag from /home/airflow/.local/lib/python3.8/site-packages/airflow/example_dags/example_xcom.py
[2026-03-18T08:09:16.754+0000] {processor.py:840} INFO - DAG(s) 'example_xcom' retrieved from /home/airflow/.local/lib/python3.8/site-packages/airflow/example_dags/example_xcom.py
[2026-03-18T08:09:16.764+0000] {logging_mixin.py:188} INFO - [2026-03-18T08:09:16.764+0000] {dag.py:3036} INFO - Sync 1 DAGs
[2026-03-18T08:09:16.774+0000] {logging_mixin.py:188} INFO - [2026-03-18T08:09:16.774+0000] {dag.py:3823} INFO - Setting next_dagrun for example_xcom to 2021-01-01 00:00:00+00:00, run_after=2021-01-01 00:00:00+00:00
[2026-03-18T08:09:16.784+0000] {processor.py:183} INFO - Processing /home/airflow/.local/lib/python3.8/site-packages/airflow/example_dags/example_xcom.py took 0.036 seconds
[2026-03-18T08:09:47.297+0000] {processor.py:161} INFO - Started process (PID=497) to work on /home/airflow/.local/lib/python3.8/site-packages/airflow/example_dags/example_xcom.py
[2026-03-18T08:09:47.298+0000] {processor.py:830} INFO - Processing file /home/airflow/.local/lib/python3.8/site-packages/airflow/example_dags/example_xcom.py for tasks to queue
[2026-03-18T08:09:47.299+0000] {logging_mixin.py:188} INFO - [2026-03-18T08:09:47.298+0000] {dagbag.py:538} INFO - Filling up the DagBag from /home/airflow/.local/lib/python3.8/site-packages/airflow/example_dags/example_xcom.py
[2026-03-18T08:09:47.302+0000] {processor.py:840} INFO - DAG(s) 'example_xcom' retrieved from /home/airflow/.local/lib/python3.8/site-packages/airflow/example_dags/example_xcom.py
[2026-03-18T08:09:47.310+0000] {logging_mixin.py:188} INFO - [2026-03-18T08:09:47.310+0000] {dag.py:3036} INFO - Sync 1 DAGs
[2026-03-18T08:09:47.319+0000] {logging_mixin.py:188} INFO - [2026-03-18T08:09:47.319+0000] {dag.py:3823} INFO - Setting next_dagrun for example_xcom to 2021-01-01 00:00:00+00:00, run_after=2021-01-01 00:00:00+00:00
[2026-03-18T08:09:47.330+0000] {processor.py:183} INFO - Processing /home/airflow/.local/lib/python3.8/site-packages/airflow/example_dags/example_xcom.py took 0.035 seconds
[2026-03-18T08:10:17.792+0000] {processor.py:161} INFO - Started process (PID=553) to work on /home/airflow/.local/lib/python3.8/site-packages/airflow/example_dags/example_xcom.py
[2026-03-18T08:10:17.792+0000] {processor.py:830} INFO - Processing file /home/airflow/.local/lib/python3.8/site-packages/airflow/example_dags/example_xcom.py for tasks to queue
[2026-03-18T08:10:17.793+0000] {logging_mixin.py:188} INFO - [2026-03-18T08:10:17.793+0000] {dagbag.py:538} INFO - Filling up the DagBag from /home/airflow/.local/lib/python3.8/site-packages/airflow/example_dags/example_xcom.py
[2026-03-18T08:10:17.797+0000] {processor.py:840} INFO - DAG(s) 'example_xcom' retrieved from /home/airflow/.local/lib/python3.8/site-packages/airflow/example_dags/example_xcom.py
[2026-03-18T08:10:17.809+0000] {logging_mixin.py:188} INFO - [2026-03-18T08:10:17.808+0000] {dag.py:3036} INFO - Sync 1 DAGs
[2026-03-18T08:10:17.818+0000] {logging_mixin.py:188} INFO - [2026-03-18T08:10:17.817+0000] {dag.py:3823} INFO - Setting next_dagrun for example_xcom to 2021-01-01 00:00:00+00:00, run_after=2021-01-01 00:00:00+00:00
[2026-03-18T08:10:17.830+0000] {processor.py:183} INFO - Processing /home/airflow/.local/lib/python3.8/site-packages/airflow/example_dags/example_xcom.py took 0.041 seconds
[2026-03-18T08:10:48.377+0000] {processor.py:161} INFO - Started process (PID=609) to work on /home/airflow/.local/lib/python3.8/site-packages/airflow/example_dags/example_xcom.py
[2026-03-18T08:10:48.378+0000] {processor.py:830} INFO - Processing file /home/airflow/.local/lib/python3.8/site-packages/airflow/example_dags/example_xcom.py for tasks to queue
[2026-03-18T08:10:48.379+0000] {logging_mixin.py:188} INFO - [2026-03-18T08:10:48.379+0000] {dagbag.py:538} INFO - Filling up the DagBag from /home/airflow/.local/lib/python3.8/site-packages/airflow/example_dags/example_xcom.py
[2026-03-18T08:10:48.382+0000] {processor.py:840} INFO - DAG(s) 'example_xcom' retrieved from /home/airflow/.local/lib/python3.8/site-packages/airflow/example_dags/example_xcom.py
[2026-03-18T08:10:48.389+0000] {logging_mixin.py:188} INFO - [2026-03-18T08:10:48.389+0000] {dag.py:3036} INFO - Sync 1 DAGs
[2026-03-18T08:10:48.396+0000] {logging_mixin.py:188} INFO - [2026-03-18T08:10:48.396+0000] {dag.py:3823} INFO - Setting next_dagrun for example_xcom to 2021-01-01 00:00:00+00:00, run_after=2021-01-01 00:00:00+00:00
[2026-03-18T08:10:48.402+0000] {processor.py:183} INFO - Processing /home/airflow/.local/lib/python3.8/site-packages/airflow/example_dags/example_xcom.py took 0.026 seconds
[2026-03-18T08:11:18.847+0000] {processor.py:161} INFO - Started process (PID=665) to work on /home/airflow/.local/lib/python3.8/site-packages/airflow/example_dags/example_xcom.py
[2026-03-18T08:11:18.847+0000] {processor.py:830} INFO - Processing file /home/airflow/.local/lib/python3.8/site-packages/airflow/example_dags/example_xcom.py for tasks to queue
[2026-03-18T08:11:18.848+0000] {logging_mixin.py:188} INFO - [2026-03-18T08:11:18.848+0000] {dagbag.py:538} INFO - Filling up the DagBag from /home/airflow/.local/lib/python3.8/site-packages/airflow/example_dags/example_xcom.py
[2026-03-18T08:11:18.852+0000] {processor.py:840} INFO - DAG(s) 'example_xcom' retrieved from /home/airflow/.local/lib/python3.8/site-packages/airflow/example_dags/example_xcom.py
[2026-03-18T08:11:18.865+0000] {logging_mixin.py:188} INFO - [2026-03-18T08:11:18.865+0000] {dag.py:3036} INFO - Sync 1 DAGs
[2026-03-18T08:11:18.880+0000] {logging_mixin.py:188} INFO - [2026-03-18T08:11:18.880+0000] {dag.py:3823} INFO - Setting next_dagrun for example_xcom to 2021-01-01 00:00:00+00:00, run_after=2021-01-01 00:00:00+00:00
[2026-03-18T08:11:18.890+0000] {processor.py:183} INFO - Processing /home/airflow/.local/lib/python3.8/site-packages/airflow/example_dags/example_xcom.py took 0.045 seconds
[2026-03-18T08:11:49.382+0000] {processor.py:161} INFO - Started process (PID=721) to work on /home/airflow/.local/lib/python3.8/site-packages/airflow/example_dags/example_xcom.py
[2026-03-18T08:11:49.383+0000] {processor.py:830} INFO - Processing file /home/airflow/.local/lib/python3.8/site-packages/airflow/example_dags/example_xcom.py for tasks to queue
[2026-03-18T08:11:49.384+0000] {logging_mixin.py:188} INFO - [2026-03-18T08:11:49.384+0000] {dagbag.py:538} INFO - Filling up the DagBag from /home/airflow/.local/lib/python3.8/site-packages/airflow/example_dags/example_xcom.py
[2026-03-18T08:11:49.387+0000] {processor.py:840} INFO - DAG(s) 'example_xcom' retrieved from /home/airflow/.local/lib/python3.8/site-packages/airflow/example_dags/example_xcom.py
[2026-03-18T08:11:49.397+0000] {logging_mixin.py:188} INFO - [2026-03-18T08:11:49.397+0000] {dag.py:3036} INFO - Sync 1 DAGs
[2026-03-18T08:11:49.408+0000] {logging_mixin.py:188} INFO - [2026-03-18T08:11:49.408+0000] {dag.py:3823} INFO - Setting next_dagrun for example_xcom to 2021-01-01 00:00:00+00:00, run_after=2021-01-01 00:00:00+00:00
[2026-03-18T08:11:49.420+0000] {processor.py:183} INFO - Processing /home/airflow/.local/lib/python3.8/site-packages/airflow/example_dags/example_xcom.py took 0.039 seconds
[2026-03-18T08:12:19.946+0000] {processor.py:161} INFO - Started process (PID=777) to work on /home/airflow/.local/lib/python3.8/site-packages/airflow/example_dags/example_xcom.py
[2026-03-18T08:12:19.948+0000] {processor.py:830} INFO - Processing file /home/airflow/.local/lib/python3.8/site-packages/airflow/example_dags/example_xcom.py for tasks to queue
[2026-03-18T08:12:19.949+0000] {logging_mixin.py:188} INFO - [2026-03-18T08:12:19.949+0000] {dagbag.py:538} INFO - Filling up the DagBag from /home/airflow/.local/lib/python3.8/site-packages/airflow/example_dags/example_xcom.py
[2026-03-18T08:12:19.953+0000] {processor.py:840} INFO - DAG(s) 'example_xcom' retrieved from /home/airflow/.local/lib/python3.8/site-packages/airflow/example_dags/example_xcom.py
[2026-03-18T08:12:19.961+0000] {logging_mixin.py:188} INFO - [2026-03-18T08:12:19.961+0000] {dag.py:3036} INFO - Sync 1 DAGs
[2026-03-18T08:12:19.969+0000] {logging_mixin.py:188} INFO - [2026-03-18T08:12:19.969+0000] {dag.py:3823} INFO - Setting next_dagrun for example_xcom to 2021-01-01 00:00:00+00:00, run_after=2021-01-01 00:00:00+00:00
[2026-03-18T08:12:19.976+0000] {processor.py:183} INFO - Processing /home/airflow/.local/lib/python3.8/site-packages/airflow/example_dags/example_xcom.py took 0.031 seconds
[2026-03-18T08:12:50.331+0000] {processor.py:161} INFO - Started process (PID=833) to work on /home/airflow/.local/lib/python3.8/site-packages/airflow/example_dags/example_xcom.py
[2026-03-18T08:12:50.332+0000] {processor.py:830} INFO - Processing file /home/airflow/.local/lib/python3.8/site-packages/airflow/example_dags/example_xcom.py for tasks to queue
[2026-03-18T08:12:50.333+0000] {logging_mixin.py:188} INFO - [2026-03-18T08:12:50.333+0000] {dagbag.py:538} INFO - Filling up the DagBag from /home/airflow/.local/lib/python3.8/site-packages/airflow/example_dags/example_xcom.py
[2026-03-18T08:12:50.337+0000] {processor.py:840} INFO - DAG(s) 'example_xcom' retrieved from /home/airflow/.local/lib/python3.8/site-packages/airflow/example_dags/example_xcom.py
[2026-03-18T08:12:50.345+0000] {logging_mixin.py:188} INFO - [2026-03-18T08:12:50.344+0000] {dag.py:3036} INFO - Sync 1 DAGs
[2026-03-18T08:12:50.354+0000] {logging_mixin.py:188} INFO - [2026-03-18T08:12:50.354+0000] {dag.py:3823} INFO - Setting next_dagrun for example_xcom to 2021-01-01 00:00:00+00:00, run_after=2021-01-01 00:00:00+00:00
[2026-03-18T08:12:50.365+0000] {processor.py:183} INFO - Processing /home/airflow/.local/lib/python3.8/site-packages/airflow/example_dags/example_xcom.py took 0.035 seconds
[2026-03-18T08:13:20.776+0000] {processor.py:161} INFO - Started process (PID=889) to work on /home/airflow/.local/lib/python3.8/site-packages/airflow/example_dags/example_xcom.py
[2026-03-18T08:13:20.777+0000] {processor.py:830} INFO - Processing file /home/airflow/.local/lib/python3.8/site-packages/airflow/example_dags/example_xcom.py for tasks to queue
[2026-03-18T08:13:20.777+0000] {logging_mixin.py:188} INFO - [2026-03-18T08:13:20.777+0000] {dagbag.py:538} INFO - Filling up the DagBag from /home/airflow/.local/lib/python3.8/site-packages/airflow/example_dags/example_xcom.py
[2026-03-18T08:13:20.781+0000] {processor.py:840} INFO - DAG(s) 'example_xcom' retrieved from /home/airflow/.local/lib/python3.8/site-packages/airflow/example_dags/example_xcom.py
[2026-03-18T08:13:20.790+0000] {logging_mixin.py:188} INFO - [2026-03-18T08:13:20.790+0000] {dag.py:3036} INFO - Sync 1 DAGs
[2026-03-18T08:13:20.798+0000] {logging_mixin.py:188} INFO - [2026-03-18T08:13:20.798+0000] {dag.py:3823} INFO - Setting next_dagrun for example_xcom to 2021-01-01 00:00:00+00:00, run_after=2021-01-01 00:00:00+00:00
[2026-03-18T08:13:20.807+0000] {processor.py:183} INFO - Processing /home/airflow/.local/lib/python3.8/site-packages/airflow/example_dags/example_xcom.py took 0.033 seconds
[2026-03-18T08:13:51.327+0000] {processor.py:161} INFO - Started process (PID=945) to work on /home/airflow/.local/lib/python3.8/site-packages/airflow/example_dags/example_xcom.py
[2026-03-18T08:13:51.328+0000] {processor.py:830} INFO - Processing file /home/airflow/.local/lib/python3.8/site-packages/airflow/example_dags/example_xcom.py for tasks to queue
[2026-03-18T08:13:51.328+0000] {logging_mixin.py:188} INFO - [2026-03-18T08:13:51.328+0000] {dagbag.py:538} INFO - Filling up the DagBag from /home/airflow/.local/lib/python3.8/site-packages/airflow/example_dags/example_xcom.py
[2026-03-18T08:13:51.332+0000] {processor.py:840} INFO - DAG(s) 'example_xcom' retrieved from /home/airflow/.local/lib/python3.8/site-packages/airflow/example_dags/example_xcom.py
[2026-03-18T08:13:51.343+0000] {logging_mixin.py:188} INFO - [2026-03-18T08:13:51.343+0000] {dag.py:3036} INFO - Sync 1 DAGs
[2026-03-18T08:13:51.353+0000] {logging_mixin.py:188} INFO - [2026-03-18T08:13:51.352+0000] {dag.py:3823} INFO - Setting next_dagrun for example_xcom to 2021-01-01 00:00:00+00:00, run_after=2021-01-01 00:00:00+00:00
[2026-03-18T08:13:51.368+0000] {processor.py:183} INFO - Processing /home/airflow/.local/lib/python3.8/site-packages/airflow/example_dags/example_xcom.py took 0.042 seconds
[2026-03-18T08:14:21.910+0000] {processor.py:161} INFO - Started process (PID=1001) to work on /home/airflow/.local/lib/python3.8/site-packages/airflow/example_dags/example_xcom.py
[2026-03-18T08:14:21.911+0000] {processor.py:830} INFO - Processing file /home/airflow/.local/lib/python3.8/site-packages/airflow/example_dags/example_xcom.py for tasks to queue
[2026-03-18T08:14:21.911+0000] {logging_mixin.py:188} INFO - [2026-03-18T08:14:21.911+0000] {dagbag.py:538} INFO - Filling up the DagBag from /home/airflow/.local/lib/python3.8/site-packages/airflow/example_dags/example_xcom.py
[2026-03-18T08:14:21.915+0000] {processor.py:840} INFO - DAG(s) 'example_xcom' retrieved from /home/airflow/.local/lib/python3.8/site-packages/airflow/example_dags/example_xcom.py
[2026-03-18T08:14:21.925+0000] {logging_mixin.py:188} INFO - [2026-03-18T08:14:21.925+0000] {dag.py:3036} INFO - Sync 1 DAGs
[2026-03-18T08:14:21.933+0000] {logging_mixin.py:188} INFO - [2026-03-18T08:14:21.933+0000] {dag.py:3823} INFO - Setting next_dagrun for example_xcom to 2021-01-01 00:00:00+00:00, run_after=2021-01-01 00:00:00+00:00
[2026-03-18T08:14:21.943+0000] {processor.py:183} INFO - Processing /home/airflow/.local/lib/python3.8/site-packages/airflow/example_dags/example_xcom.py took 0.034 seconds
[2026-03-18T08:14:52.468+0000] {processor.py:161} INFO - Started process (PID=1057) to work on /home/airflow/.local/lib/python3.8/site-packages/airflow/example_dags/example_xcom.py
[2026-03-18T08:14:52.469+0000] {processor.py:830} INFO - Processing file /home/airflow/.local/lib/python3.8/site-packages/airflow/example_dags/example_xcom.py for tasks to queue
[2026-03-18T08:14:52.471+0000] {logging_mixin.py:188} INFO - [2026-03-18T08:14:52.470+0000] {dagbag.py:538} INFO - Filling up the DagBag from /home/airflow/.local/lib/python3.8/site-packages/airflow/example_dags/example_xcom.py
[2026-03-18T08:14:52.476+0000] {processor.py:840} INFO - DAG(s) 'example_xcom' retrieved from /home/airflow/.local/lib/python3.8/site-packages/airflow/example_dags/example_xcom.py
[2026-03-18T08:14:52.488+0000] {logging_mixin.py:188} INFO - [2026-03-18T08:14:52.488+0000] {dag.py:3036} INFO - Sync 1 DAGs
[2026-03-18T08:14:52.498+0000] {logging_mixin.py:188} INFO - [2026-03-18T08:14:52.498+0000] {dag.py:3823} INFO - Setting next_dagrun for example_xcom to 2021-01-01 00:00:00+00:00, run_after=2021-01-01 00:00:00+00:00
[2026-03-18T08:14:52.507+0000] {processor.py:183} INFO - Processing /home/airflow/.local/lib/python3.8/site-packages/airflow/example_dags/example_xcom.py took 0.041 seconds
[2026-03-18T08:15:23.171+0000] {processor.py:161} INFO - Started process (PID=1113) to work on /home/airflow/.local/lib/python3.8/site-packages/airflow/example_dags/example_xcom.py
[2026-03-18T08:15:23.173+0000] {processor.py:830} INFO - Processing file /home/airflow/.local/lib/python3.8/site-packages/airflow/example_dags/example_xcom.py for tasks to queue
[2026-03-18T08:15:23.174+0000] {logging_mixin.py:188} INFO - [2026-03-18T08:15:23.173+0000] {dagbag.py:538} INFO - Filling up the DagBag from /home/airflow/.local/lib/python3.8/site-packages/airflow/example_dags/example_xcom.py
[2026-03-18T08:15:23.177+0000] {processor.py:840} INFO - DAG(s) 'example_xcom' retrieved from /home/airflow/.local/lib/python3.8/site-packages/airflow/example_dags/example_xcom.py
[2026-03-18T08:15:23.186+0000] {logging_mixin.py:188} INFO - [2026-03-18T08:15:23.186+0000] {dag.py:3036} INFO - Sync 1 DAGs
[2026-03-18T08:15:23.194+0000] {logging_mixin.py:188} INFO - [2026-03-18T08:15:23.194+0000] {dag.py:3823} INFO - Setting next_dagrun for example_xcom to 2021-01-01 00:00:00+00:00, run_after=2021-01-01 00:00:00+00:00
[2026-03-18T08:15:23.204+0000] {processor.py:183} INFO - Processing /home/airflow/.local/lib/python3.8/site-packages/airflow/example_dags/example_xcom.py took 0.035 seconds
[2026-03-18T08:15:53.713+0000] {processor.py:161} INFO - Started process (PID=1169) to work on /home/airflow/.local/lib/python3.8/site-packages/airflow/example_dags/example_xcom.py
[2026-03-18T08:15:53.714+0000] {processor.py:830} INFO - Processing file /home/airflow/.local/lib/python3.8/site-packages/airflow/example_dags/example_xcom.py for tasks to queue
[2026-03-18T08:15:53.715+0000] {logging_mixin.py:188} INFO - [2026-03-18T08:15:53.715+0000] {dagbag.py:538} INFO - Filling up the DagBag from /home/airflow/.local/lib/python3.8/site-packages/airflow/example_dags/example_xcom.py
[2026-03-18T08:15:53.720+0000] {processor.py:840} INFO - DAG(s) 'example_xcom' retrieved from /home/airflow/.local/lib/python3.8/site-packages/airflow/example_dags/example_xcom.py
[2026-03-18T08:15:53.730+0000] {logging_mixin.py:188} INFO - [2026-03-18T08:15:53.730+0000] {dag.py:3036} INFO - Sync 1 DAGs
[2026-03-18T08:15:53.739+0000] {logging_mixin.py:188} INFO - [2026-03-18T08:15:53.738+0000] {dag.py:3823} INFO - Setting next_dagrun for example_xcom to 2021-01-01 00:00:00+00:00, run_after=2021-01-01 00:00:00+00:00
[2026-03-18T08:15:53.745+0000] {processor.py:183} INFO - Processing /home/airflow/.local/lib/python3.8/site-packages/airflow/example_dags/example_xcom.py took 0.034 seconds
[2026-03-18T08:16:24.220+0000] {processor.py:161} INFO - Started process (PID=1225) to work on /home/airflow/.local/lib/python3.8/site-packages/airflow/example_dags/example_xcom.py
[2026-03-18T08:16:24.220+0000] {processor.py:830} INFO - Processing file /home/airflow/.local/lib/python3.8/site-packages/airflow/example_dags/example_xcom.py for tasks to queue
[2026-03-18T08:16:24.221+0000] {logging_mixin.py:188} INFO - [2026-03-18T08:16:24.221+0000] {dagbag.py:538} INFO - Filling up the DagBag from /home/airflow/.local/lib/python3.8/site-packages/airflow/example_dags/example_xcom.py
[2026-03-18T08:16:24.224+0000] {processor.py:840} INFO - DAG(s) 'example_xcom' retrieved from /home/airflow/.local/lib/python3.8/site-packages/airflow/example_dags/example_xcom.py
[2026-03-18T08:16:24.235+0000] {logging_mixin.py:188} INFO - [2026-03-18T08:16:24.235+0000] {dag.py:3036} INFO - Sync 1 DAGs
[2026-03-18T08:16:24.247+0000] {logging_mixin.py:188} INFO - [2026-03-18T08:16:24.247+0000] {dag.py:3823} INFO - Setting next_dagrun for example_xcom to 2021-01-01 00:00:00+00:00, run_after=2021-01-01 00:00:00+00:00
[2026-03-18T08:16:24.256+0000] {processor.py:183} INFO - Processing /home/airflow/.local/lib/python3.8/site-packages/airflow/example_dags/example_xcom.py took 0.038 seconds
[2026-03-18T08:16:54.815+0000] {processor.py:161} INFO - Started process (PID=1282) to work on /home/airflow/.local/lib/python3.8/site-packages/airflow/example_dags/example_xcom.py
[2026-03-18T08:16:54.816+0000] {processor.py:830} INFO - Processing file /home/airflow/.local/lib/python3.8/site-packages/airflow/example_dags/example_xcom.py for tasks to queue
[2026-03-18T08:16:54.817+0000] {logging_mixin.py:188} INFO - [2026-03-18T08:16:54.817+0000] {dagbag.py:538} INFO - Filling up the DagBag from /home/airflow/.local/lib/python3.8/site-packages/airflow/example_dags/example_xcom.py
[2026-03-18T08:16:54.821+0000] {processor.py:840} INFO - DAG(s) 'example_xcom' retrieved from /home/airflow/.local/lib/python3.8/site-packages/airflow/example_dags/example_xcom.py
[2026-03-18T08:16:54.831+0000] {logging_mixin.py:188} INFO - [2026-03-18T08:16:54.830+0000] {dag.py:3036} INFO - Sync 1 DAGs
[2026-03-18T08:16:54.840+0000] {logging_mixin.py:188} INFO - [2026-03-18T08:16:54.840+0000] {dag.py:3823} INFO - Setting next_dagrun for example_xcom to 2021-01-01 00:00:00+00:00, run_after=2021-01-01 00:00:00+00:00
[2026-03-18T08:16:54.851+0000] {processor.py:183} INFO - Processing /home/airflow/.local/lib/python3.8/site-packages/airflow/example_dags/example_xcom.py took 0.037 seconds
