[2026-03-18T07:45:19.376+0000] {processor.py:161} INFO - Started process (PID=84) to work on /home/airflow/.local/lib/python3.8/site-packages/airflow/example_dags/example_sla_dag.py
[2026-03-18T07:45:19.377+0000] {processor.py:830} INFO - Processing file /home/airflow/.local/lib/python3.8/site-packages/airflow/example_dags/example_sla_dag.py for tasks to queue
[2026-03-18T07:45:19.377+0000] {logging_mixin.py:188} INFO - [2026-03-18T07:45:19.377+0000] {dagbag.py:538} INFO - Filling up the DagBag from /home/airflow/.local/lib/python3.8/site-packages/airflow/example_dags/example_sla_dag.py
[2026-03-18T07:45:19.382+0000] {processor.py:840} INFO - DAG(s) 'example_sla_dag' retrieved from /home/airflow/.local/lib/python3.8/site-packages/airflow/example_dags/example_sla_dag.py
[2026-03-18T07:45:19.424+0000] {logging_mixin.py:188} INFO - [2026-03-18T07:45:19.424+0000] {override.py:1769} INFO - Created Permission View: can read on DAG:example_sla_dag
[2026-03-18T07:45:19.428+0000] {logging_mixin.py:188} INFO - [2026-03-18T07:45:19.428+0000] {override.py:1769} INFO - Created Permission View: can delete on DAG:example_sla_dag
[2026-03-18T07:45:19.431+0000] {logging_mixin.py:188} INFO - [2026-03-18T07:45:19.430+0000] {override.py:1769} INFO - Created Permission View: can edit on DAG:example_sla_dag
[2026-03-18T07:45:19.431+0000] {logging_mixin.py:188} INFO - [2026-03-18T07:45:19.431+0000] {dag.py:3036} INFO - Sync 1 DAGs
[2026-03-18T07:45:19.436+0000] {logging_mixin.py:188} INFO - [2026-03-18T07:45:19.436+0000] {dag.py:3058} INFO - Creating ORM DAG for example_sla_dag
[2026-03-18T07:45:19.441+0000] {logging_mixin.py:188} INFO - [2026-03-18T07:45:19.441+0000] {dag.py:3823} INFO - Setting next_dagrun for example_sla_dag to 2026-03-18 07:42:00+00:00, run_after=2026-03-18 07:44:00+00:00
[2026-03-18T07:45:19.448+0000] {processor.py:183} INFO - Processing /home/airflow/.local/lib/python3.8/site-packages/airflow/example_dags/example_sla_dag.py took 0.074 seconds
[2026-03-18T07:45:49.853+0000] {processor.py:161} INFO - Started process (PID=139) to work on /home/airflow/.local/lib/python3.8/site-packages/airflow/example_dags/example_sla_dag.py
[2026-03-18T07:45:49.854+0000] {processor.py:830} INFO - Processing file /home/airflow/.local/lib/python3.8/site-packages/airflow/example_dags/example_sla_dag.py for tasks to queue
[2026-03-18T07:45:49.855+0000] {logging_mixin.py:188} INFO - [2026-03-18T07:45:49.855+0000] {dagbag.py:538} INFO - Filling up the DagBag from /home/airflow/.local/lib/python3.8/site-packages/airflow/example_dags/example_sla_dag.py
[2026-03-18T07:45:49.859+0000] {processor.py:840} INFO - DAG(s) 'example_sla_dag' retrieved from /home/airflow/.local/lib/python3.8/site-packages/airflow/example_dags/example_sla_dag.py
[2026-03-18T07:45:49.869+0000] {logging_mixin.py:188} INFO - [2026-03-18T07:45:49.869+0000] {dag.py:3036} INFO - Sync 1 DAGs
[2026-03-18T07:45:49.881+0000] {logging_mixin.py:188} INFO - [2026-03-18T07:45:49.881+0000] {dag.py:3823} INFO - Setting next_dagrun for example_sla_dag to 2026-03-18 07:42:00+00:00, run_after=2026-03-18 07:44:00+00:00
[2026-03-18T07:45:49.889+0000] {processor.py:183} INFO - Processing /home/airflow/.local/lib/python3.8/site-packages/airflow/example_dags/example_sla_dag.py took 0.038 seconds
[2026-03-18T07:46:20.262+0000] {processor.py:161} INFO - Started process (PID=194) to work on /home/airflow/.local/lib/python3.8/site-packages/airflow/example_dags/example_sla_dag.py
[2026-03-18T07:46:20.262+0000] {processor.py:830} INFO - Processing file /home/airflow/.local/lib/python3.8/site-packages/airflow/example_dags/example_sla_dag.py for tasks to queue
[2026-03-18T07:46:20.264+0000] {logging_mixin.py:188} INFO - [2026-03-18T07:46:20.264+0000] {dagbag.py:538} INFO - Filling up the DagBag from /home/airflow/.local/lib/python3.8/site-packages/airflow/example_dags/example_sla_dag.py
[2026-03-18T07:46:20.269+0000] {processor.py:840} INFO - DAG(s) 'example_sla_dag' retrieved from /home/airflow/.local/lib/python3.8/site-packages/airflow/example_dags/example_sla_dag.py
[2026-03-18T07:46:20.281+0000] {logging_mixin.py:188} INFO - [2026-03-18T07:46:20.280+0000] {dag.py:3036} INFO - Sync 1 DAGs
[2026-03-18T07:46:20.292+0000] {logging_mixin.py:188} INFO - [2026-03-18T07:46:20.292+0000] {dag.py:3823} INFO - Setting next_dagrun for example_sla_dag to 2026-03-18 07:44:00+00:00, run_after=2026-03-18 07:46:00+00:00
[2026-03-18T07:46:20.300+0000] {processor.py:183} INFO - Processing /home/airflow/.local/lib/python3.8/site-packages/airflow/example_dags/example_sla_dag.py took 0.041 seconds
[2026-03-18T07:46:50.565+0000] {processor.py:161} INFO - Started process (PID=249) to work on /home/airflow/.local/lib/python3.8/site-packages/airflow/example_dags/example_sla_dag.py
[2026-03-18T07:46:50.566+0000] {processor.py:830} INFO - Processing file /home/airflow/.local/lib/python3.8/site-packages/airflow/example_dags/example_sla_dag.py for tasks to queue
[2026-03-18T07:46:50.566+0000] {logging_mixin.py:188} INFO - [2026-03-18T07:46:50.566+0000] {dagbag.py:538} INFO - Filling up the DagBag from /home/airflow/.local/lib/python3.8/site-packages/airflow/example_dags/example_sla_dag.py
[2026-03-18T07:46:50.570+0000] {processor.py:840} INFO - DAG(s) 'example_sla_dag' retrieved from /home/airflow/.local/lib/python3.8/site-packages/airflow/example_dags/example_sla_dag.py
[2026-03-18T07:46:50.580+0000] {logging_mixin.py:188} INFO - [2026-03-18T07:46:50.580+0000] {dag.py:3036} INFO - Sync 1 DAGs
[2026-03-18T07:46:50.590+0000] {logging_mixin.py:188} INFO - [2026-03-18T07:46:50.590+0000] {dag.py:3823} INFO - Setting next_dagrun for example_sla_dag to 2026-03-18 07:44:00+00:00, run_after=2026-03-18 07:46:00+00:00
[2026-03-18T07:46:50.597+0000] {processor.py:183} INFO - Processing /home/airflow/.local/lib/python3.8/site-packages/airflow/example_dags/example_sla_dag.py took 0.033 seconds
[2026-03-18T07:47:20.962+0000] {processor.py:161} INFO - Started process (PID=304) to work on /home/airflow/.local/lib/python3.8/site-packages/airflow/example_dags/example_sla_dag.py
[2026-03-18T07:47:20.963+0000] {processor.py:830} INFO - Processing file /home/airflow/.local/lib/python3.8/site-packages/airflow/example_dags/example_sla_dag.py for tasks to queue
[2026-03-18T07:47:20.964+0000] {logging_mixin.py:188} INFO - [2026-03-18T07:47:20.964+0000] {dagbag.py:538} INFO - Filling up the DagBag from /home/airflow/.local/lib/python3.8/site-packages/airflow/example_dags/example_sla_dag.py
[2026-03-18T07:47:20.969+0000] {processor.py:840} INFO - DAG(s) 'example_sla_dag' retrieved from /home/airflow/.local/lib/python3.8/site-packages/airflow/example_dags/example_sla_dag.py
[2026-03-18T07:47:20.981+0000] {logging_mixin.py:188} INFO - [2026-03-18T07:47:20.981+0000] {dag.py:3036} INFO - Sync 1 DAGs
[2026-03-18T07:47:20.992+0000] {logging_mixin.py:188} INFO - [2026-03-18T07:47:20.992+0000] {dag.py:3823} INFO - Setting next_dagrun for example_sla_dag to 2026-03-18 07:44:00+00:00, run_after=2026-03-18 07:46:00+00:00
[2026-03-18T07:47:21.001+0000] {processor.py:183} INFO - Processing /home/airflow/.local/lib/python3.8/site-packages/airflow/example_dags/example_sla_dag.py took 0.041 seconds
[2026-03-18T07:47:51.358+0000] {processor.py:161} INFO - Started process (PID=359) to work on /home/airflow/.local/lib/python3.8/site-packages/airflow/example_dags/example_sla_dag.py
[2026-03-18T07:47:51.359+0000] {processor.py:830} INFO - Processing file /home/airflow/.local/lib/python3.8/site-packages/airflow/example_dags/example_sla_dag.py for tasks to queue
[2026-03-18T07:47:51.360+0000] {logging_mixin.py:188} INFO - [2026-03-18T07:47:51.360+0000] {dagbag.py:538} INFO - Filling up the DagBag from /home/airflow/.local/lib/python3.8/site-packages/airflow/example_dags/example_sla_dag.py
[2026-03-18T07:47:51.364+0000] {processor.py:840} INFO - DAG(s) 'example_sla_dag' retrieved from /home/airflow/.local/lib/python3.8/site-packages/airflow/example_dags/example_sla_dag.py
[2026-03-18T07:47:51.372+0000] {logging_mixin.py:188} INFO - [2026-03-18T07:47:51.371+0000] {dag.py:3036} INFO - Sync 1 DAGs
[2026-03-18T07:47:51.382+0000] {logging_mixin.py:188} INFO - [2026-03-18T07:47:51.382+0000] {dag.py:3823} INFO - Setting next_dagrun for example_sla_dag to 2026-03-18 07:44:00+00:00, run_after=2026-03-18 07:46:00+00:00
[2026-03-18T07:47:51.388+0000] {processor.py:183} INFO - Processing /home/airflow/.local/lib/python3.8/site-packages/airflow/example_dags/example_sla_dag.py took 0.031 seconds
[2026-03-18T07:48:21.745+0000] {processor.py:161} INFO - Started process (PID=414) to work on /home/airflow/.local/lib/python3.8/site-packages/airflow/example_dags/example_sla_dag.py
[2026-03-18T07:48:21.746+0000] {processor.py:830} INFO - Processing file /home/airflow/.local/lib/python3.8/site-packages/airflow/example_dags/example_sla_dag.py for tasks to queue
[2026-03-18T07:48:21.747+0000] {logging_mixin.py:188} INFO - [2026-03-18T07:48:21.746+0000] {dagbag.py:538} INFO - Filling up the DagBag from /home/airflow/.local/lib/python3.8/site-packages/airflow/example_dags/example_sla_dag.py
[2026-03-18T07:48:21.751+0000] {processor.py:840} INFO - DAG(s) 'example_sla_dag' retrieved from /home/airflow/.local/lib/python3.8/site-packages/airflow/example_dags/example_sla_dag.py
[2026-03-18T07:48:21.760+0000] {logging_mixin.py:188} INFO - [2026-03-18T07:48:21.759+0000] {dag.py:3036} INFO - Sync 1 DAGs
[2026-03-18T07:48:21.773+0000] {logging_mixin.py:188} INFO - [2026-03-18T07:48:21.773+0000] {dag.py:3823} INFO - Setting next_dagrun for example_sla_dag to 2026-03-18 07:46:00+00:00, run_after=2026-03-18 07:48:00+00:00
[2026-03-18T07:48:21.781+0000] {processor.py:183} INFO - Processing /home/airflow/.local/lib/python3.8/site-packages/airflow/example_dags/example_sla_dag.py took 0.038 seconds
[2026-03-18T07:48:52.031+0000] {processor.py:161} INFO - Started process (PID=475) to work on /home/airflow/.local/lib/python3.8/site-packages/airflow/example_dags/example_sla_dag.py
[2026-03-18T07:48:52.031+0000] {processor.py:830} INFO - Processing file /home/airflow/.local/lib/python3.8/site-packages/airflow/example_dags/example_sla_dag.py for tasks to queue
[2026-03-18T07:48:52.032+0000] {logging_mixin.py:188} INFO - [2026-03-18T07:48:52.032+0000] {dagbag.py:538} INFO - Filling up the DagBag from /home/airflow/.local/lib/python3.8/site-packages/airflow/example_dags/example_sla_dag.py
[2026-03-18T07:48:52.035+0000] {processor.py:840} INFO - DAG(s) 'example_sla_dag' retrieved from /home/airflow/.local/lib/python3.8/site-packages/airflow/example_dags/example_sla_dag.py
[2026-03-18T07:48:52.043+0000] {logging_mixin.py:188} INFO - [2026-03-18T07:48:52.043+0000] {dag.py:3036} INFO - Sync 1 DAGs
[2026-03-18T07:48:52.051+0000] {logging_mixin.py:188} INFO - [2026-03-18T07:48:52.051+0000] {dag.py:3823} INFO - Setting next_dagrun for example_sla_dag to 2026-03-18 07:46:00+00:00, run_after=2026-03-18 07:48:00+00:00
[2026-03-18T07:48:52.057+0000] {processor.py:183} INFO - Processing /home/airflow/.local/lib/python3.8/site-packages/airflow/example_dags/example_sla_dag.py took 0.028 seconds
[2026-03-18T07:49:22.287+0000] {processor.py:161} INFO - Started process (PID=530) to work on /home/airflow/.local/lib/python3.8/site-packages/airflow/example_dags/example_sla_dag.py
[2026-03-18T07:49:22.288+0000] {processor.py:830} INFO - Processing file /home/airflow/.local/lib/python3.8/site-packages/airflow/example_dags/example_sla_dag.py for tasks to queue
[2026-03-18T07:49:22.289+0000] {logging_mixin.py:188} INFO - [2026-03-18T07:49:22.289+0000] {dagbag.py:538} INFO - Filling up the DagBag from /home/airflow/.local/lib/python3.8/site-packages/airflow/example_dags/example_sla_dag.py
[2026-03-18T07:49:22.293+0000] {processor.py:840} INFO - DAG(s) 'example_sla_dag' retrieved from /home/airflow/.local/lib/python3.8/site-packages/airflow/example_dags/example_sla_dag.py
[2026-03-18T07:49:22.304+0000] {logging_mixin.py:188} INFO - [2026-03-18T07:49:22.304+0000] {dag.py:3036} INFO - Sync 1 DAGs
[2026-03-18T07:49:22.313+0000] {logging_mixin.py:188} INFO - [2026-03-18T07:49:22.313+0000] {dag.py:3823} INFO - Setting next_dagrun for example_sla_dag to 2026-03-18 07:46:00+00:00, run_after=2026-03-18 07:48:00+00:00
[2026-03-18T07:49:22.320+0000] {processor.py:183} INFO - Processing /home/airflow/.local/lib/python3.8/site-packages/airflow/example_dags/example_sla_dag.py took 0.034 seconds
[2026-03-18T07:49:52.551+0000] {processor.py:161} INFO - Started process (PID=585) to work on /home/airflow/.local/lib/python3.8/site-packages/airflow/example_dags/example_sla_dag.py
[2026-03-18T07:49:52.551+0000] {processor.py:830} INFO - Processing file /home/airflow/.local/lib/python3.8/site-packages/airflow/example_dags/example_sla_dag.py for tasks to queue
[2026-03-18T07:49:52.552+0000] {logging_mixin.py:188} INFO - [2026-03-18T07:49:52.552+0000] {dagbag.py:538} INFO - Filling up the DagBag from /home/airflow/.local/lib/python3.8/site-packages/airflow/example_dags/example_sla_dag.py
[2026-03-18T07:49:52.556+0000] {processor.py:840} INFO - DAG(s) 'example_sla_dag' retrieved from /home/airflow/.local/lib/python3.8/site-packages/airflow/example_dags/example_sla_dag.py
[2026-03-18T07:49:52.563+0000] {logging_mixin.py:188} INFO - [2026-03-18T07:49:52.563+0000] {dag.py:3036} INFO - Sync 1 DAGs
[2026-03-18T07:49:52.572+0000] {logging_mixin.py:188} INFO - [2026-03-18T07:49:52.572+0000] {dag.py:3823} INFO - Setting next_dagrun for example_sla_dag to 2026-03-18 07:46:00+00:00, run_after=2026-03-18 07:48:00+00:00
[2026-03-18T07:49:52.578+0000] {processor.py:183} INFO - Processing /home/airflow/.local/lib/python3.8/site-packages/airflow/example_dags/example_sla_dag.py took 0.029 seconds
[2026-03-18T07:50:23.009+0000] {processor.py:161} INFO - Started process (PID=641) to work on /home/airflow/.local/lib/python3.8/site-packages/airflow/example_dags/example_sla_dag.py
[2026-03-18T07:50:23.010+0000] {processor.py:830} INFO - Processing file /home/airflow/.local/lib/python3.8/site-packages/airflow/example_dags/example_sla_dag.py for tasks to queue
[2026-03-18T07:50:23.011+0000] {logging_mixin.py:188} INFO - [2026-03-18T07:50:23.011+0000] {dagbag.py:538} INFO - Filling up the DagBag from /home/airflow/.local/lib/python3.8/site-packages/airflow/example_dags/example_sla_dag.py
[2026-03-18T07:50:23.015+0000] {processor.py:840} INFO - DAG(s) 'example_sla_dag' retrieved from /home/airflow/.local/lib/python3.8/site-packages/airflow/example_dags/example_sla_dag.py
[2026-03-18T07:50:23.023+0000] {logging_mixin.py:188} INFO - [2026-03-18T07:50:23.023+0000] {dag.py:3036} INFO - Sync 1 DAGs
[2026-03-18T07:50:23.032+0000] {logging_mixin.py:188} INFO - [2026-03-18T07:50:23.032+0000] {dag.py:3823} INFO - Setting next_dagrun for example_sla_dag to 2026-03-18 07:48:00+00:00, run_after=2026-03-18 07:50:00+00:00
[2026-03-18T07:50:23.039+0000] {processor.py:183} INFO - Processing /home/airflow/.local/lib/python3.8/site-packages/airflow/example_dags/example_sla_dag.py took 0.032 seconds
[2026-03-18T07:50:53.505+0000] {processor.py:161} INFO - Started process (PID=697) to work on /home/airflow/.local/lib/python3.8/site-packages/airflow/example_dags/example_sla_dag.py
[2026-03-18T07:50:53.506+0000] {processor.py:830} INFO - Processing file /home/airflow/.local/lib/python3.8/site-packages/airflow/example_dags/example_sla_dag.py for tasks to queue
[2026-03-18T07:50:53.507+0000] {logging_mixin.py:188} INFO - [2026-03-18T07:50:53.507+0000] {dagbag.py:538} INFO - Filling up the DagBag from /home/airflow/.local/lib/python3.8/site-packages/airflow/example_dags/example_sla_dag.py
[2026-03-18T07:50:53.512+0000] {processor.py:840} INFO - DAG(s) 'example_sla_dag' retrieved from /home/airflow/.local/lib/python3.8/site-packages/airflow/example_dags/example_sla_dag.py
[2026-03-18T07:50:53.522+0000] {logging_mixin.py:188} INFO - [2026-03-18T07:50:53.522+0000] {dag.py:3036} INFO - Sync 1 DAGs
[2026-03-18T07:50:53.532+0000] {logging_mixin.py:188} INFO - [2026-03-18T07:50:53.532+0000] {dag.py:3823} INFO - Setting next_dagrun for example_sla_dag to 2026-03-18 07:48:00+00:00, run_after=2026-03-18 07:50:00+00:00
[2026-03-18T07:50:53.543+0000] {processor.py:183} INFO - Processing /home/airflow/.local/lib/python3.8/site-packages/airflow/example_dags/example_sla_dag.py took 0.040 seconds
[2026-03-18T07:51:24.000+0000] {processor.py:161} INFO - Started process (PID=753) to work on /home/airflow/.local/lib/python3.8/site-packages/airflow/example_dags/example_sla_dag.py
[2026-03-18T07:51:24.003+0000] {processor.py:830} INFO - Processing file /home/airflow/.local/lib/python3.8/site-packages/airflow/example_dags/example_sla_dag.py for tasks to queue
[2026-03-18T07:51:24.004+0000] {logging_mixin.py:188} INFO - [2026-03-18T07:51:24.004+0000] {dagbag.py:538} INFO - Filling up the DagBag from /home/airflow/.local/lib/python3.8/site-packages/airflow/example_dags/example_sla_dag.py
[2026-03-18T07:51:24.010+0000] {processor.py:840} INFO - DAG(s) 'example_sla_dag' retrieved from /home/airflow/.local/lib/python3.8/site-packages/airflow/example_dags/example_sla_dag.py
[2026-03-18T07:51:24.019+0000] {logging_mixin.py:188} INFO - [2026-03-18T07:51:24.019+0000] {dag.py:3036} INFO - Sync 1 DAGs
[2026-03-18T07:51:24.029+0000] {logging_mixin.py:188} INFO - [2026-03-18T07:51:24.029+0000] {dag.py:3823} INFO - Setting next_dagrun for example_sla_dag to 2026-03-18 07:48:00+00:00, run_after=2026-03-18 07:50:00+00:00
[2026-03-18T07:51:24.038+0000] {processor.py:183} INFO - Processing /home/airflow/.local/lib/python3.8/site-packages/airflow/example_dags/example_sla_dag.py took 0.040 seconds
[2026-03-18T07:51:54.487+0000] {processor.py:161} INFO - Started process (PID=809) to work on /home/airflow/.local/lib/python3.8/site-packages/airflow/example_dags/example_sla_dag.py
[2026-03-18T07:51:54.487+0000] {processor.py:830} INFO - Processing file /home/airflow/.local/lib/python3.8/site-packages/airflow/example_dags/example_sla_dag.py for tasks to queue
[2026-03-18T07:51:54.488+0000] {logging_mixin.py:188} INFO - [2026-03-18T07:51:54.488+0000] {dagbag.py:538} INFO - Filling up the DagBag from /home/airflow/.local/lib/python3.8/site-packages/airflow/example_dags/example_sla_dag.py
[2026-03-18T07:51:54.492+0000] {processor.py:840} INFO - DAG(s) 'example_sla_dag' retrieved from /home/airflow/.local/lib/python3.8/site-packages/airflow/example_dags/example_sla_dag.py
[2026-03-18T07:51:54.503+0000] {logging_mixin.py:188} INFO - [2026-03-18T07:51:54.503+0000] {dag.py:3036} INFO - Sync 1 DAGs
[2026-03-18T07:51:54.516+0000] {logging_mixin.py:188} INFO - [2026-03-18T07:51:54.516+0000] {dag.py:3823} INFO - Setting next_dagrun for example_sla_dag to 2026-03-18 07:48:00+00:00, run_after=2026-03-18 07:50:00+00:00
[2026-03-18T07:51:54.523+0000] {processor.py:183} INFO - Processing /home/airflow/.local/lib/python3.8/site-packages/airflow/example_dags/example_sla_dag.py took 0.038 seconds
[2026-03-18T07:52:25.078+0000] {processor.py:161} INFO - Started process (PID=865) to work on /home/airflow/.local/lib/python3.8/site-packages/airflow/example_dags/example_sla_dag.py
[2026-03-18T07:52:25.079+0000] {processor.py:830} INFO - Processing file /home/airflow/.local/lib/python3.8/site-packages/airflow/example_dags/example_sla_dag.py for tasks to queue
[2026-03-18T07:52:25.080+0000] {logging_mixin.py:188} INFO - [2026-03-18T07:52:25.079+0000] {dagbag.py:538} INFO - Filling up the DagBag from /home/airflow/.local/lib/python3.8/site-packages/airflow/example_dags/example_sla_dag.py
[2026-03-18T07:52:25.083+0000] {processor.py:840} INFO - DAG(s) 'example_sla_dag' retrieved from /home/airflow/.local/lib/python3.8/site-packages/airflow/example_dags/example_sla_dag.py
[2026-03-18T07:52:25.092+0000] {logging_mixin.py:188} INFO - [2026-03-18T07:52:25.092+0000] {dag.py:3036} INFO - Sync 1 DAGs
[2026-03-18T07:52:25.103+0000] {logging_mixin.py:188} INFO - [2026-03-18T07:52:25.102+0000] {dag.py:3823} INFO - Setting next_dagrun for example_sla_dag to 2026-03-18 07:50:00+00:00, run_after=2026-03-18 07:52:00+00:00
[2026-03-18T07:52:25.110+0000] {processor.py:183} INFO - Processing /home/airflow/.local/lib/python3.8/site-packages/airflow/example_dags/example_sla_dag.py took 0.033 seconds
[2026-03-18T07:52:55.499+0000] {processor.py:161} INFO - Started process (PID=921) to work on /home/airflow/.local/lib/python3.8/site-packages/airflow/example_dags/example_sla_dag.py
[2026-03-18T07:52:55.500+0000] {processor.py:830} INFO - Processing file /home/airflow/.local/lib/python3.8/site-packages/airflow/example_dags/example_sla_dag.py for tasks to queue
[2026-03-18T07:52:55.501+0000] {logging_mixin.py:188} INFO - [2026-03-18T07:52:55.501+0000] {dagbag.py:538} INFO - Filling up the DagBag from /home/airflow/.local/lib/python3.8/site-packages/airflow/example_dags/example_sla_dag.py
[2026-03-18T07:52:55.505+0000] {processor.py:840} INFO - DAG(s) 'example_sla_dag' retrieved from /home/airflow/.local/lib/python3.8/site-packages/airflow/example_dags/example_sla_dag.py
[2026-03-18T07:52:55.513+0000] {logging_mixin.py:188} INFO - [2026-03-18T07:52:55.513+0000] {dag.py:3036} INFO - Sync 1 DAGs
[2026-03-18T07:52:55.522+0000] {logging_mixin.py:188} INFO - [2026-03-18T07:52:55.522+0000] {dag.py:3823} INFO - Setting next_dagrun for example_sla_dag to 2026-03-18 07:50:00+00:00, run_after=2026-03-18 07:52:00+00:00
[2026-03-18T07:52:55.539+0000] {processor.py:183} INFO - Processing /home/airflow/.local/lib/python3.8/site-packages/airflow/example_dags/example_sla_dag.py took 0.042 seconds
[2026-03-18T07:53:25.980+0000] {processor.py:161} INFO - Started process (PID=977) to work on /home/airflow/.local/lib/python3.8/site-packages/airflow/example_dags/example_sla_dag.py
[2026-03-18T07:53:25.982+0000] {processor.py:830} INFO - Processing file /home/airflow/.local/lib/python3.8/site-packages/airflow/example_dags/example_sla_dag.py for tasks to queue
[2026-03-18T07:53:25.983+0000] {logging_mixin.py:188} INFO - [2026-03-18T07:53:25.983+0000] {dagbag.py:538} INFO - Filling up the DagBag from /home/airflow/.local/lib/python3.8/site-packages/airflow/example_dags/example_sla_dag.py
[2026-03-18T07:53:25.987+0000] {processor.py:840} INFO - DAG(s) 'example_sla_dag' retrieved from /home/airflow/.local/lib/python3.8/site-packages/airflow/example_dags/example_sla_dag.py
[2026-03-18T07:53:25.996+0000] {logging_mixin.py:188} INFO - [2026-03-18T07:53:25.996+0000] {dag.py:3036} INFO - Sync 1 DAGs
[2026-03-18T07:53:26.008+0000] {logging_mixin.py:188} INFO - [2026-03-18T07:53:26.008+0000] {dag.py:3823} INFO - Setting next_dagrun for example_sla_dag to 2026-03-18 07:50:00+00:00, run_after=2026-03-18 07:52:00+00:00
[2026-03-18T07:53:26.023+0000] {processor.py:183} INFO - Processing /home/airflow/.local/lib/python3.8/site-packages/airflow/example_dags/example_sla_dag.py took 0.044 seconds
[2026-03-18T07:53:56.457+0000] {processor.py:161} INFO - Started process (PID=1033) to work on /home/airflow/.local/lib/python3.8/site-packages/airflow/example_dags/example_sla_dag.py
[2026-03-18T07:53:56.458+0000] {processor.py:830} INFO - Processing file /home/airflow/.local/lib/python3.8/site-packages/airflow/example_dags/example_sla_dag.py for tasks to queue
[2026-03-18T07:53:56.461+0000] {logging_mixin.py:188} INFO - [2026-03-18T07:53:56.460+0000] {dagbag.py:538} INFO - Filling up the DagBag from /home/airflow/.local/lib/python3.8/site-packages/airflow/example_dags/example_sla_dag.py
[2026-03-18T07:53:56.466+0000] {processor.py:840} INFO - DAG(s) 'example_sla_dag' retrieved from /home/airflow/.local/lib/python3.8/site-packages/airflow/example_dags/example_sla_dag.py
[2026-03-18T07:53:56.476+0000] {logging_mixin.py:188} INFO - [2026-03-18T07:53:56.476+0000] {dag.py:3036} INFO - Sync 1 DAGs
[2026-03-18T07:53:56.487+0000] {logging_mixin.py:188} INFO - [2026-03-18T07:53:56.487+0000] {dag.py:3823} INFO - Setting next_dagrun for example_sla_dag to 2026-03-18 07:50:00+00:00, run_after=2026-03-18 07:52:00+00:00
[2026-03-18T07:53:56.497+0000] {processor.py:183} INFO - Processing /home/airflow/.local/lib/python3.8/site-packages/airflow/example_dags/example_sla_dag.py took 0.042 seconds
[2026-03-18T07:54:26.888+0000] {processor.py:161} INFO - Started process (PID=1089) to work on /home/airflow/.local/lib/python3.8/site-packages/airflow/example_dags/example_sla_dag.py
[2026-03-18T07:54:26.890+0000] {processor.py:830} INFO - Processing file /home/airflow/.local/lib/python3.8/site-packages/airflow/example_dags/example_sla_dag.py for tasks to queue
[2026-03-18T07:54:26.891+0000] {logging_mixin.py:188} INFO - [2026-03-18T07:54:26.891+0000] {dagbag.py:538} INFO - Filling up the DagBag from /home/airflow/.local/lib/python3.8/site-packages/airflow/example_dags/example_sla_dag.py
[2026-03-18T07:54:26.897+0000] {processor.py:840} INFO - DAG(s) 'example_sla_dag' retrieved from /home/airflow/.local/lib/python3.8/site-packages/airflow/example_dags/example_sla_dag.py
[2026-03-18T07:54:26.908+0000] {logging_mixin.py:188} INFO - [2026-03-18T07:54:26.907+0000] {dag.py:3036} INFO - Sync 1 DAGs
[2026-03-18T07:54:26.919+0000] {logging_mixin.py:188} INFO - [2026-03-18T07:54:26.919+0000] {dag.py:3823} INFO - Setting next_dagrun for example_sla_dag to 2026-03-18 07:52:00+00:00, run_after=2026-03-18 07:54:00+00:00
[2026-03-18T07:54:26.927+0000] {processor.py:183} INFO - Processing /home/airflow/.local/lib/python3.8/site-packages/airflow/example_dags/example_sla_dag.py took 0.040 seconds
[2026-03-18T07:54:57.369+0000] {processor.py:161} INFO - Started process (PID=1145) to work on /home/airflow/.local/lib/python3.8/site-packages/airflow/example_dags/example_sla_dag.py
[2026-03-18T07:54:57.369+0000] {processor.py:830} INFO - Processing file /home/airflow/.local/lib/python3.8/site-packages/airflow/example_dags/example_sla_dag.py for tasks to queue
[2026-03-18T07:54:57.370+0000] {logging_mixin.py:188} INFO - [2026-03-18T07:54:57.370+0000] {dagbag.py:538} INFO - Filling up the DagBag from /home/airflow/.local/lib/python3.8/site-packages/airflow/example_dags/example_sla_dag.py
[2026-03-18T07:54:57.374+0000] {processor.py:840} INFO - DAG(s) 'example_sla_dag' retrieved from /home/airflow/.local/lib/python3.8/site-packages/airflow/example_dags/example_sla_dag.py
[2026-03-18T07:54:57.382+0000] {logging_mixin.py:188} INFO - [2026-03-18T07:54:57.382+0000] {dag.py:3036} INFO - Sync 1 DAGs
[2026-03-18T07:54:57.392+0000] {logging_mixin.py:188} INFO - [2026-03-18T07:54:57.392+0000] {dag.py:3823} INFO - Setting next_dagrun for example_sla_dag to 2026-03-18 07:52:00+00:00, run_after=2026-03-18 07:54:00+00:00
[2026-03-18T07:54:57.401+0000] {processor.py:183} INFO - Processing /home/airflow/.local/lib/python3.8/site-packages/airflow/example_dags/example_sla_dag.py took 0.033 seconds
[2026-03-18T07:55:27.808+0000] {processor.py:161} INFO - Started process (PID=1201) to work on /home/airflow/.local/lib/python3.8/site-packages/airflow/example_dags/example_sla_dag.py
[2026-03-18T07:55:27.809+0000] {processor.py:830} INFO - Processing file /home/airflow/.local/lib/python3.8/site-packages/airflow/example_dags/example_sla_dag.py for tasks to queue
[2026-03-18T07:55:27.809+0000] {logging_mixin.py:188} INFO - [2026-03-18T07:55:27.809+0000] {dagbag.py:538} INFO - Filling up the DagBag from /home/airflow/.local/lib/python3.8/site-packages/airflow/example_dags/example_sla_dag.py
[2026-03-18T07:55:27.813+0000] {processor.py:840} INFO - DAG(s) 'example_sla_dag' retrieved from /home/airflow/.local/lib/python3.8/site-packages/airflow/example_dags/example_sla_dag.py
[2026-03-18T07:55:27.825+0000] {logging_mixin.py:188} INFO - [2026-03-18T07:55:27.824+0000] {dag.py:3036} INFO - Sync 1 DAGs
[2026-03-18T07:55:27.834+0000] {logging_mixin.py:188} INFO - [2026-03-18T07:55:27.834+0000] {dag.py:3823} INFO - Setting next_dagrun for example_sla_dag to 2026-03-18 07:52:00+00:00, run_after=2026-03-18 07:54:00+00:00
[2026-03-18T07:55:27.845+0000] {processor.py:183} INFO - Processing /home/airflow/.local/lib/python3.8/site-packages/airflow/example_dags/example_sla_dag.py took 0.039 seconds
[2026-03-18T07:55:58.249+0000] {processor.py:161} INFO - Started process (PID=1257) to work on /home/airflow/.local/lib/python3.8/site-packages/airflow/example_dags/example_sla_dag.py
[2026-03-18T07:55:58.250+0000] {processor.py:830} INFO - Processing file /home/airflow/.local/lib/python3.8/site-packages/airflow/example_dags/example_sla_dag.py for tasks to queue
[2026-03-18T07:55:58.251+0000] {logging_mixin.py:188} INFO - [2026-03-18T07:55:58.251+0000] {dagbag.py:538} INFO - Filling up the DagBag from /home/airflow/.local/lib/python3.8/site-packages/airflow/example_dags/example_sla_dag.py
[2026-03-18T07:55:58.255+0000] {processor.py:840} INFO - DAG(s) 'example_sla_dag' retrieved from /home/airflow/.local/lib/python3.8/site-packages/airflow/example_dags/example_sla_dag.py
[2026-03-18T07:55:58.265+0000] {logging_mixin.py:188} INFO - [2026-03-18T07:55:58.265+0000] {dag.py:3036} INFO - Sync 1 DAGs
[2026-03-18T07:55:58.274+0000] {logging_mixin.py:188} INFO - [2026-03-18T07:55:58.274+0000] {dag.py:3823} INFO - Setting next_dagrun for example_sla_dag to 2026-03-18 07:52:00+00:00, run_after=2026-03-18 07:54:00+00:00
[2026-03-18T07:55:58.281+0000] {processor.py:183} INFO - Processing /home/airflow/.local/lib/python3.8/site-packages/airflow/example_dags/example_sla_dag.py took 0.033 seconds
[2026-03-18T07:56:28.655+0000] {processor.py:161} INFO - Started process (PID=1313) to work on /home/airflow/.local/lib/python3.8/site-packages/airflow/example_dags/example_sla_dag.py
[2026-03-18T07:56:28.656+0000] {processor.py:830} INFO - Processing file /home/airflow/.local/lib/python3.8/site-packages/airflow/example_dags/example_sla_dag.py for tasks to queue
[2026-03-18T07:56:28.657+0000] {logging_mixin.py:188} INFO - [2026-03-18T07:56:28.657+0000] {dagbag.py:538} INFO - Filling up the DagBag from /home/airflow/.local/lib/python3.8/site-packages/airflow/example_dags/example_sla_dag.py
[2026-03-18T07:56:28.661+0000] {processor.py:840} INFO - DAG(s) 'example_sla_dag' retrieved from /home/airflow/.local/lib/python3.8/site-packages/airflow/example_dags/example_sla_dag.py
[2026-03-18T07:56:28.669+0000] {logging_mixin.py:188} INFO - [2026-03-18T07:56:28.669+0000] {dag.py:3036} INFO - Sync 1 DAGs
[2026-03-18T07:56:28.681+0000] {logging_mixin.py:188} INFO - [2026-03-18T07:56:28.681+0000] {dag.py:3823} INFO - Setting next_dagrun for example_sla_dag to 2026-03-18 07:54:00+00:00, run_after=2026-03-18 07:56:00+00:00
[2026-03-18T07:56:28.694+0000] {processor.py:183} INFO - Processing /home/airflow/.local/lib/python3.8/site-packages/airflow/example_dags/example_sla_dag.py took 0.041 seconds
[2026-03-18T07:56:59.164+0000] {processor.py:161} INFO - Started process (PID=1369) to work on /home/airflow/.local/lib/python3.8/site-packages/airflow/example_dags/example_sla_dag.py
[2026-03-18T07:56:59.165+0000] {processor.py:830} INFO - Processing file /home/airflow/.local/lib/python3.8/site-packages/airflow/example_dags/example_sla_dag.py for tasks to queue
[2026-03-18T07:56:59.166+0000] {logging_mixin.py:188} INFO - [2026-03-18T07:56:59.166+0000] {dagbag.py:538} INFO - Filling up the DagBag from /home/airflow/.local/lib/python3.8/site-packages/airflow/example_dags/example_sla_dag.py
[2026-03-18T07:56:59.171+0000] {processor.py:840} INFO - DAG(s) 'example_sla_dag' retrieved from /home/airflow/.local/lib/python3.8/site-packages/airflow/example_dags/example_sla_dag.py
[2026-03-18T07:56:59.180+0000] {logging_mixin.py:188} INFO - [2026-03-18T07:56:59.180+0000] {dag.py:3036} INFO - Sync 1 DAGs
[2026-03-18T07:56:59.192+0000] {logging_mixin.py:188} INFO - [2026-03-18T07:56:59.192+0000] {dag.py:3823} INFO - Setting next_dagrun for example_sla_dag to 2026-03-18 07:54:00+00:00, run_after=2026-03-18 07:56:00+00:00
[2026-03-18T07:56:59.200+0000] {processor.py:183} INFO - Processing /home/airflow/.local/lib/python3.8/site-packages/airflow/example_dags/example_sla_dag.py took 0.037 seconds
[2026-03-18T07:57:29.622+0000] {processor.py:161} INFO - Started process (PID=1425) to work on /home/airflow/.local/lib/python3.8/site-packages/airflow/example_dags/example_sla_dag.py
[2026-03-18T07:57:29.623+0000] {processor.py:830} INFO - Processing file /home/airflow/.local/lib/python3.8/site-packages/airflow/example_dags/example_sla_dag.py for tasks to queue
[2026-03-18T07:57:29.624+0000] {logging_mixin.py:188} INFO - [2026-03-18T07:57:29.624+0000] {dagbag.py:538} INFO - Filling up the DagBag from /home/airflow/.local/lib/python3.8/site-packages/airflow/example_dags/example_sla_dag.py
[2026-03-18T07:57:29.627+0000] {processor.py:840} INFO - DAG(s) 'example_sla_dag' retrieved from /home/airflow/.local/lib/python3.8/site-packages/airflow/example_dags/example_sla_dag.py
[2026-03-18T07:57:29.635+0000] {logging_mixin.py:188} INFO - [2026-03-18T07:57:29.635+0000] {dag.py:3036} INFO - Sync 1 DAGs
[2026-03-18T07:57:29.645+0000] {logging_mixin.py:188} INFO - [2026-03-18T07:57:29.645+0000] {dag.py:3823} INFO - Setting next_dagrun for example_sla_dag to 2026-03-18 07:54:00+00:00, run_after=2026-03-18 07:56:00+00:00
[2026-03-18T07:57:29.651+0000] {processor.py:183} INFO - Processing /home/airflow/.local/lib/python3.8/site-packages/airflow/example_dags/example_sla_dag.py took 0.031 seconds
[2026-03-18T07:58:00.195+0000] {processor.py:161} INFO - Started process (PID=1481) to work on /home/airflow/.local/lib/python3.8/site-packages/airflow/example_dags/example_sla_dag.py
[2026-03-18T07:58:00.196+0000] {processor.py:830} INFO - Processing file /home/airflow/.local/lib/python3.8/site-packages/airflow/example_dags/example_sla_dag.py for tasks to queue
[2026-03-18T07:58:00.197+0000] {logging_mixin.py:188} INFO - [2026-03-18T07:58:00.197+0000] {dagbag.py:538} INFO - Filling up the DagBag from /home/airflow/.local/lib/python3.8/site-packages/airflow/example_dags/example_sla_dag.py
[2026-03-18T07:58:00.202+0000] {processor.py:840} INFO - DAG(s) 'example_sla_dag' retrieved from /home/airflow/.local/lib/python3.8/site-packages/airflow/example_dags/example_sla_dag.py
[2026-03-18T07:58:00.213+0000] {logging_mixin.py:188} INFO - [2026-03-18T07:58:00.213+0000] {dag.py:3036} INFO - Sync 1 DAGs
[2026-03-18T07:58:00.225+0000] {logging_mixin.py:188} INFO - [2026-03-18T07:58:00.225+0000] {dag.py:3823} INFO - Setting next_dagrun for example_sla_dag to 2026-03-18 07:56:00+00:00, run_after=2026-03-18 07:58:00+00:00
[2026-03-18T07:58:00.232+0000] {processor.py:183} INFO - Processing /home/airflow/.local/lib/python3.8/site-packages/airflow/example_dags/example_sla_dag.py took 0.038 seconds
[2026-03-18T07:58:30.630+0000] {processor.py:161} INFO - Started process (PID=1537) to work on /home/airflow/.local/lib/python3.8/site-packages/airflow/example_dags/example_sla_dag.py
[2026-03-18T07:58:30.631+0000] {processor.py:830} INFO - Processing file /home/airflow/.local/lib/python3.8/site-packages/airflow/example_dags/example_sla_dag.py for tasks to queue
[2026-03-18T07:58:30.632+0000] {logging_mixin.py:188} INFO - [2026-03-18T07:58:30.632+0000] {dagbag.py:538} INFO - Filling up the DagBag from /home/airflow/.local/lib/python3.8/site-packages/airflow/example_dags/example_sla_dag.py
[2026-03-18T07:58:30.635+0000] {processor.py:840} INFO - DAG(s) 'example_sla_dag' retrieved from /home/airflow/.local/lib/python3.8/site-packages/airflow/example_dags/example_sla_dag.py
[2026-03-18T07:58:30.643+0000] {logging_mixin.py:188} INFO - [2026-03-18T07:58:30.643+0000] {dag.py:3036} INFO - Sync 1 DAGs
[2026-03-18T07:58:30.652+0000] {logging_mixin.py:188} INFO - [2026-03-18T07:58:30.652+0000] {dag.py:3823} INFO - Setting next_dagrun for example_sla_dag to 2026-03-18 07:56:00+00:00, run_after=2026-03-18 07:58:00+00:00
[2026-03-18T07:58:30.658+0000] {processor.py:183} INFO - Processing /home/airflow/.local/lib/python3.8/site-packages/airflow/example_dags/example_sla_dag.py took 0.030 seconds
[2026-03-18T07:59:01.181+0000] {processor.py:161} INFO - Started process (PID=1593) to work on /home/airflow/.local/lib/python3.8/site-packages/airflow/example_dags/example_sla_dag.py
[2026-03-18T07:59:01.182+0000] {processor.py:830} INFO - Processing file /home/airflow/.local/lib/python3.8/site-packages/airflow/example_dags/example_sla_dag.py for tasks to queue
[2026-03-18T07:59:01.183+0000] {logging_mixin.py:188} INFO - [2026-03-18T07:59:01.182+0000] {dagbag.py:538} INFO - Filling up the DagBag from /home/airflow/.local/lib/python3.8/site-packages/airflow/example_dags/example_sla_dag.py
[2026-03-18T07:59:01.188+0000] {processor.py:840} INFO - DAG(s) 'example_sla_dag' retrieved from /home/airflow/.local/lib/python3.8/site-packages/airflow/example_dags/example_sla_dag.py
[2026-03-18T07:59:01.201+0000] {logging_mixin.py:188} INFO - [2026-03-18T07:59:01.200+0000] {dag.py:3036} INFO - Sync 1 DAGs
[2026-03-18T07:59:01.215+0000] {logging_mixin.py:188} INFO - [2026-03-18T07:59:01.214+0000] {dag.py:3823} INFO - Setting next_dagrun for example_sla_dag to 2026-03-18 07:56:00+00:00, run_after=2026-03-18 07:58:00+00:00
[2026-03-18T07:59:01.226+0000] {processor.py:183} INFO - Processing /home/airflow/.local/lib/python3.8/site-packages/airflow/example_dags/example_sla_dag.py took 0.046 seconds
[2026-03-18T07:59:31.709+0000] {processor.py:161} INFO - Started process (PID=1649) to work on /home/airflow/.local/lib/python3.8/site-packages/airflow/example_dags/example_sla_dag.py
[2026-03-18T07:59:31.710+0000] {processor.py:830} INFO - Processing file /home/airflow/.local/lib/python3.8/site-packages/airflow/example_dags/example_sla_dag.py for tasks to queue
[2026-03-18T07:59:31.710+0000] {logging_mixin.py:188} INFO - [2026-03-18T07:59:31.710+0000] {dagbag.py:538} INFO - Filling up the DagBag from /home/airflow/.local/lib/python3.8/site-packages/airflow/example_dags/example_sla_dag.py
[2026-03-18T07:59:31.714+0000] {processor.py:840} INFO - DAG(s) 'example_sla_dag' retrieved from /home/airflow/.local/lib/python3.8/site-packages/airflow/example_dags/example_sla_dag.py
[2026-03-18T07:59:31.722+0000] {logging_mixin.py:188} INFO - [2026-03-18T07:59:31.722+0000] {dag.py:3036} INFO - Sync 1 DAGs
[2026-03-18T07:59:31.731+0000] {logging_mixin.py:188} INFO - [2026-03-18T07:59:31.731+0000] {dag.py:3823} INFO - Setting next_dagrun for example_sla_dag to 2026-03-18 07:56:00+00:00, run_after=2026-03-18 07:58:00+00:00
[2026-03-18T07:59:31.738+0000] {processor.py:183} INFO - Processing /home/airflow/.local/lib/python3.8/site-packages/airflow/example_dags/example_sla_dag.py took 0.030 seconds
[2026-03-18T08:00:02.344+0000] {processor.py:161} INFO - Started process (PID=85) to work on /home/airflow/.local/lib/python3.8/site-packages/airflow/example_dags/example_sla_dag.py
[2026-03-18T08:00:02.345+0000] {processor.py:830} INFO - Processing file /home/airflow/.local/lib/python3.8/site-packages/airflow/example_dags/example_sla_dag.py for tasks to queue
[2026-03-18T08:00:02.348+0000] {logging_mixin.py:188} INFO - [2026-03-18T08:00:02.347+0000] {dagbag.py:538} INFO - Filling up the DagBag from /home/airflow/.local/lib/python3.8/site-packages/airflow/example_dags/example_sla_dag.py
[2026-03-18T08:00:02.354+0000] {processor.py:840} INFO - DAG(s) 'example_sla_dag' retrieved from /home/airflow/.local/lib/python3.8/site-packages/airflow/example_dags/example_sla_dag.py
[2026-03-18T08:00:02.360+0000] {logging_mixin.py:188} INFO - [2026-03-18T08:00:02.360+0000] {dag.py:3036} INFO - Sync 1 DAGs
[2026-03-18T08:00:02.375+0000] {logging_mixin.py:188} INFO - [2026-03-18T08:00:02.375+0000] {dag.py:3823} INFO - Setting next_dagrun for example_sla_dag to 2026-03-18 07:58:00+00:00, run_after=2026-03-18 08:00:00+00:00
[2026-03-18T08:00:02.388+0000] {processor.py:183} INFO - Processing /home/airflow/.local/lib/python3.8/site-packages/airflow/example_dags/example_sla_dag.py took 0.047 seconds
[2026-03-18T08:00:33.037+0000] {processor.py:161} INFO - Started process (PID=140) to work on /home/airflow/.local/lib/python3.8/site-packages/airflow/example_dags/example_sla_dag.py
[2026-03-18T08:00:33.038+0000] {processor.py:830} INFO - Processing file /home/airflow/.local/lib/python3.8/site-packages/airflow/example_dags/example_sla_dag.py for tasks to queue
[2026-03-18T08:00:33.039+0000] {logging_mixin.py:188} INFO - [2026-03-18T08:00:33.039+0000] {dagbag.py:538} INFO - Filling up the DagBag from /home/airflow/.local/lib/python3.8/site-packages/airflow/example_dags/example_sla_dag.py
[2026-03-18T08:00:33.043+0000] {processor.py:840} INFO - DAG(s) 'example_sla_dag' retrieved from /home/airflow/.local/lib/python3.8/site-packages/airflow/example_dags/example_sla_dag.py
[2026-03-18T08:00:33.086+0000] {logging_mixin.py:188} INFO - [2026-03-18T08:00:33.086+0000] {dag.py:3036} INFO - Sync 1 DAGs
[2026-03-18T08:00:33.094+0000] {logging_mixin.py:188} INFO - [2026-03-18T08:00:33.094+0000] {dag.py:3823} INFO - Setting next_dagrun for example_sla_dag to 2026-03-18 07:58:00+00:00, run_after=2026-03-18 08:00:00+00:00
[2026-03-18T08:00:33.103+0000] {processor.py:183} INFO - Processing /home/airflow/.local/lib/python3.8/site-packages/airflow/example_dags/example_sla_dag.py took 0.068 seconds
[2026-03-18T08:01:03.688+0000] {processor.py:161} INFO - Started process (PID=196) to work on /home/airflow/.local/lib/python3.8/site-packages/airflow/example_dags/example_sla_dag.py
[2026-03-18T08:01:03.689+0000] {processor.py:830} INFO - Processing file /home/airflow/.local/lib/python3.8/site-packages/airflow/example_dags/example_sla_dag.py for tasks to queue
[2026-03-18T08:01:03.689+0000] {logging_mixin.py:188} INFO - [2026-03-18T08:01:03.689+0000] {dagbag.py:538} INFO - Filling up the DagBag from /home/airflow/.local/lib/python3.8/site-packages/airflow/example_dags/example_sla_dag.py
[2026-03-18T08:01:03.693+0000] {processor.py:840} INFO - DAG(s) 'example_sla_dag' retrieved from /home/airflow/.local/lib/python3.8/site-packages/airflow/example_dags/example_sla_dag.py
[2026-03-18T08:01:03.705+0000] {logging_mixin.py:188} INFO - [2026-03-18T08:01:03.705+0000] {dag.py:3036} INFO - Sync 1 DAGs
[2026-03-18T08:01:03.717+0000] {logging_mixin.py:188} INFO - [2026-03-18T08:01:03.717+0000] {dag.py:3823} INFO - Setting next_dagrun for example_sla_dag to 2026-03-18 07:58:00+00:00, run_after=2026-03-18 08:00:00+00:00
[2026-03-18T08:01:03.728+0000] {processor.py:183} INFO - Processing /home/airflow/.local/lib/python3.8/site-packages/airflow/example_dags/example_sla_dag.py took 0.042 seconds
[2026-03-18T08:01:34.167+0000] {processor.py:161} INFO - Started process (PID=252) to work on /home/airflow/.local/lib/python3.8/site-packages/airflow/example_dags/example_sla_dag.py
[2026-03-18T08:01:34.168+0000] {processor.py:830} INFO - Processing file /home/airflow/.local/lib/python3.8/site-packages/airflow/example_dags/example_sla_dag.py for tasks to queue
[2026-03-18T08:01:34.169+0000] {logging_mixin.py:188} INFO - [2026-03-18T08:01:34.169+0000] {dagbag.py:538} INFO - Filling up the DagBag from /home/airflow/.local/lib/python3.8/site-packages/airflow/example_dags/example_sla_dag.py
[2026-03-18T08:01:34.173+0000] {processor.py:840} INFO - DAG(s) 'example_sla_dag' retrieved from /home/airflow/.local/lib/python3.8/site-packages/airflow/example_dags/example_sla_dag.py
[2026-03-18T08:01:34.182+0000] {logging_mixin.py:188} INFO - [2026-03-18T08:01:34.182+0000] {dag.py:3036} INFO - Sync 1 DAGs
[2026-03-18T08:01:34.193+0000] {logging_mixin.py:188} INFO - [2026-03-18T08:01:34.193+0000] {dag.py:3823} INFO - Setting next_dagrun for example_sla_dag to 2026-03-18 07:58:00+00:00, run_after=2026-03-18 08:00:00+00:00
[2026-03-18T08:01:34.203+0000] {processor.py:183} INFO - Processing /home/airflow/.local/lib/python3.8/site-packages/airflow/example_dags/example_sla_dag.py took 0.037 seconds
[2026-03-18T08:02:04.760+0000] {processor.py:161} INFO - Started process (PID=307) to work on /home/airflow/.local/lib/python3.8/site-packages/airflow/example_dags/example_sla_dag.py
[2026-03-18T08:02:04.762+0000] {processor.py:830} INFO - Processing file /home/airflow/.local/lib/python3.8/site-packages/airflow/example_dags/example_sla_dag.py for tasks to queue
[2026-03-18T08:02:04.763+0000] {logging_mixin.py:188} INFO - [2026-03-18T08:02:04.763+0000] {dagbag.py:538} INFO - Filling up the DagBag from /home/airflow/.local/lib/python3.8/site-packages/airflow/example_dags/example_sla_dag.py
[2026-03-18T08:02:04.768+0000] {processor.py:840} INFO - DAG(s) 'example_sla_dag' retrieved from /home/airflow/.local/lib/python3.8/site-packages/airflow/example_dags/example_sla_dag.py
[2026-03-18T08:02:04.780+0000] {logging_mixin.py:188} INFO - [2026-03-18T08:02:04.780+0000] {dag.py:3036} INFO - Sync 1 DAGs
[2026-03-18T08:02:04.791+0000] {logging_mixin.py:188} INFO - [2026-03-18T08:02:04.791+0000] {dag.py:3823} INFO - Setting next_dagrun for example_sla_dag to 2026-03-18 08:00:00+00:00, run_after=2026-03-18 08:02:00+00:00
[2026-03-18T08:02:04.803+0000] {processor.py:183} INFO - Processing /home/airflow/.local/lib/python3.8/site-packages/airflow/example_dags/example_sla_dag.py took 0.045 seconds
[2026-03-18T08:02:35.333+0000] {processor.py:161} INFO - Started process (PID=363) to work on /home/airflow/.local/lib/python3.8/site-packages/airflow/example_dags/example_sla_dag.py
[2026-03-18T08:02:35.334+0000] {processor.py:830} INFO - Processing file /home/airflow/.local/lib/python3.8/site-packages/airflow/example_dags/example_sla_dag.py for tasks to queue
[2026-03-18T08:02:35.334+0000] {logging_mixin.py:188} INFO - [2026-03-18T08:02:35.334+0000] {dagbag.py:538} INFO - Filling up the DagBag from /home/airflow/.local/lib/python3.8/site-packages/airflow/example_dags/example_sla_dag.py
[2026-03-18T08:02:35.338+0000] {processor.py:840} INFO - DAG(s) 'example_sla_dag' retrieved from /home/airflow/.local/lib/python3.8/site-packages/airflow/example_dags/example_sla_dag.py
[2026-03-18T08:02:35.349+0000] {logging_mixin.py:188} INFO - [2026-03-18T08:02:35.349+0000] {dag.py:3036} INFO - Sync 1 DAGs
[2026-03-18T08:02:35.361+0000] {logging_mixin.py:188} INFO - [2026-03-18T08:02:35.361+0000] {dag.py:3823} INFO - Setting next_dagrun for example_sla_dag to 2026-03-18 08:00:00+00:00, run_after=2026-03-18 08:02:00+00:00
[2026-03-18T08:02:35.374+0000] {processor.py:183} INFO - Processing /home/airflow/.local/lib/python3.8/site-packages/airflow/example_dags/example_sla_dag.py took 0.042 seconds
[2026-03-18T08:03:05.983+0000] {processor.py:161} INFO - Started process (PID=425) to work on /home/airflow/.local/lib/python3.8/site-packages/airflow/example_dags/example_sla_dag.py
[2026-03-18T08:03:05.985+0000] {processor.py:830} INFO - Processing file /home/airflow/.local/lib/python3.8/site-packages/airflow/example_dags/example_sla_dag.py for tasks to queue
[2026-03-18T08:03:05.986+0000] {logging_mixin.py:188} INFO - [2026-03-18T08:03:05.985+0000] {dagbag.py:538} INFO - Filling up the DagBag from /home/airflow/.local/lib/python3.8/site-packages/airflow/example_dags/example_sla_dag.py
[2026-03-18T08:03:05.989+0000] {processor.py:840} INFO - DAG(s) 'example_sla_dag' retrieved from /home/airflow/.local/lib/python3.8/site-packages/airflow/example_dags/example_sla_dag.py
[2026-03-18T08:03:05.998+0000] {logging_mixin.py:188} INFO - [2026-03-18T08:03:05.998+0000] {dag.py:3036} INFO - Sync 1 DAGs
[2026-03-18T08:03:06.008+0000] {logging_mixin.py:188} INFO - [2026-03-18T08:03:06.008+0000] {dag.py:3823} INFO - Setting next_dagrun for example_sla_dag to 2026-03-18 08:00:00+00:00, run_after=2026-03-18 08:02:00+00:00
[2026-03-18T08:03:06.015+0000] {processor.py:183} INFO - Processing /home/airflow/.local/lib/python3.8/site-packages/airflow/example_dags/example_sla_dag.py took 0.034 seconds
[2026-03-18T08:03:36.540+0000] {processor.py:161} INFO - Started process (PID=481) to work on /home/airflow/.local/lib/python3.8/site-packages/airflow/example_dags/example_sla_dag.py
[2026-03-18T08:03:36.542+0000] {processor.py:830} INFO - Processing file /home/airflow/.local/lib/python3.8/site-packages/airflow/example_dags/example_sla_dag.py for tasks to queue
[2026-03-18T08:03:36.543+0000] {logging_mixin.py:188} INFO - [2026-03-18T08:03:36.543+0000] {dagbag.py:538} INFO - Filling up the DagBag from /home/airflow/.local/lib/python3.8/site-packages/airflow/example_dags/example_sla_dag.py
[2026-03-18T08:03:36.547+0000] {processor.py:840} INFO - DAG(s) 'example_sla_dag' retrieved from /home/airflow/.local/lib/python3.8/site-packages/airflow/example_dags/example_sla_dag.py
[2026-03-18T08:03:36.556+0000] {logging_mixin.py:188} INFO - [2026-03-18T08:03:36.556+0000] {dag.py:3036} INFO - Sync 1 DAGs
[2026-03-18T08:03:36.566+0000] {logging_mixin.py:188} INFO - [2026-03-18T08:03:36.565+0000] {dag.py:3823} INFO - Setting next_dagrun for example_sla_dag to 2026-03-18 08:00:00+00:00, run_after=2026-03-18 08:02:00+00:00
[2026-03-18T08:03:36.578+0000] {processor.py:183} INFO - Processing /home/airflow/.local/lib/python3.8/site-packages/airflow/example_dags/example_sla_dag.py took 0.040 seconds
[2026-03-18T08:04:07.135+0000] {processor.py:161} INFO - Started process (PID=537) to work on /home/airflow/.local/lib/python3.8/site-packages/airflow/example_dags/example_sla_dag.py
[2026-03-18T08:04:07.135+0000] {processor.py:830} INFO - Processing file /home/airflow/.local/lib/python3.8/site-packages/airflow/example_dags/example_sla_dag.py for tasks to queue
[2026-03-18T08:04:07.136+0000] {logging_mixin.py:188} INFO - [2026-03-18T08:04:07.136+0000] {dagbag.py:538} INFO - Filling up the DagBag from /home/airflow/.local/lib/python3.8/site-packages/airflow/example_dags/example_sla_dag.py
[2026-03-18T08:04:07.140+0000] {processor.py:840} INFO - DAG(s) 'example_sla_dag' retrieved from /home/airflow/.local/lib/python3.8/site-packages/airflow/example_dags/example_sla_dag.py
[2026-03-18T08:04:07.152+0000] {logging_mixin.py:188} INFO - [2026-03-18T08:04:07.152+0000] {dag.py:3036} INFO - Sync 1 DAGs
[2026-03-18T08:04:07.163+0000] {logging_mixin.py:188} INFO - [2026-03-18T08:04:07.163+0000] {dag.py:3823} INFO - Setting next_dagrun for example_sla_dag to 2026-03-18 08:02:00+00:00, run_after=2026-03-18 08:04:00+00:00
[2026-03-18T08:04:07.173+0000] {processor.py:183} INFO - Processing /home/airflow/.local/lib/python3.8/site-packages/airflow/example_dags/example_sla_dag.py took 0.040 seconds
[2026-03-18T08:04:30.133+0000] {processor.py:161} INFO - Started process (PID=85) to work on /home/airflow/.local/lib/python3.8/site-packages/airflow/example_dags/example_sla_dag.py
[2026-03-18T08:04:30.135+0000] {processor.py:830} INFO - Processing file /home/airflow/.local/lib/python3.8/site-packages/airflow/example_dags/example_sla_dag.py for tasks to queue
[2026-03-18T08:04:30.136+0000] {logging_mixin.py:188} INFO - [2026-03-18T08:04:30.136+0000] {dagbag.py:538} INFO - Filling up the DagBag from /home/airflow/.local/lib/python3.8/site-packages/airflow/example_dags/example_sla_dag.py
[2026-03-18T08:04:30.141+0000] {processor.py:840} INFO - DAG(s) 'example_sla_dag' retrieved from /home/airflow/.local/lib/python3.8/site-packages/airflow/example_dags/example_sla_dag.py
[2026-03-18T08:04:30.146+0000] {logging_mixin.py:188} INFO - [2026-03-18T08:04:30.146+0000] {dag.py:3036} INFO - Sync 1 DAGs
[2026-03-18T08:04:30.160+0000] {logging_mixin.py:188} INFO - [2026-03-18T08:04:30.160+0000] {dag.py:3823} INFO - Setting next_dagrun for example_sla_dag to 2026-03-18 08:02:00+00:00, run_after=2026-03-18 08:04:00+00:00
[2026-03-18T08:04:30.178+0000] {processor.py:183} INFO - Processing /home/airflow/.local/lib/python3.8/site-packages/airflow/example_dags/example_sla_dag.py took 0.046 seconds
[2026-03-18T08:05:00.803+0000] {processor.py:161} INFO - Started process (PID=141) to work on /home/airflow/.local/lib/python3.8/site-packages/airflow/example_dags/example_sla_dag.py
[2026-03-18T08:05:00.803+0000] {processor.py:830} INFO - Processing file /home/airflow/.local/lib/python3.8/site-packages/airflow/example_dags/example_sla_dag.py for tasks to queue
[2026-03-18T08:05:00.804+0000] {logging_mixin.py:188} INFO - [2026-03-18T08:05:00.804+0000] {dagbag.py:538} INFO - Filling up the DagBag from /home/airflow/.local/lib/python3.8/site-packages/airflow/example_dags/example_sla_dag.py
[2026-03-18T08:05:00.808+0000] {processor.py:840} INFO - DAG(s) 'example_sla_dag' retrieved from /home/airflow/.local/lib/python3.8/site-packages/airflow/example_dags/example_sla_dag.py
[2026-03-18T08:05:00.860+0000] {logging_mixin.py:188} INFO - [2026-03-18T08:05:00.860+0000] {dag.py:3036} INFO - Sync 1 DAGs
[2026-03-18T08:05:00.870+0000] {logging_mixin.py:188} INFO - [2026-03-18T08:05:00.870+0000] {dag.py:3823} INFO - Setting next_dagrun for example_sla_dag to 2026-03-18 08:02:00+00:00, run_after=2026-03-18 08:04:00+00:00
[2026-03-18T08:05:00.877+0000] {processor.py:183} INFO - Processing /home/airflow/.local/lib/python3.8/site-packages/airflow/example_dags/example_sla_dag.py took 0.076 seconds
[2026-03-18T08:05:31.783+0000] {processor.py:161} INFO - Started process (PID=196) to work on /home/airflow/.local/lib/python3.8/site-packages/airflow/example_dags/example_sla_dag.py
[2026-03-18T08:05:31.784+0000] {processor.py:830} INFO - Processing file /home/airflow/.local/lib/python3.8/site-packages/airflow/example_dags/example_sla_dag.py for tasks to queue
[2026-03-18T08:05:31.785+0000] {logging_mixin.py:188} INFO - [2026-03-18T08:05:31.785+0000] {dagbag.py:538} INFO - Filling up the DagBag from /home/airflow/.local/lib/python3.8/site-packages/airflow/example_dags/example_sla_dag.py
[2026-03-18T08:05:31.790+0000] {processor.py:840} INFO - DAG(s) 'example_sla_dag' retrieved from /home/airflow/.local/lib/python3.8/site-packages/airflow/example_dags/example_sla_dag.py
[2026-03-18T08:05:31.806+0000] {logging_mixin.py:188} INFO - [2026-03-18T08:05:31.806+0000] {dag.py:3036} INFO - Sync 1 DAGs
[2026-03-18T08:05:31.822+0000] {logging_mixin.py:188} INFO - [2026-03-18T08:05:31.822+0000] {dag.py:3823} INFO - Setting next_dagrun for example_sla_dag to 2026-03-18 08:02:00+00:00, run_after=2026-03-18 08:04:00+00:00
[2026-03-18T08:05:31.841+0000] {processor.py:183} INFO - Processing /home/airflow/.local/lib/python3.8/site-packages/airflow/example_dags/example_sla_dag.py took 0.061 seconds
[2026-03-18T08:06:15.514+0000] {processor.py:161} INFO - Started process (PID=131) to work on /home/airflow/.local/lib/python3.8/site-packages/airflow/example_dags/example_sla_dag.py
[2026-03-18T08:06:15.515+0000] {processor.py:830} INFO - Processing file /home/airflow/.local/lib/python3.8/site-packages/airflow/example_dags/example_sla_dag.py for tasks to queue
[2026-03-18T08:06:15.516+0000] {logging_mixin.py:188} INFO - [2026-03-18T08:06:15.516+0000] {dagbag.py:538} INFO - Filling up the DagBag from /home/airflow/.local/lib/python3.8/site-packages/airflow/example_dags/example_sla_dag.py
[2026-03-18T08:06:15.520+0000] {processor.py:840} INFO - DAG(s) 'example_sla_dag' retrieved from /home/airflow/.local/lib/python3.8/site-packages/airflow/example_dags/example_sla_dag.py
[2026-03-18T08:06:15.565+0000] {logging_mixin.py:188} INFO - [2026-03-18T08:06:15.565+0000] {dag.py:3036} INFO - Sync 1 DAGs
[2026-03-18T08:06:15.576+0000] {logging_mixin.py:188} INFO - [2026-03-18T08:06:15.576+0000] {dag.py:3823} INFO - Setting next_dagrun for example_sla_dag to 2026-03-18 08:04:00+00:00, run_after=2026-03-18 08:06:00+00:00
[2026-03-18T08:06:15.587+0000] {processor.py:183} INFO - Processing /home/airflow/.local/lib/python3.8/site-packages/airflow/example_dags/example_sla_dag.py took 0.074 seconds
[2026-03-18T08:06:45.952+0000] {processor.py:161} INFO - Started process (PID=193) to work on /home/airflow/.local/lib/python3.8/site-packages/airflow/example_dags/example_sla_dag.py
[2026-03-18T08:06:45.953+0000] {processor.py:830} INFO - Processing file /home/airflow/.local/lib/python3.8/site-packages/airflow/example_dags/example_sla_dag.py for tasks to queue
[2026-03-18T08:06:45.955+0000] {logging_mixin.py:188} INFO - [2026-03-18T08:06:45.954+0000] {dagbag.py:538} INFO - Filling up the DagBag from /home/airflow/.local/lib/python3.8/site-packages/airflow/example_dags/example_sla_dag.py
[2026-03-18T08:06:45.960+0000] {processor.py:840} INFO - DAG(s) 'example_sla_dag' retrieved from /home/airflow/.local/lib/python3.8/site-packages/airflow/example_dags/example_sla_dag.py
[2026-03-18T08:06:45.969+0000] {logging_mixin.py:188} INFO - [2026-03-18T08:06:45.969+0000] {dag.py:3036} INFO - Sync 1 DAGs
[2026-03-18T08:06:45.982+0000] {logging_mixin.py:188} INFO - [2026-03-18T08:06:45.981+0000] {dag.py:3823} INFO - Setting next_dagrun for example_sla_dag to 2026-03-18 08:04:00+00:00, run_after=2026-03-18 08:06:00+00:00
[2026-03-18T08:06:45.995+0000] {processor.py:183} INFO - Processing /home/airflow/.local/lib/python3.8/site-packages/airflow/example_dags/example_sla_dag.py took 0.044 seconds
[2026-03-18T08:07:16.514+0000] {processor.py:161} INFO - Started process (PID=249) to work on /home/airflow/.local/lib/python3.8/site-packages/airflow/example_dags/example_sla_dag.py
[2026-03-18T08:07:16.515+0000] {processor.py:830} INFO - Processing file /home/airflow/.local/lib/python3.8/site-packages/airflow/example_dags/example_sla_dag.py for tasks to queue
[2026-03-18T08:07:16.516+0000] {logging_mixin.py:188} INFO - [2026-03-18T08:07:16.516+0000] {dagbag.py:538} INFO - Filling up the DagBag from /home/airflow/.local/lib/python3.8/site-packages/airflow/example_dags/example_sla_dag.py
[2026-03-18T08:07:16.520+0000] {processor.py:840} INFO - DAG(s) 'example_sla_dag' retrieved from /home/airflow/.local/lib/python3.8/site-packages/airflow/example_dags/example_sla_dag.py
[2026-03-18T08:07:16.531+0000] {logging_mixin.py:188} INFO - [2026-03-18T08:07:16.531+0000] {dag.py:3036} INFO - Sync 1 DAGs
[2026-03-18T08:07:16.548+0000] {logging_mixin.py:188} INFO - [2026-03-18T08:07:16.547+0000] {dag.py:3823} INFO - Setting next_dagrun for example_sla_dag to 2026-03-18 08:04:00+00:00, run_after=2026-03-18 08:06:00+00:00
[2026-03-18T08:07:16.563+0000] {processor.py:183} INFO - Processing /home/airflow/.local/lib/python3.8/site-packages/airflow/example_dags/example_sla_dag.py took 0.051 seconds
[2026-03-18T08:07:47.008+0000] {processor.py:161} INFO - Started process (PID=305) to work on /home/airflow/.local/lib/python3.8/site-packages/airflow/example_dags/example_sla_dag.py
[2026-03-18T08:07:47.009+0000] {processor.py:830} INFO - Processing file /home/airflow/.local/lib/python3.8/site-packages/airflow/example_dags/example_sla_dag.py for tasks to queue
[2026-03-18T08:07:47.010+0000] {logging_mixin.py:188} INFO - [2026-03-18T08:07:47.010+0000] {dagbag.py:538} INFO - Filling up the DagBag from /home/airflow/.local/lib/python3.8/site-packages/airflow/example_dags/example_sla_dag.py
[2026-03-18T08:07:47.013+0000] {processor.py:840} INFO - DAG(s) 'example_sla_dag' retrieved from /home/airflow/.local/lib/python3.8/site-packages/airflow/example_dags/example_sla_dag.py
[2026-03-18T08:07:47.021+0000] {logging_mixin.py:188} INFO - [2026-03-18T08:07:47.021+0000] {dag.py:3036} INFO - Sync 1 DAGs
[2026-03-18T08:07:47.029+0000] {logging_mixin.py:188} INFO - [2026-03-18T08:07:47.029+0000] {dag.py:3823} INFO - Setting next_dagrun for example_sla_dag to 2026-03-18 08:04:00+00:00, run_after=2026-03-18 08:06:00+00:00
[2026-03-18T08:07:47.034+0000] {processor.py:183} INFO - Processing /home/airflow/.local/lib/python3.8/site-packages/airflow/example_dags/example_sla_dag.py took 0.027 seconds
[2026-03-18T08:08:17.574+0000] {processor.py:161} INFO - Started process (PID=361) to work on /home/airflow/.local/lib/python3.8/site-packages/airflow/example_dags/example_sla_dag.py
[2026-03-18T08:08:17.575+0000] {processor.py:830} INFO - Processing file /home/airflow/.local/lib/python3.8/site-packages/airflow/example_dags/example_sla_dag.py for tasks to queue
[2026-03-18T08:08:17.576+0000] {logging_mixin.py:188} INFO - [2026-03-18T08:08:17.575+0000] {dagbag.py:538} INFO - Filling up the DagBag from /home/airflow/.local/lib/python3.8/site-packages/airflow/example_dags/example_sla_dag.py
[2026-03-18T08:08:17.579+0000] {processor.py:840} INFO - DAG(s) 'example_sla_dag' retrieved from /home/airflow/.local/lib/python3.8/site-packages/airflow/example_dags/example_sla_dag.py
[2026-03-18T08:08:17.591+0000] {logging_mixin.py:188} INFO - [2026-03-18T08:08:17.590+0000] {dag.py:3036} INFO - Sync 1 DAGs
[2026-03-18T08:08:17.603+0000] {logging_mixin.py:188} INFO - [2026-03-18T08:08:17.603+0000] {dag.py:3823} INFO - Setting next_dagrun for example_sla_dag to 2026-03-18 08:06:00+00:00, run_after=2026-03-18 08:08:00+00:00
[2026-03-18T08:08:17.614+0000] {processor.py:183} INFO - Processing /home/airflow/.local/lib/python3.8/site-packages/airflow/example_dags/example_sla_dag.py took 0.041 seconds
[2026-03-18T08:08:48.087+0000] {processor.py:161} INFO - Started process (PID=417) to work on /home/airflow/.local/lib/python3.8/site-packages/airflow/example_dags/example_sla_dag.py
[2026-03-18T08:08:48.088+0000] {processor.py:830} INFO - Processing file /home/airflow/.local/lib/python3.8/site-packages/airflow/example_dags/example_sla_dag.py for tasks to queue
[2026-03-18T08:08:48.089+0000] {logging_mixin.py:188} INFO - [2026-03-18T08:08:48.089+0000] {dagbag.py:538} INFO - Filling up the DagBag from /home/airflow/.local/lib/python3.8/site-packages/airflow/example_dags/example_sla_dag.py
[2026-03-18T08:08:48.093+0000] {processor.py:840} INFO - DAG(s) 'example_sla_dag' retrieved from /home/airflow/.local/lib/python3.8/site-packages/airflow/example_dags/example_sla_dag.py
[2026-03-18T08:08:48.102+0000] {logging_mixin.py:188} INFO - [2026-03-18T08:08:48.102+0000] {dag.py:3036} INFO - Sync 1 DAGs
[2026-03-18T08:08:48.114+0000] {logging_mixin.py:188} INFO - [2026-03-18T08:08:48.114+0000] {dag.py:3823} INFO - Setting next_dagrun for example_sla_dag to 2026-03-18 08:06:00+00:00, run_after=2026-03-18 08:08:00+00:00
[2026-03-18T08:08:48.124+0000] {processor.py:183} INFO - Processing /home/airflow/.local/lib/python3.8/site-packages/airflow/example_dags/example_sla_dag.py took 0.039 seconds
[2026-03-18T08:09:18.612+0000] {processor.py:161} INFO - Started process (PID=473) to work on /home/airflow/.local/lib/python3.8/site-packages/airflow/example_dags/example_sla_dag.py
[2026-03-18T08:09:18.613+0000] {processor.py:830} INFO - Processing file /home/airflow/.local/lib/python3.8/site-packages/airflow/example_dags/example_sla_dag.py for tasks to queue
[2026-03-18T08:09:18.614+0000] {logging_mixin.py:188} INFO - [2026-03-18T08:09:18.614+0000] {dagbag.py:538} INFO - Filling up the DagBag from /home/airflow/.local/lib/python3.8/site-packages/airflow/example_dags/example_sla_dag.py
[2026-03-18T08:09:18.618+0000] {processor.py:840} INFO - DAG(s) 'example_sla_dag' retrieved from /home/airflow/.local/lib/python3.8/site-packages/airflow/example_dags/example_sla_dag.py
[2026-03-18T08:09:18.628+0000] {logging_mixin.py:188} INFO - [2026-03-18T08:09:18.628+0000] {dag.py:3036} INFO - Sync 1 DAGs
[2026-03-18T08:09:18.638+0000] {logging_mixin.py:188} INFO - [2026-03-18T08:09:18.638+0000] {dag.py:3823} INFO - Setting next_dagrun for example_sla_dag to 2026-03-18 08:06:00+00:00, run_after=2026-03-18 08:08:00+00:00
[2026-03-18T08:09:18.651+0000] {processor.py:183} INFO - Processing /home/airflow/.local/lib/python3.8/site-packages/airflow/example_dags/example_sla_dag.py took 0.040 seconds
[2026-03-18T08:09:49.100+0000] {processor.py:161} INFO - Started process (PID=529) to work on /home/airflow/.local/lib/python3.8/site-packages/airflow/example_dags/example_sla_dag.py
[2026-03-18T08:09:49.100+0000] {processor.py:830} INFO - Processing file /home/airflow/.local/lib/python3.8/site-packages/airflow/example_dags/example_sla_dag.py for tasks to queue
[2026-03-18T08:09:49.101+0000] {logging_mixin.py:188} INFO - [2026-03-18T08:09:49.101+0000] {dagbag.py:538} INFO - Filling up the DagBag from /home/airflow/.local/lib/python3.8/site-packages/airflow/example_dags/example_sla_dag.py
[2026-03-18T08:09:49.107+0000] {processor.py:840} INFO - DAG(s) 'example_sla_dag' retrieved from /home/airflow/.local/lib/python3.8/site-packages/airflow/example_dags/example_sla_dag.py
[2026-03-18T08:09:49.118+0000] {logging_mixin.py:188} INFO - [2026-03-18T08:09:49.118+0000] {dag.py:3036} INFO - Sync 1 DAGs
[2026-03-18T08:09:49.127+0000] {logging_mixin.py:188} INFO - [2026-03-18T08:09:49.127+0000] {dag.py:3823} INFO - Setting next_dagrun for example_sla_dag to 2026-03-18 08:06:00+00:00, run_after=2026-03-18 08:08:00+00:00
[2026-03-18T08:09:49.136+0000] {processor.py:183} INFO - Processing /home/airflow/.local/lib/python3.8/site-packages/airflow/example_dags/example_sla_dag.py took 0.038 seconds
[2026-03-18T08:10:19.723+0000] {processor.py:161} INFO - Started process (PID=585) to work on /home/airflow/.local/lib/python3.8/site-packages/airflow/example_dags/example_sla_dag.py
[2026-03-18T08:10:19.723+0000] {processor.py:830} INFO - Processing file /home/airflow/.local/lib/python3.8/site-packages/airflow/example_dags/example_sla_dag.py for tasks to queue
[2026-03-18T08:10:19.724+0000] {logging_mixin.py:188} INFO - [2026-03-18T08:10:19.724+0000] {dagbag.py:538} INFO - Filling up the DagBag from /home/airflow/.local/lib/python3.8/site-packages/airflow/example_dags/example_sla_dag.py
[2026-03-18T08:10:19.728+0000] {processor.py:840} INFO - DAG(s) 'example_sla_dag' retrieved from /home/airflow/.local/lib/python3.8/site-packages/airflow/example_dags/example_sla_dag.py
[2026-03-18T08:10:19.739+0000] {logging_mixin.py:188} INFO - [2026-03-18T08:10:19.739+0000] {dag.py:3036} INFO - Sync 1 DAGs
[2026-03-18T08:10:19.750+0000] {logging_mixin.py:188} INFO - [2026-03-18T08:10:19.750+0000] {dag.py:3823} INFO - Setting next_dagrun for example_sla_dag to 2026-03-18 08:08:00+00:00, run_after=2026-03-18 08:10:00+00:00
[2026-03-18T08:10:19.761+0000] {processor.py:183} INFO - Processing /home/airflow/.local/lib/python3.8/site-packages/airflow/example_dags/example_sla_dag.py took 0.040 seconds
[2026-03-18T08:10:50.180+0000] {processor.py:161} INFO - Started process (PID=641) to work on /home/airflow/.local/lib/python3.8/site-packages/airflow/example_dags/example_sla_dag.py
[2026-03-18T08:10:50.181+0000] {processor.py:830} INFO - Processing file /home/airflow/.local/lib/python3.8/site-packages/airflow/example_dags/example_sla_dag.py for tasks to queue
[2026-03-18T08:10:50.182+0000] {logging_mixin.py:188} INFO - [2026-03-18T08:10:50.182+0000] {dagbag.py:538} INFO - Filling up the DagBag from /home/airflow/.local/lib/python3.8/site-packages/airflow/example_dags/example_sla_dag.py
[2026-03-18T08:10:50.186+0000] {processor.py:840} INFO - DAG(s) 'example_sla_dag' retrieved from /home/airflow/.local/lib/python3.8/site-packages/airflow/example_dags/example_sla_dag.py
[2026-03-18T08:10:50.196+0000] {logging_mixin.py:188} INFO - [2026-03-18T08:10:50.196+0000] {dag.py:3036} INFO - Sync 1 DAGs
[2026-03-18T08:10:50.205+0000] {logging_mixin.py:188} INFO - [2026-03-18T08:10:50.205+0000] {dag.py:3823} INFO - Setting next_dagrun for example_sla_dag to 2026-03-18 08:08:00+00:00, run_after=2026-03-18 08:10:00+00:00
[2026-03-18T08:10:50.217+0000] {processor.py:183} INFO - Processing /home/airflow/.local/lib/python3.8/site-packages/airflow/example_dags/example_sla_dag.py took 0.038 seconds
[2026-03-18T08:11:20.702+0000] {processor.py:161} INFO - Started process (PID=697) to work on /home/airflow/.local/lib/python3.8/site-packages/airflow/example_dags/example_sla_dag.py
[2026-03-18T08:11:20.706+0000] {processor.py:830} INFO - Processing file /home/airflow/.local/lib/python3.8/site-packages/airflow/example_dags/example_sla_dag.py for tasks to queue
[2026-03-18T08:11:20.707+0000] {logging_mixin.py:188} INFO - [2026-03-18T08:11:20.707+0000] {dagbag.py:538} INFO - Filling up the DagBag from /home/airflow/.local/lib/python3.8/site-packages/airflow/example_dags/example_sla_dag.py
[2026-03-18T08:11:20.711+0000] {processor.py:840} INFO - DAG(s) 'example_sla_dag' retrieved from /home/airflow/.local/lib/python3.8/site-packages/airflow/example_dags/example_sla_dag.py
[2026-03-18T08:11:20.720+0000] {logging_mixin.py:188} INFO - [2026-03-18T08:11:20.719+0000] {dag.py:3036} INFO - Sync 1 DAGs
[2026-03-18T08:11:20.731+0000] {logging_mixin.py:188} INFO - [2026-03-18T08:11:20.731+0000] {dag.py:3823} INFO - Setting next_dagrun for example_sla_dag to 2026-03-18 08:08:00+00:00, run_after=2026-03-18 08:10:00+00:00
[2026-03-18T08:11:20.743+0000] {processor.py:183} INFO - Processing /home/airflow/.local/lib/python3.8/site-packages/airflow/example_dags/example_sla_dag.py took 0.042 seconds
[2026-03-18T08:11:51.256+0000] {processor.py:161} INFO - Started process (PID=753) to work on /home/airflow/.local/lib/python3.8/site-packages/airflow/example_dags/example_sla_dag.py
[2026-03-18T08:11:51.257+0000] {processor.py:830} INFO - Processing file /home/airflow/.local/lib/python3.8/site-packages/airflow/example_dags/example_sla_dag.py for tasks to queue
[2026-03-18T08:11:51.257+0000] {logging_mixin.py:188} INFO - [2026-03-18T08:11:51.257+0000] {dagbag.py:538} INFO - Filling up the DagBag from /home/airflow/.local/lib/python3.8/site-packages/airflow/example_dags/example_sla_dag.py
[2026-03-18T08:11:51.262+0000] {processor.py:840} INFO - DAG(s) 'example_sla_dag' retrieved from /home/airflow/.local/lib/python3.8/site-packages/airflow/example_dags/example_sla_dag.py
[2026-03-18T08:11:51.274+0000] {logging_mixin.py:188} INFO - [2026-03-18T08:11:51.274+0000] {dag.py:3036} INFO - Sync 1 DAGs
[2026-03-18T08:11:51.286+0000] {logging_mixin.py:188} INFO - [2026-03-18T08:11:51.286+0000] {dag.py:3823} INFO - Setting next_dagrun for example_sla_dag to 2026-03-18 08:08:00+00:00, run_after=2026-03-18 08:10:00+00:00
[2026-03-18T08:11:51.298+0000] {processor.py:183} INFO - Processing /home/airflow/.local/lib/python3.8/site-packages/airflow/example_dags/example_sla_dag.py took 0.044 seconds
[2026-03-18T08:12:21.783+0000] {processor.py:161} INFO - Started process (PID=809) to work on /home/airflow/.local/lib/python3.8/site-packages/airflow/example_dags/example_sla_dag.py
[2026-03-18T08:12:21.783+0000] {processor.py:830} INFO - Processing file /home/airflow/.local/lib/python3.8/site-packages/airflow/example_dags/example_sla_dag.py for tasks to queue
[2026-03-18T08:12:21.784+0000] {logging_mixin.py:188} INFO - [2026-03-18T08:12:21.784+0000] {dagbag.py:538} INFO - Filling up the DagBag from /home/airflow/.local/lib/python3.8/site-packages/airflow/example_dags/example_sla_dag.py
[2026-03-18T08:12:21.788+0000] {processor.py:840} INFO - DAG(s) 'example_sla_dag' retrieved from /home/airflow/.local/lib/python3.8/site-packages/airflow/example_dags/example_sla_dag.py
[2026-03-18T08:12:21.799+0000] {logging_mixin.py:188} INFO - [2026-03-18T08:12:21.799+0000] {dag.py:3036} INFO - Sync 1 DAGs
[2026-03-18T08:12:21.812+0000] {logging_mixin.py:188} INFO - [2026-03-18T08:12:21.812+0000] {dag.py:3823} INFO - Setting next_dagrun for example_sla_dag to 2026-03-18 08:10:00+00:00, run_after=2026-03-18 08:12:00+00:00
[2026-03-18T08:12:21.823+0000] {processor.py:183} INFO - Processing /home/airflow/.local/lib/python3.8/site-packages/airflow/example_dags/example_sla_dag.py took 0.043 seconds
[2026-03-18T08:12:52.136+0000] {processor.py:161} INFO - Started process (PID=865) to work on /home/airflow/.local/lib/python3.8/site-packages/airflow/example_dags/example_sla_dag.py
[2026-03-18T08:12:52.137+0000] {processor.py:830} INFO - Processing file /home/airflow/.local/lib/python3.8/site-packages/airflow/example_dags/example_sla_dag.py for tasks to queue
[2026-03-18T08:12:52.141+0000] {logging_mixin.py:188} INFO - [2026-03-18T08:12:52.140+0000] {dagbag.py:538} INFO - Filling up the DagBag from /home/airflow/.local/lib/python3.8/site-packages/airflow/example_dags/example_sla_dag.py
[2026-03-18T08:12:52.145+0000] {processor.py:840} INFO - DAG(s) 'example_sla_dag' retrieved from /home/airflow/.local/lib/python3.8/site-packages/airflow/example_dags/example_sla_dag.py
[2026-03-18T08:12:52.158+0000] {logging_mixin.py:188} INFO - [2026-03-18T08:12:52.157+0000] {dag.py:3036} INFO - Sync 1 DAGs
[2026-03-18T08:12:52.170+0000] {logging_mixin.py:188} INFO - [2026-03-18T08:12:52.170+0000] {dag.py:3823} INFO - Setting next_dagrun for example_sla_dag to 2026-03-18 08:10:00+00:00, run_after=2026-03-18 08:12:00+00:00
[2026-03-18T08:12:52.178+0000] {processor.py:183} INFO - Processing /home/airflow/.local/lib/python3.8/site-packages/airflow/example_dags/example_sla_dag.py took 0.044 seconds
