[2026-03-18T07:45:18.620+0000] {processor.py:161} INFO - Started process (PID=68) to work on /home/airflow/.local/lib/python3.8/site-packages/airflow/example_dags/example_skip_dag.py
[2026-03-18T07:45:18.621+0000] {processor.py:830} INFO - Processing file /home/airflow/.local/lib/python3.8/site-packages/airflow/example_dags/example_skip_dag.py for tasks to queue
[2026-03-18T07:45:18.622+0000] {logging_mixin.py:188} INFO - [2026-03-18T07:45:18.621+0000] {dagbag.py:538} INFO - Filling up the DagBag from /home/airflow/.local/lib/python3.8/site-packages/airflow/example_dags/example_skip_dag.py
[2026-03-18T07:45:18.625+0000] {processor.py:840} INFO - DAG(s) 'example_skip_dag' retrieved from /home/airflow/.local/lib/python3.8/site-packages/airflow/example_dags/example_skip_dag.py
[2026-03-18T07:45:18.671+0000] {logging_mixin.py:188} INFO - [2026-03-18T07:45:18.670+0000] {override.py:1769} INFO - Created Permission View: can read on DAG:example_skip_dag
[2026-03-18T07:45:18.675+0000] {logging_mixin.py:188} INFO - [2026-03-18T07:45:18.675+0000] {override.py:1769} INFO - Created Permission View: can delete on DAG:example_skip_dag
[2026-03-18T07:45:18.678+0000] {logging_mixin.py:188} INFO - [2026-03-18T07:45:18.678+0000] {override.py:1769} INFO - Created Permission View: can edit on DAG:example_skip_dag
[2026-03-18T07:45:18.678+0000] {logging_mixin.py:188} INFO - [2026-03-18T07:45:18.678+0000] {dag.py:3036} INFO - Sync 1 DAGs
[2026-03-18T07:45:18.685+0000] {logging_mixin.py:188} INFO - [2026-03-18T07:45:18.685+0000] {dag.py:3058} INFO - Creating ORM DAG for example_skip_dag
[2026-03-18T07:45:18.691+0000] {logging_mixin.py:188} INFO - [2026-03-18T07:45:18.691+0000] {dag.py:3823} INFO - Setting next_dagrun for example_skip_dag to 2026-03-17 00:00:00+00:00, run_after=2026-03-18 00:00:00+00:00
[2026-03-18T07:45:18.698+0000] {processor.py:183} INFO - Processing /home/airflow/.local/lib/python3.8/site-packages/airflow/example_dags/example_skip_dag.py took 0.079 seconds
[2026-03-18T07:45:49.417+0000] {processor.py:161} INFO - Started process (PID=123) to work on /home/airflow/.local/lib/python3.8/site-packages/airflow/example_dags/example_skip_dag.py
[2026-03-18T07:45:49.419+0000] {processor.py:830} INFO - Processing file /home/airflow/.local/lib/python3.8/site-packages/airflow/example_dags/example_skip_dag.py for tasks to queue
[2026-03-18T07:45:49.420+0000] {logging_mixin.py:188} INFO - [2026-03-18T07:45:49.419+0000] {dagbag.py:538} INFO - Filling up the DagBag from /home/airflow/.local/lib/python3.8/site-packages/airflow/example_dags/example_skip_dag.py
[2026-03-18T07:45:49.423+0000] {processor.py:840} INFO - DAG(s) 'example_skip_dag' retrieved from /home/airflow/.local/lib/python3.8/site-packages/airflow/example_dags/example_skip_dag.py
[2026-03-18T07:45:49.431+0000] {logging_mixin.py:188} INFO - [2026-03-18T07:45:49.431+0000] {dag.py:3036} INFO - Sync 1 DAGs
[2026-03-18T07:45:49.439+0000] {logging_mixin.py:188} INFO - [2026-03-18T07:45:49.439+0000] {dag.py:3823} INFO - Setting next_dagrun for example_skip_dag to 2026-03-17 00:00:00+00:00, run_after=2026-03-18 00:00:00+00:00
[2026-03-18T07:45:49.448+0000] {processor.py:183} INFO - Processing /home/airflow/.local/lib/python3.8/site-packages/airflow/example_dags/example_skip_dag.py took 0.033 seconds
[2026-03-18T07:46:19.848+0000] {processor.py:161} INFO - Started process (PID=178) to work on /home/airflow/.local/lib/python3.8/site-packages/airflow/example_dags/example_skip_dag.py
[2026-03-18T07:46:19.848+0000] {processor.py:830} INFO - Processing file /home/airflow/.local/lib/python3.8/site-packages/airflow/example_dags/example_skip_dag.py for tasks to queue
[2026-03-18T07:46:19.849+0000] {logging_mixin.py:188} INFO - [2026-03-18T07:46:19.849+0000] {dagbag.py:538} INFO - Filling up the DagBag from /home/airflow/.local/lib/python3.8/site-packages/airflow/example_dags/example_skip_dag.py
[2026-03-18T07:46:19.853+0000] {processor.py:840} INFO - DAG(s) 'example_skip_dag' retrieved from /home/airflow/.local/lib/python3.8/site-packages/airflow/example_dags/example_skip_dag.py
[2026-03-18T07:46:19.863+0000] {logging_mixin.py:188} INFO - [2026-03-18T07:46:19.863+0000] {dag.py:3036} INFO - Sync 1 DAGs
[2026-03-18T07:46:19.873+0000] {logging_mixin.py:188} INFO - [2026-03-18T07:46:19.873+0000] {dag.py:3823} INFO - Setting next_dagrun for example_skip_dag to 2026-03-17 00:00:00+00:00, run_after=2026-03-18 00:00:00+00:00
[2026-03-18T07:46:19.882+0000] {processor.py:183} INFO - Processing /home/airflow/.local/lib/python3.8/site-packages/airflow/example_dags/example_skip_dag.py took 0.036 seconds
[2026-03-18T07:46:50.168+0000] {processor.py:161} INFO - Started process (PID=233) to work on /home/airflow/.local/lib/python3.8/site-packages/airflow/example_dags/example_skip_dag.py
[2026-03-18T07:46:50.168+0000] {processor.py:830} INFO - Processing file /home/airflow/.local/lib/python3.8/site-packages/airflow/example_dags/example_skip_dag.py for tasks to queue
[2026-03-18T07:46:50.169+0000] {logging_mixin.py:188} INFO - [2026-03-18T07:46:50.169+0000] {dagbag.py:538} INFO - Filling up the DagBag from /home/airflow/.local/lib/python3.8/site-packages/airflow/example_dags/example_skip_dag.py
[2026-03-18T07:46:50.172+0000] {processor.py:840} INFO - DAG(s) 'example_skip_dag' retrieved from /home/airflow/.local/lib/python3.8/site-packages/airflow/example_dags/example_skip_dag.py
[2026-03-18T07:46:50.183+0000] {logging_mixin.py:188} INFO - [2026-03-18T07:46:50.183+0000] {dag.py:3036} INFO - Sync 1 DAGs
[2026-03-18T07:46:50.192+0000] {logging_mixin.py:188} INFO - [2026-03-18T07:46:50.192+0000] {dag.py:3823} INFO - Setting next_dagrun for example_skip_dag to 2026-03-17 00:00:00+00:00, run_after=2026-03-18 00:00:00+00:00
[2026-03-18T07:46:50.198+0000] {processor.py:183} INFO - Processing /home/airflow/.local/lib/python3.8/site-packages/airflow/example_dags/example_skip_dag.py took 0.032 seconds
[2026-03-18T07:47:20.506+0000] {processor.py:161} INFO - Started process (PID=288) to work on /home/airflow/.local/lib/python3.8/site-packages/airflow/example_dags/example_skip_dag.py
[2026-03-18T07:47:20.507+0000] {processor.py:830} INFO - Processing file /home/airflow/.local/lib/python3.8/site-packages/airflow/example_dags/example_skip_dag.py for tasks to queue
[2026-03-18T07:47:20.508+0000] {logging_mixin.py:188} INFO - [2026-03-18T07:47:20.508+0000] {dagbag.py:538} INFO - Filling up the DagBag from /home/airflow/.local/lib/python3.8/site-packages/airflow/example_dags/example_skip_dag.py
[2026-03-18T07:47:20.511+0000] {processor.py:840} INFO - DAG(s) 'example_skip_dag' retrieved from /home/airflow/.local/lib/python3.8/site-packages/airflow/example_dags/example_skip_dag.py
[2026-03-18T07:47:20.522+0000] {logging_mixin.py:188} INFO - [2026-03-18T07:47:20.522+0000] {dag.py:3036} INFO - Sync 1 DAGs
[2026-03-18T07:47:20.532+0000] {logging_mixin.py:188} INFO - [2026-03-18T07:47:20.532+0000] {dag.py:3823} INFO - Setting next_dagrun for example_skip_dag to 2026-03-17 00:00:00+00:00, run_after=2026-03-18 00:00:00+00:00
[2026-03-18T07:47:20.541+0000] {processor.py:183} INFO - Processing /home/airflow/.local/lib/python3.8/site-packages/airflow/example_dags/example_skip_dag.py took 0.037 seconds
[2026-03-18T07:47:50.932+0000] {processor.py:161} INFO - Started process (PID=343) to work on /home/airflow/.local/lib/python3.8/site-packages/airflow/example_dags/example_skip_dag.py
[2026-03-18T07:47:50.933+0000] {processor.py:830} INFO - Processing file /home/airflow/.local/lib/python3.8/site-packages/airflow/example_dags/example_skip_dag.py for tasks to queue
[2026-03-18T07:47:50.934+0000] {logging_mixin.py:188} INFO - [2026-03-18T07:47:50.933+0000] {dagbag.py:538} INFO - Filling up the DagBag from /home/airflow/.local/lib/python3.8/site-packages/airflow/example_dags/example_skip_dag.py
[2026-03-18T07:47:50.937+0000] {processor.py:840} INFO - DAG(s) 'example_skip_dag' retrieved from /home/airflow/.local/lib/python3.8/site-packages/airflow/example_dags/example_skip_dag.py
[2026-03-18T07:47:50.946+0000] {logging_mixin.py:188} INFO - [2026-03-18T07:47:50.946+0000] {dag.py:3036} INFO - Sync 1 DAGs
[2026-03-18T07:47:50.954+0000] {logging_mixin.py:188} INFO - [2026-03-18T07:47:50.954+0000] {dag.py:3823} INFO - Setting next_dagrun for example_skip_dag to 2026-03-17 00:00:00+00:00, run_after=2026-03-18 00:00:00+00:00
[2026-03-18T07:47:50.962+0000] {processor.py:183} INFO - Processing /home/airflow/.local/lib/python3.8/site-packages/airflow/example_dags/example_skip_dag.py took 0.031 seconds
[2026-03-18T07:48:21.352+0000] {processor.py:161} INFO - Started process (PID=398) to work on /home/airflow/.local/lib/python3.8/site-packages/airflow/example_dags/example_skip_dag.py
[2026-03-18T07:48:21.352+0000] {processor.py:830} INFO - Processing file /home/airflow/.local/lib/python3.8/site-packages/airflow/example_dags/example_skip_dag.py for tasks to queue
[2026-03-18T07:48:21.353+0000] {logging_mixin.py:188} INFO - [2026-03-18T07:48:21.353+0000] {dagbag.py:538} INFO - Filling up the DagBag from /home/airflow/.local/lib/python3.8/site-packages/airflow/example_dags/example_skip_dag.py
[2026-03-18T07:48:21.358+0000] {processor.py:840} INFO - DAG(s) 'example_skip_dag' retrieved from /home/airflow/.local/lib/python3.8/site-packages/airflow/example_dags/example_skip_dag.py
[2026-03-18T07:48:21.371+0000] {logging_mixin.py:188} INFO - [2026-03-18T07:48:21.371+0000] {dag.py:3036} INFO - Sync 1 DAGs
[2026-03-18T07:48:21.380+0000] {logging_mixin.py:188} INFO - [2026-03-18T07:48:21.380+0000] {dag.py:3823} INFO - Setting next_dagrun for example_skip_dag to 2026-03-17 00:00:00+00:00, run_after=2026-03-18 00:00:00+00:00
[2026-03-18T07:48:21.387+0000] {processor.py:183} INFO - Processing /home/airflow/.local/lib/python3.8/site-packages/airflow/example_dags/example_skip_dag.py took 0.037 seconds
[2026-03-18T07:48:51.634+0000] {processor.py:161} INFO - Started process (PID=453) to work on /home/airflow/.local/lib/python3.8/site-packages/airflow/example_dags/example_skip_dag.py
[2026-03-18T07:48:51.635+0000] {processor.py:830} INFO - Processing file /home/airflow/.local/lib/python3.8/site-packages/airflow/example_dags/example_skip_dag.py for tasks to queue
[2026-03-18T07:48:51.635+0000] {logging_mixin.py:188} INFO - [2026-03-18T07:48:51.635+0000] {dagbag.py:538} INFO - Filling up the DagBag from /home/airflow/.local/lib/python3.8/site-packages/airflow/example_dags/example_skip_dag.py
[2026-03-18T07:48:51.638+0000] {processor.py:840} INFO - DAG(s) 'example_skip_dag' retrieved from /home/airflow/.local/lib/python3.8/site-packages/airflow/example_dags/example_skip_dag.py
[2026-03-18T07:48:51.647+0000] {logging_mixin.py:188} INFO - [2026-03-18T07:48:51.647+0000] {dag.py:3036} INFO - Sync 1 DAGs
[2026-03-18T07:48:51.654+0000] {logging_mixin.py:188} INFO - [2026-03-18T07:48:51.654+0000] {dag.py:3823} INFO - Setting next_dagrun for example_skip_dag to 2026-03-17 00:00:00+00:00, run_after=2026-03-18 00:00:00+00:00
[2026-03-18T07:48:51.660+0000] {processor.py:183} INFO - Processing /home/airflow/.local/lib/python3.8/site-packages/airflow/example_dags/example_skip_dag.py took 0.028 seconds
[2026-03-18T07:49:21.916+0000] {processor.py:161} INFO - Started process (PID=514) to work on /home/airflow/.local/lib/python3.8/site-packages/airflow/example_dags/example_skip_dag.py
[2026-03-18T07:49:21.916+0000] {processor.py:830} INFO - Processing file /home/airflow/.local/lib/python3.8/site-packages/airflow/example_dags/example_skip_dag.py for tasks to queue
[2026-03-18T07:49:21.917+0000] {logging_mixin.py:188} INFO - [2026-03-18T07:49:21.917+0000] {dagbag.py:538} INFO - Filling up the DagBag from /home/airflow/.local/lib/python3.8/site-packages/airflow/example_dags/example_skip_dag.py
[2026-03-18T07:49:21.920+0000] {processor.py:840} INFO - DAG(s) 'example_skip_dag' retrieved from /home/airflow/.local/lib/python3.8/site-packages/airflow/example_dags/example_skip_dag.py
[2026-03-18T07:49:21.928+0000] {logging_mixin.py:188} INFO - [2026-03-18T07:49:21.928+0000] {dag.py:3036} INFO - Sync 1 DAGs
[2026-03-18T07:49:21.937+0000] {logging_mixin.py:188} INFO - [2026-03-18T07:49:21.937+0000] {dag.py:3823} INFO - Setting next_dagrun for example_skip_dag to 2026-03-17 00:00:00+00:00, run_after=2026-03-18 00:00:00+00:00
[2026-03-18T07:49:21.944+0000] {processor.py:183} INFO - Processing /home/airflow/.local/lib/python3.8/site-packages/airflow/example_dags/example_skip_dag.py took 0.029 seconds
[2026-03-18T07:49:52.173+0000] {processor.py:161} INFO - Started process (PID=569) to work on /home/airflow/.local/lib/python3.8/site-packages/airflow/example_dags/example_skip_dag.py
[2026-03-18T07:49:52.174+0000] {processor.py:830} INFO - Processing file /home/airflow/.local/lib/python3.8/site-packages/airflow/example_dags/example_skip_dag.py for tasks to queue
[2026-03-18T07:49:52.176+0000] {logging_mixin.py:188} INFO - [2026-03-18T07:49:52.176+0000] {dagbag.py:538} INFO - Filling up the DagBag from /home/airflow/.local/lib/python3.8/site-packages/airflow/example_dags/example_skip_dag.py
[2026-03-18T07:49:52.179+0000] {processor.py:840} INFO - DAG(s) 'example_skip_dag' retrieved from /home/airflow/.local/lib/python3.8/site-packages/airflow/example_dags/example_skip_dag.py
[2026-03-18T07:49:52.188+0000] {logging_mixin.py:188} INFO - [2026-03-18T07:49:52.188+0000] {dag.py:3036} INFO - Sync 1 DAGs
[2026-03-18T07:49:52.198+0000] {logging_mixin.py:188} INFO - [2026-03-18T07:49:52.198+0000] {dag.py:3823} INFO - Setting next_dagrun for example_skip_dag to 2026-03-17 00:00:00+00:00, run_after=2026-03-18 00:00:00+00:00
[2026-03-18T07:49:52.205+0000] {processor.py:183} INFO - Processing /home/airflow/.local/lib/python3.8/site-packages/airflow/example_dags/example_skip_dag.py took 0.034 seconds
[2026-03-18T07:50:22.570+0000] {processor.py:161} INFO - Started process (PID=625) to work on /home/airflow/.local/lib/python3.8/site-packages/airflow/example_dags/example_skip_dag.py
[2026-03-18T07:50:22.571+0000] {processor.py:830} INFO - Processing file /home/airflow/.local/lib/python3.8/site-packages/airflow/example_dags/example_skip_dag.py for tasks to queue
[2026-03-18T07:50:22.572+0000] {logging_mixin.py:188} INFO - [2026-03-18T07:50:22.572+0000] {dagbag.py:538} INFO - Filling up the DagBag from /home/airflow/.local/lib/python3.8/site-packages/airflow/example_dags/example_skip_dag.py
[2026-03-18T07:50:22.576+0000] {processor.py:840} INFO - DAG(s) 'example_skip_dag' retrieved from /home/airflow/.local/lib/python3.8/site-packages/airflow/example_dags/example_skip_dag.py
[2026-03-18T07:50:22.589+0000] {logging_mixin.py:188} INFO - [2026-03-18T07:50:22.589+0000] {dag.py:3036} INFO - Sync 1 DAGs
[2026-03-18T07:50:22.600+0000] {logging_mixin.py:188} INFO - [2026-03-18T07:50:22.600+0000] {dag.py:3823} INFO - Setting next_dagrun for example_skip_dag to 2026-03-17 00:00:00+00:00, run_after=2026-03-18 00:00:00+00:00
[2026-03-18T07:50:22.609+0000] {processor.py:183} INFO - Processing /home/airflow/.local/lib/python3.8/site-packages/airflow/example_dags/example_skip_dag.py took 0.041 seconds
[2026-03-18T07:50:53.046+0000] {processor.py:161} INFO - Started process (PID=681) to work on /home/airflow/.local/lib/python3.8/site-packages/airflow/example_dags/example_skip_dag.py
[2026-03-18T07:50:53.047+0000] {processor.py:830} INFO - Processing file /home/airflow/.local/lib/python3.8/site-packages/airflow/example_dags/example_skip_dag.py for tasks to queue
[2026-03-18T07:50:53.048+0000] {logging_mixin.py:188} INFO - [2026-03-18T07:50:53.048+0000] {dagbag.py:538} INFO - Filling up the DagBag from /home/airflow/.local/lib/python3.8/site-packages/airflow/example_dags/example_skip_dag.py
[2026-03-18T07:50:53.055+0000] {processor.py:840} INFO - DAG(s) 'example_skip_dag' retrieved from /home/airflow/.local/lib/python3.8/site-packages/airflow/example_dags/example_skip_dag.py
[2026-03-18T07:50:53.065+0000] {logging_mixin.py:188} INFO - [2026-03-18T07:50:53.065+0000] {dag.py:3036} INFO - Sync 1 DAGs
[2026-03-18T07:50:53.073+0000] {logging_mixin.py:188} INFO - [2026-03-18T07:50:53.073+0000] {dag.py:3823} INFO - Setting next_dagrun for example_skip_dag to 2026-03-17 00:00:00+00:00, run_after=2026-03-18 00:00:00+00:00
[2026-03-18T07:50:53.081+0000] {processor.py:183} INFO - Processing /home/airflow/.local/lib/python3.8/site-packages/airflow/example_dags/example_skip_dag.py took 0.036 seconds
[2026-03-18T07:51:23.569+0000] {processor.py:161} INFO - Started process (PID=737) to work on /home/airflow/.local/lib/python3.8/site-packages/airflow/example_dags/example_skip_dag.py
[2026-03-18T07:51:23.570+0000] {processor.py:830} INFO - Processing file /home/airflow/.local/lib/python3.8/site-packages/airflow/example_dags/example_skip_dag.py for tasks to queue
[2026-03-18T07:51:23.571+0000] {logging_mixin.py:188} INFO - [2026-03-18T07:51:23.571+0000] {dagbag.py:538} INFO - Filling up the DagBag from /home/airflow/.local/lib/python3.8/site-packages/airflow/example_dags/example_skip_dag.py
[2026-03-18T07:51:23.574+0000] {processor.py:840} INFO - DAG(s) 'example_skip_dag' retrieved from /home/airflow/.local/lib/python3.8/site-packages/airflow/example_dags/example_skip_dag.py
[2026-03-18T07:51:23.584+0000] {logging_mixin.py:188} INFO - [2026-03-18T07:51:23.584+0000] {dag.py:3036} INFO - Sync 1 DAGs
[2026-03-18T07:51:23.595+0000] {logging_mixin.py:188} INFO - [2026-03-18T07:51:23.595+0000] {dag.py:3823} INFO - Setting next_dagrun for example_skip_dag to 2026-03-17 00:00:00+00:00, run_after=2026-03-18 00:00:00+00:00
[2026-03-18T07:51:23.607+0000] {processor.py:183} INFO - Processing /home/airflow/.local/lib/python3.8/site-packages/airflow/example_dags/example_skip_dag.py took 0.040 seconds
[2026-03-18T07:51:54.080+0000] {processor.py:161} INFO - Started process (PID=793) to work on /home/airflow/.local/lib/python3.8/site-packages/airflow/example_dags/example_skip_dag.py
[2026-03-18T07:51:54.080+0000] {processor.py:830} INFO - Processing file /home/airflow/.local/lib/python3.8/site-packages/airflow/example_dags/example_skip_dag.py for tasks to queue
[2026-03-18T07:51:54.081+0000] {logging_mixin.py:188} INFO - [2026-03-18T07:51:54.081+0000] {dagbag.py:538} INFO - Filling up the DagBag from /home/airflow/.local/lib/python3.8/site-packages/airflow/example_dags/example_skip_dag.py
[2026-03-18T07:51:54.084+0000] {processor.py:840} INFO - DAG(s) 'example_skip_dag' retrieved from /home/airflow/.local/lib/python3.8/site-packages/airflow/example_dags/example_skip_dag.py
[2026-03-18T07:51:54.095+0000] {logging_mixin.py:188} INFO - [2026-03-18T07:51:54.095+0000] {dag.py:3036} INFO - Sync 1 DAGs
[2026-03-18T07:51:54.106+0000] {logging_mixin.py:188} INFO - [2026-03-18T07:51:54.106+0000] {dag.py:3823} INFO - Setting next_dagrun for example_skip_dag to 2026-03-17 00:00:00+00:00, run_after=2026-03-18 00:00:00+00:00
[2026-03-18T07:51:54.116+0000] {processor.py:183} INFO - Processing /home/airflow/.local/lib/python3.8/site-packages/airflow/example_dags/example_skip_dag.py took 0.038 seconds
[2026-03-18T07:52:24.604+0000] {processor.py:161} INFO - Started process (PID=849) to work on /home/airflow/.local/lib/python3.8/site-packages/airflow/example_dags/example_skip_dag.py
[2026-03-18T07:52:24.604+0000] {processor.py:830} INFO - Processing file /home/airflow/.local/lib/python3.8/site-packages/airflow/example_dags/example_skip_dag.py for tasks to queue
[2026-03-18T07:52:24.605+0000] {logging_mixin.py:188} INFO - [2026-03-18T07:52:24.605+0000] {dagbag.py:538} INFO - Filling up the DagBag from /home/airflow/.local/lib/python3.8/site-packages/airflow/example_dags/example_skip_dag.py
[2026-03-18T07:52:24.608+0000] {processor.py:840} INFO - DAG(s) 'example_skip_dag' retrieved from /home/airflow/.local/lib/python3.8/site-packages/airflow/example_dags/example_skip_dag.py
[2026-03-18T07:52:24.620+0000] {logging_mixin.py:188} INFO - [2026-03-18T07:52:24.620+0000] {dag.py:3036} INFO - Sync 1 DAGs
[2026-03-18T07:52:24.634+0000] {logging_mixin.py:188} INFO - [2026-03-18T07:52:24.634+0000] {dag.py:3823} INFO - Setting next_dagrun for example_skip_dag to 2026-03-17 00:00:00+00:00, run_after=2026-03-18 00:00:00+00:00
[2026-03-18T07:52:24.644+0000] {processor.py:183} INFO - Processing /home/airflow/.local/lib/python3.8/site-packages/airflow/example_dags/example_skip_dag.py took 0.042 seconds
[2026-03-18T07:52:55.077+0000] {processor.py:161} INFO - Started process (PID=905) to work on /home/airflow/.local/lib/python3.8/site-packages/airflow/example_dags/example_skip_dag.py
[2026-03-18T07:52:55.078+0000] {processor.py:830} INFO - Processing file /home/airflow/.local/lib/python3.8/site-packages/airflow/example_dags/example_skip_dag.py for tasks to queue
[2026-03-18T07:52:55.080+0000] {logging_mixin.py:188} INFO - [2026-03-18T07:52:55.080+0000] {dagbag.py:538} INFO - Filling up the DagBag from /home/airflow/.local/lib/python3.8/site-packages/airflow/example_dags/example_skip_dag.py
[2026-03-18T07:52:55.083+0000] {processor.py:840} INFO - DAG(s) 'example_skip_dag' retrieved from /home/airflow/.local/lib/python3.8/site-packages/airflow/example_dags/example_skip_dag.py
[2026-03-18T07:52:55.096+0000] {logging_mixin.py:188} INFO - [2026-03-18T07:52:55.096+0000] {dag.py:3036} INFO - Sync 1 DAGs
[2026-03-18T07:52:55.104+0000] {logging_mixin.py:188} INFO - [2026-03-18T07:52:55.104+0000] {dag.py:3823} INFO - Setting next_dagrun for example_skip_dag to 2026-03-17 00:00:00+00:00, run_after=2026-03-18 00:00:00+00:00
[2026-03-18T07:52:55.111+0000] {processor.py:183} INFO - Processing /home/airflow/.local/lib/python3.8/site-packages/airflow/example_dags/example_skip_dag.py took 0.036 seconds
[2026-03-18T07:53:25.540+0000] {processor.py:161} INFO - Started process (PID=961) to work on /home/airflow/.local/lib/python3.8/site-packages/airflow/example_dags/example_skip_dag.py
[2026-03-18T07:53:25.541+0000] {processor.py:830} INFO - Processing file /home/airflow/.local/lib/python3.8/site-packages/airflow/example_dags/example_skip_dag.py for tasks to queue
[2026-03-18T07:53:25.543+0000] {logging_mixin.py:188} INFO - [2026-03-18T07:53:25.543+0000] {dagbag.py:538} INFO - Filling up the DagBag from /home/airflow/.local/lib/python3.8/site-packages/airflow/example_dags/example_skip_dag.py
[2026-03-18T07:53:25.547+0000] {processor.py:840} INFO - DAG(s) 'example_skip_dag' retrieved from /home/airflow/.local/lib/python3.8/site-packages/airflow/example_dags/example_skip_dag.py
[2026-03-18T07:53:25.558+0000] {logging_mixin.py:188} INFO - [2026-03-18T07:53:25.558+0000] {dag.py:3036} INFO - Sync 1 DAGs
[2026-03-18T07:53:25.569+0000] {logging_mixin.py:188} INFO - [2026-03-18T07:53:25.569+0000] {dag.py:3823} INFO - Setting next_dagrun for example_skip_dag to 2026-03-17 00:00:00+00:00, run_after=2026-03-18 00:00:00+00:00
[2026-03-18T07:53:25.576+0000] {processor.py:183} INFO - Processing /home/airflow/.local/lib/python3.8/site-packages/airflow/example_dags/example_skip_dag.py took 0.037 seconds
[2026-03-18T07:53:56.059+0000] {processor.py:161} INFO - Started process (PID=1017) to work on /home/airflow/.local/lib/python3.8/site-packages/airflow/example_dags/example_skip_dag.py
[2026-03-18T07:53:56.059+0000] {processor.py:830} INFO - Processing file /home/airflow/.local/lib/python3.8/site-packages/airflow/example_dags/example_skip_dag.py for tasks to queue
[2026-03-18T07:53:56.060+0000] {logging_mixin.py:188} INFO - [2026-03-18T07:53:56.060+0000] {dagbag.py:538} INFO - Filling up the DagBag from /home/airflow/.local/lib/python3.8/site-packages/airflow/example_dags/example_skip_dag.py
[2026-03-18T07:53:56.063+0000] {processor.py:840} INFO - DAG(s) 'example_skip_dag' retrieved from /home/airflow/.local/lib/python3.8/site-packages/airflow/example_dags/example_skip_dag.py
[2026-03-18T07:53:56.075+0000] {logging_mixin.py:188} INFO - [2026-03-18T07:53:56.075+0000] {dag.py:3036} INFO - Sync 1 DAGs
[2026-03-18T07:53:56.085+0000] {logging_mixin.py:188} INFO - [2026-03-18T07:53:56.085+0000] {dag.py:3823} INFO - Setting next_dagrun for example_skip_dag to 2026-03-17 00:00:00+00:00, run_after=2026-03-18 00:00:00+00:00
[2026-03-18T07:53:56.097+0000] {processor.py:183} INFO - Processing /home/airflow/.local/lib/python3.8/site-packages/airflow/example_dags/example_skip_dag.py took 0.039 seconds
[2026-03-18T07:54:26.445+0000] {processor.py:161} INFO - Started process (PID=1073) to work on /home/airflow/.local/lib/python3.8/site-packages/airflow/example_dags/example_skip_dag.py
[2026-03-18T07:54:26.446+0000] {processor.py:830} INFO - Processing file /home/airflow/.local/lib/python3.8/site-packages/airflow/example_dags/example_skip_dag.py for tasks to queue
[2026-03-18T07:54:26.447+0000] {logging_mixin.py:188} INFO - [2026-03-18T07:54:26.447+0000] {dagbag.py:538} INFO - Filling up the DagBag from /home/airflow/.local/lib/python3.8/site-packages/airflow/example_dags/example_skip_dag.py
[2026-03-18T07:54:26.452+0000] {processor.py:840} INFO - DAG(s) 'example_skip_dag' retrieved from /home/airflow/.local/lib/python3.8/site-packages/airflow/example_dags/example_skip_dag.py
[2026-03-18T07:54:26.461+0000] {logging_mixin.py:188} INFO - [2026-03-18T07:54:26.461+0000] {dag.py:3036} INFO - Sync 1 DAGs
[2026-03-18T07:54:26.473+0000] {logging_mixin.py:188} INFO - [2026-03-18T07:54:26.473+0000] {dag.py:3823} INFO - Setting next_dagrun for example_skip_dag to 2026-03-17 00:00:00+00:00, run_after=2026-03-18 00:00:00+00:00
[2026-03-18T07:54:26.490+0000] {processor.py:183} INFO - Processing /home/airflow/.local/lib/python3.8/site-packages/airflow/example_dags/example_skip_dag.py took 0.047 seconds
[2026-03-18T07:54:56.947+0000] {processor.py:161} INFO - Started process (PID=1129) to work on /home/airflow/.local/lib/python3.8/site-packages/airflow/example_dags/example_skip_dag.py
[2026-03-18T07:54:56.948+0000] {processor.py:830} INFO - Processing file /home/airflow/.local/lib/python3.8/site-packages/airflow/example_dags/example_skip_dag.py for tasks to queue
[2026-03-18T07:54:56.948+0000] {logging_mixin.py:188} INFO - [2026-03-18T07:54:56.948+0000] {dagbag.py:538} INFO - Filling up the DagBag from /home/airflow/.local/lib/python3.8/site-packages/airflow/example_dags/example_skip_dag.py
[2026-03-18T07:54:56.951+0000] {processor.py:840} INFO - DAG(s) 'example_skip_dag' retrieved from /home/airflow/.local/lib/python3.8/site-packages/airflow/example_dags/example_skip_dag.py
[2026-03-18T07:54:56.964+0000] {logging_mixin.py:188} INFO - [2026-03-18T07:54:56.964+0000] {dag.py:3036} INFO - Sync 1 DAGs
[2026-03-18T07:54:56.974+0000] {logging_mixin.py:188} INFO - [2026-03-18T07:54:56.974+0000] {dag.py:3823} INFO - Setting next_dagrun for example_skip_dag to 2026-03-17 00:00:00+00:00, run_after=2026-03-18 00:00:00+00:00
[2026-03-18T07:54:56.984+0000] {processor.py:183} INFO - Processing /home/airflow/.local/lib/python3.8/site-packages/airflow/example_dags/example_skip_dag.py took 0.039 seconds
[2026-03-18T07:55:27.399+0000] {processor.py:161} INFO - Started process (PID=1185) to work on /home/airflow/.local/lib/python3.8/site-packages/airflow/example_dags/example_skip_dag.py
[2026-03-18T07:55:27.399+0000] {processor.py:830} INFO - Processing file /home/airflow/.local/lib/python3.8/site-packages/airflow/example_dags/example_skip_dag.py for tasks to queue
[2026-03-18T07:55:27.400+0000] {logging_mixin.py:188} INFO - [2026-03-18T07:55:27.400+0000] {dagbag.py:538} INFO - Filling up the DagBag from /home/airflow/.local/lib/python3.8/site-packages/airflow/example_dags/example_skip_dag.py
[2026-03-18T07:55:27.404+0000] {processor.py:840} INFO - DAG(s) 'example_skip_dag' retrieved from /home/airflow/.local/lib/python3.8/site-packages/airflow/example_dags/example_skip_dag.py
[2026-03-18T07:55:27.417+0000] {logging_mixin.py:188} INFO - [2026-03-18T07:55:27.417+0000] {dag.py:3036} INFO - Sync 1 DAGs
[2026-03-18T07:55:27.427+0000] {logging_mixin.py:188} INFO - [2026-03-18T07:55:27.427+0000] {dag.py:3823} INFO - Setting next_dagrun for example_skip_dag to 2026-03-17 00:00:00+00:00, run_after=2026-03-18 00:00:00+00:00
[2026-03-18T07:55:27.441+0000] {processor.py:183} INFO - Processing /home/airflow/.local/lib/python3.8/site-packages/airflow/example_dags/example_skip_dag.py took 0.044 seconds
[2026-03-18T07:55:57.824+0000] {processor.py:161} INFO - Started process (PID=1241) to work on /home/airflow/.local/lib/python3.8/site-packages/airflow/example_dags/example_skip_dag.py
[2026-03-18T07:55:57.826+0000] {processor.py:830} INFO - Processing file /home/airflow/.local/lib/python3.8/site-packages/airflow/example_dags/example_skip_dag.py for tasks to queue
[2026-03-18T07:55:57.827+0000] {logging_mixin.py:188} INFO - [2026-03-18T07:55:57.827+0000] {dagbag.py:538} INFO - Filling up the DagBag from /home/airflow/.local/lib/python3.8/site-packages/airflow/example_dags/example_skip_dag.py
[2026-03-18T07:55:57.830+0000] {processor.py:840} INFO - DAG(s) 'example_skip_dag' retrieved from /home/airflow/.local/lib/python3.8/site-packages/airflow/example_dags/example_skip_dag.py
[2026-03-18T07:55:57.840+0000] {logging_mixin.py:188} INFO - [2026-03-18T07:55:57.840+0000] {dag.py:3036} INFO - Sync 1 DAGs
[2026-03-18T07:55:57.850+0000] {logging_mixin.py:188} INFO - [2026-03-18T07:55:57.849+0000] {dag.py:3823} INFO - Setting next_dagrun for example_skip_dag to 2026-03-17 00:00:00+00:00, run_after=2026-03-18 00:00:00+00:00
[2026-03-18T07:55:57.859+0000] {processor.py:183} INFO - Processing /home/airflow/.local/lib/python3.8/site-packages/airflow/example_dags/example_skip_dag.py took 0.037 seconds
[2026-03-18T07:56:28.242+0000] {processor.py:161} INFO - Started process (PID=1297) to work on /home/airflow/.local/lib/python3.8/site-packages/airflow/example_dags/example_skip_dag.py
[2026-03-18T07:56:28.243+0000] {processor.py:830} INFO - Processing file /home/airflow/.local/lib/python3.8/site-packages/airflow/example_dags/example_skip_dag.py for tasks to queue
[2026-03-18T07:56:28.244+0000] {logging_mixin.py:188} INFO - [2026-03-18T07:56:28.244+0000] {dagbag.py:538} INFO - Filling up the DagBag from /home/airflow/.local/lib/python3.8/site-packages/airflow/example_dags/example_skip_dag.py
[2026-03-18T07:56:28.247+0000] {processor.py:840} INFO - DAG(s) 'example_skip_dag' retrieved from /home/airflow/.local/lib/python3.8/site-packages/airflow/example_dags/example_skip_dag.py
[2026-03-18T07:56:28.256+0000] {logging_mixin.py:188} INFO - [2026-03-18T07:56:28.256+0000] {dag.py:3036} INFO - Sync 1 DAGs
[2026-03-18T07:56:28.265+0000] {logging_mixin.py:188} INFO - [2026-03-18T07:56:28.265+0000] {dag.py:3823} INFO - Setting next_dagrun for example_skip_dag to 2026-03-17 00:00:00+00:00, run_after=2026-03-18 00:00:00+00:00
[2026-03-18T07:56:28.276+0000] {processor.py:183} INFO - Processing /home/airflow/.local/lib/python3.8/site-packages/airflow/example_dags/example_skip_dag.py took 0.036 seconds
[2026-03-18T07:56:58.707+0000] {processor.py:161} INFO - Started process (PID=1353) to work on /home/airflow/.local/lib/python3.8/site-packages/airflow/example_dags/example_skip_dag.py
[2026-03-18T07:56:58.708+0000] {processor.py:830} INFO - Processing file /home/airflow/.local/lib/python3.8/site-packages/airflow/example_dags/example_skip_dag.py for tasks to queue
[2026-03-18T07:56:58.709+0000] {logging_mixin.py:188} INFO - [2026-03-18T07:56:58.709+0000] {dagbag.py:538} INFO - Filling up the DagBag from /home/airflow/.local/lib/python3.8/site-packages/airflow/example_dags/example_skip_dag.py
[2026-03-18T07:56:58.712+0000] {processor.py:840} INFO - DAG(s) 'example_skip_dag' retrieved from /home/airflow/.local/lib/python3.8/site-packages/airflow/example_dags/example_skip_dag.py
[2026-03-18T07:56:58.720+0000] {logging_mixin.py:188} INFO - [2026-03-18T07:56:58.720+0000] {dag.py:3036} INFO - Sync 1 DAGs
[2026-03-18T07:56:58.730+0000] {logging_mixin.py:188} INFO - [2026-03-18T07:56:58.730+0000] {dag.py:3823} INFO - Setting next_dagrun for example_skip_dag to 2026-03-17 00:00:00+00:00, run_after=2026-03-18 00:00:00+00:00
[2026-03-18T07:56:58.743+0000] {processor.py:183} INFO - Processing /home/airflow/.local/lib/python3.8/site-packages/airflow/example_dags/example_skip_dag.py took 0.038 seconds
[2026-03-18T07:57:29.197+0000] {processor.py:161} INFO - Started process (PID=1409) to work on /home/airflow/.local/lib/python3.8/site-packages/airflow/example_dags/example_skip_dag.py
[2026-03-18T07:57:29.198+0000] {processor.py:830} INFO - Processing file /home/airflow/.local/lib/python3.8/site-packages/airflow/example_dags/example_skip_dag.py for tasks to queue
[2026-03-18T07:57:29.199+0000] {logging_mixin.py:188} INFO - [2026-03-18T07:57:29.199+0000] {dagbag.py:538} INFO - Filling up the DagBag from /home/airflow/.local/lib/python3.8/site-packages/airflow/example_dags/example_skip_dag.py
[2026-03-18T07:57:29.202+0000] {processor.py:840} INFO - DAG(s) 'example_skip_dag' retrieved from /home/airflow/.local/lib/python3.8/site-packages/airflow/example_dags/example_skip_dag.py
[2026-03-18T07:57:29.213+0000] {logging_mixin.py:188} INFO - [2026-03-18T07:57:29.213+0000] {dag.py:3036} INFO - Sync 1 DAGs
[2026-03-18T07:57:29.221+0000] {logging_mixin.py:188} INFO - [2026-03-18T07:57:29.221+0000] {dag.py:3823} INFO - Setting next_dagrun for example_skip_dag to 2026-03-17 00:00:00+00:00, run_after=2026-03-18 00:00:00+00:00
[2026-03-18T07:57:29.227+0000] {processor.py:183} INFO - Processing /home/airflow/.local/lib/python3.8/site-packages/airflow/example_dags/example_skip_dag.py took 0.032 seconds
[2026-03-18T07:57:59.751+0000] {processor.py:161} INFO - Started process (PID=1465) to work on /home/airflow/.local/lib/python3.8/site-packages/airflow/example_dags/example_skip_dag.py
[2026-03-18T07:57:59.752+0000] {processor.py:830} INFO - Processing file /home/airflow/.local/lib/python3.8/site-packages/airflow/example_dags/example_skip_dag.py for tasks to queue
[2026-03-18T07:57:59.753+0000] {logging_mixin.py:188} INFO - [2026-03-18T07:57:59.753+0000] {dagbag.py:538} INFO - Filling up the DagBag from /home/airflow/.local/lib/python3.8/site-packages/airflow/example_dags/example_skip_dag.py
[2026-03-18T07:57:59.757+0000] {processor.py:840} INFO - DAG(s) 'example_skip_dag' retrieved from /home/airflow/.local/lib/python3.8/site-packages/airflow/example_dags/example_skip_dag.py
[2026-03-18T07:57:59.765+0000] {logging_mixin.py:188} INFO - [2026-03-18T07:57:59.765+0000] {dag.py:3036} INFO - Sync 1 DAGs
[2026-03-18T07:57:59.774+0000] {logging_mixin.py:188} INFO - [2026-03-18T07:57:59.774+0000] {dag.py:3823} INFO - Setting next_dagrun for example_skip_dag to 2026-03-17 00:00:00+00:00, run_after=2026-03-18 00:00:00+00:00
[2026-03-18T07:57:59.785+0000] {processor.py:183} INFO - Processing /home/airflow/.local/lib/python3.8/site-packages/airflow/example_dags/example_skip_dag.py took 0.036 seconds
[2026-03-18T07:58:30.162+0000] {processor.py:161} INFO - Started process (PID=1521) to work on /home/airflow/.local/lib/python3.8/site-packages/airflow/example_dags/example_skip_dag.py
[2026-03-18T07:58:30.164+0000] {processor.py:830} INFO - Processing file /home/airflow/.local/lib/python3.8/site-packages/airflow/example_dags/example_skip_dag.py for tasks to queue
[2026-03-18T07:58:30.165+0000] {logging_mixin.py:188} INFO - [2026-03-18T07:58:30.165+0000] {dagbag.py:538} INFO - Filling up the DagBag from /home/airflow/.local/lib/python3.8/site-packages/airflow/example_dags/example_skip_dag.py
[2026-03-18T07:58:30.167+0000] {processor.py:840} INFO - DAG(s) 'example_skip_dag' retrieved from /home/airflow/.local/lib/python3.8/site-packages/airflow/example_dags/example_skip_dag.py
[2026-03-18T07:58:30.182+0000] {logging_mixin.py:188} INFO - [2026-03-18T07:58:30.182+0000] {dag.py:3036} INFO - Sync 1 DAGs
[2026-03-18T07:58:30.191+0000] {logging_mixin.py:188} INFO - [2026-03-18T07:58:30.191+0000] {dag.py:3823} INFO - Setting next_dagrun for example_skip_dag to 2026-03-17 00:00:00+00:00, run_after=2026-03-18 00:00:00+00:00
[2026-03-18T07:58:30.200+0000] {processor.py:183} INFO - Processing /home/airflow/.local/lib/python3.8/site-packages/airflow/example_dags/example_skip_dag.py took 0.039 seconds
[2026-03-18T07:59:00.705+0000] {processor.py:161} INFO - Started process (PID=1577) to work on /home/airflow/.local/lib/python3.8/site-packages/airflow/example_dags/example_skip_dag.py
[2026-03-18T07:59:00.706+0000] {processor.py:830} INFO - Processing file /home/airflow/.local/lib/python3.8/site-packages/airflow/example_dags/example_skip_dag.py for tasks to queue
[2026-03-18T07:59:00.708+0000] {logging_mixin.py:188} INFO - [2026-03-18T07:59:00.708+0000] {dagbag.py:538} INFO - Filling up the DagBag from /home/airflow/.local/lib/python3.8/site-packages/airflow/example_dags/example_skip_dag.py
[2026-03-18T07:59:00.711+0000] {processor.py:840} INFO - DAG(s) 'example_skip_dag' retrieved from /home/airflow/.local/lib/python3.8/site-packages/airflow/example_dags/example_skip_dag.py
[2026-03-18T07:59:00.723+0000] {logging_mixin.py:188} INFO - [2026-03-18T07:59:00.723+0000] {dag.py:3036} INFO - Sync 1 DAGs
[2026-03-18T07:59:00.733+0000] {logging_mixin.py:188} INFO - [2026-03-18T07:59:00.733+0000] {dag.py:3823} INFO - Setting next_dagrun for example_skip_dag to 2026-03-17 00:00:00+00:00, run_after=2026-03-18 00:00:00+00:00
[2026-03-18T07:59:00.745+0000] {processor.py:183} INFO - Processing /home/airflow/.local/lib/python3.8/site-packages/airflow/example_dags/example_skip_dag.py took 0.041 seconds
[2026-03-18T07:59:31.233+0000] {processor.py:161} INFO - Started process (PID=1633) to work on /home/airflow/.local/lib/python3.8/site-packages/airflow/example_dags/example_skip_dag.py
[2026-03-18T07:59:31.235+0000] {processor.py:830} INFO - Processing file /home/airflow/.local/lib/python3.8/site-packages/airflow/example_dags/example_skip_dag.py for tasks to queue
[2026-03-18T07:59:31.235+0000] {logging_mixin.py:188} INFO - [2026-03-18T07:59:31.235+0000] {dagbag.py:538} INFO - Filling up the DagBag from /home/airflow/.local/lib/python3.8/site-packages/airflow/example_dags/example_skip_dag.py
[2026-03-18T07:59:31.239+0000] {processor.py:840} INFO - DAG(s) 'example_skip_dag' retrieved from /home/airflow/.local/lib/python3.8/site-packages/airflow/example_dags/example_skip_dag.py
[2026-03-18T07:59:31.250+0000] {logging_mixin.py:188} INFO - [2026-03-18T07:59:31.250+0000] {dag.py:3036} INFO - Sync 1 DAGs
[2026-03-18T07:59:31.259+0000] {logging_mixin.py:188} INFO - [2026-03-18T07:59:31.259+0000] {dag.py:3823} INFO - Setting next_dagrun for example_skip_dag to 2026-03-17 00:00:00+00:00, run_after=2026-03-18 00:00:00+00:00
[2026-03-18T07:59:31.266+0000] {processor.py:183} INFO - Processing /home/airflow/.local/lib/python3.8/site-packages/airflow/example_dags/example_skip_dag.py took 0.034 seconds
[2026-03-18T08:00:01.791+0000] {processor.py:161} INFO - Started process (PID=69) to work on /home/airflow/.local/lib/python3.8/site-packages/airflow/example_dags/example_skip_dag.py
[2026-03-18T08:00:01.791+0000] {processor.py:830} INFO - Processing file /home/airflow/.local/lib/python3.8/site-packages/airflow/example_dags/example_skip_dag.py for tasks to queue
[2026-03-18T08:00:01.792+0000] {logging_mixin.py:188} INFO - [2026-03-18T08:00:01.792+0000] {dagbag.py:538} INFO - Filling up the DagBag from /home/airflow/.local/lib/python3.8/site-packages/airflow/example_dags/example_skip_dag.py
[2026-03-18T08:00:01.795+0000] {processor.py:840} INFO - DAG(s) 'example_skip_dag' retrieved from /home/airflow/.local/lib/python3.8/site-packages/airflow/example_dags/example_skip_dag.py
[2026-03-18T08:00:01.803+0000] {logging_mixin.py:188} INFO - [2026-03-18T08:00:01.803+0000] {dag.py:3036} INFO - Sync 1 DAGs
[2026-03-18T08:00:01.815+0000] {logging_mixin.py:188} INFO - [2026-03-18T08:00:01.815+0000] {dag.py:3823} INFO - Setting next_dagrun for example_skip_dag to 2026-03-17 00:00:00+00:00, run_after=2026-03-18 00:00:00+00:00
[2026-03-18T08:00:01.832+0000] {processor.py:183} INFO - Processing /home/airflow/.local/lib/python3.8/site-packages/airflow/example_dags/example_skip_dag.py took 0.044 seconds
[2026-03-18T08:00:32.358+0000] {processor.py:161} INFO - Started process (PID=124) to work on /home/airflow/.local/lib/python3.8/site-packages/airflow/example_dags/example_skip_dag.py
[2026-03-18T08:00:32.358+0000] {processor.py:830} INFO - Processing file /home/airflow/.local/lib/python3.8/site-packages/airflow/example_dags/example_skip_dag.py for tasks to queue
[2026-03-18T08:00:32.359+0000] {logging_mixin.py:188} INFO - [2026-03-18T08:00:32.359+0000] {dagbag.py:538} INFO - Filling up the DagBag from /home/airflow/.local/lib/python3.8/site-packages/airflow/example_dags/example_skip_dag.py
[2026-03-18T08:00:32.363+0000] {processor.py:840} INFO - DAG(s) 'example_skip_dag' retrieved from /home/airflow/.local/lib/python3.8/site-packages/airflow/example_dags/example_skip_dag.py
[2026-03-18T08:00:32.412+0000] {logging_mixin.py:188} INFO - [2026-03-18T08:00:32.412+0000] {dag.py:3036} INFO - Sync 1 DAGs
[2026-03-18T08:00:32.420+0000] {logging_mixin.py:188} INFO - [2026-03-18T08:00:32.420+0000] {dag.py:3823} INFO - Setting next_dagrun for example_skip_dag to 2026-03-17 00:00:00+00:00, run_after=2026-03-18 00:00:00+00:00
[2026-03-18T08:00:32.427+0000] {processor.py:183} INFO - Processing /home/airflow/.local/lib/python3.8/site-packages/airflow/example_dags/example_skip_dag.py took 0.071 seconds
[2026-03-18T08:01:03.249+0000] {processor.py:161} INFO - Started process (PID=180) to work on /home/airflow/.local/lib/python3.8/site-packages/airflow/example_dags/example_skip_dag.py
[2026-03-18T08:01:03.251+0000] {processor.py:830} INFO - Processing file /home/airflow/.local/lib/python3.8/site-packages/airflow/example_dags/example_skip_dag.py for tasks to queue
[2026-03-18T08:01:03.252+0000] {logging_mixin.py:188} INFO - [2026-03-18T08:01:03.252+0000] {dagbag.py:538} INFO - Filling up the DagBag from /home/airflow/.local/lib/python3.8/site-packages/airflow/example_dags/example_skip_dag.py
[2026-03-18T08:01:03.257+0000] {processor.py:840} INFO - DAG(s) 'example_skip_dag' retrieved from /home/airflow/.local/lib/python3.8/site-packages/airflow/example_dags/example_skip_dag.py
[2026-03-18T08:01:03.268+0000] {logging_mixin.py:188} INFO - [2026-03-18T08:01:03.268+0000] {dag.py:3036} INFO - Sync 1 DAGs
[2026-03-18T08:01:03.277+0000] {logging_mixin.py:188} INFO - [2026-03-18T08:01:03.277+0000] {dag.py:3823} INFO - Setting next_dagrun for example_skip_dag to 2026-03-17 00:00:00+00:00, run_after=2026-03-18 00:00:00+00:00
[2026-03-18T08:01:03.289+0000] {processor.py:183} INFO - Processing /home/airflow/.local/lib/python3.8/site-packages/airflow/example_dags/example_skip_dag.py took 0.041 seconds
[2026-03-18T08:01:33.737+0000] {processor.py:161} INFO - Started process (PID=236) to work on /home/airflow/.local/lib/python3.8/site-packages/airflow/example_dags/example_skip_dag.py
[2026-03-18T08:01:33.738+0000] {processor.py:830} INFO - Processing file /home/airflow/.local/lib/python3.8/site-packages/airflow/example_dags/example_skip_dag.py for tasks to queue
[2026-03-18T08:01:33.738+0000] {logging_mixin.py:188} INFO - [2026-03-18T08:01:33.738+0000] {dagbag.py:538} INFO - Filling up the DagBag from /home/airflow/.local/lib/python3.8/site-packages/airflow/example_dags/example_skip_dag.py
[2026-03-18T08:01:33.741+0000] {processor.py:840} INFO - DAG(s) 'example_skip_dag' retrieved from /home/airflow/.local/lib/python3.8/site-packages/airflow/example_dags/example_skip_dag.py
[2026-03-18T08:01:33.750+0000] {logging_mixin.py:188} INFO - [2026-03-18T08:01:33.750+0000] {dag.py:3036} INFO - Sync 1 DAGs
[2026-03-18T08:01:33.762+0000] {logging_mixin.py:188} INFO - [2026-03-18T08:01:33.762+0000] {dag.py:3823} INFO - Setting next_dagrun for example_skip_dag to 2026-03-17 00:00:00+00:00, run_after=2026-03-18 00:00:00+00:00
[2026-03-18T08:01:33.777+0000] {processor.py:183} INFO - Processing /home/airflow/.local/lib/python3.8/site-packages/airflow/example_dags/example_skip_dag.py took 0.041 seconds
[2026-03-18T08:02:04.292+0000] {processor.py:161} INFO - Started process (PID=291) to work on /home/airflow/.local/lib/python3.8/site-packages/airflow/example_dags/example_skip_dag.py
[2026-03-18T08:02:04.292+0000] {processor.py:830} INFO - Processing file /home/airflow/.local/lib/python3.8/site-packages/airflow/example_dags/example_skip_dag.py for tasks to queue
[2026-03-18T08:02:04.295+0000] {logging_mixin.py:188} INFO - [2026-03-18T08:02:04.295+0000] {dagbag.py:538} INFO - Filling up the DagBag from /home/airflow/.local/lib/python3.8/site-packages/airflow/example_dags/example_skip_dag.py
[2026-03-18T08:02:04.298+0000] {processor.py:840} INFO - DAG(s) 'example_skip_dag' retrieved from /home/airflow/.local/lib/python3.8/site-packages/airflow/example_dags/example_skip_dag.py
[2026-03-18T08:02:04.308+0000] {logging_mixin.py:188} INFO - [2026-03-18T08:02:04.308+0000] {dag.py:3036} INFO - Sync 1 DAGs
[2026-03-18T08:02:04.319+0000] {logging_mixin.py:188} INFO - [2026-03-18T08:02:04.319+0000] {dag.py:3823} INFO - Setting next_dagrun for example_skip_dag to 2026-03-17 00:00:00+00:00, run_after=2026-03-18 00:00:00+00:00
[2026-03-18T08:02:04.336+0000] {processor.py:183} INFO - Processing /home/airflow/.local/lib/python3.8/site-packages/airflow/example_dags/example_skip_dag.py took 0.046 seconds
[2026-03-18T08:02:34.901+0000] {processor.py:161} INFO - Started process (PID=347) to work on /home/airflow/.local/lib/python3.8/site-packages/airflow/example_dags/example_skip_dag.py
[2026-03-18T08:02:34.901+0000] {processor.py:830} INFO - Processing file /home/airflow/.local/lib/python3.8/site-packages/airflow/example_dags/example_skip_dag.py for tasks to queue
[2026-03-18T08:02:34.903+0000] {logging_mixin.py:188} INFO - [2026-03-18T08:02:34.903+0000] {dagbag.py:538} INFO - Filling up the DagBag from /home/airflow/.local/lib/python3.8/site-packages/airflow/example_dags/example_skip_dag.py
[2026-03-18T08:02:34.907+0000] {processor.py:840} INFO - DAG(s) 'example_skip_dag' retrieved from /home/airflow/.local/lib/python3.8/site-packages/airflow/example_dags/example_skip_dag.py
[2026-03-18T08:02:34.917+0000] {logging_mixin.py:188} INFO - [2026-03-18T08:02:34.916+0000] {dag.py:3036} INFO - Sync 1 DAGs
[2026-03-18T08:02:34.928+0000] {logging_mixin.py:188} INFO - [2026-03-18T08:02:34.928+0000] {dag.py:3823} INFO - Setting next_dagrun for example_skip_dag to 2026-03-17 00:00:00+00:00, run_after=2026-03-18 00:00:00+00:00
[2026-03-18T08:02:34.941+0000] {processor.py:183} INFO - Processing /home/airflow/.local/lib/python3.8/site-packages/airflow/example_dags/example_skip_dag.py took 0.042 seconds
[2026-03-18T08:03:05.475+0000] {processor.py:161} INFO - Started process (PID=403) to work on /home/airflow/.local/lib/python3.8/site-packages/airflow/example_dags/example_skip_dag.py
[2026-03-18T08:03:05.478+0000] {processor.py:830} INFO - Processing file /home/airflow/.local/lib/python3.8/site-packages/airflow/example_dags/example_skip_dag.py for tasks to queue
[2026-03-18T08:03:05.480+0000] {logging_mixin.py:188} INFO - [2026-03-18T08:03:05.479+0000] {dagbag.py:538} INFO - Filling up the DagBag from /home/airflow/.local/lib/python3.8/site-packages/airflow/example_dags/example_skip_dag.py
[2026-03-18T08:03:05.483+0000] {processor.py:840} INFO - DAG(s) 'example_skip_dag' retrieved from /home/airflow/.local/lib/python3.8/site-packages/airflow/example_dags/example_skip_dag.py
[2026-03-18T08:03:05.497+0000] {logging_mixin.py:188} INFO - [2026-03-18T08:03:05.497+0000] {dag.py:3036} INFO - Sync 1 DAGs
[2026-03-18T08:03:05.507+0000] {logging_mixin.py:188} INFO - [2026-03-18T08:03:05.507+0000] {dag.py:3823} INFO - Setting next_dagrun for example_skip_dag to 2026-03-17 00:00:00+00:00, run_after=2026-03-18 00:00:00+00:00
[2026-03-18T08:03:05.517+0000] {processor.py:183} INFO - Processing /home/airflow/.local/lib/python3.8/site-packages/airflow/example_dags/example_skip_dag.py took 0.044 seconds
[2026-03-18T08:03:36.104+0000] {processor.py:161} INFO - Started process (PID=465) to work on /home/airflow/.local/lib/python3.8/site-packages/airflow/example_dags/example_skip_dag.py
[2026-03-18T08:03:36.105+0000] {processor.py:830} INFO - Processing file /home/airflow/.local/lib/python3.8/site-packages/airflow/example_dags/example_skip_dag.py for tasks to queue
[2026-03-18T08:03:36.106+0000] {logging_mixin.py:188} INFO - [2026-03-18T08:03:36.105+0000] {dagbag.py:538} INFO - Filling up the DagBag from /home/airflow/.local/lib/python3.8/site-packages/airflow/example_dags/example_skip_dag.py
[2026-03-18T08:03:36.109+0000] {processor.py:840} INFO - DAG(s) 'example_skip_dag' retrieved from /home/airflow/.local/lib/python3.8/site-packages/airflow/example_dags/example_skip_dag.py
[2026-03-18T08:03:36.118+0000] {logging_mixin.py:188} INFO - [2026-03-18T08:03:36.118+0000] {dag.py:3036} INFO - Sync 1 DAGs
[2026-03-18T08:03:36.127+0000] {logging_mixin.py:188} INFO - [2026-03-18T08:03:36.127+0000] {dag.py:3823} INFO - Setting next_dagrun for example_skip_dag to 2026-03-17 00:00:00+00:00, run_after=2026-03-18 00:00:00+00:00
[2026-03-18T08:03:36.136+0000] {processor.py:183} INFO - Processing /home/airflow/.local/lib/python3.8/site-packages/airflow/example_dags/example_skip_dag.py took 0.033 seconds
[2026-03-18T08:04:06.685+0000] {processor.py:161} INFO - Started process (PID=521) to work on /home/airflow/.local/lib/python3.8/site-packages/airflow/example_dags/example_skip_dag.py
[2026-03-18T08:04:06.687+0000] {processor.py:830} INFO - Processing file /home/airflow/.local/lib/python3.8/site-packages/airflow/example_dags/example_skip_dag.py for tasks to queue
[2026-03-18T08:04:06.689+0000] {logging_mixin.py:188} INFO - [2026-03-18T08:04:06.689+0000] {dagbag.py:538} INFO - Filling up the DagBag from /home/airflow/.local/lib/python3.8/site-packages/airflow/example_dags/example_skip_dag.py
[2026-03-18T08:04:06.693+0000] {processor.py:840} INFO - DAG(s) 'example_skip_dag' retrieved from /home/airflow/.local/lib/python3.8/site-packages/airflow/example_dags/example_skip_dag.py
[2026-03-18T08:04:06.704+0000] {logging_mixin.py:188} INFO - [2026-03-18T08:04:06.704+0000] {dag.py:3036} INFO - Sync 1 DAGs
[2026-03-18T08:04:06.713+0000] {logging_mixin.py:188} INFO - [2026-03-18T08:04:06.713+0000] {dag.py:3823} INFO - Setting next_dagrun for example_skip_dag to 2026-03-17 00:00:00+00:00, run_after=2026-03-18 00:00:00+00:00
[2026-03-18T08:04:06.724+0000] {processor.py:183} INFO - Processing /home/airflow/.local/lib/python3.8/site-packages/airflow/example_dags/example_skip_dag.py took 0.040 seconds
[2026-03-18T08:04:29.560+0000] {processor.py:161} INFO - Started process (PID=69) to work on /home/airflow/.local/lib/python3.8/site-packages/airflow/example_dags/example_skip_dag.py
[2026-03-18T08:04:29.560+0000] {processor.py:830} INFO - Processing file /home/airflow/.local/lib/python3.8/site-packages/airflow/example_dags/example_skip_dag.py for tasks to queue
[2026-03-18T08:04:29.561+0000] {logging_mixin.py:188} INFO - [2026-03-18T08:04:29.561+0000] {dagbag.py:538} INFO - Filling up the DagBag from /home/airflow/.local/lib/python3.8/site-packages/airflow/example_dags/example_skip_dag.py
[2026-03-18T08:04:29.568+0000] {processor.py:840} INFO - DAG(s) 'example_skip_dag' retrieved from /home/airflow/.local/lib/python3.8/site-packages/airflow/example_dags/example_skip_dag.py
[2026-03-18T08:04:29.576+0000] {logging_mixin.py:188} INFO - [2026-03-18T08:04:29.576+0000] {dag.py:3036} INFO - Sync 1 DAGs
[2026-03-18T08:04:29.591+0000] {logging_mixin.py:188} INFO - [2026-03-18T08:04:29.591+0000] {dag.py:3823} INFO - Setting next_dagrun for example_skip_dag to 2026-03-17 00:00:00+00:00, run_after=2026-03-18 00:00:00+00:00
[2026-03-18T08:04:29.604+0000] {processor.py:183} INFO - Processing /home/airflow/.local/lib/python3.8/site-packages/airflow/example_dags/example_skip_dag.py took 0.046 seconds
[2026-03-18T08:05:00.103+0000] {processor.py:161} INFO - Started process (PID=125) to work on /home/airflow/.local/lib/python3.8/site-packages/airflow/example_dags/example_skip_dag.py
[2026-03-18T08:05:00.104+0000] {processor.py:830} INFO - Processing file /home/airflow/.local/lib/python3.8/site-packages/airflow/example_dags/example_skip_dag.py for tasks to queue
[2026-03-18T08:05:00.106+0000] {logging_mixin.py:188} INFO - [2026-03-18T08:05:00.106+0000] {dagbag.py:538} INFO - Filling up the DagBag from /home/airflow/.local/lib/python3.8/site-packages/airflow/example_dags/example_skip_dag.py
[2026-03-18T08:05:00.110+0000] {processor.py:840} INFO - DAG(s) 'example_skip_dag' retrieved from /home/airflow/.local/lib/python3.8/site-packages/airflow/example_dags/example_skip_dag.py
[2026-03-18T08:05:00.156+0000] {logging_mixin.py:188} INFO - [2026-03-18T08:05:00.156+0000] {dag.py:3036} INFO - Sync 1 DAGs
[2026-03-18T08:05:00.165+0000] {logging_mixin.py:188} INFO - [2026-03-18T08:05:00.165+0000] {dag.py:3823} INFO - Setting next_dagrun for example_skip_dag to 2026-03-17 00:00:00+00:00, run_after=2026-03-18 00:00:00+00:00
[2026-03-18T08:05:00.175+0000] {processor.py:183} INFO - Processing /home/airflow/.local/lib/python3.8/site-packages/airflow/example_dags/example_skip_dag.py took 0.074 seconds
[2026-03-18T08:05:31.094+0000] {processor.py:161} INFO - Started process (PID=180) to work on /home/airflow/.local/lib/python3.8/site-packages/airflow/example_dags/example_skip_dag.py
[2026-03-18T08:05:31.094+0000] {processor.py:830} INFO - Processing file /home/airflow/.local/lib/python3.8/site-packages/airflow/example_dags/example_skip_dag.py for tasks to queue
[2026-03-18T08:05:31.096+0000] {logging_mixin.py:188} INFO - [2026-03-18T08:05:31.096+0000] {dagbag.py:538} INFO - Filling up the DagBag from /home/airflow/.local/lib/python3.8/site-packages/airflow/example_dags/example_skip_dag.py
[2026-03-18T08:05:31.101+0000] {processor.py:840} INFO - DAG(s) 'example_skip_dag' retrieved from /home/airflow/.local/lib/python3.8/site-packages/airflow/example_dags/example_skip_dag.py
[2026-03-18T08:05:31.114+0000] {logging_mixin.py:188} INFO - [2026-03-18T08:05:31.113+0000] {dag.py:3036} INFO - Sync 1 DAGs
[2026-03-18T08:05:31.125+0000] {logging_mixin.py:188} INFO - [2026-03-18T08:05:31.124+0000] {dag.py:3823} INFO - Setting next_dagrun for example_skip_dag to 2026-03-17 00:00:00+00:00, run_after=2026-03-18 00:00:00+00:00
[2026-03-18T08:05:31.133+0000] {processor.py:183} INFO - Processing /home/airflow/.local/lib/python3.8/site-packages/airflow/example_dags/example_skip_dag.py took 0.042 seconds
[2026-03-18T08:06:14.659+0000] {processor.py:161} INFO - Started process (PID=115) to work on /home/airflow/.local/lib/python3.8/site-packages/airflow/example_dags/example_skip_dag.py
[2026-03-18T08:06:14.660+0000] {processor.py:830} INFO - Processing file /home/airflow/.local/lib/python3.8/site-packages/airflow/example_dags/example_skip_dag.py for tasks to queue
[2026-03-18T08:06:14.661+0000] {logging_mixin.py:188} INFO - [2026-03-18T08:06:14.661+0000] {dagbag.py:538} INFO - Filling up the DagBag from /home/airflow/.local/lib/python3.8/site-packages/airflow/example_dags/example_skip_dag.py
[2026-03-18T08:06:14.667+0000] {processor.py:840} INFO - DAG(s) 'example_skip_dag' retrieved from /home/airflow/.local/lib/python3.8/site-packages/airflow/example_dags/example_skip_dag.py
[2026-03-18T08:06:14.715+0000] {logging_mixin.py:188} INFO - [2026-03-18T08:06:14.715+0000] {dag.py:3036} INFO - Sync 1 DAGs
[2026-03-18T08:06:14.724+0000] {logging_mixin.py:188} INFO - [2026-03-18T08:06:14.724+0000] {dag.py:3823} INFO - Setting next_dagrun for example_skip_dag to 2026-03-17 00:00:00+00:00, run_after=2026-03-18 00:00:00+00:00
[2026-03-18T08:06:14.732+0000] {processor.py:183} INFO - Processing /home/airflow/.local/lib/python3.8/site-packages/airflow/example_dags/example_skip_dag.py took 0.075 seconds
[2026-03-18T08:06:45.376+0000] {processor.py:161} INFO - Started process (PID=171) to work on /home/airflow/.local/lib/python3.8/site-packages/airflow/example_dags/example_skip_dag.py
[2026-03-18T08:06:45.377+0000] {processor.py:830} INFO - Processing file /home/airflow/.local/lib/python3.8/site-packages/airflow/example_dags/example_skip_dag.py for tasks to queue
[2026-03-18T08:06:45.378+0000] {logging_mixin.py:188} INFO - [2026-03-18T08:06:45.378+0000] {dagbag.py:538} INFO - Filling up the DagBag from /home/airflow/.local/lib/python3.8/site-packages/airflow/example_dags/example_skip_dag.py
[2026-03-18T08:06:45.382+0000] {processor.py:840} INFO - DAG(s) 'example_skip_dag' retrieved from /home/airflow/.local/lib/python3.8/site-packages/airflow/example_dags/example_skip_dag.py
[2026-03-18T08:06:45.399+0000] {logging_mixin.py:188} INFO - [2026-03-18T08:06:45.399+0000] {dag.py:3036} INFO - Sync 1 DAGs
[2026-03-18T08:06:45.415+0000] {logging_mixin.py:188} INFO - [2026-03-18T08:06:45.415+0000] {dag.py:3823} INFO - Setting next_dagrun for example_skip_dag to 2026-03-17 00:00:00+00:00, run_after=2026-03-18 00:00:00+00:00
[2026-03-18T08:06:45.425+0000] {processor.py:183} INFO - Processing /home/airflow/.local/lib/python3.8/site-packages/airflow/example_dags/example_skip_dag.py took 0.051 seconds
[2026-03-18T08:07:16.068+0000] {processor.py:161} INFO - Started process (PID=233) to work on /home/airflow/.local/lib/python3.8/site-packages/airflow/example_dags/example_skip_dag.py
[2026-03-18T08:07:16.069+0000] {processor.py:830} INFO - Processing file /home/airflow/.local/lib/python3.8/site-packages/airflow/example_dags/example_skip_dag.py for tasks to queue
[2026-03-18T08:07:16.070+0000] {logging_mixin.py:188} INFO - [2026-03-18T08:07:16.070+0000] {dagbag.py:538} INFO - Filling up the DagBag from /home/airflow/.local/lib/python3.8/site-packages/airflow/example_dags/example_skip_dag.py
[2026-03-18T08:07:16.074+0000] {processor.py:840} INFO - DAG(s) 'example_skip_dag' retrieved from /home/airflow/.local/lib/python3.8/site-packages/airflow/example_dags/example_skip_dag.py
[2026-03-18T08:07:16.086+0000] {logging_mixin.py:188} INFO - [2026-03-18T08:07:16.086+0000] {dag.py:3036} INFO - Sync 1 DAGs
[2026-03-18T08:07:16.096+0000] {logging_mixin.py:188} INFO - [2026-03-18T08:07:16.096+0000] {dag.py:3823} INFO - Setting next_dagrun for example_skip_dag to 2026-03-17 00:00:00+00:00, run_after=2026-03-18 00:00:00+00:00
[2026-03-18T08:07:16.112+0000] {processor.py:183} INFO - Processing /home/airflow/.local/lib/python3.8/site-packages/airflow/example_dags/example_skip_dag.py took 0.045 seconds
[2026-03-18T08:07:46.614+0000] {processor.py:161} INFO - Started process (PID=289) to work on /home/airflow/.local/lib/python3.8/site-packages/airflow/example_dags/example_skip_dag.py
[2026-03-18T08:07:46.615+0000] {processor.py:830} INFO - Processing file /home/airflow/.local/lib/python3.8/site-packages/airflow/example_dags/example_skip_dag.py for tasks to queue
[2026-03-18T08:07:46.616+0000] {logging_mixin.py:188} INFO - [2026-03-18T08:07:46.615+0000] {dagbag.py:538} INFO - Filling up the DagBag from /home/airflow/.local/lib/python3.8/site-packages/airflow/example_dags/example_skip_dag.py
[2026-03-18T08:07:46.618+0000] {processor.py:840} INFO - DAG(s) 'example_skip_dag' retrieved from /home/airflow/.local/lib/python3.8/site-packages/airflow/example_dags/example_skip_dag.py
[2026-03-18T08:07:46.628+0000] {logging_mixin.py:188} INFO - [2026-03-18T08:07:46.628+0000] {dag.py:3036} INFO - Sync 1 DAGs
[2026-03-18T08:07:46.636+0000] {logging_mixin.py:188} INFO - [2026-03-18T08:07:46.636+0000] {dag.py:3823} INFO - Setting next_dagrun for example_skip_dag to 2026-03-17 00:00:00+00:00, run_after=2026-03-18 00:00:00+00:00
[2026-03-18T08:07:46.642+0000] {processor.py:183} INFO - Processing /home/airflow/.local/lib/python3.8/site-packages/airflow/example_dags/example_skip_dag.py took 0.030 seconds
[2026-03-18T08:08:17.090+0000] {processor.py:161} INFO - Started process (PID=345) to work on /home/airflow/.local/lib/python3.8/site-packages/airflow/example_dags/example_skip_dag.py
[2026-03-18T08:08:17.090+0000] {processor.py:830} INFO - Processing file /home/airflow/.local/lib/python3.8/site-packages/airflow/example_dags/example_skip_dag.py for tasks to queue
[2026-03-18T08:08:17.091+0000] {logging_mixin.py:188} INFO - [2026-03-18T08:08:17.091+0000] {dagbag.py:538} INFO - Filling up the DagBag from /home/airflow/.local/lib/python3.8/site-packages/airflow/example_dags/example_skip_dag.py
[2026-03-18T08:08:17.094+0000] {processor.py:840} INFO - DAG(s) 'example_skip_dag' retrieved from /home/airflow/.local/lib/python3.8/site-packages/airflow/example_dags/example_skip_dag.py
[2026-03-18T08:08:17.108+0000] {logging_mixin.py:188} INFO - [2026-03-18T08:08:17.108+0000] {dag.py:3036} INFO - Sync 1 DAGs
[2026-03-18T08:08:17.119+0000] {logging_mixin.py:188} INFO - [2026-03-18T08:08:17.119+0000] {dag.py:3823} INFO - Setting next_dagrun for example_skip_dag to 2026-03-17 00:00:00+00:00, run_after=2026-03-18 00:00:00+00:00
[2026-03-18T08:08:17.130+0000] {processor.py:183} INFO - Processing /home/airflow/.local/lib/python3.8/site-packages/airflow/example_dags/example_skip_dag.py took 0.042 seconds
[2026-03-18T08:08:47.667+0000] {processor.py:161} INFO - Started process (PID=401) to work on /home/airflow/.local/lib/python3.8/site-packages/airflow/example_dags/example_skip_dag.py
[2026-03-18T08:08:47.668+0000] {processor.py:830} INFO - Processing file /home/airflow/.local/lib/python3.8/site-packages/airflow/example_dags/example_skip_dag.py for tasks to queue
[2026-03-18T08:08:47.669+0000] {logging_mixin.py:188} INFO - [2026-03-18T08:08:47.669+0000] {dagbag.py:538} INFO - Filling up the DagBag from /home/airflow/.local/lib/python3.8/site-packages/airflow/example_dags/example_skip_dag.py
[2026-03-18T08:08:47.672+0000] {processor.py:840} INFO - DAG(s) 'example_skip_dag' retrieved from /home/airflow/.local/lib/python3.8/site-packages/airflow/example_dags/example_skip_dag.py
[2026-03-18T08:08:47.683+0000] {logging_mixin.py:188} INFO - [2026-03-18T08:08:47.683+0000] {dag.py:3036} INFO - Sync 1 DAGs
[2026-03-18T08:08:47.694+0000] {logging_mixin.py:188} INFO - [2026-03-18T08:08:47.694+0000] {dag.py:3823} INFO - Setting next_dagrun for example_skip_dag to 2026-03-17 00:00:00+00:00, run_after=2026-03-18 00:00:00+00:00
[2026-03-18T08:08:47.704+0000] {processor.py:183} INFO - Processing /home/airflow/.local/lib/python3.8/site-packages/airflow/example_dags/example_skip_dag.py took 0.039 seconds
[2026-03-18T08:09:18.161+0000] {processor.py:161} INFO - Started process (PID=457) to work on /home/airflow/.local/lib/python3.8/site-packages/airflow/example_dags/example_skip_dag.py
[2026-03-18T08:09:18.162+0000] {processor.py:830} INFO - Processing file /home/airflow/.local/lib/python3.8/site-packages/airflow/example_dags/example_skip_dag.py for tasks to queue
[2026-03-18T08:09:18.163+0000] {logging_mixin.py:188} INFO - [2026-03-18T08:09:18.163+0000] {dagbag.py:538} INFO - Filling up the DagBag from /home/airflow/.local/lib/python3.8/site-packages/airflow/example_dags/example_skip_dag.py
[2026-03-18T08:09:18.167+0000] {processor.py:840} INFO - DAG(s) 'example_skip_dag' retrieved from /home/airflow/.local/lib/python3.8/site-packages/airflow/example_dags/example_skip_dag.py
[2026-03-18T08:09:18.181+0000] {logging_mixin.py:188} INFO - [2026-03-18T08:09:18.181+0000] {dag.py:3036} INFO - Sync 1 DAGs
[2026-03-18T08:09:18.191+0000] {logging_mixin.py:188} INFO - [2026-03-18T08:09:18.191+0000] {dag.py:3823} INFO - Setting next_dagrun for example_skip_dag to 2026-03-17 00:00:00+00:00, run_after=2026-03-18 00:00:00+00:00
[2026-03-18T08:09:18.199+0000] {processor.py:183} INFO - Processing /home/airflow/.local/lib/python3.8/site-packages/airflow/example_dags/example_skip_dag.py took 0.039 seconds
[2026-03-18T08:09:48.683+0000] {processor.py:161} INFO - Started process (PID=513) to work on /home/airflow/.local/lib/python3.8/site-packages/airflow/example_dags/example_skip_dag.py
[2026-03-18T08:09:48.684+0000] {processor.py:830} INFO - Processing file /home/airflow/.local/lib/python3.8/site-packages/airflow/example_dags/example_skip_dag.py for tasks to queue
[2026-03-18T08:09:48.685+0000] {logging_mixin.py:188} INFO - [2026-03-18T08:09:48.685+0000] {dagbag.py:538} INFO - Filling up the DagBag from /home/airflow/.local/lib/python3.8/site-packages/airflow/example_dags/example_skip_dag.py
[2026-03-18T08:09:48.688+0000] {processor.py:840} INFO - DAG(s) 'example_skip_dag' retrieved from /home/airflow/.local/lib/python3.8/site-packages/airflow/example_dags/example_skip_dag.py
[2026-03-18T08:09:48.701+0000] {logging_mixin.py:188} INFO - [2026-03-18T08:09:48.700+0000] {dag.py:3036} INFO - Sync 1 DAGs
[2026-03-18T08:09:48.710+0000] {logging_mixin.py:188} INFO - [2026-03-18T08:09:48.710+0000] {dag.py:3823} INFO - Setting next_dagrun for example_skip_dag to 2026-03-17 00:00:00+00:00, run_after=2026-03-18 00:00:00+00:00
[2026-03-18T08:09:48.719+0000] {processor.py:183} INFO - Processing /home/airflow/.local/lib/python3.8/site-packages/airflow/example_dags/example_skip_dag.py took 0.037 seconds
[2026-03-18T08:10:19.230+0000] {processor.py:161} INFO - Started process (PID=569) to work on /home/airflow/.local/lib/python3.8/site-packages/airflow/example_dags/example_skip_dag.py
[2026-03-18T08:10:19.231+0000] {processor.py:830} INFO - Processing file /home/airflow/.local/lib/python3.8/site-packages/airflow/example_dags/example_skip_dag.py for tasks to queue
[2026-03-18T08:10:19.231+0000] {logging_mixin.py:188} INFO - [2026-03-18T08:10:19.231+0000] {dagbag.py:538} INFO - Filling up the DagBag from /home/airflow/.local/lib/python3.8/site-packages/airflow/example_dags/example_skip_dag.py
[2026-03-18T08:10:19.234+0000] {processor.py:840} INFO - DAG(s) 'example_skip_dag' retrieved from /home/airflow/.local/lib/python3.8/site-packages/airflow/example_dags/example_skip_dag.py
[2026-03-18T08:10:19.244+0000] {logging_mixin.py:188} INFO - [2026-03-18T08:10:19.243+0000] {dag.py:3036} INFO - Sync 1 DAGs
[2026-03-18T08:10:19.254+0000] {logging_mixin.py:188} INFO - [2026-03-18T08:10:19.253+0000] {dag.py:3823} INFO - Setting next_dagrun for example_skip_dag to 2026-03-17 00:00:00+00:00, run_after=2026-03-18 00:00:00+00:00
[2026-03-18T08:10:19.264+0000] {processor.py:183} INFO - Processing /home/airflow/.local/lib/python3.8/site-packages/airflow/example_dags/example_skip_dag.py took 0.036 seconds
[2026-03-18T08:10:49.770+0000] {processor.py:161} INFO - Started process (PID=625) to work on /home/airflow/.local/lib/python3.8/site-packages/airflow/example_dags/example_skip_dag.py
[2026-03-18T08:10:49.772+0000] {processor.py:830} INFO - Processing file /home/airflow/.local/lib/python3.8/site-packages/airflow/example_dags/example_skip_dag.py for tasks to queue
[2026-03-18T08:10:49.773+0000] {logging_mixin.py:188} INFO - [2026-03-18T08:10:49.773+0000] {dagbag.py:538} INFO - Filling up the DagBag from /home/airflow/.local/lib/python3.8/site-packages/airflow/example_dags/example_skip_dag.py
[2026-03-18T08:10:49.776+0000] {processor.py:840} INFO - DAG(s) 'example_skip_dag' retrieved from /home/airflow/.local/lib/python3.8/site-packages/airflow/example_dags/example_skip_dag.py
[2026-03-18T08:10:49.785+0000] {logging_mixin.py:188} INFO - [2026-03-18T08:10:49.785+0000] {dag.py:3036} INFO - Sync 1 DAGs
[2026-03-18T08:10:49.793+0000] {logging_mixin.py:188} INFO - [2026-03-18T08:10:49.792+0000] {dag.py:3823} INFO - Setting next_dagrun for example_skip_dag to 2026-03-17 00:00:00+00:00, run_after=2026-03-18 00:00:00+00:00
[2026-03-18T08:10:49.799+0000] {processor.py:183} INFO - Processing /home/airflow/.local/lib/python3.8/site-packages/airflow/example_dags/example_skip_dag.py took 0.030 seconds
[2026-03-18T08:11:20.235+0000] {processor.py:161} INFO - Started process (PID=681) to work on /home/airflow/.local/lib/python3.8/site-packages/airflow/example_dags/example_skip_dag.py
[2026-03-18T08:11:20.236+0000] {processor.py:830} INFO - Processing file /home/airflow/.local/lib/python3.8/site-packages/airflow/example_dags/example_skip_dag.py for tasks to queue
[2026-03-18T08:11:20.238+0000] {logging_mixin.py:188} INFO - [2026-03-18T08:11:20.238+0000] {dagbag.py:538} INFO - Filling up the DagBag from /home/airflow/.local/lib/python3.8/site-packages/airflow/example_dags/example_skip_dag.py
[2026-03-18T08:11:20.241+0000] {processor.py:840} INFO - DAG(s) 'example_skip_dag' retrieved from /home/airflow/.local/lib/python3.8/site-packages/airflow/example_dags/example_skip_dag.py
[2026-03-18T08:11:20.252+0000] {logging_mixin.py:188} INFO - [2026-03-18T08:11:20.251+0000] {dag.py:3036} INFO - Sync 1 DAGs
[2026-03-18T08:11:20.260+0000] {logging_mixin.py:188} INFO - [2026-03-18T08:11:20.260+0000] {dag.py:3823} INFO - Setting next_dagrun for example_skip_dag to 2026-03-17 00:00:00+00:00, run_after=2026-03-18 00:00:00+00:00
[2026-03-18T08:11:20.267+0000] {processor.py:183} INFO - Processing /home/airflow/.local/lib/python3.8/site-packages/airflow/example_dags/example_skip_dag.py took 0.034 seconds
[2026-03-18T08:11:50.786+0000] {processor.py:161} INFO - Started process (PID=737) to work on /home/airflow/.local/lib/python3.8/site-packages/airflow/example_dags/example_skip_dag.py
[2026-03-18T08:11:50.787+0000] {processor.py:830} INFO - Processing file /home/airflow/.local/lib/python3.8/site-packages/airflow/example_dags/example_skip_dag.py for tasks to queue
[2026-03-18T08:11:50.788+0000] {logging_mixin.py:188} INFO - [2026-03-18T08:11:50.788+0000] {dagbag.py:538} INFO - Filling up the DagBag from /home/airflow/.local/lib/python3.8/site-packages/airflow/example_dags/example_skip_dag.py
[2026-03-18T08:11:50.792+0000] {processor.py:840} INFO - DAG(s) 'example_skip_dag' retrieved from /home/airflow/.local/lib/python3.8/site-packages/airflow/example_dags/example_skip_dag.py
[2026-03-18T08:11:50.800+0000] {logging_mixin.py:188} INFO - [2026-03-18T08:11:50.800+0000] {dag.py:3036} INFO - Sync 1 DAGs
[2026-03-18T08:11:50.809+0000] {logging_mixin.py:188} INFO - [2026-03-18T08:11:50.809+0000] {dag.py:3823} INFO - Setting next_dagrun for example_skip_dag to 2026-03-17 00:00:00+00:00, run_after=2026-03-18 00:00:00+00:00
[2026-03-18T08:11:50.817+0000] {processor.py:183} INFO - Processing /home/airflow/.local/lib/python3.8/site-packages/airflow/example_dags/example_skip_dag.py took 0.032 seconds
[2026-03-18T08:12:21.342+0000] {processor.py:161} INFO - Started process (PID=793) to work on /home/airflow/.local/lib/python3.8/site-packages/airflow/example_dags/example_skip_dag.py
[2026-03-18T08:12:21.343+0000] {processor.py:830} INFO - Processing file /home/airflow/.local/lib/python3.8/site-packages/airflow/example_dags/example_skip_dag.py for tasks to queue
[2026-03-18T08:12:21.344+0000] {logging_mixin.py:188} INFO - [2026-03-18T08:12:21.344+0000] {dagbag.py:538} INFO - Filling up the DagBag from /home/airflow/.local/lib/python3.8/site-packages/airflow/example_dags/example_skip_dag.py
[2026-03-18T08:12:21.347+0000] {processor.py:840} INFO - DAG(s) 'example_skip_dag' retrieved from /home/airflow/.local/lib/python3.8/site-packages/airflow/example_dags/example_skip_dag.py
[2026-03-18T08:12:21.358+0000] {logging_mixin.py:188} INFO - [2026-03-18T08:12:21.358+0000] {dag.py:3036} INFO - Sync 1 DAGs
[2026-03-18T08:12:21.368+0000] {logging_mixin.py:188} INFO - [2026-03-18T08:12:21.368+0000] {dag.py:3823} INFO - Setting next_dagrun for example_skip_dag to 2026-03-17 00:00:00+00:00, run_after=2026-03-18 00:00:00+00:00
[2026-03-18T08:12:21.380+0000] {processor.py:183} INFO - Processing /home/airflow/.local/lib/python3.8/site-packages/airflow/example_dags/example_skip_dag.py took 0.040 seconds
[2026-03-18T08:12:51.701+0000] {processor.py:161} INFO - Started process (PID=849) to work on /home/airflow/.local/lib/python3.8/site-packages/airflow/example_dags/example_skip_dag.py
[2026-03-18T08:12:51.702+0000] {processor.py:830} INFO - Processing file /home/airflow/.local/lib/python3.8/site-packages/airflow/example_dags/example_skip_dag.py for tasks to queue
[2026-03-18T08:12:51.703+0000] {logging_mixin.py:188} INFO - [2026-03-18T08:12:51.703+0000] {dagbag.py:538} INFO - Filling up the DagBag from /home/airflow/.local/lib/python3.8/site-packages/airflow/example_dags/example_skip_dag.py
[2026-03-18T08:12:51.706+0000] {processor.py:840} INFO - DAG(s) 'example_skip_dag' retrieved from /home/airflow/.local/lib/python3.8/site-packages/airflow/example_dags/example_skip_dag.py
[2026-03-18T08:12:51.714+0000] {logging_mixin.py:188} INFO - [2026-03-18T08:12:51.714+0000] {dag.py:3036} INFO - Sync 1 DAGs
[2026-03-18T08:12:51.723+0000] {logging_mixin.py:188} INFO - [2026-03-18T08:12:51.723+0000] {dag.py:3823} INFO - Setting next_dagrun for example_skip_dag to 2026-03-17 00:00:00+00:00, run_after=2026-03-18 00:00:00+00:00
[2026-03-18T08:12:51.732+0000] {processor.py:183} INFO - Processing /home/airflow/.local/lib/python3.8/site-packages/airflow/example_dags/example_skip_dag.py took 0.033 seconds
[2026-03-18T08:13:22.190+0000] {processor.py:161} INFO - Started process (PID=905) to work on /home/airflow/.local/lib/python3.8/site-packages/airflow/example_dags/example_skip_dag.py
[2026-03-18T08:13:22.191+0000] {processor.py:830} INFO - Processing file /home/airflow/.local/lib/python3.8/site-packages/airflow/example_dags/example_skip_dag.py for tasks to queue
[2026-03-18T08:13:22.192+0000] {logging_mixin.py:188} INFO - [2026-03-18T08:13:22.192+0000] {dagbag.py:538} INFO - Filling up the DagBag from /home/airflow/.local/lib/python3.8/site-packages/airflow/example_dags/example_skip_dag.py
[2026-03-18T08:13:22.195+0000] {processor.py:840} INFO - DAG(s) 'example_skip_dag' retrieved from /home/airflow/.local/lib/python3.8/site-packages/airflow/example_dags/example_skip_dag.py
[2026-03-18T08:13:22.206+0000] {logging_mixin.py:188} INFO - [2026-03-18T08:13:22.206+0000] {dag.py:3036} INFO - Sync 1 DAGs
[2026-03-18T08:13:22.217+0000] {logging_mixin.py:188} INFO - [2026-03-18T08:13:22.216+0000] {dag.py:3823} INFO - Setting next_dagrun for example_skip_dag to 2026-03-17 00:00:00+00:00, run_after=2026-03-18 00:00:00+00:00
[2026-03-18T08:13:22.230+0000] {processor.py:183} INFO - Processing /home/airflow/.local/lib/python3.8/site-packages/airflow/example_dags/example_skip_dag.py took 0.041 seconds
[2026-03-18T08:13:52.738+0000] {processor.py:161} INFO - Started process (PID=961) to work on /home/airflow/.local/lib/python3.8/site-packages/airflow/example_dags/example_skip_dag.py
[2026-03-18T08:13:52.739+0000] {processor.py:830} INFO - Processing file /home/airflow/.local/lib/python3.8/site-packages/airflow/example_dags/example_skip_dag.py for tasks to queue
[2026-03-18T08:13:52.740+0000] {logging_mixin.py:188} INFO - [2026-03-18T08:13:52.740+0000] {dagbag.py:538} INFO - Filling up the DagBag from /home/airflow/.local/lib/python3.8/site-packages/airflow/example_dags/example_skip_dag.py
[2026-03-18T08:13:52.743+0000] {processor.py:840} INFO - DAG(s) 'example_skip_dag' retrieved from /home/airflow/.local/lib/python3.8/site-packages/airflow/example_dags/example_skip_dag.py
[2026-03-18T08:13:52.758+0000] {logging_mixin.py:188} INFO - [2026-03-18T08:13:52.757+0000] {dag.py:3036} INFO - Sync 1 DAGs
[2026-03-18T08:13:52.767+0000] {logging_mixin.py:188} INFO - [2026-03-18T08:13:52.767+0000] {dag.py:3823} INFO - Setting next_dagrun for example_skip_dag to 2026-03-17 00:00:00+00:00, run_after=2026-03-18 00:00:00+00:00
[2026-03-18T08:13:52.775+0000] {processor.py:183} INFO - Processing /home/airflow/.local/lib/python3.8/site-packages/airflow/example_dags/example_skip_dag.py took 0.039 seconds
[2026-03-18T08:14:23.346+0000] {processor.py:161} INFO - Started process (PID=1017) to work on /home/airflow/.local/lib/python3.8/site-packages/airflow/example_dags/example_skip_dag.py
[2026-03-18T08:14:23.346+0000] {processor.py:830} INFO - Processing file /home/airflow/.local/lib/python3.8/site-packages/airflow/example_dags/example_skip_dag.py for tasks to queue
[2026-03-18T08:14:23.347+0000] {logging_mixin.py:188} INFO - [2026-03-18T08:14:23.347+0000] {dagbag.py:538} INFO - Filling up the DagBag from /home/airflow/.local/lib/python3.8/site-packages/airflow/example_dags/example_skip_dag.py
[2026-03-18T08:14:23.351+0000] {processor.py:840} INFO - DAG(s) 'example_skip_dag' retrieved from /home/airflow/.local/lib/python3.8/site-packages/airflow/example_dags/example_skip_dag.py
[2026-03-18T08:14:23.366+0000] {logging_mixin.py:188} INFO - [2026-03-18T08:14:23.366+0000] {dag.py:3036} INFO - Sync 1 DAGs
[2026-03-18T08:14:23.382+0000] {logging_mixin.py:188} INFO - [2026-03-18T08:14:23.381+0000] {dag.py:3823} INFO - Setting next_dagrun for example_skip_dag to 2026-03-17 00:00:00+00:00, run_after=2026-03-18 00:00:00+00:00
[2026-03-18T08:14:23.392+0000] {processor.py:183} INFO - Processing /home/airflow/.local/lib/python3.8/site-packages/airflow/example_dags/example_skip_dag.py took 0.048 seconds
[2026-03-18T08:14:53.895+0000] {processor.py:161} INFO - Started process (PID=1073) to work on /home/airflow/.local/lib/python3.8/site-packages/airflow/example_dags/example_skip_dag.py
[2026-03-18T08:14:53.896+0000] {processor.py:830} INFO - Processing file /home/airflow/.local/lib/python3.8/site-packages/airflow/example_dags/example_skip_dag.py for tasks to queue
[2026-03-18T08:14:53.897+0000] {logging_mixin.py:188} INFO - [2026-03-18T08:14:53.897+0000] {dagbag.py:538} INFO - Filling up the DagBag from /home/airflow/.local/lib/python3.8/site-packages/airflow/example_dags/example_skip_dag.py
[2026-03-18T08:14:53.900+0000] {processor.py:840} INFO - DAG(s) 'example_skip_dag' retrieved from /home/airflow/.local/lib/python3.8/site-packages/airflow/example_dags/example_skip_dag.py
[2026-03-18T08:14:53.911+0000] {logging_mixin.py:188} INFO - [2026-03-18T08:14:53.911+0000] {dag.py:3036} INFO - Sync 1 DAGs
[2026-03-18T08:14:53.926+0000] {logging_mixin.py:188} INFO - [2026-03-18T08:14:53.926+0000] {dag.py:3823} INFO - Setting next_dagrun for example_skip_dag to 2026-03-17 00:00:00+00:00, run_after=2026-03-18 00:00:00+00:00
[2026-03-18T08:14:53.934+0000] {processor.py:183} INFO - Processing /home/airflow/.local/lib/python3.8/site-packages/airflow/example_dags/example_skip_dag.py took 0.041 seconds
[2026-03-18T08:15:24.571+0000] {processor.py:161} INFO - Started process (PID=1129) to work on /home/airflow/.local/lib/python3.8/site-packages/airflow/example_dags/example_skip_dag.py
[2026-03-18T08:15:24.572+0000] {processor.py:830} INFO - Processing file /home/airflow/.local/lib/python3.8/site-packages/airflow/example_dags/example_skip_dag.py for tasks to queue
[2026-03-18T08:15:24.573+0000] {logging_mixin.py:188} INFO - [2026-03-18T08:15:24.573+0000] {dagbag.py:538} INFO - Filling up the DagBag from /home/airflow/.local/lib/python3.8/site-packages/airflow/example_dags/example_skip_dag.py
[2026-03-18T08:15:24.577+0000] {processor.py:840} INFO - DAG(s) 'example_skip_dag' retrieved from /home/airflow/.local/lib/python3.8/site-packages/airflow/example_dags/example_skip_dag.py
[2026-03-18T08:15:24.594+0000] {logging_mixin.py:188} INFO - [2026-03-18T08:15:24.593+0000] {dag.py:3036} INFO - Sync 1 DAGs
[2026-03-18T08:15:24.602+0000] {logging_mixin.py:188} INFO - [2026-03-18T08:15:24.602+0000] {dag.py:3823} INFO - Setting next_dagrun for example_skip_dag to 2026-03-17 00:00:00+00:00, run_after=2026-03-18 00:00:00+00:00
[2026-03-18T08:15:24.611+0000] {processor.py:183} INFO - Processing /home/airflow/.local/lib/python3.8/site-packages/airflow/example_dags/example_skip_dag.py took 0.041 seconds
[2026-03-18T08:15:55.108+0000] {processor.py:161} INFO - Started process (PID=1185) to work on /home/airflow/.local/lib/python3.8/site-packages/airflow/example_dags/example_skip_dag.py
[2026-03-18T08:15:55.109+0000] {processor.py:830} INFO - Processing file /home/airflow/.local/lib/python3.8/site-packages/airflow/example_dags/example_skip_dag.py for tasks to queue
[2026-03-18T08:15:55.110+0000] {logging_mixin.py:188} INFO - [2026-03-18T08:15:55.110+0000] {dagbag.py:538} INFO - Filling up the DagBag from /home/airflow/.local/lib/python3.8/site-packages/airflow/example_dags/example_skip_dag.py
[2026-03-18T08:15:55.113+0000] {processor.py:840} INFO - DAG(s) 'example_skip_dag' retrieved from /home/airflow/.local/lib/python3.8/site-packages/airflow/example_dags/example_skip_dag.py
[2026-03-18T08:15:55.123+0000] {logging_mixin.py:188} INFO - [2026-03-18T08:15:55.123+0000] {dag.py:3036} INFO - Sync 1 DAGs
[2026-03-18T08:15:55.132+0000] {logging_mixin.py:188} INFO - [2026-03-18T08:15:55.132+0000] {dag.py:3823} INFO - Setting next_dagrun for example_skip_dag to 2026-03-17 00:00:00+00:00, run_after=2026-03-18 00:00:00+00:00
[2026-03-18T08:15:55.139+0000] {processor.py:183} INFO - Processing /home/airflow/.local/lib/python3.8/site-packages/airflow/example_dags/example_skip_dag.py took 0.032 seconds
[2026-03-18T08:16:25.640+0000] {processor.py:161} INFO - Started process (PID=1241) to work on /home/airflow/.local/lib/python3.8/site-packages/airflow/example_dags/example_skip_dag.py
[2026-03-18T08:16:25.641+0000] {processor.py:830} INFO - Processing file /home/airflow/.local/lib/python3.8/site-packages/airflow/example_dags/example_skip_dag.py for tasks to queue
[2026-03-18T08:16:25.643+0000] {logging_mixin.py:188} INFO - [2026-03-18T08:16:25.643+0000] {dagbag.py:538} INFO - Filling up the DagBag from /home/airflow/.local/lib/python3.8/site-packages/airflow/example_dags/example_skip_dag.py
[2026-03-18T08:16:25.648+0000] {processor.py:840} INFO - DAG(s) 'example_skip_dag' retrieved from /home/airflow/.local/lib/python3.8/site-packages/airflow/example_dags/example_skip_dag.py
[2026-03-18T08:16:25.666+0000] {logging_mixin.py:188} INFO - [2026-03-18T08:16:25.665+0000] {dag.py:3036} INFO - Sync 1 DAGs
[2026-03-18T08:16:25.677+0000] {logging_mixin.py:188} INFO - [2026-03-18T08:16:25.677+0000] {dag.py:3823} INFO - Setting next_dagrun for example_skip_dag to 2026-03-17 00:00:00+00:00, run_after=2026-03-18 00:00:00+00:00
[2026-03-18T08:16:25.686+0000] {processor.py:183} INFO - Processing /home/airflow/.local/lib/python3.8/site-packages/airflow/example_dags/example_skip_dag.py took 0.047 seconds
[2026-03-18T08:16:56.202+0000] {processor.py:161} INFO - Started process (PID=1298) to work on /home/airflow/.local/lib/python3.8/site-packages/airflow/example_dags/example_skip_dag.py
[2026-03-18T08:16:56.204+0000] {processor.py:830} INFO - Processing file /home/airflow/.local/lib/python3.8/site-packages/airflow/example_dags/example_skip_dag.py for tasks to queue
[2026-03-18T08:16:56.205+0000] {logging_mixin.py:188} INFO - [2026-03-18T08:16:56.205+0000] {dagbag.py:538} INFO - Filling up the DagBag from /home/airflow/.local/lib/python3.8/site-packages/airflow/example_dags/example_skip_dag.py
[2026-03-18T08:16:56.209+0000] {processor.py:840} INFO - DAG(s) 'example_skip_dag' retrieved from /home/airflow/.local/lib/python3.8/site-packages/airflow/example_dags/example_skip_dag.py
[2026-03-18T08:16:56.221+0000] {logging_mixin.py:188} INFO - [2026-03-18T08:16:56.220+0000] {dag.py:3036} INFO - Sync 1 DAGs
[2026-03-18T08:16:56.231+0000] {logging_mixin.py:188} INFO - [2026-03-18T08:16:56.231+0000] {dag.py:3823} INFO - Setting next_dagrun for example_skip_dag to 2026-03-17 00:00:00+00:00, run_after=2026-03-18 00:00:00+00:00
[2026-03-18T08:16:56.237+0000] {processor.py:183} INFO - Processing /home/airflow/.local/lib/python3.8/site-packages/airflow/example_dags/example_skip_dag.py took 0.036 seconds
