[2026-03-18T07:45:18.368+0000] {processor.py:161} INFO - Started process (PID=63) to work on /home/airflow/.local/lib/python3.8/site-packages/airflow/example_dags/example_kubernetes_executor.py
[2026-03-18T07:45:18.369+0000] {processor.py:830} INFO - Processing file /home/airflow/.local/lib/python3.8/site-packages/airflow/example_dags/example_kubernetes_executor.py for tasks to queue
[2026-03-18T07:45:18.370+0000] {logging_mixin.py:188} INFO - [2026-03-18T07:45:18.370+0000] {dagbag.py:538} INFO - Filling up the DagBag from /home/airflow/.local/lib/python3.8/site-packages/airflow/example_dags/example_kubernetes_executor.py
[2026-03-18T07:45:18.376+0000] {processor.py:840} INFO - DAG(s) 'example_kubernetes_executor' retrieved from /home/airflow/.local/lib/python3.8/site-packages/airflow/example_dags/example_kubernetes_executor.py
[2026-03-18T07:45:18.428+0000] {logging_mixin.py:188} INFO - [2026-03-18T07:45:18.428+0000] {override.py:1769} INFO - Created Permission View: can read on DAG:example_kubernetes_executor
[2026-03-18T07:45:18.433+0000] {logging_mixin.py:188} INFO - [2026-03-18T07:45:18.433+0000] {override.py:1769} INFO - Created Permission View: can delete on DAG:example_kubernetes_executor
[2026-03-18T07:45:18.439+0000] {logging_mixin.py:188} INFO - [2026-03-18T07:45:18.439+0000] {override.py:1769} INFO - Created Permission View: can edit on DAG:example_kubernetes_executor
[2026-03-18T07:45:18.439+0000] {logging_mixin.py:188} INFO - [2026-03-18T07:45:18.439+0000] {dag.py:3036} INFO - Sync 1 DAGs
[2026-03-18T07:45:18.446+0000] {logging_mixin.py:188} INFO - [2026-03-18T07:45:18.446+0000] {dag.py:3058} INFO - Creating ORM DAG for example_kubernetes_executor
[2026-03-18T07:45:18.446+0000] {logging_mixin.py:188} INFO - [2026-03-18T07:45:18.446+0000] {dag.py:3823} INFO - Setting next_dagrun for example_kubernetes_executor to None, run_after=None
[2026-03-18T07:45:18.454+0000] {processor.py:183} INFO - Processing /home/airflow/.local/lib/python3.8/site-packages/airflow/example_dags/example_kubernetes_executor.py took 0.088 seconds
[2026-03-18T07:45:49.322+0000] {processor.py:161} INFO - Started process (PID=118) to work on /home/airflow/.local/lib/python3.8/site-packages/airflow/example_dags/example_kubernetes_executor.py
[2026-03-18T07:45:49.322+0000] {processor.py:830} INFO - Processing file /home/airflow/.local/lib/python3.8/site-packages/airflow/example_dags/example_kubernetes_executor.py for tasks to queue
[2026-03-18T07:45:49.323+0000] {logging_mixin.py:188} INFO - [2026-03-18T07:45:49.323+0000] {dagbag.py:538} INFO - Filling up the DagBag from /home/airflow/.local/lib/python3.8/site-packages/airflow/example_dags/example_kubernetes_executor.py
[2026-03-18T07:45:49.329+0000] {processor.py:840} INFO - DAG(s) 'example_kubernetes_executor' retrieved from /home/airflow/.local/lib/python3.8/site-packages/airflow/example_dags/example_kubernetes_executor.py
[2026-03-18T07:45:49.342+0000] {logging_mixin.py:188} INFO - [2026-03-18T07:45:49.342+0000] {dag.py:3036} INFO - Sync 1 DAGs
[2026-03-18T07:45:49.347+0000] {logging_mixin.py:188} INFO - [2026-03-18T07:45:49.347+0000] {dag.py:3823} INFO - Setting next_dagrun for example_kubernetes_executor to None, run_after=None
[2026-03-18T07:45:49.353+0000] {processor.py:183} INFO - Processing /home/airflow/.local/lib/python3.8/site-packages/airflow/example_dags/example_kubernetes_executor.py took 0.033 seconds
[2026-03-18T07:46:19.722+0000] {processor.py:161} INFO - Started process (PID=173) to work on /home/airflow/.local/lib/python3.8/site-packages/airflow/example_dags/example_kubernetes_executor.py
[2026-03-18T07:46:19.722+0000] {processor.py:830} INFO - Processing file /home/airflow/.local/lib/python3.8/site-packages/airflow/example_dags/example_kubernetes_executor.py for tasks to queue
[2026-03-18T07:46:19.725+0000] {logging_mixin.py:188} INFO - [2026-03-18T07:46:19.724+0000] {dagbag.py:538} INFO - Filling up the DagBag from /home/airflow/.local/lib/python3.8/site-packages/airflow/example_dags/example_kubernetes_executor.py
[2026-03-18T07:46:19.731+0000] {processor.py:840} INFO - DAG(s) 'example_kubernetes_executor' retrieved from /home/airflow/.local/lib/python3.8/site-packages/airflow/example_dags/example_kubernetes_executor.py
[2026-03-18T07:46:19.745+0000] {logging_mixin.py:188} INFO - [2026-03-18T07:46:19.745+0000] {dag.py:3036} INFO - Sync 1 DAGs
[2026-03-18T07:46:19.749+0000] {logging_mixin.py:188} INFO - [2026-03-18T07:46:19.749+0000] {dag.py:3823} INFO - Setting next_dagrun for example_kubernetes_executor to None, run_after=None
[2026-03-18T07:46:19.758+0000] {processor.py:183} INFO - Processing /home/airflow/.local/lib/python3.8/site-packages/airflow/example_dags/example_kubernetes_executor.py took 0.038 seconds
[2026-03-18T07:46:50.048+0000] {processor.py:161} INFO - Started process (PID=228) to work on /home/airflow/.local/lib/python3.8/site-packages/airflow/example_dags/example_kubernetes_executor.py
[2026-03-18T07:46:50.048+0000] {processor.py:830} INFO - Processing file /home/airflow/.local/lib/python3.8/site-packages/airflow/example_dags/example_kubernetes_executor.py for tasks to queue
[2026-03-18T07:46:50.049+0000] {logging_mixin.py:188} INFO - [2026-03-18T07:46:50.049+0000] {dagbag.py:538} INFO - Filling up the DagBag from /home/airflow/.local/lib/python3.8/site-packages/airflow/example_dags/example_kubernetes_executor.py
[2026-03-18T07:46:50.056+0000] {processor.py:840} INFO - DAG(s) 'example_kubernetes_executor' retrieved from /home/airflow/.local/lib/python3.8/site-packages/airflow/example_dags/example_kubernetes_executor.py
[2026-03-18T07:46:50.071+0000] {logging_mixin.py:188} INFO - [2026-03-18T07:46:50.071+0000] {dag.py:3036} INFO - Sync 1 DAGs
[2026-03-18T07:46:50.076+0000] {logging_mixin.py:188} INFO - [2026-03-18T07:46:50.076+0000] {dag.py:3823} INFO - Setting next_dagrun for example_kubernetes_executor to None, run_after=None
[2026-03-18T07:46:50.082+0000] {processor.py:183} INFO - Processing /home/airflow/.local/lib/python3.8/site-packages/airflow/example_dags/example_kubernetes_executor.py took 0.036 seconds
[2026-03-18T07:47:20.387+0000] {processor.py:161} INFO - Started process (PID=283) to work on /home/airflow/.local/lib/python3.8/site-packages/airflow/example_dags/example_kubernetes_executor.py
[2026-03-18T07:47:20.387+0000] {processor.py:830} INFO - Processing file /home/airflow/.local/lib/python3.8/site-packages/airflow/example_dags/example_kubernetes_executor.py for tasks to queue
[2026-03-18T07:47:20.388+0000] {logging_mixin.py:188} INFO - [2026-03-18T07:47:20.388+0000] {dagbag.py:538} INFO - Filling up the DagBag from /home/airflow/.local/lib/python3.8/site-packages/airflow/example_dags/example_kubernetes_executor.py
[2026-03-18T07:47:20.394+0000] {processor.py:840} INFO - DAG(s) 'example_kubernetes_executor' retrieved from /home/airflow/.local/lib/python3.8/site-packages/airflow/example_dags/example_kubernetes_executor.py
[2026-03-18T07:47:20.410+0000] {logging_mixin.py:188} INFO - [2026-03-18T07:47:20.410+0000] {dag.py:3036} INFO - Sync 1 DAGs
[2026-03-18T07:47:20.418+0000] {logging_mixin.py:188} INFO - [2026-03-18T07:47:20.418+0000] {dag.py:3823} INFO - Setting next_dagrun for example_kubernetes_executor to None, run_after=None
[2026-03-18T07:47:20.428+0000] {processor.py:183} INFO - Processing /home/airflow/.local/lib/python3.8/site-packages/airflow/example_dags/example_kubernetes_executor.py took 0.043 seconds
[2026-03-18T07:47:50.826+0000] {processor.py:161} INFO - Started process (PID=338) to work on /home/airflow/.local/lib/python3.8/site-packages/airflow/example_dags/example_kubernetes_executor.py
[2026-03-18T07:47:50.827+0000] {processor.py:830} INFO - Processing file /home/airflow/.local/lib/python3.8/site-packages/airflow/example_dags/example_kubernetes_executor.py for tasks to queue
[2026-03-18T07:47:50.828+0000] {logging_mixin.py:188} INFO - [2026-03-18T07:47:50.828+0000] {dagbag.py:538} INFO - Filling up the DagBag from /home/airflow/.local/lib/python3.8/site-packages/airflow/example_dags/example_kubernetes_executor.py
[2026-03-18T07:47:50.834+0000] {processor.py:840} INFO - DAG(s) 'example_kubernetes_executor' retrieved from /home/airflow/.local/lib/python3.8/site-packages/airflow/example_dags/example_kubernetes_executor.py
[2026-03-18T07:47:50.851+0000] {logging_mixin.py:188} INFO - [2026-03-18T07:47:50.850+0000] {dag.py:3036} INFO - Sync 1 DAGs
[2026-03-18T07:47:50.856+0000] {logging_mixin.py:188} INFO - [2026-03-18T07:47:50.856+0000] {dag.py:3823} INFO - Setting next_dagrun for example_kubernetes_executor to None, run_after=None
[2026-03-18T07:47:50.863+0000] {processor.py:183} INFO - Processing /home/airflow/.local/lib/python3.8/site-packages/airflow/example_dags/example_kubernetes_executor.py took 0.039 seconds
[2026-03-18T07:48:21.241+0000] {processor.py:161} INFO - Started process (PID=393) to work on /home/airflow/.local/lib/python3.8/site-packages/airflow/example_dags/example_kubernetes_executor.py
[2026-03-18T07:48:21.242+0000] {processor.py:830} INFO - Processing file /home/airflow/.local/lib/python3.8/site-packages/airflow/example_dags/example_kubernetes_executor.py for tasks to queue
[2026-03-18T07:48:21.242+0000] {logging_mixin.py:188} INFO - [2026-03-18T07:48:21.242+0000] {dagbag.py:538} INFO - Filling up the DagBag from /home/airflow/.local/lib/python3.8/site-packages/airflow/example_dags/example_kubernetes_executor.py
[2026-03-18T07:48:21.249+0000] {processor.py:840} INFO - DAG(s) 'example_kubernetes_executor' retrieved from /home/airflow/.local/lib/python3.8/site-packages/airflow/example_dags/example_kubernetes_executor.py
[2026-03-18T07:48:21.263+0000] {logging_mixin.py:188} INFO - [2026-03-18T07:48:21.263+0000] {dag.py:3036} INFO - Sync 1 DAGs
[2026-03-18T07:48:21.268+0000] {logging_mixin.py:188} INFO - [2026-03-18T07:48:21.268+0000] {dag.py:3823} INFO - Setting next_dagrun for example_kubernetes_executor to None, run_after=None
[2026-03-18T07:48:21.274+0000] {processor.py:183} INFO - Processing /home/airflow/.local/lib/python3.8/site-packages/airflow/example_dags/example_kubernetes_executor.py took 0.035 seconds
[2026-03-18T07:48:51.535+0000] {processor.py:161} INFO - Started process (PID=448) to work on /home/airflow/.local/lib/python3.8/site-packages/airflow/example_dags/example_kubernetes_executor.py
[2026-03-18T07:48:51.535+0000] {processor.py:830} INFO - Processing file /home/airflow/.local/lib/python3.8/site-packages/airflow/example_dags/example_kubernetes_executor.py for tasks to queue
[2026-03-18T07:48:51.536+0000] {logging_mixin.py:188} INFO - [2026-03-18T07:48:51.536+0000] {dagbag.py:538} INFO - Filling up the DagBag from /home/airflow/.local/lib/python3.8/site-packages/airflow/example_dags/example_kubernetes_executor.py
[2026-03-18T07:48:51.542+0000] {processor.py:840} INFO - DAG(s) 'example_kubernetes_executor' retrieved from /home/airflow/.local/lib/python3.8/site-packages/airflow/example_dags/example_kubernetes_executor.py
[2026-03-18T07:48:51.558+0000] {logging_mixin.py:188} INFO - [2026-03-18T07:48:51.558+0000] {dag.py:3036} INFO - Sync 1 DAGs
[2026-03-18T07:48:51.562+0000] {logging_mixin.py:188} INFO - [2026-03-18T07:48:51.562+0000] {dag.py:3823} INFO - Setting next_dagrun for example_kubernetes_executor to None, run_after=None
[2026-03-18T07:48:51.571+0000] {processor.py:183} INFO - Processing /home/airflow/.local/lib/python3.8/site-packages/airflow/example_dags/example_kubernetes_executor.py took 0.038 seconds
[2026-03-18T07:49:21.806+0000] {processor.py:161} INFO - Started process (PID=503) to work on /home/airflow/.local/lib/python3.8/site-packages/airflow/example_dags/example_kubernetes_executor.py
[2026-03-18T07:49:21.807+0000] {processor.py:830} INFO - Processing file /home/airflow/.local/lib/python3.8/site-packages/airflow/example_dags/example_kubernetes_executor.py for tasks to queue
[2026-03-18T07:49:21.808+0000] {logging_mixin.py:188} INFO - [2026-03-18T07:49:21.808+0000] {dagbag.py:538} INFO - Filling up the DagBag from /home/airflow/.local/lib/python3.8/site-packages/airflow/example_dags/example_kubernetes_executor.py
[2026-03-18T07:49:21.814+0000] {processor.py:840} INFO - DAG(s) 'example_kubernetes_executor' retrieved from /home/airflow/.local/lib/python3.8/site-packages/airflow/example_dags/example_kubernetes_executor.py
[2026-03-18T07:49:21.829+0000] {logging_mixin.py:188} INFO - [2026-03-18T07:49:21.829+0000] {dag.py:3036} INFO - Sync 1 DAGs
[2026-03-18T07:49:21.834+0000] {logging_mixin.py:188} INFO - [2026-03-18T07:49:21.834+0000] {dag.py:3823} INFO - Setting next_dagrun for example_kubernetes_executor to None, run_after=None
[2026-03-18T07:49:21.841+0000] {processor.py:183} INFO - Processing /home/airflow/.local/lib/python3.8/site-packages/airflow/example_dags/example_kubernetes_executor.py took 0.036 seconds
[2026-03-18T07:49:52.071+0000] {processor.py:161} INFO - Started process (PID=564) to work on /home/airflow/.local/lib/python3.8/site-packages/airflow/example_dags/example_kubernetes_executor.py
[2026-03-18T07:49:52.072+0000] {processor.py:830} INFO - Processing file /home/airflow/.local/lib/python3.8/site-packages/airflow/example_dags/example_kubernetes_executor.py for tasks to queue
[2026-03-18T07:49:52.073+0000] {logging_mixin.py:188} INFO - [2026-03-18T07:49:52.072+0000] {dagbag.py:538} INFO - Filling up the DagBag from /home/airflow/.local/lib/python3.8/site-packages/airflow/example_dags/example_kubernetes_executor.py
[2026-03-18T07:49:52.079+0000] {processor.py:840} INFO - DAG(s) 'example_kubernetes_executor' retrieved from /home/airflow/.local/lib/python3.8/site-packages/airflow/example_dags/example_kubernetes_executor.py
[2026-03-18T07:49:52.095+0000] {logging_mixin.py:188} INFO - [2026-03-18T07:49:52.094+0000] {dag.py:3036} INFO - Sync 1 DAGs
[2026-03-18T07:49:52.100+0000] {logging_mixin.py:188} INFO - [2026-03-18T07:49:52.100+0000] {dag.py:3823} INFO - Setting next_dagrun for example_kubernetes_executor to None, run_after=None
[2026-03-18T07:49:52.106+0000] {processor.py:183} INFO - Processing /home/airflow/.local/lib/python3.8/site-packages/airflow/example_dags/example_kubernetes_executor.py took 0.036 seconds
[2026-03-18T07:50:22.443+0000] {processor.py:161} INFO - Started process (PID=620) to work on /home/airflow/.local/lib/python3.8/site-packages/airflow/example_dags/example_kubernetes_executor.py
[2026-03-18T07:50:22.444+0000] {processor.py:830} INFO - Processing file /home/airflow/.local/lib/python3.8/site-packages/airflow/example_dags/example_kubernetes_executor.py for tasks to queue
[2026-03-18T07:50:22.445+0000] {logging_mixin.py:188} INFO - [2026-03-18T07:50:22.445+0000] {dagbag.py:538} INFO - Filling up the DagBag from /home/airflow/.local/lib/python3.8/site-packages/airflow/example_dags/example_kubernetes_executor.py
[2026-03-18T07:50:22.453+0000] {processor.py:840} INFO - DAG(s) 'example_kubernetes_executor' retrieved from /home/airflow/.local/lib/python3.8/site-packages/airflow/example_dags/example_kubernetes_executor.py
[2026-03-18T07:50:22.474+0000] {logging_mixin.py:188} INFO - [2026-03-18T07:50:22.474+0000] {dag.py:3036} INFO - Sync 1 DAGs
[2026-03-18T07:50:22.479+0000] {logging_mixin.py:188} INFO - [2026-03-18T07:50:22.479+0000] {dag.py:3823} INFO - Setting next_dagrun for example_kubernetes_executor to None, run_after=None
[2026-03-18T07:50:22.489+0000] {processor.py:183} INFO - Processing /home/airflow/.local/lib/python3.8/site-packages/airflow/example_dags/example_kubernetes_executor.py took 0.047 seconds
[2026-03-18T07:50:52.916+0000] {processor.py:161} INFO - Started process (PID=676) to work on /home/airflow/.local/lib/python3.8/site-packages/airflow/example_dags/example_kubernetes_executor.py
[2026-03-18T07:50:52.917+0000] {processor.py:830} INFO - Processing file /home/airflow/.local/lib/python3.8/site-packages/airflow/example_dags/example_kubernetes_executor.py for tasks to queue
[2026-03-18T07:50:52.918+0000] {logging_mixin.py:188} INFO - [2026-03-18T07:50:52.918+0000] {dagbag.py:538} INFO - Filling up the DagBag from /home/airflow/.local/lib/python3.8/site-packages/airflow/example_dags/example_kubernetes_executor.py
[2026-03-18T07:50:52.928+0000] {processor.py:840} INFO - DAG(s) 'example_kubernetes_executor' retrieved from /home/airflow/.local/lib/python3.8/site-packages/airflow/example_dags/example_kubernetes_executor.py
[2026-03-18T07:50:52.951+0000] {logging_mixin.py:188} INFO - [2026-03-18T07:50:52.951+0000] {dag.py:3036} INFO - Sync 1 DAGs
[2026-03-18T07:50:52.958+0000] {logging_mixin.py:188} INFO - [2026-03-18T07:50:52.958+0000] {dag.py:3823} INFO - Setting next_dagrun for example_kubernetes_executor to None, run_after=None
[2026-03-18T07:50:52.965+0000] {processor.py:183} INFO - Processing /home/airflow/.local/lib/python3.8/site-packages/airflow/example_dags/example_kubernetes_executor.py took 0.051 seconds
[2026-03-18T07:51:23.438+0000] {processor.py:161} INFO - Started process (PID=732) to work on /home/airflow/.local/lib/python3.8/site-packages/airflow/example_dags/example_kubernetes_executor.py
[2026-03-18T07:51:23.438+0000] {processor.py:830} INFO - Processing file /home/airflow/.local/lib/python3.8/site-packages/airflow/example_dags/example_kubernetes_executor.py for tasks to queue
[2026-03-18T07:51:23.440+0000] {logging_mixin.py:188} INFO - [2026-03-18T07:51:23.440+0000] {dagbag.py:538} INFO - Filling up the DagBag from /home/airflow/.local/lib/python3.8/site-packages/airflow/example_dags/example_kubernetes_executor.py
[2026-03-18T07:51:23.447+0000] {processor.py:840} INFO - DAG(s) 'example_kubernetes_executor' retrieved from /home/airflow/.local/lib/python3.8/site-packages/airflow/example_dags/example_kubernetes_executor.py
[2026-03-18T07:51:23.467+0000] {logging_mixin.py:188} INFO - [2026-03-18T07:51:23.467+0000] {dag.py:3036} INFO - Sync 1 DAGs
[2026-03-18T07:51:23.473+0000] {logging_mixin.py:188} INFO - [2026-03-18T07:51:23.473+0000] {dag.py:3823} INFO - Setting next_dagrun for example_kubernetes_executor to None, run_after=None
[2026-03-18T07:51:23.481+0000] {processor.py:183} INFO - Processing /home/airflow/.local/lib/python3.8/site-packages/airflow/example_dags/example_kubernetes_executor.py took 0.046 seconds
[2026-03-18T07:51:53.950+0000] {processor.py:161} INFO - Started process (PID=788) to work on /home/airflow/.local/lib/python3.8/site-packages/airflow/example_dags/example_kubernetes_executor.py
[2026-03-18T07:51:53.951+0000] {processor.py:830} INFO - Processing file /home/airflow/.local/lib/python3.8/site-packages/airflow/example_dags/example_kubernetes_executor.py for tasks to queue
[2026-03-18T07:51:53.952+0000] {logging_mixin.py:188} INFO - [2026-03-18T07:51:53.952+0000] {dagbag.py:538} INFO - Filling up the DagBag from /home/airflow/.local/lib/python3.8/site-packages/airflow/example_dags/example_kubernetes_executor.py
[2026-03-18T07:51:53.958+0000] {processor.py:840} INFO - DAG(s) 'example_kubernetes_executor' retrieved from /home/airflow/.local/lib/python3.8/site-packages/airflow/example_dags/example_kubernetes_executor.py
[2026-03-18T07:51:53.974+0000] {logging_mixin.py:188} INFO - [2026-03-18T07:51:53.973+0000] {dag.py:3036} INFO - Sync 1 DAGs
[2026-03-18T07:51:53.978+0000] {logging_mixin.py:188} INFO - [2026-03-18T07:51:53.978+0000] {dag.py:3823} INFO - Setting next_dagrun for example_kubernetes_executor to None, run_after=None
[2026-03-18T07:51:53.985+0000] {processor.py:183} INFO - Processing /home/airflow/.local/lib/python3.8/site-packages/airflow/example_dags/example_kubernetes_executor.py took 0.037 seconds
[2026-03-18T07:52:24.469+0000] {processor.py:161} INFO - Started process (PID=844) to work on /home/airflow/.local/lib/python3.8/site-packages/airflow/example_dags/example_kubernetes_executor.py
[2026-03-18T07:52:24.469+0000] {processor.py:830} INFO - Processing file /home/airflow/.local/lib/python3.8/site-packages/airflow/example_dags/example_kubernetes_executor.py for tasks to queue
[2026-03-18T07:52:24.470+0000] {logging_mixin.py:188} INFO - [2026-03-18T07:52:24.470+0000] {dagbag.py:538} INFO - Filling up the DagBag from /home/airflow/.local/lib/python3.8/site-packages/airflow/example_dags/example_kubernetes_executor.py
[2026-03-18T07:52:24.480+0000] {processor.py:840} INFO - DAG(s) 'example_kubernetes_executor' retrieved from /home/airflow/.local/lib/python3.8/site-packages/airflow/example_dags/example_kubernetes_executor.py
[2026-03-18T07:52:24.499+0000] {logging_mixin.py:188} INFO - [2026-03-18T07:52:24.499+0000] {dag.py:3036} INFO - Sync 1 DAGs
[2026-03-18T07:52:24.507+0000] {logging_mixin.py:188} INFO - [2026-03-18T07:52:24.507+0000] {dag.py:3823} INFO - Setting next_dagrun for example_kubernetes_executor to None, run_after=None
[2026-03-18T07:52:24.519+0000] {processor.py:183} INFO - Processing /home/airflow/.local/lib/python3.8/site-packages/airflow/example_dags/example_kubernetes_executor.py took 0.052 seconds
[2026-03-18T07:52:54.929+0000] {processor.py:161} INFO - Started process (PID=900) to work on /home/airflow/.local/lib/python3.8/site-packages/airflow/example_dags/example_kubernetes_executor.py
[2026-03-18T07:52:54.930+0000] {processor.py:830} INFO - Processing file /home/airflow/.local/lib/python3.8/site-packages/airflow/example_dags/example_kubernetes_executor.py for tasks to queue
[2026-03-18T07:52:54.931+0000] {logging_mixin.py:188} INFO - [2026-03-18T07:52:54.931+0000] {dagbag.py:538} INFO - Filling up the DagBag from /home/airflow/.local/lib/python3.8/site-packages/airflow/example_dags/example_kubernetes_executor.py
[2026-03-18T07:52:54.943+0000] {processor.py:840} INFO - DAG(s) 'example_kubernetes_executor' retrieved from /home/airflow/.local/lib/python3.8/site-packages/airflow/example_dags/example_kubernetes_executor.py
[2026-03-18T07:52:54.967+0000] {logging_mixin.py:188} INFO - [2026-03-18T07:52:54.967+0000] {dag.py:3036} INFO - Sync 1 DAGs
[2026-03-18T07:52:54.972+0000] {logging_mixin.py:188} INFO - [2026-03-18T07:52:54.972+0000] {dag.py:3823} INFO - Setting next_dagrun for example_kubernetes_executor to None, run_after=None
[2026-03-18T07:52:54.987+0000] {processor.py:183} INFO - Processing /home/airflow/.local/lib/python3.8/site-packages/airflow/example_dags/example_kubernetes_executor.py took 0.060 seconds
[2026-03-18T07:53:25.408+0000] {processor.py:161} INFO - Started process (PID=956) to work on /home/airflow/.local/lib/python3.8/site-packages/airflow/example_dags/example_kubernetes_executor.py
[2026-03-18T07:53:25.409+0000] {processor.py:830} INFO - Processing file /home/airflow/.local/lib/python3.8/site-packages/airflow/example_dags/example_kubernetes_executor.py for tasks to queue
[2026-03-18T07:53:25.412+0000] {logging_mixin.py:188} INFO - [2026-03-18T07:53:25.411+0000] {dagbag.py:538} INFO - Filling up the DagBag from /home/airflow/.local/lib/python3.8/site-packages/airflow/example_dags/example_kubernetes_executor.py
[2026-03-18T07:53:25.418+0000] {processor.py:840} INFO - DAG(s) 'example_kubernetes_executor' retrieved from /home/airflow/.local/lib/python3.8/site-packages/airflow/example_dags/example_kubernetes_executor.py
[2026-03-18T07:53:25.438+0000] {logging_mixin.py:188} INFO - [2026-03-18T07:53:25.438+0000] {dag.py:3036} INFO - Sync 1 DAGs
[2026-03-18T07:53:25.445+0000] {logging_mixin.py:188} INFO - [2026-03-18T07:53:25.445+0000] {dag.py:3823} INFO - Setting next_dagrun for example_kubernetes_executor to None, run_after=None
[2026-03-18T07:53:25.457+0000] {processor.py:183} INFO - Processing /home/airflow/.local/lib/python3.8/site-packages/airflow/example_dags/example_kubernetes_executor.py took 0.051 seconds
[2026-03-18T07:53:55.921+0000] {processor.py:161} INFO - Started process (PID=1012) to work on /home/airflow/.local/lib/python3.8/site-packages/airflow/example_dags/example_kubernetes_executor.py
[2026-03-18T07:53:55.921+0000] {processor.py:830} INFO - Processing file /home/airflow/.local/lib/python3.8/site-packages/airflow/example_dags/example_kubernetes_executor.py for tasks to queue
[2026-03-18T07:53:55.922+0000] {logging_mixin.py:188} INFO - [2026-03-18T07:53:55.922+0000] {dagbag.py:538} INFO - Filling up the DagBag from /home/airflow/.local/lib/python3.8/site-packages/airflow/example_dags/example_kubernetes_executor.py
[2026-03-18T07:53:55.928+0000] {processor.py:840} INFO - DAG(s) 'example_kubernetes_executor' retrieved from /home/airflow/.local/lib/python3.8/site-packages/airflow/example_dags/example_kubernetes_executor.py
[2026-03-18T07:53:55.950+0000] {logging_mixin.py:188} INFO - [2026-03-18T07:53:55.950+0000] {dag.py:3036} INFO - Sync 1 DAGs
[2026-03-18T07:53:55.955+0000] {logging_mixin.py:188} INFO - [2026-03-18T07:53:55.955+0000] {dag.py:3823} INFO - Setting next_dagrun for example_kubernetes_executor to None, run_after=None
[2026-03-18T07:53:55.966+0000] {processor.py:183} INFO - Processing /home/airflow/.local/lib/python3.8/site-packages/airflow/example_dags/example_kubernetes_executor.py took 0.047 seconds
[2026-03-18T07:54:26.318+0000] {processor.py:161} INFO - Started process (PID=1068) to work on /home/airflow/.local/lib/python3.8/site-packages/airflow/example_dags/example_kubernetes_executor.py
[2026-03-18T07:54:26.318+0000] {processor.py:830} INFO - Processing file /home/airflow/.local/lib/python3.8/site-packages/airflow/example_dags/example_kubernetes_executor.py for tasks to queue
[2026-03-18T07:54:26.319+0000] {logging_mixin.py:188} INFO - [2026-03-18T07:54:26.319+0000] {dagbag.py:538} INFO - Filling up the DagBag from /home/airflow/.local/lib/python3.8/site-packages/airflow/example_dags/example_kubernetes_executor.py
[2026-03-18T07:54:26.325+0000] {processor.py:840} INFO - DAG(s) 'example_kubernetes_executor' retrieved from /home/airflow/.local/lib/python3.8/site-packages/airflow/example_dags/example_kubernetes_executor.py
[2026-03-18T07:54:26.339+0000] {logging_mixin.py:188} INFO - [2026-03-18T07:54:26.339+0000] {dag.py:3036} INFO - Sync 1 DAGs
[2026-03-18T07:54:26.343+0000] {logging_mixin.py:188} INFO - [2026-03-18T07:54:26.343+0000] {dag.py:3823} INFO - Setting next_dagrun for example_kubernetes_executor to None, run_after=None
[2026-03-18T07:54:26.349+0000] {processor.py:183} INFO - Processing /home/airflow/.local/lib/python3.8/site-packages/airflow/example_dags/example_kubernetes_executor.py took 0.033 seconds
[2026-03-18T07:54:56.814+0000] {processor.py:161} INFO - Started process (PID=1124) to work on /home/airflow/.local/lib/python3.8/site-packages/airflow/example_dags/example_kubernetes_executor.py
[2026-03-18T07:54:56.815+0000] {processor.py:830} INFO - Processing file /home/airflow/.local/lib/python3.8/site-packages/airflow/example_dags/example_kubernetes_executor.py for tasks to queue
[2026-03-18T07:54:56.816+0000] {logging_mixin.py:188} INFO - [2026-03-18T07:54:56.816+0000] {dagbag.py:538} INFO - Filling up the DagBag from /home/airflow/.local/lib/python3.8/site-packages/airflow/example_dags/example_kubernetes_executor.py
[2026-03-18T07:54:56.822+0000] {processor.py:840} INFO - DAG(s) 'example_kubernetes_executor' retrieved from /home/airflow/.local/lib/python3.8/site-packages/airflow/example_dags/example_kubernetes_executor.py
[2026-03-18T07:54:56.838+0000] {logging_mixin.py:188} INFO - [2026-03-18T07:54:56.837+0000] {dag.py:3036} INFO - Sync 1 DAGs
[2026-03-18T07:54:56.843+0000] {logging_mixin.py:188} INFO - [2026-03-18T07:54:56.843+0000] {dag.py:3823} INFO - Setting next_dagrun for example_kubernetes_executor to None, run_after=None
[2026-03-18T07:54:56.850+0000] {processor.py:183} INFO - Processing /home/airflow/.local/lib/python3.8/site-packages/airflow/example_dags/example_kubernetes_executor.py took 0.037 seconds
[2026-03-18T07:55:27.275+0000] {processor.py:161} INFO - Started process (PID=1180) to work on /home/airflow/.local/lib/python3.8/site-packages/airflow/example_dags/example_kubernetes_executor.py
[2026-03-18T07:55:27.276+0000] {processor.py:830} INFO - Processing file /home/airflow/.local/lib/python3.8/site-packages/airflow/example_dags/example_kubernetes_executor.py for tasks to queue
[2026-03-18T07:55:27.276+0000] {logging_mixin.py:188} INFO - [2026-03-18T07:55:27.276+0000] {dagbag.py:538} INFO - Filling up the DagBag from /home/airflow/.local/lib/python3.8/site-packages/airflow/example_dags/example_kubernetes_executor.py
[2026-03-18T07:55:27.282+0000] {processor.py:840} INFO - DAG(s) 'example_kubernetes_executor' retrieved from /home/airflow/.local/lib/python3.8/site-packages/airflow/example_dags/example_kubernetes_executor.py
[2026-03-18T07:55:27.296+0000] {logging_mixin.py:188} INFO - [2026-03-18T07:55:27.296+0000] {dag.py:3036} INFO - Sync 1 DAGs
[2026-03-18T07:55:27.300+0000] {logging_mixin.py:188} INFO - [2026-03-18T07:55:27.300+0000] {dag.py:3823} INFO - Setting next_dagrun for example_kubernetes_executor to None, run_after=None
[2026-03-18T07:55:27.306+0000] {processor.py:183} INFO - Processing /home/airflow/.local/lib/python3.8/site-packages/airflow/example_dags/example_kubernetes_executor.py took 0.032 seconds
[2026-03-18T07:55:57.706+0000] {processor.py:161} INFO - Started process (PID=1236) to work on /home/airflow/.local/lib/python3.8/site-packages/airflow/example_dags/example_kubernetes_executor.py
[2026-03-18T07:55:57.707+0000] {processor.py:830} INFO - Processing file /home/airflow/.local/lib/python3.8/site-packages/airflow/example_dags/example_kubernetes_executor.py for tasks to queue
[2026-03-18T07:55:57.709+0000] {logging_mixin.py:188} INFO - [2026-03-18T07:55:57.707+0000] {dagbag.py:538} INFO - Filling up the DagBag from /home/airflow/.local/lib/python3.8/site-packages/airflow/example_dags/example_kubernetes_executor.py
[2026-03-18T07:55:57.717+0000] {processor.py:840} INFO - DAG(s) 'example_kubernetes_executor' retrieved from /home/airflow/.local/lib/python3.8/site-packages/airflow/example_dags/example_kubernetes_executor.py
[2026-03-18T07:55:57.736+0000] {logging_mixin.py:188} INFO - [2026-03-18T07:55:57.736+0000] {dag.py:3036} INFO - Sync 1 DAGs
[2026-03-18T07:55:57.740+0000] {logging_mixin.py:188} INFO - [2026-03-18T07:55:57.740+0000] {dag.py:3823} INFO - Setting next_dagrun for example_kubernetes_executor to None, run_after=None
[2026-03-18T07:55:57.747+0000] {processor.py:183} INFO - Processing /home/airflow/.local/lib/python3.8/site-packages/airflow/example_dags/example_kubernetes_executor.py took 0.043 seconds
[2026-03-18T07:56:28.122+0000] {processor.py:161} INFO - Started process (PID=1292) to work on /home/airflow/.local/lib/python3.8/site-packages/airflow/example_dags/example_kubernetes_executor.py
[2026-03-18T07:56:28.122+0000] {processor.py:830} INFO - Processing file /home/airflow/.local/lib/python3.8/site-packages/airflow/example_dags/example_kubernetes_executor.py for tasks to queue
[2026-03-18T07:56:28.123+0000] {logging_mixin.py:188} INFO - [2026-03-18T07:56:28.123+0000] {dagbag.py:538} INFO - Filling up the DagBag from /home/airflow/.local/lib/python3.8/site-packages/airflow/example_dags/example_kubernetes_executor.py
[2026-03-18T07:56:28.128+0000] {processor.py:840} INFO - DAG(s) 'example_kubernetes_executor' retrieved from /home/airflow/.local/lib/python3.8/site-packages/airflow/example_dags/example_kubernetes_executor.py
[2026-03-18T07:56:28.141+0000] {logging_mixin.py:188} INFO - [2026-03-18T07:56:28.141+0000] {dag.py:3036} INFO - Sync 1 DAGs
[2026-03-18T07:56:28.145+0000] {logging_mixin.py:188} INFO - [2026-03-18T07:56:28.145+0000] {dag.py:3823} INFO - Setting next_dagrun for example_kubernetes_executor to None, run_after=None
[2026-03-18T07:56:28.151+0000] {processor.py:183} INFO - Processing /home/airflow/.local/lib/python3.8/site-packages/airflow/example_dags/example_kubernetes_executor.py took 0.030 seconds
[2026-03-18T07:56:58.583+0000] {processor.py:161} INFO - Started process (PID=1348) to work on /home/airflow/.local/lib/python3.8/site-packages/airflow/example_dags/example_kubernetes_executor.py
[2026-03-18T07:56:58.584+0000] {processor.py:830} INFO - Processing file /home/airflow/.local/lib/python3.8/site-packages/airflow/example_dags/example_kubernetes_executor.py for tasks to queue
[2026-03-18T07:56:58.584+0000] {logging_mixin.py:188} INFO - [2026-03-18T07:56:58.584+0000] {dagbag.py:538} INFO - Filling up the DagBag from /home/airflow/.local/lib/python3.8/site-packages/airflow/example_dags/example_kubernetes_executor.py
[2026-03-18T07:56:58.590+0000] {processor.py:840} INFO - DAG(s) 'example_kubernetes_executor' retrieved from /home/airflow/.local/lib/python3.8/site-packages/airflow/example_dags/example_kubernetes_executor.py
[2026-03-18T07:56:58.603+0000] {logging_mixin.py:188} INFO - [2026-03-18T07:56:58.603+0000] {dag.py:3036} INFO - Sync 1 DAGs
[2026-03-18T07:56:58.608+0000] {logging_mixin.py:188} INFO - [2026-03-18T07:56:58.608+0000] {dag.py:3823} INFO - Setting next_dagrun for example_kubernetes_executor to None, run_after=None
[2026-03-18T07:56:58.614+0000] {processor.py:183} INFO - Processing /home/airflow/.local/lib/python3.8/site-packages/airflow/example_dags/example_kubernetes_executor.py took 0.032 seconds
[2026-03-18T07:57:29.080+0000] {processor.py:161} INFO - Started process (PID=1404) to work on /home/airflow/.local/lib/python3.8/site-packages/airflow/example_dags/example_kubernetes_executor.py
[2026-03-18T07:57:29.081+0000] {processor.py:830} INFO - Processing file /home/airflow/.local/lib/python3.8/site-packages/airflow/example_dags/example_kubernetes_executor.py for tasks to queue
[2026-03-18T07:57:29.082+0000] {logging_mixin.py:188} INFO - [2026-03-18T07:57:29.082+0000] {dagbag.py:538} INFO - Filling up the DagBag from /home/airflow/.local/lib/python3.8/site-packages/airflow/example_dags/example_kubernetes_executor.py
[2026-03-18T07:57:29.089+0000] {processor.py:840} INFO - DAG(s) 'example_kubernetes_executor' retrieved from /home/airflow/.local/lib/python3.8/site-packages/airflow/example_dags/example_kubernetes_executor.py
[2026-03-18T07:57:29.108+0000] {logging_mixin.py:188} INFO - [2026-03-18T07:57:29.108+0000] {dag.py:3036} INFO - Sync 1 DAGs
[2026-03-18T07:57:29.112+0000] {logging_mixin.py:188} INFO - [2026-03-18T07:57:29.112+0000] {dag.py:3823} INFO - Setting next_dagrun for example_kubernetes_executor to None, run_after=None
[2026-03-18T07:57:29.121+0000] {processor.py:183} INFO - Processing /home/airflow/.local/lib/python3.8/site-packages/airflow/example_dags/example_kubernetes_executor.py took 0.042 seconds
[2026-03-18T07:57:59.620+0000] {processor.py:161} INFO - Started process (PID=1460) to work on /home/airflow/.local/lib/python3.8/site-packages/airflow/example_dags/example_kubernetes_executor.py
[2026-03-18T07:57:59.621+0000] {processor.py:830} INFO - Processing file /home/airflow/.local/lib/python3.8/site-packages/airflow/example_dags/example_kubernetes_executor.py for tasks to queue
[2026-03-18T07:57:59.621+0000] {logging_mixin.py:188} INFO - [2026-03-18T07:57:59.621+0000] {dagbag.py:538} INFO - Filling up the DagBag from /home/airflow/.local/lib/python3.8/site-packages/airflow/example_dags/example_kubernetes_executor.py
[2026-03-18T07:57:59.627+0000] {processor.py:840} INFO - DAG(s) 'example_kubernetes_executor' retrieved from /home/airflow/.local/lib/python3.8/site-packages/airflow/example_dags/example_kubernetes_executor.py
[2026-03-18T07:57:59.643+0000] {logging_mixin.py:188} INFO - [2026-03-18T07:57:59.643+0000] {dag.py:3036} INFO - Sync 1 DAGs
[2026-03-18T07:57:59.647+0000] {logging_mixin.py:188} INFO - [2026-03-18T07:57:59.647+0000] {dag.py:3823} INFO - Setting next_dagrun for example_kubernetes_executor to None, run_after=None
[2026-03-18T07:57:59.654+0000] {processor.py:183} INFO - Processing /home/airflow/.local/lib/python3.8/site-packages/airflow/example_dags/example_kubernetes_executor.py took 0.036 seconds
[2026-03-18T07:58:30.051+0000] {processor.py:161} INFO - Started process (PID=1516) to work on /home/airflow/.local/lib/python3.8/site-packages/airflow/example_dags/example_kubernetes_executor.py
[2026-03-18T07:58:30.054+0000] {processor.py:830} INFO - Processing file /home/airflow/.local/lib/python3.8/site-packages/airflow/example_dags/example_kubernetes_executor.py for tasks to queue
[2026-03-18T07:58:30.056+0000] {logging_mixin.py:188} INFO - [2026-03-18T07:58:30.056+0000] {dagbag.py:538} INFO - Filling up the DagBag from /home/airflow/.local/lib/python3.8/site-packages/airflow/example_dags/example_kubernetes_executor.py
[2026-03-18T07:58:30.062+0000] {processor.py:840} INFO - DAG(s) 'example_kubernetes_executor' retrieved from /home/airflow/.local/lib/python3.8/site-packages/airflow/example_dags/example_kubernetes_executor.py
[2026-03-18T07:58:30.080+0000] {logging_mixin.py:188} INFO - [2026-03-18T07:58:30.080+0000] {dag.py:3036} INFO - Sync 1 DAGs
[2026-03-18T07:58:30.085+0000] {logging_mixin.py:188} INFO - [2026-03-18T07:58:30.085+0000] {dag.py:3823} INFO - Setting next_dagrun for example_kubernetes_executor to None, run_after=None
[2026-03-18T07:58:30.096+0000] {processor.py:183} INFO - Processing /home/airflow/.local/lib/python3.8/site-packages/airflow/example_dags/example_kubernetes_executor.py took 0.047 seconds
[2026-03-18T07:59:00.576+0000] {processor.py:161} INFO - Started process (PID=1572) to work on /home/airflow/.local/lib/python3.8/site-packages/airflow/example_dags/example_kubernetes_executor.py
[2026-03-18T07:59:00.578+0000] {processor.py:830} INFO - Processing file /home/airflow/.local/lib/python3.8/site-packages/airflow/example_dags/example_kubernetes_executor.py for tasks to queue
[2026-03-18T07:59:00.579+0000] {logging_mixin.py:188} INFO - [2026-03-18T07:59:00.579+0000] {dagbag.py:538} INFO - Filling up the DagBag from /home/airflow/.local/lib/python3.8/site-packages/airflow/example_dags/example_kubernetes_executor.py
[2026-03-18T07:59:00.584+0000] {processor.py:840} INFO - DAG(s) 'example_kubernetes_executor' retrieved from /home/airflow/.local/lib/python3.8/site-packages/airflow/example_dags/example_kubernetes_executor.py
[2026-03-18T07:59:00.604+0000] {logging_mixin.py:188} INFO - [2026-03-18T07:59:00.604+0000] {dag.py:3036} INFO - Sync 1 DAGs
[2026-03-18T07:59:00.609+0000] {logging_mixin.py:188} INFO - [2026-03-18T07:59:00.609+0000] {dag.py:3823} INFO - Setting next_dagrun for example_kubernetes_executor to None, run_after=None
[2026-03-18T07:59:00.618+0000] {processor.py:183} INFO - Processing /home/airflow/.local/lib/python3.8/site-packages/airflow/example_dags/example_kubernetes_executor.py took 0.043 seconds
[2026-03-18T07:59:31.118+0000] {processor.py:161} INFO - Started process (PID=1628) to work on /home/airflow/.local/lib/python3.8/site-packages/airflow/example_dags/example_kubernetes_executor.py
[2026-03-18T07:59:31.119+0000] {processor.py:830} INFO - Processing file /home/airflow/.local/lib/python3.8/site-packages/airflow/example_dags/example_kubernetes_executor.py for tasks to queue
[2026-03-18T07:59:31.120+0000] {logging_mixin.py:188} INFO - [2026-03-18T07:59:31.120+0000] {dagbag.py:538} INFO - Filling up the DagBag from /home/airflow/.local/lib/python3.8/site-packages/airflow/example_dags/example_kubernetes_executor.py
[2026-03-18T07:59:31.127+0000] {processor.py:840} INFO - DAG(s) 'example_kubernetes_executor' retrieved from /home/airflow/.local/lib/python3.8/site-packages/airflow/example_dags/example_kubernetes_executor.py
[2026-03-18T07:59:31.148+0000] {logging_mixin.py:188} INFO - [2026-03-18T07:59:31.148+0000] {dag.py:3036} INFO - Sync 1 DAGs
[2026-03-18T07:59:31.154+0000] {logging_mixin.py:188} INFO - [2026-03-18T07:59:31.154+0000] {dag.py:3823} INFO - Setting next_dagrun for example_kubernetes_executor to None, run_after=None
[2026-03-18T07:59:31.162+0000] {processor.py:183} INFO - Processing /home/airflow/.local/lib/python3.8/site-packages/airflow/example_dags/example_kubernetes_executor.py took 0.046 seconds
[2026-03-18T08:00:01.645+0000] {processor.py:161} INFO - Started process (PID=64) to work on /home/airflow/.local/lib/python3.8/site-packages/airflow/example_dags/example_kubernetes_executor.py
[2026-03-18T08:00:01.647+0000] {processor.py:830} INFO - Processing file /home/airflow/.local/lib/python3.8/site-packages/airflow/example_dags/example_kubernetes_executor.py for tasks to queue
[2026-03-18T08:00:01.649+0000] {logging_mixin.py:188} INFO - [2026-03-18T08:00:01.649+0000] {dagbag.py:538} INFO - Filling up the DagBag from /home/airflow/.local/lib/python3.8/site-packages/airflow/example_dags/example_kubernetes_executor.py
[2026-03-18T08:00:01.659+0000] {processor.py:840} INFO - DAG(s) 'example_kubernetes_executor' retrieved from /home/airflow/.local/lib/python3.8/site-packages/airflow/example_dags/example_kubernetes_executor.py
[2026-03-18T08:00:01.666+0000] {logging_mixin.py:188} INFO - [2026-03-18T08:00:01.666+0000] {dag.py:3036} INFO - Sync 1 DAGs
[2026-03-18T08:00:01.673+0000] {logging_mixin.py:188} INFO - [2026-03-18T08:00:01.673+0000] {dag.py:3823} INFO - Setting next_dagrun for example_kubernetes_executor to None, run_after=None
[2026-03-18T08:00:01.684+0000] {processor.py:183} INFO - Processing /home/airflow/.local/lib/python3.8/site-packages/airflow/example_dags/example_kubernetes_executor.py took 0.041 seconds
[2026-03-18T08:00:32.121+0000] {processor.py:161} INFO - Started process (PID=119) to work on /home/airflow/.local/lib/python3.8/site-packages/airflow/example_dags/example_kubernetes_executor.py
[2026-03-18T08:00:32.123+0000] {processor.py:830} INFO - Processing file /home/airflow/.local/lib/python3.8/site-packages/airflow/example_dags/example_kubernetes_executor.py for tasks to queue
[2026-03-18T08:00:32.127+0000] {logging_mixin.py:188} INFO - [2026-03-18T08:00:32.123+0000] {dagbag.py:538} INFO - Filling up the DagBag from /home/airflow/.local/lib/python3.8/site-packages/airflow/example_dags/example_kubernetes_executor.py
[2026-03-18T08:00:32.134+0000] {processor.py:840} INFO - DAG(s) 'example_kubernetes_executor' retrieved from /home/airflow/.local/lib/python3.8/site-packages/airflow/example_dags/example_kubernetes_executor.py
[2026-03-18T08:00:32.187+0000] {logging_mixin.py:188} INFO - [2026-03-18T08:00:32.187+0000] {dag.py:3036} INFO - Sync 1 DAGs
[2026-03-18T08:00:32.192+0000] {logging_mixin.py:188} INFO - [2026-03-18T08:00:32.192+0000] {dag.py:3823} INFO - Setting next_dagrun for example_kubernetes_executor to None, run_after=None
[2026-03-18T08:00:32.206+0000] {processor.py:183} INFO - Processing /home/airflow/.local/lib/python3.8/site-packages/airflow/example_dags/example_kubernetes_executor.py took 0.087 seconds
[2026-03-18T08:01:03.106+0000] {processor.py:161} INFO - Started process (PID=175) to work on /home/airflow/.local/lib/python3.8/site-packages/airflow/example_dags/example_kubernetes_executor.py
[2026-03-18T08:01:03.108+0000] {processor.py:830} INFO - Processing file /home/airflow/.local/lib/python3.8/site-packages/airflow/example_dags/example_kubernetes_executor.py for tasks to queue
[2026-03-18T08:01:03.109+0000] {logging_mixin.py:188} INFO - [2026-03-18T08:01:03.109+0000] {dagbag.py:538} INFO - Filling up the DagBag from /home/airflow/.local/lib/python3.8/site-packages/airflow/example_dags/example_kubernetes_executor.py
[2026-03-18T08:01:03.119+0000] {processor.py:840} INFO - DAG(s) 'example_kubernetes_executor' retrieved from /home/airflow/.local/lib/python3.8/site-packages/airflow/example_dags/example_kubernetes_executor.py
[2026-03-18T08:01:03.139+0000] {logging_mixin.py:188} INFO - [2026-03-18T08:01:03.139+0000] {dag.py:3036} INFO - Sync 1 DAGs
[2026-03-18T08:01:03.147+0000] {logging_mixin.py:188} INFO - [2026-03-18T08:01:03.147+0000] {dag.py:3823} INFO - Setting next_dagrun for example_kubernetes_executor to None, run_after=None
[2026-03-18T08:01:03.157+0000] {processor.py:183} INFO - Processing /home/airflow/.local/lib/python3.8/site-packages/airflow/example_dags/example_kubernetes_executor.py took 0.053 seconds
[2026-03-18T08:01:33.604+0000] {processor.py:161} INFO - Started process (PID=231) to work on /home/airflow/.local/lib/python3.8/site-packages/airflow/example_dags/example_kubernetes_executor.py
[2026-03-18T08:01:33.605+0000] {processor.py:830} INFO - Processing file /home/airflow/.local/lib/python3.8/site-packages/airflow/example_dags/example_kubernetes_executor.py for tasks to queue
[2026-03-18T08:01:33.606+0000] {logging_mixin.py:188} INFO - [2026-03-18T08:01:33.606+0000] {dagbag.py:538} INFO - Filling up the DagBag from /home/airflow/.local/lib/python3.8/site-packages/airflow/example_dags/example_kubernetes_executor.py
[2026-03-18T08:01:33.612+0000] {processor.py:840} INFO - DAG(s) 'example_kubernetes_executor' retrieved from /home/airflow/.local/lib/python3.8/site-packages/airflow/example_dags/example_kubernetes_executor.py
[2026-03-18T08:01:33.627+0000] {logging_mixin.py:188} INFO - [2026-03-18T08:01:33.627+0000] {dag.py:3036} INFO - Sync 1 DAGs
[2026-03-18T08:01:33.631+0000] {logging_mixin.py:188} INFO - [2026-03-18T08:01:33.631+0000] {dag.py:3823} INFO - Setting next_dagrun for example_kubernetes_executor to None, run_after=None
[2026-03-18T08:01:33.638+0000] {processor.py:183} INFO - Processing /home/airflow/.local/lib/python3.8/site-packages/airflow/example_dags/example_kubernetes_executor.py took 0.035 seconds
[2026-03-18T08:02:04.162+0000] {processor.py:161} INFO - Started process (PID=286) to work on /home/airflow/.local/lib/python3.8/site-packages/airflow/example_dags/example_kubernetes_executor.py
[2026-03-18T08:02:04.163+0000] {processor.py:830} INFO - Processing file /home/airflow/.local/lib/python3.8/site-packages/airflow/example_dags/example_kubernetes_executor.py for tasks to queue
[2026-03-18T08:02:04.164+0000] {logging_mixin.py:188} INFO - [2026-03-18T08:02:04.163+0000] {dagbag.py:538} INFO - Filling up the DagBag from /home/airflow/.local/lib/python3.8/site-packages/airflow/example_dags/example_kubernetes_executor.py
[2026-03-18T08:02:04.171+0000] {processor.py:840} INFO - DAG(s) 'example_kubernetes_executor' retrieved from /home/airflow/.local/lib/python3.8/site-packages/airflow/example_dags/example_kubernetes_executor.py
[2026-03-18T08:02:04.185+0000] {logging_mixin.py:188} INFO - [2026-03-18T08:02:04.185+0000] {dag.py:3036} INFO - Sync 1 DAGs
[2026-03-18T08:02:04.190+0000] {logging_mixin.py:188} INFO - [2026-03-18T08:02:04.190+0000] {dag.py:3823} INFO - Setting next_dagrun for example_kubernetes_executor to None, run_after=None
[2026-03-18T08:02:04.197+0000] {processor.py:183} INFO - Processing /home/airflow/.local/lib/python3.8/site-packages/airflow/example_dags/example_kubernetes_executor.py took 0.036 seconds
[2026-03-18T08:02:34.762+0000] {processor.py:161} INFO - Started process (PID=342) to work on /home/airflow/.local/lib/python3.8/site-packages/airflow/example_dags/example_kubernetes_executor.py
[2026-03-18T08:02:34.763+0000] {processor.py:830} INFO - Processing file /home/airflow/.local/lib/python3.8/site-packages/airflow/example_dags/example_kubernetes_executor.py for tasks to queue
[2026-03-18T08:02:34.764+0000] {logging_mixin.py:188} INFO - [2026-03-18T08:02:34.764+0000] {dagbag.py:538} INFO - Filling up the DagBag from /home/airflow/.local/lib/python3.8/site-packages/airflow/example_dags/example_kubernetes_executor.py
[2026-03-18T08:02:34.771+0000] {processor.py:840} INFO - DAG(s) 'example_kubernetes_executor' retrieved from /home/airflow/.local/lib/python3.8/site-packages/airflow/example_dags/example_kubernetes_executor.py
[2026-03-18T08:02:34.795+0000] {logging_mixin.py:188} INFO - [2026-03-18T08:02:34.795+0000] {dag.py:3036} INFO - Sync 1 DAGs
[2026-03-18T08:02:34.800+0000] {logging_mixin.py:188} INFO - [2026-03-18T08:02:34.800+0000] {dag.py:3823} INFO - Setting next_dagrun for example_kubernetes_executor to None, run_after=None
[2026-03-18T08:02:34.809+0000] {processor.py:183} INFO - Processing /home/airflow/.local/lib/python3.8/site-packages/airflow/example_dags/example_kubernetes_executor.py took 0.047 seconds
[2026-03-18T08:03:05.347+0000] {processor.py:161} INFO - Started process (PID=398) to work on /home/airflow/.local/lib/python3.8/site-packages/airflow/example_dags/example_kubernetes_executor.py
[2026-03-18T08:03:05.347+0000] {processor.py:830} INFO - Processing file /home/airflow/.local/lib/python3.8/site-packages/airflow/example_dags/example_kubernetes_executor.py for tasks to queue
[2026-03-18T08:03:05.348+0000] {logging_mixin.py:188} INFO - [2026-03-18T08:03:05.348+0000] {dagbag.py:538} INFO - Filling up the DagBag from /home/airflow/.local/lib/python3.8/site-packages/airflow/example_dags/example_kubernetes_executor.py
[2026-03-18T08:03:05.355+0000] {processor.py:840} INFO - DAG(s) 'example_kubernetes_executor' retrieved from /home/airflow/.local/lib/python3.8/site-packages/airflow/example_dags/example_kubernetes_executor.py
[2026-03-18T08:03:05.370+0000] {logging_mixin.py:188} INFO - [2026-03-18T08:03:05.370+0000] {dag.py:3036} INFO - Sync 1 DAGs
[2026-03-18T08:03:05.375+0000] {logging_mixin.py:188} INFO - [2026-03-18T08:03:05.374+0000] {dag.py:3823} INFO - Setting next_dagrun for example_kubernetes_executor to None, run_after=None
[2026-03-18T08:03:05.381+0000] {processor.py:183} INFO - Processing /home/airflow/.local/lib/python3.8/site-packages/airflow/example_dags/example_kubernetes_executor.py took 0.035 seconds
[2026-03-18T08:03:35.987+0000] {processor.py:161} INFO - Started process (PID=460) to work on /home/airflow/.local/lib/python3.8/site-packages/airflow/example_dags/example_kubernetes_executor.py
[2026-03-18T08:03:35.989+0000] {processor.py:830} INFO - Processing file /home/airflow/.local/lib/python3.8/site-packages/airflow/example_dags/example_kubernetes_executor.py for tasks to queue
[2026-03-18T08:03:35.991+0000] {logging_mixin.py:188} INFO - [2026-03-18T08:03:35.991+0000] {dagbag.py:538} INFO - Filling up the DagBag from /home/airflow/.local/lib/python3.8/site-packages/airflow/example_dags/example_kubernetes_executor.py
[2026-03-18T08:03:35.996+0000] {processor.py:840} INFO - DAG(s) 'example_kubernetes_executor' retrieved from /home/airflow/.local/lib/python3.8/site-packages/airflow/example_dags/example_kubernetes_executor.py
[2026-03-18T08:03:36.019+0000] {logging_mixin.py:188} INFO - [2026-03-18T08:03:36.019+0000] {dag.py:3036} INFO - Sync 1 DAGs
[2026-03-18T08:03:36.024+0000] {logging_mixin.py:188} INFO - [2026-03-18T08:03:36.024+0000] {dag.py:3823} INFO - Setting next_dagrun for example_kubernetes_executor to None, run_after=None
[2026-03-18T08:03:36.031+0000] {processor.py:183} INFO - Processing /home/airflow/.local/lib/python3.8/site-packages/airflow/example_dags/example_kubernetes_executor.py took 0.045 seconds
[2026-03-18T08:04:06.535+0000] {processor.py:161} INFO - Started process (PID=516) to work on /home/airflow/.local/lib/python3.8/site-packages/airflow/example_dags/example_kubernetes_executor.py
[2026-03-18T08:04:06.536+0000] {processor.py:830} INFO - Processing file /home/airflow/.local/lib/python3.8/site-packages/airflow/example_dags/example_kubernetes_executor.py for tasks to queue
[2026-03-18T08:04:06.537+0000] {logging_mixin.py:188} INFO - [2026-03-18T08:04:06.537+0000] {dagbag.py:538} INFO - Filling up the DagBag from /home/airflow/.local/lib/python3.8/site-packages/airflow/example_dags/example_kubernetes_executor.py
[2026-03-18T08:04:06.545+0000] {processor.py:840} INFO - DAG(s) 'example_kubernetes_executor' retrieved from /home/airflow/.local/lib/python3.8/site-packages/airflow/example_dags/example_kubernetes_executor.py
[2026-03-18T08:04:06.566+0000] {logging_mixin.py:188} INFO - [2026-03-18T08:04:06.566+0000] {dag.py:3036} INFO - Sync 1 DAGs
[2026-03-18T08:04:06.574+0000] {logging_mixin.py:188} INFO - [2026-03-18T08:04:06.574+0000] {dag.py:3823} INFO - Setting next_dagrun for example_kubernetes_executor to None, run_after=None
[2026-03-18T08:04:06.586+0000] {processor.py:183} INFO - Processing /home/airflow/.local/lib/python3.8/site-packages/airflow/example_dags/example_kubernetes_executor.py took 0.052 seconds
[2026-03-18T08:04:29.387+0000] {processor.py:161} INFO - Started process (PID=64) to work on /home/airflow/.local/lib/python3.8/site-packages/airflow/example_dags/example_kubernetes_executor.py
[2026-03-18T08:04:29.388+0000] {processor.py:830} INFO - Processing file /home/airflow/.local/lib/python3.8/site-packages/airflow/example_dags/example_kubernetes_executor.py for tasks to queue
[2026-03-18T08:04:29.389+0000] {logging_mixin.py:188} INFO - [2026-03-18T08:04:29.389+0000] {dagbag.py:538} INFO - Filling up the DagBag from /home/airflow/.local/lib/python3.8/site-packages/airflow/example_dags/example_kubernetes_executor.py
[2026-03-18T08:04:29.400+0000] {processor.py:840} INFO - DAG(s) 'example_kubernetes_executor' retrieved from /home/airflow/.local/lib/python3.8/site-packages/airflow/example_dags/example_kubernetes_executor.py
[2026-03-18T08:04:29.408+0000] {logging_mixin.py:188} INFO - [2026-03-18T08:04:29.408+0000] {dag.py:3036} INFO - Sync 1 DAGs
[2026-03-18T08:04:29.418+0000] {logging_mixin.py:188} INFO - [2026-03-18T08:04:29.418+0000] {dag.py:3823} INFO - Setting next_dagrun for example_kubernetes_executor to None, run_after=None
[2026-03-18T08:04:29.431+0000] {processor.py:183} INFO - Processing /home/airflow/.local/lib/python3.8/site-packages/airflow/example_dags/example_kubernetes_executor.py took 0.046 seconds
[2026-03-18T08:04:59.870+0000] {processor.py:161} INFO - Started process (PID=120) to work on /home/airflow/.local/lib/python3.8/site-packages/airflow/example_dags/example_kubernetes_executor.py
[2026-03-18T08:04:59.871+0000] {processor.py:830} INFO - Processing file /home/airflow/.local/lib/python3.8/site-packages/airflow/example_dags/example_kubernetes_executor.py for tasks to queue
[2026-03-18T08:04:59.872+0000] {logging_mixin.py:188} INFO - [2026-03-18T08:04:59.872+0000] {dagbag.py:538} INFO - Filling up the DagBag from /home/airflow/.local/lib/python3.8/site-packages/airflow/example_dags/example_kubernetes_executor.py
[2026-03-18T08:04:59.879+0000] {processor.py:840} INFO - DAG(s) 'example_kubernetes_executor' retrieved from /home/airflow/.local/lib/python3.8/site-packages/airflow/example_dags/example_kubernetes_executor.py
[2026-03-18T08:04:59.936+0000] {logging_mixin.py:188} INFO - [2026-03-18T08:04:59.936+0000] {dag.py:3036} INFO - Sync 1 DAGs
[2026-03-18T08:04:59.941+0000] {logging_mixin.py:188} INFO - [2026-03-18T08:04:59.941+0000] {dag.py:3823} INFO - Setting next_dagrun for example_kubernetes_executor to None, run_after=None
[2026-03-18T08:04:59.953+0000] {processor.py:183} INFO - Processing /home/airflow/.local/lib/python3.8/site-packages/airflow/example_dags/example_kubernetes_executor.py took 0.084 seconds
[2026-03-18T08:05:30.901+0000] {processor.py:161} INFO - Started process (PID=175) to work on /home/airflow/.local/lib/python3.8/site-packages/airflow/example_dags/example_kubernetes_executor.py
[2026-03-18T08:05:30.902+0000] {processor.py:830} INFO - Processing file /home/airflow/.local/lib/python3.8/site-packages/airflow/example_dags/example_kubernetes_executor.py for tasks to queue
[2026-03-18T08:05:30.903+0000] {logging_mixin.py:188} INFO - [2026-03-18T08:05:30.903+0000] {dagbag.py:538} INFO - Filling up the DagBag from /home/airflow/.local/lib/python3.8/site-packages/airflow/example_dags/example_kubernetes_executor.py
[2026-03-18T08:05:30.910+0000] {processor.py:840} INFO - DAG(s) 'example_kubernetes_executor' retrieved from /home/airflow/.local/lib/python3.8/site-packages/airflow/example_dags/example_kubernetes_executor.py
[2026-03-18T08:05:30.935+0000] {logging_mixin.py:188} INFO - [2026-03-18T08:05:30.935+0000] {dag.py:3036} INFO - Sync 1 DAGs
[2026-03-18T08:05:30.941+0000] {logging_mixin.py:188} INFO - [2026-03-18T08:05:30.941+0000] {dag.py:3823} INFO - Setting next_dagrun for example_kubernetes_executor to None, run_after=None
[2026-03-18T08:05:30.958+0000] {processor.py:183} INFO - Processing /home/airflow/.local/lib/python3.8/site-packages/airflow/example_dags/example_kubernetes_executor.py took 0.058 seconds
[2026-03-18T08:06:14.403+0000] {processor.py:161} INFO - Started process (PID=110) to work on /home/airflow/.local/lib/python3.8/site-packages/airflow/example_dags/example_kubernetes_executor.py
[2026-03-18T08:06:14.404+0000] {processor.py:830} INFO - Processing file /home/airflow/.local/lib/python3.8/site-packages/airflow/example_dags/example_kubernetes_executor.py for tasks to queue
[2026-03-18T08:06:14.405+0000] {logging_mixin.py:188} INFO - [2026-03-18T08:06:14.405+0000] {dagbag.py:538} INFO - Filling up the DagBag from /home/airflow/.local/lib/python3.8/site-packages/airflow/example_dags/example_kubernetes_executor.py
[2026-03-18T08:06:14.415+0000] {processor.py:840} INFO - DAG(s) 'example_kubernetes_executor' retrieved from /home/airflow/.local/lib/python3.8/site-packages/airflow/example_dags/example_kubernetes_executor.py
[2026-03-18T08:06:14.471+0000] {logging_mixin.py:188} INFO - [2026-03-18T08:06:14.471+0000] {dag.py:3036} INFO - Sync 1 DAGs
[2026-03-18T08:06:14.476+0000] {logging_mixin.py:188} INFO - [2026-03-18T08:06:14.476+0000] {dag.py:3823} INFO - Setting next_dagrun for example_kubernetes_executor to None, run_after=None
[2026-03-18T08:06:14.488+0000] {processor.py:183} INFO - Processing /home/airflow/.local/lib/python3.8/site-packages/airflow/example_dags/example_kubernetes_executor.py took 0.087 seconds
[2026-03-18T08:06:45.248+0000] {processor.py:161} INFO - Started process (PID=166) to work on /home/airflow/.local/lib/python3.8/site-packages/airflow/example_dags/example_kubernetes_executor.py
[2026-03-18T08:06:45.252+0000] {processor.py:830} INFO - Processing file /home/airflow/.local/lib/python3.8/site-packages/airflow/example_dags/example_kubernetes_executor.py for tasks to queue
[2026-03-18T08:06:45.253+0000] {logging_mixin.py:188} INFO - [2026-03-18T08:06:45.253+0000] {dagbag.py:538} INFO - Filling up the DagBag from /home/airflow/.local/lib/python3.8/site-packages/airflow/example_dags/example_kubernetes_executor.py
[2026-03-18T08:06:45.260+0000] {processor.py:840} INFO - DAG(s) 'example_kubernetes_executor' retrieved from /home/airflow/.local/lib/python3.8/site-packages/airflow/example_dags/example_kubernetes_executor.py
[2026-03-18T08:06:45.282+0000] {logging_mixin.py:188} INFO - [2026-03-18T08:06:45.282+0000] {dag.py:3036} INFO - Sync 1 DAGs
[2026-03-18T08:06:45.287+0000] {logging_mixin.py:188} INFO - [2026-03-18T08:06:45.287+0000] {dag.py:3823} INFO - Setting next_dagrun for example_kubernetes_executor to None, run_after=None
[2026-03-18T08:06:45.298+0000] {processor.py:183} INFO - Processing /home/airflow/.local/lib/python3.8/site-packages/airflow/example_dags/example_kubernetes_executor.py took 0.052 seconds
[2026-03-18T08:07:15.938+0000] {processor.py:161} INFO - Started process (PID=228) to work on /home/airflow/.local/lib/python3.8/site-packages/airflow/example_dags/example_kubernetes_executor.py
[2026-03-18T08:07:15.940+0000] {processor.py:830} INFO - Processing file /home/airflow/.local/lib/python3.8/site-packages/airflow/example_dags/example_kubernetes_executor.py for tasks to queue
[2026-03-18T08:07:15.941+0000] {logging_mixin.py:188} INFO - [2026-03-18T08:07:15.941+0000] {dagbag.py:538} INFO - Filling up the DagBag from /home/airflow/.local/lib/python3.8/site-packages/airflow/example_dags/example_kubernetes_executor.py
[2026-03-18T08:07:15.954+0000] {processor.py:840} INFO - DAG(s) 'example_kubernetes_executor' retrieved from /home/airflow/.local/lib/python3.8/site-packages/airflow/example_dags/example_kubernetes_executor.py
[2026-03-18T08:07:15.974+0000] {logging_mixin.py:188} INFO - [2026-03-18T08:07:15.974+0000] {dag.py:3036} INFO - Sync 1 DAGs
[2026-03-18T08:07:15.979+0000] {logging_mixin.py:188} INFO - [2026-03-18T08:07:15.979+0000] {dag.py:3823} INFO - Setting next_dagrun for example_kubernetes_executor to None, run_after=None
[2026-03-18T08:07:15.987+0000] {processor.py:183} INFO - Processing /home/airflow/.local/lib/python3.8/site-packages/airflow/example_dags/example_kubernetes_executor.py took 0.051 seconds
[2026-03-18T08:07:46.483+0000] {processor.py:161} INFO - Started process (PID=284) to work on /home/airflow/.local/lib/python3.8/site-packages/airflow/example_dags/example_kubernetes_executor.py
[2026-03-18T08:07:46.484+0000] {processor.py:830} INFO - Processing file /home/airflow/.local/lib/python3.8/site-packages/airflow/example_dags/example_kubernetes_executor.py for tasks to queue
[2026-03-18T08:07:46.485+0000] {logging_mixin.py:188} INFO - [2026-03-18T08:07:46.485+0000] {dagbag.py:538} INFO - Filling up the DagBag from /home/airflow/.local/lib/python3.8/site-packages/airflow/example_dags/example_kubernetes_executor.py
[2026-03-18T08:07:46.491+0000] {processor.py:840} INFO - DAG(s) 'example_kubernetes_executor' retrieved from /home/airflow/.local/lib/python3.8/site-packages/airflow/example_dags/example_kubernetes_executor.py
[2026-03-18T08:07:46.505+0000] {logging_mixin.py:188} INFO - [2026-03-18T08:07:46.505+0000] {dag.py:3036} INFO - Sync 1 DAGs
[2026-03-18T08:07:46.509+0000] {logging_mixin.py:188} INFO - [2026-03-18T08:07:46.509+0000] {dag.py:3823} INFO - Setting next_dagrun for example_kubernetes_executor to None, run_after=None
[2026-03-18T08:07:46.515+0000] {processor.py:183} INFO - Processing /home/airflow/.local/lib/python3.8/site-packages/airflow/example_dags/example_kubernetes_executor.py took 0.033 seconds
[2026-03-18T08:08:16.967+0000] {processor.py:161} INFO - Started process (PID=340) to work on /home/airflow/.local/lib/python3.8/site-packages/airflow/example_dags/example_kubernetes_executor.py
[2026-03-18T08:08:16.968+0000] {processor.py:830} INFO - Processing file /home/airflow/.local/lib/python3.8/site-packages/airflow/example_dags/example_kubernetes_executor.py for tasks to queue
[2026-03-18T08:08:16.970+0000] {logging_mixin.py:188} INFO - [2026-03-18T08:08:16.970+0000] {dagbag.py:538} INFO - Filling up the DagBag from /home/airflow/.local/lib/python3.8/site-packages/airflow/example_dags/example_kubernetes_executor.py
[2026-03-18T08:08:16.977+0000] {processor.py:840} INFO - DAG(s) 'example_kubernetes_executor' retrieved from /home/airflow/.local/lib/python3.8/site-packages/airflow/example_dags/example_kubernetes_executor.py
[2026-03-18T08:08:17.001+0000] {logging_mixin.py:188} INFO - [2026-03-18T08:08:17.001+0000] {dag.py:3036} INFO - Sync 1 DAGs
[2026-03-18T08:08:17.006+0000] {logging_mixin.py:188} INFO - [2026-03-18T08:08:17.006+0000] {dag.py:3823} INFO - Setting next_dagrun for example_kubernetes_executor to None, run_after=None
[2026-03-18T08:08:17.015+0000] {processor.py:183} INFO - Processing /home/airflow/.local/lib/python3.8/site-packages/airflow/example_dags/example_kubernetes_executor.py took 0.049 seconds
[2026-03-18T08:08:47.532+0000] {processor.py:161} INFO - Started process (PID=396) to work on /home/airflow/.local/lib/python3.8/site-packages/airflow/example_dags/example_kubernetes_executor.py
[2026-03-18T08:08:47.533+0000] {processor.py:830} INFO - Processing file /home/airflow/.local/lib/python3.8/site-packages/airflow/example_dags/example_kubernetes_executor.py for tasks to queue
[2026-03-18T08:08:47.535+0000] {logging_mixin.py:188} INFO - [2026-03-18T08:08:47.535+0000] {dagbag.py:538} INFO - Filling up the DagBag from /home/airflow/.local/lib/python3.8/site-packages/airflow/example_dags/example_kubernetes_executor.py
[2026-03-18T08:08:47.545+0000] {processor.py:840} INFO - DAG(s) 'example_kubernetes_executor' retrieved from /home/airflow/.local/lib/python3.8/site-packages/airflow/example_dags/example_kubernetes_executor.py
[2026-03-18T08:08:47.566+0000] {logging_mixin.py:188} INFO - [2026-03-18T08:08:47.566+0000] {dag.py:3036} INFO - Sync 1 DAGs
[2026-03-18T08:08:47.571+0000] {logging_mixin.py:188} INFO - [2026-03-18T08:08:47.571+0000] {dag.py:3823} INFO - Setting next_dagrun for example_kubernetes_executor to None, run_after=None
[2026-03-18T08:08:47.577+0000] {processor.py:183} INFO - Processing /home/airflow/.local/lib/python3.8/site-packages/airflow/example_dags/example_kubernetes_executor.py took 0.047 seconds
[2026-03-18T08:09:18.028+0000] {processor.py:161} INFO - Started process (PID=452) to work on /home/airflow/.local/lib/python3.8/site-packages/airflow/example_dags/example_kubernetes_executor.py
[2026-03-18T08:09:18.031+0000] {processor.py:830} INFO - Processing file /home/airflow/.local/lib/python3.8/site-packages/airflow/example_dags/example_kubernetes_executor.py for tasks to queue
[2026-03-18T08:09:18.032+0000] {logging_mixin.py:188} INFO - [2026-03-18T08:09:18.032+0000] {dagbag.py:538} INFO - Filling up the DagBag from /home/airflow/.local/lib/python3.8/site-packages/airflow/example_dags/example_kubernetes_executor.py
[2026-03-18T08:09:18.038+0000] {processor.py:840} INFO - DAG(s) 'example_kubernetes_executor' retrieved from /home/airflow/.local/lib/python3.8/site-packages/airflow/example_dags/example_kubernetes_executor.py
[2026-03-18T08:09:18.060+0000] {logging_mixin.py:188} INFO - [2026-03-18T08:09:18.060+0000] {dag.py:3036} INFO - Sync 1 DAGs
[2026-03-18T08:09:18.065+0000] {logging_mixin.py:188} INFO - [2026-03-18T08:09:18.065+0000] {dag.py:3823} INFO - Setting next_dagrun for example_kubernetes_executor to None, run_after=None
[2026-03-18T08:09:18.078+0000] {processor.py:183} INFO - Processing /home/airflow/.local/lib/python3.8/site-packages/airflow/example_dags/example_kubernetes_executor.py took 0.052 seconds
[2026-03-18T08:09:48.568+0000] {processor.py:161} INFO - Started process (PID=508) to work on /home/airflow/.local/lib/python3.8/site-packages/airflow/example_dags/example_kubernetes_executor.py
[2026-03-18T08:09:48.568+0000] {processor.py:830} INFO - Processing file /home/airflow/.local/lib/python3.8/site-packages/airflow/example_dags/example_kubernetes_executor.py for tasks to queue
[2026-03-18T08:09:48.570+0000] {logging_mixin.py:188} INFO - [2026-03-18T08:09:48.570+0000] {dagbag.py:538} INFO - Filling up the DagBag from /home/airflow/.local/lib/python3.8/site-packages/airflow/example_dags/example_kubernetes_executor.py
[2026-03-18T08:09:48.578+0000] {processor.py:840} INFO - DAG(s) 'example_kubernetes_executor' retrieved from /home/airflow/.local/lib/python3.8/site-packages/airflow/example_dags/example_kubernetes_executor.py
[2026-03-18T08:09:48.598+0000] {logging_mixin.py:188} INFO - [2026-03-18T08:09:48.598+0000] {dag.py:3036} INFO - Sync 1 DAGs
[2026-03-18T08:09:48.603+0000] {logging_mixin.py:188} INFO - [2026-03-18T08:09:48.602+0000] {dag.py:3823} INFO - Setting next_dagrun for example_kubernetes_executor to None, run_after=None
[2026-03-18T08:09:48.614+0000] {processor.py:183} INFO - Processing /home/airflow/.local/lib/python3.8/site-packages/airflow/example_dags/example_kubernetes_executor.py took 0.048 seconds
[2026-03-18T08:10:19.105+0000] {processor.py:161} INFO - Started process (PID=564) to work on /home/airflow/.local/lib/python3.8/site-packages/airflow/example_dags/example_kubernetes_executor.py
[2026-03-18T08:10:19.106+0000] {processor.py:830} INFO - Processing file /home/airflow/.local/lib/python3.8/site-packages/airflow/example_dags/example_kubernetes_executor.py for tasks to queue
[2026-03-18T08:10:19.107+0000] {logging_mixin.py:188} INFO - [2026-03-18T08:10:19.107+0000] {dagbag.py:538} INFO - Filling up the DagBag from /home/airflow/.local/lib/python3.8/site-packages/airflow/example_dags/example_kubernetes_executor.py
[2026-03-18T08:10:19.116+0000] {processor.py:840} INFO - DAG(s) 'example_kubernetes_executor' retrieved from /home/airflow/.local/lib/python3.8/site-packages/airflow/example_dags/example_kubernetes_executor.py
[2026-03-18T08:10:19.136+0000] {logging_mixin.py:188} INFO - [2026-03-18T08:10:19.136+0000] {dag.py:3036} INFO - Sync 1 DAGs
[2026-03-18T08:10:19.141+0000] {logging_mixin.py:188} INFO - [2026-03-18T08:10:19.141+0000] {dag.py:3823} INFO - Setting next_dagrun for example_kubernetes_executor to None, run_after=None
[2026-03-18T08:10:19.152+0000] {processor.py:183} INFO - Processing /home/airflow/.local/lib/python3.8/site-packages/airflow/example_dags/example_kubernetes_executor.py took 0.049 seconds
[2026-03-18T08:10:49.649+0000] {processor.py:161} INFO - Started process (PID=620) to work on /home/airflow/.local/lib/python3.8/site-packages/airflow/example_dags/example_kubernetes_executor.py
[2026-03-18T08:10:49.650+0000] {processor.py:830} INFO - Processing file /home/airflow/.local/lib/python3.8/site-packages/airflow/example_dags/example_kubernetes_executor.py for tasks to queue
[2026-03-18T08:10:49.651+0000] {logging_mixin.py:188} INFO - [2026-03-18T08:10:49.651+0000] {dagbag.py:538} INFO - Filling up the DagBag from /home/airflow/.local/lib/python3.8/site-packages/airflow/example_dags/example_kubernetes_executor.py
[2026-03-18T08:10:49.659+0000] {processor.py:840} INFO - DAG(s) 'example_kubernetes_executor' retrieved from /home/airflow/.local/lib/python3.8/site-packages/airflow/example_dags/example_kubernetes_executor.py
[2026-03-18T08:10:49.680+0000] {logging_mixin.py:188} INFO - [2026-03-18T08:10:49.680+0000] {dag.py:3036} INFO - Sync 1 DAGs
[2026-03-18T08:10:49.685+0000] {logging_mixin.py:188} INFO - [2026-03-18T08:10:49.685+0000] {dag.py:3823} INFO - Setting next_dagrun for example_kubernetes_executor to None, run_after=None
[2026-03-18T08:10:49.696+0000] {processor.py:183} INFO - Processing /home/airflow/.local/lib/python3.8/site-packages/airflow/example_dags/example_kubernetes_executor.py took 0.048 seconds
[2026-03-18T08:11:20.117+0000] {processor.py:161} INFO - Started process (PID=676) to work on /home/airflow/.local/lib/python3.8/site-packages/airflow/example_dags/example_kubernetes_executor.py
[2026-03-18T08:11:20.118+0000] {processor.py:830} INFO - Processing file /home/airflow/.local/lib/python3.8/site-packages/airflow/example_dags/example_kubernetes_executor.py for tasks to queue
[2026-03-18T08:11:20.120+0000] {logging_mixin.py:188} INFO - [2026-03-18T08:11:20.120+0000] {dagbag.py:538} INFO - Filling up the DagBag from /home/airflow/.local/lib/python3.8/site-packages/airflow/example_dags/example_kubernetes_executor.py
[2026-03-18T08:11:20.127+0000] {processor.py:840} INFO - DAG(s) 'example_kubernetes_executor' retrieved from /home/airflow/.local/lib/python3.8/site-packages/airflow/example_dags/example_kubernetes_executor.py
[2026-03-18T08:11:20.148+0000] {logging_mixin.py:188} INFO - [2026-03-18T08:11:20.148+0000] {dag.py:3036} INFO - Sync 1 DAGs
[2026-03-18T08:11:20.153+0000] {logging_mixin.py:188} INFO - [2026-03-18T08:11:20.153+0000] {dag.py:3823} INFO - Setting next_dagrun for example_kubernetes_executor to None, run_after=None
[2026-03-18T08:11:20.159+0000] {processor.py:183} INFO - Processing /home/airflow/.local/lib/python3.8/site-packages/airflow/example_dags/example_kubernetes_executor.py took 0.043 seconds
[2026-03-18T08:11:50.661+0000] {processor.py:161} INFO - Started process (PID=732) to work on /home/airflow/.local/lib/python3.8/site-packages/airflow/example_dags/example_kubernetes_executor.py
[2026-03-18T08:11:50.663+0000] {processor.py:830} INFO - Processing file /home/airflow/.local/lib/python3.8/site-packages/airflow/example_dags/example_kubernetes_executor.py for tasks to queue
[2026-03-18T08:11:50.666+0000] {logging_mixin.py:188} INFO - [2026-03-18T08:11:50.666+0000] {dagbag.py:538} INFO - Filling up the DagBag from /home/airflow/.local/lib/python3.8/site-packages/airflow/example_dags/example_kubernetes_executor.py
[2026-03-18T08:11:50.673+0000] {processor.py:840} INFO - DAG(s) 'example_kubernetes_executor' retrieved from /home/airflow/.local/lib/python3.8/site-packages/airflow/example_dags/example_kubernetes_executor.py
[2026-03-18T08:11:50.694+0000] {logging_mixin.py:188} INFO - [2026-03-18T08:11:50.694+0000] {dag.py:3036} INFO - Sync 1 DAGs
[2026-03-18T08:11:50.699+0000] {logging_mixin.py:188} INFO - [2026-03-18T08:11:50.699+0000] {dag.py:3823} INFO - Setting next_dagrun for example_kubernetes_executor to None, run_after=None
[2026-03-18T08:11:50.708+0000] {processor.py:183} INFO - Processing /home/airflow/.local/lib/python3.8/site-packages/airflow/example_dags/example_kubernetes_executor.py took 0.048 seconds
[2026-03-18T08:12:21.213+0000] {processor.py:161} INFO - Started process (PID=788) to work on /home/airflow/.local/lib/python3.8/site-packages/airflow/example_dags/example_kubernetes_executor.py
[2026-03-18T08:12:21.215+0000] {processor.py:830} INFO - Processing file /home/airflow/.local/lib/python3.8/site-packages/airflow/example_dags/example_kubernetes_executor.py for tasks to queue
[2026-03-18T08:12:21.216+0000] {logging_mixin.py:188} INFO - [2026-03-18T08:12:21.216+0000] {dagbag.py:538} INFO - Filling up the DagBag from /home/airflow/.local/lib/python3.8/site-packages/airflow/example_dags/example_kubernetes_executor.py
[2026-03-18T08:12:21.221+0000] {processor.py:840} INFO - DAG(s) 'example_kubernetes_executor' retrieved from /home/airflow/.local/lib/python3.8/site-packages/airflow/example_dags/example_kubernetes_executor.py
[2026-03-18T08:12:21.237+0000] {logging_mixin.py:188} INFO - [2026-03-18T08:12:21.237+0000] {dag.py:3036} INFO - Sync 1 DAGs
[2026-03-18T08:12:21.242+0000] {logging_mixin.py:188} INFO - [2026-03-18T08:12:21.242+0000] {dag.py:3823} INFO - Setting next_dagrun for example_kubernetes_executor to None, run_after=None
[2026-03-18T08:12:21.257+0000] {processor.py:183} INFO - Processing /home/airflow/.local/lib/python3.8/site-packages/airflow/example_dags/example_kubernetes_executor.py took 0.046 seconds
[2026-03-18T08:12:51.594+0000] {processor.py:161} INFO - Started process (PID=844) to work on /home/airflow/.local/lib/python3.8/site-packages/airflow/example_dags/example_kubernetes_executor.py
[2026-03-18T08:12:51.596+0000] {processor.py:830} INFO - Processing file /home/airflow/.local/lib/python3.8/site-packages/airflow/example_dags/example_kubernetes_executor.py for tasks to queue
[2026-03-18T08:12:51.597+0000] {logging_mixin.py:188} INFO - [2026-03-18T08:12:51.597+0000] {dagbag.py:538} INFO - Filling up the DagBag from /home/airflow/.local/lib/python3.8/site-packages/airflow/example_dags/example_kubernetes_executor.py
[2026-03-18T08:12:51.602+0000] {processor.py:840} INFO - DAG(s) 'example_kubernetes_executor' retrieved from /home/airflow/.local/lib/python3.8/site-packages/airflow/example_dags/example_kubernetes_executor.py
[2026-03-18T08:12:51.619+0000] {logging_mixin.py:188} INFO - [2026-03-18T08:12:51.619+0000] {dag.py:3036} INFO - Sync 1 DAGs
[2026-03-18T08:12:51.624+0000] {logging_mixin.py:188} INFO - [2026-03-18T08:12:51.624+0000] {dag.py:3823} INFO - Setting next_dagrun for example_kubernetes_executor to None, run_after=None
[2026-03-18T08:12:51.634+0000] {processor.py:183} INFO - Processing /home/airflow/.local/lib/python3.8/site-packages/airflow/example_dags/example_kubernetes_executor.py took 0.042 seconds
[2026-03-18T08:13:22.063+0000] {processor.py:161} INFO - Started process (PID=900) to work on /home/airflow/.local/lib/python3.8/site-packages/airflow/example_dags/example_kubernetes_executor.py
[2026-03-18T08:13:22.063+0000] {processor.py:830} INFO - Processing file /home/airflow/.local/lib/python3.8/site-packages/airflow/example_dags/example_kubernetes_executor.py for tasks to queue
[2026-03-18T08:13:22.064+0000] {logging_mixin.py:188} INFO - [2026-03-18T08:13:22.064+0000] {dagbag.py:538} INFO - Filling up the DagBag from /home/airflow/.local/lib/python3.8/site-packages/airflow/example_dags/example_kubernetes_executor.py
[2026-03-18T08:13:22.069+0000] {processor.py:840} INFO - DAG(s) 'example_kubernetes_executor' retrieved from /home/airflow/.local/lib/python3.8/site-packages/airflow/example_dags/example_kubernetes_executor.py
[2026-03-18T08:13:22.082+0000] {logging_mixin.py:188} INFO - [2026-03-18T08:13:22.082+0000] {dag.py:3036} INFO - Sync 1 DAGs
[2026-03-18T08:13:22.086+0000] {logging_mixin.py:188} INFO - [2026-03-18T08:13:22.086+0000] {dag.py:3823} INFO - Setting next_dagrun for example_kubernetes_executor to None, run_after=None
[2026-03-18T08:13:22.092+0000] {processor.py:183} INFO - Processing /home/airflow/.local/lib/python3.8/site-packages/airflow/example_dags/example_kubernetes_executor.py took 0.030 seconds
[2026-03-18T08:13:52.614+0000] {processor.py:161} INFO - Started process (PID=956) to work on /home/airflow/.local/lib/python3.8/site-packages/airflow/example_dags/example_kubernetes_executor.py
[2026-03-18T08:13:52.617+0000] {processor.py:830} INFO - Processing file /home/airflow/.local/lib/python3.8/site-packages/airflow/example_dags/example_kubernetes_executor.py for tasks to queue
[2026-03-18T08:13:52.618+0000] {logging_mixin.py:188} INFO - [2026-03-18T08:13:52.618+0000] {dagbag.py:538} INFO - Filling up the DagBag from /home/airflow/.local/lib/python3.8/site-packages/airflow/example_dags/example_kubernetes_executor.py
[2026-03-18T08:13:52.625+0000] {processor.py:840} INFO - DAG(s) 'example_kubernetes_executor' retrieved from /home/airflow/.local/lib/python3.8/site-packages/airflow/example_dags/example_kubernetes_executor.py
[2026-03-18T08:13:52.647+0000] {logging_mixin.py:188} INFO - [2026-03-18T08:13:52.647+0000] {dag.py:3036} INFO - Sync 1 DAGs
[2026-03-18T08:13:52.653+0000] {logging_mixin.py:188} INFO - [2026-03-18T08:13:52.653+0000] {dag.py:3823} INFO - Setting next_dagrun for example_kubernetes_executor to None, run_after=None
[2026-03-18T08:13:52.666+0000] {processor.py:183} INFO - Processing /home/airflow/.local/lib/python3.8/site-packages/airflow/example_dags/example_kubernetes_executor.py took 0.053 seconds
[2026-03-18T08:14:23.210+0000] {processor.py:161} INFO - Started process (PID=1012) to work on /home/airflow/.local/lib/python3.8/site-packages/airflow/example_dags/example_kubernetes_executor.py
[2026-03-18T08:14:23.210+0000] {processor.py:830} INFO - Processing file /home/airflow/.local/lib/python3.8/site-packages/airflow/example_dags/example_kubernetes_executor.py for tasks to queue
[2026-03-18T08:14:23.211+0000] {logging_mixin.py:188} INFO - [2026-03-18T08:14:23.211+0000] {dagbag.py:538} INFO - Filling up the DagBag from /home/airflow/.local/lib/python3.8/site-packages/airflow/example_dags/example_kubernetes_executor.py
[2026-03-18T08:14:23.218+0000] {processor.py:840} INFO - DAG(s) 'example_kubernetes_executor' retrieved from /home/airflow/.local/lib/python3.8/site-packages/airflow/example_dags/example_kubernetes_executor.py
[2026-03-18T08:14:23.238+0000] {logging_mixin.py:188} INFO - [2026-03-18T08:14:23.238+0000] {dag.py:3036} INFO - Sync 1 DAGs
[2026-03-18T08:14:23.244+0000] {logging_mixin.py:188} INFO - [2026-03-18T08:14:23.244+0000] {dag.py:3823} INFO - Setting next_dagrun for example_kubernetes_executor to None, run_after=None
[2026-03-18T08:14:23.253+0000] {processor.py:183} INFO - Processing /home/airflow/.local/lib/python3.8/site-packages/airflow/example_dags/example_kubernetes_executor.py took 0.045 seconds
[2026-03-18T08:14:53.756+0000] {processor.py:161} INFO - Started process (PID=1068) to work on /home/airflow/.local/lib/python3.8/site-packages/airflow/example_dags/example_kubernetes_executor.py
[2026-03-18T08:14:53.759+0000] {processor.py:830} INFO - Processing file /home/airflow/.local/lib/python3.8/site-packages/airflow/example_dags/example_kubernetes_executor.py for tasks to queue
[2026-03-18T08:14:53.760+0000] {logging_mixin.py:188} INFO - [2026-03-18T08:14:53.760+0000] {dagbag.py:538} INFO - Filling up the DagBag from /home/airflow/.local/lib/python3.8/site-packages/airflow/example_dags/example_kubernetes_executor.py
[2026-03-18T08:14:53.772+0000] {processor.py:840} INFO - DAG(s) 'example_kubernetes_executor' retrieved from /home/airflow/.local/lib/python3.8/site-packages/airflow/example_dags/example_kubernetes_executor.py
[2026-03-18T08:14:53.791+0000] {logging_mixin.py:188} INFO - [2026-03-18T08:14:53.791+0000] {dag.py:3036} INFO - Sync 1 DAGs
[2026-03-18T08:14:53.797+0000] {logging_mixin.py:188} INFO - [2026-03-18T08:14:53.797+0000] {dag.py:3823} INFO - Setting next_dagrun for example_kubernetes_executor to None, run_after=None
[2026-03-18T08:14:53.813+0000] {processor.py:183} INFO - Processing /home/airflow/.local/lib/python3.8/site-packages/airflow/example_dags/example_kubernetes_executor.py took 0.059 seconds
[2026-03-18T08:15:24.444+0000] {processor.py:161} INFO - Started process (PID=1124) to work on /home/airflow/.local/lib/python3.8/site-packages/airflow/example_dags/example_kubernetes_executor.py
[2026-03-18T08:15:24.446+0000] {processor.py:830} INFO - Processing file /home/airflow/.local/lib/python3.8/site-packages/airflow/example_dags/example_kubernetes_executor.py for tasks to queue
[2026-03-18T08:15:24.447+0000] {logging_mixin.py:188} INFO - [2026-03-18T08:15:24.447+0000] {dagbag.py:538} INFO - Filling up the DagBag from /home/airflow/.local/lib/python3.8/site-packages/airflow/example_dags/example_kubernetes_executor.py
[2026-03-18T08:15:24.457+0000] {processor.py:840} INFO - DAG(s) 'example_kubernetes_executor' retrieved from /home/airflow/.local/lib/python3.8/site-packages/airflow/example_dags/example_kubernetes_executor.py
[2026-03-18T08:15:24.476+0000] {logging_mixin.py:188} INFO - [2026-03-18T08:15:24.476+0000] {dag.py:3036} INFO - Sync 1 DAGs
[2026-03-18T08:15:24.482+0000] {logging_mixin.py:188} INFO - [2026-03-18T08:15:24.481+0000] {dag.py:3823} INFO - Setting next_dagrun for example_kubernetes_executor to None, run_after=None
[2026-03-18T08:15:24.495+0000] {processor.py:183} INFO - Processing /home/airflow/.local/lib/python3.8/site-packages/airflow/example_dags/example_kubernetes_executor.py took 0.052 seconds
[2026-03-18T08:15:54.991+0000] {processor.py:161} INFO - Started process (PID=1180) to work on /home/airflow/.local/lib/python3.8/site-packages/airflow/example_dags/example_kubernetes_executor.py
[2026-03-18T08:15:54.991+0000] {processor.py:830} INFO - Processing file /home/airflow/.local/lib/python3.8/site-packages/airflow/example_dags/example_kubernetes_executor.py for tasks to queue
[2026-03-18T08:15:54.992+0000] {logging_mixin.py:188} INFO - [2026-03-18T08:15:54.992+0000] {dagbag.py:538} INFO - Filling up the DagBag from /home/airflow/.local/lib/python3.8/site-packages/airflow/example_dags/example_kubernetes_executor.py
[2026-03-18T08:15:55.000+0000] {processor.py:840} INFO - DAG(s) 'example_kubernetes_executor' retrieved from /home/airflow/.local/lib/python3.8/site-packages/airflow/example_dags/example_kubernetes_executor.py
[2026-03-18T08:15:55.019+0000] {logging_mixin.py:188} INFO - [2026-03-18T08:15:55.019+0000] {dag.py:3036} INFO - Sync 1 DAGs
[2026-03-18T08:15:55.024+0000] {logging_mixin.py:188} INFO - [2026-03-18T08:15:55.024+0000] {dag.py:3823} INFO - Setting next_dagrun for example_kubernetes_executor to None, run_after=None
[2026-03-18T08:15:55.035+0000] {processor.py:183} INFO - Processing /home/airflow/.local/lib/python3.8/site-packages/airflow/example_dags/example_kubernetes_executor.py took 0.046 seconds
[2026-03-18T08:16:25.504+0000] {processor.py:161} INFO - Started process (PID=1236) to work on /home/airflow/.local/lib/python3.8/site-packages/airflow/example_dags/example_kubernetes_executor.py
[2026-03-18T08:16:25.505+0000] {processor.py:830} INFO - Processing file /home/airflow/.local/lib/python3.8/site-packages/airflow/example_dags/example_kubernetes_executor.py for tasks to queue
[2026-03-18T08:16:25.507+0000] {logging_mixin.py:188} INFO - [2026-03-18T08:16:25.506+0000] {dagbag.py:538} INFO - Filling up the DagBag from /home/airflow/.local/lib/python3.8/site-packages/airflow/example_dags/example_kubernetes_executor.py
[2026-03-18T08:16:25.515+0000] {processor.py:840} INFO - DAG(s) 'example_kubernetes_executor' retrieved from /home/airflow/.local/lib/python3.8/site-packages/airflow/example_dags/example_kubernetes_executor.py
[2026-03-18T08:16:25.536+0000] {logging_mixin.py:188} INFO - [2026-03-18T08:16:25.536+0000] {dag.py:3036} INFO - Sync 1 DAGs
[2026-03-18T08:16:25.543+0000] {logging_mixin.py:188} INFO - [2026-03-18T08:16:25.543+0000] {dag.py:3823} INFO - Setting next_dagrun for example_kubernetes_executor to None, run_after=None
[2026-03-18T08:16:25.558+0000] {processor.py:183} INFO - Processing /home/airflow/.local/lib/python3.8/site-packages/airflow/example_dags/example_kubernetes_executor.py took 0.056 seconds
[2026-03-18T08:16:56.085+0000] {processor.py:161} INFO - Started process (PID=1293) to work on /home/airflow/.local/lib/python3.8/site-packages/airflow/example_dags/example_kubernetes_executor.py
[2026-03-18T08:16:56.086+0000] {processor.py:830} INFO - Processing file /home/airflow/.local/lib/python3.8/site-packages/airflow/example_dags/example_kubernetes_executor.py for tasks to queue
[2026-03-18T08:16:56.087+0000] {logging_mixin.py:188} INFO - [2026-03-18T08:16:56.087+0000] {dagbag.py:538} INFO - Filling up the DagBag from /home/airflow/.local/lib/python3.8/site-packages/airflow/example_dags/example_kubernetes_executor.py
[2026-03-18T08:16:56.094+0000] {processor.py:840} INFO - DAG(s) 'example_kubernetes_executor' retrieved from /home/airflow/.local/lib/python3.8/site-packages/airflow/example_dags/example_kubernetes_executor.py
[2026-03-18T08:16:56.112+0000] {logging_mixin.py:188} INFO - [2026-03-18T08:16:56.112+0000] {dag.py:3036} INFO - Sync 1 DAGs
[2026-03-18T08:16:56.117+0000] {logging_mixin.py:188} INFO - [2026-03-18T08:16:56.117+0000] {dag.py:3823} INFO - Setting next_dagrun for example_kubernetes_executor to None, run_after=None
[2026-03-18T08:16:56.124+0000] {processor.py:183} INFO - Processing /home/airflow/.local/lib/python3.8/site-packages/airflow/example_dags/example_kubernetes_executor.py took 0.040 seconds
