[2026-03-18T07:45:19.058+0000] {processor.py:161} INFO - Started process (PID=78) to work on /home/airflow/.local/lib/python3.8/site-packages/airflow/example_dags/example_branch_operator.py
[2026-03-18T07:45:19.059+0000] {processor.py:830} INFO - Processing file /home/airflow/.local/lib/python3.8/site-packages/airflow/example_dags/example_branch_operator.py for tasks to queue
[2026-03-18T07:45:19.059+0000] {logging_mixin.py:188} INFO - [2026-03-18T07:45:19.059+0000] {dagbag.py:538} INFO - Filling up the DagBag from /home/airflow/.local/lib/python3.8/site-packages/airflow/example_dags/example_branch_operator.py
[2026-03-18T07:45:19.068+0000] {processor.py:840} INFO - DAG(s) 'example_branch_operator' retrieved from /home/airflow/.local/lib/python3.8/site-packages/airflow/example_dags/example_branch_operator.py
[2026-03-18T07:45:19.110+0000] {logging_mixin.py:188} INFO - [2026-03-18T07:45:19.110+0000] {override.py:1769} INFO - Created Permission View: can read on DAG:example_branch_operator
[2026-03-18T07:45:19.117+0000] {logging_mixin.py:188} INFO - [2026-03-18T07:45:19.117+0000] {override.py:1769} INFO - Created Permission View: can delete on DAG:example_branch_operator
[2026-03-18T07:45:19.120+0000] {logging_mixin.py:188} INFO - [2026-03-18T07:45:19.120+0000] {override.py:1769} INFO - Created Permission View: can edit on DAG:example_branch_operator
[2026-03-18T07:45:19.120+0000] {logging_mixin.py:188} INFO - [2026-03-18T07:45:19.120+0000] {dag.py:3036} INFO - Sync 1 DAGs
[2026-03-18T07:45:19.125+0000] {logging_mixin.py:188} INFO - [2026-03-18T07:45:19.124+0000] {dag.py:3058} INFO - Creating ORM DAG for example_branch_operator
[2026-03-18T07:45:19.129+0000] {logging_mixin.py:188} INFO - [2026-03-18T07:45:19.129+0000] {dag.py:3823} INFO - Setting next_dagrun for example_branch_operator to 2026-03-17 00:00:00+00:00, run_after=2026-03-18 00:00:00+00:00
[2026-03-18T07:45:19.135+0000] {processor.py:183} INFO - Processing /home/airflow/.local/lib/python3.8/site-packages/airflow/example_dags/example_branch_operator.py took 0.079 seconds
[2026-03-18T07:45:49.664+0000] {processor.py:161} INFO - Started process (PID=133) to work on /home/airflow/.local/lib/python3.8/site-packages/airflow/example_dags/example_branch_operator.py
[2026-03-18T07:45:49.665+0000] {processor.py:830} INFO - Processing file /home/airflow/.local/lib/python3.8/site-packages/airflow/example_dags/example_branch_operator.py for tasks to queue
[2026-03-18T07:45:49.665+0000] {logging_mixin.py:188} INFO - [2026-03-18T07:45:49.665+0000] {dagbag.py:538} INFO - Filling up the DagBag from /home/airflow/.local/lib/python3.8/site-packages/airflow/example_dags/example_branch_operator.py
[2026-03-18T07:45:49.673+0000] {processor.py:840} INFO - DAG(s) 'example_branch_operator' retrieved from /home/airflow/.local/lib/python3.8/site-packages/airflow/example_dags/example_branch_operator.py
[2026-03-18T07:45:49.684+0000] {logging_mixin.py:188} INFO - [2026-03-18T07:45:49.684+0000] {dag.py:3036} INFO - Sync 1 DAGs
[2026-03-18T07:45:49.693+0000] {logging_mixin.py:188} INFO - [2026-03-18T07:45:49.693+0000] {dag.py:3823} INFO - Setting next_dagrun for example_branch_operator to 2026-03-17 00:00:00+00:00, run_after=2026-03-18 00:00:00+00:00
[2026-03-18T07:45:49.700+0000] {processor.py:183} INFO - Processing /home/airflow/.local/lib/python3.8/site-packages/airflow/example_dags/example_branch_operator.py took 0.038 seconds
[2026-03-18T07:46:20.089+0000] {processor.py:161} INFO - Started process (PID=188) to work on /home/airflow/.local/lib/python3.8/site-packages/airflow/example_dags/example_branch_operator.py
[2026-03-18T07:46:20.089+0000] {processor.py:830} INFO - Processing file /home/airflow/.local/lib/python3.8/site-packages/airflow/example_dags/example_branch_operator.py for tasks to queue
[2026-03-18T07:46:20.090+0000] {logging_mixin.py:188} INFO - [2026-03-18T07:46:20.090+0000] {dagbag.py:538} INFO - Filling up the DagBag from /home/airflow/.local/lib/python3.8/site-packages/airflow/example_dags/example_branch_operator.py
[2026-03-18T07:46:20.097+0000] {processor.py:840} INFO - DAG(s) 'example_branch_operator' retrieved from /home/airflow/.local/lib/python3.8/site-packages/airflow/example_dags/example_branch_operator.py
[2026-03-18T07:46:20.109+0000] {logging_mixin.py:188} INFO - [2026-03-18T07:46:20.109+0000] {dag.py:3036} INFO - Sync 1 DAGs
[2026-03-18T07:46:20.118+0000] {logging_mixin.py:188} INFO - [2026-03-18T07:46:20.118+0000] {dag.py:3823} INFO - Setting next_dagrun for example_branch_operator to 2026-03-17 00:00:00+00:00, run_after=2026-03-18 00:00:00+00:00
[2026-03-18T07:46:20.130+0000] {processor.py:183} INFO - Processing /home/airflow/.local/lib/python3.8/site-packages/airflow/example_dags/example_branch_operator.py took 0.042 seconds
[2026-03-18T07:46:50.405+0000] {processor.py:161} INFO - Started process (PID=243) to work on /home/airflow/.local/lib/python3.8/site-packages/airflow/example_dags/example_branch_operator.py
[2026-03-18T07:46:50.405+0000] {processor.py:830} INFO - Processing file /home/airflow/.local/lib/python3.8/site-packages/airflow/example_dags/example_branch_operator.py for tasks to queue
[2026-03-18T07:46:50.406+0000] {logging_mixin.py:188} INFO - [2026-03-18T07:46:50.406+0000] {dagbag.py:538} INFO - Filling up the DagBag from /home/airflow/.local/lib/python3.8/site-packages/airflow/example_dags/example_branch_operator.py
[2026-03-18T07:46:50.414+0000] {processor.py:840} INFO - DAG(s) 'example_branch_operator' retrieved from /home/airflow/.local/lib/python3.8/site-packages/airflow/example_dags/example_branch_operator.py
[2026-03-18T07:46:50.429+0000] {logging_mixin.py:188} INFO - [2026-03-18T07:46:50.429+0000] {dag.py:3036} INFO - Sync 1 DAGs
[2026-03-18T07:46:50.437+0000] {logging_mixin.py:188} INFO - [2026-03-18T07:46:50.437+0000] {dag.py:3823} INFO - Setting next_dagrun for example_branch_operator to 2026-03-17 00:00:00+00:00, run_after=2026-03-18 00:00:00+00:00
[2026-03-18T07:46:50.444+0000] {processor.py:183} INFO - Processing /home/airflow/.local/lib/python3.8/site-packages/airflow/example_dags/example_branch_operator.py took 0.040 seconds
[2026-03-18T07:47:20.765+0000] {processor.py:161} INFO - Started process (PID=298) to work on /home/airflow/.local/lib/python3.8/site-packages/airflow/example_dags/example_branch_operator.py
[2026-03-18T07:47:20.766+0000] {processor.py:830} INFO - Processing file /home/airflow/.local/lib/python3.8/site-packages/airflow/example_dags/example_branch_operator.py for tasks to queue
[2026-03-18T07:47:20.767+0000] {logging_mixin.py:188} INFO - [2026-03-18T07:47:20.767+0000] {dagbag.py:538} INFO - Filling up the DagBag from /home/airflow/.local/lib/python3.8/site-packages/airflow/example_dags/example_branch_operator.py
[2026-03-18T07:47:20.775+0000] {processor.py:840} INFO - DAG(s) 'example_branch_operator' retrieved from /home/airflow/.local/lib/python3.8/site-packages/airflow/example_dags/example_branch_operator.py
[2026-03-18T07:47:20.789+0000] {logging_mixin.py:188} INFO - [2026-03-18T07:47:20.789+0000] {dag.py:3036} INFO - Sync 1 DAGs
[2026-03-18T07:47:20.799+0000] {logging_mixin.py:188} INFO - [2026-03-18T07:47:20.799+0000] {dag.py:3823} INFO - Setting next_dagrun for example_branch_operator to 2026-03-17 00:00:00+00:00, run_after=2026-03-18 00:00:00+00:00
[2026-03-18T07:47:20.810+0000] {processor.py:183} INFO - Processing /home/airflow/.local/lib/python3.8/site-packages/airflow/example_dags/example_branch_operator.py took 0.047 seconds
[2026-03-18T07:47:51.190+0000] {processor.py:161} INFO - Started process (PID=353) to work on /home/airflow/.local/lib/python3.8/site-packages/airflow/example_dags/example_branch_operator.py
[2026-03-18T07:47:51.191+0000] {processor.py:830} INFO - Processing file /home/airflow/.local/lib/python3.8/site-packages/airflow/example_dags/example_branch_operator.py for tasks to queue
[2026-03-18T07:47:51.192+0000] {logging_mixin.py:188} INFO - [2026-03-18T07:47:51.192+0000] {dagbag.py:538} INFO - Filling up the DagBag from /home/airflow/.local/lib/python3.8/site-packages/airflow/example_dags/example_branch_operator.py
[2026-03-18T07:47:51.200+0000] {processor.py:840} INFO - DAG(s) 'example_branch_operator' retrieved from /home/airflow/.local/lib/python3.8/site-packages/airflow/example_dags/example_branch_operator.py
[2026-03-18T07:47:51.211+0000] {logging_mixin.py:188} INFO - [2026-03-18T07:47:51.211+0000] {dag.py:3036} INFO - Sync 1 DAGs
[2026-03-18T07:47:51.220+0000] {logging_mixin.py:188} INFO - [2026-03-18T07:47:51.220+0000] {dag.py:3823} INFO - Setting next_dagrun for example_branch_operator to 2026-03-17 00:00:00+00:00, run_after=2026-03-18 00:00:00+00:00
[2026-03-18T07:47:51.226+0000] {processor.py:183} INFO - Processing /home/airflow/.local/lib/python3.8/site-packages/airflow/example_dags/example_branch_operator.py took 0.038 seconds
[2026-03-18T07:48:21.567+0000] {processor.py:161} INFO - Started process (PID=408) to work on /home/airflow/.local/lib/python3.8/site-packages/airflow/example_dags/example_branch_operator.py
[2026-03-18T07:48:21.568+0000] {processor.py:830} INFO - Processing file /home/airflow/.local/lib/python3.8/site-packages/airflow/example_dags/example_branch_operator.py for tasks to queue
[2026-03-18T07:48:21.569+0000] {logging_mixin.py:188} INFO - [2026-03-18T07:48:21.569+0000] {dagbag.py:538} INFO - Filling up the DagBag from /home/airflow/.local/lib/python3.8/site-packages/airflow/example_dags/example_branch_operator.py
[2026-03-18T07:48:21.577+0000] {processor.py:840} INFO - DAG(s) 'example_branch_operator' retrieved from /home/airflow/.local/lib/python3.8/site-packages/airflow/example_dags/example_branch_operator.py
[2026-03-18T07:48:21.592+0000] {logging_mixin.py:188} INFO - [2026-03-18T07:48:21.592+0000] {dag.py:3036} INFO - Sync 1 DAGs
[2026-03-18T07:48:21.602+0000] {logging_mixin.py:188} INFO - [2026-03-18T07:48:21.602+0000] {dag.py:3823} INFO - Setting next_dagrun for example_branch_operator to 2026-03-17 00:00:00+00:00, run_after=2026-03-18 00:00:00+00:00
[2026-03-18T07:48:21.609+0000] {processor.py:183} INFO - Processing /home/airflow/.local/lib/python3.8/site-packages/airflow/example_dags/example_branch_operator.py took 0.043 seconds
[2026-03-18T07:48:51.862+0000] {processor.py:161} INFO - Started process (PID=469) to work on /home/airflow/.local/lib/python3.8/site-packages/airflow/example_dags/example_branch_operator.py
[2026-03-18T07:48:51.863+0000] {processor.py:830} INFO - Processing file /home/airflow/.local/lib/python3.8/site-packages/airflow/example_dags/example_branch_operator.py for tasks to queue
[2026-03-18T07:48:51.863+0000] {logging_mixin.py:188} INFO - [2026-03-18T07:48:51.863+0000] {dagbag.py:538} INFO - Filling up the DagBag from /home/airflow/.local/lib/python3.8/site-packages/airflow/example_dags/example_branch_operator.py
[2026-03-18T07:48:51.870+0000] {processor.py:840} INFO - DAG(s) 'example_branch_operator' retrieved from /home/airflow/.local/lib/python3.8/site-packages/airflow/example_dags/example_branch_operator.py
[2026-03-18T07:48:51.882+0000] {logging_mixin.py:188} INFO - [2026-03-18T07:48:51.882+0000] {dag.py:3036} INFO - Sync 1 DAGs
[2026-03-18T07:48:51.891+0000] {logging_mixin.py:188} INFO - [2026-03-18T07:48:51.891+0000] {dag.py:3823} INFO - Setting next_dagrun for example_branch_operator to 2026-03-17 00:00:00+00:00, run_after=2026-03-18 00:00:00+00:00
[2026-03-18T07:48:51.899+0000] {processor.py:183} INFO - Processing /home/airflow/.local/lib/python3.8/site-packages/airflow/example_dags/example_branch_operator.py took 0.038 seconds
[2026-03-18T07:49:22.126+0000] {processor.py:161} INFO - Started process (PID=524) to work on /home/airflow/.local/lib/python3.8/site-packages/airflow/example_dags/example_branch_operator.py
[2026-03-18T07:49:22.126+0000] {processor.py:830} INFO - Processing file /home/airflow/.local/lib/python3.8/site-packages/airflow/example_dags/example_branch_operator.py for tasks to queue
[2026-03-18T07:49:22.127+0000] {logging_mixin.py:188} INFO - [2026-03-18T07:49:22.127+0000] {dagbag.py:538} INFO - Filling up the DagBag from /home/airflow/.local/lib/python3.8/site-packages/airflow/example_dags/example_branch_operator.py
[2026-03-18T07:49:22.134+0000] {processor.py:840} INFO - DAG(s) 'example_branch_operator' retrieved from /home/airflow/.local/lib/python3.8/site-packages/airflow/example_dags/example_branch_operator.py
[2026-03-18T07:49:22.145+0000] {logging_mixin.py:188} INFO - [2026-03-18T07:49:22.145+0000] {dag.py:3036} INFO - Sync 1 DAGs
[2026-03-18T07:49:22.156+0000] {logging_mixin.py:188} INFO - [2026-03-18T07:49:22.156+0000] {dag.py:3823} INFO - Setting next_dagrun for example_branch_operator to 2026-03-17 00:00:00+00:00, run_after=2026-03-18 00:00:00+00:00
[2026-03-18T07:49:22.164+0000] {processor.py:183} INFO - Processing /home/airflow/.local/lib/python3.8/site-packages/airflow/example_dags/example_branch_operator.py took 0.039 seconds
[2026-03-18T07:49:52.381+0000] {processor.py:161} INFO - Started process (PID=579) to work on /home/airflow/.local/lib/python3.8/site-packages/airflow/example_dags/example_branch_operator.py
[2026-03-18T07:49:52.382+0000] {processor.py:830} INFO - Processing file /home/airflow/.local/lib/python3.8/site-packages/airflow/example_dags/example_branch_operator.py for tasks to queue
[2026-03-18T07:49:52.384+0000] {logging_mixin.py:188} INFO - [2026-03-18T07:49:52.383+0000] {dagbag.py:538} INFO - Filling up the DagBag from /home/airflow/.local/lib/python3.8/site-packages/airflow/example_dags/example_branch_operator.py
[2026-03-18T07:49:52.391+0000] {processor.py:840} INFO - DAG(s) 'example_branch_operator' retrieved from /home/airflow/.local/lib/python3.8/site-packages/airflow/example_dags/example_branch_operator.py
[2026-03-18T07:49:52.402+0000] {logging_mixin.py:188} INFO - [2026-03-18T07:49:52.402+0000] {dag.py:3036} INFO - Sync 1 DAGs
[2026-03-18T07:49:52.419+0000] {logging_mixin.py:188} INFO - [2026-03-18T07:49:52.419+0000] {dag.py:3823} INFO - Setting next_dagrun for example_branch_operator to 2026-03-17 00:00:00+00:00, run_after=2026-03-18 00:00:00+00:00
[2026-03-18T07:49:52.428+0000] {processor.py:183} INFO - Processing /home/airflow/.local/lib/python3.8/site-packages/airflow/example_dags/example_branch_operator.py took 0.049 seconds
[2026-03-18T07:50:22.818+0000] {processor.py:161} INFO - Started process (PID=635) to work on /home/airflow/.local/lib/python3.8/site-packages/airflow/example_dags/example_branch_operator.py
[2026-03-18T07:50:22.819+0000] {processor.py:830} INFO - Processing file /home/airflow/.local/lib/python3.8/site-packages/airflow/example_dags/example_branch_operator.py for tasks to queue
[2026-03-18T07:50:22.820+0000] {logging_mixin.py:188} INFO - [2026-03-18T07:50:22.820+0000] {dagbag.py:538} INFO - Filling up the DagBag from /home/airflow/.local/lib/python3.8/site-packages/airflow/example_dags/example_branch_operator.py
[2026-03-18T07:50:22.829+0000] {processor.py:840} INFO - DAG(s) 'example_branch_operator' retrieved from /home/airflow/.local/lib/python3.8/site-packages/airflow/example_dags/example_branch_operator.py
[2026-03-18T07:50:22.842+0000] {logging_mixin.py:188} INFO - [2026-03-18T07:50:22.841+0000] {dag.py:3036} INFO - Sync 1 DAGs
[2026-03-18T07:50:22.850+0000] {logging_mixin.py:188} INFO - [2026-03-18T07:50:22.850+0000] {dag.py:3823} INFO - Setting next_dagrun for example_branch_operator to 2026-03-17 00:00:00+00:00, run_after=2026-03-18 00:00:00+00:00
[2026-03-18T07:50:22.862+0000] {processor.py:183} INFO - Processing /home/airflow/.local/lib/python3.8/site-packages/airflow/example_dags/example_branch_operator.py took 0.046 seconds
[2026-03-18T07:50:53.319+0000] {processor.py:161} INFO - Started process (PID=691) to work on /home/airflow/.local/lib/python3.8/site-packages/airflow/example_dags/example_branch_operator.py
[2026-03-18T07:50:53.319+0000] {processor.py:830} INFO - Processing file /home/airflow/.local/lib/python3.8/site-packages/airflow/example_dags/example_branch_operator.py for tasks to queue
[2026-03-18T07:50:53.320+0000] {logging_mixin.py:188} INFO - [2026-03-18T07:50:53.320+0000] {dagbag.py:538} INFO - Filling up the DagBag from /home/airflow/.local/lib/python3.8/site-packages/airflow/example_dags/example_branch_operator.py
[2026-03-18T07:50:53.332+0000] {processor.py:840} INFO - DAG(s) 'example_branch_operator' retrieved from /home/airflow/.local/lib/python3.8/site-packages/airflow/example_dags/example_branch_operator.py
[2026-03-18T07:50:53.353+0000] {logging_mixin.py:188} INFO - [2026-03-18T07:50:53.352+0000] {dag.py:3036} INFO - Sync 1 DAGs
[2026-03-18T07:50:53.363+0000] {logging_mixin.py:188} INFO - [2026-03-18T07:50:53.363+0000] {dag.py:3823} INFO - Setting next_dagrun for example_branch_operator to 2026-03-17 00:00:00+00:00, run_after=2026-03-18 00:00:00+00:00
[2026-03-18T07:50:53.371+0000] {processor.py:183} INFO - Processing /home/airflow/.local/lib/python3.8/site-packages/airflow/example_dags/example_branch_operator.py took 0.054 seconds
[2026-03-18T07:51:23.829+0000] {processor.py:161} INFO - Started process (PID=747) to work on /home/airflow/.local/lib/python3.8/site-packages/airflow/example_dags/example_branch_operator.py
[2026-03-18T07:51:23.830+0000] {processor.py:830} INFO - Processing file /home/airflow/.local/lib/python3.8/site-packages/airflow/example_dags/example_branch_operator.py for tasks to queue
[2026-03-18T07:51:23.831+0000] {logging_mixin.py:188} INFO - [2026-03-18T07:51:23.831+0000] {dagbag.py:538} INFO - Filling up the DagBag from /home/airflow/.local/lib/python3.8/site-packages/airflow/example_dags/example_branch_operator.py
[2026-03-18T07:51:23.840+0000] {processor.py:840} INFO - DAG(s) 'example_branch_operator' retrieved from /home/airflow/.local/lib/python3.8/site-packages/airflow/example_dags/example_branch_operator.py
[2026-03-18T07:51:23.853+0000] {logging_mixin.py:188} INFO - [2026-03-18T07:51:23.853+0000] {dag.py:3036} INFO - Sync 1 DAGs
[2026-03-18T07:51:23.865+0000] {logging_mixin.py:188} INFO - [2026-03-18T07:51:23.865+0000] {dag.py:3823} INFO - Setting next_dagrun for example_branch_operator to 2026-03-17 00:00:00+00:00, run_after=2026-03-18 00:00:00+00:00
[2026-03-18T07:51:23.873+0000] {processor.py:183} INFO - Processing /home/airflow/.local/lib/python3.8/site-packages/airflow/example_dags/example_branch_operator.py took 0.046 seconds
[2026-03-18T07:51:54.319+0000] {processor.py:161} INFO - Started process (PID=803) to work on /home/airflow/.local/lib/python3.8/site-packages/airflow/example_dags/example_branch_operator.py
[2026-03-18T07:51:54.321+0000] {processor.py:830} INFO - Processing file /home/airflow/.local/lib/python3.8/site-packages/airflow/example_dags/example_branch_operator.py for tasks to queue
[2026-03-18T07:51:54.322+0000] {logging_mixin.py:188} INFO - [2026-03-18T07:51:54.321+0000] {dagbag.py:538} INFO - Filling up the DagBag from /home/airflow/.local/lib/python3.8/site-packages/airflow/example_dags/example_branch_operator.py
[2026-03-18T07:51:54.329+0000] {processor.py:840} INFO - DAG(s) 'example_branch_operator' retrieved from /home/airflow/.local/lib/python3.8/site-packages/airflow/example_dags/example_branch_operator.py
[2026-03-18T07:51:54.342+0000] {logging_mixin.py:188} INFO - [2026-03-18T07:51:54.342+0000] {dag.py:3036} INFO - Sync 1 DAGs
[2026-03-18T07:51:54.355+0000] {logging_mixin.py:188} INFO - [2026-03-18T07:51:54.355+0000] {dag.py:3823} INFO - Setting next_dagrun for example_branch_operator to 2026-03-17 00:00:00+00:00, run_after=2026-03-18 00:00:00+00:00
[2026-03-18T07:51:54.369+0000] {processor.py:183} INFO - Processing /home/airflow/.local/lib/python3.8/site-packages/airflow/example_dags/example_branch_operator.py took 0.051 seconds
[2026-03-18T07:52:24.870+0000] {processor.py:161} INFO - Started process (PID=859) to work on /home/airflow/.local/lib/python3.8/site-packages/airflow/example_dags/example_branch_operator.py
[2026-03-18T07:52:24.871+0000] {processor.py:830} INFO - Processing file /home/airflow/.local/lib/python3.8/site-packages/airflow/example_dags/example_branch_operator.py for tasks to queue
[2026-03-18T07:52:24.872+0000] {logging_mixin.py:188} INFO - [2026-03-18T07:52:24.872+0000] {dagbag.py:538} INFO - Filling up the DagBag from /home/airflow/.local/lib/python3.8/site-packages/airflow/example_dags/example_branch_operator.py
[2026-03-18T07:52:24.883+0000] {processor.py:840} INFO - DAG(s) 'example_branch_operator' retrieved from /home/airflow/.local/lib/python3.8/site-packages/airflow/example_dags/example_branch_operator.py
[2026-03-18T07:52:24.899+0000] {logging_mixin.py:188} INFO - [2026-03-18T07:52:24.899+0000] {dag.py:3036} INFO - Sync 1 DAGs
[2026-03-18T07:52:24.911+0000] {logging_mixin.py:188} INFO - [2026-03-18T07:52:24.911+0000] {dag.py:3823} INFO - Setting next_dagrun for example_branch_operator to 2026-03-17 00:00:00+00:00, run_after=2026-03-18 00:00:00+00:00
[2026-03-18T07:52:24.924+0000] {processor.py:183} INFO - Processing /home/airflow/.local/lib/python3.8/site-packages/airflow/example_dags/example_branch_operator.py took 0.056 seconds
[2026-03-18T07:52:55.318+0000] {processor.py:161} INFO - Started process (PID=915) to work on /home/airflow/.local/lib/python3.8/site-packages/airflow/example_dags/example_branch_operator.py
[2026-03-18T07:52:55.319+0000] {processor.py:830} INFO - Processing file /home/airflow/.local/lib/python3.8/site-packages/airflow/example_dags/example_branch_operator.py for tasks to queue
[2026-03-18T07:52:55.320+0000] {logging_mixin.py:188} INFO - [2026-03-18T07:52:55.320+0000] {dagbag.py:538} INFO - Filling up the DagBag from /home/airflow/.local/lib/python3.8/site-packages/airflow/example_dags/example_branch_operator.py
[2026-03-18T07:52:55.328+0000] {processor.py:840} INFO - DAG(s) 'example_branch_operator' retrieved from /home/airflow/.local/lib/python3.8/site-packages/airflow/example_dags/example_branch_operator.py
[2026-03-18T07:52:55.346+0000] {logging_mixin.py:188} INFO - [2026-03-18T07:52:55.345+0000] {dag.py:3036} INFO - Sync 1 DAGs
[2026-03-18T07:52:55.355+0000] {logging_mixin.py:188} INFO - [2026-03-18T07:52:55.355+0000] {dag.py:3823} INFO - Setting next_dagrun for example_branch_operator to 2026-03-17 00:00:00+00:00, run_after=2026-03-18 00:00:00+00:00
[2026-03-18T07:52:55.370+0000] {processor.py:183} INFO - Processing /home/airflow/.local/lib/python3.8/site-packages/airflow/example_dags/example_branch_operator.py took 0.054 seconds
[2026-03-18T07:53:25.795+0000] {processor.py:161} INFO - Started process (PID=971) to work on /home/airflow/.local/lib/python3.8/site-packages/airflow/example_dags/example_branch_operator.py
[2026-03-18T07:53:25.796+0000] {processor.py:830} INFO - Processing file /home/airflow/.local/lib/python3.8/site-packages/airflow/example_dags/example_branch_operator.py for tasks to queue
[2026-03-18T07:53:25.798+0000] {logging_mixin.py:188} INFO - [2026-03-18T07:53:25.798+0000] {dagbag.py:538} INFO - Filling up the DagBag from /home/airflow/.local/lib/python3.8/site-packages/airflow/example_dags/example_branch_operator.py
[2026-03-18T07:53:25.808+0000] {processor.py:840} INFO - DAG(s) 'example_branch_operator' retrieved from /home/airflow/.local/lib/python3.8/site-packages/airflow/example_dags/example_branch_operator.py
[2026-03-18T07:53:25.824+0000] {logging_mixin.py:188} INFO - [2026-03-18T07:53:25.823+0000] {dag.py:3036} INFO - Sync 1 DAGs
[2026-03-18T07:53:25.833+0000] {logging_mixin.py:188} INFO - [2026-03-18T07:53:25.833+0000] {dag.py:3823} INFO - Setting next_dagrun for example_branch_operator to 2026-03-17 00:00:00+00:00, run_after=2026-03-18 00:00:00+00:00
[2026-03-18T07:53:25.839+0000] {processor.py:183} INFO - Processing /home/airflow/.local/lib/python3.8/site-packages/airflow/example_dags/example_branch_operator.py took 0.046 seconds
[2026-03-18T07:53:56.297+0000] {processor.py:161} INFO - Started process (PID=1027) to work on /home/airflow/.local/lib/python3.8/site-packages/airflow/example_dags/example_branch_operator.py
[2026-03-18T07:53:56.298+0000] {processor.py:830} INFO - Processing file /home/airflow/.local/lib/python3.8/site-packages/airflow/example_dags/example_branch_operator.py for tasks to queue
[2026-03-18T07:53:56.299+0000] {logging_mixin.py:188} INFO - [2026-03-18T07:53:56.299+0000] {dagbag.py:538} INFO - Filling up the DagBag from /home/airflow/.local/lib/python3.8/site-packages/airflow/example_dags/example_branch_operator.py
[2026-03-18T07:53:56.311+0000] {processor.py:840} INFO - DAG(s) 'example_branch_operator' retrieved from /home/airflow/.local/lib/python3.8/site-packages/airflow/example_dags/example_branch_operator.py
[2026-03-18T07:53:56.322+0000] {logging_mixin.py:188} INFO - [2026-03-18T07:53:56.322+0000] {dag.py:3036} INFO - Sync 1 DAGs
[2026-03-18T07:53:56.334+0000] {logging_mixin.py:188} INFO - [2026-03-18T07:53:56.334+0000] {dag.py:3823} INFO - Setting next_dagrun for example_branch_operator to 2026-03-17 00:00:00+00:00, run_after=2026-03-18 00:00:00+00:00
[2026-03-18T07:53:56.345+0000] {processor.py:183} INFO - Processing /home/airflow/.local/lib/python3.8/site-packages/airflow/example_dags/example_branch_operator.py took 0.050 seconds
[2026-03-18T07:54:26.689+0000] {processor.py:161} INFO - Started process (PID=1083) to work on /home/airflow/.local/lib/python3.8/site-packages/airflow/example_dags/example_branch_operator.py
[2026-03-18T07:54:26.690+0000] {processor.py:830} INFO - Processing file /home/airflow/.local/lib/python3.8/site-packages/airflow/example_dags/example_branch_operator.py for tasks to queue
[2026-03-18T07:54:26.693+0000] {logging_mixin.py:188} INFO - [2026-03-18T07:54:26.692+0000] {dagbag.py:538} INFO - Filling up the DagBag from /home/airflow/.local/lib/python3.8/site-packages/airflow/example_dags/example_branch_operator.py
[2026-03-18T07:54:26.701+0000] {processor.py:840} INFO - DAG(s) 'example_branch_operator' retrieved from /home/airflow/.local/lib/python3.8/site-packages/airflow/example_dags/example_branch_operator.py
[2026-03-18T07:54:26.716+0000] {logging_mixin.py:188} INFO - [2026-03-18T07:54:26.716+0000] {dag.py:3036} INFO - Sync 1 DAGs
[2026-03-18T07:54:26.727+0000] {logging_mixin.py:188} INFO - [2026-03-18T07:54:26.727+0000] {dag.py:3823} INFO - Setting next_dagrun for example_branch_operator to 2026-03-17 00:00:00+00:00, run_after=2026-03-18 00:00:00+00:00
[2026-03-18T07:54:26.739+0000] {processor.py:183} INFO - Processing /home/airflow/.local/lib/python3.8/site-packages/airflow/example_dags/example_branch_operator.py took 0.052 seconds
[2026-03-18T07:54:57.177+0000] {processor.py:161} INFO - Started process (PID=1139) to work on /home/airflow/.local/lib/python3.8/site-packages/airflow/example_dags/example_branch_operator.py
[2026-03-18T07:54:57.179+0000] {processor.py:830} INFO - Processing file /home/airflow/.local/lib/python3.8/site-packages/airflow/example_dags/example_branch_operator.py for tasks to queue
[2026-03-18T07:54:57.180+0000] {logging_mixin.py:188} INFO - [2026-03-18T07:54:57.180+0000] {dagbag.py:538} INFO - Filling up the DagBag from /home/airflow/.local/lib/python3.8/site-packages/airflow/example_dags/example_branch_operator.py
[2026-03-18T07:54:57.188+0000] {processor.py:840} INFO - DAG(s) 'example_branch_operator' retrieved from /home/airflow/.local/lib/python3.8/site-packages/airflow/example_dags/example_branch_operator.py
[2026-03-18T07:54:57.202+0000] {logging_mixin.py:188} INFO - [2026-03-18T07:54:57.201+0000] {dag.py:3036} INFO - Sync 1 DAGs
[2026-03-18T07:54:57.212+0000] {logging_mixin.py:188} INFO - [2026-03-18T07:54:57.212+0000] {dag.py:3823} INFO - Setting next_dagrun for example_branch_operator to 2026-03-17 00:00:00+00:00, run_after=2026-03-18 00:00:00+00:00
[2026-03-18T07:54:57.221+0000] {processor.py:183} INFO - Processing /home/airflow/.local/lib/python3.8/site-packages/airflow/example_dags/example_branch_operator.py took 0.046 seconds
[2026-03-18T07:55:27.628+0000] {processor.py:161} INFO - Started process (PID=1195) to work on /home/airflow/.local/lib/python3.8/site-packages/airflow/example_dags/example_branch_operator.py
[2026-03-18T07:55:27.629+0000] {processor.py:830} INFO - Processing file /home/airflow/.local/lib/python3.8/site-packages/airflow/example_dags/example_branch_operator.py for tasks to queue
[2026-03-18T07:55:27.630+0000] {logging_mixin.py:188} INFO - [2026-03-18T07:55:27.630+0000] {dagbag.py:538} INFO - Filling up the DagBag from /home/airflow/.local/lib/python3.8/site-packages/airflow/example_dags/example_branch_operator.py
[2026-03-18T07:55:27.637+0000] {processor.py:840} INFO - DAG(s) 'example_branch_operator' retrieved from /home/airflow/.local/lib/python3.8/site-packages/airflow/example_dags/example_branch_operator.py
[2026-03-18T07:55:27.651+0000] {logging_mixin.py:188} INFO - [2026-03-18T07:55:27.650+0000] {dag.py:3036} INFO - Sync 1 DAGs
[2026-03-18T07:55:27.660+0000] {logging_mixin.py:188} INFO - [2026-03-18T07:55:27.660+0000] {dag.py:3823} INFO - Setting next_dagrun for example_branch_operator to 2026-03-17 00:00:00+00:00, run_after=2026-03-18 00:00:00+00:00
[2026-03-18T07:55:27.671+0000] {processor.py:183} INFO - Processing /home/airflow/.local/lib/python3.8/site-packages/airflow/example_dags/example_branch_operator.py took 0.044 seconds
[2026-03-18T07:55:58.084+0000] {processor.py:161} INFO - Started process (PID=1251) to work on /home/airflow/.local/lib/python3.8/site-packages/airflow/example_dags/example_branch_operator.py
[2026-03-18T07:55:58.086+0000] {processor.py:830} INFO - Processing file /home/airflow/.local/lib/python3.8/site-packages/airflow/example_dags/example_branch_operator.py for tasks to queue
[2026-03-18T07:55:58.088+0000] {logging_mixin.py:188} INFO - [2026-03-18T07:55:58.088+0000] {dagbag.py:538} INFO - Filling up the DagBag from /home/airflow/.local/lib/python3.8/site-packages/airflow/example_dags/example_branch_operator.py
[2026-03-18T07:55:58.097+0000] {processor.py:840} INFO - DAG(s) 'example_branch_operator' retrieved from /home/airflow/.local/lib/python3.8/site-packages/airflow/example_dags/example_branch_operator.py
[2026-03-18T07:55:58.111+0000] {logging_mixin.py:188} INFO - [2026-03-18T07:55:58.110+0000] {dag.py:3036} INFO - Sync 1 DAGs
[2026-03-18T07:55:58.119+0000] {logging_mixin.py:188} INFO - [2026-03-18T07:55:58.119+0000] {dag.py:3823} INFO - Setting next_dagrun for example_branch_operator to 2026-03-17 00:00:00+00:00, run_after=2026-03-18 00:00:00+00:00
[2026-03-18T07:55:58.129+0000] {processor.py:183} INFO - Processing /home/airflow/.local/lib/python3.8/site-packages/airflow/example_dags/example_branch_operator.py took 0.046 seconds
[2026-03-18T07:56:28.476+0000] {processor.py:161} INFO - Started process (PID=1307) to work on /home/airflow/.local/lib/python3.8/site-packages/airflow/example_dags/example_branch_operator.py
[2026-03-18T07:56:28.477+0000] {processor.py:830} INFO - Processing file /home/airflow/.local/lib/python3.8/site-packages/airflow/example_dags/example_branch_operator.py for tasks to queue
[2026-03-18T07:56:28.478+0000] {logging_mixin.py:188} INFO - [2026-03-18T07:56:28.478+0000] {dagbag.py:538} INFO - Filling up the DagBag from /home/airflow/.local/lib/python3.8/site-packages/airflow/example_dags/example_branch_operator.py
[2026-03-18T07:56:28.486+0000] {processor.py:840} INFO - DAG(s) 'example_branch_operator' retrieved from /home/airflow/.local/lib/python3.8/site-packages/airflow/example_dags/example_branch_operator.py
[2026-03-18T07:56:28.496+0000] {logging_mixin.py:188} INFO - [2026-03-18T07:56:28.496+0000] {dag.py:3036} INFO - Sync 1 DAGs
[2026-03-18T07:56:28.506+0000] {logging_mixin.py:188} INFO - [2026-03-18T07:56:28.506+0000] {dag.py:3823} INFO - Setting next_dagrun for example_branch_operator to 2026-03-17 00:00:00+00:00, run_after=2026-03-18 00:00:00+00:00
[2026-03-18T07:56:28.515+0000] {processor.py:183} INFO - Processing /home/airflow/.local/lib/python3.8/site-packages/airflow/example_dags/example_branch_operator.py took 0.040 seconds
[2026-03-18T07:56:58.949+0000] {processor.py:161} INFO - Started process (PID=1363) to work on /home/airflow/.local/lib/python3.8/site-packages/airflow/example_dags/example_branch_operator.py
[2026-03-18T07:56:58.952+0000] {processor.py:830} INFO - Processing file /home/airflow/.local/lib/python3.8/site-packages/airflow/example_dags/example_branch_operator.py for tasks to queue
[2026-03-18T07:56:58.953+0000] {logging_mixin.py:188} INFO - [2026-03-18T07:56:58.953+0000] {dagbag.py:538} INFO - Filling up the DagBag from /home/airflow/.local/lib/python3.8/site-packages/airflow/example_dags/example_branch_operator.py
[2026-03-18T07:56:58.962+0000] {processor.py:840} INFO - DAG(s) 'example_branch_operator' retrieved from /home/airflow/.local/lib/python3.8/site-packages/airflow/example_dags/example_branch_operator.py
[2026-03-18T07:56:58.979+0000] {logging_mixin.py:188} INFO - [2026-03-18T07:56:58.979+0000] {dag.py:3036} INFO - Sync 1 DAGs
[2026-03-18T07:56:58.988+0000] {logging_mixin.py:188} INFO - [2026-03-18T07:56:58.988+0000] {dag.py:3823} INFO - Setting next_dagrun for example_branch_operator to 2026-03-17 00:00:00+00:00, run_after=2026-03-18 00:00:00+00:00
[2026-03-18T07:56:58.999+0000] {processor.py:183} INFO - Processing /home/airflow/.local/lib/python3.8/site-packages/airflow/example_dags/example_branch_operator.py took 0.052 seconds
[2026-03-18T07:57:29.424+0000] {processor.py:161} INFO - Started process (PID=1419) to work on /home/airflow/.local/lib/python3.8/site-packages/airflow/example_dags/example_branch_operator.py
[2026-03-18T07:57:29.424+0000] {processor.py:830} INFO - Processing file /home/airflow/.local/lib/python3.8/site-packages/airflow/example_dags/example_branch_operator.py for tasks to queue
[2026-03-18T07:57:29.426+0000] {logging_mixin.py:188} INFO - [2026-03-18T07:57:29.426+0000] {dagbag.py:538} INFO - Filling up the DagBag from /home/airflow/.local/lib/python3.8/site-packages/airflow/example_dags/example_branch_operator.py
[2026-03-18T07:57:29.434+0000] {processor.py:840} INFO - DAG(s) 'example_branch_operator' retrieved from /home/airflow/.local/lib/python3.8/site-packages/airflow/example_dags/example_branch_operator.py
[2026-03-18T07:57:29.446+0000] {logging_mixin.py:188} INFO - [2026-03-18T07:57:29.446+0000] {dag.py:3036} INFO - Sync 1 DAGs
[2026-03-18T07:57:29.455+0000] {logging_mixin.py:188} INFO - [2026-03-18T07:57:29.455+0000] {dag.py:3823} INFO - Setting next_dagrun for example_branch_operator to 2026-03-17 00:00:00+00:00, run_after=2026-03-18 00:00:00+00:00
[2026-03-18T07:57:29.464+0000] {processor.py:183} INFO - Processing /home/airflow/.local/lib/python3.8/site-packages/airflow/example_dags/example_branch_operator.py took 0.043 seconds
[2026-03-18T07:58:00.006+0000] {processor.py:161} INFO - Started process (PID=1475) to work on /home/airflow/.local/lib/python3.8/site-packages/airflow/example_dags/example_branch_operator.py
[2026-03-18T07:58:00.006+0000] {processor.py:830} INFO - Processing file /home/airflow/.local/lib/python3.8/site-packages/airflow/example_dags/example_branch_operator.py for tasks to queue
[2026-03-18T07:58:00.009+0000] {logging_mixin.py:188} INFO - [2026-03-18T07:58:00.008+0000] {dagbag.py:538} INFO - Filling up the DagBag from /home/airflow/.local/lib/python3.8/site-packages/airflow/example_dags/example_branch_operator.py
[2026-03-18T07:58:00.017+0000] {processor.py:840} INFO - DAG(s) 'example_branch_operator' retrieved from /home/airflow/.local/lib/python3.8/site-packages/airflow/example_dags/example_branch_operator.py
[2026-03-18T07:58:00.029+0000] {logging_mixin.py:188} INFO - [2026-03-18T07:58:00.029+0000] {dag.py:3036} INFO - Sync 1 DAGs
[2026-03-18T07:58:00.039+0000] {logging_mixin.py:188} INFO - [2026-03-18T07:58:00.039+0000] {dag.py:3823} INFO - Setting next_dagrun for example_branch_operator to 2026-03-17 00:00:00+00:00, run_after=2026-03-18 00:00:00+00:00
[2026-03-18T07:58:00.050+0000] {processor.py:183} INFO - Processing /home/airflow/.local/lib/python3.8/site-packages/airflow/example_dags/example_branch_operator.py took 0.046 seconds
[2026-03-18T07:58:30.420+0000] {processor.py:161} INFO - Started process (PID=1531) to work on /home/airflow/.local/lib/python3.8/site-packages/airflow/example_dags/example_branch_operator.py
[2026-03-18T07:58:30.421+0000] {processor.py:830} INFO - Processing file /home/airflow/.local/lib/python3.8/site-packages/airflow/example_dags/example_branch_operator.py for tasks to queue
[2026-03-18T07:58:30.423+0000] {logging_mixin.py:188} INFO - [2026-03-18T07:58:30.423+0000] {dagbag.py:538} INFO - Filling up the DagBag from /home/airflow/.local/lib/python3.8/site-packages/airflow/example_dags/example_branch_operator.py
[2026-03-18T07:58:30.433+0000] {processor.py:840} INFO - DAG(s) 'example_branch_operator' retrieved from /home/airflow/.local/lib/python3.8/site-packages/airflow/example_dags/example_branch_operator.py
[2026-03-18T07:58:30.451+0000] {logging_mixin.py:188} INFO - [2026-03-18T07:58:30.450+0000] {dag.py:3036} INFO - Sync 1 DAGs
[2026-03-18T07:58:30.462+0000] {logging_mixin.py:188} INFO - [2026-03-18T07:58:30.462+0000] {dag.py:3823} INFO - Setting next_dagrun for example_branch_operator to 2026-03-17 00:00:00+00:00, run_after=2026-03-18 00:00:00+00:00
[2026-03-18T07:58:30.470+0000] {processor.py:183} INFO - Processing /home/airflow/.local/lib/python3.8/site-packages/airflow/example_dags/example_branch_operator.py took 0.052 seconds
[2026-03-18T07:59:00.971+0000] {processor.py:161} INFO - Started process (PID=1587) to work on /home/airflow/.local/lib/python3.8/site-packages/airflow/example_dags/example_branch_operator.py
[2026-03-18T07:59:00.972+0000] {processor.py:830} INFO - Processing file /home/airflow/.local/lib/python3.8/site-packages/airflow/example_dags/example_branch_operator.py for tasks to queue
[2026-03-18T07:59:00.973+0000] {logging_mixin.py:188} INFO - [2026-03-18T07:59:00.973+0000] {dagbag.py:538} INFO - Filling up the DagBag from /home/airflow/.local/lib/python3.8/site-packages/airflow/example_dags/example_branch_operator.py
[2026-03-18T07:59:00.981+0000] {processor.py:840} INFO - DAG(s) 'example_branch_operator' retrieved from /home/airflow/.local/lib/python3.8/site-packages/airflow/example_dags/example_branch_operator.py
[2026-03-18T07:59:00.995+0000] {logging_mixin.py:188} INFO - [2026-03-18T07:59:00.995+0000] {dag.py:3036} INFO - Sync 1 DAGs
[2026-03-18T07:59:01.006+0000] {logging_mixin.py:188} INFO - [2026-03-18T07:59:01.006+0000] {dag.py:3823} INFO - Setting next_dagrun for example_branch_operator to 2026-03-17 00:00:00+00:00, run_after=2026-03-18 00:00:00+00:00
[2026-03-18T07:59:01.018+0000] {processor.py:183} INFO - Processing /home/airflow/.local/lib/python3.8/site-packages/airflow/example_dags/example_branch_operator.py took 0.049 seconds
[2026-03-18T07:59:31.513+0000] {processor.py:161} INFO - Started process (PID=1643) to work on /home/airflow/.local/lib/python3.8/site-packages/airflow/example_dags/example_branch_operator.py
[2026-03-18T07:59:31.514+0000] {processor.py:830} INFO - Processing file /home/airflow/.local/lib/python3.8/site-packages/airflow/example_dags/example_branch_operator.py for tasks to queue
[2026-03-18T07:59:31.515+0000] {logging_mixin.py:188} INFO - [2026-03-18T07:59:31.515+0000] {dagbag.py:538} INFO - Filling up the DagBag from /home/airflow/.local/lib/python3.8/site-packages/airflow/example_dags/example_branch_operator.py
[2026-03-18T07:59:31.524+0000] {processor.py:840} INFO - DAG(s) 'example_branch_operator' retrieved from /home/airflow/.local/lib/python3.8/site-packages/airflow/example_dags/example_branch_operator.py
[2026-03-18T07:59:31.542+0000] {logging_mixin.py:188} INFO - [2026-03-18T07:59:31.542+0000] {dag.py:3036} INFO - Sync 1 DAGs
[2026-03-18T07:59:31.551+0000] {logging_mixin.py:188} INFO - [2026-03-18T07:59:31.551+0000] {dag.py:3823} INFO - Setting next_dagrun for example_branch_operator to 2026-03-17 00:00:00+00:00, run_after=2026-03-18 00:00:00+00:00
[2026-03-18T07:59:31.560+0000] {processor.py:183} INFO - Processing /home/airflow/.local/lib/python3.8/site-packages/airflow/example_dags/example_branch_operator.py took 0.048 seconds
[2026-03-18T08:00:02.098+0000] {processor.py:161} INFO - Started process (PID=79) to work on /home/airflow/.local/lib/python3.8/site-packages/airflow/example_dags/example_branch_operator.py
[2026-03-18T08:00:02.099+0000] {processor.py:830} INFO - Processing file /home/airflow/.local/lib/python3.8/site-packages/airflow/example_dags/example_branch_operator.py for tasks to queue
[2026-03-18T08:00:02.100+0000] {logging_mixin.py:188} INFO - [2026-03-18T08:00:02.100+0000] {dagbag.py:538} INFO - Filling up the DagBag from /home/airflow/.local/lib/python3.8/site-packages/airflow/example_dags/example_branch_operator.py
[2026-03-18T08:00:02.109+0000] {processor.py:840} INFO - DAG(s) 'example_branch_operator' retrieved from /home/airflow/.local/lib/python3.8/site-packages/airflow/example_dags/example_branch_operator.py
[2026-03-18T08:00:02.120+0000] {logging_mixin.py:188} INFO - [2026-03-18T08:00:02.120+0000] {dag.py:3036} INFO - Sync 1 DAGs
[2026-03-18T08:00:02.134+0000] {logging_mixin.py:188} INFO - [2026-03-18T08:00:02.134+0000] {dag.py:3823} INFO - Setting next_dagrun for example_branch_operator to 2026-03-17 00:00:00+00:00, run_after=2026-03-18 00:00:00+00:00
[2026-03-18T08:00:02.147+0000] {processor.py:183} INFO - Processing /home/airflow/.local/lib/python3.8/site-packages/airflow/example_dags/example_branch_operator.py took 0.050 seconds
[2026-03-18T08:00:32.749+0000] {processor.py:161} INFO - Started process (PID=134) to work on /home/airflow/.local/lib/python3.8/site-packages/airflow/example_dags/example_branch_operator.py
[2026-03-18T08:00:32.750+0000] {processor.py:830} INFO - Processing file /home/airflow/.local/lib/python3.8/site-packages/airflow/example_dags/example_branch_operator.py for tasks to queue
[2026-03-18T08:00:32.750+0000] {logging_mixin.py:188} INFO - [2026-03-18T08:00:32.750+0000] {dagbag.py:538} INFO - Filling up the DagBag from /home/airflow/.local/lib/python3.8/site-packages/airflow/example_dags/example_branch_operator.py
[2026-03-18T08:00:32.757+0000] {processor.py:840} INFO - DAG(s) 'example_branch_operator' retrieved from /home/airflow/.local/lib/python3.8/site-packages/airflow/example_dags/example_branch_operator.py
[2026-03-18T08:00:32.806+0000] {logging_mixin.py:188} INFO - [2026-03-18T08:00:32.806+0000] {dag.py:3036} INFO - Sync 1 DAGs
[2026-03-18T08:00:32.820+0000] {logging_mixin.py:188} INFO - [2026-03-18T08:00:32.820+0000] {dag.py:3823} INFO - Setting next_dagrun for example_branch_operator to 2026-03-17 00:00:00+00:00, run_after=2026-03-18 00:00:00+00:00
[2026-03-18T08:00:32.830+0000] {processor.py:183} INFO - Processing /home/airflow/.local/lib/python3.8/site-packages/airflow/example_dags/example_branch_operator.py took 0.082 seconds
[2026-03-18T08:01:03.508+0000] {processor.py:161} INFO - Started process (PID=190) to work on /home/airflow/.local/lib/python3.8/site-packages/airflow/example_dags/example_branch_operator.py
[2026-03-18T08:01:03.509+0000] {processor.py:830} INFO - Processing file /home/airflow/.local/lib/python3.8/site-packages/airflow/example_dags/example_branch_operator.py for tasks to queue
[2026-03-18T08:01:03.510+0000] {logging_mixin.py:188} INFO - [2026-03-18T08:01:03.510+0000] {dagbag.py:538} INFO - Filling up the DagBag from /home/airflow/.local/lib/python3.8/site-packages/airflow/example_dags/example_branch_operator.py
[2026-03-18T08:01:03.519+0000] {processor.py:840} INFO - DAG(s) 'example_branch_operator' retrieved from /home/airflow/.local/lib/python3.8/site-packages/airflow/example_dags/example_branch_operator.py
[2026-03-18T08:01:03.530+0000] {logging_mixin.py:188} INFO - [2026-03-18T08:01:03.530+0000] {dag.py:3036} INFO - Sync 1 DAGs
[2026-03-18T08:01:03.542+0000] {logging_mixin.py:188} INFO - [2026-03-18T08:01:03.542+0000] {dag.py:3823} INFO - Setting next_dagrun for example_branch_operator to 2026-03-17 00:00:00+00:00, run_after=2026-03-18 00:00:00+00:00
[2026-03-18T08:01:03.551+0000] {processor.py:183} INFO - Processing /home/airflow/.local/lib/python3.8/site-packages/airflow/example_dags/example_branch_operator.py took 0.044 seconds
[2026-03-18T08:01:33.973+0000] {processor.py:161} INFO - Started process (PID=246) to work on /home/airflow/.local/lib/python3.8/site-packages/airflow/example_dags/example_branch_operator.py
[2026-03-18T08:01:33.973+0000] {processor.py:830} INFO - Processing file /home/airflow/.local/lib/python3.8/site-packages/airflow/example_dags/example_branch_operator.py for tasks to queue
[2026-03-18T08:01:33.974+0000] {logging_mixin.py:188} INFO - [2026-03-18T08:01:33.974+0000] {dagbag.py:538} INFO - Filling up the DagBag from /home/airflow/.local/lib/python3.8/site-packages/airflow/example_dags/example_branch_operator.py
[2026-03-18T08:01:33.982+0000] {processor.py:840} INFO - DAG(s) 'example_branch_operator' retrieved from /home/airflow/.local/lib/python3.8/site-packages/airflow/example_dags/example_branch_operator.py
[2026-03-18T08:01:34.000+0000] {logging_mixin.py:188} INFO - [2026-03-18T08:01:34.000+0000] {dag.py:3036} INFO - Sync 1 DAGs
[2026-03-18T08:01:34.010+0000] {logging_mixin.py:188} INFO - [2026-03-18T08:01:34.010+0000] {dag.py:3823} INFO - Setting next_dagrun for example_branch_operator to 2026-03-17 00:00:00+00:00, run_after=2026-03-18 00:00:00+00:00
[2026-03-18T08:01:34.020+0000] {processor.py:183} INFO - Processing /home/airflow/.local/lib/python3.8/site-packages/airflow/example_dags/example_branch_operator.py took 0.049 seconds
[2026-03-18T08:02:04.577+0000] {processor.py:161} INFO - Started process (PID=301) to work on /home/airflow/.local/lib/python3.8/site-packages/airflow/example_dags/example_branch_operator.py
[2026-03-18T08:02:04.579+0000] {processor.py:830} INFO - Processing file /home/airflow/.local/lib/python3.8/site-packages/airflow/example_dags/example_branch_operator.py for tasks to queue
[2026-03-18T08:02:04.581+0000] {logging_mixin.py:188} INFO - [2026-03-18T08:02:04.581+0000] {dagbag.py:538} INFO - Filling up the DagBag from /home/airflow/.local/lib/python3.8/site-packages/airflow/example_dags/example_branch_operator.py
[2026-03-18T08:02:04.591+0000] {processor.py:840} INFO - DAG(s) 'example_branch_operator' retrieved from /home/airflow/.local/lib/python3.8/site-packages/airflow/example_dags/example_branch_operator.py
[2026-03-18T08:02:04.603+0000] {logging_mixin.py:188} INFO - [2026-03-18T08:02:04.603+0000] {dag.py:3036} INFO - Sync 1 DAGs
[2026-03-18T08:02:04.618+0000] {logging_mixin.py:188} INFO - [2026-03-18T08:02:04.618+0000] {dag.py:3823} INFO - Setting next_dagrun for example_branch_operator to 2026-03-17 00:00:00+00:00, run_after=2026-03-18 00:00:00+00:00
[2026-03-18T08:02:04.629+0000] {processor.py:183} INFO - Processing /home/airflow/.local/lib/python3.8/site-packages/airflow/example_dags/example_branch_operator.py took 0.053 seconds
[2026-03-18T08:02:35.150+0000] {processor.py:161} INFO - Started process (PID=357) to work on /home/airflow/.local/lib/python3.8/site-packages/airflow/example_dags/example_branch_operator.py
[2026-03-18T08:02:35.152+0000] {processor.py:830} INFO - Processing file /home/airflow/.local/lib/python3.8/site-packages/airflow/example_dags/example_branch_operator.py for tasks to queue
[2026-03-18T08:02:35.153+0000] {logging_mixin.py:188} INFO - [2026-03-18T08:02:35.153+0000] {dagbag.py:538} INFO - Filling up the DagBag from /home/airflow/.local/lib/python3.8/site-packages/airflow/example_dags/example_branch_operator.py
[2026-03-18T08:02:35.162+0000] {processor.py:840} INFO - DAG(s) 'example_branch_operator' retrieved from /home/airflow/.local/lib/python3.8/site-packages/airflow/example_dags/example_branch_operator.py
[2026-03-18T08:02:35.177+0000] {logging_mixin.py:188} INFO - [2026-03-18T08:02:35.177+0000] {dag.py:3036} INFO - Sync 1 DAGs
[2026-03-18T08:02:35.187+0000] {logging_mixin.py:188} INFO - [2026-03-18T08:02:35.187+0000] {dag.py:3823} INFO - Setting next_dagrun for example_branch_operator to 2026-03-17 00:00:00+00:00, run_after=2026-03-18 00:00:00+00:00
[2026-03-18T08:02:35.195+0000] {processor.py:183} INFO - Processing /home/airflow/.local/lib/python3.8/site-packages/airflow/example_dags/example_branch_operator.py took 0.047 seconds
[2026-03-18T08:03:05.756+0000] {processor.py:161} INFO - Started process (PID=419) to work on /home/airflow/.local/lib/python3.8/site-packages/airflow/example_dags/example_branch_operator.py
[2026-03-18T08:03:05.757+0000] {processor.py:830} INFO - Processing file /home/airflow/.local/lib/python3.8/site-packages/airflow/example_dags/example_branch_operator.py for tasks to queue
[2026-03-18T08:03:05.758+0000] {logging_mixin.py:188} INFO - [2026-03-18T08:03:05.758+0000] {dagbag.py:538} INFO - Filling up the DagBag from /home/airflow/.local/lib/python3.8/site-packages/airflow/example_dags/example_branch_operator.py
[2026-03-18T08:03:05.764+0000] {processor.py:840} INFO - DAG(s) 'example_branch_operator' retrieved from /home/airflow/.local/lib/python3.8/site-packages/airflow/example_dags/example_branch_operator.py
[2026-03-18T08:03:05.775+0000] {logging_mixin.py:188} INFO - [2026-03-18T08:03:05.775+0000] {dag.py:3036} INFO - Sync 1 DAGs
[2026-03-18T08:03:05.783+0000] {logging_mixin.py:188} INFO - [2026-03-18T08:03:05.783+0000] {dag.py:3823} INFO - Setting next_dagrun for example_branch_operator to 2026-03-17 00:00:00+00:00, run_after=2026-03-18 00:00:00+00:00
[2026-03-18T08:03:05.789+0000] {processor.py:183} INFO - Processing /home/airflow/.local/lib/python3.8/site-packages/airflow/example_dags/example_branch_operator.py took 0.035 seconds
[2026-03-18T08:03:36.377+0000] {processor.py:161} INFO - Started process (PID=475) to work on /home/airflow/.local/lib/python3.8/site-packages/airflow/example_dags/example_branch_operator.py
[2026-03-18T08:03:36.378+0000] {processor.py:830} INFO - Processing file /home/airflow/.local/lib/python3.8/site-packages/airflow/example_dags/example_branch_operator.py for tasks to queue
[2026-03-18T08:03:36.378+0000] {logging_mixin.py:188} INFO - [2026-03-18T08:03:36.378+0000] {dagbag.py:538} INFO - Filling up the DagBag from /home/airflow/.local/lib/python3.8/site-packages/airflow/example_dags/example_branch_operator.py
[2026-03-18T08:03:36.385+0000] {processor.py:840} INFO - DAG(s) 'example_branch_operator' retrieved from /home/airflow/.local/lib/python3.8/site-packages/airflow/example_dags/example_branch_operator.py
[2026-03-18T08:03:36.395+0000] {logging_mixin.py:188} INFO - [2026-03-18T08:03:36.395+0000] {dag.py:3036} INFO - Sync 1 DAGs
[2026-03-18T08:03:36.402+0000] {logging_mixin.py:188} INFO - [2026-03-18T08:03:36.402+0000] {dag.py:3823} INFO - Setting next_dagrun for example_branch_operator to 2026-03-17 00:00:00+00:00, run_after=2026-03-18 00:00:00+00:00
[2026-03-18T08:03:36.409+0000] {processor.py:183} INFO - Processing /home/airflow/.local/lib/python3.8/site-packages/airflow/example_dags/example_branch_operator.py took 0.033 seconds
[2026-03-18T08:04:06.945+0000] {processor.py:161} INFO - Started process (PID=531) to work on /home/airflow/.local/lib/python3.8/site-packages/airflow/example_dags/example_branch_operator.py
[2026-03-18T08:04:06.946+0000] {processor.py:830} INFO - Processing file /home/airflow/.local/lib/python3.8/site-packages/airflow/example_dags/example_branch_operator.py for tasks to queue
[2026-03-18T08:04:06.947+0000] {logging_mixin.py:188} INFO - [2026-03-18T08:04:06.947+0000] {dagbag.py:538} INFO - Filling up the DagBag from /home/airflow/.local/lib/python3.8/site-packages/airflow/example_dags/example_branch_operator.py
[2026-03-18T08:04:06.956+0000] {processor.py:840} INFO - DAG(s) 'example_branch_operator' retrieved from /home/airflow/.local/lib/python3.8/site-packages/airflow/example_dags/example_branch_operator.py
[2026-03-18T08:04:06.972+0000] {logging_mixin.py:188} INFO - [2026-03-18T08:04:06.972+0000] {dag.py:3036} INFO - Sync 1 DAGs
[2026-03-18T08:04:06.983+0000] {logging_mixin.py:188} INFO - [2026-03-18T08:04:06.983+0000] {dag.py:3823} INFO - Setting next_dagrun for example_branch_operator to 2026-03-17 00:00:00+00:00, run_after=2026-03-18 00:00:00+00:00
[2026-03-18T08:04:06.991+0000] {processor.py:183} INFO - Processing /home/airflow/.local/lib/python3.8/site-packages/airflow/example_dags/example_branch_operator.py took 0.049 seconds
[2026-03-18T08:04:29.882+0000] {processor.py:161} INFO - Started process (PID=79) to work on /home/airflow/.local/lib/python3.8/site-packages/airflow/example_dags/example_branch_operator.py
[2026-03-18T08:04:29.885+0000] {processor.py:830} INFO - Processing file /home/airflow/.local/lib/python3.8/site-packages/airflow/example_dags/example_branch_operator.py for tasks to queue
[2026-03-18T08:04:29.886+0000] {logging_mixin.py:188} INFO - [2026-03-18T08:04:29.886+0000] {dagbag.py:538} INFO - Filling up the DagBag from /home/airflow/.local/lib/python3.8/site-packages/airflow/example_dags/example_branch_operator.py
[2026-03-18T08:04:29.902+0000] {processor.py:840} INFO - DAG(s) 'example_branch_operator' retrieved from /home/airflow/.local/lib/python3.8/site-packages/airflow/example_dags/example_branch_operator.py
[2026-03-18T08:04:29.915+0000] {logging_mixin.py:188} INFO - [2026-03-18T08:04:29.914+0000] {dag.py:3036} INFO - Sync 1 DAGs
[2026-03-18T08:04:29.942+0000] {logging_mixin.py:188} INFO - [2026-03-18T08:04:29.942+0000] {dag.py:3823} INFO - Setting next_dagrun for example_branch_operator to 2026-03-17 00:00:00+00:00, run_after=2026-03-18 00:00:00+00:00
[2026-03-18T08:04:29.953+0000] {processor.py:183} INFO - Processing /home/airflow/.local/lib/python3.8/site-packages/airflow/example_dags/example_branch_operator.py took 0.073 seconds
[2026-03-18T08:05:00.549+0000] {processor.py:161} INFO - Started process (PID=135) to work on /home/airflow/.local/lib/python3.8/site-packages/airflow/example_dags/example_branch_operator.py
[2026-03-18T08:05:00.549+0000] {processor.py:830} INFO - Processing file /home/airflow/.local/lib/python3.8/site-packages/airflow/example_dags/example_branch_operator.py for tasks to queue
[2026-03-18T08:05:00.552+0000] {logging_mixin.py:188} INFO - [2026-03-18T08:05:00.552+0000] {dagbag.py:538} INFO - Filling up the DagBag from /home/airflow/.local/lib/python3.8/site-packages/airflow/example_dags/example_branch_operator.py
[2026-03-18T08:05:00.561+0000] {processor.py:840} INFO - DAG(s) 'example_branch_operator' retrieved from /home/airflow/.local/lib/python3.8/site-packages/airflow/example_dags/example_branch_operator.py
[2026-03-18T08:05:00.602+0000] {logging_mixin.py:188} INFO - [2026-03-18T08:05:00.602+0000] {dag.py:3036} INFO - Sync 1 DAGs
[2026-03-18T08:05:00.612+0000] {logging_mixin.py:188} INFO - [2026-03-18T08:05:00.612+0000] {dag.py:3823} INFO - Setting next_dagrun for example_branch_operator to 2026-03-17 00:00:00+00:00, run_after=2026-03-18 00:00:00+00:00
[2026-03-18T08:05:00.620+0000] {processor.py:183} INFO - Processing /home/airflow/.local/lib/python3.8/site-packages/airflow/example_dags/example_branch_operator.py took 0.073 seconds
[2026-03-18T08:05:31.498+0000] {processor.py:161} INFO - Started process (PID=190) to work on /home/airflow/.local/lib/python3.8/site-packages/airflow/example_dags/example_branch_operator.py
[2026-03-18T08:05:31.499+0000] {processor.py:830} INFO - Processing file /home/airflow/.local/lib/python3.8/site-packages/airflow/example_dags/example_branch_operator.py for tasks to queue
[2026-03-18T08:05:31.500+0000] {logging_mixin.py:188} INFO - [2026-03-18T08:05:31.500+0000] {dagbag.py:538} INFO - Filling up the DagBag from /home/airflow/.local/lib/python3.8/site-packages/airflow/example_dags/example_branch_operator.py
[2026-03-18T08:05:31.508+0000] {processor.py:840} INFO - DAG(s) 'example_branch_operator' retrieved from /home/airflow/.local/lib/python3.8/site-packages/airflow/example_dags/example_branch_operator.py
[2026-03-18T08:05:31.526+0000] {logging_mixin.py:188} INFO - [2026-03-18T08:05:31.526+0000] {dag.py:3036} INFO - Sync 1 DAGs
[2026-03-18T08:05:31.538+0000] {logging_mixin.py:188} INFO - [2026-03-18T08:05:31.538+0000] {dag.py:3823} INFO - Setting next_dagrun for example_branch_operator to 2026-03-17 00:00:00+00:00, run_after=2026-03-18 00:00:00+00:00
[2026-03-18T08:05:31.548+0000] {processor.py:183} INFO - Processing /home/airflow/.local/lib/python3.8/site-packages/airflow/example_dags/example_branch_operator.py took 0.053 seconds
[2026-03-18T08:06:15.141+0000] {processor.py:161} INFO - Started process (PID=125) to work on /home/airflow/.local/lib/python3.8/site-packages/airflow/example_dags/example_branch_operator.py
[2026-03-18T08:06:15.142+0000] {processor.py:830} INFO - Processing file /home/airflow/.local/lib/python3.8/site-packages/airflow/example_dags/example_branch_operator.py for tasks to queue
[2026-03-18T08:06:15.143+0000] {logging_mixin.py:188} INFO - [2026-03-18T08:06:15.143+0000] {dagbag.py:538} INFO - Filling up the DagBag from /home/airflow/.local/lib/python3.8/site-packages/airflow/example_dags/example_branch_operator.py
[2026-03-18T08:06:15.151+0000] {processor.py:840} INFO - DAG(s) 'example_branch_operator' retrieved from /home/airflow/.local/lib/python3.8/site-packages/airflow/example_dags/example_branch_operator.py
[2026-03-18T08:06:15.193+0000] {logging_mixin.py:188} INFO - [2026-03-18T08:06:15.193+0000] {dag.py:3036} INFO - Sync 1 DAGs
[2026-03-18T08:06:15.201+0000] {logging_mixin.py:188} INFO - [2026-03-18T08:06:15.201+0000] {dag.py:3823} INFO - Setting next_dagrun for example_branch_operator to 2026-03-17 00:00:00+00:00, run_after=2026-03-18 00:00:00+00:00
[2026-03-18T08:06:15.209+0000] {processor.py:183} INFO - Processing /home/airflow/.local/lib/python3.8/site-packages/airflow/example_dags/example_branch_operator.py took 0.070 seconds
[2026-03-18T08:06:45.743+0000] {processor.py:161} INFO - Started process (PID=187) to work on /home/airflow/.local/lib/python3.8/site-packages/airflow/example_dags/example_branch_operator.py
[2026-03-18T08:06:45.743+0000] {processor.py:830} INFO - Processing file /home/airflow/.local/lib/python3.8/site-packages/airflow/example_dags/example_branch_operator.py for tasks to queue
[2026-03-18T08:06:45.744+0000] {logging_mixin.py:188} INFO - [2026-03-18T08:06:45.744+0000] {dagbag.py:538} INFO - Filling up the DagBag from /home/airflow/.local/lib/python3.8/site-packages/airflow/example_dags/example_branch_operator.py
[2026-03-18T08:06:45.752+0000] {processor.py:840} INFO - DAG(s) 'example_branch_operator' retrieved from /home/airflow/.local/lib/python3.8/site-packages/airflow/example_dags/example_branch_operator.py
[2026-03-18T08:06:45.765+0000] {logging_mixin.py:188} INFO - [2026-03-18T08:06:45.765+0000] {dag.py:3036} INFO - Sync 1 DAGs
[2026-03-18T08:06:45.774+0000] {logging_mixin.py:188} INFO - [2026-03-18T08:06:45.774+0000] {dag.py:3823} INFO - Setting next_dagrun for example_branch_operator to 2026-03-17 00:00:00+00:00, run_after=2026-03-18 00:00:00+00:00
[2026-03-18T08:06:45.781+0000] {processor.py:183} INFO - Processing /home/airflow/.local/lib/python3.8/site-packages/airflow/example_dags/example_branch_operator.py took 0.040 seconds
[2026-03-18T08:07:16.332+0000] {processor.py:161} INFO - Started process (PID=243) to work on /home/airflow/.local/lib/python3.8/site-packages/airflow/example_dags/example_branch_operator.py
[2026-03-18T08:07:16.333+0000] {processor.py:830} INFO - Processing file /home/airflow/.local/lib/python3.8/site-packages/airflow/example_dags/example_branch_operator.py for tasks to queue
[2026-03-18T08:07:16.334+0000] {logging_mixin.py:188} INFO - [2026-03-18T08:07:16.334+0000] {dagbag.py:538} INFO - Filling up the DagBag from /home/airflow/.local/lib/python3.8/site-packages/airflow/example_dags/example_branch_operator.py
[2026-03-18T08:07:16.342+0000] {processor.py:840} INFO - DAG(s) 'example_branch_operator' retrieved from /home/airflow/.local/lib/python3.8/site-packages/airflow/example_dags/example_branch_operator.py
[2026-03-18T08:07:16.355+0000] {logging_mixin.py:188} INFO - [2026-03-18T08:07:16.355+0000] {dag.py:3036} INFO - Sync 1 DAGs
[2026-03-18T08:07:16.366+0000] {logging_mixin.py:188} INFO - [2026-03-18T08:07:16.366+0000] {dag.py:3823} INFO - Setting next_dagrun for example_branch_operator to 2026-03-17 00:00:00+00:00, run_after=2026-03-18 00:00:00+00:00
[2026-03-18T08:07:16.373+0000] {processor.py:183} INFO - Processing /home/airflow/.local/lib/python3.8/site-packages/airflow/example_dags/example_branch_operator.py took 0.043 seconds
[2026-03-18T08:07:46.822+0000] {processor.py:161} INFO - Started process (PID=299) to work on /home/airflow/.local/lib/python3.8/site-packages/airflow/example_dags/example_branch_operator.py
[2026-03-18T08:07:46.824+0000] {processor.py:830} INFO - Processing file /home/airflow/.local/lib/python3.8/site-packages/airflow/example_dags/example_branch_operator.py for tasks to queue
[2026-03-18T08:07:46.824+0000] {logging_mixin.py:188} INFO - [2026-03-18T08:07:46.824+0000] {dagbag.py:538} INFO - Filling up the DagBag from /home/airflow/.local/lib/python3.8/site-packages/airflow/example_dags/example_branch_operator.py
[2026-03-18T08:07:46.833+0000] {processor.py:840} INFO - DAG(s) 'example_branch_operator' retrieved from /home/airflow/.local/lib/python3.8/site-packages/airflow/example_dags/example_branch_operator.py
[2026-03-18T08:07:46.849+0000] {logging_mixin.py:188} INFO - [2026-03-18T08:07:46.849+0000] {dag.py:3036} INFO - Sync 1 DAGs
[2026-03-18T08:07:46.858+0000] {logging_mixin.py:188} INFO - [2026-03-18T08:07:46.858+0000] {dag.py:3823} INFO - Setting next_dagrun for example_branch_operator to 2026-03-17 00:00:00+00:00, run_after=2026-03-18 00:00:00+00:00
[2026-03-18T08:07:46.865+0000] {processor.py:183} INFO - Processing /home/airflow/.local/lib/python3.8/site-packages/airflow/example_dags/example_branch_operator.py took 0.044 seconds
[2026-03-18T08:08:17.369+0000] {processor.py:161} INFO - Started process (PID=355) to work on /home/airflow/.local/lib/python3.8/site-packages/airflow/example_dags/example_branch_operator.py
[2026-03-18T08:08:17.369+0000] {processor.py:830} INFO - Processing file /home/airflow/.local/lib/python3.8/site-packages/airflow/example_dags/example_branch_operator.py for tasks to queue
[2026-03-18T08:08:17.371+0000] {logging_mixin.py:188} INFO - [2026-03-18T08:08:17.371+0000] {dagbag.py:538} INFO - Filling up the DagBag from /home/airflow/.local/lib/python3.8/site-packages/airflow/example_dags/example_branch_operator.py
[2026-03-18T08:08:17.380+0000] {processor.py:840} INFO - DAG(s) 'example_branch_operator' retrieved from /home/airflow/.local/lib/python3.8/site-packages/airflow/example_dags/example_branch_operator.py
[2026-03-18T08:08:17.397+0000] {logging_mixin.py:188} INFO - [2026-03-18T08:08:17.396+0000] {dag.py:3036} INFO - Sync 1 DAGs
[2026-03-18T08:08:17.409+0000] {logging_mixin.py:188} INFO - [2026-03-18T08:08:17.409+0000] {dag.py:3823} INFO - Setting next_dagrun for example_branch_operator to 2026-03-17 00:00:00+00:00, run_after=2026-03-18 00:00:00+00:00
[2026-03-18T08:08:17.421+0000] {processor.py:183} INFO - Processing /home/airflow/.local/lib/python3.8/site-packages/airflow/example_dags/example_branch_operator.py took 0.054 seconds
[2026-03-18T08:08:47.924+0000] {processor.py:161} INFO - Started process (PID=411) to work on /home/airflow/.local/lib/python3.8/site-packages/airflow/example_dags/example_branch_operator.py
[2026-03-18T08:08:47.925+0000] {processor.py:830} INFO - Processing file /home/airflow/.local/lib/python3.8/site-packages/airflow/example_dags/example_branch_operator.py for tasks to queue
[2026-03-18T08:08:47.926+0000] {logging_mixin.py:188} INFO - [2026-03-18T08:08:47.926+0000] {dagbag.py:538} INFO - Filling up the DagBag from /home/airflow/.local/lib/python3.8/site-packages/airflow/example_dags/example_branch_operator.py
[2026-03-18T08:08:47.934+0000] {processor.py:840} INFO - DAG(s) 'example_branch_operator' retrieved from /home/airflow/.local/lib/python3.8/site-packages/airflow/example_dags/example_branch_operator.py
[2026-03-18T08:08:47.947+0000] {logging_mixin.py:188} INFO - [2026-03-18T08:08:47.947+0000] {dag.py:3036} INFO - Sync 1 DAGs
[2026-03-18T08:08:47.958+0000] {logging_mixin.py:188} INFO - [2026-03-18T08:08:47.958+0000] {dag.py:3823} INFO - Setting next_dagrun for example_branch_operator to 2026-03-17 00:00:00+00:00, run_after=2026-03-18 00:00:00+00:00
[2026-03-18T08:08:47.965+0000] {processor.py:183} INFO - Processing /home/airflow/.local/lib/python3.8/site-packages/airflow/example_dags/example_branch_operator.py took 0.043 seconds
[2026-03-18T08:09:18.437+0000] {processor.py:161} INFO - Started process (PID=467) to work on /home/airflow/.local/lib/python3.8/site-packages/airflow/example_dags/example_branch_operator.py
[2026-03-18T08:09:18.438+0000] {processor.py:830} INFO - Processing file /home/airflow/.local/lib/python3.8/site-packages/airflow/example_dags/example_branch_operator.py for tasks to queue
[2026-03-18T08:09:18.438+0000] {logging_mixin.py:188} INFO - [2026-03-18T08:09:18.438+0000] {dagbag.py:538} INFO - Filling up the DagBag from /home/airflow/.local/lib/python3.8/site-packages/airflow/example_dags/example_branch_operator.py
[2026-03-18T08:09:18.445+0000] {processor.py:840} INFO - DAG(s) 'example_branch_operator' retrieved from /home/airflow/.local/lib/python3.8/site-packages/airflow/example_dags/example_branch_operator.py
[2026-03-18T08:09:18.454+0000] {logging_mixin.py:188} INFO - [2026-03-18T08:09:18.454+0000] {dag.py:3036} INFO - Sync 1 DAGs
[2026-03-18T08:09:18.461+0000] {logging_mixin.py:188} INFO - [2026-03-18T08:09:18.461+0000] {dag.py:3823} INFO - Setting next_dagrun for example_branch_operator to 2026-03-17 00:00:00+00:00, run_after=2026-03-18 00:00:00+00:00
[2026-03-18T08:09:18.467+0000] {processor.py:183} INFO - Processing /home/airflow/.local/lib/python3.8/site-packages/airflow/example_dags/example_branch_operator.py took 0.031 seconds
[2026-03-18T08:09:48.951+0000] {processor.py:161} INFO - Started process (PID=523) to work on /home/airflow/.local/lib/python3.8/site-packages/airflow/example_dags/example_branch_operator.py
[2026-03-18T08:09:48.952+0000] {processor.py:830} INFO - Processing file /home/airflow/.local/lib/python3.8/site-packages/airflow/example_dags/example_branch_operator.py for tasks to queue
[2026-03-18T08:09:48.953+0000] {logging_mixin.py:188} INFO - [2026-03-18T08:09:48.953+0000] {dagbag.py:538} INFO - Filling up the DagBag from /home/airflow/.local/lib/python3.8/site-packages/airflow/example_dags/example_branch_operator.py
[2026-03-18T08:09:48.962+0000] {processor.py:840} INFO - DAG(s) 'example_branch_operator' retrieved from /home/airflow/.local/lib/python3.8/site-packages/airflow/example_dags/example_branch_operator.py
[2026-03-18T08:09:48.977+0000] {logging_mixin.py:188} INFO - [2026-03-18T08:09:48.977+0000] {dag.py:3036} INFO - Sync 1 DAGs
[2026-03-18T08:09:48.986+0000] {logging_mixin.py:188} INFO - [2026-03-18T08:09:48.986+0000] {dag.py:3823} INFO - Setting next_dagrun for example_branch_operator to 2026-03-17 00:00:00+00:00, run_after=2026-03-18 00:00:00+00:00
[2026-03-18T08:09:48.993+0000] {processor.py:183} INFO - Processing /home/airflow/.local/lib/python3.8/site-packages/airflow/example_dags/example_branch_operator.py took 0.043 seconds
[2026-03-18T08:10:19.527+0000] {processor.py:161} INFO - Started process (PID=579) to work on /home/airflow/.local/lib/python3.8/site-packages/airflow/example_dags/example_branch_operator.py
[2026-03-18T08:10:19.528+0000] {processor.py:830} INFO - Processing file /home/airflow/.local/lib/python3.8/site-packages/airflow/example_dags/example_branch_operator.py for tasks to queue
[2026-03-18T08:10:19.529+0000] {logging_mixin.py:188} INFO - [2026-03-18T08:10:19.529+0000] {dagbag.py:538} INFO - Filling up the DagBag from /home/airflow/.local/lib/python3.8/site-packages/airflow/example_dags/example_branch_operator.py
[2026-03-18T08:10:19.537+0000] {processor.py:840} INFO - DAG(s) 'example_branch_operator' retrieved from /home/airflow/.local/lib/python3.8/site-packages/airflow/example_dags/example_branch_operator.py
[2026-03-18T08:10:19.548+0000] {logging_mixin.py:188} INFO - [2026-03-18T08:10:19.548+0000] {dag.py:3036} INFO - Sync 1 DAGs
[2026-03-18T08:10:19.556+0000] {logging_mixin.py:188} INFO - [2026-03-18T08:10:19.556+0000] {dag.py:3823} INFO - Setting next_dagrun for example_branch_operator to 2026-03-17 00:00:00+00:00, run_after=2026-03-18 00:00:00+00:00
[2026-03-18T08:10:19.562+0000] {processor.py:183} INFO - Processing /home/airflow/.local/lib/python3.8/site-packages/airflow/example_dags/example_branch_operator.py took 0.036 seconds
[2026-03-18T08:10:49.983+0000] {processor.py:161} INFO - Started process (PID=635) to work on /home/airflow/.local/lib/python3.8/site-packages/airflow/example_dags/example_branch_operator.py
[2026-03-18T08:10:49.984+0000] {processor.py:830} INFO - Processing file /home/airflow/.local/lib/python3.8/site-packages/airflow/example_dags/example_branch_operator.py for tasks to queue
[2026-03-18T08:10:49.985+0000] {logging_mixin.py:188} INFO - [2026-03-18T08:10:49.985+0000] {dagbag.py:538} INFO - Filling up the DagBag from /home/airflow/.local/lib/python3.8/site-packages/airflow/example_dags/example_branch_operator.py
[2026-03-18T08:10:49.995+0000] {processor.py:840} INFO - DAG(s) 'example_branch_operator' retrieved from /home/airflow/.local/lib/python3.8/site-packages/airflow/example_dags/example_branch_operator.py
[2026-03-18T08:10:50.010+0000] {logging_mixin.py:188} INFO - [2026-03-18T08:10:50.010+0000] {dag.py:3036} INFO - Sync 1 DAGs
[2026-03-18T08:10:50.019+0000] {logging_mixin.py:188} INFO - [2026-03-18T08:10:50.019+0000] {dag.py:3823} INFO - Setting next_dagrun for example_branch_operator to 2026-03-17 00:00:00+00:00, run_after=2026-03-18 00:00:00+00:00
[2026-03-18T08:10:50.027+0000] {processor.py:183} INFO - Processing /home/airflow/.local/lib/python3.8/site-packages/airflow/example_dags/example_branch_operator.py took 0.046 seconds
[2026-03-18T08:11:20.532+0000] {processor.py:161} INFO - Started process (PID=691) to work on /home/airflow/.local/lib/python3.8/site-packages/airflow/example_dags/example_branch_operator.py
[2026-03-18T08:11:20.532+0000] {processor.py:830} INFO - Processing file /home/airflow/.local/lib/python3.8/site-packages/airflow/example_dags/example_branch_operator.py for tasks to queue
[2026-03-18T08:11:20.533+0000] {logging_mixin.py:188} INFO - [2026-03-18T08:11:20.533+0000] {dagbag.py:538} INFO - Filling up the DagBag from /home/airflow/.local/lib/python3.8/site-packages/airflow/example_dags/example_branch_operator.py
[2026-03-18T08:11:20.541+0000] {processor.py:840} INFO - DAG(s) 'example_branch_operator' retrieved from /home/airflow/.local/lib/python3.8/site-packages/airflow/example_dags/example_branch_operator.py
[2026-03-18T08:11:20.558+0000] {logging_mixin.py:188} INFO - [2026-03-18T08:11:20.558+0000] {dag.py:3036} INFO - Sync 1 DAGs
[2026-03-18T08:11:20.570+0000] {logging_mixin.py:188} INFO - [2026-03-18T08:11:20.570+0000] {dag.py:3823} INFO - Setting next_dagrun for example_branch_operator to 2026-03-17 00:00:00+00:00, run_after=2026-03-18 00:00:00+00:00
[2026-03-18T08:11:20.578+0000] {processor.py:183} INFO - Processing /home/airflow/.local/lib/python3.8/site-packages/airflow/example_dags/example_branch_operator.py took 0.048 seconds
[2026-03-18T08:11:51.053+0000] {processor.py:161} INFO - Started process (PID=747) to work on /home/airflow/.local/lib/python3.8/site-packages/airflow/example_dags/example_branch_operator.py
[2026-03-18T08:11:51.054+0000] {processor.py:830} INFO - Processing file /home/airflow/.local/lib/python3.8/site-packages/airflow/example_dags/example_branch_operator.py for tasks to queue
[2026-03-18T08:11:51.055+0000] {logging_mixin.py:188} INFO - [2026-03-18T08:11:51.055+0000] {dagbag.py:538} INFO - Filling up the DagBag from /home/airflow/.local/lib/python3.8/site-packages/airflow/example_dags/example_branch_operator.py
[2026-03-18T08:11:51.062+0000] {processor.py:840} INFO - DAG(s) 'example_branch_operator' retrieved from /home/airflow/.local/lib/python3.8/site-packages/airflow/example_dags/example_branch_operator.py
[2026-03-18T08:11:51.073+0000] {logging_mixin.py:188} INFO - [2026-03-18T08:11:51.072+0000] {dag.py:3036} INFO - Sync 1 DAGs
[2026-03-18T08:11:51.080+0000] {logging_mixin.py:188} INFO - [2026-03-18T08:11:51.080+0000] {dag.py:3823} INFO - Setting next_dagrun for example_branch_operator to 2026-03-17 00:00:00+00:00, run_after=2026-03-18 00:00:00+00:00
[2026-03-18T08:11:51.085+0000] {processor.py:183} INFO - Processing /home/airflow/.local/lib/python3.8/site-packages/airflow/example_dags/example_branch_operator.py took 0.034 seconds
[2026-03-18T08:12:21.595+0000] {processor.py:161} INFO - Started process (PID=803) to work on /home/airflow/.local/lib/python3.8/site-packages/airflow/example_dags/example_branch_operator.py
[2026-03-18T08:12:21.596+0000] {processor.py:830} INFO - Processing file /home/airflow/.local/lib/python3.8/site-packages/airflow/example_dags/example_branch_operator.py for tasks to queue
[2026-03-18T08:12:21.597+0000] {logging_mixin.py:188} INFO - [2026-03-18T08:12:21.597+0000] {dagbag.py:538} INFO - Filling up the DagBag from /home/airflow/.local/lib/python3.8/site-packages/airflow/example_dags/example_branch_operator.py
[2026-03-18T08:12:21.607+0000] {processor.py:840} INFO - DAG(s) 'example_branch_operator' retrieved from /home/airflow/.local/lib/python3.8/site-packages/airflow/example_dags/example_branch_operator.py
[2026-03-18T08:12:21.625+0000] {logging_mixin.py:188} INFO - [2026-03-18T08:12:21.624+0000] {dag.py:3036} INFO - Sync 1 DAGs
[2026-03-18T08:12:21.635+0000] {logging_mixin.py:188} INFO - [2026-03-18T08:12:21.635+0000] {dag.py:3823} INFO - Setting next_dagrun for example_branch_operator to 2026-03-17 00:00:00+00:00, run_after=2026-03-18 00:00:00+00:00
[2026-03-18T08:12:21.642+0000] {processor.py:183} INFO - Processing /home/airflow/.local/lib/python3.8/site-packages/airflow/example_dags/example_branch_operator.py took 0.048 seconds
[2026-03-18T08:12:51.974+0000] {processor.py:161} INFO - Started process (PID=859) to work on /home/airflow/.local/lib/python3.8/site-packages/airflow/example_dags/example_branch_operator.py
[2026-03-18T08:12:51.975+0000] {processor.py:830} INFO - Processing file /home/airflow/.local/lib/python3.8/site-packages/airflow/example_dags/example_branch_operator.py for tasks to queue
[2026-03-18T08:12:51.975+0000] {logging_mixin.py:188} INFO - [2026-03-18T08:12:51.975+0000] {dagbag.py:538} INFO - Filling up the DagBag from /home/airflow/.local/lib/python3.8/site-packages/airflow/example_dags/example_branch_operator.py
[2026-03-18T08:12:51.983+0000] {processor.py:840} INFO - DAG(s) 'example_branch_operator' retrieved from /home/airflow/.local/lib/python3.8/site-packages/airflow/example_dags/example_branch_operator.py
[2026-03-18T08:12:51.999+0000] {logging_mixin.py:188} INFO - [2026-03-18T08:12:51.999+0000] {dag.py:3036} INFO - Sync 1 DAGs
[2026-03-18T08:12:52.009+0000] {logging_mixin.py:188} INFO - [2026-03-18T08:12:52.008+0000] {dag.py:3823} INFO - Setting next_dagrun for example_branch_operator to 2026-03-17 00:00:00+00:00, run_after=2026-03-18 00:00:00+00:00
[2026-03-18T08:12:52.020+0000] {processor.py:183} INFO - Processing /home/airflow/.local/lib/python3.8/site-packages/airflow/example_dags/example_branch_operator.py took 0.048 seconds
[2026-03-18T08:13:22.435+0000] {processor.py:161} INFO - Started process (PID=915) to work on /home/airflow/.local/lib/python3.8/site-packages/airflow/example_dags/example_branch_operator.py
[2026-03-18T08:13:22.436+0000] {processor.py:830} INFO - Processing file /home/airflow/.local/lib/python3.8/site-packages/airflow/example_dags/example_branch_operator.py for tasks to queue
[2026-03-18T08:13:22.438+0000] {logging_mixin.py:188} INFO - [2026-03-18T08:13:22.438+0000] {dagbag.py:538} INFO - Filling up the DagBag from /home/airflow/.local/lib/python3.8/site-packages/airflow/example_dags/example_branch_operator.py
[2026-03-18T08:13:22.446+0000] {processor.py:840} INFO - DAG(s) 'example_branch_operator' retrieved from /home/airflow/.local/lib/python3.8/site-packages/airflow/example_dags/example_branch_operator.py
[2026-03-18T08:13:22.460+0000] {logging_mixin.py:188} INFO - [2026-03-18T08:13:22.460+0000] {dag.py:3036} INFO - Sync 1 DAGs
[2026-03-18T08:13:22.469+0000] {logging_mixin.py:188} INFO - [2026-03-18T08:13:22.469+0000] {dag.py:3823} INFO - Setting next_dagrun for example_branch_operator to 2026-03-17 00:00:00+00:00, run_after=2026-03-18 00:00:00+00:00
[2026-03-18T08:13:22.477+0000] {processor.py:183} INFO - Processing /home/airflow/.local/lib/python3.8/site-packages/airflow/example_dags/example_branch_operator.py took 0.044 seconds
[2026-03-18T08:13:52.988+0000] {processor.py:161} INFO - Started process (PID=971) to work on /home/airflow/.local/lib/python3.8/site-packages/airflow/example_dags/example_branch_operator.py
[2026-03-18T08:13:52.990+0000] {processor.py:830} INFO - Processing file /home/airflow/.local/lib/python3.8/site-packages/airflow/example_dags/example_branch_operator.py for tasks to queue
[2026-03-18T08:13:52.991+0000] {logging_mixin.py:188} INFO - [2026-03-18T08:13:52.991+0000] {dagbag.py:538} INFO - Filling up the DagBag from /home/airflow/.local/lib/python3.8/site-packages/airflow/example_dags/example_branch_operator.py
[2026-03-18T08:13:53.001+0000] {processor.py:840} INFO - DAG(s) 'example_branch_operator' retrieved from /home/airflow/.local/lib/python3.8/site-packages/airflow/example_dags/example_branch_operator.py
[2026-03-18T08:13:53.019+0000] {logging_mixin.py:188} INFO - [2026-03-18T08:13:53.019+0000] {dag.py:3036} INFO - Sync 1 DAGs
[2026-03-18T08:13:53.031+0000] {logging_mixin.py:188} INFO - [2026-03-18T08:13:53.030+0000] {dag.py:3823} INFO - Setting next_dagrun for example_branch_operator to 2026-03-17 00:00:00+00:00, run_after=2026-03-18 00:00:00+00:00
[2026-03-18T08:13:53.039+0000] {processor.py:183} INFO - Processing /home/airflow/.local/lib/python3.8/site-packages/airflow/example_dags/example_branch_operator.py took 0.053 seconds
[2026-03-18T08:14:23.623+0000] {processor.py:161} INFO - Started process (PID=1027) to work on /home/airflow/.local/lib/python3.8/site-packages/airflow/example_dags/example_branch_operator.py
[2026-03-18T08:14:23.625+0000] {processor.py:830} INFO - Processing file /home/airflow/.local/lib/python3.8/site-packages/airflow/example_dags/example_branch_operator.py for tasks to queue
[2026-03-18T08:14:23.626+0000] {logging_mixin.py:188} INFO - [2026-03-18T08:14:23.626+0000] {dagbag.py:538} INFO - Filling up the DagBag from /home/airflow/.local/lib/python3.8/site-packages/airflow/example_dags/example_branch_operator.py
[2026-03-18T08:14:23.637+0000] {processor.py:840} INFO - DAG(s) 'example_branch_operator' retrieved from /home/airflow/.local/lib/python3.8/site-packages/airflow/example_dags/example_branch_operator.py
[2026-03-18T08:14:23.649+0000] {logging_mixin.py:188} INFO - [2026-03-18T08:14:23.649+0000] {dag.py:3036} INFO - Sync 1 DAGs
[2026-03-18T08:14:23.659+0000] {logging_mixin.py:188} INFO - [2026-03-18T08:14:23.659+0000] {dag.py:3823} INFO - Setting next_dagrun for example_branch_operator to 2026-03-17 00:00:00+00:00, run_after=2026-03-18 00:00:00+00:00
[2026-03-18T08:14:23.667+0000] {processor.py:183} INFO - Processing /home/airflow/.local/lib/python3.8/site-packages/airflow/example_dags/example_branch_operator.py took 0.046 seconds
[2026-03-18T08:14:54.198+0000] {processor.py:161} INFO - Started process (PID=1083) to work on /home/airflow/.local/lib/python3.8/site-packages/airflow/example_dags/example_branch_operator.py
[2026-03-18T08:14:54.199+0000] {processor.py:830} INFO - Processing file /home/airflow/.local/lib/python3.8/site-packages/airflow/example_dags/example_branch_operator.py for tasks to queue
[2026-03-18T08:14:54.200+0000] {logging_mixin.py:188} INFO - [2026-03-18T08:14:54.200+0000] {dagbag.py:538} INFO - Filling up the DagBag from /home/airflow/.local/lib/python3.8/site-packages/airflow/example_dags/example_branch_operator.py
[2026-03-18T08:14:54.208+0000] {processor.py:840} INFO - DAG(s) 'example_branch_operator' retrieved from /home/airflow/.local/lib/python3.8/site-packages/airflow/example_dags/example_branch_operator.py
[2026-03-18T08:14:54.220+0000] {logging_mixin.py:188} INFO - [2026-03-18T08:14:54.220+0000] {dag.py:3036} INFO - Sync 1 DAGs
[2026-03-18T08:14:54.229+0000] {logging_mixin.py:188} INFO - [2026-03-18T08:14:54.229+0000] {dag.py:3823} INFO - Setting next_dagrun for example_branch_operator to 2026-03-17 00:00:00+00:00, run_after=2026-03-18 00:00:00+00:00
[2026-03-18T08:14:54.236+0000] {processor.py:183} INFO - Processing /home/airflow/.local/lib/python3.8/site-packages/airflow/example_dags/example_branch_operator.py took 0.040 seconds
[2026-03-18T08:15:24.848+0000] {processor.py:161} INFO - Started process (PID=1139) to work on /home/airflow/.local/lib/python3.8/site-packages/airflow/example_dags/example_branch_operator.py
[2026-03-18T08:15:24.849+0000] {processor.py:830} INFO - Processing file /home/airflow/.local/lib/python3.8/site-packages/airflow/example_dags/example_branch_operator.py for tasks to queue
[2026-03-18T08:15:24.850+0000] {logging_mixin.py:188} INFO - [2026-03-18T08:15:24.850+0000] {dagbag.py:538} INFO - Filling up the DagBag from /home/airflow/.local/lib/python3.8/site-packages/airflow/example_dags/example_branch_operator.py
[2026-03-18T08:15:24.856+0000] {processor.py:840} INFO - DAG(s) 'example_branch_operator' retrieved from /home/airflow/.local/lib/python3.8/site-packages/airflow/example_dags/example_branch_operator.py
[2026-03-18T08:15:24.866+0000] {logging_mixin.py:188} INFO - [2026-03-18T08:15:24.866+0000] {dag.py:3036} INFO - Sync 1 DAGs
[2026-03-18T08:15:24.874+0000] {logging_mixin.py:188} INFO - [2026-03-18T08:15:24.874+0000] {dag.py:3823} INFO - Setting next_dagrun for example_branch_operator to 2026-03-17 00:00:00+00:00, run_after=2026-03-18 00:00:00+00:00
[2026-03-18T08:15:24.880+0000] {processor.py:183} INFO - Processing /home/airflow/.local/lib/python3.8/site-packages/airflow/example_dags/example_branch_operator.py took 0.033 seconds
[2026-03-18T08:15:55.366+0000] {processor.py:161} INFO - Started process (PID=1195) to work on /home/airflow/.local/lib/python3.8/site-packages/airflow/example_dags/example_branch_operator.py
[2026-03-18T08:15:55.367+0000] {processor.py:830} INFO - Processing file /home/airflow/.local/lib/python3.8/site-packages/airflow/example_dags/example_branch_operator.py for tasks to queue
[2026-03-18T08:15:55.368+0000] {logging_mixin.py:188} INFO - [2026-03-18T08:15:55.367+0000] {dagbag.py:538} INFO - Filling up the DagBag from /home/airflow/.local/lib/python3.8/site-packages/airflow/example_dags/example_branch_operator.py
[2026-03-18T08:15:55.375+0000] {processor.py:840} INFO - DAG(s) 'example_branch_operator' retrieved from /home/airflow/.local/lib/python3.8/site-packages/airflow/example_dags/example_branch_operator.py
[2026-03-18T08:15:55.393+0000] {logging_mixin.py:188} INFO - [2026-03-18T08:15:55.393+0000] {dag.py:3036} INFO - Sync 1 DAGs
[2026-03-18T08:15:55.402+0000] {logging_mixin.py:188} INFO - [2026-03-18T08:15:55.401+0000] {dag.py:3823} INFO - Setting next_dagrun for example_branch_operator to 2026-03-17 00:00:00+00:00, run_after=2026-03-18 00:00:00+00:00
[2026-03-18T08:15:55.410+0000] {processor.py:183} INFO - Processing /home/airflow/.local/lib/python3.8/site-packages/airflow/example_dags/example_branch_operator.py took 0.046 seconds
[2026-03-18T08:16:25.930+0000] {processor.py:161} INFO - Started process (PID=1251) to work on /home/airflow/.local/lib/python3.8/site-packages/airflow/example_dags/example_branch_operator.py
[2026-03-18T08:16:25.931+0000] {processor.py:830} INFO - Processing file /home/airflow/.local/lib/python3.8/site-packages/airflow/example_dags/example_branch_operator.py for tasks to queue
[2026-03-18T08:16:25.932+0000] {logging_mixin.py:188} INFO - [2026-03-18T08:16:25.931+0000] {dagbag.py:538} INFO - Filling up the DagBag from /home/airflow/.local/lib/python3.8/site-packages/airflow/example_dags/example_branch_operator.py
[2026-03-18T08:16:25.940+0000] {processor.py:840} INFO - DAG(s) 'example_branch_operator' retrieved from /home/airflow/.local/lib/python3.8/site-packages/airflow/example_dags/example_branch_operator.py
[2026-03-18T08:16:25.954+0000] {logging_mixin.py:188} INFO - [2026-03-18T08:16:25.954+0000] {dag.py:3036} INFO - Sync 1 DAGs
[2026-03-18T08:16:25.964+0000] {logging_mixin.py:188} INFO - [2026-03-18T08:16:25.964+0000] {dag.py:3823} INFO - Setting next_dagrun for example_branch_operator to 2026-03-17 00:00:00+00:00, run_after=2026-03-18 00:00:00+00:00
[2026-03-18T08:16:25.973+0000] {processor.py:183} INFO - Processing /home/airflow/.local/lib/python3.8/site-packages/airflow/example_dags/example_branch_operator.py took 0.045 seconds
[2026-03-18T08:16:56.465+0000] {processor.py:161} INFO - Started process (PID=1308) to work on /home/airflow/.local/lib/python3.8/site-packages/airflow/example_dags/example_branch_operator.py
[2026-03-18T08:16:56.466+0000] {processor.py:830} INFO - Processing file /home/airflow/.local/lib/python3.8/site-packages/airflow/example_dags/example_branch_operator.py for tasks to queue
[2026-03-18T08:16:56.467+0000] {logging_mixin.py:188} INFO - [2026-03-18T08:16:56.467+0000] {dagbag.py:538} INFO - Filling up the DagBag from /home/airflow/.local/lib/python3.8/site-packages/airflow/example_dags/example_branch_operator.py
[2026-03-18T08:16:56.475+0000] {processor.py:840} INFO - DAG(s) 'example_branch_operator' retrieved from /home/airflow/.local/lib/python3.8/site-packages/airflow/example_dags/example_branch_operator.py
[2026-03-18T08:16:56.485+0000] {logging_mixin.py:188} INFO - [2026-03-18T08:16:56.485+0000] {dag.py:3036} INFO - Sync 1 DAGs
[2026-03-18T08:16:56.495+0000] {logging_mixin.py:188} INFO - [2026-03-18T08:16:56.495+0000] {dag.py:3823} INFO - Setting next_dagrun for example_branch_operator to 2026-03-17 00:00:00+00:00, run_after=2026-03-18 00:00:00+00:00
[2026-03-18T08:16:56.504+0000] {processor.py:183} INFO - Processing /home/airflow/.local/lib/python3.8/site-packages/airflow/example_dags/example_branch_operator.py took 0.040 seconds
[2026-03-18T08:17:27.034+0000] {processor.py:161} INFO - Started process (PID=1364) to work on /home/airflow/.local/lib/python3.8/site-packages/airflow/example_dags/example_branch_operator.py
[2026-03-18T08:17:27.035+0000] {processor.py:830} INFO - Processing file /home/airflow/.local/lib/python3.8/site-packages/airflow/example_dags/example_branch_operator.py for tasks to queue
[2026-03-18T08:17:27.035+0000] {logging_mixin.py:188} INFO - [2026-03-18T08:17:27.035+0000] {dagbag.py:538} INFO - Filling up the DagBag from /home/airflow/.local/lib/python3.8/site-packages/airflow/example_dags/example_branch_operator.py
[2026-03-18T08:17:27.045+0000] {processor.py:840} INFO - DAG(s) 'example_branch_operator' retrieved from /home/airflow/.local/lib/python3.8/site-packages/airflow/example_dags/example_branch_operator.py
[2026-03-18T08:17:27.059+0000] {logging_mixin.py:188} INFO - [2026-03-18T08:17:27.059+0000] {dag.py:3036} INFO - Sync 1 DAGs
[2026-03-18T08:17:27.070+0000] {logging_mixin.py:188} INFO - [2026-03-18T08:17:27.070+0000] {dag.py:3823} INFO - Setting next_dagrun for example_branch_operator to 2026-03-17 00:00:00+00:00, run_after=2026-03-18 00:00:00+00:00
[2026-03-18T08:17:27.085+0000] {processor.py:183} INFO - Processing /home/airflow/.local/lib/python3.8/site-packages/airflow/example_dags/example_branch_operator.py took 0.053 seconds
[2026-03-18T08:17:57.457+0000] {processor.py:161} INFO - Started process (PID=1420) to work on /home/airflow/.local/lib/python3.8/site-packages/airflow/example_dags/example_branch_operator.py
[2026-03-18T08:17:57.458+0000] {processor.py:830} INFO - Processing file /home/airflow/.local/lib/python3.8/site-packages/airflow/example_dags/example_branch_operator.py for tasks to queue
[2026-03-18T08:17:57.458+0000] {logging_mixin.py:188} INFO - [2026-03-18T08:17:57.458+0000] {dagbag.py:538} INFO - Filling up the DagBag from /home/airflow/.local/lib/python3.8/site-packages/airflow/example_dags/example_branch_operator.py
[2026-03-18T08:17:57.465+0000] {processor.py:840} INFO - DAG(s) 'example_branch_operator' retrieved from /home/airflow/.local/lib/python3.8/site-packages/airflow/example_dags/example_branch_operator.py
[2026-03-18T08:17:57.479+0000] {logging_mixin.py:188} INFO - [2026-03-18T08:17:57.479+0000] {dag.py:3036} INFO - Sync 1 DAGs
[2026-03-18T08:17:57.488+0000] {logging_mixin.py:188} INFO - [2026-03-18T08:17:57.488+0000] {dag.py:3823} INFO - Setting next_dagrun for example_branch_operator to 2026-03-17 00:00:00+00:00, run_after=2026-03-18 00:00:00+00:00
[2026-03-18T08:17:57.495+0000] {processor.py:183} INFO - Processing /home/airflow/.local/lib/python3.8/site-packages/airflow/example_dags/example_branch_operator.py took 0.040 seconds
[2026-03-18T08:18:28.040+0000] {processor.py:161} INFO - Started process (PID=1476) to work on /home/airflow/.local/lib/python3.8/site-packages/airflow/example_dags/example_branch_operator.py
[2026-03-18T08:18:28.042+0000] {processor.py:830} INFO - Processing file /home/airflow/.local/lib/python3.8/site-packages/airflow/example_dags/example_branch_operator.py for tasks to queue
[2026-03-18T08:18:28.043+0000] {logging_mixin.py:188} INFO - [2026-03-18T08:18:28.043+0000] {dagbag.py:538} INFO - Filling up the DagBag from /home/airflow/.local/lib/python3.8/site-packages/airflow/example_dags/example_branch_operator.py
[2026-03-18T08:18:28.051+0000] {processor.py:840} INFO - DAG(s) 'example_branch_operator' retrieved from /home/airflow/.local/lib/python3.8/site-packages/airflow/example_dags/example_branch_operator.py
[2026-03-18T08:18:28.066+0000] {logging_mixin.py:188} INFO - [2026-03-18T08:18:28.065+0000] {dag.py:3036} INFO - Sync 1 DAGs
[2026-03-18T08:18:28.075+0000] {logging_mixin.py:188} INFO - [2026-03-18T08:18:28.075+0000] {dag.py:3823} INFO - Setting next_dagrun for example_branch_operator to 2026-03-17 00:00:00+00:00, run_after=2026-03-18 00:00:00+00:00
[2026-03-18T08:18:28.088+0000] {processor.py:183} INFO - Processing /home/airflow/.local/lib/python3.8/site-packages/airflow/example_dags/example_branch_operator.py took 0.050 seconds
[2026-03-18T08:18:58.583+0000] {processor.py:161} INFO - Started process (PID=1532) to work on /home/airflow/.local/lib/python3.8/site-packages/airflow/example_dags/example_branch_operator.py
[2026-03-18T08:18:58.586+0000] {processor.py:830} INFO - Processing file /home/airflow/.local/lib/python3.8/site-packages/airflow/example_dags/example_branch_operator.py for tasks to queue
[2026-03-18T08:18:58.587+0000] {logging_mixin.py:188} INFO - [2026-03-18T08:18:58.587+0000] {dagbag.py:538} INFO - Filling up the DagBag from /home/airflow/.local/lib/python3.8/site-packages/airflow/example_dags/example_branch_operator.py
[2026-03-18T08:18:58.594+0000] {processor.py:840} INFO - DAG(s) 'example_branch_operator' retrieved from /home/airflow/.local/lib/python3.8/site-packages/airflow/example_dags/example_branch_operator.py
[2026-03-18T08:18:58.609+0000] {logging_mixin.py:188} INFO - [2026-03-18T08:18:58.609+0000] {dag.py:3036} INFO - Sync 1 DAGs
[2026-03-18T08:18:58.617+0000] {logging_mixin.py:188} INFO - [2026-03-18T08:18:58.617+0000] {dag.py:3823} INFO - Setting next_dagrun for example_branch_operator to 2026-03-17 00:00:00+00:00, run_after=2026-03-18 00:00:00+00:00
[2026-03-18T08:18:58.632+0000] {processor.py:183} INFO - Processing /home/airflow/.local/lib/python3.8/site-packages/airflow/example_dags/example_branch_operator.py took 0.051 seconds
[2026-03-18T08:19:29.007+0000] {processor.py:161} INFO - Started process (PID=1588) to work on /home/airflow/.local/lib/python3.8/site-packages/airflow/example_dags/example_branch_operator.py
[2026-03-18T08:19:29.008+0000] {processor.py:830} INFO - Processing file /home/airflow/.local/lib/python3.8/site-packages/airflow/example_dags/example_branch_operator.py for tasks to queue
[2026-03-18T08:19:29.010+0000] {logging_mixin.py:188} INFO - [2026-03-18T08:19:29.009+0000] {dagbag.py:538} INFO - Filling up the DagBag from /home/airflow/.local/lib/python3.8/site-packages/airflow/example_dags/example_branch_operator.py
[2026-03-18T08:19:29.017+0000] {processor.py:840} INFO - DAG(s) 'example_branch_operator' retrieved from /home/airflow/.local/lib/python3.8/site-packages/airflow/example_dags/example_branch_operator.py
[2026-03-18T08:19:29.034+0000] {logging_mixin.py:188} INFO - [2026-03-18T08:19:29.034+0000] {dag.py:3036} INFO - Sync 1 DAGs
[2026-03-18T08:19:29.043+0000] {logging_mixin.py:188} INFO - [2026-03-18T08:19:29.043+0000] {dag.py:3823} INFO - Setting next_dagrun for example_branch_operator to 2026-03-17 00:00:00+00:00, run_after=2026-03-18 00:00:00+00:00
[2026-03-18T08:19:29.049+0000] {processor.py:183} INFO - Processing /home/airflow/.local/lib/python3.8/site-packages/airflow/example_dags/example_branch_operator.py took 0.044 seconds
