[2026-03-18T07:45:18.564+0000] {processor.py:161} INFO - Started process (PID=67) to work on /home/airflow/.local/lib/python3.8/site-packages/airflow/example_dags/example_branch_day_of_week_operator.py
[2026-03-18T07:45:18.564+0000] {processor.py:830} INFO - Processing file /home/airflow/.local/lib/python3.8/site-packages/airflow/example_dags/example_branch_day_of_week_operator.py for tasks to queue
[2026-03-18T07:45:18.565+0000] {logging_mixin.py:188} INFO - [2026-03-18T07:45:18.565+0000] {dagbag.py:538} INFO - Filling up the DagBag from /home/airflow/.local/lib/python3.8/site-packages/airflow/example_dags/example_branch_day_of_week_operator.py
[2026-03-18T07:45:18.569+0000] {processor.py:840} INFO - DAG(s) 'example_weekday_branch_operator' retrieved from /home/airflow/.local/lib/python3.8/site-packages/airflow/example_dags/example_branch_day_of_week_operator.py
[2026-03-18T07:45:18.621+0000] {logging_mixin.py:188} INFO - [2026-03-18T07:45:18.621+0000] {override.py:1769} INFO - Created Permission View: can read on DAG:example_weekday_branch_operator
[2026-03-18T07:45:18.625+0000] {logging_mixin.py:188} INFO - [2026-03-18T07:45:18.624+0000] {override.py:1769} INFO - Created Permission View: can delete on DAG:example_weekday_branch_operator
[2026-03-18T07:45:18.627+0000] {logging_mixin.py:188} INFO - [2026-03-18T07:45:18.627+0000] {override.py:1769} INFO - Created Permission View: can edit on DAG:example_weekday_branch_operator
[2026-03-18T07:45:18.627+0000] {logging_mixin.py:188} INFO - [2026-03-18T07:45:18.627+0000] {dag.py:3036} INFO - Sync 1 DAGs
[2026-03-18T07:45:18.632+0000] {logging_mixin.py:188} INFO - [2026-03-18T07:45:18.631+0000] {dag.py:3058} INFO - Creating ORM DAG for example_weekday_branch_operator
[2026-03-18T07:45:18.637+0000] {logging_mixin.py:188} INFO - [2026-03-18T07:45:18.636+0000] {dag.py:3823} INFO - Setting next_dagrun for example_weekday_branch_operator to 2026-03-17 00:00:00+00:00, run_after=2026-03-18 00:00:00+00:00
[2026-03-18T07:45:18.644+0000] {processor.py:183} INFO - Processing /home/airflow/.local/lib/python3.8/site-packages/airflow/example_dags/example_branch_day_of_week_operator.py took 0.082 seconds
[2026-03-18T07:45:49.404+0000] {processor.py:161} INFO - Started process (PID=122) to work on /home/airflow/.local/lib/python3.8/site-packages/airflow/example_dags/example_branch_day_of_week_operator.py
[2026-03-18T07:45:49.405+0000] {processor.py:830} INFO - Processing file /home/airflow/.local/lib/python3.8/site-packages/airflow/example_dags/example_branch_day_of_week_operator.py for tasks to queue
[2026-03-18T07:45:49.406+0000] {logging_mixin.py:188} INFO - [2026-03-18T07:45:49.406+0000] {dagbag.py:538} INFO - Filling up the DagBag from /home/airflow/.local/lib/python3.8/site-packages/airflow/example_dags/example_branch_day_of_week_operator.py
[2026-03-18T07:45:49.410+0000] {processor.py:840} INFO - DAG(s) 'example_weekday_branch_operator' retrieved from /home/airflow/.local/lib/python3.8/site-packages/airflow/example_dags/example_branch_day_of_week_operator.py
[2026-03-18T07:45:49.420+0000] {logging_mixin.py:188} INFO - [2026-03-18T07:45:49.420+0000] {dag.py:3036} INFO - Sync 1 DAGs
[2026-03-18T07:45:49.429+0000] {logging_mixin.py:188} INFO - [2026-03-18T07:45:49.429+0000] {dag.py:3823} INFO - Setting next_dagrun for example_weekday_branch_operator to 2026-03-17 00:00:00+00:00, run_after=2026-03-18 00:00:00+00:00
[2026-03-18T07:45:49.435+0000] {processor.py:183} INFO - Processing /home/airflow/.local/lib/python3.8/site-packages/airflow/example_dags/example_branch_day_of_week_operator.py took 0.032 seconds
[2026-03-18T07:46:19.799+0000] {processor.py:161} INFO - Started process (PID=177) to work on /home/airflow/.local/lib/python3.8/site-packages/airflow/example_dags/example_branch_day_of_week_operator.py
[2026-03-18T07:46:19.799+0000] {processor.py:830} INFO - Processing file /home/airflow/.local/lib/python3.8/site-packages/airflow/example_dags/example_branch_day_of_week_operator.py for tasks to queue
[2026-03-18T07:46:19.800+0000] {logging_mixin.py:188} INFO - [2026-03-18T07:46:19.800+0000] {dagbag.py:538} INFO - Filling up the DagBag from /home/airflow/.local/lib/python3.8/site-packages/airflow/example_dags/example_branch_day_of_week_operator.py
[2026-03-18T07:46:19.804+0000] {processor.py:840} INFO - DAG(s) 'example_weekday_branch_operator' retrieved from /home/airflow/.local/lib/python3.8/site-packages/airflow/example_dags/example_branch_day_of_week_operator.py
[2026-03-18T07:46:19.814+0000] {logging_mixin.py:188} INFO - [2026-03-18T07:46:19.814+0000] {dag.py:3036} INFO - Sync 1 DAGs
[2026-03-18T07:46:19.827+0000] {logging_mixin.py:188} INFO - [2026-03-18T07:46:19.827+0000] {dag.py:3823} INFO - Setting next_dagrun for example_weekday_branch_operator to 2026-03-17 00:00:00+00:00, run_after=2026-03-18 00:00:00+00:00
[2026-03-18T07:46:19.838+0000] {processor.py:183} INFO - Processing /home/airflow/.local/lib/python3.8/site-packages/airflow/example_dags/example_branch_day_of_week_operator.py took 0.040 seconds
[2026-03-18T07:46:50.136+0000] {processor.py:161} INFO - Started process (PID=232) to work on /home/airflow/.local/lib/python3.8/site-packages/airflow/example_dags/example_branch_day_of_week_operator.py
[2026-03-18T07:46:50.136+0000] {processor.py:830} INFO - Processing file /home/airflow/.local/lib/python3.8/site-packages/airflow/example_dags/example_branch_day_of_week_operator.py for tasks to queue
[2026-03-18T07:46:50.137+0000] {logging_mixin.py:188} INFO - [2026-03-18T07:46:50.137+0000] {dagbag.py:538} INFO - Filling up the DagBag from /home/airflow/.local/lib/python3.8/site-packages/airflow/example_dags/example_branch_day_of_week_operator.py
[2026-03-18T07:46:50.141+0000] {processor.py:840} INFO - DAG(s) 'example_weekday_branch_operator' retrieved from /home/airflow/.local/lib/python3.8/site-packages/airflow/example_dags/example_branch_day_of_week_operator.py
[2026-03-18T07:46:50.149+0000] {logging_mixin.py:188} INFO - [2026-03-18T07:46:50.149+0000] {dag.py:3036} INFO - Sync 1 DAGs
[2026-03-18T07:46:50.159+0000] {logging_mixin.py:188} INFO - [2026-03-18T07:46:50.158+0000] {dag.py:3823} INFO - Setting next_dagrun for example_weekday_branch_operator to 2026-03-17 00:00:00+00:00, run_after=2026-03-18 00:00:00+00:00
[2026-03-18T07:46:50.168+0000] {processor.py:183} INFO - Processing /home/airflow/.local/lib/python3.8/site-packages/airflow/example_dags/example_branch_day_of_week_operator.py took 0.034 seconds
[2026-03-18T07:47:20.493+0000] {processor.py:161} INFO - Started process (PID=287) to work on /home/airflow/.local/lib/python3.8/site-packages/airflow/example_dags/example_branch_day_of_week_operator.py
[2026-03-18T07:47:20.494+0000] {processor.py:830} INFO - Processing file /home/airflow/.local/lib/python3.8/site-packages/airflow/example_dags/example_branch_day_of_week_operator.py for tasks to queue
[2026-03-18T07:47:20.495+0000] {logging_mixin.py:188} INFO - [2026-03-18T07:47:20.495+0000] {dagbag.py:538} INFO - Filling up the DagBag from /home/airflow/.local/lib/python3.8/site-packages/airflow/example_dags/example_branch_day_of_week_operator.py
[2026-03-18T07:47:20.499+0000] {processor.py:840} INFO - DAG(s) 'example_weekday_branch_operator' retrieved from /home/airflow/.local/lib/python3.8/site-packages/airflow/example_dags/example_branch_day_of_week_operator.py
[2026-03-18T07:47:20.512+0000] {logging_mixin.py:188} INFO - [2026-03-18T07:47:20.512+0000] {dag.py:3036} INFO - Sync 1 DAGs
[2026-03-18T07:47:20.522+0000] {logging_mixin.py:188} INFO - [2026-03-18T07:47:20.522+0000] {dag.py:3823} INFO - Setting next_dagrun for example_weekday_branch_operator to 2026-03-17 00:00:00+00:00, run_after=2026-03-18 00:00:00+00:00
[2026-03-18T07:47:20.531+0000] {processor.py:183} INFO - Processing /home/airflow/.local/lib/python3.8/site-packages/airflow/example_dags/example_branch_day_of_week_operator.py took 0.039 seconds
[2026-03-18T07:47:50.921+0000] {processor.py:161} INFO - Started process (PID=342) to work on /home/airflow/.local/lib/python3.8/site-packages/airflow/example_dags/example_branch_day_of_week_operator.py
[2026-03-18T07:47:50.921+0000] {processor.py:830} INFO - Processing file /home/airflow/.local/lib/python3.8/site-packages/airflow/example_dags/example_branch_day_of_week_operator.py for tasks to queue
[2026-03-18T07:47:50.923+0000] {logging_mixin.py:188} INFO - [2026-03-18T07:47:50.922+0000] {dagbag.py:538} INFO - Filling up the DagBag from /home/airflow/.local/lib/python3.8/site-packages/airflow/example_dags/example_branch_day_of_week_operator.py
[2026-03-18T07:47:50.927+0000] {processor.py:840} INFO - DAG(s) 'example_weekday_branch_operator' retrieved from /home/airflow/.local/lib/python3.8/site-packages/airflow/example_dags/example_branch_day_of_week_operator.py
[2026-03-18T07:47:50.937+0000] {logging_mixin.py:188} INFO - [2026-03-18T07:47:50.937+0000] {dag.py:3036} INFO - Sync 1 DAGs
[2026-03-18T07:47:50.946+0000] {logging_mixin.py:188} INFO - [2026-03-18T07:47:50.946+0000] {dag.py:3823} INFO - Setting next_dagrun for example_weekday_branch_operator to 2026-03-17 00:00:00+00:00, run_after=2026-03-18 00:00:00+00:00
[2026-03-18T07:47:50.953+0000] {processor.py:183} INFO - Processing /home/airflow/.local/lib/python3.8/site-packages/airflow/example_dags/example_branch_day_of_week_operator.py took 0.033 seconds
[2026-03-18T07:48:21.323+0000] {processor.py:161} INFO - Started process (PID=397) to work on /home/airflow/.local/lib/python3.8/site-packages/airflow/example_dags/example_branch_day_of_week_operator.py
[2026-03-18T07:48:21.323+0000] {processor.py:830} INFO - Processing file /home/airflow/.local/lib/python3.8/site-packages/airflow/example_dags/example_branch_day_of_week_operator.py for tasks to queue
[2026-03-18T07:48:21.324+0000] {logging_mixin.py:188} INFO - [2026-03-18T07:48:21.324+0000] {dagbag.py:538} INFO - Filling up the DagBag from /home/airflow/.local/lib/python3.8/site-packages/airflow/example_dags/example_branch_day_of_week_operator.py
[2026-03-18T07:48:21.328+0000] {processor.py:840} INFO - DAG(s) 'example_weekday_branch_operator' retrieved from /home/airflow/.local/lib/python3.8/site-packages/airflow/example_dags/example_branch_day_of_week_operator.py
[2026-03-18T07:48:21.337+0000] {logging_mixin.py:188} INFO - [2026-03-18T07:48:21.337+0000] {dag.py:3036} INFO - Sync 1 DAGs
[2026-03-18T07:48:21.345+0000] {logging_mixin.py:188} INFO - [2026-03-18T07:48:21.345+0000] {dag.py:3823} INFO - Setting next_dagrun for example_weekday_branch_operator to 2026-03-17 00:00:00+00:00, run_after=2026-03-18 00:00:00+00:00
[2026-03-18T07:48:21.354+0000] {processor.py:183} INFO - Processing /home/airflow/.local/lib/python3.8/site-packages/airflow/example_dags/example_branch_day_of_week_operator.py took 0.033 seconds
[2026-03-18T07:48:51.625+0000] {processor.py:161} INFO - Started process (PID=452) to work on /home/airflow/.local/lib/python3.8/site-packages/airflow/example_dags/example_branch_day_of_week_operator.py
[2026-03-18T07:48:51.625+0000] {processor.py:830} INFO - Processing file /home/airflow/.local/lib/python3.8/site-packages/airflow/example_dags/example_branch_day_of_week_operator.py for tasks to queue
[2026-03-18T07:48:51.626+0000] {logging_mixin.py:188} INFO - [2026-03-18T07:48:51.626+0000] {dagbag.py:538} INFO - Filling up the DagBag from /home/airflow/.local/lib/python3.8/site-packages/airflow/example_dags/example_branch_day_of_week_operator.py
[2026-03-18T07:48:51.629+0000] {processor.py:840} INFO - DAG(s) 'example_weekday_branch_operator' retrieved from /home/airflow/.local/lib/python3.8/site-packages/airflow/example_dags/example_branch_day_of_week_operator.py
[2026-03-18T07:48:51.638+0000] {logging_mixin.py:188} INFO - [2026-03-18T07:48:51.638+0000] {dag.py:3036} INFO - Sync 1 DAGs
[2026-03-18T07:48:51.647+0000] {logging_mixin.py:188} INFO - [2026-03-18T07:48:51.647+0000] {dag.py:3823} INFO - Setting next_dagrun for example_weekday_branch_operator to 2026-03-17 00:00:00+00:00, run_after=2026-03-18 00:00:00+00:00
[2026-03-18T07:48:51.653+0000] {processor.py:183} INFO - Processing /home/airflow/.local/lib/python3.8/site-packages/airflow/example_dags/example_branch_day_of_week_operator.py took 0.030 seconds
[2026-03-18T07:49:21.882+0000] {processor.py:161} INFO - Started process (PID=507) to work on /home/airflow/.local/lib/python3.8/site-packages/airflow/example_dags/example_branch_day_of_week_operator.py
[2026-03-18T07:49:21.882+0000] {processor.py:830} INFO - Processing file /home/airflow/.local/lib/python3.8/site-packages/airflow/example_dags/example_branch_day_of_week_operator.py for tasks to queue
[2026-03-18T07:49:21.883+0000] {logging_mixin.py:188} INFO - [2026-03-18T07:49:21.883+0000] {dagbag.py:538} INFO - Filling up the DagBag from /home/airflow/.local/lib/python3.8/site-packages/airflow/example_dags/example_branch_day_of_week_operator.py
[2026-03-18T07:49:21.886+0000] {processor.py:840} INFO - DAG(s) 'example_weekday_branch_operator' retrieved from /home/airflow/.local/lib/python3.8/site-packages/airflow/example_dags/example_branch_day_of_week_operator.py
[2026-03-18T07:49:21.893+0000] {logging_mixin.py:188} INFO - [2026-03-18T07:49:21.893+0000] {dag.py:3036} INFO - Sync 1 DAGs
[2026-03-18T07:49:21.900+0000] {logging_mixin.py:188} INFO - [2026-03-18T07:49:21.900+0000] {dag.py:3823} INFO - Setting next_dagrun for example_weekday_branch_operator to 2026-03-17 00:00:00+00:00, run_after=2026-03-18 00:00:00+00:00
[2026-03-18T07:49:21.908+0000] {processor.py:183} INFO - Processing /home/airflow/.local/lib/python3.8/site-packages/airflow/example_dags/example_branch_day_of_week_operator.py took 0.027 seconds
[2026-03-18T07:49:52.156+0000] {processor.py:161} INFO - Started process (PID=568) to work on /home/airflow/.local/lib/python3.8/site-packages/airflow/example_dags/example_branch_day_of_week_operator.py
[2026-03-18T07:49:52.156+0000] {processor.py:830} INFO - Processing file /home/airflow/.local/lib/python3.8/site-packages/airflow/example_dags/example_branch_day_of_week_operator.py for tasks to queue
[2026-03-18T07:49:52.157+0000] {logging_mixin.py:188} INFO - [2026-03-18T07:49:52.157+0000] {dagbag.py:538} INFO - Filling up the DagBag from /home/airflow/.local/lib/python3.8/site-packages/airflow/example_dags/example_branch_day_of_week_operator.py
[2026-03-18T07:49:52.161+0000] {processor.py:840} INFO - DAG(s) 'example_weekday_branch_operator' retrieved from /home/airflow/.local/lib/python3.8/site-packages/airflow/example_dags/example_branch_day_of_week_operator.py
[2026-03-18T07:49:52.170+0000] {logging_mixin.py:188} INFO - [2026-03-18T07:49:52.170+0000] {dag.py:3036} INFO - Sync 1 DAGs
[2026-03-18T07:49:52.178+0000] {logging_mixin.py:188} INFO - [2026-03-18T07:49:52.178+0000] {dag.py:3823} INFO - Setting next_dagrun for example_weekday_branch_operator to 2026-03-17 00:00:00+00:00, run_after=2026-03-18 00:00:00+00:00
[2026-03-18T07:49:52.185+0000] {processor.py:183} INFO - Processing /home/airflow/.local/lib/python3.8/site-packages/airflow/example_dags/example_branch_day_of_week_operator.py took 0.030 seconds
[2026-03-18T07:50:22.549+0000] {processor.py:161} INFO - Started process (PID=624) to work on /home/airflow/.local/lib/python3.8/site-packages/airflow/example_dags/example_branch_day_of_week_operator.py
[2026-03-18T07:50:22.550+0000] {processor.py:830} INFO - Processing file /home/airflow/.local/lib/python3.8/site-packages/airflow/example_dags/example_branch_day_of_week_operator.py for tasks to queue
[2026-03-18T07:50:22.552+0000] {logging_mixin.py:188} INFO - [2026-03-18T07:50:22.552+0000] {dagbag.py:538} INFO - Filling up the DagBag from /home/airflow/.local/lib/python3.8/site-packages/airflow/example_dags/example_branch_day_of_week_operator.py
[2026-03-18T07:50:22.555+0000] {processor.py:840} INFO - DAG(s) 'example_weekday_branch_operator' retrieved from /home/airflow/.local/lib/python3.8/site-packages/airflow/example_dags/example_branch_day_of_week_operator.py
[2026-03-18T07:50:22.565+0000] {logging_mixin.py:188} INFO - [2026-03-18T07:50:22.565+0000] {dag.py:3036} INFO - Sync 1 DAGs
[2026-03-18T07:50:22.574+0000] {logging_mixin.py:188} INFO - [2026-03-18T07:50:22.573+0000] {dag.py:3823} INFO - Setting next_dagrun for example_weekday_branch_operator to 2026-03-17 00:00:00+00:00, run_after=2026-03-18 00:00:00+00:00
[2026-03-18T07:50:22.586+0000] {processor.py:183} INFO - Processing /home/airflow/.local/lib/python3.8/site-packages/airflow/example_dags/example_branch_day_of_week_operator.py took 0.040 seconds
[2026-03-18T07:50:53.031+0000] {processor.py:161} INFO - Started process (PID=680) to work on /home/airflow/.local/lib/python3.8/site-packages/airflow/example_dags/example_branch_day_of_week_operator.py
[2026-03-18T07:50:53.032+0000] {processor.py:830} INFO - Processing file /home/airflow/.local/lib/python3.8/site-packages/airflow/example_dags/example_branch_day_of_week_operator.py for tasks to queue
[2026-03-18T07:50:53.033+0000] {logging_mixin.py:188} INFO - [2026-03-18T07:50:53.033+0000] {dagbag.py:538} INFO - Filling up the DagBag from /home/airflow/.local/lib/python3.8/site-packages/airflow/example_dags/example_branch_day_of_week_operator.py
[2026-03-18T07:50:53.037+0000] {processor.py:840} INFO - DAG(s) 'example_weekday_branch_operator' retrieved from /home/airflow/.local/lib/python3.8/site-packages/airflow/example_dags/example_branch_day_of_week_operator.py
[2026-03-18T07:50:53.046+0000] {logging_mixin.py:188} INFO - [2026-03-18T07:50:53.046+0000] {dag.py:3036} INFO - Sync 1 DAGs
[2026-03-18T07:50:53.058+0000] {logging_mixin.py:188} INFO - [2026-03-18T07:50:53.057+0000] {dag.py:3823} INFO - Setting next_dagrun for example_weekday_branch_operator to 2026-03-17 00:00:00+00:00, run_after=2026-03-18 00:00:00+00:00
[2026-03-18T07:50:53.073+0000] {processor.py:183} INFO - Processing /home/airflow/.local/lib/python3.8/site-packages/airflow/example_dags/example_branch_day_of_week_operator.py took 0.044 seconds
[2026-03-18T07:51:23.541+0000] {processor.py:161} INFO - Started process (PID=736) to work on /home/airflow/.local/lib/python3.8/site-packages/airflow/example_dags/example_branch_day_of_week_operator.py
[2026-03-18T07:51:23.542+0000] {processor.py:830} INFO - Processing file /home/airflow/.local/lib/python3.8/site-packages/airflow/example_dags/example_branch_day_of_week_operator.py for tasks to queue
[2026-03-18T07:51:23.543+0000] {logging_mixin.py:188} INFO - [2026-03-18T07:51:23.543+0000] {dagbag.py:538} INFO - Filling up the DagBag from /home/airflow/.local/lib/python3.8/site-packages/airflow/example_dags/example_branch_day_of_week_operator.py
[2026-03-18T07:51:23.547+0000] {processor.py:840} INFO - DAG(s) 'example_weekday_branch_operator' retrieved from /home/airflow/.local/lib/python3.8/site-packages/airflow/example_dags/example_branch_day_of_week_operator.py
[2026-03-18T07:51:23.557+0000] {logging_mixin.py:188} INFO - [2026-03-18T07:51:23.557+0000] {dag.py:3036} INFO - Sync 1 DAGs
[2026-03-18T07:51:23.566+0000] {logging_mixin.py:188} INFO - [2026-03-18T07:51:23.566+0000] {dag.py:3823} INFO - Setting next_dagrun for example_weekday_branch_operator to 2026-03-17 00:00:00+00:00, run_after=2026-03-18 00:00:00+00:00
[2026-03-18T07:51:23.574+0000] {processor.py:183} INFO - Processing /home/airflow/.local/lib/python3.8/site-packages/airflow/example_dags/example_branch_day_of_week_operator.py took 0.034 seconds
[2026-03-18T07:51:54.042+0000] {processor.py:161} INFO - Started process (PID=792) to work on /home/airflow/.local/lib/python3.8/site-packages/airflow/example_dags/example_branch_day_of_week_operator.py
[2026-03-18T07:51:54.043+0000] {processor.py:830} INFO - Processing file /home/airflow/.local/lib/python3.8/site-packages/airflow/example_dags/example_branch_day_of_week_operator.py for tasks to queue
[2026-03-18T07:51:54.044+0000] {logging_mixin.py:188} INFO - [2026-03-18T07:51:54.044+0000] {dagbag.py:538} INFO - Filling up the DagBag from /home/airflow/.local/lib/python3.8/site-packages/airflow/example_dags/example_branch_day_of_week_operator.py
[2026-03-18T07:51:54.048+0000] {processor.py:840} INFO - DAG(s) 'example_weekday_branch_operator' retrieved from /home/airflow/.local/lib/python3.8/site-packages/airflow/example_dags/example_branch_day_of_week_operator.py
[2026-03-18T07:51:54.060+0000] {logging_mixin.py:188} INFO - [2026-03-18T07:51:54.060+0000] {dag.py:3036} INFO - Sync 1 DAGs
[2026-03-18T07:51:54.069+0000] {logging_mixin.py:188} INFO - [2026-03-18T07:51:54.069+0000] {dag.py:3823} INFO - Setting next_dagrun for example_weekday_branch_operator to 2026-03-17 00:00:00+00:00, run_after=2026-03-18 00:00:00+00:00
[2026-03-18T07:51:54.078+0000] {processor.py:183} INFO - Processing /home/airflow/.local/lib/python3.8/site-packages/airflow/example_dags/example_branch_day_of_week_operator.py took 0.037 seconds
[2026-03-18T07:52:24.562+0000] {processor.py:161} INFO - Started process (PID=848) to work on /home/airflow/.local/lib/python3.8/site-packages/airflow/example_dags/example_branch_day_of_week_operator.py
[2026-03-18T07:52:24.563+0000] {processor.py:830} INFO - Processing file /home/airflow/.local/lib/python3.8/site-packages/airflow/example_dags/example_branch_day_of_week_operator.py for tasks to queue
[2026-03-18T07:52:24.565+0000] {logging_mixin.py:188} INFO - [2026-03-18T07:52:24.565+0000] {dagbag.py:538} INFO - Filling up the DagBag from /home/airflow/.local/lib/python3.8/site-packages/airflow/example_dags/example_branch_day_of_week_operator.py
[2026-03-18T07:52:24.569+0000] {processor.py:840} INFO - DAG(s) 'example_weekday_branch_operator' retrieved from /home/airflow/.local/lib/python3.8/site-packages/airflow/example_dags/example_branch_day_of_week_operator.py
[2026-03-18T07:52:24.580+0000] {logging_mixin.py:188} INFO - [2026-03-18T07:52:24.579+0000] {dag.py:3036} INFO - Sync 1 DAGs
[2026-03-18T07:52:24.590+0000] {logging_mixin.py:188} INFO - [2026-03-18T07:52:24.590+0000] {dag.py:3823} INFO - Setting next_dagrun for example_weekday_branch_operator to 2026-03-17 00:00:00+00:00, run_after=2026-03-18 00:00:00+00:00
[2026-03-18T07:52:24.599+0000] {processor.py:183} INFO - Processing /home/airflow/.local/lib/python3.8/site-packages/airflow/example_dags/example_branch_day_of_week_operator.py took 0.039 seconds
[2026-03-18T07:52:55.050+0000] {processor.py:161} INFO - Started process (PID=904) to work on /home/airflow/.local/lib/python3.8/site-packages/airflow/example_dags/example_branch_day_of_week_operator.py
[2026-03-18T07:52:55.051+0000] {processor.py:830} INFO - Processing file /home/airflow/.local/lib/python3.8/site-packages/airflow/example_dags/example_branch_day_of_week_operator.py for tasks to queue
[2026-03-18T07:52:55.052+0000] {logging_mixin.py:188} INFO - [2026-03-18T07:52:55.052+0000] {dagbag.py:538} INFO - Filling up the DagBag from /home/airflow/.local/lib/python3.8/site-packages/airflow/example_dags/example_branch_day_of_week_operator.py
[2026-03-18T07:52:55.056+0000] {processor.py:840} INFO - DAG(s) 'example_weekday_branch_operator' retrieved from /home/airflow/.local/lib/python3.8/site-packages/airflow/example_dags/example_branch_day_of_week_operator.py
[2026-03-18T07:52:55.067+0000] {logging_mixin.py:188} INFO - [2026-03-18T07:52:55.067+0000] {dag.py:3036} INFO - Sync 1 DAGs
[2026-03-18T07:52:55.076+0000] {logging_mixin.py:188} INFO - [2026-03-18T07:52:55.076+0000] {dag.py:3823} INFO - Setting next_dagrun for example_weekday_branch_operator to 2026-03-17 00:00:00+00:00, run_after=2026-03-18 00:00:00+00:00
[2026-03-18T07:52:55.087+0000] {processor.py:183} INFO - Processing /home/airflow/.local/lib/python3.8/site-packages/airflow/example_dags/example_branch_day_of_week_operator.py took 0.039 seconds
[2026-03-18T07:53:25.526+0000] {processor.py:161} INFO - Started process (PID=960) to work on /home/airflow/.local/lib/python3.8/site-packages/airflow/example_dags/example_branch_day_of_week_operator.py
[2026-03-18T07:53:25.527+0000] {processor.py:830} INFO - Processing file /home/airflow/.local/lib/python3.8/site-packages/airflow/example_dags/example_branch_day_of_week_operator.py for tasks to queue
[2026-03-18T07:53:25.528+0000] {logging_mixin.py:188} INFO - [2026-03-18T07:53:25.528+0000] {dagbag.py:538} INFO - Filling up the DagBag from /home/airflow/.local/lib/python3.8/site-packages/airflow/example_dags/example_branch_day_of_week_operator.py
[2026-03-18T07:53:25.532+0000] {processor.py:840} INFO - DAG(s) 'example_weekday_branch_operator' retrieved from /home/airflow/.local/lib/python3.8/site-packages/airflow/example_dags/example_branch_day_of_week_operator.py
[2026-03-18T07:53:25.541+0000] {logging_mixin.py:188} INFO - [2026-03-18T07:53:25.541+0000] {dag.py:3036} INFO - Sync 1 DAGs
[2026-03-18T07:53:25.550+0000] {logging_mixin.py:188} INFO - [2026-03-18T07:53:25.550+0000] {dag.py:3823} INFO - Setting next_dagrun for example_weekday_branch_operator to 2026-03-17 00:00:00+00:00, run_after=2026-03-18 00:00:00+00:00
[2026-03-18T07:53:25.566+0000] {processor.py:183} INFO - Processing /home/airflow/.local/lib/python3.8/site-packages/airflow/example_dags/example_branch_day_of_week_operator.py took 0.043 seconds
[2026-03-18T07:53:56.012+0000] {processor.py:161} INFO - Started process (PID=1016) to work on /home/airflow/.local/lib/python3.8/site-packages/airflow/example_dags/example_branch_day_of_week_operator.py
[2026-03-18T07:53:56.015+0000] {processor.py:830} INFO - Processing file /home/airflow/.local/lib/python3.8/site-packages/airflow/example_dags/example_branch_day_of_week_operator.py for tasks to queue
[2026-03-18T07:53:56.017+0000] {logging_mixin.py:188} INFO - [2026-03-18T07:53:56.017+0000] {dagbag.py:538} INFO - Filling up the DagBag from /home/airflow/.local/lib/python3.8/site-packages/airflow/example_dags/example_branch_day_of_week_operator.py
[2026-03-18T07:53:56.020+0000] {processor.py:840} INFO - DAG(s) 'example_weekday_branch_operator' retrieved from /home/airflow/.local/lib/python3.8/site-packages/airflow/example_dags/example_branch_day_of_week_operator.py
[2026-03-18T07:53:56.031+0000] {logging_mixin.py:188} INFO - [2026-03-18T07:53:56.031+0000] {dag.py:3036} INFO - Sync 1 DAGs
[2026-03-18T07:53:56.044+0000] {logging_mixin.py:188} INFO - [2026-03-18T07:53:56.044+0000] {dag.py:3823} INFO - Setting next_dagrun for example_weekday_branch_operator to 2026-03-17 00:00:00+00:00, run_after=2026-03-18 00:00:00+00:00
[2026-03-18T07:53:56.055+0000] {processor.py:183} INFO - Processing /home/airflow/.local/lib/python3.8/site-packages/airflow/example_dags/example_branch_day_of_week_operator.py took 0.044 seconds
[2026-03-18T07:54:26.415+0000] {processor.py:161} INFO - Started process (PID=1072) to work on /home/airflow/.local/lib/python3.8/site-packages/airflow/example_dags/example_branch_day_of_week_operator.py
[2026-03-18T07:54:26.416+0000] {processor.py:830} INFO - Processing file /home/airflow/.local/lib/python3.8/site-packages/airflow/example_dags/example_branch_day_of_week_operator.py for tasks to queue
[2026-03-18T07:54:26.417+0000] {logging_mixin.py:188} INFO - [2026-03-18T07:54:26.417+0000] {dagbag.py:538} INFO - Filling up the DagBag from /home/airflow/.local/lib/python3.8/site-packages/airflow/example_dags/example_branch_day_of_week_operator.py
[2026-03-18T07:54:26.420+0000] {processor.py:840} INFO - DAG(s) 'example_weekday_branch_operator' retrieved from /home/airflow/.local/lib/python3.8/site-packages/airflow/example_dags/example_branch_day_of_week_operator.py
[2026-03-18T07:54:26.430+0000] {logging_mixin.py:188} INFO - [2026-03-18T07:54:26.430+0000] {dag.py:3036} INFO - Sync 1 DAGs
[2026-03-18T07:54:26.439+0000] {logging_mixin.py:188} INFO - [2026-03-18T07:54:26.439+0000] {dag.py:3823} INFO - Setting next_dagrun for example_weekday_branch_operator to 2026-03-17 00:00:00+00:00, run_after=2026-03-18 00:00:00+00:00
[2026-03-18T07:54:26.447+0000] {processor.py:183} INFO - Processing /home/airflow/.local/lib/python3.8/site-packages/airflow/example_dags/example_branch_day_of_week_operator.py took 0.034 seconds
[2026-03-18T07:54:56.907+0000] {processor.py:161} INFO - Started process (PID=1128) to work on /home/airflow/.local/lib/python3.8/site-packages/airflow/example_dags/example_branch_day_of_week_operator.py
[2026-03-18T07:54:56.908+0000] {processor.py:830} INFO - Processing file /home/airflow/.local/lib/python3.8/site-packages/airflow/example_dags/example_branch_day_of_week_operator.py for tasks to queue
[2026-03-18T07:54:56.909+0000] {logging_mixin.py:188} INFO - [2026-03-18T07:54:56.909+0000] {dagbag.py:538} INFO - Filling up the DagBag from /home/airflow/.local/lib/python3.8/site-packages/airflow/example_dags/example_branch_day_of_week_operator.py
[2026-03-18T07:54:56.913+0000] {processor.py:840} INFO - DAG(s) 'example_weekday_branch_operator' retrieved from /home/airflow/.local/lib/python3.8/site-packages/airflow/example_dags/example_branch_day_of_week_operator.py
[2026-03-18T07:54:56.928+0000] {logging_mixin.py:188} INFO - [2026-03-18T07:54:56.928+0000] {dag.py:3036} INFO - Sync 1 DAGs
[2026-03-18T07:54:56.937+0000] {logging_mixin.py:188} INFO - [2026-03-18T07:54:56.937+0000] {dag.py:3823} INFO - Setting next_dagrun for example_weekday_branch_operator to 2026-03-17 00:00:00+00:00, run_after=2026-03-18 00:00:00+00:00
[2026-03-18T07:54:56.945+0000] {processor.py:183} INFO - Processing /home/airflow/.local/lib/python3.8/site-packages/airflow/example_dags/example_branch_day_of_week_operator.py took 0.039 seconds
[2026-03-18T07:55:27.360+0000] {processor.py:161} INFO - Started process (PID=1184) to work on /home/airflow/.local/lib/python3.8/site-packages/airflow/example_dags/example_branch_day_of_week_operator.py
[2026-03-18T07:55:27.361+0000] {processor.py:830} INFO - Processing file /home/airflow/.local/lib/python3.8/site-packages/airflow/example_dags/example_branch_day_of_week_operator.py for tasks to queue
[2026-03-18T07:55:27.362+0000] {logging_mixin.py:188} INFO - [2026-03-18T07:55:27.362+0000] {dagbag.py:538} INFO - Filling up the DagBag from /home/airflow/.local/lib/python3.8/site-packages/airflow/example_dags/example_branch_day_of_week_operator.py
[2026-03-18T07:55:27.365+0000] {processor.py:840} INFO - DAG(s) 'example_weekday_branch_operator' retrieved from /home/airflow/.local/lib/python3.8/site-packages/airflow/example_dags/example_branch_day_of_week_operator.py
[2026-03-18T07:55:27.379+0000] {logging_mixin.py:188} INFO - [2026-03-18T07:55:27.379+0000] {dag.py:3036} INFO - Sync 1 DAGs
[2026-03-18T07:55:27.388+0000] {logging_mixin.py:188} INFO - [2026-03-18T07:55:27.388+0000] {dag.py:3823} INFO - Setting next_dagrun for example_weekday_branch_operator to 2026-03-17 00:00:00+00:00, run_after=2026-03-18 00:00:00+00:00
[2026-03-18T07:55:27.395+0000] {processor.py:183} INFO - Processing /home/airflow/.local/lib/python3.8/site-packages/airflow/example_dags/example_branch_day_of_week_operator.py took 0.037 seconds
[2026-03-18T07:55:57.803+0000] {processor.py:161} INFO - Started process (PID=1240) to work on /home/airflow/.local/lib/python3.8/site-packages/airflow/example_dags/example_branch_day_of_week_operator.py
[2026-03-18T07:55:57.804+0000] {processor.py:830} INFO - Processing file /home/airflow/.local/lib/python3.8/site-packages/airflow/example_dags/example_branch_day_of_week_operator.py for tasks to queue
[2026-03-18T07:55:57.805+0000] {logging_mixin.py:188} INFO - [2026-03-18T07:55:57.805+0000] {dagbag.py:538} INFO - Filling up the DagBag from /home/airflow/.local/lib/python3.8/site-packages/airflow/example_dags/example_branch_day_of_week_operator.py
[2026-03-18T07:55:57.810+0000] {processor.py:840} INFO - DAG(s) 'example_weekday_branch_operator' retrieved from /home/airflow/.local/lib/python3.8/site-packages/airflow/example_dags/example_branch_day_of_week_operator.py
[2026-03-18T07:55:57.820+0000] {logging_mixin.py:188} INFO - [2026-03-18T07:55:57.820+0000] {dag.py:3036} INFO - Sync 1 DAGs
[2026-03-18T07:55:57.829+0000] {logging_mixin.py:188} INFO - [2026-03-18T07:55:57.829+0000] {dag.py:3823} INFO - Setting next_dagrun for example_weekday_branch_operator to 2026-03-17 00:00:00+00:00, run_after=2026-03-18 00:00:00+00:00
[2026-03-18T07:55:57.842+0000] {processor.py:183} INFO - Processing /home/airflow/.local/lib/python3.8/site-packages/airflow/example_dags/example_branch_day_of_week_operator.py took 0.041 seconds
[2026-03-18T07:56:28.210+0000] {processor.py:161} INFO - Started process (PID=1296) to work on /home/airflow/.local/lib/python3.8/site-packages/airflow/example_dags/example_branch_day_of_week_operator.py
[2026-03-18T07:56:28.211+0000] {processor.py:830} INFO - Processing file /home/airflow/.local/lib/python3.8/site-packages/airflow/example_dags/example_branch_day_of_week_operator.py for tasks to queue
[2026-03-18T07:56:28.213+0000] {logging_mixin.py:188} INFO - [2026-03-18T07:56:28.213+0000] {dagbag.py:538} INFO - Filling up the DagBag from /home/airflow/.local/lib/python3.8/site-packages/airflow/example_dags/example_branch_day_of_week_operator.py
[2026-03-18T07:56:28.216+0000] {processor.py:840} INFO - DAG(s) 'example_weekday_branch_operator' retrieved from /home/airflow/.local/lib/python3.8/site-packages/airflow/example_dags/example_branch_day_of_week_operator.py
[2026-03-18T07:56:28.226+0000] {logging_mixin.py:188} INFO - [2026-03-18T07:56:28.226+0000] {dag.py:3036} INFO - Sync 1 DAGs
[2026-03-18T07:56:28.235+0000] {logging_mixin.py:188} INFO - [2026-03-18T07:56:28.235+0000] {dag.py:3823} INFO - Setting next_dagrun for example_weekday_branch_operator to 2026-03-17 00:00:00+00:00, run_after=2026-03-18 00:00:00+00:00
[2026-03-18T07:56:28.241+0000] {processor.py:183} INFO - Processing /home/airflow/.local/lib/python3.8/site-packages/airflow/example_dags/example_branch_day_of_week_operator.py took 0.033 seconds
[2026-03-18T07:56:58.670+0000] {processor.py:161} INFO - Started process (PID=1352) to work on /home/airflow/.local/lib/python3.8/site-packages/airflow/example_dags/example_branch_day_of_week_operator.py
[2026-03-18T07:56:58.671+0000] {processor.py:830} INFO - Processing file /home/airflow/.local/lib/python3.8/site-packages/airflow/example_dags/example_branch_day_of_week_operator.py for tasks to queue
[2026-03-18T07:56:58.672+0000] {logging_mixin.py:188} INFO - [2026-03-18T07:56:58.672+0000] {dagbag.py:538} INFO - Filling up the DagBag from /home/airflow/.local/lib/python3.8/site-packages/airflow/example_dags/example_branch_day_of_week_operator.py
[2026-03-18T07:56:58.675+0000] {processor.py:840} INFO - DAG(s) 'example_weekday_branch_operator' retrieved from /home/airflow/.local/lib/python3.8/site-packages/airflow/example_dags/example_branch_day_of_week_operator.py
[2026-03-18T07:56:58.691+0000] {logging_mixin.py:188} INFO - [2026-03-18T07:56:58.691+0000] {dag.py:3036} INFO - Sync 1 DAGs
[2026-03-18T07:56:58.700+0000] {logging_mixin.py:188} INFO - [2026-03-18T07:56:58.700+0000] {dag.py:3823} INFO - Setting next_dagrun for example_weekday_branch_operator to 2026-03-17 00:00:00+00:00, run_after=2026-03-18 00:00:00+00:00
[2026-03-18T07:56:58.707+0000] {processor.py:183} INFO - Processing /home/airflow/.local/lib/python3.8/site-packages/airflow/example_dags/example_branch_day_of_week_operator.py took 0.039 seconds
[2026-03-18T07:57:29.179+0000] {processor.py:161} INFO - Started process (PID=1408) to work on /home/airflow/.local/lib/python3.8/site-packages/airflow/example_dags/example_branch_day_of_week_operator.py
[2026-03-18T07:57:29.180+0000] {processor.py:830} INFO - Processing file /home/airflow/.local/lib/python3.8/site-packages/airflow/example_dags/example_branch_day_of_week_operator.py for tasks to queue
[2026-03-18T07:57:29.181+0000] {logging_mixin.py:188} INFO - [2026-03-18T07:57:29.181+0000] {dagbag.py:538} INFO - Filling up the DagBag from /home/airflow/.local/lib/python3.8/site-packages/airflow/example_dags/example_branch_day_of_week_operator.py
[2026-03-18T07:57:29.186+0000] {processor.py:840} INFO - DAG(s) 'example_weekday_branch_operator' retrieved from /home/airflow/.local/lib/python3.8/site-packages/airflow/example_dags/example_branch_day_of_week_operator.py
[2026-03-18T07:57:29.195+0000] {logging_mixin.py:188} INFO - [2026-03-18T07:57:29.195+0000] {dag.py:3036} INFO - Sync 1 DAGs
[2026-03-18T07:57:29.203+0000] {logging_mixin.py:188} INFO - [2026-03-18T07:57:29.203+0000] {dag.py:3823} INFO - Setting next_dagrun for example_weekday_branch_operator to 2026-03-17 00:00:00+00:00, run_after=2026-03-18 00:00:00+00:00
[2026-03-18T07:57:29.216+0000] {processor.py:183} INFO - Processing /home/airflow/.local/lib/python3.8/site-packages/airflow/example_dags/example_branch_day_of_week_operator.py took 0.039 seconds
[2026-03-18T07:57:59.715+0000] {processor.py:161} INFO - Started process (PID=1464) to work on /home/airflow/.local/lib/python3.8/site-packages/airflow/example_dags/example_branch_day_of_week_operator.py
[2026-03-18T07:57:59.716+0000] {processor.py:830} INFO - Processing file /home/airflow/.local/lib/python3.8/site-packages/airflow/example_dags/example_branch_day_of_week_operator.py for tasks to queue
[2026-03-18T07:57:59.717+0000] {logging_mixin.py:188} INFO - [2026-03-18T07:57:59.717+0000] {dagbag.py:538} INFO - Filling up the DagBag from /home/airflow/.local/lib/python3.8/site-packages/airflow/example_dags/example_branch_day_of_week_operator.py
[2026-03-18T07:57:59.721+0000] {processor.py:840} INFO - DAG(s) 'example_weekday_branch_operator' retrieved from /home/airflow/.local/lib/python3.8/site-packages/airflow/example_dags/example_branch_day_of_week_operator.py
[2026-03-18T07:57:59.736+0000] {logging_mixin.py:188} INFO - [2026-03-18T07:57:59.735+0000] {dag.py:3036} INFO - Sync 1 DAGs
[2026-03-18T07:57:59.745+0000] {logging_mixin.py:188} INFO - [2026-03-18T07:57:59.745+0000] {dag.py:3823} INFO - Setting next_dagrun for example_weekday_branch_operator to 2026-03-17 00:00:00+00:00, run_after=2026-03-18 00:00:00+00:00
[2026-03-18T07:57:59.751+0000] {processor.py:183} INFO - Processing /home/airflow/.local/lib/python3.8/site-packages/airflow/example_dags/example_branch_day_of_week_operator.py took 0.038 seconds
[2026-03-18T07:58:30.158+0000] {processor.py:161} INFO - Started process (PID=1520) to work on /home/airflow/.local/lib/python3.8/site-packages/airflow/example_dags/example_branch_day_of_week_operator.py
[2026-03-18T07:58:30.159+0000] {processor.py:830} INFO - Processing file /home/airflow/.local/lib/python3.8/site-packages/airflow/example_dags/example_branch_day_of_week_operator.py for tasks to queue
[2026-03-18T07:58:30.159+0000] {logging_mixin.py:188} INFO - [2026-03-18T07:58:30.159+0000] {dagbag.py:538} INFO - Filling up the DagBag from /home/airflow/.local/lib/python3.8/site-packages/airflow/example_dags/example_branch_day_of_week_operator.py
[2026-03-18T07:58:30.163+0000] {processor.py:840} INFO - DAG(s) 'example_weekday_branch_operator' retrieved from /home/airflow/.local/lib/python3.8/site-packages/airflow/example_dags/example_branch_day_of_week_operator.py
[2026-03-18T07:58:30.174+0000] {logging_mixin.py:188} INFO - [2026-03-18T07:58:30.174+0000] {dag.py:3036} INFO - Sync 1 DAGs
[2026-03-18T07:58:30.183+0000] {logging_mixin.py:188} INFO - [2026-03-18T07:58:30.183+0000] {dag.py:3823} INFO - Setting next_dagrun for example_weekday_branch_operator to 2026-03-17 00:00:00+00:00, run_after=2026-03-18 00:00:00+00:00
[2026-03-18T07:58:30.192+0000] {processor.py:183} INFO - Processing /home/airflow/.local/lib/python3.8/site-packages/airflow/example_dags/example_branch_day_of_week_operator.py took 0.036 seconds
[2026-03-18T07:59:00.679+0000] {processor.py:161} INFO - Started process (PID=1576) to work on /home/airflow/.local/lib/python3.8/site-packages/airflow/example_dags/example_branch_day_of_week_operator.py
[2026-03-18T07:59:00.680+0000] {processor.py:830} INFO - Processing file /home/airflow/.local/lib/python3.8/site-packages/airflow/example_dags/example_branch_day_of_week_operator.py for tasks to queue
[2026-03-18T07:59:00.681+0000] {logging_mixin.py:188} INFO - [2026-03-18T07:59:00.681+0000] {dagbag.py:538} INFO - Filling up the DagBag from /home/airflow/.local/lib/python3.8/site-packages/airflow/example_dags/example_branch_day_of_week_operator.py
[2026-03-18T07:59:00.685+0000] {processor.py:840} INFO - DAG(s) 'example_weekday_branch_operator' retrieved from /home/airflow/.local/lib/python3.8/site-packages/airflow/example_dags/example_branch_day_of_week_operator.py
[2026-03-18T07:59:00.696+0000] {logging_mixin.py:188} INFO - [2026-03-18T07:59:00.696+0000] {dag.py:3036} INFO - Sync 1 DAGs
[2026-03-18T07:59:00.706+0000] {logging_mixin.py:188} INFO - [2026-03-18T07:59:00.706+0000] {dag.py:3823} INFO - Setting next_dagrun for example_weekday_branch_operator to 2026-03-17 00:00:00+00:00, run_after=2026-03-18 00:00:00+00:00
[2026-03-18T07:59:00.720+0000] {processor.py:183} INFO - Processing /home/airflow/.local/lib/python3.8/site-packages/airflow/example_dags/example_branch_day_of_week_operator.py took 0.043 seconds
[2026-03-18T07:59:31.218+0000] {processor.py:161} INFO - Started process (PID=1632) to work on /home/airflow/.local/lib/python3.8/site-packages/airflow/example_dags/example_branch_day_of_week_operator.py
[2026-03-18T07:59:31.219+0000] {processor.py:830} INFO - Processing file /home/airflow/.local/lib/python3.8/site-packages/airflow/example_dags/example_branch_day_of_week_operator.py for tasks to queue
[2026-03-18T07:59:31.220+0000] {logging_mixin.py:188} INFO - [2026-03-18T07:59:31.219+0000] {dagbag.py:538} INFO - Filling up the DagBag from /home/airflow/.local/lib/python3.8/site-packages/airflow/example_dags/example_branch_day_of_week_operator.py
[2026-03-18T07:59:31.223+0000] {processor.py:840} INFO - DAG(s) 'example_weekday_branch_operator' retrieved from /home/airflow/.local/lib/python3.8/site-packages/airflow/example_dags/example_branch_day_of_week_operator.py
[2026-03-18T07:59:31.231+0000] {logging_mixin.py:188} INFO - [2026-03-18T07:59:31.231+0000] {dag.py:3036} INFO - Sync 1 DAGs
[2026-03-18T07:59:31.242+0000] {logging_mixin.py:188} INFO - [2026-03-18T07:59:31.242+0000] {dag.py:3823} INFO - Setting next_dagrun for example_weekday_branch_operator to 2026-03-17 00:00:00+00:00, run_after=2026-03-18 00:00:00+00:00
[2026-03-18T07:59:31.257+0000] {processor.py:183} INFO - Processing /home/airflow/.local/lib/python3.8/site-packages/airflow/example_dags/example_branch_day_of_week_operator.py took 0.040 seconds
[2026-03-18T08:00:01.788+0000] {processor.py:161} INFO - Started process (PID=68) to work on /home/airflow/.local/lib/python3.8/site-packages/airflow/example_dags/example_branch_day_of_week_operator.py
[2026-03-18T08:00:01.789+0000] {processor.py:830} INFO - Processing file /home/airflow/.local/lib/python3.8/site-packages/airflow/example_dags/example_branch_day_of_week_operator.py for tasks to queue
[2026-03-18T08:00:01.790+0000] {logging_mixin.py:188} INFO - [2026-03-18T08:00:01.790+0000] {dagbag.py:538} INFO - Filling up the DagBag from /home/airflow/.local/lib/python3.8/site-packages/airflow/example_dags/example_branch_day_of_week_operator.py
[2026-03-18T08:00:01.795+0000] {processor.py:840} INFO - DAG(s) 'example_weekday_branch_operator' retrieved from /home/airflow/.local/lib/python3.8/site-packages/airflow/example_dags/example_branch_day_of_week_operator.py
[2026-03-18T08:00:01.803+0000] {logging_mixin.py:188} INFO - [2026-03-18T08:00:01.803+0000] {dag.py:3036} INFO - Sync 1 DAGs
[2026-03-18T08:00:01.819+0000] {logging_mixin.py:188} INFO - [2026-03-18T08:00:01.819+0000] {dag.py:3823} INFO - Setting next_dagrun for example_weekday_branch_operator to 2026-03-17 00:00:00+00:00, run_after=2026-03-18 00:00:00+00:00
[2026-03-18T08:00:01.835+0000] {processor.py:183} INFO - Processing /home/airflow/.local/lib/python3.8/site-packages/airflow/example_dags/example_branch_day_of_week_operator.py took 0.049 seconds
[2026-03-18T08:00:32.310+0000] {processor.py:161} INFO - Started process (PID=123) to work on /home/airflow/.local/lib/python3.8/site-packages/airflow/example_dags/example_branch_day_of_week_operator.py
[2026-03-18T08:00:32.311+0000] {processor.py:830} INFO - Processing file /home/airflow/.local/lib/python3.8/site-packages/airflow/example_dags/example_branch_day_of_week_operator.py for tasks to queue
[2026-03-18T08:00:32.311+0000] {logging_mixin.py:188} INFO - [2026-03-18T08:00:32.311+0000] {dagbag.py:538} INFO - Filling up the DagBag from /home/airflow/.local/lib/python3.8/site-packages/airflow/example_dags/example_branch_day_of_week_operator.py
[2026-03-18T08:00:32.315+0000] {processor.py:840} INFO - DAG(s) 'example_weekday_branch_operator' retrieved from /home/airflow/.local/lib/python3.8/site-packages/airflow/example_dags/example_branch_day_of_week_operator.py
[2026-03-18T08:00:32.361+0000] {logging_mixin.py:188} INFO - [2026-03-18T08:00:32.360+0000] {dag.py:3036} INFO - Sync 1 DAGs
[2026-03-18T08:00:32.369+0000] {logging_mixin.py:188} INFO - [2026-03-18T08:00:32.369+0000] {dag.py:3823} INFO - Setting next_dagrun for example_weekday_branch_operator to 2026-03-17 00:00:00+00:00, run_after=2026-03-18 00:00:00+00:00
[2026-03-18T08:00:32.381+0000] {processor.py:183} INFO - Processing /home/airflow/.local/lib/python3.8/site-packages/airflow/example_dags/example_branch_day_of_week_operator.py took 0.072 seconds
[2026-03-18T08:01:03.211+0000] {processor.py:161} INFO - Started process (PID=179) to work on /home/airflow/.local/lib/python3.8/site-packages/airflow/example_dags/example_branch_day_of_week_operator.py
[2026-03-18T08:01:03.212+0000] {processor.py:830} INFO - Processing file /home/airflow/.local/lib/python3.8/site-packages/airflow/example_dags/example_branch_day_of_week_operator.py for tasks to queue
[2026-03-18T08:01:03.213+0000] {logging_mixin.py:188} INFO - [2026-03-18T08:01:03.213+0000] {dagbag.py:538} INFO - Filling up the DagBag from /home/airflow/.local/lib/python3.8/site-packages/airflow/example_dags/example_branch_day_of_week_operator.py
[2026-03-18T08:01:03.216+0000] {processor.py:840} INFO - DAG(s) 'example_weekday_branch_operator' retrieved from /home/airflow/.local/lib/python3.8/site-packages/airflow/example_dags/example_branch_day_of_week_operator.py
[2026-03-18T08:01:03.225+0000] {logging_mixin.py:188} INFO - [2026-03-18T08:01:03.225+0000] {dag.py:3036} INFO - Sync 1 DAGs
[2026-03-18T08:01:03.233+0000] {logging_mixin.py:188} INFO - [2026-03-18T08:01:03.233+0000] {dag.py:3823} INFO - Setting next_dagrun for example_weekday_branch_operator to 2026-03-17 00:00:00+00:00, run_after=2026-03-18 00:00:00+00:00
[2026-03-18T08:01:03.239+0000] {processor.py:183} INFO - Processing /home/airflow/.local/lib/python3.8/site-packages/airflow/example_dags/example_branch_day_of_week_operator.py took 0.030 seconds
[2026-03-18T08:01:33.701+0000] {processor.py:161} INFO - Started process (PID=235) to work on /home/airflow/.local/lib/python3.8/site-packages/airflow/example_dags/example_branch_day_of_week_operator.py
[2026-03-18T08:01:33.702+0000] {processor.py:830} INFO - Processing file /home/airflow/.local/lib/python3.8/site-packages/airflow/example_dags/example_branch_day_of_week_operator.py for tasks to queue
[2026-03-18T08:01:33.703+0000] {logging_mixin.py:188} INFO - [2026-03-18T08:01:33.703+0000] {dagbag.py:538} INFO - Filling up the DagBag from /home/airflow/.local/lib/python3.8/site-packages/airflow/example_dags/example_branch_day_of_week_operator.py
[2026-03-18T08:01:33.706+0000] {processor.py:840} INFO - DAG(s) 'example_weekday_branch_operator' retrieved from /home/airflow/.local/lib/python3.8/site-packages/airflow/example_dags/example_branch_day_of_week_operator.py
[2026-03-18T08:01:33.722+0000] {logging_mixin.py:188} INFO - [2026-03-18T08:01:33.721+0000] {dag.py:3036} INFO - Sync 1 DAGs
[2026-03-18T08:01:33.731+0000] {logging_mixin.py:188} INFO - [2026-03-18T08:01:33.731+0000] {dag.py:3823} INFO - Setting next_dagrun for example_weekday_branch_operator to 2026-03-17 00:00:00+00:00, run_after=2026-03-18 00:00:00+00:00
[2026-03-18T08:01:33.738+0000] {processor.py:183} INFO - Processing /home/airflow/.local/lib/python3.8/site-packages/airflow/example_dags/example_branch_day_of_week_operator.py took 0.039 seconds
[2026-03-18T08:02:04.256+0000] {processor.py:161} INFO - Started process (PID=290) to work on /home/airflow/.local/lib/python3.8/site-packages/airflow/example_dags/example_branch_day_of_week_operator.py
[2026-03-18T08:02:04.256+0000] {processor.py:830} INFO - Processing file /home/airflow/.local/lib/python3.8/site-packages/airflow/example_dags/example_branch_day_of_week_operator.py for tasks to queue
[2026-03-18T08:02:04.258+0000] {logging_mixin.py:188} INFO - [2026-03-18T08:02:04.258+0000] {dagbag.py:538} INFO - Filling up the DagBag from /home/airflow/.local/lib/python3.8/site-packages/airflow/example_dags/example_branch_day_of_week_operator.py
[2026-03-18T08:02:04.263+0000] {processor.py:840} INFO - DAG(s) 'example_weekday_branch_operator' retrieved from /home/airflow/.local/lib/python3.8/site-packages/airflow/example_dags/example_branch_day_of_week_operator.py
[2026-03-18T08:02:04.274+0000] {logging_mixin.py:188} INFO - [2026-03-18T08:02:04.274+0000] {dag.py:3036} INFO - Sync 1 DAGs
[2026-03-18T08:02:04.285+0000] {logging_mixin.py:188} INFO - [2026-03-18T08:02:04.285+0000] {dag.py:3823} INFO - Setting next_dagrun for example_weekday_branch_operator to 2026-03-17 00:00:00+00:00, run_after=2026-03-18 00:00:00+00:00
[2026-03-18T08:02:04.292+0000] {processor.py:183} INFO - Processing /home/airflow/.local/lib/python3.8/site-packages/airflow/example_dags/example_branch_day_of_week_operator.py took 0.039 seconds
[2026-03-18T08:02:34.868+0000] {processor.py:161} INFO - Started process (PID=346) to work on /home/airflow/.local/lib/python3.8/site-packages/airflow/example_dags/example_branch_day_of_week_operator.py
[2026-03-18T08:02:34.869+0000] {processor.py:830} INFO - Processing file /home/airflow/.local/lib/python3.8/site-packages/airflow/example_dags/example_branch_day_of_week_operator.py for tasks to queue
[2026-03-18T08:02:34.870+0000] {logging_mixin.py:188} INFO - [2026-03-18T08:02:34.870+0000] {dagbag.py:538} INFO - Filling up the DagBag from /home/airflow/.local/lib/python3.8/site-packages/airflow/example_dags/example_branch_day_of_week_operator.py
[2026-03-18T08:02:34.874+0000] {processor.py:840} INFO - DAG(s) 'example_weekday_branch_operator' retrieved from /home/airflow/.local/lib/python3.8/site-packages/airflow/example_dags/example_branch_day_of_week_operator.py
[2026-03-18T08:02:34.884+0000] {logging_mixin.py:188} INFO - [2026-03-18T08:02:34.884+0000] {dag.py:3036} INFO - Sync 1 DAGs
[2026-03-18T08:02:34.894+0000] {logging_mixin.py:188} INFO - [2026-03-18T08:02:34.894+0000] {dag.py:3823} INFO - Setting next_dagrun for example_weekday_branch_operator to 2026-03-17 00:00:00+00:00, run_after=2026-03-18 00:00:00+00:00
[2026-03-18T08:02:34.901+0000] {processor.py:183} INFO - Processing /home/airflow/.local/lib/python3.8/site-packages/airflow/example_dags/example_branch_day_of_week_operator.py took 0.035 seconds
[2026-03-18T08:03:05.473+0000] {processor.py:161} INFO - Started process (PID=402) to work on /home/airflow/.local/lib/python3.8/site-packages/airflow/example_dags/example_branch_day_of_week_operator.py
[2026-03-18T08:03:05.474+0000] {processor.py:830} INFO - Processing file /home/airflow/.local/lib/python3.8/site-packages/airflow/example_dags/example_branch_day_of_week_operator.py for tasks to queue
[2026-03-18T08:03:05.475+0000] {logging_mixin.py:188} INFO - [2026-03-18T08:03:05.475+0000] {dagbag.py:538} INFO - Filling up the DagBag from /home/airflow/.local/lib/python3.8/site-packages/airflow/example_dags/example_branch_day_of_week_operator.py
[2026-03-18T08:03:05.479+0000] {processor.py:840} INFO - DAG(s) 'example_weekday_branch_operator' retrieved from /home/airflow/.local/lib/python3.8/site-packages/airflow/example_dags/example_branch_day_of_week_operator.py
[2026-03-18T08:03:05.489+0000] {logging_mixin.py:188} INFO - [2026-03-18T08:03:05.489+0000] {dag.py:3036} INFO - Sync 1 DAGs
[2026-03-18T08:03:05.499+0000] {logging_mixin.py:188} INFO - [2026-03-18T08:03:05.499+0000] {dag.py:3823} INFO - Setting next_dagrun for example_weekday_branch_operator to 2026-03-17 00:00:00+00:00, run_after=2026-03-18 00:00:00+00:00
[2026-03-18T08:03:05.512+0000] {processor.py:183} INFO - Processing /home/airflow/.local/lib/python3.8/site-packages/airflow/example_dags/example_branch_day_of_week_operator.py took 0.040 seconds
[2026-03-18T08:03:36.093+0000] {processor.py:161} INFO - Started process (PID=464) to work on /home/airflow/.local/lib/python3.8/site-packages/airflow/example_dags/example_branch_day_of_week_operator.py
[2026-03-18T08:03:36.094+0000] {processor.py:830} INFO - Processing file /home/airflow/.local/lib/python3.8/site-packages/airflow/example_dags/example_branch_day_of_week_operator.py for tasks to queue
[2026-03-18T08:03:36.095+0000] {logging_mixin.py:188} INFO - [2026-03-18T08:03:36.095+0000] {dagbag.py:538} INFO - Filling up the DagBag from /home/airflow/.local/lib/python3.8/site-packages/airflow/example_dags/example_branch_day_of_week_operator.py
[2026-03-18T08:03:36.100+0000] {processor.py:840} INFO - DAG(s) 'example_weekday_branch_operator' retrieved from /home/airflow/.local/lib/python3.8/site-packages/airflow/example_dags/example_branch_day_of_week_operator.py
[2026-03-18T08:03:36.109+0000] {logging_mixin.py:188} INFO - [2026-03-18T08:03:36.109+0000] {dag.py:3036} INFO - Sync 1 DAGs
[2026-03-18T08:03:36.119+0000] {logging_mixin.py:188} INFO - [2026-03-18T08:03:36.119+0000] {dag.py:3823} INFO - Setting next_dagrun for example_weekday_branch_operator to 2026-03-17 00:00:00+00:00, run_after=2026-03-18 00:00:00+00:00
[2026-03-18T08:03:36.129+0000] {processor.py:183} INFO - Processing /home/airflow/.local/lib/python3.8/site-packages/airflow/example_dags/example_branch_day_of_week_operator.py took 0.037 seconds
[2026-03-18T08:04:06.647+0000] {processor.py:161} INFO - Started process (PID=520) to work on /home/airflow/.local/lib/python3.8/site-packages/airflow/example_dags/example_branch_day_of_week_operator.py
[2026-03-18T08:04:06.648+0000] {processor.py:830} INFO - Processing file /home/airflow/.local/lib/python3.8/site-packages/airflow/example_dags/example_branch_day_of_week_operator.py for tasks to queue
[2026-03-18T08:04:06.649+0000] {logging_mixin.py:188} INFO - [2026-03-18T08:04:06.649+0000] {dagbag.py:538} INFO - Filling up the DagBag from /home/airflow/.local/lib/python3.8/site-packages/airflow/example_dags/example_branch_day_of_week_operator.py
[2026-03-18T08:04:06.653+0000] {processor.py:840} INFO - DAG(s) 'example_weekday_branch_operator' retrieved from /home/airflow/.local/lib/python3.8/site-packages/airflow/example_dags/example_branch_day_of_week_operator.py
[2026-03-18T08:04:06.662+0000] {logging_mixin.py:188} INFO - [2026-03-18T08:04:06.662+0000] {dag.py:3036} INFO - Sync 1 DAGs
[2026-03-18T08:04:06.670+0000] {logging_mixin.py:188} INFO - [2026-03-18T08:04:06.670+0000] {dag.py:3823} INFO - Setting next_dagrun for example_weekday_branch_operator to 2026-03-17 00:00:00+00:00, run_after=2026-03-18 00:00:00+00:00
[2026-03-18T08:04:06.676+0000] {processor.py:183} INFO - Processing /home/airflow/.local/lib/python3.8/site-packages/airflow/example_dags/example_branch_day_of_week_operator.py took 0.031 seconds
[2026-03-18T08:04:29.522+0000] {processor.py:161} INFO - Started process (PID=68) to work on /home/airflow/.local/lib/python3.8/site-packages/airflow/example_dags/example_branch_day_of_week_operator.py
[2026-03-18T08:04:29.523+0000] {processor.py:830} INFO - Processing file /home/airflow/.local/lib/python3.8/site-packages/airflow/example_dags/example_branch_day_of_week_operator.py for tasks to queue
[2026-03-18T08:04:29.524+0000] {logging_mixin.py:188} INFO - [2026-03-18T08:04:29.524+0000] {dagbag.py:538} INFO - Filling up the DagBag from /home/airflow/.local/lib/python3.8/site-packages/airflow/example_dags/example_branch_day_of_week_operator.py
[2026-03-18T08:04:29.528+0000] {processor.py:840} INFO - DAG(s) 'example_weekday_branch_operator' retrieved from /home/airflow/.local/lib/python3.8/site-packages/airflow/example_dags/example_branch_day_of_week_operator.py
[2026-03-18T08:04:29.534+0000] {logging_mixin.py:188} INFO - [2026-03-18T08:04:29.534+0000] {dag.py:3036} INFO - Sync 1 DAGs
[2026-03-18T08:04:29.544+0000] {logging_mixin.py:188} INFO - [2026-03-18T08:04:29.543+0000] {dag.py:3823} INFO - Setting next_dagrun for example_weekday_branch_operator to 2026-03-17 00:00:00+00:00, run_after=2026-03-18 00:00:00+00:00
[2026-03-18T08:04:29.550+0000] {processor.py:183} INFO - Processing /home/airflow/.local/lib/python3.8/site-packages/airflow/example_dags/example_branch_day_of_week_operator.py took 0.030 seconds
[2026-03-18T08:05:00.031+0000] {processor.py:161} INFO - Started process (PID=124) to work on /home/airflow/.local/lib/python3.8/site-packages/airflow/example_dags/example_branch_day_of_week_operator.py
[2026-03-18T08:05:00.032+0000] {processor.py:830} INFO - Processing file /home/airflow/.local/lib/python3.8/site-packages/airflow/example_dags/example_branch_day_of_week_operator.py for tasks to queue
[2026-03-18T08:05:00.033+0000] {logging_mixin.py:188} INFO - [2026-03-18T08:05:00.033+0000] {dagbag.py:538} INFO - Filling up the DagBag from /home/airflow/.local/lib/python3.8/site-packages/airflow/example_dags/example_branch_day_of_week_operator.py
[2026-03-18T08:05:00.036+0000] {processor.py:840} INFO - DAG(s) 'example_weekday_branch_operator' retrieved from /home/airflow/.local/lib/python3.8/site-packages/airflow/example_dags/example_branch_day_of_week_operator.py
[2026-03-18T08:05:00.072+0000] {logging_mixin.py:188} INFO - [2026-03-18T08:05:00.072+0000] {dag.py:3036} INFO - Sync 1 DAGs
[2026-03-18T08:05:00.081+0000] {logging_mixin.py:188} INFO - [2026-03-18T08:05:00.081+0000] {dag.py:3823} INFO - Setting next_dagrun for example_weekday_branch_operator to 2026-03-17 00:00:00+00:00, run_after=2026-03-18 00:00:00+00:00
[2026-03-18T08:05:00.091+0000] {processor.py:183} INFO - Processing /home/airflow/.local/lib/python3.8/site-packages/airflow/example_dags/example_branch_day_of_week_operator.py took 0.061 seconds
[2026-03-18T08:05:31.031+0000] {processor.py:161} INFO - Started process (PID=179) to work on /home/airflow/.local/lib/python3.8/site-packages/airflow/example_dags/example_branch_day_of_week_operator.py
[2026-03-18T08:05:31.032+0000] {processor.py:830} INFO - Processing file /home/airflow/.local/lib/python3.8/site-packages/airflow/example_dags/example_branch_day_of_week_operator.py for tasks to queue
[2026-03-18T08:05:31.033+0000] {logging_mixin.py:188} INFO - [2026-03-18T08:05:31.033+0000] {dagbag.py:538} INFO - Filling up the DagBag from /home/airflow/.local/lib/python3.8/site-packages/airflow/example_dags/example_branch_day_of_week_operator.py
[2026-03-18T08:05:31.040+0000] {processor.py:840} INFO - DAG(s) 'example_weekday_branch_operator' retrieved from /home/airflow/.local/lib/python3.8/site-packages/airflow/example_dags/example_branch_day_of_week_operator.py
[2026-03-18T08:05:31.056+0000] {logging_mixin.py:188} INFO - [2026-03-18T08:05:31.055+0000] {dag.py:3036} INFO - Sync 1 DAGs
[2026-03-18T08:05:31.070+0000] {logging_mixin.py:188} INFO - [2026-03-18T08:05:31.070+0000] {dag.py:3823} INFO - Setting next_dagrun for example_weekday_branch_operator to 2026-03-17 00:00:00+00:00, run_after=2026-03-18 00:00:00+00:00
[2026-03-18T08:05:31.085+0000] {processor.py:183} INFO - Processing /home/airflow/.local/lib/python3.8/site-packages/airflow/example_dags/example_branch_day_of_week_operator.py took 0.056 seconds
[2026-03-18T08:06:14.598+0000] {processor.py:161} INFO - Started process (PID=114) to work on /home/airflow/.local/lib/python3.8/site-packages/airflow/example_dags/example_branch_day_of_week_operator.py
[2026-03-18T08:06:14.602+0000] {processor.py:830} INFO - Processing file /home/airflow/.local/lib/python3.8/site-packages/airflow/example_dags/example_branch_day_of_week_operator.py for tasks to queue
[2026-03-18T08:06:14.604+0000] {logging_mixin.py:188} INFO - [2026-03-18T08:06:14.603+0000] {dagbag.py:538} INFO - Filling up the DagBag from /home/airflow/.local/lib/python3.8/site-packages/airflow/example_dags/example_branch_day_of_week_operator.py
[2026-03-18T08:06:14.607+0000] {processor.py:840} INFO - DAG(s) 'example_weekday_branch_operator' retrieved from /home/airflow/.local/lib/python3.8/site-packages/airflow/example_dags/example_branch_day_of_week_operator.py
[2026-03-18T08:06:14.652+0000] {logging_mixin.py:188} INFO - [2026-03-18T08:06:14.652+0000] {dag.py:3036} INFO - Sync 1 DAGs
[2026-03-18T08:06:14.662+0000] {logging_mixin.py:188} INFO - [2026-03-18T08:06:14.662+0000] {dag.py:3823} INFO - Setting next_dagrun for example_weekday_branch_operator to 2026-03-17 00:00:00+00:00, run_after=2026-03-18 00:00:00+00:00
[2026-03-18T08:06:14.677+0000] {processor.py:183} INFO - Processing /home/airflow/.local/lib/python3.8/site-packages/airflow/example_dags/example_branch_day_of_week_operator.py took 0.081 seconds
[2026-03-18T08:06:45.366+0000] {processor.py:161} INFO - Started process (PID=170) to work on /home/airflow/.local/lib/python3.8/site-packages/airflow/example_dags/example_branch_day_of_week_operator.py
[2026-03-18T08:06:45.367+0000] {processor.py:830} INFO - Processing file /home/airflow/.local/lib/python3.8/site-packages/airflow/example_dags/example_branch_day_of_week_operator.py for tasks to queue
[2026-03-18T08:06:45.368+0000] {logging_mixin.py:188} INFO - [2026-03-18T08:06:45.368+0000] {dagbag.py:538} INFO - Filling up the DagBag from /home/airflow/.local/lib/python3.8/site-packages/airflow/example_dags/example_branch_day_of_week_operator.py
[2026-03-18T08:06:45.372+0000] {processor.py:840} INFO - DAG(s) 'example_weekday_branch_operator' retrieved from /home/airflow/.local/lib/python3.8/site-packages/airflow/example_dags/example_branch_day_of_week_operator.py
[2026-03-18T08:06:45.382+0000] {logging_mixin.py:188} INFO - [2026-03-18T08:06:45.382+0000] {dag.py:3036} INFO - Sync 1 DAGs
[2026-03-18T08:06:45.403+0000] {logging_mixin.py:188} INFO - [2026-03-18T08:06:45.403+0000] {dag.py:3823} INFO - Setting next_dagrun for example_weekday_branch_operator to 2026-03-17 00:00:00+00:00, run_after=2026-03-18 00:00:00+00:00
[2026-03-18T08:06:45.418+0000] {processor.py:183} INFO - Processing /home/airflow/.local/lib/python3.8/site-packages/airflow/example_dags/example_branch_day_of_week_operator.py took 0.054 seconds
[2026-03-18T08:07:16.046+0000] {processor.py:161} INFO - Started process (PID=232) to work on /home/airflow/.local/lib/python3.8/site-packages/airflow/example_dags/example_branch_day_of_week_operator.py
[2026-03-18T08:07:16.047+0000] {processor.py:830} INFO - Processing file /home/airflow/.local/lib/python3.8/site-packages/airflow/example_dags/example_branch_day_of_week_operator.py for tasks to queue
[2026-03-18T08:07:16.049+0000] {logging_mixin.py:188} INFO - [2026-03-18T08:07:16.049+0000] {dagbag.py:538} INFO - Filling up the DagBag from /home/airflow/.local/lib/python3.8/site-packages/airflow/example_dags/example_branch_day_of_week_operator.py
[2026-03-18T08:07:16.052+0000] {processor.py:840} INFO - DAG(s) 'example_weekday_branch_operator' retrieved from /home/airflow/.local/lib/python3.8/site-packages/airflow/example_dags/example_branch_day_of_week_operator.py
[2026-03-18T08:07:16.063+0000] {logging_mixin.py:188} INFO - [2026-03-18T08:07:16.063+0000] {dag.py:3036} INFO - Sync 1 DAGs
[2026-03-18T08:07:16.072+0000] {logging_mixin.py:188} INFO - [2026-03-18T08:07:16.072+0000] {dag.py:3823} INFO - Setting next_dagrun for example_weekday_branch_operator to 2026-03-17 00:00:00+00:00, run_after=2026-03-18 00:00:00+00:00
[2026-03-18T08:07:16.085+0000] {processor.py:183} INFO - Processing /home/airflow/.local/lib/python3.8/site-packages/airflow/example_dags/example_branch_day_of_week_operator.py took 0.042 seconds
[2026-03-18T08:07:46.574+0000] {processor.py:161} INFO - Started process (PID=288) to work on /home/airflow/.local/lib/python3.8/site-packages/airflow/example_dags/example_branch_day_of_week_operator.py
[2026-03-18T08:07:46.575+0000] {processor.py:830} INFO - Processing file /home/airflow/.local/lib/python3.8/site-packages/airflow/example_dags/example_branch_day_of_week_operator.py for tasks to queue
[2026-03-18T08:07:46.577+0000] {logging_mixin.py:188} INFO - [2026-03-18T08:07:46.577+0000] {dagbag.py:538} INFO - Filling up the DagBag from /home/airflow/.local/lib/python3.8/site-packages/airflow/example_dags/example_branch_day_of_week_operator.py
[2026-03-18T08:07:46.582+0000] {processor.py:840} INFO - DAG(s) 'example_weekday_branch_operator' retrieved from /home/airflow/.local/lib/python3.8/site-packages/airflow/example_dags/example_branch_day_of_week_operator.py
[2026-03-18T08:07:46.594+0000] {logging_mixin.py:188} INFO - [2026-03-18T08:07:46.594+0000] {dag.py:3036} INFO - Sync 1 DAGs
[2026-03-18T08:07:46.605+0000] {logging_mixin.py:188} INFO - [2026-03-18T08:07:46.605+0000] {dag.py:3823} INFO - Setting next_dagrun for example_weekday_branch_operator to 2026-03-17 00:00:00+00:00, run_after=2026-03-18 00:00:00+00:00
[2026-03-18T08:07:46.612+0000] {processor.py:183} INFO - Processing /home/airflow/.local/lib/python3.8/site-packages/airflow/example_dags/example_branch_day_of_week_operator.py took 0.039 seconds
[2026-03-18T08:08:17.083+0000] {processor.py:161} INFO - Started process (PID=344) to work on /home/airflow/.local/lib/python3.8/site-packages/airflow/example_dags/example_branch_day_of_week_operator.py
[2026-03-18T08:08:17.083+0000] {processor.py:830} INFO - Processing file /home/airflow/.local/lib/python3.8/site-packages/airflow/example_dags/example_branch_day_of_week_operator.py for tasks to queue
[2026-03-18T08:08:17.084+0000] {logging_mixin.py:188} INFO - [2026-03-18T08:08:17.084+0000] {dagbag.py:538} INFO - Filling up the DagBag from /home/airflow/.local/lib/python3.8/site-packages/airflow/example_dags/example_branch_day_of_week_operator.py
[2026-03-18T08:08:17.088+0000] {processor.py:840} INFO - DAG(s) 'example_weekday_branch_operator' retrieved from /home/airflow/.local/lib/python3.8/site-packages/airflow/example_dags/example_branch_day_of_week_operator.py
[2026-03-18T08:08:17.103+0000] {logging_mixin.py:188} INFO - [2026-03-18T08:08:17.102+0000] {dag.py:3036} INFO - Sync 1 DAGs
[2026-03-18T08:08:17.114+0000] {logging_mixin.py:188} INFO - [2026-03-18T08:08:17.114+0000] {dag.py:3823} INFO - Setting next_dagrun for example_weekday_branch_operator to 2026-03-17 00:00:00+00:00, run_after=2026-03-18 00:00:00+00:00
[2026-03-18T08:08:17.125+0000] {processor.py:183} INFO - Processing /home/airflow/.local/lib/python3.8/site-packages/airflow/example_dags/example_branch_day_of_week_operator.py took 0.044 seconds
[2026-03-18T08:08:47.633+0000] {processor.py:161} INFO - Started process (PID=400) to work on /home/airflow/.local/lib/python3.8/site-packages/airflow/example_dags/example_branch_day_of_week_operator.py
[2026-03-18T08:08:47.634+0000] {processor.py:830} INFO - Processing file /home/airflow/.local/lib/python3.8/site-packages/airflow/example_dags/example_branch_day_of_week_operator.py for tasks to queue
[2026-03-18T08:08:47.635+0000] {logging_mixin.py:188} INFO - [2026-03-18T08:08:47.635+0000] {dagbag.py:538} INFO - Filling up the DagBag from /home/airflow/.local/lib/python3.8/site-packages/airflow/example_dags/example_branch_day_of_week_operator.py
[2026-03-18T08:08:47.637+0000] {processor.py:840} INFO - DAG(s) 'example_weekday_branch_operator' retrieved from /home/airflow/.local/lib/python3.8/site-packages/airflow/example_dags/example_branch_day_of_week_operator.py
[2026-03-18T08:08:47.645+0000] {logging_mixin.py:188} INFO - [2026-03-18T08:08:47.645+0000] {dag.py:3036} INFO - Sync 1 DAGs
[2026-03-18T08:08:47.652+0000] {logging_mixin.py:188} INFO - [2026-03-18T08:08:47.652+0000] {dag.py:3823} INFO - Setting next_dagrun for example_weekday_branch_operator to 2026-03-17 00:00:00+00:00, run_after=2026-03-18 00:00:00+00:00
[2026-03-18T08:08:47.658+0000] {processor.py:183} INFO - Processing /home/airflow/.local/lib/python3.8/site-packages/airflow/example_dags/example_branch_day_of_week_operator.py took 0.026 seconds
[2026-03-18T08:09:18.144+0000] {processor.py:161} INFO - Started process (PID=456) to work on /home/airflow/.local/lib/python3.8/site-packages/airflow/example_dags/example_branch_day_of_week_operator.py
[2026-03-18T08:09:18.144+0000] {processor.py:830} INFO - Processing file /home/airflow/.local/lib/python3.8/site-packages/airflow/example_dags/example_branch_day_of_week_operator.py for tasks to queue
[2026-03-18T08:09:18.145+0000] {logging_mixin.py:188} INFO - [2026-03-18T08:09:18.145+0000] {dagbag.py:538} INFO - Filling up the DagBag from /home/airflow/.local/lib/python3.8/site-packages/airflow/example_dags/example_branch_day_of_week_operator.py
[2026-03-18T08:09:18.149+0000] {processor.py:840} INFO - DAG(s) 'example_weekday_branch_operator' retrieved from /home/airflow/.local/lib/python3.8/site-packages/airflow/example_dags/example_branch_day_of_week_operator.py
[2026-03-18T08:09:18.159+0000] {logging_mixin.py:188} INFO - [2026-03-18T08:09:18.158+0000] {dag.py:3036} INFO - Sync 1 DAGs
[2026-03-18T08:09:18.170+0000] {logging_mixin.py:188} INFO - [2026-03-18T08:09:18.170+0000] {dag.py:3823} INFO - Setting next_dagrun for example_weekday_branch_operator to 2026-03-17 00:00:00+00:00, run_after=2026-03-18 00:00:00+00:00
[2026-03-18T08:09:18.182+0000] {processor.py:183} INFO - Processing /home/airflow/.local/lib/python3.8/site-packages/airflow/example_dags/example_branch_day_of_week_operator.py took 0.040 seconds
[2026-03-18T08:09:48.677+0000] {processor.py:161} INFO - Started process (PID=512) to work on /home/airflow/.local/lib/python3.8/site-packages/airflow/example_dags/example_branch_day_of_week_operator.py
[2026-03-18T08:09:48.677+0000] {processor.py:830} INFO - Processing file /home/airflow/.local/lib/python3.8/site-packages/airflow/example_dags/example_branch_day_of_week_operator.py for tasks to queue
[2026-03-18T08:09:48.678+0000] {logging_mixin.py:188} INFO - [2026-03-18T08:09:48.678+0000] {dagbag.py:538} INFO - Filling up the DagBag from /home/airflow/.local/lib/python3.8/site-packages/airflow/example_dags/example_branch_day_of_week_operator.py
[2026-03-18T08:09:48.681+0000] {processor.py:840} INFO - DAG(s) 'example_weekday_branch_operator' retrieved from /home/airflow/.local/lib/python3.8/site-packages/airflow/example_dags/example_branch_day_of_week_operator.py
[2026-03-18T08:09:48.692+0000] {logging_mixin.py:188} INFO - [2026-03-18T08:09:48.692+0000] {dag.py:3036} INFO - Sync 1 DAGs
[2026-03-18T08:09:48.706+0000] {logging_mixin.py:188} INFO - [2026-03-18T08:09:48.706+0000] {dag.py:3823} INFO - Setting next_dagrun for example_weekday_branch_operator to 2026-03-17 00:00:00+00:00, run_after=2026-03-18 00:00:00+00:00
[2026-03-18T08:09:48.716+0000] {processor.py:183} INFO - Processing /home/airflow/.local/lib/python3.8/site-packages/airflow/example_dags/example_branch_day_of_week_operator.py took 0.041 seconds
[2026-03-18T08:10:19.220+0000] {processor.py:161} INFO - Started process (PID=568) to work on /home/airflow/.local/lib/python3.8/site-packages/airflow/example_dags/example_branch_day_of_week_operator.py
[2026-03-18T08:10:19.222+0000] {processor.py:830} INFO - Processing file /home/airflow/.local/lib/python3.8/site-packages/airflow/example_dags/example_branch_day_of_week_operator.py for tasks to queue
[2026-03-18T08:10:19.223+0000] {logging_mixin.py:188} INFO - [2026-03-18T08:10:19.223+0000] {dagbag.py:538} INFO - Filling up the DagBag from /home/airflow/.local/lib/python3.8/site-packages/airflow/example_dags/example_branch_day_of_week_operator.py
[2026-03-18T08:10:19.227+0000] {processor.py:840} INFO - DAG(s) 'example_weekday_branch_operator' retrieved from /home/airflow/.local/lib/python3.8/site-packages/airflow/example_dags/example_branch_day_of_week_operator.py
[2026-03-18T08:10:19.236+0000] {logging_mixin.py:188} INFO - [2026-03-18T08:10:19.236+0000] {dag.py:3036} INFO - Sync 1 DAGs
[2026-03-18T08:10:19.245+0000] {logging_mixin.py:188} INFO - [2026-03-18T08:10:19.245+0000] {dag.py:3823} INFO - Setting next_dagrun for example_weekday_branch_operator to 2026-03-17 00:00:00+00:00, run_after=2026-03-18 00:00:00+00:00
[2026-03-18T08:10:19.256+0000] {processor.py:183} INFO - Processing /home/airflow/.local/lib/python3.8/site-packages/airflow/example_dags/example_branch_day_of_week_operator.py took 0.038 seconds
[2026-03-18T08:10:49.752+0000] {processor.py:161} INFO - Started process (PID=624) to work on /home/airflow/.local/lib/python3.8/site-packages/airflow/example_dags/example_branch_day_of_week_operator.py
[2026-03-18T08:10:49.753+0000] {processor.py:830} INFO - Processing file /home/airflow/.local/lib/python3.8/site-packages/airflow/example_dags/example_branch_day_of_week_operator.py for tasks to queue
[2026-03-18T08:10:49.754+0000] {logging_mixin.py:188} INFO - [2026-03-18T08:10:49.754+0000] {dagbag.py:538} INFO - Filling up the DagBag from /home/airflow/.local/lib/python3.8/site-packages/airflow/example_dags/example_branch_day_of_week_operator.py
[2026-03-18T08:10:49.759+0000] {processor.py:840} INFO - DAG(s) 'example_weekday_branch_operator' retrieved from /home/airflow/.local/lib/python3.8/site-packages/airflow/example_dags/example_branch_day_of_week_operator.py
[2026-03-18T08:10:49.769+0000] {logging_mixin.py:188} INFO - [2026-03-18T08:10:49.769+0000] {dag.py:3036} INFO - Sync 1 DAGs
[2026-03-18T08:10:49.780+0000] {logging_mixin.py:188} INFO - [2026-03-18T08:10:49.780+0000] {dag.py:3823} INFO - Setting next_dagrun for example_weekday_branch_operator to 2026-03-17 00:00:00+00:00, run_after=2026-03-18 00:00:00+00:00
[2026-03-18T08:10:49.789+0000] {processor.py:183} INFO - Processing /home/airflow/.local/lib/python3.8/site-packages/airflow/example_dags/example_branch_day_of_week_operator.py took 0.039 seconds
[2026-03-18T08:11:20.220+0000] {processor.py:161} INFO - Started process (PID=680) to work on /home/airflow/.local/lib/python3.8/site-packages/airflow/example_dags/example_branch_day_of_week_operator.py
[2026-03-18T08:11:20.220+0000] {processor.py:830} INFO - Processing file /home/airflow/.local/lib/python3.8/site-packages/airflow/example_dags/example_branch_day_of_week_operator.py for tasks to queue
[2026-03-18T08:11:20.221+0000] {logging_mixin.py:188} INFO - [2026-03-18T08:11:20.221+0000] {dagbag.py:538} INFO - Filling up the DagBag from /home/airflow/.local/lib/python3.8/site-packages/airflow/example_dags/example_branch_day_of_week_operator.py
[2026-03-18T08:11:20.226+0000] {processor.py:840} INFO - DAG(s) 'example_weekday_branch_operator' retrieved from /home/airflow/.local/lib/python3.8/site-packages/airflow/example_dags/example_branch_day_of_week_operator.py
[2026-03-18T08:11:20.235+0000] {logging_mixin.py:188} INFO - [2026-03-18T08:11:20.235+0000] {dag.py:3036} INFO - Sync 1 DAGs
[2026-03-18T08:11:20.245+0000] {logging_mixin.py:188} INFO - [2026-03-18T08:11:20.245+0000] {dag.py:3823} INFO - Setting next_dagrun for example_weekday_branch_operator to 2026-03-17 00:00:00+00:00, run_after=2026-03-18 00:00:00+00:00
[2026-03-18T08:11:20.258+0000] {processor.py:183} INFO - Processing /home/airflow/.local/lib/python3.8/site-packages/airflow/example_dags/example_branch_day_of_week_operator.py took 0.040 seconds
[2026-03-18T08:11:50.769+0000] {processor.py:161} INFO - Started process (PID=736) to work on /home/airflow/.local/lib/python3.8/site-packages/airflow/example_dags/example_branch_day_of_week_operator.py
[2026-03-18T08:11:50.770+0000] {processor.py:830} INFO - Processing file /home/airflow/.local/lib/python3.8/site-packages/airflow/example_dags/example_branch_day_of_week_operator.py for tasks to queue
[2026-03-18T08:11:50.770+0000] {logging_mixin.py:188} INFO - [2026-03-18T08:11:50.770+0000] {dagbag.py:538} INFO - Filling up the DagBag from /home/airflow/.local/lib/python3.8/site-packages/airflow/example_dags/example_branch_day_of_week_operator.py
[2026-03-18T08:11:50.775+0000] {processor.py:840} INFO - DAG(s) 'example_weekday_branch_operator' retrieved from /home/airflow/.local/lib/python3.8/site-packages/airflow/example_dags/example_branch_day_of_week_operator.py
[2026-03-18T08:11:50.786+0000] {logging_mixin.py:188} INFO - [2026-03-18T08:11:50.786+0000] {dag.py:3036} INFO - Sync 1 DAGs
[2026-03-18T08:11:50.795+0000] {logging_mixin.py:188} INFO - [2026-03-18T08:11:50.795+0000] {dag.py:3823} INFO - Setting next_dagrun for example_weekday_branch_operator to 2026-03-17 00:00:00+00:00, run_after=2026-03-18 00:00:00+00:00
[2026-03-18T08:11:50.801+0000] {processor.py:183} INFO - Processing /home/airflow/.local/lib/python3.8/site-packages/airflow/example_dags/example_branch_day_of_week_operator.py took 0.034 seconds
[2026-03-18T08:12:21.316+0000] {processor.py:161} INFO - Started process (PID=792) to work on /home/airflow/.local/lib/python3.8/site-packages/airflow/example_dags/example_branch_day_of_week_operator.py
[2026-03-18T08:12:21.316+0000] {processor.py:830} INFO - Processing file /home/airflow/.local/lib/python3.8/site-packages/airflow/example_dags/example_branch_day_of_week_operator.py for tasks to queue
[2026-03-18T08:12:21.317+0000] {logging_mixin.py:188} INFO - [2026-03-18T08:12:21.317+0000] {dagbag.py:538} INFO - Filling up the DagBag from /home/airflow/.local/lib/python3.8/site-packages/airflow/example_dags/example_branch_day_of_week_operator.py
[2026-03-18T08:12:21.321+0000] {processor.py:840} INFO - DAG(s) 'example_weekday_branch_operator' retrieved from /home/airflow/.local/lib/python3.8/site-packages/airflow/example_dags/example_branch_day_of_week_operator.py
[2026-03-18T08:12:21.333+0000] {logging_mixin.py:188} INFO - [2026-03-18T08:12:21.332+0000] {dag.py:3036} INFO - Sync 1 DAGs
[2026-03-18T08:12:21.344+0000] {logging_mixin.py:188} INFO - [2026-03-18T08:12:21.343+0000] {dag.py:3823} INFO - Setting next_dagrun for example_weekday_branch_operator to 2026-03-17 00:00:00+00:00, run_after=2026-03-18 00:00:00+00:00
[2026-03-18T08:12:21.359+0000] {processor.py:183} INFO - Processing /home/airflow/.local/lib/python3.8/site-packages/airflow/example_dags/example_branch_day_of_week_operator.py took 0.045 seconds
[2026-03-18T08:12:51.692+0000] {processor.py:161} INFO - Started process (PID=848) to work on /home/airflow/.local/lib/python3.8/site-packages/airflow/example_dags/example_branch_day_of_week_operator.py
[2026-03-18T08:12:51.694+0000] {processor.py:830} INFO - Processing file /home/airflow/.local/lib/python3.8/site-packages/airflow/example_dags/example_branch_day_of_week_operator.py for tasks to queue
[2026-03-18T08:12:51.695+0000] {logging_mixin.py:188} INFO - [2026-03-18T08:12:51.695+0000] {dagbag.py:538} INFO - Filling up the DagBag from /home/airflow/.local/lib/python3.8/site-packages/airflow/example_dags/example_branch_day_of_week_operator.py
[2026-03-18T08:12:51.699+0000] {processor.py:840} INFO - DAG(s) 'example_weekday_branch_operator' retrieved from /home/airflow/.local/lib/python3.8/site-packages/airflow/example_dags/example_branch_day_of_week_operator.py
[2026-03-18T08:12:51.707+0000] {logging_mixin.py:188} INFO - [2026-03-18T08:12:51.707+0000] {dag.py:3036} INFO - Sync 1 DAGs
[2026-03-18T08:12:51.715+0000] {logging_mixin.py:188} INFO - [2026-03-18T08:12:51.715+0000] {dag.py:3823} INFO - Setting next_dagrun for example_weekday_branch_operator to 2026-03-17 00:00:00+00:00, run_after=2026-03-18 00:00:00+00:00
[2026-03-18T08:12:51.728+0000] {processor.py:183} INFO - Processing /home/airflow/.local/lib/python3.8/site-packages/airflow/example_dags/example_branch_day_of_week_operator.py took 0.037 seconds
[2026-03-18T08:13:22.146+0000] {processor.py:161} INFO - Started process (PID=904) to work on /home/airflow/.local/lib/python3.8/site-packages/airflow/example_dags/example_branch_day_of_week_operator.py
[2026-03-18T08:13:22.147+0000] {processor.py:830} INFO - Processing file /home/airflow/.local/lib/python3.8/site-packages/airflow/example_dags/example_branch_day_of_week_operator.py for tasks to queue
[2026-03-18T08:13:22.148+0000] {logging_mixin.py:188} INFO - [2026-03-18T08:13:22.148+0000] {dagbag.py:538} INFO - Filling up the DagBag from /home/airflow/.local/lib/python3.8/site-packages/airflow/example_dags/example_branch_day_of_week_operator.py
[2026-03-18T08:13:22.152+0000] {processor.py:840} INFO - DAG(s) 'example_weekday_branch_operator' retrieved from /home/airflow/.local/lib/python3.8/site-packages/airflow/example_dags/example_branch_day_of_week_operator.py
[2026-03-18T08:13:22.166+0000] {logging_mixin.py:188} INFO - [2026-03-18T08:13:22.166+0000] {dag.py:3036} INFO - Sync 1 DAGs
[2026-03-18T08:13:22.177+0000] {logging_mixin.py:188} INFO - [2026-03-18T08:13:22.177+0000] {dag.py:3823} INFO - Setting next_dagrun for example_weekday_branch_operator to 2026-03-17 00:00:00+00:00, run_after=2026-03-18 00:00:00+00:00
[2026-03-18T08:13:22.187+0000] {processor.py:183} INFO - Processing /home/airflow/.local/lib/python3.8/site-packages/airflow/example_dags/example_branch_day_of_week_operator.py took 0.042 seconds
[2026-03-18T08:13:52.733+0000] {processor.py:161} INFO - Started process (PID=960) to work on /home/airflow/.local/lib/python3.8/site-packages/airflow/example_dags/example_branch_day_of_week_operator.py
[2026-03-18T08:13:52.734+0000] {processor.py:830} INFO - Processing file /home/airflow/.local/lib/python3.8/site-packages/airflow/example_dags/example_branch_day_of_week_operator.py for tasks to queue
[2026-03-18T08:13:52.735+0000] {logging_mixin.py:188} INFO - [2026-03-18T08:13:52.735+0000] {dagbag.py:538} INFO - Filling up the DagBag from /home/airflow/.local/lib/python3.8/site-packages/airflow/example_dags/example_branch_day_of_week_operator.py
[2026-03-18T08:13:52.739+0000] {processor.py:840} INFO - DAG(s) 'example_weekday_branch_operator' retrieved from /home/airflow/.local/lib/python3.8/site-packages/airflow/example_dags/example_branch_day_of_week_operator.py
[2026-03-18T08:13:52.749+0000] {logging_mixin.py:188} INFO - [2026-03-18T08:13:52.748+0000] {dag.py:3036} INFO - Sync 1 DAGs
[2026-03-18T08:13:52.758+0000] {logging_mixin.py:188} INFO - [2026-03-18T08:13:52.758+0000] {dag.py:3823} INFO - Setting next_dagrun for example_weekday_branch_operator to 2026-03-17 00:00:00+00:00, run_after=2026-03-18 00:00:00+00:00
[2026-03-18T08:13:52.766+0000] {processor.py:183} INFO - Processing /home/airflow/.local/lib/python3.8/site-packages/airflow/example_dags/example_branch_day_of_week_operator.py took 0.035 seconds
[2026-03-18T08:14:23.296+0000] {processor.py:161} INFO - Started process (PID=1016) to work on /home/airflow/.local/lib/python3.8/site-packages/airflow/example_dags/example_branch_day_of_week_operator.py
[2026-03-18T08:14:23.298+0000] {processor.py:830} INFO - Processing file /home/airflow/.local/lib/python3.8/site-packages/airflow/example_dags/example_branch_day_of_week_operator.py for tasks to queue
[2026-03-18T08:14:23.299+0000] {logging_mixin.py:188} INFO - [2026-03-18T08:14:23.299+0000] {dagbag.py:538} INFO - Filling up the DagBag from /home/airflow/.local/lib/python3.8/site-packages/airflow/example_dags/example_branch_day_of_week_operator.py
[2026-03-18T08:14:23.303+0000] {processor.py:840} INFO - DAG(s) 'example_weekday_branch_operator' retrieved from /home/airflow/.local/lib/python3.8/site-packages/airflow/example_dags/example_branch_day_of_week_operator.py
[2026-03-18T08:14:23.314+0000] {logging_mixin.py:188} INFO - [2026-03-18T08:14:23.313+0000] {dag.py:3036} INFO - Sync 1 DAGs
[2026-03-18T08:14:23.327+0000] {logging_mixin.py:188} INFO - [2026-03-18T08:14:23.326+0000] {dag.py:3823} INFO - Setting next_dagrun for example_weekday_branch_operator to 2026-03-17 00:00:00+00:00, run_after=2026-03-18 00:00:00+00:00
[2026-03-18T08:14:23.340+0000] {processor.py:183} INFO - Processing /home/airflow/.local/lib/python3.8/site-packages/airflow/example_dags/example_branch_day_of_week_operator.py took 0.045 seconds
[2026-03-18T08:14:53.885+0000] {processor.py:161} INFO - Started process (PID=1072) to work on /home/airflow/.local/lib/python3.8/site-packages/airflow/example_dags/example_branch_day_of_week_operator.py
[2026-03-18T08:14:53.886+0000] {processor.py:830} INFO - Processing file /home/airflow/.local/lib/python3.8/site-packages/airflow/example_dags/example_branch_day_of_week_operator.py for tasks to queue
[2026-03-18T08:14:53.887+0000] {logging_mixin.py:188} INFO - [2026-03-18T08:14:53.887+0000] {dagbag.py:538} INFO - Filling up the DagBag from /home/airflow/.local/lib/python3.8/site-packages/airflow/example_dags/example_branch_day_of_week_operator.py
[2026-03-18T08:14:53.891+0000] {processor.py:840} INFO - DAG(s) 'example_weekday_branch_operator' retrieved from /home/airflow/.local/lib/python3.8/site-packages/airflow/example_dags/example_branch_day_of_week_operator.py
[2026-03-18T08:14:53.901+0000] {logging_mixin.py:188} INFO - [2026-03-18T08:14:53.901+0000] {dag.py:3036} INFO - Sync 1 DAGs
[2026-03-18T08:14:53.912+0000] {logging_mixin.py:188} INFO - [2026-03-18T08:14:53.912+0000] {dag.py:3823} INFO - Setting next_dagrun for example_weekday_branch_operator to 2026-03-17 00:00:00+00:00, run_after=2026-03-18 00:00:00+00:00
[2026-03-18T08:14:53.926+0000] {processor.py:183} INFO - Processing /home/airflow/.local/lib/python3.8/site-packages/airflow/example_dags/example_branch_day_of_week_operator.py took 0.043 seconds
[2026-03-18T08:15:24.564+0000] {processor.py:161} INFO - Started process (PID=1128) to work on /home/airflow/.local/lib/python3.8/site-packages/airflow/example_dags/example_branch_day_of_week_operator.py
[2026-03-18T08:15:24.565+0000] {processor.py:830} INFO - Processing file /home/airflow/.local/lib/python3.8/site-packages/airflow/example_dags/example_branch_day_of_week_operator.py for tasks to queue
[2026-03-18T08:15:24.566+0000] {logging_mixin.py:188} INFO - [2026-03-18T08:15:24.566+0000] {dagbag.py:538} INFO - Filling up the DagBag from /home/airflow/.local/lib/python3.8/site-packages/airflow/example_dags/example_branch_day_of_week_operator.py
[2026-03-18T08:15:24.570+0000] {processor.py:840} INFO - DAG(s) 'example_weekday_branch_operator' retrieved from /home/airflow/.local/lib/python3.8/site-packages/airflow/example_dags/example_branch_day_of_week_operator.py
[2026-03-18T08:15:24.582+0000] {logging_mixin.py:188} INFO - [2026-03-18T08:15:24.582+0000] {dag.py:3036} INFO - Sync 1 DAGs
[2026-03-18T08:15:24.593+0000] {logging_mixin.py:188} INFO - [2026-03-18T08:15:24.593+0000] {dag.py:3823} INFO - Setting next_dagrun for example_weekday_branch_operator to 2026-03-17 00:00:00+00:00, run_after=2026-03-18 00:00:00+00:00
[2026-03-18T08:15:24.605+0000] {processor.py:183} INFO - Processing /home/airflow/.local/lib/python3.8/site-packages/airflow/example_dags/example_branch_day_of_week_operator.py took 0.043 seconds
[2026-03-18T08:15:55.099+0000] {processor.py:161} INFO - Started process (PID=1184) to work on /home/airflow/.local/lib/python3.8/site-packages/airflow/example_dags/example_branch_day_of_week_operator.py
[2026-03-18T08:15:55.100+0000] {processor.py:830} INFO - Processing file /home/airflow/.local/lib/python3.8/site-packages/airflow/example_dags/example_branch_day_of_week_operator.py for tasks to queue
[2026-03-18T08:15:55.101+0000] {logging_mixin.py:188} INFO - [2026-03-18T08:15:55.101+0000] {dagbag.py:538} INFO - Filling up the DagBag from /home/airflow/.local/lib/python3.8/site-packages/airflow/example_dags/example_branch_day_of_week_operator.py
[2026-03-18T08:15:55.105+0000] {processor.py:840} INFO - DAG(s) 'example_weekday_branch_operator' retrieved from /home/airflow/.local/lib/python3.8/site-packages/airflow/example_dags/example_branch_day_of_week_operator.py
[2026-03-18T08:15:55.113+0000] {logging_mixin.py:188} INFO - [2026-03-18T08:15:55.113+0000] {dag.py:3036} INFO - Sync 1 DAGs
[2026-03-18T08:15:55.122+0000] {logging_mixin.py:188} INFO - [2026-03-18T08:15:55.122+0000] {dag.py:3823} INFO - Setting next_dagrun for example_weekday_branch_operator to 2026-03-17 00:00:00+00:00, run_after=2026-03-18 00:00:00+00:00
[2026-03-18T08:15:55.128+0000] {processor.py:183} INFO - Processing /home/airflow/.local/lib/python3.8/site-packages/airflow/example_dags/example_branch_day_of_week_operator.py took 0.031 seconds
[2026-03-18T08:16:25.632+0000] {processor.py:161} INFO - Started process (PID=1240) to work on /home/airflow/.local/lib/python3.8/site-packages/airflow/example_dags/example_branch_day_of_week_operator.py
[2026-03-18T08:16:25.633+0000] {processor.py:830} INFO - Processing file /home/airflow/.local/lib/python3.8/site-packages/airflow/example_dags/example_branch_day_of_week_operator.py for tasks to queue
[2026-03-18T08:16:25.634+0000] {logging_mixin.py:188} INFO - [2026-03-18T08:16:25.633+0000] {dagbag.py:538} INFO - Filling up the DagBag from /home/airflow/.local/lib/python3.8/site-packages/airflow/example_dags/example_branch_day_of_week_operator.py
[2026-03-18T08:16:25.638+0000] {processor.py:840} INFO - DAG(s) 'example_weekday_branch_operator' retrieved from /home/airflow/.local/lib/python3.8/site-packages/airflow/example_dags/example_branch_day_of_week_operator.py
[2026-03-18T08:16:25.648+0000] {logging_mixin.py:188} INFO - [2026-03-18T08:16:25.648+0000] {dag.py:3036} INFO - Sync 1 DAGs
[2026-03-18T08:16:25.658+0000] {logging_mixin.py:188} INFO - [2026-03-18T08:16:25.658+0000] {dag.py:3823} INFO - Setting next_dagrun for example_weekday_branch_operator to 2026-03-17 00:00:00+00:00, run_after=2026-03-18 00:00:00+00:00
[2026-03-18T08:16:25.669+0000] {processor.py:183} INFO - Processing /home/airflow/.local/lib/python3.8/site-packages/airflow/example_dags/example_branch_day_of_week_operator.py took 0.039 seconds
[2026-03-18T08:16:56.186+0000] {processor.py:161} INFO - Started process (PID=1297) to work on /home/airflow/.local/lib/python3.8/site-packages/airflow/example_dags/example_branch_day_of_week_operator.py
[2026-03-18T08:16:56.187+0000] {processor.py:830} INFO - Processing file /home/airflow/.local/lib/python3.8/site-packages/airflow/example_dags/example_branch_day_of_week_operator.py for tasks to queue
[2026-03-18T08:16:56.188+0000] {logging_mixin.py:188} INFO - [2026-03-18T08:16:56.188+0000] {dagbag.py:538} INFO - Filling up the DagBag from /home/airflow/.local/lib/python3.8/site-packages/airflow/example_dags/example_branch_day_of_week_operator.py
[2026-03-18T08:16:56.195+0000] {processor.py:840} INFO - DAG(s) 'example_weekday_branch_operator' retrieved from /home/airflow/.local/lib/python3.8/site-packages/airflow/example_dags/example_branch_day_of_week_operator.py
[2026-03-18T08:16:56.204+0000] {logging_mixin.py:188} INFO - [2026-03-18T08:16:56.204+0000] {dag.py:3036} INFO - Sync 1 DAGs
[2026-03-18T08:16:56.213+0000] {logging_mixin.py:188} INFO - [2026-03-18T08:16:56.213+0000] {dag.py:3823} INFO - Setting next_dagrun for example_weekday_branch_operator to 2026-03-17 00:00:00+00:00, run_after=2026-03-18 00:00:00+00:00
[2026-03-18T08:16:56.227+0000] {processor.py:183} INFO - Processing /home/airflow/.local/lib/python3.8/site-packages/airflow/example_dags/example_branch_day_of_week_operator.py took 0.043 seconds
