[2026-03-18T07:45:18.535+0000] {processor.py:161} INFO - Started process (PID=66) to work on /home/airflow/.local/lib/python3.8/site-packages/airflow/example_dags/tutorial_taskflow_api.py
[2026-03-18T07:45:18.535+0000] {processor.py:830} INFO - Processing file /home/airflow/.local/lib/python3.8/site-packages/airflow/example_dags/tutorial_taskflow_api.py for tasks to queue
[2026-03-18T07:45:18.536+0000] {logging_mixin.py:188} INFO - [2026-03-18T07:45:18.536+0000] {dagbag.py:538} INFO - Filling up the DagBag from /home/airflow/.local/lib/python3.8/site-packages/airflow/example_dags/tutorial_taskflow_api.py
[2026-03-18T07:45:18.539+0000] {processor.py:840} INFO - DAG(s) 'tutorial_taskflow_api' retrieved from /home/airflow/.local/lib/python3.8/site-packages/airflow/example_dags/tutorial_taskflow_api.py
[2026-03-18T07:45:18.580+0000] {logging_mixin.py:188} INFO - [2026-03-18T07:45:18.580+0000] {override.py:1769} INFO - Created Permission View: can read on DAG:tutorial_taskflow_api
[2026-03-18T07:45:18.585+0000] {logging_mixin.py:188} INFO - [2026-03-18T07:45:18.584+0000] {override.py:1769} INFO - Created Permission View: can delete on DAG:tutorial_taskflow_api
[2026-03-18T07:45:18.588+0000] {logging_mixin.py:188} INFO - [2026-03-18T07:45:18.587+0000] {override.py:1769} INFO - Created Permission View: can edit on DAG:tutorial_taskflow_api
[2026-03-18T07:45:18.588+0000] {logging_mixin.py:188} INFO - [2026-03-18T07:45:18.588+0000] {dag.py:3036} INFO - Sync 1 DAGs
[2026-03-18T07:45:18.593+0000] {logging_mixin.py:188} INFO - [2026-03-18T07:45:18.593+0000] {dag.py:3058} INFO - Creating ORM DAG for tutorial_taskflow_api
[2026-03-18T07:45:18.593+0000] {logging_mixin.py:188} INFO - [2026-03-18T07:45:18.593+0000] {dag.py:3823} INFO - Setting next_dagrun for tutorial_taskflow_api to None, run_after=None
[2026-03-18T07:45:18.602+0000] {processor.py:183} INFO - Processing /home/airflow/.local/lib/python3.8/site-packages/airflow/example_dags/tutorial_taskflow_api.py took 0.069 seconds
[2026-03-18T07:45:49.381+0000] {processor.py:161} INFO - Started process (PID=121) to work on /home/airflow/.local/lib/python3.8/site-packages/airflow/example_dags/tutorial_taskflow_api.py
[2026-03-18T07:45:49.382+0000] {processor.py:830} INFO - Processing file /home/airflow/.local/lib/python3.8/site-packages/airflow/example_dags/tutorial_taskflow_api.py for tasks to queue
[2026-03-18T07:45:49.383+0000] {logging_mixin.py:188} INFO - [2026-03-18T07:45:49.382+0000] {dagbag.py:538} INFO - Filling up the DagBag from /home/airflow/.local/lib/python3.8/site-packages/airflow/example_dags/tutorial_taskflow_api.py
[2026-03-18T07:45:49.385+0000] {processor.py:840} INFO - DAG(s) 'tutorial_taskflow_api' retrieved from /home/airflow/.local/lib/python3.8/site-packages/airflow/example_dags/tutorial_taskflow_api.py
[2026-03-18T07:45:49.393+0000] {logging_mixin.py:188} INFO - [2026-03-18T07:45:49.393+0000] {dag.py:3036} INFO - Sync 1 DAGs
[2026-03-18T07:45:49.399+0000] {logging_mixin.py:188} INFO - [2026-03-18T07:45:49.399+0000] {dag.py:3823} INFO - Setting next_dagrun for tutorial_taskflow_api to None, run_after=None
[2026-03-18T07:45:49.408+0000] {processor.py:183} INFO - Processing /home/airflow/.local/lib/python3.8/site-packages/airflow/example_dags/tutorial_taskflow_api.py took 0.028 seconds
[2026-03-18T07:46:19.768+0000] {processor.py:161} INFO - Started process (PID=176) to work on /home/airflow/.local/lib/python3.8/site-packages/airflow/example_dags/tutorial_taskflow_api.py
[2026-03-18T07:46:19.769+0000] {processor.py:830} INFO - Processing file /home/airflow/.local/lib/python3.8/site-packages/airflow/example_dags/tutorial_taskflow_api.py for tasks to queue
[2026-03-18T07:46:19.769+0000] {logging_mixin.py:188} INFO - [2026-03-18T07:46:19.769+0000] {dagbag.py:538} INFO - Filling up the DagBag from /home/airflow/.local/lib/python3.8/site-packages/airflow/example_dags/tutorial_taskflow_api.py
[2026-03-18T07:46:19.772+0000] {processor.py:840} INFO - DAG(s) 'tutorial_taskflow_api' retrieved from /home/airflow/.local/lib/python3.8/site-packages/airflow/example_dags/tutorial_taskflow_api.py
[2026-03-18T07:46:19.781+0000] {logging_mixin.py:188} INFO - [2026-03-18T07:46:19.781+0000] {dag.py:3036} INFO - Sync 1 DAGs
[2026-03-18T07:46:19.785+0000] {logging_mixin.py:188} INFO - [2026-03-18T07:46:19.785+0000] {dag.py:3823} INFO - Setting next_dagrun for tutorial_taskflow_api to None, run_after=None
[2026-03-18T07:46:19.791+0000] {processor.py:183} INFO - Processing /home/airflow/.local/lib/python3.8/site-packages/airflow/example_dags/tutorial_taskflow_api.py took 0.025 seconds
[2026-03-18T07:46:50.130+0000] {processor.py:161} INFO - Started process (PID=231) to work on /home/airflow/.local/lib/python3.8/site-packages/airflow/example_dags/tutorial_taskflow_api.py
[2026-03-18T07:46:50.132+0000] {processor.py:830} INFO - Processing file /home/airflow/.local/lib/python3.8/site-packages/airflow/example_dags/tutorial_taskflow_api.py for tasks to queue
[2026-03-18T07:46:50.133+0000] {logging_mixin.py:188} INFO - [2026-03-18T07:46:50.133+0000] {dagbag.py:538} INFO - Filling up the DagBag from /home/airflow/.local/lib/python3.8/site-packages/airflow/example_dags/tutorial_taskflow_api.py
[2026-03-18T07:46:50.137+0000] {processor.py:840} INFO - DAG(s) 'tutorial_taskflow_api' retrieved from /home/airflow/.local/lib/python3.8/site-packages/airflow/example_dags/tutorial_taskflow_api.py
[2026-03-18T07:46:50.145+0000] {logging_mixin.py:188} INFO - [2026-03-18T07:46:50.145+0000] {dag.py:3036} INFO - Sync 1 DAGs
[2026-03-18T07:46:50.150+0000] {logging_mixin.py:188} INFO - [2026-03-18T07:46:50.150+0000] {dag.py:3823} INFO - Setting next_dagrun for tutorial_taskflow_api to None, run_after=None
[2026-03-18T07:46:50.157+0000] {processor.py:183} INFO - Processing /home/airflow/.local/lib/python3.8/site-packages/airflow/example_dags/tutorial_taskflow_api.py took 0.029 seconds
[2026-03-18T07:47:20.462+0000] {processor.py:161} INFO - Started process (PID=286) to work on /home/airflow/.local/lib/python3.8/site-packages/airflow/example_dags/tutorial_taskflow_api.py
[2026-03-18T07:47:20.463+0000] {processor.py:830} INFO - Processing file /home/airflow/.local/lib/python3.8/site-packages/airflow/example_dags/tutorial_taskflow_api.py for tasks to queue
[2026-03-18T07:47:20.465+0000] {logging_mixin.py:188} INFO - [2026-03-18T07:47:20.465+0000] {dagbag.py:538} INFO - Filling up the DagBag from /home/airflow/.local/lib/python3.8/site-packages/airflow/example_dags/tutorial_taskflow_api.py
[2026-03-18T07:47:20.468+0000] {processor.py:840} INFO - DAG(s) 'tutorial_taskflow_api' retrieved from /home/airflow/.local/lib/python3.8/site-packages/airflow/example_dags/tutorial_taskflow_api.py
[2026-03-18T07:47:20.478+0000] {logging_mixin.py:188} INFO - [2026-03-18T07:47:20.478+0000] {dag.py:3036} INFO - Sync 1 DAGs
[2026-03-18T07:47:20.483+0000] {logging_mixin.py:188} INFO - [2026-03-18T07:47:20.483+0000] {dag.py:3823} INFO - Setting next_dagrun for tutorial_taskflow_api to None, run_after=None
[2026-03-18T07:47:20.495+0000] {processor.py:183} INFO - Processing /home/airflow/.local/lib/python3.8/site-packages/airflow/example_dags/tutorial_taskflow_api.py took 0.035 seconds
[2026-03-18T07:47:50.896+0000] {processor.py:161} INFO - Started process (PID=341) to work on /home/airflow/.local/lib/python3.8/site-packages/airflow/example_dags/tutorial_taskflow_api.py
[2026-03-18T07:47:50.896+0000] {processor.py:830} INFO - Processing file /home/airflow/.local/lib/python3.8/site-packages/airflow/example_dags/tutorial_taskflow_api.py for tasks to queue
[2026-03-18T07:47:50.897+0000] {logging_mixin.py:188} INFO - [2026-03-18T07:47:50.897+0000] {dagbag.py:538} INFO - Filling up the DagBag from /home/airflow/.local/lib/python3.8/site-packages/airflow/example_dags/tutorial_taskflow_api.py
[2026-03-18T07:47:50.900+0000] {processor.py:840} INFO - DAG(s) 'tutorial_taskflow_api' retrieved from /home/airflow/.local/lib/python3.8/site-packages/airflow/example_dags/tutorial_taskflow_api.py
[2026-03-18T07:47:50.908+0000] {logging_mixin.py:188} INFO - [2026-03-18T07:47:50.908+0000] {dag.py:3036} INFO - Sync 1 DAGs
[2026-03-18T07:47:50.913+0000] {logging_mixin.py:188} INFO - [2026-03-18T07:47:50.913+0000] {dag.py:3823} INFO - Setting next_dagrun for tutorial_taskflow_api to None, run_after=None
[2026-03-18T07:47:50.923+0000] {processor.py:183} INFO - Processing /home/airflow/.local/lib/python3.8/site-packages/airflow/example_dags/tutorial_taskflow_api.py took 0.028 seconds
[2026-03-18T07:48:21.316+0000] {processor.py:161} INFO - Started process (PID=396) to work on /home/airflow/.local/lib/python3.8/site-packages/airflow/example_dags/tutorial_taskflow_api.py
[2026-03-18T07:48:21.317+0000] {processor.py:830} INFO - Processing file /home/airflow/.local/lib/python3.8/site-packages/airflow/example_dags/tutorial_taskflow_api.py for tasks to queue
[2026-03-18T07:48:21.319+0000] {logging_mixin.py:188} INFO - [2026-03-18T07:48:21.319+0000] {dagbag.py:538} INFO - Filling up the DagBag from /home/airflow/.local/lib/python3.8/site-packages/airflow/example_dags/tutorial_taskflow_api.py
[2026-03-18T07:48:21.323+0000] {processor.py:840} INFO - DAG(s) 'tutorial_taskflow_api' retrieved from /home/airflow/.local/lib/python3.8/site-packages/airflow/example_dags/tutorial_taskflow_api.py
[2026-03-18T07:48:21.332+0000] {logging_mixin.py:188} INFO - [2026-03-18T07:48:21.332+0000] {dag.py:3036} INFO - Sync 1 DAGs
[2026-03-18T07:48:21.336+0000] {logging_mixin.py:188} INFO - [2026-03-18T07:48:21.336+0000] {dag.py:3823} INFO - Setting next_dagrun for tutorial_taskflow_api to None, run_after=None
[2026-03-18T07:48:21.343+0000] {processor.py:183} INFO - Processing /home/airflow/.local/lib/python3.8/site-packages/airflow/example_dags/tutorial_taskflow_api.py took 0.028 seconds
[2026-03-18T07:48:51.599+0000] {processor.py:161} INFO - Started process (PID=451) to work on /home/airflow/.local/lib/python3.8/site-packages/airflow/example_dags/tutorial_taskflow_api.py
[2026-03-18T07:48:51.599+0000] {processor.py:830} INFO - Processing file /home/airflow/.local/lib/python3.8/site-packages/airflow/example_dags/tutorial_taskflow_api.py for tasks to queue
[2026-03-18T07:48:51.600+0000] {logging_mixin.py:188} INFO - [2026-03-18T07:48:51.600+0000] {dagbag.py:538} INFO - Filling up the DagBag from /home/airflow/.local/lib/python3.8/site-packages/airflow/example_dags/tutorial_taskflow_api.py
[2026-03-18T07:48:51.603+0000] {processor.py:840} INFO - DAG(s) 'tutorial_taskflow_api' retrieved from /home/airflow/.local/lib/python3.8/site-packages/airflow/example_dags/tutorial_taskflow_api.py
[2026-03-18T07:48:51.611+0000] {logging_mixin.py:188} INFO - [2026-03-18T07:48:51.611+0000] {dag.py:3036} INFO - Sync 1 DAGs
[2026-03-18T07:48:51.616+0000] {logging_mixin.py:188} INFO - [2026-03-18T07:48:51.616+0000] {dag.py:3823} INFO - Setting next_dagrun for tutorial_taskflow_api to None, run_after=None
[2026-03-18T07:48:51.625+0000] {processor.py:183} INFO - Processing /home/airflow/.local/lib/python3.8/site-packages/airflow/example_dags/tutorial_taskflow_api.py took 0.028 seconds
[2026-03-18T07:49:21.850+0000] {processor.py:161} INFO - Started process (PID=506) to work on /home/airflow/.local/lib/python3.8/site-packages/airflow/example_dags/tutorial_taskflow_api.py
[2026-03-18T07:49:21.850+0000] {processor.py:830} INFO - Processing file /home/airflow/.local/lib/python3.8/site-packages/airflow/example_dags/tutorial_taskflow_api.py for tasks to queue
[2026-03-18T07:49:21.851+0000] {logging_mixin.py:188} INFO - [2026-03-18T07:49:21.851+0000] {dagbag.py:538} INFO - Filling up the DagBag from /home/airflow/.local/lib/python3.8/site-packages/airflow/example_dags/tutorial_taskflow_api.py
[2026-03-18T07:49:21.854+0000] {processor.py:840} INFO - DAG(s) 'tutorial_taskflow_api' retrieved from /home/airflow/.local/lib/python3.8/site-packages/airflow/example_dags/tutorial_taskflow_api.py
[2026-03-18T07:49:21.861+0000] {logging_mixin.py:188} INFO - [2026-03-18T07:49:21.861+0000] {dag.py:3036} INFO - Sync 1 DAGs
[2026-03-18T07:49:21.867+0000] {logging_mixin.py:188} INFO - [2026-03-18T07:49:21.867+0000] {dag.py:3823} INFO - Setting next_dagrun for tutorial_taskflow_api to None, run_after=None
[2026-03-18T07:49:21.874+0000] {processor.py:183} INFO - Processing /home/airflow/.local/lib/python3.8/site-packages/airflow/example_dags/tutorial_taskflow_api.py took 0.026 seconds
[2026-03-18T07:49:52.135+0000] {processor.py:161} INFO - Started process (PID=567) to work on /home/airflow/.local/lib/python3.8/site-packages/airflow/example_dags/tutorial_taskflow_api.py
[2026-03-18T07:49:52.137+0000] {processor.py:830} INFO - Processing file /home/airflow/.local/lib/python3.8/site-packages/airflow/example_dags/tutorial_taskflow_api.py for tasks to queue
[2026-03-18T07:49:52.138+0000] {logging_mixin.py:188} INFO - [2026-03-18T07:49:52.138+0000] {dagbag.py:538} INFO - Filling up the DagBag from /home/airflow/.local/lib/python3.8/site-packages/airflow/example_dags/tutorial_taskflow_api.py
[2026-03-18T07:49:52.142+0000] {processor.py:840} INFO - DAG(s) 'tutorial_taskflow_api' retrieved from /home/airflow/.local/lib/python3.8/site-packages/airflow/example_dags/tutorial_taskflow_api.py
[2026-03-18T07:49:52.152+0000] {logging_mixin.py:188} INFO - [2026-03-18T07:49:52.151+0000] {dag.py:3036} INFO - Sync 1 DAGs
[2026-03-18T07:49:52.158+0000] {logging_mixin.py:188} INFO - [2026-03-18T07:49:52.158+0000] {dag.py:3823} INFO - Setting next_dagrun for tutorial_taskflow_api to None, run_after=None
[2026-03-18T07:49:52.165+0000] {processor.py:183} INFO - Processing /home/airflow/.local/lib/python3.8/site-packages/airflow/example_dags/tutorial_taskflow_api.py took 0.031 seconds
[2026-03-18T07:50:22.524+0000] {processor.py:161} INFO - Started process (PID=623) to work on /home/airflow/.local/lib/python3.8/site-packages/airflow/example_dags/tutorial_taskflow_api.py
[2026-03-18T07:50:22.525+0000] {processor.py:830} INFO - Processing file /home/airflow/.local/lib/python3.8/site-packages/airflow/example_dags/tutorial_taskflow_api.py for tasks to queue
[2026-03-18T07:50:22.526+0000] {logging_mixin.py:188} INFO - [2026-03-18T07:50:22.526+0000] {dagbag.py:538} INFO - Filling up the DagBag from /home/airflow/.local/lib/python3.8/site-packages/airflow/example_dags/tutorial_taskflow_api.py
[2026-03-18T07:50:22.529+0000] {processor.py:840} INFO - DAG(s) 'tutorial_taskflow_api' retrieved from /home/airflow/.local/lib/python3.8/site-packages/airflow/example_dags/tutorial_taskflow_api.py
[2026-03-18T07:50:22.541+0000] {logging_mixin.py:188} INFO - [2026-03-18T07:50:22.540+0000] {dag.py:3036} INFO - Sync 1 DAGs
[2026-03-18T07:50:22.546+0000] {logging_mixin.py:188} INFO - [2026-03-18T07:50:22.546+0000] {dag.py:3823} INFO - Setting next_dagrun for tutorial_taskflow_api to None, run_after=None
[2026-03-18T07:50:22.560+0000] {processor.py:183} INFO - Processing /home/airflow/.local/lib/python3.8/site-packages/airflow/example_dags/tutorial_taskflow_api.py took 0.037 seconds
[2026-03-18T07:50:53.005+0000] {processor.py:161} INFO - Started process (PID=679) to work on /home/airflow/.local/lib/python3.8/site-packages/airflow/example_dags/tutorial_taskflow_api.py
[2026-03-18T07:50:53.006+0000] {processor.py:830} INFO - Processing file /home/airflow/.local/lib/python3.8/site-packages/airflow/example_dags/tutorial_taskflow_api.py for tasks to queue
[2026-03-18T07:50:53.008+0000] {logging_mixin.py:188} INFO - [2026-03-18T07:50:53.007+0000] {dagbag.py:538} INFO - Filling up the DagBag from /home/airflow/.local/lib/python3.8/site-packages/airflow/example_dags/tutorial_taskflow_api.py
[2026-03-18T07:50:53.012+0000] {processor.py:840} INFO - DAG(s) 'tutorial_taskflow_api' retrieved from /home/airflow/.local/lib/python3.8/site-packages/airflow/example_dags/tutorial_taskflow_api.py
[2026-03-18T07:50:53.023+0000] {logging_mixin.py:188} INFO - [2026-03-18T07:50:53.022+0000] {dag.py:3036} INFO - Sync 1 DAGs
[2026-03-18T07:50:53.028+0000] {logging_mixin.py:188} INFO - [2026-03-18T07:50:53.028+0000] {dag.py:3823} INFO - Setting next_dagrun for tutorial_taskflow_api to None, run_after=None
[2026-03-18T07:50:53.036+0000] {processor.py:183} INFO - Processing /home/airflow/.local/lib/python3.8/site-packages/airflow/example_dags/tutorial_taskflow_api.py took 0.032 seconds
[2026-03-18T07:51:23.526+0000] {processor.py:161} INFO - Started process (PID=735) to work on /home/airflow/.local/lib/python3.8/site-packages/airflow/example_dags/tutorial_taskflow_api.py
[2026-03-18T07:51:23.527+0000] {processor.py:830} INFO - Processing file /home/airflow/.local/lib/python3.8/site-packages/airflow/example_dags/tutorial_taskflow_api.py for tasks to queue
[2026-03-18T07:51:23.527+0000] {logging_mixin.py:188} INFO - [2026-03-18T07:51:23.527+0000] {dagbag.py:538} INFO - Filling up the DagBag from /home/airflow/.local/lib/python3.8/site-packages/airflow/example_dags/tutorial_taskflow_api.py
[2026-03-18T07:51:23.530+0000] {processor.py:840} INFO - DAG(s) 'tutorial_taskflow_api' retrieved from /home/airflow/.local/lib/python3.8/site-packages/airflow/example_dags/tutorial_taskflow_api.py
[2026-03-18T07:51:23.539+0000] {logging_mixin.py:188} INFO - [2026-03-18T07:51:23.539+0000] {dag.py:3036} INFO - Sync 1 DAGs
[2026-03-18T07:51:23.545+0000] {logging_mixin.py:188} INFO - [2026-03-18T07:51:23.545+0000] {dag.py:3823} INFO - Setting next_dagrun for tutorial_taskflow_api to None, run_after=None
[2026-03-18T07:51:23.558+0000] {processor.py:183} INFO - Processing /home/airflow/.local/lib/python3.8/site-packages/airflow/example_dags/tutorial_taskflow_api.py took 0.034 seconds
[2026-03-18T07:51:54.038+0000] {processor.py:161} INFO - Started process (PID=791) to work on /home/airflow/.local/lib/python3.8/site-packages/airflow/example_dags/tutorial_taskflow_api.py
[2026-03-18T07:51:54.038+0000] {processor.py:830} INFO - Processing file /home/airflow/.local/lib/python3.8/site-packages/airflow/example_dags/tutorial_taskflow_api.py for tasks to queue
[2026-03-18T07:51:54.039+0000] {logging_mixin.py:188} INFO - [2026-03-18T07:51:54.039+0000] {dagbag.py:538} INFO - Filling up the DagBag from /home/airflow/.local/lib/python3.8/site-packages/airflow/example_dags/tutorial_taskflow_api.py
[2026-03-18T07:51:54.042+0000] {processor.py:840} INFO - DAG(s) 'tutorial_taskflow_api' retrieved from /home/airflow/.local/lib/python3.8/site-packages/airflow/example_dags/tutorial_taskflow_api.py
[2026-03-18T07:51:54.053+0000] {logging_mixin.py:188} INFO - [2026-03-18T07:51:54.053+0000] {dag.py:3036} INFO - Sync 1 DAGs
[2026-03-18T07:51:54.059+0000] {logging_mixin.py:188} INFO - [2026-03-18T07:51:54.059+0000] {dag.py:3823} INFO - Setting next_dagrun for tutorial_taskflow_api to None, run_after=None
[2026-03-18T07:51:54.071+0000] {processor.py:183} INFO - Processing /home/airflow/.local/lib/python3.8/site-packages/airflow/example_dags/tutorial_taskflow_api.py took 0.035 seconds
[2026-03-18T07:52:24.560+0000] {processor.py:161} INFO - Started process (PID=847) to work on /home/airflow/.local/lib/python3.8/site-packages/airflow/example_dags/tutorial_taskflow_api.py
[2026-03-18T07:52:24.561+0000] {processor.py:830} INFO - Processing file /home/airflow/.local/lib/python3.8/site-packages/airflow/example_dags/tutorial_taskflow_api.py for tasks to queue
[2026-03-18T07:52:24.562+0000] {logging_mixin.py:188} INFO - [2026-03-18T07:52:24.562+0000] {dagbag.py:538} INFO - Filling up the DagBag from /home/airflow/.local/lib/python3.8/site-packages/airflow/example_dags/tutorial_taskflow_api.py
[2026-03-18T07:52:24.565+0000] {processor.py:840} INFO - DAG(s) 'tutorial_taskflow_api' retrieved from /home/airflow/.local/lib/python3.8/site-packages/airflow/example_dags/tutorial_taskflow_api.py
[2026-03-18T07:52:24.576+0000] {logging_mixin.py:188} INFO - [2026-03-18T07:52:24.576+0000] {dag.py:3036} INFO - Sync 1 DAGs
[2026-03-18T07:52:24.582+0000] {logging_mixin.py:188} INFO - [2026-03-18T07:52:24.582+0000] {dag.py:3823} INFO - Setting next_dagrun for tutorial_taskflow_api to None, run_after=None
[2026-03-18T07:52:24.595+0000] {processor.py:183} INFO - Processing /home/airflow/.local/lib/python3.8/site-packages/airflow/example_dags/tutorial_taskflow_api.py took 0.036 seconds
[2026-03-18T07:52:55.029+0000] {processor.py:161} INFO - Started process (PID=903) to work on /home/airflow/.local/lib/python3.8/site-packages/airflow/example_dags/tutorial_taskflow_api.py
[2026-03-18T07:52:55.030+0000] {processor.py:830} INFO - Processing file /home/airflow/.local/lib/python3.8/site-packages/airflow/example_dags/tutorial_taskflow_api.py for tasks to queue
[2026-03-18T07:52:55.032+0000] {logging_mixin.py:188} INFO - [2026-03-18T07:52:55.032+0000] {dagbag.py:538} INFO - Filling up the DagBag from /home/airflow/.local/lib/python3.8/site-packages/airflow/example_dags/tutorial_taskflow_api.py
[2026-03-18T07:52:55.036+0000] {processor.py:840} INFO - DAG(s) 'tutorial_taskflow_api' retrieved from /home/airflow/.local/lib/python3.8/site-packages/airflow/example_dags/tutorial_taskflow_api.py
[2026-03-18T07:52:55.048+0000] {logging_mixin.py:188} INFO - [2026-03-18T07:52:55.048+0000] {dag.py:3036} INFO - Sync 1 DAGs
[2026-03-18T07:52:55.053+0000] {logging_mixin.py:188} INFO - [2026-03-18T07:52:55.053+0000] {dag.py:3823} INFO - Setting next_dagrun for tutorial_taskflow_api to None, run_after=None
[2026-03-18T07:52:55.065+0000] {processor.py:183} INFO - Processing /home/airflow/.local/lib/python3.8/site-packages/airflow/example_dags/tutorial_taskflow_api.py took 0.038 seconds
[2026-03-18T07:53:25.499+0000] {processor.py:161} INFO - Started process (PID=959) to work on /home/airflow/.local/lib/python3.8/site-packages/airflow/example_dags/tutorial_taskflow_api.py
[2026-03-18T07:53:25.499+0000] {processor.py:830} INFO - Processing file /home/airflow/.local/lib/python3.8/site-packages/airflow/example_dags/tutorial_taskflow_api.py for tasks to queue
[2026-03-18T07:53:25.501+0000] {logging_mixin.py:188} INFO - [2026-03-18T07:53:25.501+0000] {dagbag.py:538} INFO - Filling up the DagBag from /home/airflow/.local/lib/python3.8/site-packages/airflow/example_dags/tutorial_taskflow_api.py
[2026-03-18T07:53:25.504+0000] {processor.py:840} INFO - DAG(s) 'tutorial_taskflow_api' retrieved from /home/airflow/.local/lib/python3.8/site-packages/airflow/example_dags/tutorial_taskflow_api.py
[2026-03-18T07:53:25.517+0000] {logging_mixin.py:188} INFO - [2026-03-18T07:53:25.517+0000] {dag.py:3036} INFO - Sync 1 DAGs
[2026-03-18T07:53:25.523+0000] {logging_mixin.py:188} INFO - [2026-03-18T07:53:25.523+0000] {dag.py:3823} INFO - Setting next_dagrun for tutorial_taskflow_api to None, run_after=None
[2026-03-18T07:53:25.531+0000] {processor.py:183} INFO - Processing /home/airflow/.local/lib/python3.8/site-packages/airflow/example_dags/tutorial_taskflow_api.py took 0.035 seconds
[2026-03-18T07:53:56.011+0000] {processor.py:161} INFO - Started process (PID=1015) to work on /home/airflow/.local/lib/python3.8/site-packages/airflow/example_dags/tutorial_taskflow_api.py
[2026-03-18T07:53:56.011+0000] {processor.py:830} INFO - Processing file /home/airflow/.local/lib/python3.8/site-packages/airflow/example_dags/tutorial_taskflow_api.py for tasks to queue
[2026-03-18T07:53:56.012+0000] {logging_mixin.py:188} INFO - [2026-03-18T07:53:56.012+0000] {dagbag.py:538} INFO - Filling up the DagBag from /home/airflow/.local/lib/python3.8/site-packages/airflow/example_dags/tutorial_taskflow_api.py
[2026-03-18T07:53:56.015+0000] {processor.py:840} INFO - DAG(s) 'tutorial_taskflow_api' retrieved from /home/airflow/.local/lib/python3.8/site-packages/airflow/example_dags/tutorial_taskflow_api.py
[2026-03-18T07:53:56.031+0000] {logging_mixin.py:188} INFO - [2026-03-18T07:53:56.028+0000] {dag.py:3036} INFO - Sync 1 DAGs
[2026-03-18T07:53:56.037+0000] {logging_mixin.py:188} INFO - [2026-03-18T07:53:56.037+0000] {dag.py:3823} INFO - Setting next_dagrun for tutorial_taskflow_api to None, run_after=None
[2026-03-18T07:53:56.048+0000] {processor.py:183} INFO - Processing /home/airflow/.local/lib/python3.8/site-packages/airflow/example_dags/tutorial_taskflow_api.py took 0.039 seconds
[2026-03-18T07:54:26.406+0000] {processor.py:161} INFO - Started process (PID=1071) to work on /home/airflow/.local/lib/python3.8/site-packages/airflow/example_dags/tutorial_taskflow_api.py
[2026-03-18T07:54:26.407+0000] {processor.py:830} INFO - Processing file /home/airflow/.local/lib/python3.8/site-packages/airflow/example_dags/tutorial_taskflow_api.py for tasks to queue
[2026-03-18T07:54:26.408+0000] {logging_mixin.py:188} INFO - [2026-03-18T07:54:26.408+0000] {dagbag.py:538} INFO - Filling up the DagBag from /home/airflow/.local/lib/python3.8/site-packages/airflow/example_dags/tutorial_taskflow_api.py
[2026-03-18T07:54:26.411+0000] {processor.py:840} INFO - DAG(s) 'tutorial_taskflow_api' retrieved from /home/airflow/.local/lib/python3.8/site-packages/airflow/example_dags/tutorial_taskflow_api.py
[2026-03-18T07:54:26.420+0000] {logging_mixin.py:188} INFO - [2026-03-18T07:54:26.420+0000] {dag.py:3036} INFO - Sync 1 DAGs
[2026-03-18T07:54:26.426+0000] {logging_mixin.py:188} INFO - [2026-03-18T07:54:26.426+0000] {dag.py:3823} INFO - Setting next_dagrun for tutorial_taskflow_api to None, run_after=None
[2026-03-18T07:54:26.434+0000] {processor.py:183} INFO - Processing /home/airflow/.local/lib/python3.8/site-packages/airflow/example_dags/tutorial_taskflow_api.py took 0.030 seconds
[2026-03-18T07:54:56.903+0000] {processor.py:161} INFO - Started process (PID=1127) to work on /home/airflow/.local/lib/python3.8/site-packages/airflow/example_dags/tutorial_taskflow_api.py
[2026-03-18T07:54:56.904+0000] {processor.py:830} INFO - Processing file /home/airflow/.local/lib/python3.8/site-packages/airflow/example_dags/tutorial_taskflow_api.py for tasks to queue
[2026-03-18T07:54:56.905+0000] {logging_mixin.py:188} INFO - [2026-03-18T07:54:56.905+0000] {dagbag.py:538} INFO - Filling up the DagBag from /home/airflow/.local/lib/python3.8/site-packages/airflow/example_dags/tutorial_taskflow_api.py
[2026-03-18T07:54:56.907+0000] {processor.py:840} INFO - DAG(s) 'tutorial_taskflow_api' retrieved from /home/airflow/.local/lib/python3.8/site-packages/airflow/example_dags/tutorial_taskflow_api.py
[2026-03-18T07:54:56.919+0000] {logging_mixin.py:188} INFO - [2026-03-18T07:54:56.919+0000] {dag.py:3036} INFO - Sync 1 DAGs
[2026-03-18T07:54:56.924+0000] {logging_mixin.py:188} INFO - [2026-03-18T07:54:56.924+0000] {dag.py:3823} INFO - Setting next_dagrun for tutorial_taskflow_api to None, run_after=None
[2026-03-18T07:54:56.938+0000] {processor.py:183} INFO - Processing /home/airflow/.local/lib/python3.8/site-packages/airflow/example_dags/tutorial_taskflow_api.py took 0.036 seconds
[2026-03-18T07:55:27.355+0000] {processor.py:161} INFO - Started process (PID=1183) to work on /home/airflow/.local/lib/python3.8/site-packages/airflow/example_dags/tutorial_taskflow_api.py
[2026-03-18T07:55:27.356+0000] {processor.py:830} INFO - Processing file /home/airflow/.local/lib/python3.8/site-packages/airflow/example_dags/tutorial_taskflow_api.py for tasks to queue
[2026-03-18T07:55:27.357+0000] {logging_mixin.py:188} INFO - [2026-03-18T07:55:27.356+0000] {dagbag.py:538} INFO - Filling up the DagBag from /home/airflow/.local/lib/python3.8/site-packages/airflow/example_dags/tutorial_taskflow_api.py
[2026-03-18T07:55:27.360+0000] {processor.py:840} INFO - DAG(s) 'tutorial_taskflow_api' retrieved from /home/airflow/.local/lib/python3.8/site-packages/airflow/example_dags/tutorial_taskflow_api.py
[2026-03-18T07:55:27.371+0000] {logging_mixin.py:188} INFO - [2026-03-18T07:55:27.371+0000] {dag.py:3036} INFO - Sync 1 DAGs
[2026-03-18T07:55:27.379+0000] {logging_mixin.py:188} INFO - [2026-03-18T07:55:27.379+0000] {dag.py:3823} INFO - Setting next_dagrun for tutorial_taskflow_api to None, run_after=None
[2026-03-18T07:55:27.388+0000] {processor.py:183} INFO - Processing /home/airflow/.local/lib/python3.8/site-packages/airflow/example_dags/tutorial_taskflow_api.py took 0.034 seconds
[2026-03-18T07:55:57.786+0000] {processor.py:161} INFO - Started process (PID=1239) to work on /home/airflow/.local/lib/python3.8/site-packages/airflow/example_dags/tutorial_taskflow_api.py
[2026-03-18T07:55:57.787+0000] {processor.py:830} INFO - Processing file /home/airflow/.local/lib/python3.8/site-packages/airflow/example_dags/tutorial_taskflow_api.py for tasks to queue
[2026-03-18T07:55:57.788+0000] {logging_mixin.py:188} INFO - [2026-03-18T07:55:57.788+0000] {dagbag.py:538} INFO - Filling up the DagBag from /home/airflow/.local/lib/python3.8/site-packages/airflow/example_dags/tutorial_taskflow_api.py
[2026-03-18T07:55:57.791+0000] {processor.py:840} INFO - DAG(s) 'tutorial_taskflow_api' retrieved from /home/airflow/.local/lib/python3.8/site-packages/airflow/example_dags/tutorial_taskflow_api.py
[2026-03-18T07:55:57.800+0000] {logging_mixin.py:188} INFO - [2026-03-18T07:55:57.799+0000] {dag.py:3036} INFO - Sync 1 DAGs
[2026-03-18T07:55:57.805+0000] {logging_mixin.py:188} INFO - [2026-03-18T07:55:57.805+0000] {dag.py:3823} INFO - Setting next_dagrun for tutorial_taskflow_api to None, run_after=None
[2026-03-18T07:55:57.815+0000] {processor.py:183} INFO - Processing /home/airflow/.local/lib/python3.8/site-packages/airflow/example_dags/tutorial_taskflow_api.py took 0.031 seconds
[2026-03-18T07:56:28.203+0000] {processor.py:161} INFO - Started process (PID=1295) to work on /home/airflow/.local/lib/python3.8/site-packages/airflow/example_dags/tutorial_taskflow_api.py
[2026-03-18T07:56:28.204+0000] {processor.py:830} INFO - Processing file /home/airflow/.local/lib/python3.8/site-packages/airflow/example_dags/tutorial_taskflow_api.py for tasks to queue
[2026-03-18T07:56:28.205+0000] {logging_mixin.py:188} INFO - [2026-03-18T07:56:28.204+0000] {dagbag.py:538} INFO - Filling up the DagBag from /home/airflow/.local/lib/python3.8/site-packages/airflow/example_dags/tutorial_taskflow_api.py
[2026-03-18T07:56:28.207+0000] {processor.py:840} INFO - DAG(s) 'tutorial_taskflow_api' retrieved from /home/airflow/.local/lib/python3.8/site-packages/airflow/example_dags/tutorial_taskflow_api.py
[2026-03-18T07:56:28.218+0000] {logging_mixin.py:188} INFO - [2026-03-18T07:56:28.218+0000] {dag.py:3036} INFO - Sync 1 DAGs
[2026-03-18T07:56:28.225+0000] {logging_mixin.py:188} INFO - [2026-03-18T07:56:28.225+0000] {dag.py:3823} INFO - Setting next_dagrun for tutorial_taskflow_api to None, run_after=None
[2026-03-18T07:56:28.233+0000] {processor.py:183} INFO - Processing /home/airflow/.local/lib/python3.8/site-packages/airflow/example_dags/tutorial_taskflow_api.py took 0.032 seconds
[2026-03-18T07:56:58.665+0000] {processor.py:161} INFO - Started process (PID=1351) to work on /home/airflow/.local/lib/python3.8/site-packages/airflow/example_dags/tutorial_taskflow_api.py
[2026-03-18T07:56:58.665+0000] {processor.py:830} INFO - Processing file /home/airflow/.local/lib/python3.8/site-packages/airflow/example_dags/tutorial_taskflow_api.py for tasks to queue
[2026-03-18T07:56:58.666+0000] {logging_mixin.py:188} INFO - [2026-03-18T07:56:58.666+0000] {dagbag.py:538} INFO - Filling up the DagBag from /home/airflow/.local/lib/python3.8/site-packages/airflow/example_dags/tutorial_taskflow_api.py
[2026-03-18T07:56:58.669+0000] {processor.py:840} INFO - DAG(s) 'tutorial_taskflow_api' retrieved from /home/airflow/.local/lib/python3.8/site-packages/airflow/example_dags/tutorial_taskflow_api.py
[2026-03-18T07:56:58.679+0000] {logging_mixin.py:188} INFO - [2026-03-18T07:56:58.679+0000] {dag.py:3036} INFO - Sync 1 DAGs
[2026-03-18T07:56:58.684+0000] {logging_mixin.py:188} INFO - [2026-03-18T07:56:58.684+0000] {dag.py:3823} INFO - Setting next_dagrun for tutorial_taskflow_api to None, run_after=None
[2026-03-18T07:56:58.697+0000] {processor.py:183} INFO - Processing /home/airflow/.local/lib/python3.8/site-packages/airflow/example_dags/tutorial_taskflow_api.py took 0.034 seconds
[2026-03-18T07:57:29.153+0000] {processor.py:161} INFO - Started process (PID=1407) to work on /home/airflow/.local/lib/python3.8/site-packages/airflow/example_dags/tutorial_taskflow_api.py
[2026-03-18T07:57:29.154+0000] {processor.py:830} INFO - Processing file /home/airflow/.local/lib/python3.8/site-packages/airflow/example_dags/tutorial_taskflow_api.py for tasks to queue
[2026-03-18T07:57:29.156+0000] {logging_mixin.py:188} INFO - [2026-03-18T07:57:29.156+0000] {dagbag.py:538} INFO - Filling up the DagBag from /home/airflow/.local/lib/python3.8/site-packages/airflow/example_dags/tutorial_taskflow_api.py
[2026-03-18T07:57:29.161+0000] {processor.py:840} INFO - DAG(s) 'tutorial_taskflow_api' retrieved from /home/airflow/.local/lib/python3.8/site-packages/airflow/example_dags/tutorial_taskflow_api.py
[2026-03-18T07:57:29.172+0000] {logging_mixin.py:188} INFO - [2026-03-18T07:57:29.172+0000] {dag.py:3036} INFO - Sync 1 DAGs
[2026-03-18T07:57:29.177+0000] {logging_mixin.py:188} INFO - [2026-03-18T07:57:29.177+0000] {dag.py:3823} INFO - Setting next_dagrun for tutorial_taskflow_api to None, run_after=None
[2026-03-18T07:57:29.183+0000] {processor.py:183} INFO - Processing /home/airflow/.local/lib/python3.8/site-packages/airflow/example_dags/tutorial_taskflow_api.py took 0.032 seconds
[2026-03-18T07:57:59.710+0000] {processor.py:161} INFO - Started process (PID=1463) to work on /home/airflow/.local/lib/python3.8/site-packages/airflow/example_dags/tutorial_taskflow_api.py
[2026-03-18T07:57:59.710+0000] {processor.py:830} INFO - Processing file /home/airflow/.local/lib/python3.8/site-packages/airflow/example_dags/tutorial_taskflow_api.py for tasks to queue
[2026-03-18T07:57:59.711+0000] {logging_mixin.py:188} INFO - [2026-03-18T07:57:59.711+0000] {dagbag.py:538} INFO - Filling up the DagBag from /home/airflow/.local/lib/python3.8/site-packages/airflow/example_dags/tutorial_taskflow_api.py
[2026-03-18T07:57:59.714+0000] {processor.py:840} INFO - DAG(s) 'tutorial_taskflow_api' retrieved from /home/airflow/.local/lib/python3.8/site-packages/airflow/example_dags/tutorial_taskflow_api.py
[2026-03-18T07:57:59.726+0000] {logging_mixin.py:188} INFO - [2026-03-18T07:57:59.726+0000] {dag.py:3036} INFO - Sync 1 DAGs
[2026-03-18T07:57:59.731+0000] {logging_mixin.py:188} INFO - [2026-03-18T07:57:59.731+0000] {dag.py:3823} INFO - Setting next_dagrun for tutorial_taskflow_api to None, run_after=None
[2026-03-18T07:57:59.742+0000] {processor.py:183} INFO - Processing /home/airflow/.local/lib/python3.8/site-packages/airflow/example_dags/tutorial_taskflow_api.py took 0.034 seconds
[2026-03-18T07:58:30.124+0000] {processor.py:161} INFO - Started process (PID=1519) to work on /home/airflow/.local/lib/python3.8/site-packages/airflow/example_dags/tutorial_taskflow_api.py
[2026-03-18T07:58:30.125+0000] {processor.py:830} INFO - Processing file /home/airflow/.local/lib/python3.8/site-packages/airflow/example_dags/tutorial_taskflow_api.py for tasks to queue
[2026-03-18T07:58:30.126+0000] {logging_mixin.py:188} INFO - [2026-03-18T07:58:30.126+0000] {dagbag.py:538} INFO - Filling up the DagBag from /home/airflow/.local/lib/python3.8/site-packages/airflow/example_dags/tutorial_taskflow_api.py
[2026-03-18T07:58:30.129+0000] {processor.py:840} INFO - DAG(s) 'tutorial_taskflow_api' retrieved from /home/airflow/.local/lib/python3.8/site-packages/airflow/example_dags/tutorial_taskflow_api.py
[2026-03-18T07:58:30.140+0000] {logging_mixin.py:188} INFO - [2026-03-18T07:58:30.140+0000] {dag.py:3036} INFO - Sync 1 DAGs
[2026-03-18T07:58:30.144+0000] {logging_mixin.py:188} INFO - [2026-03-18T07:58:30.144+0000] {dag.py:3823} INFO - Setting next_dagrun for tutorial_taskflow_api to None, run_after=None
[2026-03-18T07:58:30.153+0000] {processor.py:183} INFO - Processing /home/airflow/.local/lib/python3.8/site-packages/airflow/example_dags/tutorial_taskflow_api.py took 0.031 seconds
[2026-03-18T07:59:00.657+0000] {processor.py:161} INFO - Started process (PID=1575) to work on /home/airflow/.local/lib/python3.8/site-packages/airflow/example_dags/tutorial_taskflow_api.py
[2026-03-18T07:59:00.658+0000] {processor.py:830} INFO - Processing file /home/airflow/.local/lib/python3.8/site-packages/airflow/example_dags/tutorial_taskflow_api.py for tasks to queue
[2026-03-18T07:59:00.660+0000] {logging_mixin.py:188} INFO - [2026-03-18T07:59:00.660+0000] {dagbag.py:538} INFO - Filling up the DagBag from /home/airflow/.local/lib/python3.8/site-packages/airflow/example_dags/tutorial_taskflow_api.py
[2026-03-18T07:59:00.665+0000] {processor.py:840} INFO - DAG(s) 'tutorial_taskflow_api' retrieved from /home/airflow/.local/lib/python3.8/site-packages/airflow/example_dags/tutorial_taskflow_api.py
[2026-03-18T07:59:00.677+0000] {logging_mixin.py:188} INFO - [2026-03-18T07:59:00.677+0000] {dag.py:3036} INFO - Sync 1 DAGs
[2026-03-18T07:59:00.684+0000] {logging_mixin.py:188} INFO - [2026-03-18T07:59:00.684+0000] {dag.py:3823} INFO - Setting next_dagrun for tutorial_taskflow_api to None, run_after=None
[2026-03-18T07:59:00.696+0000] {processor.py:183} INFO - Processing /home/airflow/.local/lib/python3.8/site-packages/airflow/example_dags/tutorial_taskflow_api.py took 0.041 seconds
[2026-03-18T07:59:31.196+0000] {processor.py:161} INFO - Started process (PID=1631) to work on /home/airflow/.local/lib/python3.8/site-packages/airflow/example_dags/tutorial_taskflow_api.py
[2026-03-18T07:59:31.198+0000] {processor.py:830} INFO - Processing file /home/airflow/.local/lib/python3.8/site-packages/airflow/example_dags/tutorial_taskflow_api.py for tasks to queue
[2026-03-18T07:59:31.199+0000] {logging_mixin.py:188} INFO - [2026-03-18T07:59:31.199+0000] {dagbag.py:538} INFO - Filling up the DagBag from /home/airflow/.local/lib/python3.8/site-packages/airflow/example_dags/tutorial_taskflow_api.py
[2026-03-18T07:59:31.202+0000] {processor.py:840} INFO - DAG(s) 'tutorial_taskflow_api' retrieved from /home/airflow/.local/lib/python3.8/site-packages/airflow/example_dags/tutorial_taskflow_api.py
[2026-03-18T07:59:31.211+0000] {logging_mixin.py:188} INFO - [2026-03-18T07:59:31.211+0000] {dag.py:3036} INFO - Sync 1 DAGs
[2026-03-18T07:59:31.216+0000] {logging_mixin.py:188} INFO - [2026-03-18T07:59:31.216+0000] {dag.py:3823} INFO - Setting next_dagrun for tutorial_taskflow_api to None, run_after=None
[2026-03-18T07:59:31.222+0000] {processor.py:183} INFO - Processing /home/airflow/.local/lib/python3.8/site-packages/airflow/example_dags/tutorial_taskflow_api.py took 0.027 seconds
[2026-03-18T08:00:01.741+0000] {processor.py:161} INFO - Started process (PID=67) to work on /home/airflow/.local/lib/python3.8/site-packages/airflow/example_dags/tutorial_taskflow_api.py
[2026-03-18T08:00:01.742+0000] {processor.py:830} INFO - Processing file /home/airflow/.local/lib/python3.8/site-packages/airflow/example_dags/tutorial_taskflow_api.py for tasks to queue
[2026-03-18T08:00:01.743+0000] {logging_mixin.py:188} INFO - [2026-03-18T08:00:01.743+0000] {dagbag.py:538} INFO - Filling up the DagBag from /home/airflow/.local/lib/python3.8/site-packages/airflow/example_dags/tutorial_taskflow_api.py
[2026-03-18T08:00:01.748+0000] {processor.py:840} INFO - DAG(s) 'tutorial_taskflow_api' retrieved from /home/airflow/.local/lib/python3.8/site-packages/airflow/example_dags/tutorial_taskflow_api.py
[2026-03-18T08:00:01.757+0000] {logging_mixin.py:188} INFO - [2026-03-18T08:00:01.757+0000] {dag.py:3036} INFO - Sync 1 DAGs
[2026-03-18T08:00:01.766+0000] {logging_mixin.py:188} INFO - [2026-03-18T08:00:01.766+0000] {dag.py:3823} INFO - Setting next_dagrun for tutorial_taskflow_api to None, run_after=None
[2026-03-18T08:00:01.775+0000] {processor.py:183} INFO - Processing /home/airflow/.local/lib/python3.8/site-packages/airflow/example_dags/tutorial_taskflow_api.py took 0.036 seconds
[2026-03-18T08:00:32.273+0000] {processor.py:161} INFO - Started process (PID=122) to work on /home/airflow/.local/lib/python3.8/site-packages/airflow/example_dags/tutorial_taskflow_api.py
[2026-03-18T08:00:32.274+0000] {processor.py:830} INFO - Processing file /home/airflow/.local/lib/python3.8/site-packages/airflow/example_dags/tutorial_taskflow_api.py for tasks to queue
[2026-03-18T08:00:32.276+0000] {logging_mixin.py:188} INFO - [2026-03-18T08:00:32.276+0000] {dagbag.py:538} INFO - Filling up the DagBag from /home/airflow/.local/lib/python3.8/site-packages/airflow/example_dags/tutorial_taskflow_api.py
[2026-03-18T08:00:32.279+0000] {processor.py:840} INFO - DAG(s) 'tutorial_taskflow_api' retrieved from /home/airflow/.local/lib/python3.8/site-packages/airflow/example_dags/tutorial_taskflow_api.py
[2026-03-18T08:00:32.334+0000] {logging_mixin.py:188} INFO - [2026-03-18T08:00:32.334+0000] {dag.py:3036} INFO - Sync 1 DAGs
[2026-03-18T08:00:32.339+0000] {logging_mixin.py:188} INFO - [2026-03-18T08:00:32.339+0000] {dag.py:3823} INFO - Setting next_dagrun for tutorial_taskflow_api to None, run_after=None
[2026-03-18T08:00:32.348+0000] {processor.py:183} INFO - Processing /home/airflow/.local/lib/python3.8/site-packages/airflow/example_dags/tutorial_taskflow_api.py took 0.077 seconds
[2026-03-18T08:01:03.168+0000] {processor.py:161} INFO - Started process (PID=178) to work on /home/airflow/.local/lib/python3.8/site-packages/airflow/example_dags/tutorial_taskflow_api.py
[2026-03-18T08:01:03.169+0000] {processor.py:830} INFO - Processing file /home/airflow/.local/lib/python3.8/site-packages/airflow/example_dags/tutorial_taskflow_api.py for tasks to queue
[2026-03-18T08:01:03.171+0000] {logging_mixin.py:188} INFO - [2026-03-18T08:01:03.171+0000] {dagbag.py:538} INFO - Filling up the DagBag from /home/airflow/.local/lib/python3.8/site-packages/airflow/example_dags/tutorial_taskflow_api.py
[2026-03-18T08:01:03.177+0000] {processor.py:840} INFO - DAG(s) 'tutorial_taskflow_api' retrieved from /home/airflow/.local/lib/python3.8/site-packages/airflow/example_dags/tutorial_taskflow_api.py
[2026-03-18T08:01:03.187+0000] {logging_mixin.py:188} INFO - [2026-03-18T08:01:03.187+0000] {dag.py:3036} INFO - Sync 1 DAGs
[2026-03-18T08:01:03.193+0000] {logging_mixin.py:188} INFO - [2026-03-18T08:01:03.193+0000] {dag.py:3823} INFO - Setting next_dagrun for tutorial_taskflow_api to None, run_after=None
[2026-03-18T08:01:03.205+0000] {processor.py:183} INFO - Processing /home/airflow/.local/lib/python3.8/site-packages/airflow/example_dags/tutorial_taskflow_api.py took 0.038 seconds
[2026-03-18T08:01:33.696+0000] {processor.py:161} INFO - Started process (PID=234) to work on /home/airflow/.local/lib/python3.8/site-packages/airflow/example_dags/tutorial_taskflow_api.py
[2026-03-18T08:01:33.696+0000] {processor.py:830} INFO - Processing file /home/airflow/.local/lib/python3.8/site-packages/airflow/example_dags/tutorial_taskflow_api.py for tasks to queue
[2026-03-18T08:01:33.697+0000] {logging_mixin.py:188} INFO - [2026-03-18T08:01:33.697+0000] {dagbag.py:538} INFO - Filling up the DagBag from /home/airflow/.local/lib/python3.8/site-packages/airflow/example_dags/tutorial_taskflow_api.py
[2026-03-18T08:01:33.700+0000] {processor.py:840} INFO - DAG(s) 'tutorial_taskflow_api' retrieved from /home/airflow/.local/lib/python3.8/site-packages/airflow/example_dags/tutorial_taskflow_api.py
[2026-03-18T08:01:33.712+0000] {logging_mixin.py:188} INFO - [2026-03-18T08:01:33.712+0000] {dag.py:3036} INFO - Sync 1 DAGs
[2026-03-18T08:01:33.718+0000] {logging_mixin.py:188} INFO - [2026-03-18T08:01:33.718+0000] {dag.py:3823} INFO - Setting next_dagrun for tutorial_taskflow_api to None, run_after=None
[2026-03-18T08:01:33.727+0000] {processor.py:183} INFO - Processing /home/airflow/.local/lib/python3.8/site-packages/airflow/example_dags/tutorial_taskflow_api.py took 0.033 seconds
[2026-03-18T08:02:04.248+0000] {processor.py:161} INFO - Started process (PID=289) to work on /home/airflow/.local/lib/python3.8/site-packages/airflow/example_dags/tutorial_taskflow_api.py
[2026-03-18T08:02:04.248+0000] {processor.py:830} INFO - Processing file /home/airflow/.local/lib/python3.8/site-packages/airflow/example_dags/tutorial_taskflow_api.py for tasks to queue
[2026-03-18T08:02:04.249+0000] {logging_mixin.py:188} INFO - [2026-03-18T08:02:04.249+0000] {dagbag.py:538} INFO - Filling up the DagBag from /home/airflow/.local/lib/python3.8/site-packages/airflow/example_dags/tutorial_taskflow_api.py
[2026-03-18T08:02:04.252+0000] {processor.py:840} INFO - DAG(s) 'tutorial_taskflow_api' retrieved from /home/airflow/.local/lib/python3.8/site-packages/airflow/example_dags/tutorial_taskflow_api.py
[2026-03-18T08:02:04.262+0000] {logging_mixin.py:188} INFO - [2026-03-18T08:02:04.262+0000] {dag.py:3036} INFO - Sync 1 DAGs
[2026-03-18T08:02:04.267+0000] {logging_mixin.py:188} INFO - [2026-03-18T08:02:04.267+0000] {dag.py:3823} INFO - Setting next_dagrun for tutorial_taskflow_api to None, run_after=None
[2026-03-18T08:02:04.281+0000] {processor.py:183} INFO - Processing /home/airflow/.local/lib/python3.8/site-packages/airflow/example_dags/tutorial_taskflow_api.py took 0.036 seconds
[2026-03-18T08:02:34.859+0000] {processor.py:161} INFO - Started process (PID=345) to work on /home/airflow/.local/lib/python3.8/site-packages/airflow/example_dags/tutorial_taskflow_api.py
[2026-03-18T08:02:34.861+0000] {processor.py:830} INFO - Processing file /home/airflow/.local/lib/python3.8/site-packages/airflow/example_dags/tutorial_taskflow_api.py for tasks to queue
[2026-03-18T08:02:34.862+0000] {logging_mixin.py:188} INFO - [2026-03-18T08:02:34.862+0000] {dagbag.py:538} INFO - Filling up the DagBag from /home/airflow/.local/lib/python3.8/site-packages/airflow/example_dags/tutorial_taskflow_api.py
[2026-03-18T08:02:34.865+0000] {processor.py:840} INFO - DAG(s) 'tutorial_taskflow_api' retrieved from /home/airflow/.local/lib/python3.8/site-packages/airflow/example_dags/tutorial_taskflow_api.py
[2026-03-18T08:02:34.873+0000] {logging_mixin.py:188} INFO - [2026-03-18T08:02:34.873+0000] {dag.py:3036} INFO - Sync 1 DAGs
[2026-03-18T08:02:34.879+0000] {logging_mixin.py:188} INFO - [2026-03-18T08:02:34.879+0000] {dag.py:3823} INFO - Setting next_dagrun for tutorial_taskflow_api to None, run_after=None
[2026-03-18T08:02:34.891+0000] {processor.py:183} INFO - Processing /home/airflow/.local/lib/python3.8/site-packages/airflow/example_dags/tutorial_taskflow_api.py took 0.033 seconds
[2026-03-18T08:03:05.442+0000] {processor.py:161} INFO - Started process (PID=401) to work on /home/airflow/.local/lib/python3.8/site-packages/airflow/example_dags/tutorial_taskflow_api.py
[2026-03-18T08:03:05.443+0000] {processor.py:830} INFO - Processing file /home/airflow/.local/lib/python3.8/site-packages/airflow/example_dags/tutorial_taskflow_api.py for tasks to queue
[2026-03-18T08:03:05.444+0000] {logging_mixin.py:188} INFO - [2026-03-18T08:03:05.444+0000] {dagbag.py:538} INFO - Filling up the DagBag from /home/airflow/.local/lib/python3.8/site-packages/airflow/example_dags/tutorial_taskflow_api.py
[2026-03-18T08:03:05.447+0000] {processor.py:840} INFO - DAG(s) 'tutorial_taskflow_api' retrieved from /home/airflow/.local/lib/python3.8/site-packages/airflow/example_dags/tutorial_taskflow_api.py
[2026-03-18T08:03:05.455+0000] {logging_mixin.py:188} INFO - [2026-03-18T08:03:05.455+0000] {dag.py:3036} INFO - Sync 1 DAGs
[2026-03-18T08:03:05.459+0000] {logging_mixin.py:188} INFO - [2026-03-18T08:03:05.459+0000] {dag.py:3823} INFO - Setting next_dagrun for tutorial_taskflow_api to None, run_after=None
[2026-03-18T08:03:05.465+0000] {processor.py:183} INFO - Processing /home/airflow/.local/lib/python3.8/site-packages/airflow/example_dags/tutorial_taskflow_api.py took 0.025 seconds
[2026-03-18T08:03:36.068+0000] {processor.py:161} INFO - Started process (PID=463) to work on /home/airflow/.local/lib/python3.8/site-packages/airflow/example_dags/tutorial_taskflow_api.py
[2026-03-18T08:03:36.069+0000] {processor.py:830} INFO - Processing file /home/airflow/.local/lib/python3.8/site-packages/airflow/example_dags/tutorial_taskflow_api.py for tasks to queue
[2026-03-18T08:03:36.070+0000] {logging_mixin.py:188} INFO - [2026-03-18T08:03:36.070+0000] {dagbag.py:538} INFO - Filling up the DagBag from /home/airflow/.local/lib/python3.8/site-packages/airflow/example_dags/tutorial_taskflow_api.py
[2026-03-18T08:03:36.073+0000] {processor.py:840} INFO - DAG(s) 'tutorial_taskflow_api' retrieved from /home/airflow/.local/lib/python3.8/site-packages/airflow/example_dags/tutorial_taskflow_api.py
[2026-03-18T08:03:36.082+0000] {logging_mixin.py:188} INFO - [2026-03-18T08:03:36.082+0000] {dag.py:3036} INFO - Sync 1 DAGs
[2026-03-18T08:03:36.087+0000] {logging_mixin.py:188} INFO - [2026-03-18T08:03:36.087+0000] {dag.py:3823} INFO - Setting next_dagrun for tutorial_taskflow_api to None, run_after=None
[2026-03-18T08:03:36.094+0000] {processor.py:183} INFO - Processing /home/airflow/.local/lib/python3.8/site-packages/airflow/example_dags/tutorial_taskflow_api.py took 0.028 seconds
[2026-03-18T08:04:06.597+0000] {processor.py:161} INFO - Started process (PID=519) to work on /home/airflow/.local/lib/python3.8/site-packages/airflow/example_dags/tutorial_taskflow_api.py
[2026-03-18T08:04:06.598+0000] {processor.py:830} INFO - Processing file /home/airflow/.local/lib/python3.8/site-packages/airflow/example_dags/tutorial_taskflow_api.py for tasks to queue
[2026-03-18T08:04:06.599+0000] {logging_mixin.py:188} INFO - [2026-03-18T08:04:06.599+0000] {dagbag.py:538} INFO - Filling up the DagBag from /home/airflow/.local/lib/python3.8/site-packages/airflow/example_dags/tutorial_taskflow_api.py
[2026-03-18T08:04:06.603+0000] {processor.py:840} INFO - DAG(s) 'tutorial_taskflow_api' retrieved from /home/airflow/.local/lib/python3.8/site-packages/airflow/example_dags/tutorial_taskflow_api.py
[2026-03-18T08:04:06.621+0000] {logging_mixin.py:188} INFO - [2026-03-18T08:04:06.621+0000] {dag.py:3036} INFO - Sync 1 DAGs
[2026-03-18T08:04:06.626+0000] {logging_mixin.py:188} INFO - [2026-03-18T08:04:06.626+0000] {dag.py:3823} INFO - Setting next_dagrun for tutorial_taskflow_api to None, run_after=None
[2026-03-18T08:04:06.640+0000] {processor.py:183} INFO - Processing /home/airflow/.local/lib/python3.8/site-packages/airflow/example_dags/tutorial_taskflow_api.py took 0.044 seconds
[2026-03-18T08:04:29.477+0000] {processor.py:161} INFO - Started process (PID=67) to work on /home/airflow/.local/lib/python3.8/site-packages/airflow/example_dags/tutorial_taskflow_api.py
[2026-03-18T08:04:29.479+0000] {processor.py:830} INFO - Processing file /home/airflow/.local/lib/python3.8/site-packages/airflow/example_dags/tutorial_taskflow_api.py for tasks to queue
[2026-03-18T08:04:29.481+0000] {logging_mixin.py:188} INFO - [2026-03-18T08:04:29.481+0000] {dagbag.py:538} INFO - Filling up the DagBag from /home/airflow/.local/lib/python3.8/site-packages/airflow/example_dags/tutorial_taskflow_api.py
[2026-03-18T08:04:29.484+0000] {processor.py:840} INFO - DAG(s) 'tutorial_taskflow_api' retrieved from /home/airflow/.local/lib/python3.8/site-packages/airflow/example_dags/tutorial_taskflow_api.py
[2026-03-18T08:04:29.494+0000] {logging_mixin.py:188} INFO - [2026-03-18T08:04:29.494+0000] {dag.py:3036} INFO - Sync 1 DAGs
[2026-03-18T08:04:29.501+0000] {logging_mixin.py:188} INFO - [2026-03-18T08:04:29.500+0000] {dag.py:3823} INFO - Setting next_dagrun for tutorial_taskflow_api to None, run_after=None
[2026-03-18T08:04:29.513+0000] {processor.py:183} INFO - Processing /home/airflow/.local/lib/python3.8/site-packages/airflow/example_dags/tutorial_taskflow_api.py took 0.038 seconds
[2026-03-18T08:04:59.971+0000] {processor.py:161} INFO - Started process (PID=123) to work on /home/airflow/.local/lib/python3.8/site-packages/airflow/example_dags/tutorial_taskflow_api.py
[2026-03-18T08:04:59.972+0000] {processor.py:830} INFO - Processing file /home/airflow/.local/lib/python3.8/site-packages/airflow/example_dags/tutorial_taskflow_api.py for tasks to queue
[2026-03-18T08:04:59.972+0000] {logging_mixin.py:188} INFO - [2026-03-18T08:04:59.972+0000] {dagbag.py:538} INFO - Filling up the DagBag from /home/airflow/.local/lib/python3.8/site-packages/airflow/example_dags/tutorial_taskflow_api.py
[2026-03-18T08:04:59.975+0000] {processor.py:840} INFO - DAG(s) 'tutorial_taskflow_api' retrieved from /home/airflow/.local/lib/python3.8/site-packages/airflow/example_dags/tutorial_taskflow_api.py
[2026-03-18T08:05:00.009+0000] {logging_mixin.py:188} INFO - [2026-03-18T08:05:00.009+0000] {dag.py:3036} INFO - Sync 1 DAGs
[2026-03-18T08:05:00.012+0000] {logging_mixin.py:188} INFO - [2026-03-18T08:05:00.012+0000] {dag.py:3823} INFO - Setting next_dagrun for tutorial_taskflow_api to None, run_after=None
[2026-03-18T08:05:00.022+0000] {processor.py:183} INFO - Processing /home/airflow/.local/lib/python3.8/site-packages/airflow/example_dags/tutorial_taskflow_api.py took 0.053 seconds
[2026-03-18T08:05:31.030+0000] {processor.py:161} INFO - Started process (PID=178) to work on /home/airflow/.local/lib/python3.8/site-packages/airflow/example_dags/tutorial_taskflow_api.py
[2026-03-18T08:05:31.031+0000] {processor.py:830} INFO - Processing file /home/airflow/.local/lib/python3.8/site-packages/airflow/example_dags/tutorial_taskflow_api.py for tasks to queue
[2026-03-18T08:05:31.033+0000] {logging_mixin.py:188} INFO - [2026-03-18T08:05:31.033+0000] {dagbag.py:538} INFO - Filling up the DagBag from /home/airflow/.local/lib/python3.8/site-packages/airflow/example_dags/tutorial_taskflow_api.py
[2026-03-18T08:05:31.039+0000] {processor.py:840} INFO - DAG(s) 'tutorial_taskflow_api' retrieved from /home/airflow/.local/lib/python3.8/site-packages/airflow/example_dags/tutorial_taskflow_api.py
[2026-03-18T08:05:31.056+0000] {logging_mixin.py:188} INFO - [2026-03-18T08:05:31.056+0000] {dag.py:3036} INFO - Sync 1 DAGs
[2026-03-18T08:05:31.064+0000] {logging_mixin.py:188} INFO - [2026-03-18T08:05:31.064+0000] {dag.py:3823} INFO - Setting next_dagrun for tutorial_taskflow_api to None, run_after=None
[2026-03-18T08:05:31.080+0000] {processor.py:183} INFO - Processing /home/airflow/.local/lib/python3.8/site-packages/airflow/example_dags/tutorial_taskflow_api.py took 0.053 seconds
[2026-03-18T08:06:14.587+0000] {processor.py:161} INFO - Started process (PID=113) to work on /home/airflow/.local/lib/python3.8/site-packages/airflow/example_dags/tutorial_taskflow_api.py
[2026-03-18T08:06:14.588+0000] {processor.py:830} INFO - Processing file /home/airflow/.local/lib/python3.8/site-packages/airflow/example_dags/tutorial_taskflow_api.py for tasks to queue
[2026-03-18T08:06:14.589+0000] {logging_mixin.py:188} INFO - [2026-03-18T08:06:14.589+0000] {dagbag.py:538} INFO - Filling up the DagBag from /home/airflow/.local/lib/python3.8/site-packages/airflow/example_dags/tutorial_taskflow_api.py
[2026-03-18T08:06:14.592+0000] {processor.py:840} INFO - DAG(s) 'tutorial_taskflow_api' retrieved from /home/airflow/.local/lib/python3.8/site-packages/airflow/example_dags/tutorial_taskflow_api.py
[2026-03-18T08:06:14.635+0000] {logging_mixin.py:188} INFO - [2026-03-18T08:06:14.635+0000] {dag.py:3036} INFO - Sync 1 DAGs
[2026-03-18T08:06:14.640+0000] {logging_mixin.py:188} INFO - [2026-03-18T08:06:14.640+0000] {dag.py:3823} INFO - Setting next_dagrun for tutorial_taskflow_api to None, run_after=None
[2026-03-18T08:06:14.648+0000] {processor.py:183} INFO - Processing /home/airflow/.local/lib/python3.8/site-packages/airflow/example_dags/tutorial_taskflow_api.py took 0.063 seconds
[2026-03-18T08:06:45.330+0000] {processor.py:161} INFO - Started process (PID=169) to work on /home/airflow/.local/lib/python3.8/site-packages/airflow/example_dags/tutorial_taskflow_api.py
[2026-03-18T08:06:45.331+0000] {processor.py:830} INFO - Processing file /home/airflow/.local/lib/python3.8/site-packages/airflow/example_dags/tutorial_taskflow_api.py for tasks to queue
[2026-03-18T08:06:45.332+0000] {logging_mixin.py:188} INFO - [2026-03-18T08:06:45.332+0000] {dagbag.py:538} INFO - Filling up the DagBag from /home/airflow/.local/lib/python3.8/site-packages/airflow/example_dags/tutorial_taskflow_api.py
[2026-03-18T08:06:45.337+0000] {processor.py:840} INFO - DAG(s) 'tutorial_taskflow_api' retrieved from /home/airflow/.local/lib/python3.8/site-packages/airflow/example_dags/tutorial_taskflow_api.py
[2026-03-18T08:06:45.346+0000] {logging_mixin.py:188} INFO - [2026-03-18T08:06:45.346+0000] {dag.py:3036} INFO - Sync 1 DAGs
[2026-03-18T08:06:45.350+0000] {logging_mixin.py:188} INFO - [2026-03-18T08:06:45.350+0000] {dag.py:3823} INFO - Setting next_dagrun for tutorial_taskflow_api to None, run_after=None
[2026-03-18T08:06:45.364+0000] {processor.py:183} INFO - Processing /home/airflow/.local/lib/python3.8/site-packages/airflow/example_dags/tutorial_taskflow_api.py took 0.036 seconds
[2026-03-18T08:07:16.025+0000] {processor.py:161} INFO - Started process (PID=231) to work on /home/airflow/.local/lib/python3.8/site-packages/airflow/example_dags/tutorial_taskflow_api.py
[2026-03-18T08:07:16.026+0000] {processor.py:830} INFO - Processing file /home/airflow/.local/lib/python3.8/site-packages/airflow/example_dags/tutorial_taskflow_api.py for tasks to queue
[2026-03-18T08:07:16.028+0000] {logging_mixin.py:188} INFO - [2026-03-18T08:07:16.027+0000] {dagbag.py:538} INFO - Filling up the DagBag from /home/airflow/.local/lib/python3.8/site-packages/airflow/example_dags/tutorial_taskflow_api.py
[2026-03-18T08:07:16.031+0000] {processor.py:840} INFO - DAG(s) 'tutorial_taskflow_api' retrieved from /home/airflow/.local/lib/python3.8/site-packages/airflow/example_dags/tutorial_taskflow_api.py
[2026-03-18T08:07:16.040+0000] {logging_mixin.py:188} INFO - [2026-03-18T08:07:16.040+0000] {dag.py:3036} INFO - Sync 1 DAGs
[2026-03-18T08:07:16.047+0000] {logging_mixin.py:188} INFO - [2026-03-18T08:07:16.047+0000] {dag.py:3823} INFO - Setting next_dagrun for tutorial_taskflow_api to None, run_after=None
[2026-03-18T08:07:16.058+0000] {processor.py:183} INFO - Processing /home/airflow/.local/lib/python3.8/site-packages/airflow/example_dags/tutorial_taskflow_api.py took 0.034 seconds
[2026-03-18T08:07:46.570+0000] {processor.py:161} INFO - Started process (PID=287) to work on /home/airflow/.local/lib/python3.8/site-packages/airflow/example_dags/tutorial_taskflow_api.py
[2026-03-18T08:07:46.571+0000] {processor.py:830} INFO - Processing file /home/airflow/.local/lib/python3.8/site-packages/airflow/example_dags/tutorial_taskflow_api.py for tasks to queue
[2026-03-18T08:07:46.571+0000] {logging_mixin.py:188} INFO - [2026-03-18T08:07:46.571+0000] {dagbag.py:538} INFO - Filling up the DagBag from /home/airflow/.local/lib/python3.8/site-packages/airflow/example_dags/tutorial_taskflow_api.py
[2026-03-18T08:07:46.574+0000] {processor.py:840} INFO - DAG(s) 'tutorial_taskflow_api' retrieved from /home/airflow/.local/lib/python3.8/site-packages/airflow/example_dags/tutorial_taskflow_api.py
[2026-03-18T08:07:46.585+0000] {logging_mixin.py:188} INFO - [2026-03-18T08:07:46.585+0000] {dag.py:3036} INFO - Sync 1 DAGs
[2026-03-18T08:07:46.592+0000] {logging_mixin.py:188} INFO - [2026-03-18T08:07:46.592+0000] {dag.py:3823} INFO - Setting next_dagrun for tutorial_taskflow_api to None, run_after=None
[2026-03-18T08:07:46.605+0000] {processor.py:183} INFO - Processing /home/airflow/.local/lib/python3.8/site-packages/airflow/example_dags/tutorial_taskflow_api.py took 0.036 seconds
[2026-03-18T08:08:17.042+0000] {processor.py:161} INFO - Started process (PID=343) to work on /home/airflow/.local/lib/python3.8/site-packages/airflow/example_dags/tutorial_taskflow_api.py
[2026-03-18T08:08:17.043+0000] {processor.py:830} INFO - Processing file /home/airflow/.local/lib/python3.8/site-packages/airflow/example_dags/tutorial_taskflow_api.py for tasks to queue
[2026-03-18T08:08:17.045+0000] {logging_mixin.py:188} INFO - [2026-03-18T08:08:17.045+0000] {dagbag.py:538} INFO - Filling up the DagBag from /home/airflow/.local/lib/python3.8/site-packages/airflow/example_dags/tutorial_taskflow_api.py
[2026-03-18T08:08:17.048+0000] {processor.py:840} INFO - DAG(s) 'tutorial_taskflow_api' retrieved from /home/airflow/.local/lib/python3.8/site-packages/airflow/example_dags/tutorial_taskflow_api.py
[2026-03-18T08:08:17.060+0000] {logging_mixin.py:188} INFO - [2026-03-18T08:08:17.060+0000] {dag.py:3036} INFO - Sync 1 DAGs
[2026-03-18T08:08:17.068+0000] {logging_mixin.py:188} INFO - [2026-03-18T08:08:17.068+0000] {dag.py:3823} INFO - Setting next_dagrun for tutorial_taskflow_api to None, run_after=None
[2026-03-18T08:08:17.078+0000] {processor.py:183} INFO - Processing /home/airflow/.local/lib/python3.8/site-packages/airflow/example_dags/tutorial_taskflow_api.py took 0.039 seconds
[2026-03-18T08:08:47.593+0000] {processor.py:161} INFO - Started process (PID=399) to work on /home/airflow/.local/lib/python3.8/site-packages/airflow/example_dags/tutorial_taskflow_api.py
[2026-03-18T08:08:47.594+0000] {processor.py:830} INFO - Processing file /home/airflow/.local/lib/python3.8/site-packages/airflow/example_dags/tutorial_taskflow_api.py for tasks to queue
[2026-03-18T08:08:47.595+0000] {logging_mixin.py:188} INFO - [2026-03-18T08:08:47.595+0000] {dagbag.py:538} INFO - Filling up the DagBag from /home/airflow/.local/lib/python3.8/site-packages/airflow/example_dags/tutorial_taskflow_api.py
[2026-03-18T08:08:47.598+0000] {processor.py:840} INFO - DAG(s) 'tutorial_taskflow_api' retrieved from /home/airflow/.local/lib/python3.8/site-packages/airflow/example_dags/tutorial_taskflow_api.py
[2026-03-18T08:08:47.611+0000] {logging_mixin.py:188} INFO - [2026-03-18T08:08:47.611+0000] {dag.py:3036} INFO - Sync 1 DAGs
[2026-03-18T08:08:47.619+0000] {logging_mixin.py:188} INFO - [2026-03-18T08:08:47.619+0000] {dag.py:3823} INFO - Setting next_dagrun for tutorial_taskflow_api to None, run_after=None
[2026-03-18T08:08:47.628+0000] {processor.py:183} INFO - Processing /home/airflow/.local/lib/python3.8/site-packages/airflow/example_dags/tutorial_taskflow_api.py took 0.037 seconds
[2026-03-18T08:09:18.117+0000] {processor.py:161} INFO - Started process (PID=455) to work on /home/airflow/.local/lib/python3.8/site-packages/airflow/example_dags/tutorial_taskflow_api.py
[2026-03-18T08:09:18.118+0000] {processor.py:830} INFO - Processing file /home/airflow/.local/lib/python3.8/site-packages/airflow/example_dags/tutorial_taskflow_api.py for tasks to queue
[2026-03-18T08:09:18.119+0000] {logging_mixin.py:188} INFO - [2026-03-18T08:09:18.119+0000] {dagbag.py:538} INFO - Filling up the DagBag from /home/airflow/.local/lib/python3.8/site-packages/airflow/example_dags/tutorial_taskflow_api.py
[2026-03-18T08:09:18.123+0000] {processor.py:840} INFO - DAG(s) 'tutorial_taskflow_api' retrieved from /home/airflow/.local/lib/python3.8/site-packages/airflow/example_dags/tutorial_taskflow_api.py
[2026-03-18T08:09:18.136+0000] {logging_mixin.py:188} INFO - [2026-03-18T08:09:18.135+0000] {dag.py:3036} INFO - Sync 1 DAGs
[2026-03-18T08:09:18.142+0000] {logging_mixin.py:188} INFO - [2026-03-18T08:09:18.142+0000] {dag.py:3823} INFO - Setting next_dagrun for tutorial_taskflow_api to None, run_after=None
[2026-03-18T08:09:18.151+0000] {processor.py:183} INFO - Processing /home/airflow/.local/lib/python3.8/site-packages/airflow/example_dags/tutorial_taskflow_api.py took 0.036 seconds
[2026-03-18T08:09:48.642+0000] {processor.py:161} INFO - Started process (PID=511) to work on /home/airflow/.local/lib/python3.8/site-packages/airflow/example_dags/tutorial_taskflow_api.py
[2026-03-18T08:09:48.645+0000] {processor.py:830} INFO - Processing file /home/airflow/.local/lib/python3.8/site-packages/airflow/example_dags/tutorial_taskflow_api.py for tasks to queue
[2026-03-18T08:09:48.647+0000] {logging_mixin.py:188} INFO - [2026-03-18T08:09:48.646+0000] {dagbag.py:538} INFO - Filling up the DagBag from /home/airflow/.local/lib/python3.8/site-packages/airflow/example_dags/tutorial_taskflow_api.py
[2026-03-18T08:09:48.650+0000] {processor.py:840} INFO - DAG(s) 'tutorial_taskflow_api' retrieved from /home/airflow/.local/lib/python3.8/site-packages/airflow/example_dags/tutorial_taskflow_api.py
[2026-03-18T08:09:48.662+0000] {logging_mixin.py:188} INFO - [2026-03-18T08:09:48.662+0000] {dag.py:3036} INFO - Sync 1 DAGs
[2026-03-18T08:09:48.667+0000] {logging_mixin.py:188} INFO - [2026-03-18T08:09:48.666+0000] {dag.py:3823} INFO - Setting next_dagrun for tutorial_taskflow_api to None, run_after=None
[2026-03-18T08:09:48.674+0000] {processor.py:183} INFO - Processing /home/airflow/.local/lib/python3.8/site-packages/airflow/example_dags/tutorial_taskflow_api.py took 0.034 seconds
[2026-03-18T08:10:19.191+0000] {processor.py:161} INFO - Started process (PID=567) to work on /home/airflow/.local/lib/python3.8/site-packages/airflow/example_dags/tutorial_taskflow_api.py
[2026-03-18T08:10:19.191+0000] {processor.py:830} INFO - Processing file /home/airflow/.local/lib/python3.8/site-packages/airflow/example_dags/tutorial_taskflow_api.py for tasks to queue
[2026-03-18T08:10:19.193+0000] {logging_mixin.py:188} INFO - [2026-03-18T08:10:19.192+0000] {dagbag.py:538} INFO - Filling up the DagBag from /home/airflow/.local/lib/python3.8/site-packages/airflow/example_dags/tutorial_taskflow_api.py
[2026-03-18T08:10:19.196+0000] {processor.py:840} INFO - DAG(s) 'tutorial_taskflow_api' retrieved from /home/airflow/.local/lib/python3.8/site-packages/airflow/example_dags/tutorial_taskflow_api.py
[2026-03-18T08:10:19.206+0000] {logging_mixin.py:188} INFO - [2026-03-18T08:10:19.206+0000] {dag.py:3036} INFO - Sync 1 DAGs
[2026-03-18T08:10:19.212+0000] {logging_mixin.py:188} INFO - [2026-03-18T08:10:19.212+0000] {dag.py:3823} INFO - Setting next_dagrun for tutorial_taskflow_api to None, run_after=None
[2026-03-18T08:10:19.220+0000] {processor.py:183} INFO - Processing /home/airflow/.local/lib/python3.8/site-packages/airflow/example_dags/tutorial_taskflow_api.py took 0.031 seconds
[2026-03-18T08:10:49.731+0000] {processor.py:161} INFO - Started process (PID=623) to work on /home/airflow/.local/lib/python3.8/site-packages/airflow/example_dags/tutorial_taskflow_api.py
[2026-03-18T08:10:49.732+0000] {processor.py:830} INFO - Processing file /home/airflow/.local/lib/python3.8/site-packages/airflow/example_dags/tutorial_taskflow_api.py for tasks to queue
[2026-03-18T08:10:49.733+0000] {logging_mixin.py:188} INFO - [2026-03-18T08:10:49.733+0000] {dagbag.py:538} INFO - Filling up the DagBag from /home/airflow/.local/lib/python3.8/site-packages/airflow/example_dags/tutorial_taskflow_api.py
[2026-03-18T08:10:49.735+0000] {processor.py:840} INFO - DAG(s) 'tutorial_taskflow_api' retrieved from /home/airflow/.local/lib/python3.8/site-packages/airflow/example_dags/tutorial_taskflow_api.py
[2026-03-18T08:10:49.746+0000] {logging_mixin.py:188} INFO - [2026-03-18T08:10:49.746+0000] {dag.py:3036} INFO - Sync 1 DAGs
[2026-03-18T08:10:49.751+0000] {logging_mixin.py:188} INFO - [2026-03-18T08:10:49.751+0000] {dag.py:3823} INFO - Setting next_dagrun for tutorial_taskflow_api to None, run_after=None
[2026-03-18T08:10:49.758+0000] {processor.py:183} INFO - Processing /home/airflow/.local/lib/python3.8/site-packages/airflow/example_dags/tutorial_taskflow_api.py took 0.029 seconds
[2026-03-18T08:11:20.196+0000] {processor.py:161} INFO - Started process (PID=679) to work on /home/airflow/.local/lib/python3.8/site-packages/airflow/example_dags/tutorial_taskflow_api.py
[2026-03-18T08:11:20.197+0000] {processor.py:830} INFO - Processing file /home/airflow/.local/lib/python3.8/site-packages/airflow/example_dags/tutorial_taskflow_api.py for tasks to queue
[2026-03-18T08:11:20.198+0000] {logging_mixin.py:188} INFO - [2026-03-18T08:11:20.198+0000] {dagbag.py:538} INFO - Filling up the DagBag from /home/airflow/.local/lib/python3.8/site-packages/airflow/example_dags/tutorial_taskflow_api.py
[2026-03-18T08:11:20.201+0000] {processor.py:840} INFO - DAG(s) 'tutorial_taskflow_api' retrieved from /home/airflow/.local/lib/python3.8/site-packages/airflow/example_dags/tutorial_taskflow_api.py
[2026-03-18T08:11:20.212+0000] {logging_mixin.py:188} INFO - [2026-03-18T08:11:20.212+0000] {dag.py:3036} INFO - Sync 1 DAGs
[2026-03-18T08:11:20.217+0000] {logging_mixin.py:188} INFO - [2026-03-18T08:11:20.217+0000] {dag.py:3823} INFO - Setting next_dagrun for tutorial_taskflow_api to None, run_after=None
[2026-03-18T08:11:20.224+0000] {processor.py:183} INFO - Processing /home/airflow/.local/lib/python3.8/site-packages/airflow/example_dags/tutorial_taskflow_api.py took 0.029 seconds
[2026-03-18T08:11:50.742+0000] {processor.py:161} INFO - Started process (PID=735) to work on /home/airflow/.local/lib/python3.8/site-packages/airflow/example_dags/tutorial_taskflow_api.py
[2026-03-18T08:11:50.744+0000] {processor.py:830} INFO - Processing file /home/airflow/.local/lib/python3.8/site-packages/airflow/example_dags/tutorial_taskflow_api.py for tasks to queue
[2026-03-18T08:11:50.745+0000] {logging_mixin.py:188} INFO - [2026-03-18T08:11:50.745+0000] {dagbag.py:538} INFO - Filling up the DagBag from /home/airflow/.local/lib/python3.8/site-packages/airflow/example_dags/tutorial_taskflow_api.py
[2026-03-18T08:11:50.750+0000] {processor.py:840} INFO - DAG(s) 'tutorial_taskflow_api' retrieved from /home/airflow/.local/lib/python3.8/site-packages/airflow/example_dags/tutorial_taskflow_api.py
[2026-03-18T08:11:50.761+0000] {logging_mixin.py:188} INFO - [2026-03-18T08:11:50.761+0000] {dag.py:3036} INFO - Sync 1 DAGs
[2026-03-18T08:11:50.766+0000] {logging_mixin.py:188} INFO - [2026-03-18T08:11:50.766+0000] {dag.py:3823} INFO - Setting next_dagrun for tutorial_taskflow_api to None, run_after=None
[2026-03-18T08:11:50.777+0000] {processor.py:183} INFO - Processing /home/airflow/.local/lib/python3.8/site-packages/airflow/example_dags/tutorial_taskflow_api.py took 0.036 seconds
[2026-03-18T08:12:21.295+0000] {processor.py:161} INFO - Started process (PID=791) to work on /home/airflow/.local/lib/python3.8/site-packages/airflow/example_dags/tutorial_taskflow_api.py
[2026-03-18T08:12:21.296+0000] {processor.py:830} INFO - Processing file /home/airflow/.local/lib/python3.8/site-packages/airflow/example_dags/tutorial_taskflow_api.py for tasks to queue
[2026-03-18T08:12:21.297+0000] {logging_mixin.py:188} INFO - [2026-03-18T08:12:21.297+0000] {dagbag.py:538} INFO - Filling up the DagBag from /home/airflow/.local/lib/python3.8/site-packages/airflow/example_dags/tutorial_taskflow_api.py
[2026-03-18T08:12:21.302+0000] {processor.py:840} INFO - DAG(s) 'tutorial_taskflow_api' retrieved from /home/airflow/.local/lib/python3.8/site-packages/airflow/example_dags/tutorial_taskflow_api.py
[2026-03-18T08:12:21.314+0000] {logging_mixin.py:188} INFO - [2026-03-18T08:12:21.314+0000] {dag.py:3036} INFO - Sync 1 DAGs
[2026-03-18T08:12:21.319+0000] {logging_mixin.py:188} INFO - [2026-03-18T08:12:21.319+0000] {dag.py:3823} INFO - Setting next_dagrun for tutorial_taskflow_api to None, run_after=None
[2026-03-18T08:12:21.332+0000] {processor.py:183} INFO - Processing /home/airflow/.local/lib/python3.8/site-packages/airflow/example_dags/tutorial_taskflow_api.py took 0.039 seconds
[2026-03-18T08:12:51.661+0000] {processor.py:161} INFO - Started process (PID=847) to work on /home/airflow/.local/lib/python3.8/site-packages/airflow/example_dags/tutorial_taskflow_api.py
[2026-03-18T08:12:51.662+0000] {processor.py:830} INFO - Processing file /home/airflow/.local/lib/python3.8/site-packages/airflow/example_dags/tutorial_taskflow_api.py for tasks to queue
[2026-03-18T08:12:51.663+0000] {logging_mixin.py:188} INFO - [2026-03-18T08:12:51.663+0000] {dagbag.py:538} INFO - Filling up the DagBag from /home/airflow/.local/lib/python3.8/site-packages/airflow/example_dags/tutorial_taskflow_api.py
[2026-03-18T08:12:51.667+0000] {processor.py:840} INFO - DAG(s) 'tutorial_taskflow_api' retrieved from /home/airflow/.local/lib/python3.8/site-packages/airflow/example_dags/tutorial_taskflow_api.py
[2026-03-18T08:12:51.679+0000] {logging_mixin.py:188} INFO - [2026-03-18T08:12:51.678+0000] {dag.py:3036} INFO - Sync 1 DAGs
[2026-03-18T08:12:51.685+0000] {logging_mixin.py:188} INFO - [2026-03-18T08:12:51.685+0000] {dag.py:3823} INFO - Setting next_dagrun for tutorial_taskflow_api to None, run_after=None
[2026-03-18T08:12:51.691+0000] {processor.py:183} INFO - Processing /home/airflow/.local/lib/python3.8/site-packages/airflow/example_dags/tutorial_taskflow_api.py took 0.032 seconds
[2026-03-18T08:13:22.142+0000] {processor.py:161} INFO - Started process (PID=903) to work on /home/airflow/.local/lib/python3.8/site-packages/airflow/example_dags/tutorial_taskflow_api.py
[2026-03-18T08:13:22.142+0000] {processor.py:830} INFO - Processing file /home/airflow/.local/lib/python3.8/site-packages/airflow/example_dags/tutorial_taskflow_api.py for tasks to queue
[2026-03-18T08:13:22.143+0000] {logging_mixin.py:188} INFO - [2026-03-18T08:13:22.143+0000] {dagbag.py:538} INFO - Filling up the DagBag from /home/airflow/.local/lib/python3.8/site-packages/airflow/example_dags/tutorial_taskflow_api.py
[2026-03-18T08:13:22.146+0000] {processor.py:840} INFO - DAG(s) 'tutorial_taskflow_api' retrieved from /home/airflow/.local/lib/python3.8/site-packages/airflow/example_dags/tutorial_taskflow_api.py
[2026-03-18T08:13:22.157+0000] {logging_mixin.py:188} INFO - [2026-03-18T08:13:22.156+0000] {dag.py:3036} INFO - Sync 1 DAGs
[2026-03-18T08:13:22.164+0000] {logging_mixin.py:188} INFO - [2026-03-18T08:13:22.164+0000] {dag.py:3823} INFO - Setting next_dagrun for tutorial_taskflow_api to None, run_after=None
[2026-03-18T08:13:22.180+0000] {processor.py:183} INFO - Processing /home/airflow/.local/lib/python3.8/site-packages/airflow/example_dags/tutorial_taskflow_api.py took 0.039 seconds
[2026-03-18T08:13:52.698+0000] {processor.py:161} INFO - Started process (PID=959) to work on /home/airflow/.local/lib/python3.8/site-packages/airflow/example_dags/tutorial_taskflow_api.py
[2026-03-18T08:13:52.699+0000] {processor.py:830} INFO - Processing file /home/airflow/.local/lib/python3.8/site-packages/airflow/example_dags/tutorial_taskflow_api.py for tasks to queue
[2026-03-18T08:13:52.702+0000] {logging_mixin.py:188} INFO - [2026-03-18T08:13:52.702+0000] {dagbag.py:538} INFO - Filling up the DagBag from /home/airflow/.local/lib/python3.8/site-packages/airflow/example_dags/tutorial_taskflow_api.py
[2026-03-18T08:13:52.705+0000] {processor.py:840} INFO - DAG(s) 'tutorial_taskflow_api' retrieved from /home/airflow/.local/lib/python3.8/site-packages/airflow/example_dags/tutorial_taskflow_api.py
[2026-03-18T08:13:52.714+0000] {logging_mixin.py:188} INFO - [2026-03-18T08:13:52.714+0000] {dag.py:3036} INFO - Sync 1 DAGs
[2026-03-18T08:13:52.719+0000] {logging_mixin.py:188} INFO - [2026-03-18T08:13:52.719+0000] {dag.py:3823} INFO - Setting next_dagrun for tutorial_taskflow_api to None, run_after=None
[2026-03-18T08:13:52.728+0000] {processor.py:183} INFO - Processing /home/airflow/.local/lib/python3.8/site-packages/airflow/example_dags/tutorial_taskflow_api.py took 0.032 seconds
[2026-03-18T08:14:23.295+0000] {processor.py:161} INFO - Started process (PID=1015) to work on /home/airflow/.local/lib/python3.8/site-packages/airflow/example_dags/tutorial_taskflow_api.py
[2026-03-18T08:14:23.297+0000] {processor.py:830} INFO - Processing file /home/airflow/.local/lib/python3.8/site-packages/airflow/example_dags/tutorial_taskflow_api.py for tasks to queue
[2026-03-18T08:14:23.298+0000] {logging_mixin.py:188} INFO - [2026-03-18T08:14:23.298+0000] {dagbag.py:538} INFO - Filling up the DagBag from /home/airflow/.local/lib/python3.8/site-packages/airflow/example_dags/tutorial_taskflow_api.py
[2026-03-18T08:14:23.302+0000] {processor.py:840} INFO - DAG(s) 'tutorial_taskflow_api' retrieved from /home/airflow/.local/lib/python3.8/site-packages/airflow/example_dags/tutorial_taskflow_api.py
[2026-03-18T08:14:23.313+0000] {logging_mixin.py:188} INFO - [2026-03-18T08:14:23.313+0000] {dag.py:3036} INFO - Sync 1 DAGs
[2026-03-18T08:14:23.320+0000] {logging_mixin.py:188} INFO - [2026-03-18T08:14:23.320+0000] {dag.py:3823} INFO - Setting next_dagrun for tutorial_taskflow_api to None, run_after=None
[2026-03-18T08:14:23.334+0000] {processor.py:183} INFO - Processing /home/airflow/.local/lib/python3.8/site-packages/airflow/example_dags/tutorial_taskflow_api.py took 0.040 seconds
[2026-03-18T08:14:53.844+0000] {processor.py:161} INFO - Started process (PID=1071) to work on /home/airflow/.local/lib/python3.8/site-packages/airflow/example_dags/tutorial_taskflow_api.py
[2026-03-18T08:14:53.845+0000] {processor.py:830} INFO - Processing file /home/airflow/.local/lib/python3.8/site-packages/airflow/example_dags/tutorial_taskflow_api.py for tasks to queue
[2026-03-18T08:14:53.846+0000] {logging_mixin.py:188} INFO - [2026-03-18T08:14:53.846+0000] {dagbag.py:538} INFO - Filling up the DagBag from /home/airflow/.local/lib/python3.8/site-packages/airflow/example_dags/tutorial_taskflow_api.py
[2026-03-18T08:14:53.851+0000] {processor.py:840} INFO - DAG(s) 'tutorial_taskflow_api' retrieved from /home/airflow/.local/lib/python3.8/site-packages/airflow/example_dags/tutorial_taskflow_api.py
[2026-03-18T08:14:53.866+0000] {logging_mixin.py:188} INFO - [2026-03-18T08:14:53.865+0000] {dag.py:3036} INFO - Sync 1 DAGs
[2026-03-18T08:14:53.874+0000] {logging_mixin.py:188} INFO - [2026-03-18T08:14:53.874+0000] {dag.py:3823} INFO - Setting next_dagrun for tutorial_taskflow_api to None, run_after=None
[2026-03-18T08:14:53.885+0000] {processor.py:183} INFO - Processing /home/airflow/.local/lib/python3.8/site-packages/airflow/example_dags/tutorial_taskflow_api.py took 0.042 seconds
[2026-03-18T08:15:24.525+0000] {processor.py:161} INFO - Started process (PID=1127) to work on /home/airflow/.local/lib/python3.8/site-packages/airflow/example_dags/tutorial_taskflow_api.py
[2026-03-18T08:15:24.528+0000] {processor.py:830} INFO - Processing file /home/airflow/.local/lib/python3.8/site-packages/airflow/example_dags/tutorial_taskflow_api.py for tasks to queue
[2026-03-18T08:15:24.532+0000] {logging_mixin.py:188} INFO - [2026-03-18T08:15:24.531+0000] {dagbag.py:538} INFO - Filling up the DagBag from /home/airflow/.local/lib/python3.8/site-packages/airflow/example_dags/tutorial_taskflow_api.py
[2026-03-18T08:15:24.534+0000] {processor.py:840} INFO - DAG(s) 'tutorial_taskflow_api' retrieved from /home/airflow/.local/lib/python3.8/site-packages/airflow/example_dags/tutorial_taskflow_api.py
[2026-03-18T08:15:24.546+0000] {logging_mixin.py:188} INFO - [2026-03-18T08:15:24.546+0000] {dag.py:3036} INFO - Sync 1 DAGs
[2026-03-18T08:15:24.551+0000] {logging_mixin.py:188} INFO - [2026-03-18T08:15:24.551+0000] {dag.py:3823} INFO - Setting next_dagrun for tutorial_taskflow_api to None, run_after=None
[2026-03-18T08:15:24.561+0000] {processor.py:183} INFO - Processing /home/airflow/.local/lib/python3.8/site-packages/airflow/example_dags/tutorial_taskflow_api.py took 0.037 seconds
[2026-03-18T08:15:55.069+0000] {processor.py:161} INFO - Started process (PID=1183) to work on /home/airflow/.local/lib/python3.8/site-packages/airflow/example_dags/tutorial_taskflow_api.py
[2026-03-18T08:15:55.070+0000] {processor.py:830} INFO - Processing file /home/airflow/.local/lib/python3.8/site-packages/airflow/example_dags/tutorial_taskflow_api.py for tasks to queue
[2026-03-18T08:15:55.071+0000] {logging_mixin.py:188} INFO - [2026-03-18T08:15:55.071+0000] {dagbag.py:538} INFO - Filling up the DagBag from /home/airflow/.local/lib/python3.8/site-packages/airflow/example_dags/tutorial_taskflow_api.py
[2026-03-18T08:15:55.074+0000] {processor.py:840} INFO - DAG(s) 'tutorial_taskflow_api' retrieved from /home/airflow/.local/lib/python3.8/site-packages/airflow/example_dags/tutorial_taskflow_api.py
[2026-03-18T08:15:55.084+0000] {logging_mixin.py:188} INFO - [2026-03-18T08:15:55.084+0000] {dag.py:3036} INFO - Sync 1 DAGs
[2026-03-18T08:15:55.090+0000] {logging_mixin.py:188} INFO - [2026-03-18T08:15:55.090+0000] {dag.py:3823} INFO - Setting next_dagrun for tutorial_taskflow_api to None, run_after=None
[2026-03-18T08:15:55.098+0000] {processor.py:183} INFO - Processing /home/airflow/.local/lib/python3.8/site-packages/airflow/example_dags/tutorial_taskflow_api.py took 0.031 seconds
[2026-03-18T08:16:25.598+0000] {processor.py:161} INFO - Started process (PID=1239) to work on /home/airflow/.local/lib/python3.8/site-packages/airflow/example_dags/tutorial_taskflow_api.py
[2026-03-18T08:16:25.599+0000] {processor.py:830} INFO - Processing file /home/airflow/.local/lib/python3.8/site-packages/airflow/example_dags/tutorial_taskflow_api.py for tasks to queue
[2026-03-18T08:16:25.600+0000] {logging_mixin.py:188} INFO - [2026-03-18T08:16:25.600+0000] {dagbag.py:538} INFO - Filling up the DagBag from /home/airflow/.local/lib/python3.8/site-packages/airflow/example_dags/tutorial_taskflow_api.py
[2026-03-18T08:16:25.604+0000] {processor.py:840} INFO - DAG(s) 'tutorial_taskflow_api' retrieved from /home/airflow/.local/lib/python3.8/site-packages/airflow/example_dags/tutorial_taskflow_api.py
[2026-03-18T08:16:25.614+0000] {logging_mixin.py:188} INFO - [2026-03-18T08:16:25.614+0000] {dag.py:3036} INFO - Sync 1 DAGs
[2026-03-18T08:16:25.619+0000] {logging_mixin.py:188} INFO - [2026-03-18T08:16:25.619+0000] {dag.py:3823} INFO - Setting next_dagrun for tutorial_taskflow_api to None, run_after=None
[2026-03-18T08:16:25.629+0000] {processor.py:183} INFO - Processing /home/airflow/.local/lib/python3.8/site-packages/airflow/example_dags/tutorial_taskflow_api.py took 0.033 seconds
[2026-03-18T08:16:56.160+0000] {processor.py:161} INFO - Started process (PID=1296) to work on /home/airflow/.local/lib/python3.8/site-packages/airflow/example_dags/tutorial_taskflow_api.py
[2026-03-18T08:16:56.161+0000] {processor.py:830} INFO - Processing file /home/airflow/.local/lib/python3.8/site-packages/airflow/example_dags/tutorial_taskflow_api.py for tasks to queue
[2026-03-18T08:16:56.163+0000] {logging_mixin.py:188} INFO - [2026-03-18T08:16:56.163+0000] {dagbag.py:538} INFO - Filling up the DagBag from /home/airflow/.local/lib/python3.8/site-packages/airflow/example_dags/tutorial_taskflow_api.py
[2026-03-18T08:16:56.167+0000] {processor.py:840} INFO - DAG(s) 'tutorial_taskflow_api' retrieved from /home/airflow/.local/lib/python3.8/site-packages/airflow/example_dags/tutorial_taskflow_api.py
[2026-03-18T08:16:56.179+0000] {logging_mixin.py:188} INFO - [2026-03-18T08:16:56.179+0000] {dag.py:3036} INFO - Sync 1 DAGs
[2026-03-18T08:16:56.184+0000] {logging_mixin.py:188} INFO - [2026-03-18T08:16:56.184+0000] {dag.py:3823} INFO - Setting next_dagrun for tutorial_taskflow_api to None, run_after=None
[2026-03-18T08:16:56.193+0000] {processor.py:183} INFO - Processing /home/airflow/.local/lib/python3.8/site-packages/airflow/example_dags/tutorial_taskflow_api.py took 0.034 seconds
[2026-03-18T08:17:26.733+0000] {processor.py:161} INFO - Started process (PID=1352) to work on /home/airflow/.local/lib/python3.8/site-packages/airflow/example_dags/tutorial_taskflow_api.py
[2026-03-18T08:17:26.734+0000] {processor.py:830} INFO - Processing file /home/airflow/.local/lib/python3.8/site-packages/airflow/example_dags/tutorial_taskflow_api.py for tasks to queue
[2026-03-18T08:17:26.735+0000] {logging_mixin.py:188} INFO - [2026-03-18T08:17:26.735+0000] {dagbag.py:538} INFO - Filling up the DagBag from /home/airflow/.local/lib/python3.8/site-packages/airflow/example_dags/tutorial_taskflow_api.py
[2026-03-18T08:17:26.738+0000] {processor.py:840} INFO - DAG(s) 'tutorial_taskflow_api' retrieved from /home/airflow/.local/lib/python3.8/site-packages/airflow/example_dags/tutorial_taskflow_api.py
[2026-03-18T08:17:26.749+0000] {logging_mixin.py:188} INFO - [2026-03-18T08:17:26.749+0000] {dag.py:3036} INFO - Sync 1 DAGs
[2026-03-18T08:17:26.756+0000] {logging_mixin.py:188} INFO - [2026-03-18T08:17:26.755+0000] {dag.py:3823} INFO - Setting next_dagrun for tutorial_taskflow_api to None, run_after=None
[2026-03-18T08:17:26.766+0000] {processor.py:183} INFO - Processing /home/airflow/.local/lib/python3.8/site-packages/airflow/example_dags/tutorial_taskflow_api.py took 0.035 seconds
[2026-03-18T08:17:57.196+0000] {processor.py:161} INFO - Started process (PID=1408) to work on /home/airflow/.local/lib/python3.8/site-packages/airflow/example_dags/tutorial_taskflow_api.py
[2026-03-18T08:17:57.196+0000] {processor.py:830} INFO - Processing file /home/airflow/.local/lib/python3.8/site-packages/airflow/example_dags/tutorial_taskflow_api.py for tasks to queue
[2026-03-18T08:17:57.197+0000] {logging_mixin.py:188} INFO - [2026-03-18T08:17:57.197+0000] {dagbag.py:538} INFO - Filling up the DagBag from /home/airflow/.local/lib/python3.8/site-packages/airflow/example_dags/tutorial_taskflow_api.py
[2026-03-18T08:17:57.200+0000] {processor.py:840} INFO - DAG(s) 'tutorial_taskflow_api' retrieved from /home/airflow/.local/lib/python3.8/site-packages/airflow/example_dags/tutorial_taskflow_api.py
[2026-03-18T08:17:57.210+0000] {logging_mixin.py:188} INFO - [2026-03-18T08:17:57.210+0000] {dag.py:3036} INFO - Sync 1 DAGs
[2026-03-18T08:17:57.214+0000] {logging_mixin.py:188} INFO - [2026-03-18T08:17:57.214+0000] {dag.py:3823} INFO - Setting next_dagrun for tutorial_taskflow_api to None, run_after=None
[2026-03-18T08:17:57.229+0000] {processor.py:183} INFO - Processing /home/airflow/.local/lib/python3.8/site-packages/airflow/example_dags/tutorial_taskflow_api.py took 0.034 seconds
[2026-03-18T08:18:27.772+0000] {processor.py:161} INFO - Started process (PID=1464) to work on /home/airflow/.local/lib/python3.8/site-packages/airflow/example_dags/tutorial_taskflow_api.py
[2026-03-18T08:18:27.773+0000] {processor.py:830} INFO - Processing file /home/airflow/.local/lib/python3.8/site-packages/airflow/example_dags/tutorial_taskflow_api.py for tasks to queue
[2026-03-18T08:18:27.773+0000] {logging_mixin.py:188} INFO - [2026-03-18T08:18:27.773+0000] {dagbag.py:538} INFO - Filling up the DagBag from /home/airflow/.local/lib/python3.8/site-packages/airflow/example_dags/tutorial_taskflow_api.py
[2026-03-18T08:18:27.777+0000] {processor.py:840} INFO - DAG(s) 'tutorial_taskflow_api' retrieved from /home/airflow/.local/lib/python3.8/site-packages/airflow/example_dags/tutorial_taskflow_api.py
[2026-03-18T08:18:27.785+0000] {logging_mixin.py:188} INFO - [2026-03-18T08:18:27.785+0000] {dag.py:3036} INFO - Sync 1 DAGs
[2026-03-18T08:18:27.789+0000] {logging_mixin.py:188} INFO - [2026-03-18T08:18:27.789+0000] {dag.py:3823} INFO - Setting next_dagrun for tutorial_taskflow_api to None, run_after=None
[2026-03-18T08:18:27.804+0000] {processor.py:183} INFO - Processing /home/airflow/.local/lib/python3.8/site-packages/airflow/example_dags/tutorial_taskflow_api.py took 0.034 seconds
[2026-03-18T08:18:58.292+0000] {processor.py:161} INFO - Started process (PID=1520) to work on /home/airflow/.local/lib/python3.8/site-packages/airflow/example_dags/tutorial_taskflow_api.py
[2026-03-18T08:18:58.293+0000] {processor.py:830} INFO - Processing file /home/airflow/.local/lib/python3.8/site-packages/airflow/example_dags/tutorial_taskflow_api.py for tasks to queue
[2026-03-18T08:18:58.294+0000] {logging_mixin.py:188} INFO - [2026-03-18T08:18:58.294+0000] {dagbag.py:538} INFO - Filling up the DagBag from /home/airflow/.local/lib/python3.8/site-packages/airflow/example_dags/tutorial_taskflow_api.py
[2026-03-18T08:18:58.298+0000] {processor.py:840} INFO - DAG(s) 'tutorial_taskflow_api' retrieved from /home/airflow/.local/lib/python3.8/site-packages/airflow/example_dags/tutorial_taskflow_api.py
[2026-03-18T08:18:58.310+0000] {logging_mixin.py:188} INFO - [2026-03-18T08:18:58.310+0000] {dag.py:3036} INFO - Sync 1 DAGs
[2026-03-18T08:18:58.315+0000] {logging_mixin.py:188} INFO - [2026-03-18T08:18:58.315+0000] {dag.py:3823} INFO - Setting next_dagrun for tutorial_taskflow_api to None, run_after=None
[2026-03-18T08:18:58.324+0000] {processor.py:183} INFO - Processing /home/airflow/.local/lib/python3.8/site-packages/airflow/example_dags/tutorial_taskflow_api.py took 0.034 seconds
[2026-03-18T08:19:28.726+0000] {processor.py:161} INFO - Started process (PID=1576) to work on /home/airflow/.local/lib/python3.8/site-packages/airflow/example_dags/tutorial_taskflow_api.py
[2026-03-18T08:19:28.727+0000] {processor.py:830} INFO - Processing file /home/airflow/.local/lib/python3.8/site-packages/airflow/example_dags/tutorial_taskflow_api.py for tasks to queue
[2026-03-18T08:19:28.728+0000] {logging_mixin.py:188} INFO - [2026-03-18T08:19:28.728+0000] {dagbag.py:538} INFO - Filling up the DagBag from /home/airflow/.local/lib/python3.8/site-packages/airflow/example_dags/tutorial_taskflow_api.py
[2026-03-18T08:19:28.730+0000] {processor.py:840} INFO - DAG(s) 'tutorial_taskflow_api' retrieved from /home/airflow/.local/lib/python3.8/site-packages/airflow/example_dags/tutorial_taskflow_api.py
[2026-03-18T08:19:28.741+0000] {logging_mixin.py:188} INFO - [2026-03-18T08:19:28.741+0000] {dag.py:3036} INFO - Sync 1 DAGs
[2026-03-18T08:19:28.747+0000] {logging_mixin.py:188} INFO - [2026-03-18T08:19:28.747+0000] {dag.py:3823} INFO - Setting next_dagrun for tutorial_taskflow_api to None, run_after=None
[2026-03-18T08:19:28.758+0000] {processor.py:183} INFO - Processing /home/airflow/.local/lib/python3.8/site-packages/airflow/example_dags/tutorial_taskflow_api.py took 0.033 seconds
