[2026-03-18T07:45:17.879+0000] {processor.py:161} INFO - Started process (PID=53) to work on /home/airflow/.local/lib/python3.8/site-packages/airflow/example_dags/tutorial_dag.py
[2026-03-18T07:45:17.880+0000] {processor.py:830} INFO - Processing file /home/airflow/.local/lib/python3.8/site-packages/airflow/example_dags/tutorial_dag.py for tasks to queue
[2026-03-18T07:45:17.880+0000] {logging_mixin.py:188} INFO - [2026-03-18T07:45:17.880+0000] {dagbag.py:538} INFO - Filling up the DagBag from /home/airflow/.local/lib/python3.8/site-packages/airflow/example_dags/tutorial_dag.py
[2026-03-18T07:45:17.885+0000] {processor.py:840} INFO - DAG(s) 'tutorial_dag' retrieved from /home/airflow/.local/lib/python3.8/site-packages/airflow/example_dags/tutorial_dag.py
[2026-03-18T07:45:17.931+0000] {logging_mixin.py:188} INFO - [2026-03-18T07:45:17.931+0000] {override.py:1769} INFO - Created Permission View: can read on DAG:tutorial_dag
[2026-03-18T07:45:17.936+0000] {logging_mixin.py:188} INFO - [2026-03-18T07:45:17.936+0000] {override.py:1769} INFO - Created Permission View: can delete on DAG:tutorial_dag
[2026-03-18T07:45:17.939+0000] {logging_mixin.py:188} INFO - [2026-03-18T07:45:17.939+0000] {override.py:1769} INFO - Created Permission View: can edit on DAG:tutorial_dag
[2026-03-18T07:45:17.939+0000] {logging_mixin.py:188} INFO - [2026-03-18T07:45:17.939+0000] {dag.py:3036} INFO - Sync 1 DAGs
[2026-03-18T07:45:17.944+0000] {logging_mixin.py:188} INFO - [2026-03-18T07:45:17.944+0000] {dag.py:3058} INFO - Creating ORM DAG for tutorial_dag
[2026-03-18T07:45:17.944+0000] {logging_mixin.py:188} INFO - [2026-03-18T07:45:17.944+0000] {dag.py:3823} INFO - Setting next_dagrun for tutorial_dag to None, run_after=None
[2026-03-18T07:45:17.953+0000] {processor.py:183} INFO - Processing /home/airflow/.local/lib/python3.8/site-packages/airflow/example_dags/tutorial_dag.py took 0.076 seconds
[2026-03-18T07:45:48.108+0000] {processor.py:161} INFO - Started process (PID=108) to work on /home/airflow/.local/lib/python3.8/site-packages/airflow/example_dags/tutorial_dag.py
[2026-03-18T07:45:48.109+0000] {processor.py:830} INFO - Processing file /home/airflow/.local/lib/python3.8/site-packages/airflow/example_dags/tutorial_dag.py for tasks to queue
[2026-03-18T07:45:48.109+0000] {logging_mixin.py:188} INFO - [2026-03-18T07:45:48.109+0000] {dagbag.py:538} INFO - Filling up the DagBag from /home/airflow/.local/lib/python3.8/site-packages/airflow/example_dags/tutorial_dag.py
[2026-03-18T07:45:48.112+0000] {processor.py:840} INFO - DAG(s) 'tutorial_dag' retrieved from /home/airflow/.local/lib/python3.8/site-packages/airflow/example_dags/tutorial_dag.py
[2026-03-18T07:45:48.121+0000] {logging_mixin.py:188} INFO - [2026-03-18T07:45:48.121+0000] {dag.py:3036} INFO - Sync 1 DAGs
[2026-03-18T07:45:48.125+0000] {logging_mixin.py:188} INFO - [2026-03-18T07:45:48.125+0000] {dag.py:3823} INFO - Setting next_dagrun for tutorial_dag to None, run_after=None
[2026-03-18T07:45:48.135+0000] {processor.py:183} INFO - Processing /home/airflow/.local/lib/python3.8/site-packages/airflow/example_dags/tutorial_dag.py took 0.028 seconds
[2026-03-18T07:46:18.466+0000] {processor.py:161} INFO - Started process (PID=163) to work on /home/airflow/.local/lib/python3.8/site-packages/airflow/example_dags/tutorial_dag.py
[2026-03-18T07:46:18.467+0000] {processor.py:830} INFO - Processing file /home/airflow/.local/lib/python3.8/site-packages/airflow/example_dags/tutorial_dag.py for tasks to queue
[2026-03-18T07:46:18.468+0000] {logging_mixin.py:188} INFO - [2026-03-18T07:46:18.468+0000] {dagbag.py:538} INFO - Filling up the DagBag from /home/airflow/.local/lib/python3.8/site-packages/airflow/example_dags/tutorial_dag.py
[2026-03-18T07:46:18.471+0000] {processor.py:840} INFO - DAG(s) 'tutorial_dag' retrieved from /home/airflow/.local/lib/python3.8/site-packages/airflow/example_dags/tutorial_dag.py
[2026-03-18T07:46:18.484+0000] {logging_mixin.py:188} INFO - [2026-03-18T07:46:18.484+0000] {dag.py:3036} INFO - Sync 1 DAGs
[2026-03-18T07:46:18.490+0000] {logging_mixin.py:188} INFO - [2026-03-18T07:46:18.490+0000] {dag.py:3823} INFO - Setting next_dagrun for tutorial_dag to None, run_after=None
[2026-03-18T07:46:18.498+0000] {processor.py:183} INFO - Processing /home/airflow/.local/lib/python3.8/site-packages/airflow/example_dags/tutorial_dag.py took 0.033 seconds
[2026-03-18T07:46:48.831+0000] {processor.py:161} INFO - Started process (PID=218) to work on /home/airflow/.local/lib/python3.8/site-packages/airflow/example_dags/tutorial_dag.py
[2026-03-18T07:46:48.831+0000] {processor.py:830} INFO - Processing file /home/airflow/.local/lib/python3.8/site-packages/airflow/example_dags/tutorial_dag.py for tasks to queue
[2026-03-18T07:46:48.832+0000] {logging_mixin.py:188} INFO - [2026-03-18T07:46:48.832+0000] {dagbag.py:538} INFO - Filling up the DagBag from /home/airflow/.local/lib/python3.8/site-packages/airflow/example_dags/tutorial_dag.py
[2026-03-18T07:46:48.835+0000] {processor.py:840} INFO - DAG(s) 'tutorial_dag' retrieved from /home/airflow/.local/lib/python3.8/site-packages/airflow/example_dags/tutorial_dag.py
[2026-03-18T07:46:48.843+0000] {logging_mixin.py:188} INFO - [2026-03-18T07:46:48.843+0000] {dag.py:3036} INFO - Sync 1 DAGs
[2026-03-18T07:46:48.848+0000] {logging_mixin.py:188} INFO - [2026-03-18T07:46:48.848+0000] {dag.py:3823} INFO - Setting next_dagrun for tutorial_dag to None, run_after=None
[2026-03-18T07:46:48.855+0000] {processor.py:183} INFO - Processing /home/airflow/.local/lib/python3.8/site-packages/airflow/example_dags/tutorial_dag.py took 0.026 seconds
[2026-03-18T07:47:19.152+0000] {processor.py:161} INFO - Started process (PID=273) to work on /home/airflow/.local/lib/python3.8/site-packages/airflow/example_dags/tutorial_dag.py
[2026-03-18T07:47:19.152+0000] {processor.py:830} INFO - Processing file /home/airflow/.local/lib/python3.8/site-packages/airflow/example_dags/tutorial_dag.py for tasks to queue
[2026-03-18T07:47:19.153+0000] {logging_mixin.py:188} INFO - [2026-03-18T07:47:19.153+0000] {dagbag.py:538} INFO - Filling up the DagBag from /home/airflow/.local/lib/python3.8/site-packages/airflow/example_dags/tutorial_dag.py
[2026-03-18T07:47:19.156+0000] {processor.py:840} INFO - DAG(s) 'tutorial_dag' retrieved from /home/airflow/.local/lib/python3.8/site-packages/airflow/example_dags/tutorial_dag.py
[2026-03-18T07:47:19.166+0000] {logging_mixin.py:188} INFO - [2026-03-18T07:47:19.166+0000] {dag.py:3036} INFO - Sync 1 DAGs
[2026-03-18T07:47:19.172+0000] {logging_mixin.py:188} INFO - [2026-03-18T07:47:19.171+0000] {dag.py:3823} INFO - Setting next_dagrun for tutorial_dag to None, run_after=None
[2026-03-18T07:47:19.179+0000] {processor.py:183} INFO - Processing /home/airflow/.local/lib/python3.8/site-packages/airflow/example_dags/tutorial_dag.py took 0.029 seconds
[2026-03-18T07:47:49.588+0000] {processor.py:161} INFO - Started process (PID=328) to work on /home/airflow/.local/lib/python3.8/site-packages/airflow/example_dags/tutorial_dag.py
[2026-03-18T07:47:49.589+0000] {processor.py:830} INFO - Processing file /home/airflow/.local/lib/python3.8/site-packages/airflow/example_dags/tutorial_dag.py for tasks to queue
[2026-03-18T07:47:49.590+0000] {logging_mixin.py:188} INFO - [2026-03-18T07:47:49.590+0000] {dagbag.py:538} INFO - Filling up the DagBag from /home/airflow/.local/lib/python3.8/site-packages/airflow/example_dags/tutorial_dag.py
[2026-03-18T07:47:49.594+0000] {processor.py:840} INFO - DAG(s) 'tutorial_dag' retrieved from /home/airflow/.local/lib/python3.8/site-packages/airflow/example_dags/tutorial_dag.py
[2026-03-18T07:47:49.604+0000] {logging_mixin.py:188} INFO - [2026-03-18T07:47:49.604+0000] {dag.py:3036} INFO - Sync 1 DAGs
[2026-03-18T07:47:49.610+0000] {logging_mixin.py:188} INFO - [2026-03-18T07:47:49.610+0000] {dag.py:3823} INFO - Setting next_dagrun for tutorial_dag to None, run_after=None
[2026-03-18T07:47:49.618+0000] {processor.py:183} INFO - Processing /home/airflow/.local/lib/python3.8/site-packages/airflow/example_dags/tutorial_dag.py took 0.033 seconds
[2026-03-18T07:48:19.988+0000] {processor.py:161} INFO - Started process (PID=383) to work on /home/airflow/.local/lib/python3.8/site-packages/airflow/example_dags/tutorial_dag.py
[2026-03-18T07:48:19.989+0000] {processor.py:830} INFO - Processing file /home/airflow/.local/lib/python3.8/site-packages/airflow/example_dags/tutorial_dag.py for tasks to queue
[2026-03-18T07:48:19.990+0000] {logging_mixin.py:188} INFO - [2026-03-18T07:48:19.990+0000] {dagbag.py:538} INFO - Filling up the DagBag from /home/airflow/.local/lib/python3.8/site-packages/airflow/example_dags/tutorial_dag.py
[2026-03-18T07:48:19.993+0000] {processor.py:840} INFO - DAG(s) 'tutorial_dag' retrieved from /home/airflow/.local/lib/python3.8/site-packages/airflow/example_dags/tutorial_dag.py
[2026-03-18T07:48:20.002+0000] {logging_mixin.py:188} INFO - [2026-03-18T07:48:20.001+0000] {dag.py:3036} INFO - Sync 1 DAGs
[2026-03-18T07:48:20.007+0000] {logging_mixin.py:188} INFO - [2026-03-18T07:48:20.007+0000] {dag.py:3823} INFO - Setting next_dagrun for tutorial_dag to None, run_after=None
[2026-03-18T07:48:20.014+0000] {processor.py:183} INFO - Processing /home/airflow/.local/lib/python3.8/site-packages/airflow/example_dags/tutorial_dag.py took 0.027 seconds
[2026-03-18T07:48:50.316+0000] {processor.py:161} INFO - Started process (PID=438) to work on /home/airflow/.local/lib/python3.8/site-packages/airflow/example_dags/tutorial_dag.py
[2026-03-18T07:48:50.316+0000] {processor.py:830} INFO - Processing file /home/airflow/.local/lib/python3.8/site-packages/airflow/example_dags/tutorial_dag.py for tasks to queue
[2026-03-18T07:48:50.318+0000] {logging_mixin.py:188} INFO - [2026-03-18T07:48:50.317+0000] {dagbag.py:538} INFO - Filling up the DagBag from /home/airflow/.local/lib/python3.8/site-packages/airflow/example_dags/tutorial_dag.py
[2026-03-18T07:48:50.321+0000] {processor.py:840} INFO - DAG(s) 'tutorial_dag' retrieved from /home/airflow/.local/lib/python3.8/site-packages/airflow/example_dags/tutorial_dag.py
[2026-03-18T07:48:50.331+0000] {logging_mixin.py:188} INFO - [2026-03-18T07:48:50.331+0000] {dag.py:3036} INFO - Sync 1 DAGs
[2026-03-18T07:48:50.337+0000] {logging_mixin.py:188} INFO - [2026-03-18T07:48:50.337+0000] {dag.py:3823} INFO - Setting next_dagrun for tutorial_dag to None, run_after=None
[2026-03-18T07:48:50.348+0000] {processor.py:183} INFO - Processing /home/airflow/.local/lib/python3.8/site-packages/airflow/example_dags/tutorial_dag.py took 0.034 seconds
[2026-03-18T07:49:20.581+0000] {processor.py:161} INFO - Started process (PID=493) to work on /home/airflow/.local/lib/python3.8/site-packages/airflow/example_dags/tutorial_dag.py
[2026-03-18T07:49:20.582+0000] {processor.py:830} INFO - Processing file /home/airflow/.local/lib/python3.8/site-packages/airflow/example_dags/tutorial_dag.py for tasks to queue
[2026-03-18T07:49:20.583+0000] {logging_mixin.py:188} INFO - [2026-03-18T07:49:20.583+0000] {dagbag.py:538} INFO - Filling up the DagBag from /home/airflow/.local/lib/python3.8/site-packages/airflow/example_dags/tutorial_dag.py
[2026-03-18T07:49:20.585+0000] {processor.py:840} INFO - DAG(s) 'tutorial_dag' retrieved from /home/airflow/.local/lib/python3.8/site-packages/airflow/example_dags/tutorial_dag.py
[2026-03-18T07:49:20.593+0000] {logging_mixin.py:188} INFO - [2026-03-18T07:49:20.593+0000] {dag.py:3036} INFO - Sync 1 DAGs
[2026-03-18T07:49:20.599+0000] {logging_mixin.py:188} INFO - [2026-03-18T07:49:20.599+0000] {dag.py:3823} INFO - Setting next_dagrun for tutorial_dag to None, run_after=None
[2026-03-18T07:49:20.606+0000] {processor.py:183} INFO - Processing /home/airflow/.local/lib/python3.8/site-packages/airflow/example_dags/tutorial_dag.py took 0.026 seconds
[2026-03-18T07:49:50.861+0000] {processor.py:161} INFO - Started process (PID=548) to work on /home/airflow/.local/lib/python3.8/site-packages/airflow/example_dags/tutorial_dag.py
[2026-03-18T07:49:50.861+0000] {processor.py:830} INFO - Processing file /home/airflow/.local/lib/python3.8/site-packages/airflow/example_dags/tutorial_dag.py for tasks to queue
[2026-03-18T07:49:50.862+0000] {logging_mixin.py:188} INFO - [2026-03-18T07:49:50.862+0000] {dagbag.py:538} INFO - Filling up the DagBag from /home/airflow/.local/lib/python3.8/site-packages/airflow/example_dags/tutorial_dag.py
[2026-03-18T07:49:50.865+0000] {processor.py:840} INFO - DAG(s) 'tutorial_dag' retrieved from /home/airflow/.local/lib/python3.8/site-packages/airflow/example_dags/tutorial_dag.py
[2026-03-18T07:49:50.873+0000] {logging_mixin.py:188} INFO - [2026-03-18T07:49:50.873+0000] {dag.py:3036} INFO - Sync 1 DAGs
[2026-03-18T07:49:50.879+0000] {logging_mixin.py:188} INFO - [2026-03-18T07:49:50.879+0000] {dag.py:3823} INFO - Setting next_dagrun for tutorial_dag to None, run_after=None
[2026-03-18T07:49:50.886+0000] {processor.py:183} INFO - Processing /home/airflow/.local/lib/python3.8/site-packages/airflow/example_dags/tutorial_dag.py took 0.027 seconds
[2026-03-18T07:50:21.187+0000] {processor.py:161} INFO - Started process (PID=604) to work on /home/airflow/.local/lib/python3.8/site-packages/airflow/example_dags/tutorial_dag.py
[2026-03-18T07:50:21.188+0000] {processor.py:830} INFO - Processing file /home/airflow/.local/lib/python3.8/site-packages/airflow/example_dags/tutorial_dag.py for tasks to queue
[2026-03-18T07:50:21.189+0000] {logging_mixin.py:188} INFO - [2026-03-18T07:50:21.189+0000] {dagbag.py:538} INFO - Filling up the DagBag from /home/airflow/.local/lib/python3.8/site-packages/airflow/example_dags/tutorial_dag.py
[2026-03-18T07:50:21.192+0000] {processor.py:840} INFO - DAG(s) 'tutorial_dag' retrieved from /home/airflow/.local/lib/python3.8/site-packages/airflow/example_dags/tutorial_dag.py
[2026-03-18T07:50:21.203+0000] {logging_mixin.py:188} INFO - [2026-03-18T07:50:21.203+0000] {dag.py:3036} INFO - Sync 1 DAGs
[2026-03-18T07:50:21.208+0000] {logging_mixin.py:188} INFO - [2026-03-18T07:50:21.208+0000] {dag.py:3823} INFO - Setting next_dagrun for tutorial_dag to None, run_after=None
[2026-03-18T07:50:21.223+0000] {processor.py:183} INFO - Processing /home/airflow/.local/lib/python3.8/site-packages/airflow/example_dags/tutorial_dag.py took 0.038 seconds
[2026-03-18T07:50:51.696+0000] {processor.py:161} INFO - Started process (PID=660) to work on /home/airflow/.local/lib/python3.8/site-packages/airflow/example_dags/tutorial_dag.py
[2026-03-18T07:50:51.697+0000] {processor.py:830} INFO - Processing file /home/airflow/.local/lib/python3.8/site-packages/airflow/example_dags/tutorial_dag.py for tasks to queue
[2026-03-18T07:50:51.699+0000] {logging_mixin.py:188} INFO - [2026-03-18T07:50:51.699+0000] {dagbag.py:538} INFO - Filling up the DagBag from /home/airflow/.local/lib/python3.8/site-packages/airflow/example_dags/tutorial_dag.py
[2026-03-18T07:50:51.703+0000] {processor.py:840} INFO - DAG(s) 'tutorial_dag' retrieved from /home/airflow/.local/lib/python3.8/site-packages/airflow/example_dags/tutorial_dag.py
[2026-03-18T07:50:51.714+0000] {logging_mixin.py:188} INFO - [2026-03-18T07:50:51.713+0000] {dag.py:3036} INFO - Sync 1 DAGs
[2026-03-18T07:50:51.719+0000] {logging_mixin.py:188} INFO - [2026-03-18T07:50:51.719+0000] {dag.py:3823} INFO - Setting next_dagrun for tutorial_dag to None, run_after=None
[2026-03-18T07:50:51.729+0000] {processor.py:183} INFO - Processing /home/airflow/.local/lib/python3.8/site-packages/airflow/example_dags/tutorial_dag.py took 0.036 seconds
[2026-03-18T07:51:22.170+0000] {processor.py:161} INFO - Started process (PID=722) to work on /home/airflow/.local/lib/python3.8/site-packages/airflow/example_dags/tutorial_dag.py
[2026-03-18T07:51:22.172+0000] {processor.py:830} INFO - Processing file /home/airflow/.local/lib/python3.8/site-packages/airflow/example_dags/tutorial_dag.py for tasks to queue
[2026-03-18T07:51:22.172+0000] {logging_mixin.py:188} INFO - [2026-03-18T07:51:22.172+0000] {dagbag.py:538} INFO - Filling up the DagBag from /home/airflow/.local/lib/python3.8/site-packages/airflow/example_dags/tutorial_dag.py
[2026-03-18T07:51:22.176+0000] {processor.py:840} INFO - DAG(s) 'tutorial_dag' retrieved from /home/airflow/.local/lib/python3.8/site-packages/airflow/example_dags/tutorial_dag.py
[2026-03-18T07:51:22.186+0000] {logging_mixin.py:188} INFO - [2026-03-18T07:51:22.185+0000] {dag.py:3036} INFO - Sync 1 DAGs
[2026-03-18T07:51:22.193+0000] {logging_mixin.py:188} INFO - [2026-03-18T07:51:22.193+0000] {dag.py:3823} INFO - Setting next_dagrun for tutorial_dag to None, run_after=None
[2026-03-18T07:51:22.202+0000] {processor.py:183} INFO - Processing /home/airflow/.local/lib/python3.8/site-packages/airflow/example_dags/tutorial_dag.py took 0.034 seconds
[2026-03-18T07:51:52.632+0000] {processor.py:161} INFO - Started process (PID=778) to work on /home/airflow/.local/lib/python3.8/site-packages/airflow/example_dags/tutorial_dag.py
[2026-03-18T07:51:52.633+0000] {processor.py:830} INFO - Processing file /home/airflow/.local/lib/python3.8/site-packages/airflow/example_dags/tutorial_dag.py for tasks to queue
[2026-03-18T07:51:52.634+0000] {logging_mixin.py:188} INFO - [2026-03-18T07:51:52.634+0000] {dagbag.py:538} INFO - Filling up the DagBag from /home/airflow/.local/lib/python3.8/site-packages/airflow/example_dags/tutorial_dag.py
[2026-03-18T07:51:52.638+0000] {processor.py:840} INFO - DAG(s) 'tutorial_dag' retrieved from /home/airflow/.local/lib/python3.8/site-packages/airflow/example_dags/tutorial_dag.py
[2026-03-18T07:51:52.649+0000] {logging_mixin.py:188} INFO - [2026-03-18T07:51:52.648+0000] {dag.py:3036} INFO - Sync 1 DAGs
[2026-03-18T07:51:52.655+0000] {logging_mixin.py:188} INFO - [2026-03-18T07:51:52.655+0000] {dag.py:3823} INFO - Setting next_dagrun for tutorial_dag to None, run_after=None
[2026-03-18T07:51:52.663+0000] {processor.py:183} INFO - Processing /home/airflow/.local/lib/python3.8/site-packages/airflow/example_dags/tutorial_dag.py took 0.032 seconds
[2026-03-18T07:52:23.153+0000] {processor.py:161} INFO - Started process (PID=834) to work on /home/airflow/.local/lib/python3.8/site-packages/airflow/example_dags/tutorial_dag.py
[2026-03-18T07:52:23.154+0000] {processor.py:830} INFO - Processing file /home/airflow/.local/lib/python3.8/site-packages/airflow/example_dags/tutorial_dag.py for tasks to queue
[2026-03-18T07:52:23.156+0000] {logging_mixin.py:188} INFO - [2026-03-18T07:52:23.155+0000] {dagbag.py:538} INFO - Filling up the DagBag from /home/airflow/.local/lib/python3.8/site-packages/airflow/example_dags/tutorial_dag.py
[2026-03-18T07:52:23.159+0000] {processor.py:840} INFO - DAG(s) 'tutorial_dag' retrieved from /home/airflow/.local/lib/python3.8/site-packages/airflow/example_dags/tutorial_dag.py
[2026-03-18T07:52:23.171+0000] {logging_mixin.py:188} INFO - [2026-03-18T07:52:23.171+0000] {dag.py:3036} INFO - Sync 1 DAGs
[2026-03-18T07:52:23.177+0000] {logging_mixin.py:188} INFO - [2026-03-18T07:52:23.177+0000] {dag.py:3823} INFO - Setting next_dagrun for tutorial_dag to None, run_after=None
[2026-03-18T07:52:23.189+0000] {processor.py:183} INFO - Processing /home/airflow/.local/lib/python3.8/site-packages/airflow/example_dags/tutorial_dag.py took 0.038 seconds
[2026-03-18T07:52:53.665+0000] {processor.py:161} INFO - Started process (PID=890) to work on /home/airflow/.local/lib/python3.8/site-packages/airflow/example_dags/tutorial_dag.py
[2026-03-18T07:52:53.666+0000] {processor.py:830} INFO - Processing file /home/airflow/.local/lib/python3.8/site-packages/airflow/example_dags/tutorial_dag.py for tasks to queue
[2026-03-18T07:52:53.667+0000] {logging_mixin.py:188} INFO - [2026-03-18T07:52:53.667+0000] {dagbag.py:538} INFO - Filling up the DagBag from /home/airflow/.local/lib/python3.8/site-packages/airflow/example_dags/tutorial_dag.py
[2026-03-18T07:52:53.669+0000] {processor.py:840} INFO - DAG(s) 'tutorial_dag' retrieved from /home/airflow/.local/lib/python3.8/site-packages/airflow/example_dags/tutorial_dag.py
[2026-03-18T07:52:53.678+0000] {logging_mixin.py:188} INFO - [2026-03-18T07:52:53.678+0000] {dag.py:3036} INFO - Sync 1 DAGs
[2026-03-18T07:52:53.684+0000] {logging_mixin.py:188} INFO - [2026-03-18T07:52:53.684+0000] {dag.py:3823} INFO - Setting next_dagrun for tutorial_dag to None, run_after=None
[2026-03-18T07:52:53.695+0000] {processor.py:183} INFO - Processing /home/airflow/.local/lib/python3.8/site-packages/airflow/example_dags/tutorial_dag.py took 0.032 seconds
[2026-03-18T07:53:24.152+0000] {processor.py:161} INFO - Started process (PID=946) to work on /home/airflow/.local/lib/python3.8/site-packages/airflow/example_dags/tutorial_dag.py
[2026-03-18T07:53:24.153+0000] {processor.py:830} INFO - Processing file /home/airflow/.local/lib/python3.8/site-packages/airflow/example_dags/tutorial_dag.py for tasks to queue
[2026-03-18T07:53:24.154+0000] {logging_mixin.py:188} INFO - [2026-03-18T07:53:24.153+0000] {dagbag.py:538} INFO - Filling up the DagBag from /home/airflow/.local/lib/python3.8/site-packages/airflow/example_dags/tutorial_dag.py
[2026-03-18T07:53:24.156+0000] {processor.py:840} INFO - DAG(s) 'tutorial_dag' retrieved from /home/airflow/.local/lib/python3.8/site-packages/airflow/example_dags/tutorial_dag.py
[2026-03-18T07:53:24.164+0000] {logging_mixin.py:188} INFO - [2026-03-18T07:53:24.164+0000] {dag.py:3036} INFO - Sync 1 DAGs
[2026-03-18T07:53:24.169+0000] {logging_mixin.py:188} INFO - [2026-03-18T07:53:24.169+0000] {dag.py:3823} INFO - Setting next_dagrun for tutorial_dag to None, run_after=None
[2026-03-18T07:53:24.179+0000] {processor.py:183} INFO - Processing /home/airflow/.local/lib/python3.8/site-packages/airflow/example_dags/tutorial_dag.py took 0.029 seconds
[2026-03-18T07:53:54.654+0000] {processor.py:161} INFO - Started process (PID=1002) to work on /home/airflow/.local/lib/python3.8/site-packages/airflow/example_dags/tutorial_dag.py
[2026-03-18T07:53:54.655+0000] {processor.py:830} INFO - Processing file /home/airflow/.local/lib/python3.8/site-packages/airflow/example_dags/tutorial_dag.py for tasks to queue
[2026-03-18T07:53:54.656+0000] {logging_mixin.py:188} INFO - [2026-03-18T07:53:54.656+0000] {dagbag.py:538} INFO - Filling up the DagBag from /home/airflow/.local/lib/python3.8/site-packages/airflow/example_dags/tutorial_dag.py
[2026-03-18T07:53:54.659+0000] {processor.py:840} INFO - DAG(s) 'tutorial_dag' retrieved from /home/airflow/.local/lib/python3.8/site-packages/airflow/example_dags/tutorial_dag.py
[2026-03-18T07:53:54.669+0000] {logging_mixin.py:188} INFO - [2026-03-18T07:53:54.669+0000] {dag.py:3036} INFO - Sync 1 DAGs
[2026-03-18T07:53:54.675+0000] {logging_mixin.py:188} INFO - [2026-03-18T07:53:54.675+0000] {dag.py:3823} INFO - Setting next_dagrun for tutorial_dag to None, run_after=None
[2026-03-18T07:53:54.689+0000] {processor.py:183} INFO - Processing /home/airflow/.local/lib/python3.8/site-packages/airflow/example_dags/tutorial_dag.py took 0.036 seconds
[2026-03-18T07:54:25.088+0000] {processor.py:161} INFO - Started process (PID=1058) to work on /home/airflow/.local/lib/python3.8/site-packages/airflow/example_dags/tutorial_dag.py
[2026-03-18T07:54:25.089+0000] {processor.py:830} INFO - Processing file /home/airflow/.local/lib/python3.8/site-packages/airflow/example_dags/tutorial_dag.py for tasks to queue
[2026-03-18T07:54:25.091+0000] {logging_mixin.py:188} INFO - [2026-03-18T07:54:25.091+0000] {dagbag.py:538} INFO - Filling up the DagBag from /home/airflow/.local/lib/python3.8/site-packages/airflow/example_dags/tutorial_dag.py
[2026-03-18T07:54:25.094+0000] {processor.py:840} INFO - DAG(s) 'tutorial_dag' retrieved from /home/airflow/.local/lib/python3.8/site-packages/airflow/example_dags/tutorial_dag.py
[2026-03-18T07:54:25.103+0000] {logging_mixin.py:188} INFO - [2026-03-18T07:54:25.103+0000] {dag.py:3036} INFO - Sync 1 DAGs
[2026-03-18T07:54:25.108+0000] {logging_mixin.py:188} INFO - [2026-03-18T07:54:25.108+0000] {dag.py:3823} INFO - Setting next_dagrun for tutorial_dag to None, run_after=None
[2026-03-18T07:54:25.115+0000] {processor.py:183} INFO - Processing /home/airflow/.local/lib/python3.8/site-packages/airflow/example_dags/tutorial_dag.py took 0.028 seconds
[2026-03-18T07:54:55.542+0000] {processor.py:161} INFO - Started process (PID=1114) to work on /home/airflow/.local/lib/python3.8/site-packages/airflow/example_dags/tutorial_dag.py
[2026-03-18T07:54:55.542+0000] {processor.py:830} INFO - Processing file /home/airflow/.local/lib/python3.8/site-packages/airflow/example_dags/tutorial_dag.py for tasks to queue
[2026-03-18T07:54:55.544+0000] {logging_mixin.py:188} INFO - [2026-03-18T07:54:55.544+0000] {dagbag.py:538} INFO - Filling up the DagBag from /home/airflow/.local/lib/python3.8/site-packages/airflow/example_dags/tutorial_dag.py
[2026-03-18T07:54:55.549+0000] {processor.py:840} INFO - DAG(s) 'tutorial_dag' retrieved from /home/airflow/.local/lib/python3.8/site-packages/airflow/example_dags/tutorial_dag.py
[2026-03-18T07:54:55.560+0000] {logging_mixin.py:188} INFO - [2026-03-18T07:54:55.560+0000] {dag.py:3036} INFO - Sync 1 DAGs
[2026-03-18T07:54:55.564+0000] {logging_mixin.py:188} INFO - [2026-03-18T07:54:55.564+0000] {dag.py:3823} INFO - Setting next_dagrun for tutorial_dag to None, run_after=None
[2026-03-18T07:54:55.574+0000] {processor.py:183} INFO - Processing /home/airflow/.local/lib/python3.8/site-packages/airflow/example_dags/tutorial_dag.py took 0.034 seconds
[2026-03-18T07:55:26.019+0000] {processor.py:161} INFO - Started process (PID=1170) to work on /home/airflow/.local/lib/python3.8/site-packages/airflow/example_dags/tutorial_dag.py
[2026-03-18T07:55:26.020+0000] {processor.py:830} INFO - Processing file /home/airflow/.local/lib/python3.8/site-packages/airflow/example_dags/tutorial_dag.py for tasks to queue
[2026-03-18T07:55:26.021+0000] {logging_mixin.py:188} INFO - [2026-03-18T07:55:26.021+0000] {dagbag.py:538} INFO - Filling up the DagBag from /home/airflow/.local/lib/python3.8/site-packages/airflow/example_dags/tutorial_dag.py
[2026-03-18T07:55:26.024+0000] {processor.py:840} INFO - DAG(s) 'tutorial_dag' retrieved from /home/airflow/.local/lib/python3.8/site-packages/airflow/example_dags/tutorial_dag.py
[2026-03-18T07:55:26.035+0000] {logging_mixin.py:188} INFO - [2026-03-18T07:55:26.034+0000] {dag.py:3036} INFO - Sync 1 DAGs
[2026-03-18T07:55:26.042+0000] {logging_mixin.py:188} INFO - [2026-03-18T07:55:26.041+0000] {dag.py:3823} INFO - Setting next_dagrun for tutorial_dag to None, run_after=None
[2026-03-18T07:55:26.048+0000] {processor.py:183} INFO - Processing /home/airflow/.local/lib/python3.8/site-packages/airflow/example_dags/tutorial_dag.py took 0.031 seconds
[2026-03-18T07:55:56.460+0000] {processor.py:161} INFO - Started process (PID=1226) to work on /home/airflow/.local/lib/python3.8/site-packages/airflow/example_dags/tutorial_dag.py
[2026-03-18T07:55:56.462+0000] {processor.py:830} INFO - Processing file /home/airflow/.local/lib/python3.8/site-packages/airflow/example_dags/tutorial_dag.py for tasks to queue
[2026-03-18T07:55:56.463+0000] {logging_mixin.py:188} INFO - [2026-03-18T07:55:56.463+0000] {dagbag.py:538} INFO - Filling up the DagBag from /home/airflow/.local/lib/python3.8/site-packages/airflow/example_dags/tutorial_dag.py
[2026-03-18T07:55:56.467+0000] {processor.py:840} INFO - DAG(s) 'tutorial_dag' retrieved from /home/airflow/.local/lib/python3.8/site-packages/airflow/example_dags/tutorial_dag.py
[2026-03-18T07:55:56.477+0000] {logging_mixin.py:188} INFO - [2026-03-18T07:55:56.476+0000] {dag.py:3036} INFO - Sync 1 DAGs
[2026-03-18T07:55:56.483+0000] {logging_mixin.py:188} INFO - [2026-03-18T07:55:56.482+0000] {dag.py:3823} INFO - Setting next_dagrun for tutorial_dag to None, run_after=None
[2026-03-18T07:55:56.501+0000] {processor.py:183} INFO - Processing /home/airflow/.local/lib/python3.8/site-packages/airflow/example_dags/tutorial_dag.py took 0.043 seconds
[2026-03-18T07:56:26.847+0000] {processor.py:161} INFO - Started process (PID=1282) to work on /home/airflow/.local/lib/python3.8/site-packages/airflow/example_dags/tutorial_dag.py
[2026-03-18T07:56:26.849+0000] {processor.py:830} INFO - Processing file /home/airflow/.local/lib/python3.8/site-packages/airflow/example_dags/tutorial_dag.py for tasks to queue
[2026-03-18T07:56:26.850+0000] {logging_mixin.py:188} INFO - [2026-03-18T07:56:26.850+0000] {dagbag.py:538} INFO - Filling up the DagBag from /home/airflow/.local/lib/python3.8/site-packages/airflow/example_dags/tutorial_dag.py
[2026-03-18T07:56:26.853+0000] {processor.py:840} INFO - DAG(s) 'tutorial_dag' retrieved from /home/airflow/.local/lib/python3.8/site-packages/airflow/example_dags/tutorial_dag.py
[2026-03-18T07:56:26.863+0000] {logging_mixin.py:188} INFO - [2026-03-18T07:56:26.863+0000] {dag.py:3036} INFO - Sync 1 DAGs
[2026-03-18T07:56:26.869+0000] {logging_mixin.py:188} INFO - [2026-03-18T07:56:26.869+0000] {dag.py:3823} INFO - Setting next_dagrun for tutorial_dag to None, run_after=None
[2026-03-18T07:56:26.881+0000] {processor.py:183} INFO - Processing /home/airflow/.local/lib/python3.8/site-packages/airflow/example_dags/tutorial_dag.py took 0.035 seconds
[2026-03-18T07:56:57.307+0000] {processor.py:161} INFO - Started process (PID=1338) to work on /home/airflow/.local/lib/python3.8/site-packages/airflow/example_dags/tutorial_dag.py
[2026-03-18T07:56:57.309+0000] {processor.py:830} INFO - Processing file /home/airflow/.local/lib/python3.8/site-packages/airflow/example_dags/tutorial_dag.py for tasks to queue
[2026-03-18T07:56:57.310+0000] {logging_mixin.py:188} INFO - [2026-03-18T07:56:57.310+0000] {dagbag.py:538} INFO - Filling up the DagBag from /home/airflow/.local/lib/python3.8/site-packages/airflow/example_dags/tutorial_dag.py
[2026-03-18T07:56:57.313+0000] {processor.py:840} INFO - DAG(s) 'tutorial_dag' retrieved from /home/airflow/.local/lib/python3.8/site-packages/airflow/example_dags/tutorial_dag.py
[2026-03-18T07:56:57.322+0000] {logging_mixin.py:188} INFO - [2026-03-18T07:56:57.321+0000] {dag.py:3036} INFO - Sync 1 DAGs
[2026-03-18T07:56:57.327+0000] {logging_mixin.py:188} INFO - [2026-03-18T07:56:57.326+0000] {dag.py:3823} INFO - Setting next_dagrun for tutorial_dag to None, run_after=None
[2026-03-18T07:56:57.334+0000] {processor.py:183} INFO - Processing /home/airflow/.local/lib/python3.8/site-packages/airflow/example_dags/tutorial_dag.py took 0.029 seconds
[2026-03-18T07:57:27.815+0000] {processor.py:161} INFO - Started process (PID=1394) to work on /home/airflow/.local/lib/python3.8/site-packages/airflow/example_dags/tutorial_dag.py
[2026-03-18T07:57:27.816+0000] {processor.py:830} INFO - Processing file /home/airflow/.local/lib/python3.8/site-packages/airflow/example_dags/tutorial_dag.py for tasks to queue
[2026-03-18T07:57:27.817+0000] {logging_mixin.py:188} INFO - [2026-03-18T07:57:27.817+0000] {dagbag.py:538} INFO - Filling up the DagBag from /home/airflow/.local/lib/python3.8/site-packages/airflow/example_dags/tutorial_dag.py
[2026-03-18T07:57:27.819+0000] {processor.py:840} INFO - DAG(s) 'tutorial_dag' retrieved from /home/airflow/.local/lib/python3.8/site-packages/airflow/example_dags/tutorial_dag.py
[2026-03-18T07:57:27.831+0000] {logging_mixin.py:188} INFO - [2026-03-18T07:57:27.830+0000] {dag.py:3036} INFO - Sync 1 DAGs
[2026-03-18T07:57:27.835+0000] {logging_mixin.py:188} INFO - [2026-03-18T07:57:27.835+0000] {dag.py:3823} INFO - Setting next_dagrun for tutorial_dag to None, run_after=None
[2026-03-18T07:57:27.842+0000] {processor.py:183} INFO - Processing /home/airflow/.local/lib/python3.8/site-packages/airflow/example_dags/tutorial_dag.py took 0.028 seconds
[2026-03-18T07:57:58.338+0000] {processor.py:161} INFO - Started process (PID=1450) to work on /home/airflow/.local/lib/python3.8/site-packages/airflow/example_dags/tutorial_dag.py
[2026-03-18T07:57:58.339+0000] {processor.py:830} INFO - Processing file /home/airflow/.local/lib/python3.8/site-packages/airflow/example_dags/tutorial_dag.py for tasks to queue
[2026-03-18T07:57:58.340+0000] {logging_mixin.py:188} INFO - [2026-03-18T07:57:58.339+0000] {dagbag.py:538} INFO - Filling up the DagBag from /home/airflow/.local/lib/python3.8/site-packages/airflow/example_dags/tutorial_dag.py
[2026-03-18T07:57:58.342+0000] {processor.py:840} INFO - DAG(s) 'tutorial_dag' retrieved from /home/airflow/.local/lib/python3.8/site-packages/airflow/example_dags/tutorial_dag.py
[2026-03-18T07:57:58.353+0000] {logging_mixin.py:188} INFO - [2026-03-18T07:57:58.353+0000] {dag.py:3036} INFO - Sync 1 DAGs
[2026-03-18T07:57:58.361+0000] {logging_mixin.py:188} INFO - [2026-03-18T07:57:58.361+0000] {dag.py:3823} INFO - Setting next_dagrun for tutorial_dag to None, run_after=None
[2026-03-18T07:57:58.371+0000] {processor.py:183} INFO - Processing /home/airflow/.local/lib/python3.8/site-packages/airflow/example_dags/tutorial_dag.py took 0.035 seconds
[2026-03-18T07:58:28.803+0000] {processor.py:161} INFO - Started process (PID=1506) to work on /home/airflow/.local/lib/python3.8/site-packages/airflow/example_dags/tutorial_dag.py
[2026-03-18T07:58:28.803+0000] {processor.py:830} INFO - Processing file /home/airflow/.local/lib/python3.8/site-packages/airflow/example_dags/tutorial_dag.py for tasks to queue
[2026-03-18T07:58:28.804+0000] {logging_mixin.py:188} INFO - [2026-03-18T07:58:28.804+0000] {dagbag.py:538} INFO - Filling up the DagBag from /home/airflow/.local/lib/python3.8/site-packages/airflow/example_dags/tutorial_dag.py
[2026-03-18T07:58:28.807+0000] {processor.py:840} INFO - DAG(s) 'tutorial_dag' retrieved from /home/airflow/.local/lib/python3.8/site-packages/airflow/example_dags/tutorial_dag.py
[2026-03-18T07:58:28.815+0000] {logging_mixin.py:188} INFO - [2026-03-18T07:58:28.815+0000] {dag.py:3036} INFO - Sync 1 DAGs
[2026-03-18T07:58:28.820+0000] {logging_mixin.py:188} INFO - [2026-03-18T07:58:28.820+0000] {dag.py:3823} INFO - Setting next_dagrun for tutorial_dag to None, run_after=None
[2026-03-18T07:58:28.829+0000] {processor.py:183} INFO - Processing /home/airflow/.local/lib/python3.8/site-packages/airflow/example_dags/tutorial_dag.py took 0.028 seconds
[2026-03-18T07:58:59.317+0000] {processor.py:161} INFO - Started process (PID=1562) to work on /home/airflow/.local/lib/python3.8/site-packages/airflow/example_dags/tutorial_dag.py
[2026-03-18T07:58:59.318+0000] {processor.py:830} INFO - Processing file /home/airflow/.local/lib/python3.8/site-packages/airflow/example_dags/tutorial_dag.py for tasks to queue
[2026-03-18T07:58:59.318+0000] {logging_mixin.py:188} INFO - [2026-03-18T07:58:59.318+0000] {dagbag.py:538} INFO - Filling up the DagBag from /home/airflow/.local/lib/python3.8/site-packages/airflow/example_dags/tutorial_dag.py
[2026-03-18T07:58:59.321+0000] {processor.py:840} INFO - DAG(s) 'tutorial_dag' retrieved from /home/airflow/.local/lib/python3.8/site-packages/airflow/example_dags/tutorial_dag.py
[2026-03-18T07:58:59.329+0000] {logging_mixin.py:188} INFO - [2026-03-18T07:58:59.329+0000] {dag.py:3036} INFO - Sync 1 DAGs
[2026-03-18T07:58:59.336+0000] {logging_mixin.py:188} INFO - [2026-03-18T07:58:59.336+0000] {dag.py:3823} INFO - Setting next_dagrun for tutorial_dag to None, run_after=None
[2026-03-18T07:58:59.350+0000] {processor.py:183} INFO - Processing /home/airflow/.local/lib/python3.8/site-packages/airflow/example_dags/tutorial_dag.py took 0.035 seconds
[2026-03-18T07:59:29.856+0000] {processor.py:161} INFO - Started process (PID=1618) to work on /home/airflow/.local/lib/python3.8/site-packages/airflow/example_dags/tutorial_dag.py
[2026-03-18T07:59:29.857+0000] {processor.py:830} INFO - Processing file /home/airflow/.local/lib/python3.8/site-packages/airflow/example_dags/tutorial_dag.py for tasks to queue
[2026-03-18T07:59:29.859+0000] {logging_mixin.py:188} INFO - [2026-03-18T07:59:29.859+0000] {dagbag.py:538} INFO - Filling up the DagBag from /home/airflow/.local/lib/python3.8/site-packages/airflow/example_dags/tutorial_dag.py
[2026-03-18T07:59:29.861+0000] {processor.py:840} INFO - DAG(s) 'tutorial_dag' retrieved from /home/airflow/.local/lib/python3.8/site-packages/airflow/example_dags/tutorial_dag.py
[2026-03-18T07:59:29.872+0000] {logging_mixin.py:188} INFO - [2026-03-18T07:59:29.872+0000] {dag.py:3036} INFO - Sync 1 DAGs
[2026-03-18T07:59:29.877+0000] {logging_mixin.py:188} INFO - [2026-03-18T07:59:29.877+0000] {dag.py:3823} INFO - Setting next_dagrun for tutorial_dag to None, run_after=None
[2026-03-18T07:59:29.884+0000] {processor.py:183} INFO - Processing /home/airflow/.local/lib/python3.8/site-packages/airflow/example_dags/tutorial_dag.py took 0.029 seconds
[2026-03-18T08:00:01.351+0000] {processor.py:161} INFO - Started process (PID=54) to work on /home/airflow/.local/lib/python3.8/site-packages/airflow/example_dags/tutorial_dag.py
[2026-03-18T08:00:01.351+0000] {processor.py:830} INFO - Processing file /home/airflow/.local/lib/python3.8/site-packages/airflow/example_dags/tutorial_dag.py for tasks to queue
[2026-03-18T08:00:01.352+0000] {logging_mixin.py:188} INFO - [2026-03-18T08:00:01.352+0000] {dagbag.py:538} INFO - Filling up the DagBag from /home/airflow/.local/lib/python3.8/site-packages/airflow/example_dags/tutorial_dag.py
[2026-03-18T08:00:01.357+0000] {processor.py:840} INFO - DAG(s) 'tutorial_dag' retrieved from /home/airflow/.local/lib/python3.8/site-packages/airflow/example_dags/tutorial_dag.py
[2026-03-18T08:00:01.362+0000] {logging_mixin.py:188} INFO - [2026-03-18T08:00:01.362+0000] {dag.py:3036} INFO - Sync 1 DAGs
[2026-03-18T08:00:01.368+0000] {logging_mixin.py:188} INFO - [2026-03-18T08:00:01.368+0000] {dag.py:3823} INFO - Setting next_dagrun for tutorial_dag to None, run_after=None
[2026-03-18T08:00:01.376+0000] {processor.py:183} INFO - Processing /home/airflow/.local/lib/python3.8/site-packages/airflow/example_dags/tutorial_dag.py took 0.027 seconds
[2026-03-18T08:00:31.697+0000] {processor.py:161} INFO - Started process (PID=109) to work on /home/airflow/.local/lib/python3.8/site-packages/airflow/example_dags/tutorial_dag.py
[2026-03-18T08:00:31.698+0000] {processor.py:830} INFO - Processing file /home/airflow/.local/lib/python3.8/site-packages/airflow/example_dags/tutorial_dag.py for tasks to queue
[2026-03-18T08:00:31.699+0000] {logging_mixin.py:188} INFO - [2026-03-18T08:00:31.698+0000] {dagbag.py:538} INFO - Filling up the DagBag from /home/airflow/.local/lib/python3.8/site-packages/airflow/example_dags/tutorial_dag.py
[2026-03-18T08:00:31.701+0000] {processor.py:840} INFO - DAG(s) 'tutorial_dag' retrieved from /home/airflow/.local/lib/python3.8/site-packages/airflow/example_dags/tutorial_dag.py
[2026-03-18T08:00:31.738+0000] {logging_mixin.py:188} INFO - [2026-03-18T08:00:31.738+0000] {dag.py:3036} INFO - Sync 1 DAGs
[2026-03-18T08:00:31.741+0000] {logging_mixin.py:188} INFO - [2026-03-18T08:00:31.741+0000] {dag.py:3823} INFO - Setting next_dagrun for tutorial_dag to None, run_after=None
[2026-03-18T08:00:31.748+0000] {processor.py:183} INFO - Processing /home/airflow/.local/lib/python3.8/site-packages/airflow/example_dags/tutorial_dag.py took 0.053 seconds
[2026-03-18T08:01:01.802+0000] {processor.py:161} INFO - Started process (PID=165) to work on /home/airflow/.local/lib/python3.8/site-packages/airflow/example_dags/tutorial_dag.py
[2026-03-18T08:01:01.805+0000] {processor.py:830} INFO - Processing file /home/airflow/.local/lib/python3.8/site-packages/airflow/example_dags/tutorial_dag.py for tasks to queue
[2026-03-18T08:01:01.806+0000] {logging_mixin.py:188} INFO - [2026-03-18T08:01:01.806+0000] {dagbag.py:538} INFO - Filling up the DagBag from /home/airflow/.local/lib/python3.8/site-packages/airflow/example_dags/tutorial_dag.py
[2026-03-18T08:01:01.808+0000] {processor.py:840} INFO - DAG(s) 'tutorial_dag' retrieved from /home/airflow/.local/lib/python3.8/site-packages/airflow/example_dags/tutorial_dag.py
[2026-03-18T08:01:01.818+0000] {logging_mixin.py:188} INFO - [2026-03-18T08:01:01.818+0000] {dag.py:3036} INFO - Sync 1 DAGs
[2026-03-18T08:01:01.823+0000] {logging_mixin.py:188} INFO - [2026-03-18T08:01:01.823+0000] {dag.py:3823} INFO - Setting next_dagrun for tutorial_dag to None, run_after=None
[2026-03-18T08:01:01.830+0000] {processor.py:183} INFO - Processing /home/airflow/.local/lib/python3.8/site-packages/airflow/example_dags/tutorial_dag.py took 0.029 seconds
[2026-03-18T08:01:32.351+0000] {processor.py:161} INFO - Started process (PID=221) to work on /home/airflow/.local/lib/python3.8/site-packages/airflow/example_dags/tutorial_dag.py
[2026-03-18T08:01:32.351+0000] {processor.py:830} INFO - Processing file /home/airflow/.local/lib/python3.8/site-packages/airflow/example_dags/tutorial_dag.py for tasks to queue
[2026-03-18T08:01:32.352+0000] {logging_mixin.py:188} INFO - [2026-03-18T08:01:32.352+0000] {dagbag.py:538} INFO - Filling up the DagBag from /home/airflow/.local/lib/python3.8/site-packages/airflow/example_dags/tutorial_dag.py
[2026-03-18T08:01:32.355+0000] {processor.py:840} INFO - DAG(s) 'tutorial_dag' retrieved from /home/airflow/.local/lib/python3.8/site-packages/airflow/example_dags/tutorial_dag.py
[2026-03-18T08:01:32.365+0000] {logging_mixin.py:188} INFO - [2026-03-18T08:01:32.365+0000] {dag.py:3036} INFO - Sync 1 DAGs
[2026-03-18T08:01:32.371+0000] {logging_mixin.py:188} INFO - [2026-03-18T08:01:32.371+0000] {dag.py:3823} INFO - Setting next_dagrun for tutorial_dag to None, run_after=None
[2026-03-18T08:01:32.381+0000] {processor.py:183} INFO - Processing /home/airflow/.local/lib/python3.8/site-packages/airflow/example_dags/tutorial_dag.py took 0.032 seconds
[2026-03-18T08:02:02.886+0000] {processor.py:161} INFO - Started process (PID=276) to work on /home/airflow/.local/lib/python3.8/site-packages/airflow/example_dags/tutorial_dag.py
[2026-03-18T08:02:02.887+0000] {processor.py:830} INFO - Processing file /home/airflow/.local/lib/python3.8/site-packages/airflow/example_dags/tutorial_dag.py for tasks to queue
[2026-03-18T08:02:02.887+0000] {logging_mixin.py:188} INFO - [2026-03-18T08:02:02.887+0000] {dagbag.py:538} INFO - Filling up the DagBag from /home/airflow/.local/lib/python3.8/site-packages/airflow/example_dags/tutorial_dag.py
[2026-03-18T08:02:02.890+0000] {processor.py:840} INFO - DAG(s) 'tutorial_dag' retrieved from /home/airflow/.local/lib/python3.8/site-packages/airflow/example_dags/tutorial_dag.py
[2026-03-18T08:02:02.897+0000] {logging_mixin.py:188} INFO - [2026-03-18T08:02:02.897+0000] {dag.py:3036} INFO - Sync 1 DAGs
[2026-03-18T08:02:02.901+0000] {logging_mixin.py:188} INFO - [2026-03-18T08:02:02.901+0000] {dag.py:3823} INFO - Setting next_dagrun for tutorial_dag to None, run_after=None
[2026-03-18T08:02:02.907+0000] {processor.py:183} INFO - Processing /home/airflow/.local/lib/python3.8/site-packages/airflow/example_dags/tutorial_dag.py took 0.022 seconds
[2026-03-18T08:02:33.470+0000] {processor.py:161} INFO - Started process (PID=332) to work on /home/airflow/.local/lib/python3.8/site-packages/airflow/example_dags/tutorial_dag.py
[2026-03-18T08:02:33.471+0000] {processor.py:830} INFO - Processing file /home/airflow/.local/lib/python3.8/site-packages/airflow/example_dags/tutorial_dag.py for tasks to queue
[2026-03-18T08:02:33.473+0000] {logging_mixin.py:188} INFO - [2026-03-18T08:02:33.473+0000] {dagbag.py:538} INFO - Filling up the DagBag from /home/airflow/.local/lib/python3.8/site-packages/airflow/example_dags/tutorial_dag.py
[2026-03-18T08:02:33.476+0000] {processor.py:840} INFO - DAG(s) 'tutorial_dag' retrieved from /home/airflow/.local/lib/python3.8/site-packages/airflow/example_dags/tutorial_dag.py
[2026-03-18T08:02:33.487+0000] {logging_mixin.py:188} INFO - [2026-03-18T08:02:33.486+0000] {dag.py:3036} INFO - Sync 1 DAGs
[2026-03-18T08:02:33.494+0000] {logging_mixin.py:188} INFO - [2026-03-18T08:02:33.494+0000] {dag.py:3823} INFO - Setting next_dagrun for tutorial_dag to None, run_after=None
[2026-03-18T08:02:33.499+0000] {processor.py:183} INFO - Processing /home/airflow/.local/lib/python3.8/site-packages/airflow/example_dags/tutorial_dag.py took 0.031 seconds
[2026-03-18T08:03:04.043+0000] {processor.py:161} INFO - Started process (PID=388) to work on /home/airflow/.local/lib/python3.8/site-packages/airflow/example_dags/tutorial_dag.py
[2026-03-18T08:03:04.047+0000] {processor.py:830} INFO - Processing file /home/airflow/.local/lib/python3.8/site-packages/airflow/example_dags/tutorial_dag.py for tasks to queue
[2026-03-18T08:03:04.048+0000] {logging_mixin.py:188} INFO - [2026-03-18T08:03:04.048+0000] {dagbag.py:538} INFO - Filling up the DagBag from /home/airflow/.local/lib/python3.8/site-packages/airflow/example_dags/tutorial_dag.py
[2026-03-18T08:03:04.054+0000] {processor.py:840} INFO - DAG(s) 'tutorial_dag' retrieved from /home/airflow/.local/lib/python3.8/site-packages/airflow/example_dags/tutorial_dag.py
[2026-03-18T08:03:04.068+0000] {logging_mixin.py:188} INFO - [2026-03-18T08:03:04.068+0000] {dag.py:3036} INFO - Sync 1 DAGs
[2026-03-18T08:03:04.076+0000] {logging_mixin.py:188} INFO - [2026-03-18T08:03:04.075+0000] {dag.py:3823} INFO - Setting next_dagrun for tutorial_dag to None, run_after=None
[2026-03-18T08:03:04.082+0000] {processor.py:183} INFO - Processing /home/airflow/.local/lib/python3.8/site-packages/airflow/example_dags/tutorial_dag.py took 0.042 seconds
[2026-03-18T08:03:34.690+0000] {processor.py:161} INFO - Started process (PID=444) to work on /home/airflow/.local/lib/python3.8/site-packages/airflow/example_dags/tutorial_dag.py
[2026-03-18T08:03:34.690+0000] {processor.py:830} INFO - Processing file /home/airflow/.local/lib/python3.8/site-packages/airflow/example_dags/tutorial_dag.py for tasks to queue
[2026-03-18T08:03:34.693+0000] {logging_mixin.py:188} INFO - [2026-03-18T08:03:34.693+0000] {dagbag.py:538} INFO - Filling up the DagBag from /home/airflow/.local/lib/python3.8/site-packages/airflow/example_dags/tutorial_dag.py
[2026-03-18T08:03:34.696+0000] {processor.py:840} INFO - DAG(s) 'tutorial_dag' retrieved from /home/airflow/.local/lib/python3.8/site-packages/airflow/example_dags/tutorial_dag.py
[2026-03-18T08:03:34.708+0000] {logging_mixin.py:188} INFO - [2026-03-18T08:03:34.708+0000] {dag.py:3036} INFO - Sync 1 DAGs
[2026-03-18T08:03:34.716+0000] {logging_mixin.py:188} INFO - [2026-03-18T08:03:34.716+0000] {dag.py:3823} INFO - Setting next_dagrun for tutorial_dag to None, run_after=None
[2026-03-18T08:03:34.723+0000] {processor.py:183} INFO - Processing /home/airflow/.local/lib/python3.8/site-packages/airflow/example_dags/tutorial_dag.py took 0.035 seconds
[2026-03-18T08:04:05.215+0000] {processor.py:161} INFO - Started process (PID=500) to work on /home/airflow/.local/lib/python3.8/site-packages/airflow/example_dags/tutorial_dag.py
[2026-03-18T08:04:05.216+0000] {processor.py:830} INFO - Processing file /home/airflow/.local/lib/python3.8/site-packages/airflow/example_dags/tutorial_dag.py for tasks to queue
[2026-03-18T08:04:05.217+0000] {logging_mixin.py:188} INFO - [2026-03-18T08:04:05.217+0000] {dagbag.py:538} INFO - Filling up the DagBag from /home/airflow/.local/lib/python3.8/site-packages/airflow/example_dags/tutorial_dag.py
[2026-03-18T08:04:05.220+0000] {processor.py:840} INFO - DAG(s) 'tutorial_dag' retrieved from /home/airflow/.local/lib/python3.8/site-packages/airflow/example_dags/tutorial_dag.py
[2026-03-18T08:04:05.234+0000] {logging_mixin.py:188} INFO - [2026-03-18T08:04:05.234+0000] {dag.py:3036} INFO - Sync 1 DAGs
[2026-03-18T08:04:05.240+0000] {logging_mixin.py:188} INFO - [2026-03-18T08:04:05.240+0000] {dag.py:3823} INFO - Setting next_dagrun for tutorial_dag to None, run_after=None
[2026-03-18T08:04:05.252+0000] {processor.py:183} INFO - Processing /home/airflow/.local/lib/python3.8/site-packages/airflow/example_dags/tutorial_dag.py took 0.038 seconds
[2026-03-18T08:04:29.086+0000] {processor.py:161} INFO - Started process (PID=54) to work on /home/airflow/.local/lib/python3.8/site-packages/airflow/example_dags/tutorial_dag.py
[2026-03-18T08:04:29.087+0000] {processor.py:830} INFO - Processing file /home/airflow/.local/lib/python3.8/site-packages/airflow/example_dags/tutorial_dag.py for tasks to queue
[2026-03-18T08:04:29.087+0000] {logging_mixin.py:188} INFO - [2026-03-18T08:04:29.087+0000] {dagbag.py:538} INFO - Filling up the DagBag from /home/airflow/.local/lib/python3.8/site-packages/airflow/example_dags/tutorial_dag.py
[2026-03-18T08:04:29.091+0000] {processor.py:840} INFO - DAG(s) 'tutorial_dag' retrieved from /home/airflow/.local/lib/python3.8/site-packages/airflow/example_dags/tutorial_dag.py
[2026-03-18T08:04:29.100+0000] {logging_mixin.py:188} INFO - [2026-03-18T08:04:29.100+0000] {dag.py:3036} INFO - Sync 1 DAGs
[2026-03-18T08:04:29.110+0000] {logging_mixin.py:188} INFO - [2026-03-18T08:04:29.110+0000] {dag.py:3823} INFO - Setting next_dagrun for tutorial_dag to None, run_after=None
[2026-03-18T08:04:29.123+0000] {processor.py:183} INFO - Processing /home/airflow/.local/lib/python3.8/site-packages/airflow/example_dags/tutorial_dag.py took 0.039 seconds
[2026-03-18T08:04:59.465+0000] {processor.py:161} INFO - Started process (PID=110) to work on /home/airflow/.local/lib/python3.8/site-packages/airflow/example_dags/tutorial_dag.py
[2026-03-18T08:04:59.468+0000] {processor.py:830} INFO - Processing file /home/airflow/.local/lib/python3.8/site-packages/airflow/example_dags/tutorial_dag.py for tasks to queue
[2026-03-18T08:04:59.469+0000] {logging_mixin.py:188} INFO - [2026-03-18T08:04:59.468+0000] {dagbag.py:538} INFO - Filling up the DagBag from /home/airflow/.local/lib/python3.8/site-packages/airflow/example_dags/tutorial_dag.py
[2026-03-18T08:04:59.472+0000] {processor.py:840} INFO - DAG(s) 'tutorial_dag' retrieved from /home/airflow/.local/lib/python3.8/site-packages/airflow/example_dags/tutorial_dag.py
[2026-03-18T08:04:59.512+0000] {logging_mixin.py:188} INFO - [2026-03-18T08:04:59.511+0000] {dag.py:3036} INFO - Sync 1 DAGs
[2026-03-18T08:04:59.518+0000] {logging_mixin.py:188} INFO - [2026-03-18T08:04:59.518+0000] {dag.py:3823} INFO - Setting next_dagrun for tutorial_dag to None, run_after=None
[2026-03-18T08:04:59.528+0000] {processor.py:183} INFO - Processing /home/airflow/.local/lib/python3.8/site-packages/airflow/example_dags/tutorial_dag.py took 0.065 seconds
[2026-03-18T08:05:29.609+0000] {processor.py:161} INFO - Started process (PID=165) to work on /home/airflow/.local/lib/python3.8/site-packages/airflow/example_dags/tutorial_dag.py
[2026-03-18T08:05:29.610+0000] {processor.py:830} INFO - Processing file /home/airflow/.local/lib/python3.8/site-packages/airflow/example_dags/tutorial_dag.py for tasks to queue
[2026-03-18T08:05:29.611+0000] {logging_mixin.py:188} INFO - [2026-03-18T08:05:29.611+0000] {dagbag.py:538} INFO - Filling up the DagBag from /home/airflow/.local/lib/python3.8/site-packages/airflow/example_dags/tutorial_dag.py
[2026-03-18T08:05:29.615+0000] {processor.py:840} INFO - DAG(s) 'tutorial_dag' retrieved from /home/airflow/.local/lib/python3.8/site-packages/airflow/example_dags/tutorial_dag.py
[2026-03-18T08:05:29.625+0000] {logging_mixin.py:188} INFO - [2026-03-18T08:05:29.625+0000] {dag.py:3036} INFO - Sync 1 DAGs
[2026-03-18T08:05:29.630+0000] {logging_mixin.py:188} INFO - [2026-03-18T08:05:29.630+0000] {dag.py:3823} INFO - Setting next_dagrun for tutorial_dag to None, run_after=None
[2026-03-18T08:05:29.638+0000] {processor.py:183} INFO - Processing /home/airflow/.local/lib/python3.8/site-packages/airflow/example_dags/tutorial_dag.py took 0.030 seconds
[2026-03-18T08:06:13.851+0000] {processor.py:161} INFO - Started process (PID=100) to work on /home/airflow/.local/lib/python3.8/site-packages/airflow/example_dags/tutorial_dag.py
[2026-03-18T08:06:13.853+0000] {processor.py:830} INFO - Processing file /home/airflow/.local/lib/python3.8/site-packages/airflow/example_dags/tutorial_dag.py for tasks to queue
[2026-03-18T08:06:13.855+0000] {logging_mixin.py:188} INFO - [2026-03-18T08:06:13.854+0000] {dagbag.py:538} INFO - Filling up the DagBag from /home/airflow/.local/lib/python3.8/site-packages/airflow/example_dags/tutorial_dag.py
[2026-03-18T08:06:13.859+0000] {processor.py:840} INFO - DAG(s) 'tutorial_dag' retrieved from /home/airflow/.local/lib/python3.8/site-packages/airflow/example_dags/tutorial_dag.py
[2026-03-18T08:06:13.914+0000] {logging_mixin.py:188} INFO - [2026-03-18T08:06:13.914+0000] {dag.py:3036} INFO - Sync 1 DAGs
[2026-03-18T08:06:13.919+0000] {logging_mixin.py:188} INFO - [2026-03-18T08:06:13.919+0000] {dag.py:3823} INFO - Setting next_dagrun for tutorial_dag to None, run_after=None
[2026-03-18T08:06:13.931+0000] {processor.py:183} INFO - Processing /home/airflow/.local/lib/python3.8/site-packages/airflow/example_dags/tutorial_dag.py took 0.082 seconds
[2026-03-18T08:06:43.997+0000] {processor.py:161} INFO - Started process (PID=156) to work on /home/airflow/.local/lib/python3.8/site-packages/airflow/example_dags/tutorial_dag.py
[2026-03-18T08:06:43.998+0000] {processor.py:830} INFO - Processing file /home/airflow/.local/lib/python3.8/site-packages/airflow/example_dags/tutorial_dag.py for tasks to queue
[2026-03-18T08:06:43.999+0000] {logging_mixin.py:188} INFO - [2026-03-18T08:06:43.999+0000] {dagbag.py:538} INFO - Filling up the DagBag from /home/airflow/.local/lib/python3.8/site-packages/airflow/example_dags/tutorial_dag.py
[2026-03-18T08:06:44.002+0000] {processor.py:840} INFO - DAG(s) 'tutorial_dag' retrieved from /home/airflow/.local/lib/python3.8/site-packages/airflow/example_dags/tutorial_dag.py
[2026-03-18T08:06:44.012+0000] {logging_mixin.py:188} INFO - [2026-03-18T08:06:44.012+0000] {dag.py:3036} INFO - Sync 1 DAGs
[2026-03-18T08:06:44.019+0000] {logging_mixin.py:188} INFO - [2026-03-18T08:06:44.019+0000] {dag.py:3823} INFO - Setting next_dagrun for tutorial_dag to None, run_after=None
[2026-03-18T08:06:44.027+0000] {processor.py:183} INFO - Processing /home/airflow/.local/lib/python3.8/site-packages/airflow/example_dags/tutorial_dag.py took 0.032 seconds
[2026-03-18T08:07:14.672+0000] {processor.py:161} INFO - Started process (PID=212) to work on /home/airflow/.local/lib/python3.8/site-packages/airflow/example_dags/tutorial_dag.py
[2026-03-18T08:07:14.674+0000] {processor.py:830} INFO - Processing file /home/airflow/.local/lib/python3.8/site-packages/airflow/example_dags/tutorial_dag.py for tasks to queue
[2026-03-18T08:07:14.675+0000] {logging_mixin.py:188} INFO - [2026-03-18T08:07:14.675+0000] {dagbag.py:538} INFO - Filling up the DagBag from /home/airflow/.local/lib/python3.8/site-packages/airflow/example_dags/tutorial_dag.py
[2026-03-18T08:07:14.679+0000] {processor.py:840} INFO - DAG(s) 'tutorial_dag' retrieved from /home/airflow/.local/lib/python3.8/site-packages/airflow/example_dags/tutorial_dag.py
[2026-03-18T08:07:14.687+0000] {logging_mixin.py:188} INFO - [2026-03-18T08:07:14.687+0000] {dag.py:3036} INFO - Sync 1 DAGs
[2026-03-18T08:07:14.692+0000] {logging_mixin.py:188} INFO - [2026-03-18T08:07:14.692+0000] {dag.py:3823} INFO - Setting next_dagrun for tutorial_dag to None, run_after=None
[2026-03-18T08:07:14.700+0000] {processor.py:183} INFO - Processing /home/airflow/.local/lib/python3.8/site-packages/airflow/example_dags/tutorial_dag.py took 0.029 seconds
[2026-03-18T08:07:45.207+0000] {processor.py:161} INFO - Started process (PID=268) to work on /home/airflow/.local/lib/python3.8/site-packages/airflow/example_dags/tutorial_dag.py
[2026-03-18T08:07:45.208+0000] {processor.py:830} INFO - Processing file /home/airflow/.local/lib/python3.8/site-packages/airflow/example_dags/tutorial_dag.py for tasks to queue
[2026-03-18T08:07:45.209+0000] {logging_mixin.py:188} INFO - [2026-03-18T08:07:45.209+0000] {dagbag.py:538} INFO - Filling up the DagBag from /home/airflow/.local/lib/python3.8/site-packages/airflow/example_dags/tutorial_dag.py
[2026-03-18T08:07:45.212+0000] {processor.py:840} INFO - DAG(s) 'tutorial_dag' retrieved from /home/airflow/.local/lib/python3.8/site-packages/airflow/example_dags/tutorial_dag.py
[2026-03-18T08:07:45.223+0000] {logging_mixin.py:188} INFO - [2026-03-18T08:07:45.223+0000] {dag.py:3036} INFO - Sync 1 DAGs
[2026-03-18T08:07:45.228+0000] {logging_mixin.py:188} INFO - [2026-03-18T08:07:45.228+0000] {dag.py:3823} INFO - Setting next_dagrun for tutorial_dag to None, run_after=None
[2026-03-18T08:07:45.240+0000] {processor.py:183} INFO - Processing /home/airflow/.local/lib/python3.8/site-packages/airflow/example_dags/tutorial_dag.py took 0.035 seconds
[2026-03-18T08:08:15.682+0000] {processor.py:161} INFO - Started process (PID=324) to work on /home/airflow/.local/lib/python3.8/site-packages/airflow/example_dags/tutorial_dag.py
[2026-03-18T08:08:15.682+0000] {processor.py:830} INFO - Processing file /home/airflow/.local/lib/python3.8/site-packages/airflow/example_dags/tutorial_dag.py for tasks to queue
[2026-03-18T08:08:15.683+0000] {logging_mixin.py:188} INFO - [2026-03-18T08:08:15.683+0000] {dagbag.py:538} INFO - Filling up the DagBag from /home/airflow/.local/lib/python3.8/site-packages/airflow/example_dags/tutorial_dag.py
[2026-03-18T08:08:15.686+0000] {processor.py:840} INFO - DAG(s) 'tutorial_dag' retrieved from /home/airflow/.local/lib/python3.8/site-packages/airflow/example_dags/tutorial_dag.py
[2026-03-18T08:08:15.694+0000] {logging_mixin.py:188} INFO - [2026-03-18T08:08:15.694+0000] {dag.py:3036} INFO - Sync 1 DAGs
[2026-03-18T08:08:15.699+0000] {logging_mixin.py:188} INFO - [2026-03-18T08:08:15.699+0000] {dag.py:3823} INFO - Setting next_dagrun for tutorial_dag to None, run_after=None
[2026-03-18T08:08:15.710+0000] {processor.py:183} INFO - Processing /home/airflow/.local/lib/python3.8/site-packages/airflow/example_dags/tutorial_dag.py took 0.030 seconds
[2026-03-18T08:08:46.275+0000] {processor.py:161} INFO - Started process (PID=386) to work on /home/airflow/.local/lib/python3.8/site-packages/airflow/example_dags/tutorial_dag.py
[2026-03-18T08:08:46.276+0000] {processor.py:830} INFO - Processing file /home/airflow/.local/lib/python3.8/site-packages/airflow/example_dags/tutorial_dag.py for tasks to queue
[2026-03-18T08:08:46.277+0000] {logging_mixin.py:188} INFO - [2026-03-18T08:08:46.277+0000] {dagbag.py:538} INFO - Filling up the DagBag from /home/airflow/.local/lib/python3.8/site-packages/airflow/example_dags/tutorial_dag.py
[2026-03-18T08:08:46.282+0000] {processor.py:840} INFO - DAG(s) 'tutorial_dag' retrieved from /home/airflow/.local/lib/python3.8/site-packages/airflow/example_dags/tutorial_dag.py
[2026-03-18T08:08:46.292+0000] {logging_mixin.py:188} INFO - [2026-03-18T08:08:46.292+0000] {dag.py:3036} INFO - Sync 1 DAGs
[2026-03-18T08:08:46.296+0000] {logging_mixin.py:188} INFO - [2026-03-18T08:08:46.296+0000] {dag.py:3823} INFO - Setting next_dagrun for tutorial_dag to None, run_after=None
[2026-03-18T08:08:46.314+0000] {processor.py:183} INFO - Processing /home/airflow/.local/lib/python3.8/site-packages/airflow/example_dags/tutorial_dag.py took 0.040 seconds
[2026-03-18T08:09:16.758+0000] {processor.py:161} INFO - Started process (PID=442) to work on /home/airflow/.local/lib/python3.8/site-packages/airflow/example_dags/tutorial_dag.py
[2026-03-18T08:09:16.759+0000] {processor.py:830} INFO - Processing file /home/airflow/.local/lib/python3.8/site-packages/airflow/example_dags/tutorial_dag.py for tasks to queue
[2026-03-18T08:09:16.759+0000] {logging_mixin.py:188} INFO - [2026-03-18T08:09:16.759+0000] {dagbag.py:538} INFO - Filling up the DagBag from /home/airflow/.local/lib/python3.8/site-packages/airflow/example_dags/tutorial_dag.py
[2026-03-18T08:09:16.762+0000] {processor.py:840} INFO - DAG(s) 'tutorial_dag' retrieved from /home/airflow/.local/lib/python3.8/site-packages/airflow/example_dags/tutorial_dag.py
[2026-03-18T08:09:16.770+0000] {logging_mixin.py:188} INFO - [2026-03-18T08:09:16.770+0000] {dag.py:3036} INFO - Sync 1 DAGs
[2026-03-18T08:09:16.776+0000] {logging_mixin.py:188} INFO - [2026-03-18T08:09:16.776+0000] {dag.py:3823} INFO - Setting next_dagrun for tutorial_dag to None, run_after=None
[2026-03-18T08:09:16.786+0000] {processor.py:183} INFO - Processing /home/airflow/.local/lib/python3.8/site-packages/airflow/example_dags/tutorial_dag.py took 0.030 seconds
[2026-03-18T08:09:47.306+0000] {processor.py:161} INFO - Started process (PID=498) to work on /home/airflow/.local/lib/python3.8/site-packages/airflow/example_dags/tutorial_dag.py
[2026-03-18T08:09:47.306+0000] {processor.py:830} INFO - Processing file /home/airflow/.local/lib/python3.8/site-packages/airflow/example_dags/tutorial_dag.py for tasks to queue
[2026-03-18T08:09:47.307+0000] {logging_mixin.py:188} INFO - [2026-03-18T08:09:47.307+0000] {dagbag.py:538} INFO - Filling up the DagBag from /home/airflow/.local/lib/python3.8/site-packages/airflow/example_dags/tutorial_dag.py
[2026-03-18T08:09:47.311+0000] {processor.py:840} INFO - DAG(s) 'tutorial_dag' retrieved from /home/airflow/.local/lib/python3.8/site-packages/airflow/example_dags/tutorial_dag.py
[2026-03-18T08:09:47.322+0000] {logging_mixin.py:188} INFO - [2026-03-18T08:09:47.322+0000] {dag.py:3036} INFO - Sync 1 DAGs
[2026-03-18T08:09:47.329+0000] {logging_mixin.py:188} INFO - [2026-03-18T08:09:47.329+0000] {dag.py:3823} INFO - Setting next_dagrun for tutorial_dag to None, run_after=None
[2026-03-18T08:09:47.338+0000] {processor.py:183} INFO - Processing /home/airflow/.local/lib/python3.8/site-packages/airflow/example_dags/tutorial_dag.py took 0.033 seconds
[2026-03-18T08:10:17.800+0000] {processor.py:161} INFO - Started process (PID=554) to work on /home/airflow/.local/lib/python3.8/site-packages/airflow/example_dags/tutorial_dag.py
[2026-03-18T08:10:17.801+0000] {processor.py:830} INFO - Processing file /home/airflow/.local/lib/python3.8/site-packages/airflow/example_dags/tutorial_dag.py for tasks to queue
[2026-03-18T08:10:17.804+0000] {logging_mixin.py:188} INFO - [2026-03-18T08:10:17.804+0000] {dagbag.py:538} INFO - Filling up the DagBag from /home/airflow/.local/lib/python3.8/site-packages/airflow/example_dags/tutorial_dag.py
[2026-03-18T08:10:17.809+0000] {processor.py:840} INFO - DAG(s) 'tutorial_dag' retrieved from /home/airflow/.local/lib/python3.8/site-packages/airflow/example_dags/tutorial_dag.py
[2026-03-18T08:10:17.822+0000] {logging_mixin.py:188} INFO - [2026-03-18T08:10:17.822+0000] {dag.py:3036} INFO - Sync 1 DAGs
[2026-03-18T08:10:17.827+0000] {logging_mixin.py:188} INFO - [2026-03-18T08:10:17.827+0000] {dag.py:3823} INFO - Setting next_dagrun for tutorial_dag to None, run_after=None
[2026-03-18T08:10:17.837+0000] {processor.py:183} INFO - Processing /home/airflow/.local/lib/python3.8/site-packages/airflow/example_dags/tutorial_dag.py took 0.039 seconds
[2026-03-18T08:10:48.411+0000] {processor.py:161} INFO - Started process (PID=610) to work on /home/airflow/.local/lib/python3.8/site-packages/airflow/example_dags/tutorial_dag.py
[2026-03-18T08:10:48.411+0000] {processor.py:830} INFO - Processing file /home/airflow/.local/lib/python3.8/site-packages/airflow/example_dags/tutorial_dag.py for tasks to queue
[2026-03-18T08:10:48.412+0000] {logging_mixin.py:188} INFO - [2026-03-18T08:10:48.412+0000] {dagbag.py:538} INFO - Filling up the DagBag from /home/airflow/.local/lib/python3.8/site-packages/airflow/example_dags/tutorial_dag.py
[2026-03-18T08:10:48.417+0000] {processor.py:840} INFO - DAG(s) 'tutorial_dag' retrieved from /home/airflow/.local/lib/python3.8/site-packages/airflow/example_dags/tutorial_dag.py
[2026-03-18T08:10:48.428+0000] {logging_mixin.py:188} INFO - [2026-03-18T08:10:48.428+0000] {dag.py:3036} INFO - Sync 1 DAGs
[2026-03-18T08:10:48.433+0000] {logging_mixin.py:188} INFO - [2026-03-18T08:10:48.433+0000] {dag.py:3823} INFO - Setting next_dagrun for tutorial_dag to None, run_after=None
[2026-03-18T08:10:48.443+0000] {processor.py:183} INFO - Processing /home/airflow/.local/lib/python3.8/site-packages/airflow/example_dags/tutorial_dag.py took 0.034 seconds
[2026-03-18T08:11:18.854+0000] {processor.py:161} INFO - Started process (PID=666) to work on /home/airflow/.local/lib/python3.8/site-packages/airflow/example_dags/tutorial_dag.py
[2026-03-18T08:11:18.855+0000] {processor.py:830} INFO - Processing file /home/airflow/.local/lib/python3.8/site-packages/airflow/example_dags/tutorial_dag.py for tasks to queue
[2026-03-18T08:11:18.856+0000] {logging_mixin.py:188} INFO - [2026-03-18T08:11:18.855+0000] {dagbag.py:538} INFO - Filling up the DagBag from /home/airflow/.local/lib/python3.8/site-packages/airflow/example_dags/tutorial_dag.py
[2026-03-18T08:11:18.859+0000] {processor.py:840} INFO - DAG(s) 'tutorial_dag' retrieved from /home/airflow/.local/lib/python3.8/site-packages/airflow/example_dags/tutorial_dag.py
[2026-03-18T08:11:18.875+0000] {logging_mixin.py:188} INFO - [2026-03-18T08:11:18.875+0000] {dag.py:3036} INFO - Sync 1 DAGs
[2026-03-18T08:11:18.881+0000] {logging_mixin.py:188} INFO - [2026-03-18T08:11:18.881+0000] {dag.py:3823} INFO - Setting next_dagrun for tutorial_dag to None, run_after=None
[2026-03-18T08:11:18.894+0000] {processor.py:183} INFO - Processing /home/airflow/.local/lib/python3.8/site-packages/airflow/example_dags/tutorial_dag.py took 0.042 seconds
[2026-03-18T08:11:49.398+0000] {processor.py:161} INFO - Started process (PID=722) to work on /home/airflow/.local/lib/python3.8/site-packages/airflow/example_dags/tutorial_dag.py
[2026-03-18T08:11:49.400+0000] {processor.py:830} INFO - Processing file /home/airflow/.local/lib/python3.8/site-packages/airflow/example_dags/tutorial_dag.py for tasks to queue
[2026-03-18T08:11:49.401+0000] {logging_mixin.py:188} INFO - [2026-03-18T08:11:49.401+0000] {dagbag.py:538} INFO - Filling up the DagBag from /home/airflow/.local/lib/python3.8/site-packages/airflow/example_dags/tutorial_dag.py
[2026-03-18T08:11:49.404+0000] {processor.py:840} INFO - DAG(s) 'tutorial_dag' retrieved from /home/airflow/.local/lib/python3.8/site-packages/airflow/example_dags/tutorial_dag.py
[2026-03-18T08:11:49.415+0000] {logging_mixin.py:188} INFO - [2026-03-18T08:11:49.415+0000] {dag.py:3036} INFO - Sync 1 DAGs
[2026-03-18T08:11:49.419+0000] {logging_mixin.py:188} INFO - [2026-03-18T08:11:49.419+0000] {dag.py:3823} INFO - Setting next_dagrun for tutorial_dag to None, run_after=None
[2026-03-18T08:11:49.427+0000] {processor.py:183} INFO - Processing /home/airflow/.local/lib/python3.8/site-packages/airflow/example_dags/tutorial_dag.py took 0.030 seconds
[2026-03-18T08:12:19.976+0000] {processor.py:161} INFO - Started process (PID=778) to work on /home/airflow/.local/lib/python3.8/site-packages/airflow/example_dags/tutorial_dag.py
[2026-03-18T08:12:19.978+0000] {processor.py:830} INFO - Processing file /home/airflow/.local/lib/python3.8/site-packages/airflow/example_dags/tutorial_dag.py for tasks to queue
[2026-03-18T08:12:19.979+0000] {logging_mixin.py:188} INFO - [2026-03-18T08:12:19.979+0000] {dagbag.py:538} INFO - Filling up the DagBag from /home/airflow/.local/lib/python3.8/site-packages/airflow/example_dags/tutorial_dag.py
[2026-03-18T08:12:19.982+0000] {processor.py:840} INFO - DAG(s) 'tutorial_dag' retrieved from /home/airflow/.local/lib/python3.8/site-packages/airflow/example_dags/tutorial_dag.py
[2026-03-18T08:12:19.994+0000] {logging_mixin.py:188} INFO - [2026-03-18T08:12:19.994+0000] {dag.py:3036} INFO - Sync 1 DAGs
[2026-03-18T08:12:20.000+0000] {logging_mixin.py:188} INFO - [2026-03-18T08:12:20.000+0000] {dag.py:3823} INFO - Setting next_dagrun for tutorial_dag to None, run_after=None
[2026-03-18T08:12:20.010+0000] {processor.py:183} INFO - Processing /home/airflow/.local/lib/python3.8/site-packages/airflow/example_dags/tutorial_dag.py took 0.035 seconds
[2026-03-18T08:12:50.339+0000] {processor.py:161} INFO - Started process (PID=834) to work on /home/airflow/.local/lib/python3.8/site-packages/airflow/example_dags/tutorial_dag.py
[2026-03-18T08:12:50.339+0000] {processor.py:830} INFO - Processing file /home/airflow/.local/lib/python3.8/site-packages/airflow/example_dags/tutorial_dag.py for tasks to queue
[2026-03-18T08:12:50.340+0000] {logging_mixin.py:188} INFO - [2026-03-18T08:12:50.340+0000] {dagbag.py:538} INFO - Filling up the DagBag from /home/airflow/.local/lib/python3.8/site-packages/airflow/example_dags/tutorial_dag.py
[2026-03-18T08:12:50.343+0000] {processor.py:840} INFO - DAG(s) 'tutorial_dag' retrieved from /home/airflow/.local/lib/python3.8/site-packages/airflow/example_dags/tutorial_dag.py
[2026-03-18T08:12:50.350+0000] {logging_mixin.py:188} INFO - [2026-03-18T08:12:50.350+0000] {dag.py:3036} INFO - Sync 1 DAGs
[2026-03-18T08:12:50.355+0000] {logging_mixin.py:188} INFO - [2026-03-18T08:12:50.355+0000] {dag.py:3823} INFO - Setting next_dagrun for tutorial_dag to None, run_after=None
[2026-03-18T08:12:50.365+0000] {processor.py:183} INFO - Processing /home/airflow/.local/lib/python3.8/site-packages/airflow/example_dags/tutorial_dag.py took 0.027 seconds
[2026-03-18T08:13:20.784+0000] {processor.py:161} INFO - Started process (PID=890) to work on /home/airflow/.local/lib/python3.8/site-packages/airflow/example_dags/tutorial_dag.py
[2026-03-18T08:13:20.785+0000] {processor.py:830} INFO - Processing file /home/airflow/.local/lib/python3.8/site-packages/airflow/example_dags/tutorial_dag.py for tasks to queue
[2026-03-18T08:13:20.785+0000] {logging_mixin.py:188} INFO - [2026-03-18T08:13:20.785+0000] {dagbag.py:538} INFO - Filling up the DagBag from /home/airflow/.local/lib/python3.8/site-packages/airflow/example_dags/tutorial_dag.py
[2026-03-18T08:13:20.788+0000] {processor.py:840} INFO - DAG(s) 'tutorial_dag' retrieved from /home/airflow/.local/lib/python3.8/site-packages/airflow/example_dags/tutorial_dag.py
[2026-03-18T08:13:20.797+0000] {logging_mixin.py:188} INFO - [2026-03-18T08:13:20.797+0000] {dag.py:3036} INFO - Sync 1 DAGs
[2026-03-18T08:13:20.802+0000] {logging_mixin.py:188} INFO - [2026-03-18T08:13:20.802+0000] {dag.py:3823} INFO - Setting next_dagrun for tutorial_dag to None, run_after=None
[2026-03-18T08:13:20.812+0000] {processor.py:183} INFO - Processing /home/airflow/.local/lib/python3.8/site-packages/airflow/example_dags/tutorial_dag.py took 0.029 seconds
[2026-03-18T08:13:51.335+0000] {processor.py:161} INFO - Started process (PID=946) to work on /home/airflow/.local/lib/python3.8/site-packages/airflow/example_dags/tutorial_dag.py
[2026-03-18T08:13:51.336+0000] {processor.py:830} INFO - Processing file /home/airflow/.local/lib/python3.8/site-packages/airflow/example_dags/tutorial_dag.py for tasks to queue
[2026-03-18T08:13:51.338+0000] {logging_mixin.py:188} INFO - [2026-03-18T08:13:51.338+0000] {dagbag.py:538} INFO - Filling up the DagBag from /home/airflow/.local/lib/python3.8/site-packages/airflow/example_dags/tutorial_dag.py
[2026-03-18T08:13:51.344+0000] {processor.py:840} INFO - DAG(s) 'tutorial_dag' retrieved from /home/airflow/.local/lib/python3.8/site-packages/airflow/example_dags/tutorial_dag.py
[2026-03-18T08:13:51.363+0000] {logging_mixin.py:188} INFO - [2026-03-18T08:13:51.361+0000] {dag.py:3036} INFO - Sync 1 DAGs
[2026-03-18T08:13:51.369+0000] {logging_mixin.py:188} INFO - [2026-03-18T08:13:51.368+0000] {dag.py:3823} INFO - Setting next_dagrun for tutorial_dag to None, run_after=None
[2026-03-18T08:13:51.378+0000] {processor.py:183} INFO - Processing /home/airflow/.local/lib/python3.8/site-packages/airflow/example_dags/tutorial_dag.py took 0.046 seconds
[2026-03-18T08:14:21.914+0000] {processor.py:161} INFO - Started process (PID=1002) to work on /home/airflow/.local/lib/python3.8/site-packages/airflow/example_dags/tutorial_dag.py
[2026-03-18T08:14:21.915+0000] {processor.py:830} INFO - Processing file /home/airflow/.local/lib/python3.8/site-packages/airflow/example_dags/tutorial_dag.py for tasks to queue
[2026-03-18T08:14:21.916+0000] {logging_mixin.py:188} INFO - [2026-03-18T08:14:21.916+0000] {dagbag.py:538} INFO - Filling up the DagBag from /home/airflow/.local/lib/python3.8/site-packages/airflow/example_dags/tutorial_dag.py
[2026-03-18T08:14:21.919+0000] {processor.py:840} INFO - DAG(s) 'tutorial_dag' retrieved from /home/airflow/.local/lib/python3.8/site-packages/airflow/example_dags/tutorial_dag.py
[2026-03-18T08:14:21.933+0000] {logging_mixin.py:188} INFO - [2026-03-18T08:14:21.933+0000] {dag.py:3036} INFO - Sync 1 DAGs
[2026-03-18T08:14:21.938+0000] {logging_mixin.py:188} INFO - [2026-03-18T08:14:21.938+0000] {dag.py:3823} INFO - Setting next_dagrun for tutorial_dag to None, run_after=None
[2026-03-18T08:14:21.948+0000] {processor.py:183} INFO - Processing /home/airflow/.local/lib/python3.8/site-packages/airflow/example_dags/tutorial_dag.py took 0.035 seconds
[2026-03-18T08:14:52.510+0000] {processor.py:161} INFO - Started process (PID=1058) to work on /home/airflow/.local/lib/python3.8/site-packages/airflow/example_dags/tutorial_dag.py
[2026-03-18T08:14:52.511+0000] {processor.py:830} INFO - Processing file /home/airflow/.local/lib/python3.8/site-packages/airflow/example_dags/tutorial_dag.py for tasks to queue
[2026-03-18T08:14:52.512+0000] {logging_mixin.py:188} INFO - [2026-03-18T08:14:52.512+0000] {dagbag.py:538} INFO - Filling up the DagBag from /home/airflow/.local/lib/python3.8/site-packages/airflow/example_dags/tutorial_dag.py
[2026-03-18T08:14:52.515+0000] {processor.py:840} INFO - DAG(s) 'tutorial_dag' retrieved from /home/airflow/.local/lib/python3.8/site-packages/airflow/example_dags/tutorial_dag.py
[2026-03-18T08:14:52.526+0000] {logging_mixin.py:188} INFO - [2026-03-18T08:14:52.526+0000] {dag.py:3036} INFO - Sync 1 DAGs
[2026-03-18T08:14:52.534+0000] {logging_mixin.py:188} INFO - [2026-03-18T08:14:52.534+0000] {dag.py:3823} INFO - Setting next_dagrun for tutorial_dag to None, run_after=None
[2026-03-18T08:14:52.546+0000] {processor.py:183} INFO - Processing /home/airflow/.local/lib/python3.8/site-packages/airflow/example_dags/tutorial_dag.py took 0.037 seconds
[2026-03-18T08:15:23.180+0000] {processor.py:161} INFO - Started process (PID=1114) to work on /home/airflow/.local/lib/python3.8/site-packages/airflow/example_dags/tutorial_dag.py
[2026-03-18T08:15:23.181+0000] {processor.py:830} INFO - Processing file /home/airflow/.local/lib/python3.8/site-packages/airflow/example_dags/tutorial_dag.py for tasks to queue
[2026-03-18T08:15:23.182+0000] {logging_mixin.py:188} INFO - [2026-03-18T08:15:23.182+0000] {dagbag.py:538} INFO - Filling up the DagBag from /home/airflow/.local/lib/python3.8/site-packages/airflow/example_dags/tutorial_dag.py
[2026-03-18T08:15:23.184+0000] {processor.py:840} INFO - DAG(s) 'tutorial_dag' retrieved from /home/airflow/.local/lib/python3.8/site-packages/airflow/example_dags/tutorial_dag.py
[2026-03-18T08:15:23.192+0000] {logging_mixin.py:188} INFO - [2026-03-18T08:15:23.191+0000] {dag.py:3036} INFO - Sync 1 DAGs
[2026-03-18T08:15:23.196+0000] {logging_mixin.py:188} INFO - [2026-03-18T08:15:23.196+0000] {dag.py:3823} INFO - Setting next_dagrun for tutorial_dag to None, run_after=None
[2026-03-18T08:15:23.207+0000] {processor.py:183} INFO - Processing /home/airflow/.local/lib/python3.8/site-packages/airflow/example_dags/tutorial_dag.py took 0.028 seconds
[2026-03-18T08:15:53.732+0000] {processor.py:161} INFO - Started process (PID=1170) to work on /home/airflow/.local/lib/python3.8/site-packages/airflow/example_dags/tutorial_dag.py
[2026-03-18T08:15:53.734+0000] {processor.py:830} INFO - Processing file /home/airflow/.local/lib/python3.8/site-packages/airflow/example_dags/tutorial_dag.py for tasks to queue
[2026-03-18T08:15:53.734+0000] {logging_mixin.py:188} INFO - [2026-03-18T08:15:53.734+0000] {dagbag.py:538} INFO - Filling up the DagBag from /home/airflow/.local/lib/python3.8/site-packages/airflow/example_dags/tutorial_dag.py
[2026-03-18T08:15:53.738+0000] {processor.py:840} INFO - DAG(s) 'tutorial_dag' retrieved from /home/airflow/.local/lib/python3.8/site-packages/airflow/example_dags/tutorial_dag.py
[2026-03-18T08:15:53.747+0000] {logging_mixin.py:188} INFO - [2026-03-18T08:15:53.747+0000] {dag.py:3036} INFO - Sync 1 DAGs
[2026-03-18T08:15:53.752+0000] {logging_mixin.py:188} INFO - [2026-03-18T08:15:53.752+0000] {dag.py:3823} INFO - Setting next_dagrun for tutorial_dag to None, run_after=None
[2026-03-18T08:15:53.760+0000] {processor.py:183} INFO - Processing /home/airflow/.local/lib/python3.8/site-packages/airflow/example_dags/tutorial_dag.py took 0.030 seconds
[2026-03-18T08:16:24.228+0000] {processor.py:161} INFO - Started process (PID=1226) to work on /home/airflow/.local/lib/python3.8/site-packages/airflow/example_dags/tutorial_dag.py
[2026-03-18T08:16:24.229+0000] {processor.py:830} INFO - Processing file /home/airflow/.local/lib/python3.8/site-packages/airflow/example_dags/tutorial_dag.py for tasks to queue
[2026-03-18T08:16:24.231+0000] {logging_mixin.py:188} INFO - [2026-03-18T08:16:24.231+0000] {dagbag.py:538} INFO - Filling up the DagBag from /home/airflow/.local/lib/python3.8/site-packages/airflow/example_dags/tutorial_dag.py
[2026-03-18T08:16:24.233+0000] {processor.py:840} INFO - DAG(s) 'tutorial_dag' retrieved from /home/airflow/.local/lib/python3.8/site-packages/airflow/example_dags/tutorial_dag.py
[2026-03-18T08:16:24.243+0000] {logging_mixin.py:188} INFO - [2026-03-18T08:16:24.243+0000] {dag.py:3036} INFO - Sync 1 DAGs
[2026-03-18T08:16:24.247+0000] {logging_mixin.py:188} INFO - [2026-03-18T08:16:24.247+0000] {dag.py:3823} INFO - Setting next_dagrun for tutorial_dag to None, run_after=None
[2026-03-18T08:16:24.256+0000] {processor.py:183} INFO - Processing /home/airflow/.local/lib/python3.8/site-packages/airflow/example_dags/tutorial_dag.py took 0.030 seconds
[2026-03-18T08:16:54.824+0000] {processor.py:161} INFO - Started process (PID=1283) to work on /home/airflow/.local/lib/python3.8/site-packages/airflow/example_dags/tutorial_dag.py
[2026-03-18T08:16:54.825+0000] {processor.py:830} INFO - Processing file /home/airflow/.local/lib/python3.8/site-packages/airflow/example_dags/tutorial_dag.py for tasks to queue
[2026-03-18T08:16:54.826+0000] {logging_mixin.py:188} INFO - [2026-03-18T08:16:54.826+0000] {dagbag.py:538} INFO - Filling up the DagBag from /home/airflow/.local/lib/python3.8/site-packages/airflow/example_dags/tutorial_dag.py
[2026-03-18T08:16:54.831+0000] {processor.py:840} INFO - DAG(s) 'tutorial_dag' retrieved from /home/airflow/.local/lib/python3.8/site-packages/airflow/example_dags/tutorial_dag.py
[2026-03-18T08:16:54.845+0000] {logging_mixin.py:188} INFO - [2026-03-18T08:16:54.845+0000] {dag.py:3036} INFO - Sync 1 DAGs
[2026-03-18T08:16:54.851+0000] {logging_mixin.py:188} INFO - [2026-03-18T08:16:54.851+0000] {dag.py:3823} INFO - Setting next_dagrun for tutorial_dag to None, run_after=None
[2026-03-18T08:16:54.858+0000] {processor.py:183} INFO - Processing /home/airflow/.local/lib/python3.8/site-packages/airflow/example_dags/tutorial_dag.py took 0.035 seconds
[2026-03-18T08:17:25.301+0000] {processor.py:161} INFO - Started process (PID=1339) to work on /home/airflow/.local/lib/python3.8/site-packages/airflow/example_dags/tutorial_dag.py
[2026-03-18T08:17:25.302+0000] {processor.py:830} INFO - Processing file /home/airflow/.local/lib/python3.8/site-packages/airflow/example_dags/tutorial_dag.py for tasks to queue
[2026-03-18T08:17:25.303+0000] {logging_mixin.py:188} INFO - [2026-03-18T08:17:25.303+0000] {dagbag.py:538} INFO - Filling up the DagBag from /home/airflow/.local/lib/python3.8/site-packages/airflow/example_dags/tutorial_dag.py
[2026-03-18T08:17:25.306+0000] {processor.py:840} INFO - DAG(s) 'tutorial_dag' retrieved from /home/airflow/.local/lib/python3.8/site-packages/airflow/example_dags/tutorial_dag.py
[2026-03-18T08:17:25.322+0000] {logging_mixin.py:188} INFO - [2026-03-18T08:17:25.321+0000] {dag.py:3036} INFO - Sync 1 DAGs
[2026-03-18T08:17:25.328+0000] {logging_mixin.py:188} INFO - [2026-03-18T08:17:25.328+0000] {dag.py:3823} INFO - Setting next_dagrun for tutorial_dag to None, run_after=None
[2026-03-18T08:17:25.339+0000] {processor.py:183} INFO - Processing /home/airflow/.local/lib/python3.8/site-packages/airflow/example_dags/tutorial_dag.py took 0.040 seconds
[2026-03-18T08:17:55.888+0000] {processor.py:161} INFO - Started process (PID=1395) to work on /home/airflow/.local/lib/python3.8/site-packages/airflow/example_dags/tutorial_dag.py
[2026-03-18T08:17:55.889+0000] {processor.py:830} INFO - Processing file /home/airflow/.local/lib/python3.8/site-packages/airflow/example_dags/tutorial_dag.py for tasks to queue
[2026-03-18T08:17:55.889+0000] {logging_mixin.py:188} INFO - [2026-03-18T08:17:55.889+0000] {dagbag.py:538} INFO - Filling up the DagBag from /home/airflow/.local/lib/python3.8/site-packages/airflow/example_dags/tutorial_dag.py
[2026-03-18T08:17:55.892+0000] {processor.py:840} INFO - DAG(s) 'tutorial_dag' retrieved from /home/airflow/.local/lib/python3.8/site-packages/airflow/example_dags/tutorial_dag.py
[2026-03-18T08:17:55.904+0000] {logging_mixin.py:188} INFO - [2026-03-18T08:17:55.904+0000] {dag.py:3036} INFO - Sync 1 DAGs
[2026-03-18T08:17:55.910+0000] {logging_mixin.py:188} INFO - [2026-03-18T08:17:55.910+0000] {dag.py:3823} INFO - Setting next_dagrun for tutorial_dag to None, run_after=None
[2026-03-18T08:17:55.921+0000] {processor.py:183} INFO - Processing /home/airflow/.local/lib/python3.8/site-packages/airflow/example_dags/tutorial_dag.py took 0.035 seconds
[2026-03-18T08:18:26.393+0000] {processor.py:161} INFO - Started process (PID=1451) to work on /home/airflow/.local/lib/python3.8/site-packages/airflow/example_dags/tutorial_dag.py
[2026-03-18T08:18:26.394+0000] {processor.py:830} INFO - Processing file /home/airflow/.local/lib/python3.8/site-packages/airflow/example_dags/tutorial_dag.py for tasks to queue
[2026-03-18T08:18:26.395+0000] {logging_mixin.py:188} INFO - [2026-03-18T08:18:26.395+0000] {dagbag.py:538} INFO - Filling up the DagBag from /home/airflow/.local/lib/python3.8/site-packages/airflow/example_dags/tutorial_dag.py
[2026-03-18T08:18:26.398+0000] {processor.py:840} INFO - DAG(s) 'tutorial_dag' retrieved from /home/airflow/.local/lib/python3.8/site-packages/airflow/example_dags/tutorial_dag.py
[2026-03-18T08:18:26.414+0000] {logging_mixin.py:188} INFO - [2026-03-18T08:18:26.414+0000] {dag.py:3036} INFO - Sync 1 DAGs
[2026-03-18T08:18:26.419+0000] {logging_mixin.py:188} INFO - [2026-03-18T08:18:26.419+0000] {dag.py:3823} INFO - Setting next_dagrun for tutorial_dag to None, run_after=None
[2026-03-18T08:18:26.427+0000] {processor.py:183} INFO - Processing /home/airflow/.local/lib/python3.8/site-packages/airflow/example_dags/tutorial_dag.py took 0.036 seconds
[2026-03-18T08:18:56.947+0000] {processor.py:161} INFO - Started process (PID=1507) to work on /home/airflow/.local/lib/python3.8/site-packages/airflow/example_dags/tutorial_dag.py
[2026-03-18T08:18:56.948+0000] {processor.py:830} INFO - Processing file /home/airflow/.local/lib/python3.8/site-packages/airflow/example_dags/tutorial_dag.py for tasks to queue
[2026-03-18T08:18:56.950+0000] {logging_mixin.py:188} INFO - [2026-03-18T08:18:56.950+0000] {dagbag.py:538} INFO - Filling up the DagBag from /home/airflow/.local/lib/python3.8/site-packages/airflow/example_dags/tutorial_dag.py
[2026-03-18T08:18:56.953+0000] {processor.py:840} INFO - DAG(s) 'tutorial_dag' retrieved from /home/airflow/.local/lib/python3.8/site-packages/airflow/example_dags/tutorial_dag.py
[2026-03-18T08:18:56.965+0000] {logging_mixin.py:188} INFO - [2026-03-18T08:18:56.964+0000] {dag.py:3036} INFO - Sync 1 DAGs
[2026-03-18T08:18:56.972+0000] {logging_mixin.py:188} INFO - [2026-03-18T08:18:56.972+0000] {dag.py:3823} INFO - Setting next_dagrun for tutorial_dag to None, run_after=None
[2026-03-18T08:18:56.979+0000] {processor.py:183} INFO - Processing /home/airflow/.local/lib/python3.8/site-packages/airflow/example_dags/tutorial_dag.py took 0.034 seconds
[2026-03-18T08:19:27.399+0000] {processor.py:161} INFO - Started process (PID=1563) to work on /home/airflow/.local/lib/python3.8/site-packages/airflow/example_dags/tutorial_dag.py
[2026-03-18T08:19:27.400+0000] {processor.py:830} INFO - Processing file /home/airflow/.local/lib/python3.8/site-packages/airflow/example_dags/tutorial_dag.py for tasks to queue
[2026-03-18T08:19:27.401+0000] {logging_mixin.py:188} INFO - [2026-03-18T08:19:27.400+0000] {dagbag.py:538} INFO - Filling up the DagBag from /home/airflow/.local/lib/python3.8/site-packages/airflow/example_dags/tutorial_dag.py
[2026-03-18T08:19:27.403+0000] {processor.py:840} INFO - DAG(s) 'tutorial_dag' retrieved from /home/airflow/.local/lib/python3.8/site-packages/airflow/example_dags/tutorial_dag.py
[2026-03-18T08:19:27.410+0000] {logging_mixin.py:188} INFO - [2026-03-18T08:19:27.410+0000] {dag.py:3036} INFO - Sync 1 DAGs
[2026-03-18T08:19:27.415+0000] {logging_mixin.py:188} INFO - [2026-03-18T08:19:27.415+0000] {dag.py:3823} INFO - Setting next_dagrun for tutorial_dag to None, run_after=None
[2026-03-18T08:19:27.425+0000] {processor.py:183} INFO - Processing /home/airflow/.local/lib/python3.8/site-packages/airflow/example_dags/tutorial_dag.py took 0.028 seconds
