[2026-03-18T07:45:18.441+0000] {processor.py:161} INFO - Started process (PID=64) to work on /home/airflow/.local/lib/python3.8/site-packages/airflow/example_dags/tutorial_taskflow_api_virtualenv.py
[2026-03-18T07:45:18.444+0000] {processor.py:830} INFO - Processing file /home/airflow/.local/lib/python3.8/site-packages/airflow/example_dags/tutorial_taskflow_api_virtualenv.py for tasks to queue
[2026-03-18T07:45:18.445+0000] {logging_mixin.py:188} INFO - [2026-03-18T07:45:18.445+0000] {dagbag.py:538} INFO - Filling up the DagBag from /home/airflow/.local/lib/python3.8/site-packages/airflow/example_dags/tutorial_taskflow_api_virtualenv.py
[2026-03-18T07:45:18.452+0000] {processor.py:840} INFO - DAG(s) 'tutorial_taskflow_api_virtualenv' retrieved from /home/airflow/.local/lib/python3.8/site-packages/airflow/example_dags/tutorial_taskflow_api_virtualenv.py
[2026-03-18T07:45:18.500+0000] {logging_mixin.py:188} INFO - [2026-03-18T07:45:18.500+0000] {override.py:1769} INFO - Created Permission View: can read on DAG:tutorial_taskflow_api_virtualenv
[2026-03-18T07:45:18.505+0000] {logging_mixin.py:188} INFO - [2026-03-18T07:45:18.505+0000] {override.py:1769} INFO - Created Permission View: can delete on DAG:tutorial_taskflow_api_virtualenv
[2026-03-18T07:45:18.508+0000] {logging_mixin.py:188} INFO - [2026-03-18T07:45:18.507+0000] {override.py:1769} INFO - Created Permission View: can edit on DAG:tutorial_taskflow_api_virtualenv
[2026-03-18T07:45:18.508+0000] {logging_mixin.py:188} INFO - [2026-03-18T07:45:18.508+0000] {dag.py:3036} INFO - Sync 1 DAGs
[2026-03-18T07:45:18.514+0000] {logging_mixin.py:188} INFO - [2026-03-18T07:45:18.513+0000] {dag.py:3058} INFO - Creating ORM DAG for tutorial_taskflow_api_virtualenv
[2026-03-18T07:45:18.514+0000] {logging_mixin.py:188} INFO - [2026-03-18T07:45:18.514+0000] {dag.py:3823} INFO - Setting next_dagrun for tutorial_taskflow_api_virtualenv to None, run_after=None
[2026-03-18T07:45:18.522+0000] {processor.py:183} INFO - Processing /home/airflow/.local/lib/python3.8/site-packages/airflow/example_dags/tutorial_taskflow_api_virtualenv.py took 0.084 seconds
[2026-03-18T07:45:49.346+0000] {processor.py:161} INFO - Started process (PID=119) to work on /home/airflow/.local/lib/python3.8/site-packages/airflow/example_dags/tutorial_taskflow_api_virtualenv.py
[2026-03-18T07:45:49.346+0000] {processor.py:830} INFO - Processing file /home/airflow/.local/lib/python3.8/site-packages/airflow/example_dags/tutorial_taskflow_api_virtualenv.py for tasks to queue
[2026-03-18T07:45:49.347+0000] {logging_mixin.py:188} INFO - [2026-03-18T07:45:49.347+0000] {dagbag.py:538} INFO - Filling up the DagBag from /home/airflow/.local/lib/python3.8/site-packages/airflow/example_dags/tutorial_taskflow_api_virtualenv.py
[2026-03-18T07:45:49.351+0000] {processor.py:840} INFO - DAG(s) 'tutorial_taskflow_api_virtualenv' retrieved from /home/airflow/.local/lib/python3.8/site-packages/airflow/example_dags/tutorial_taskflow_api_virtualenv.py
[2026-03-18T07:45:49.362+0000] {logging_mixin.py:188} INFO - [2026-03-18T07:45:49.362+0000] {dag.py:3036} INFO - Sync 1 DAGs
[2026-03-18T07:45:49.367+0000] {logging_mixin.py:188} INFO - [2026-03-18T07:45:49.367+0000] {dag.py:3823} INFO - Setting next_dagrun for tutorial_taskflow_api_virtualenv to None, run_after=None
[2026-03-18T07:45:49.373+0000] {processor.py:183} INFO - Processing /home/airflow/.local/lib/python3.8/site-packages/airflow/example_dags/tutorial_taskflow_api_virtualenv.py took 0.028 seconds
[2026-03-18T07:46:19.728+0000] {processor.py:161} INFO - Started process (PID=174) to work on /home/airflow/.local/lib/python3.8/site-packages/airflow/example_dags/tutorial_taskflow_api_virtualenv.py
[2026-03-18T07:46:19.728+0000] {processor.py:830} INFO - Processing file /home/airflow/.local/lib/python3.8/site-packages/airflow/example_dags/tutorial_taskflow_api_virtualenv.py for tasks to queue
[2026-03-18T07:46:19.729+0000] {logging_mixin.py:188} INFO - [2026-03-18T07:46:19.729+0000] {dagbag.py:538} INFO - Filling up the DagBag from /home/airflow/.local/lib/python3.8/site-packages/airflow/example_dags/tutorial_taskflow_api_virtualenv.py
[2026-03-18T07:46:19.733+0000] {processor.py:840} INFO - DAG(s) 'tutorial_taskflow_api_virtualenv' retrieved from /home/airflow/.local/lib/python3.8/site-packages/airflow/example_dags/tutorial_taskflow_api_virtualenv.py
[2026-03-18T07:46:19.741+0000] {logging_mixin.py:188} INFO - [2026-03-18T07:46:19.741+0000] {dag.py:3036} INFO - Sync 1 DAGs
[2026-03-18T07:46:19.745+0000] {logging_mixin.py:188} INFO - [2026-03-18T07:46:19.745+0000] {dag.py:3823} INFO - Setting next_dagrun for tutorial_taskflow_api_virtualenv to None, run_after=None
[2026-03-18T07:46:19.751+0000] {processor.py:183} INFO - Processing /home/airflow/.local/lib/python3.8/site-packages/airflow/example_dags/tutorial_taskflow_api_virtualenv.py took 0.026 seconds
[2026-03-18T07:46:50.092+0000] {processor.py:161} INFO - Started process (PID=229) to work on /home/airflow/.local/lib/python3.8/site-packages/airflow/example_dags/tutorial_taskflow_api_virtualenv.py
[2026-03-18T07:46:50.092+0000] {processor.py:830} INFO - Processing file /home/airflow/.local/lib/python3.8/site-packages/airflow/example_dags/tutorial_taskflow_api_virtualenv.py for tasks to queue
[2026-03-18T07:46:50.094+0000] {logging_mixin.py:188} INFO - [2026-03-18T07:46:50.094+0000] {dagbag.py:538} INFO - Filling up the DagBag from /home/airflow/.local/lib/python3.8/site-packages/airflow/example_dags/tutorial_taskflow_api_virtualenv.py
[2026-03-18T07:46:50.100+0000] {processor.py:840} INFO - DAG(s) 'tutorial_taskflow_api_virtualenv' retrieved from /home/airflow/.local/lib/python3.8/site-packages/airflow/example_dags/tutorial_taskflow_api_virtualenv.py
[2026-03-18T07:46:50.109+0000] {logging_mixin.py:188} INFO - [2026-03-18T07:46:50.109+0000] {dag.py:3036} INFO - Sync 1 DAGs
[2026-03-18T07:46:50.114+0000] {logging_mixin.py:188} INFO - [2026-03-18T07:46:50.114+0000] {dag.py:3823} INFO - Setting next_dagrun for tutorial_taskflow_api_virtualenv to None, run_after=None
[2026-03-18T07:46:50.121+0000] {processor.py:183} INFO - Processing /home/airflow/.local/lib/python3.8/site-packages/airflow/example_dags/tutorial_taskflow_api_virtualenv.py took 0.031 seconds
[2026-03-18T07:47:20.416+0000] {processor.py:161} INFO - Started process (PID=284) to work on /home/airflow/.local/lib/python3.8/site-packages/airflow/example_dags/tutorial_taskflow_api_virtualenv.py
[2026-03-18T07:47:20.417+0000] {processor.py:830} INFO - Processing file /home/airflow/.local/lib/python3.8/site-packages/airflow/example_dags/tutorial_taskflow_api_virtualenv.py for tasks to queue
[2026-03-18T07:47:20.419+0000] {logging_mixin.py:188} INFO - [2026-03-18T07:47:20.419+0000] {dagbag.py:538} INFO - Filling up the DagBag from /home/airflow/.local/lib/python3.8/site-packages/airflow/example_dags/tutorial_taskflow_api_virtualenv.py
[2026-03-18T07:47:20.424+0000] {processor.py:840} INFO - DAG(s) 'tutorial_taskflow_api_virtualenv' retrieved from /home/airflow/.local/lib/python3.8/site-packages/airflow/example_dags/tutorial_taskflow_api_virtualenv.py
[2026-03-18T07:47:20.436+0000] {logging_mixin.py:188} INFO - [2026-03-18T07:47:20.436+0000] {dag.py:3036} INFO - Sync 1 DAGs
[2026-03-18T07:47:20.442+0000] {logging_mixin.py:188} INFO - [2026-03-18T07:47:20.442+0000] {dag.py:3823} INFO - Setting next_dagrun for tutorial_taskflow_api_virtualenv to None, run_after=None
[2026-03-18T07:47:20.451+0000] {processor.py:183} INFO - Processing /home/airflow/.local/lib/python3.8/site-packages/airflow/example_dags/tutorial_taskflow_api_virtualenv.py took 0.036 seconds
[2026-03-18T07:47:50.854+0000] {processor.py:161} INFO - Started process (PID=339) to work on /home/airflow/.local/lib/python3.8/site-packages/airflow/example_dags/tutorial_taskflow_api_virtualenv.py
[2026-03-18T07:47:50.855+0000] {processor.py:830} INFO - Processing file /home/airflow/.local/lib/python3.8/site-packages/airflow/example_dags/tutorial_taskflow_api_virtualenv.py for tasks to queue
[2026-03-18T07:47:50.857+0000] {logging_mixin.py:188} INFO - [2026-03-18T07:47:50.856+0000] {dagbag.py:538} INFO - Filling up the DagBag from /home/airflow/.local/lib/python3.8/site-packages/airflow/example_dags/tutorial_taskflow_api_virtualenv.py
[2026-03-18T07:47:50.861+0000] {processor.py:840} INFO - DAG(s) 'tutorial_taskflow_api_virtualenv' retrieved from /home/airflow/.local/lib/python3.8/site-packages/airflow/example_dags/tutorial_taskflow_api_virtualenv.py
[2026-03-18T07:47:50.870+0000] {logging_mixin.py:188} INFO - [2026-03-18T07:47:50.869+0000] {dag.py:3036} INFO - Sync 1 DAGs
[2026-03-18T07:47:50.874+0000] {logging_mixin.py:188} INFO - [2026-03-18T07:47:50.874+0000] {dag.py:3823} INFO - Setting next_dagrun for tutorial_taskflow_api_virtualenv to None, run_after=None
[2026-03-18T07:47:50.886+0000] {processor.py:183} INFO - Processing /home/airflow/.local/lib/python3.8/site-packages/airflow/example_dags/tutorial_taskflow_api_virtualenv.py took 0.033 seconds
[2026-03-18T07:48:21.282+0000] {processor.py:161} INFO - Started process (PID=394) to work on /home/airflow/.local/lib/python3.8/site-packages/airflow/example_dags/tutorial_taskflow_api_virtualenv.py
[2026-03-18T07:48:21.283+0000] {processor.py:830} INFO - Processing file /home/airflow/.local/lib/python3.8/site-packages/airflow/example_dags/tutorial_taskflow_api_virtualenv.py for tasks to queue
[2026-03-18T07:48:21.284+0000] {logging_mixin.py:188} INFO - [2026-03-18T07:48:21.284+0000] {dagbag.py:538} INFO - Filling up the DagBag from /home/airflow/.local/lib/python3.8/site-packages/airflow/example_dags/tutorial_taskflow_api_virtualenv.py
[2026-03-18T07:48:21.288+0000] {processor.py:840} INFO - DAG(s) 'tutorial_taskflow_api_virtualenv' retrieved from /home/airflow/.local/lib/python3.8/site-packages/airflow/example_dags/tutorial_taskflow_api_virtualenv.py
[2026-03-18T07:48:21.295+0000] {logging_mixin.py:188} INFO - [2026-03-18T07:48:21.295+0000] {dag.py:3036} INFO - Sync 1 DAGs
[2026-03-18T07:48:21.300+0000] {logging_mixin.py:188} INFO - [2026-03-18T07:48:21.300+0000] {dag.py:3823} INFO - Setting next_dagrun for tutorial_taskflow_api_virtualenv to None, run_after=None
[2026-03-18T07:48:21.306+0000] {processor.py:183} INFO - Processing /home/airflow/.local/lib/python3.8/site-packages/airflow/example_dags/tutorial_taskflow_api_virtualenv.py took 0.026 seconds
[2026-03-18T07:48:51.560+0000] {processor.py:161} INFO - Started process (PID=449) to work on /home/airflow/.local/lib/python3.8/site-packages/airflow/example_dags/tutorial_taskflow_api_virtualenv.py
[2026-03-18T07:48:51.561+0000] {processor.py:830} INFO - Processing file /home/airflow/.local/lib/python3.8/site-packages/airflow/example_dags/tutorial_taskflow_api_virtualenv.py for tasks to queue
[2026-03-18T07:48:51.563+0000] {logging_mixin.py:188} INFO - [2026-03-18T07:48:51.563+0000] {dagbag.py:538} INFO - Filling up the DagBag from /home/airflow/.local/lib/python3.8/site-packages/airflow/example_dags/tutorial_taskflow_api_virtualenv.py
[2026-03-18T07:48:51.567+0000] {processor.py:840} INFO - DAG(s) 'tutorial_taskflow_api_virtualenv' retrieved from /home/airflow/.local/lib/python3.8/site-packages/airflow/example_dags/tutorial_taskflow_api_virtualenv.py
[2026-03-18T07:48:51.578+0000] {logging_mixin.py:188} INFO - [2026-03-18T07:48:51.577+0000] {dag.py:3036} INFO - Sync 1 DAGs
[2026-03-18T07:48:51.583+0000] {logging_mixin.py:188} INFO - [2026-03-18T07:48:51.582+0000] {dag.py:3823} INFO - Setting next_dagrun for tutorial_taskflow_api_virtualenv to None, run_after=None
[2026-03-18T07:48:51.589+0000] {processor.py:183} INFO - Processing /home/airflow/.local/lib/python3.8/site-packages/airflow/example_dags/tutorial_taskflow_api_virtualenv.py took 0.030 seconds
[2026-03-18T07:49:21.810+0000] {processor.py:161} INFO - Started process (PID=504) to work on /home/airflow/.local/lib/python3.8/site-packages/airflow/example_dags/tutorial_taskflow_api_virtualenv.py
[2026-03-18T07:49:21.811+0000] {processor.py:830} INFO - Processing file /home/airflow/.local/lib/python3.8/site-packages/airflow/example_dags/tutorial_taskflow_api_virtualenv.py for tasks to queue
[2026-03-18T07:49:21.812+0000] {logging_mixin.py:188} INFO - [2026-03-18T07:49:21.811+0000] {dagbag.py:538} INFO - Filling up the DagBag from /home/airflow/.local/lib/python3.8/site-packages/airflow/example_dags/tutorial_taskflow_api_virtualenv.py
[2026-03-18T07:49:21.816+0000] {processor.py:840} INFO - DAG(s) 'tutorial_taskflow_api_virtualenv' retrieved from /home/airflow/.local/lib/python3.8/site-packages/airflow/example_dags/tutorial_taskflow_api_virtualenv.py
[2026-03-18T07:49:21.823+0000] {logging_mixin.py:188} INFO - [2026-03-18T07:49:21.823+0000] {dag.py:3036} INFO - Sync 1 DAGs
[2026-03-18T07:49:21.828+0000] {logging_mixin.py:188} INFO - [2026-03-18T07:49:21.828+0000] {dag.py:3823} INFO - Setting next_dagrun for tutorial_taskflow_api_virtualenv to None, run_after=None
[2026-03-18T07:49:21.835+0000] {processor.py:183} INFO - Processing /home/airflow/.local/lib/python3.8/site-packages/airflow/example_dags/tutorial_taskflow_api_virtualenv.py took 0.027 seconds
[2026-03-18T07:49:52.098+0000] {processor.py:161} INFO - Started process (PID=565) to work on /home/airflow/.local/lib/python3.8/site-packages/airflow/example_dags/tutorial_taskflow_api_virtualenv.py
[2026-03-18T07:49:52.099+0000] {processor.py:830} INFO - Processing file /home/airflow/.local/lib/python3.8/site-packages/airflow/example_dags/tutorial_taskflow_api_virtualenv.py for tasks to queue
[2026-03-18T07:49:52.100+0000] {logging_mixin.py:188} INFO - [2026-03-18T07:49:52.100+0000] {dagbag.py:538} INFO - Filling up the DagBag from /home/airflow/.local/lib/python3.8/site-packages/airflow/example_dags/tutorial_taskflow_api_virtualenv.py
[2026-03-18T07:49:52.105+0000] {processor.py:840} INFO - DAG(s) 'tutorial_taskflow_api_virtualenv' retrieved from /home/airflow/.local/lib/python3.8/site-packages/airflow/example_dags/tutorial_taskflow_api_virtualenv.py
[2026-03-18T07:49:52.115+0000] {logging_mixin.py:188} INFO - [2026-03-18T07:49:52.115+0000] {dag.py:3036} INFO - Sync 1 DAGs
[2026-03-18T07:49:52.120+0000] {logging_mixin.py:188} INFO - [2026-03-18T07:49:52.120+0000] {dag.py:3823} INFO - Setting next_dagrun for tutorial_taskflow_api_virtualenv to None, run_after=None
[2026-03-18T07:49:52.127+0000] {processor.py:183} INFO - Processing /home/airflow/.local/lib/python3.8/site-packages/airflow/example_dags/tutorial_taskflow_api_virtualenv.py took 0.030 seconds
[2026-03-18T07:50:22.477+0000] {processor.py:161} INFO - Started process (PID=621) to work on /home/airflow/.local/lib/python3.8/site-packages/airflow/example_dags/tutorial_taskflow_api_virtualenv.py
[2026-03-18T07:50:22.478+0000] {processor.py:830} INFO - Processing file /home/airflow/.local/lib/python3.8/site-packages/airflow/example_dags/tutorial_taskflow_api_virtualenv.py for tasks to queue
[2026-03-18T07:50:22.479+0000] {logging_mixin.py:188} INFO - [2026-03-18T07:50:22.478+0000] {dagbag.py:538} INFO - Filling up the DagBag from /home/airflow/.local/lib/python3.8/site-packages/airflow/example_dags/tutorial_taskflow_api_virtualenv.py
[2026-03-18T07:50:22.484+0000] {processor.py:840} INFO - DAG(s) 'tutorial_taskflow_api_virtualenv' retrieved from /home/airflow/.local/lib/python3.8/site-packages/airflow/example_dags/tutorial_taskflow_api_virtualenv.py
[2026-03-18T07:50:22.497+0000] {logging_mixin.py:188} INFO - [2026-03-18T07:50:22.496+0000] {dag.py:3036} INFO - Sync 1 DAGs
[2026-03-18T07:50:22.502+0000] {logging_mixin.py:188} INFO - [2026-03-18T07:50:22.502+0000] {dag.py:3823} INFO - Setting next_dagrun for tutorial_taskflow_api_virtualenv to None, run_after=None
[2026-03-18T07:50:22.513+0000] {processor.py:183} INFO - Processing /home/airflow/.local/lib/python3.8/site-packages/airflow/example_dags/tutorial_taskflow_api_virtualenv.py took 0.037 seconds
[2026-03-18T07:50:52.961+0000] {processor.py:161} INFO - Started process (PID=677) to work on /home/airflow/.local/lib/python3.8/site-packages/airflow/example_dags/tutorial_taskflow_api_virtualenv.py
[2026-03-18T07:50:52.962+0000] {processor.py:830} INFO - Processing file /home/airflow/.local/lib/python3.8/site-packages/airflow/example_dags/tutorial_taskflow_api_virtualenv.py for tasks to queue
[2026-03-18T07:50:52.963+0000] {logging_mixin.py:188} INFO - [2026-03-18T07:50:52.963+0000] {dagbag.py:538} INFO - Filling up the DagBag from /home/airflow/.local/lib/python3.8/site-packages/airflow/example_dags/tutorial_taskflow_api_virtualenv.py
[2026-03-18T07:50:52.968+0000] {processor.py:840} INFO - DAG(s) 'tutorial_taskflow_api_virtualenv' retrieved from /home/airflow/.local/lib/python3.8/site-packages/airflow/example_dags/tutorial_taskflow_api_virtualenv.py
[2026-03-18T07:50:52.977+0000] {logging_mixin.py:188} INFO - [2026-03-18T07:50:52.977+0000] {dag.py:3036} INFO - Sync 1 DAGs
[2026-03-18T07:50:52.982+0000] {logging_mixin.py:188} INFO - [2026-03-18T07:50:52.982+0000] {dag.py:3823} INFO - Setting next_dagrun for tutorial_taskflow_api_virtualenv to None, run_after=None
[2026-03-18T07:50:52.996+0000] {processor.py:183} INFO - Processing /home/airflow/.local/lib/python3.8/site-packages/airflow/example_dags/tutorial_taskflow_api_virtualenv.py took 0.037 seconds
[2026-03-18T07:51:23.477+0000] {processor.py:161} INFO - Started process (PID=733) to work on /home/airflow/.local/lib/python3.8/site-packages/airflow/example_dags/tutorial_taskflow_api_virtualenv.py
[2026-03-18T07:51:23.479+0000] {processor.py:830} INFO - Processing file /home/airflow/.local/lib/python3.8/site-packages/airflow/example_dags/tutorial_taskflow_api_virtualenv.py for tasks to queue
[2026-03-18T07:51:23.480+0000] {logging_mixin.py:188} INFO - [2026-03-18T07:51:23.479+0000] {dagbag.py:538} INFO - Filling up the DagBag from /home/airflow/.local/lib/python3.8/site-packages/airflow/example_dags/tutorial_taskflow_api_virtualenv.py
[2026-03-18T07:51:23.484+0000] {processor.py:840} INFO - DAG(s) 'tutorial_taskflow_api_virtualenv' retrieved from /home/airflow/.local/lib/python3.8/site-packages/airflow/example_dags/tutorial_taskflow_api_virtualenv.py
[2026-03-18T07:51:23.493+0000] {logging_mixin.py:188} INFO - [2026-03-18T07:51:23.493+0000] {dag.py:3036} INFO - Sync 1 DAGs
[2026-03-18T07:51:23.502+0000] {logging_mixin.py:188} INFO - [2026-03-18T07:51:23.501+0000] {dag.py:3823} INFO - Setting next_dagrun for tutorial_taskflow_api_virtualenv to None, run_after=None
[2026-03-18T07:51:23.516+0000] {processor.py:183} INFO - Processing /home/airflow/.local/lib/python3.8/site-packages/airflow/example_dags/tutorial_taskflow_api_virtualenv.py took 0.040 seconds
[2026-03-18T07:51:53.994+0000] {processor.py:161} INFO - Started process (PID=789) to work on /home/airflow/.local/lib/python3.8/site-packages/airflow/example_dags/tutorial_taskflow_api_virtualenv.py
[2026-03-18T07:51:53.994+0000] {processor.py:830} INFO - Processing file /home/airflow/.local/lib/python3.8/site-packages/airflow/example_dags/tutorial_taskflow_api_virtualenv.py for tasks to queue
[2026-03-18T07:51:53.995+0000] {logging_mixin.py:188} INFO - [2026-03-18T07:51:53.995+0000] {dagbag.py:538} INFO - Filling up the DagBag from /home/airflow/.local/lib/python3.8/site-packages/airflow/example_dags/tutorial_taskflow_api_virtualenv.py
[2026-03-18T07:51:54.001+0000] {processor.py:840} INFO - DAG(s) 'tutorial_taskflow_api_virtualenv' retrieved from /home/airflow/.local/lib/python3.8/site-packages/airflow/example_dags/tutorial_taskflow_api_virtualenv.py
[2026-03-18T07:51:54.009+0000] {logging_mixin.py:188} INFO - [2026-03-18T07:51:54.009+0000] {dag.py:3036} INFO - Sync 1 DAGs
[2026-03-18T07:51:54.016+0000] {logging_mixin.py:188} INFO - [2026-03-18T07:51:54.015+0000] {dag.py:3823} INFO - Setting next_dagrun for tutorial_taskflow_api_virtualenv to None, run_after=None
[2026-03-18T07:51:54.029+0000] {processor.py:183} INFO - Processing /home/airflow/.local/lib/python3.8/site-packages/airflow/example_dags/tutorial_taskflow_api_virtualenv.py took 0.037 seconds
[2026-03-18T07:52:24.474+0000] {processor.py:161} INFO - Started process (PID=845) to work on /home/airflow/.local/lib/python3.8/site-packages/airflow/example_dags/tutorial_taskflow_api_virtualenv.py
[2026-03-18T07:52:24.475+0000] {processor.py:830} INFO - Processing file /home/airflow/.local/lib/python3.8/site-packages/airflow/example_dags/tutorial_taskflow_api_virtualenv.py for tasks to queue
[2026-03-18T07:52:24.477+0000] {logging_mixin.py:188} INFO - [2026-03-18T07:52:24.477+0000] {dagbag.py:538} INFO - Filling up the DagBag from /home/airflow/.local/lib/python3.8/site-packages/airflow/example_dags/tutorial_taskflow_api_virtualenv.py
[2026-03-18T07:52:24.484+0000] {processor.py:840} INFO - DAG(s) 'tutorial_taskflow_api_virtualenv' retrieved from /home/airflow/.local/lib/python3.8/site-packages/airflow/example_dags/tutorial_taskflow_api_virtualenv.py
[2026-03-18T07:52:24.498+0000] {logging_mixin.py:188} INFO - [2026-03-18T07:52:24.498+0000] {dag.py:3036} INFO - Sync 1 DAGs
[2026-03-18T07:52:24.505+0000] {logging_mixin.py:188} INFO - [2026-03-18T07:52:24.505+0000] {dag.py:3823} INFO - Setting next_dagrun for tutorial_taskflow_api_virtualenv to None, run_after=None
[2026-03-18T07:52:24.515+0000] {processor.py:183} INFO - Processing /home/airflow/.local/lib/python3.8/site-packages/airflow/example_dags/tutorial_taskflow_api_virtualenv.py took 0.043 seconds
[2026-03-18T07:52:54.972+0000] {processor.py:161} INFO - Started process (PID=901) to work on /home/airflow/.local/lib/python3.8/site-packages/airflow/example_dags/tutorial_taskflow_api_virtualenv.py
[2026-03-18T07:52:54.973+0000] {processor.py:830} INFO - Processing file /home/airflow/.local/lib/python3.8/site-packages/airflow/example_dags/tutorial_taskflow_api_virtualenv.py for tasks to queue
[2026-03-18T07:52:54.975+0000] {logging_mixin.py:188} INFO - [2026-03-18T07:52:54.975+0000] {dagbag.py:538} INFO - Filling up the DagBag from /home/airflow/.local/lib/python3.8/site-packages/airflow/example_dags/tutorial_taskflow_api_virtualenv.py
[2026-03-18T07:52:54.983+0000] {processor.py:840} INFO - DAG(s) 'tutorial_taskflow_api_virtualenv' retrieved from /home/airflow/.local/lib/python3.8/site-packages/airflow/example_dags/tutorial_taskflow_api_virtualenv.py
[2026-03-18T07:52:54.995+0000] {logging_mixin.py:188} INFO - [2026-03-18T07:52:54.995+0000] {dag.py:3036} INFO - Sync 1 DAGs
[2026-03-18T07:52:55.001+0000] {logging_mixin.py:188} INFO - [2026-03-18T07:52:55.001+0000] {dag.py:3823} INFO - Setting next_dagrun for tutorial_taskflow_api_virtualenv to None, run_after=None
[2026-03-18T07:52:55.017+0000] {processor.py:183} INFO - Processing /home/airflow/.local/lib/python3.8/site-packages/airflow/example_dags/tutorial_taskflow_api_virtualenv.py took 0.047 seconds
[2026-03-18T07:53:25.449+0000] {processor.py:161} INFO - Started process (PID=957) to work on /home/airflow/.local/lib/python3.8/site-packages/airflow/example_dags/tutorial_taskflow_api_virtualenv.py
[2026-03-18T07:53:25.450+0000] {processor.py:830} INFO - Processing file /home/airflow/.local/lib/python3.8/site-packages/airflow/example_dags/tutorial_taskflow_api_virtualenv.py for tasks to queue
[2026-03-18T07:53:25.451+0000] {logging_mixin.py:188} INFO - [2026-03-18T07:53:25.451+0000] {dagbag.py:538} INFO - Filling up the DagBag from /home/airflow/.local/lib/python3.8/site-packages/airflow/example_dags/tutorial_taskflow_api_virtualenv.py
[2026-03-18T07:53:25.456+0000] {processor.py:840} INFO - DAG(s) 'tutorial_taskflow_api_virtualenv' retrieved from /home/airflow/.local/lib/python3.8/site-packages/airflow/example_dags/tutorial_taskflow_api_virtualenv.py
[2026-03-18T07:53:25.467+0000] {logging_mixin.py:188} INFO - [2026-03-18T07:53:25.467+0000] {dag.py:3036} INFO - Sync 1 DAGs
[2026-03-18T07:53:25.473+0000] {logging_mixin.py:188} INFO - [2026-03-18T07:53:25.473+0000] {dag.py:3823} INFO - Setting next_dagrun for tutorial_taskflow_api_virtualenv to None, run_after=None
[2026-03-18T07:53:25.489+0000] {processor.py:183} INFO - Processing /home/airflow/.local/lib/python3.8/site-packages/airflow/example_dags/tutorial_taskflow_api_virtualenv.py took 0.041 seconds
[2026-03-18T07:53:55.926+0000] {processor.py:161} INFO - Started process (PID=1013) to work on /home/airflow/.local/lib/python3.8/site-packages/airflow/example_dags/tutorial_taskflow_api_virtualenv.py
[2026-03-18T07:53:55.928+0000] {processor.py:830} INFO - Processing file /home/airflow/.local/lib/python3.8/site-packages/airflow/example_dags/tutorial_taskflow_api_virtualenv.py for tasks to queue
[2026-03-18T07:53:55.929+0000] {logging_mixin.py:188} INFO - [2026-03-18T07:53:55.929+0000] {dagbag.py:538} INFO - Filling up the DagBag from /home/airflow/.local/lib/python3.8/site-packages/airflow/example_dags/tutorial_taskflow_api_virtualenv.py
[2026-03-18T07:53:55.934+0000] {processor.py:840} INFO - DAG(s) 'tutorial_taskflow_api_virtualenv' retrieved from /home/airflow/.local/lib/python3.8/site-packages/airflow/example_dags/tutorial_taskflow_api_virtualenv.py
[2026-03-18T07:53:55.952+0000] {logging_mixin.py:188} INFO - [2026-03-18T07:53:55.952+0000] {dag.py:3036} INFO - Sync 1 DAGs
[2026-03-18T07:53:55.957+0000] {logging_mixin.py:188} INFO - [2026-03-18T07:53:55.957+0000] {dag.py:3823} INFO - Setting next_dagrun for tutorial_taskflow_api_virtualenv to None, run_after=None
[2026-03-18T07:53:55.968+0000] {processor.py:183} INFO - Processing /home/airflow/.local/lib/python3.8/site-packages/airflow/example_dags/tutorial_taskflow_api_virtualenv.py took 0.045 seconds
[2026-03-18T07:54:26.358+0000] {processor.py:161} INFO - Started process (PID=1069) to work on /home/airflow/.local/lib/python3.8/site-packages/airflow/example_dags/tutorial_taskflow_api_virtualenv.py
[2026-03-18T07:54:26.358+0000] {processor.py:830} INFO - Processing file /home/airflow/.local/lib/python3.8/site-packages/airflow/example_dags/tutorial_taskflow_api_virtualenv.py for tasks to queue
[2026-03-18T07:54:26.359+0000] {logging_mixin.py:188} INFO - [2026-03-18T07:54:26.359+0000] {dagbag.py:538} INFO - Filling up the DagBag from /home/airflow/.local/lib/python3.8/site-packages/airflow/example_dags/tutorial_taskflow_api_virtualenv.py
[2026-03-18T07:54:26.365+0000] {processor.py:840} INFO - DAG(s) 'tutorial_taskflow_api_virtualenv' retrieved from /home/airflow/.local/lib/python3.8/site-packages/airflow/example_dags/tutorial_taskflow_api_virtualenv.py
[2026-03-18T07:54:26.377+0000] {logging_mixin.py:188} INFO - [2026-03-18T07:54:26.377+0000] {dag.py:3036} INFO - Sync 1 DAGs
[2026-03-18T07:54:26.383+0000] {logging_mixin.py:188} INFO - [2026-03-18T07:54:26.383+0000] {dag.py:3823} INFO - Setting next_dagrun for tutorial_taskflow_api_virtualenv to None, run_after=None
[2026-03-18T07:54:26.396+0000] {processor.py:183} INFO - Processing /home/airflow/.local/lib/python3.8/site-packages/airflow/example_dags/tutorial_taskflow_api_virtualenv.py took 0.040 seconds
[2026-03-18T07:54:56.859+0000] {processor.py:161} INFO - Started process (PID=1125) to work on /home/airflow/.local/lib/python3.8/site-packages/airflow/example_dags/tutorial_taskflow_api_virtualenv.py
[2026-03-18T07:54:56.860+0000] {processor.py:830} INFO - Processing file /home/airflow/.local/lib/python3.8/site-packages/airflow/example_dags/tutorial_taskflow_api_virtualenv.py for tasks to queue
[2026-03-18T07:54:56.861+0000] {logging_mixin.py:188} INFO - [2026-03-18T07:54:56.861+0000] {dagbag.py:538} INFO - Filling up the DagBag from /home/airflow/.local/lib/python3.8/site-packages/airflow/example_dags/tutorial_taskflow_api_virtualenv.py
[2026-03-18T07:54:56.866+0000] {processor.py:840} INFO - DAG(s) 'tutorial_taskflow_api_virtualenv' retrieved from /home/airflow/.local/lib/python3.8/site-packages/airflow/example_dags/tutorial_taskflow_api_virtualenv.py
[2026-03-18T07:54:56.878+0000] {logging_mixin.py:188} INFO - [2026-03-18T07:54:56.878+0000] {dag.py:3036} INFO - Sync 1 DAGs
[2026-03-18T07:54:56.884+0000] {logging_mixin.py:188} INFO - [2026-03-18T07:54:56.883+0000] {dag.py:3823} INFO - Setting next_dagrun for tutorial_taskflow_api_virtualenv to None, run_after=None
[2026-03-18T07:54:56.895+0000] {processor.py:183} INFO - Processing /home/airflow/.local/lib/python3.8/site-packages/airflow/example_dags/tutorial_taskflow_api_virtualenv.py took 0.037 seconds
[2026-03-18T07:55:27.313+0000] {processor.py:161} INFO - Started process (PID=1181) to work on /home/airflow/.local/lib/python3.8/site-packages/airflow/example_dags/tutorial_taskflow_api_virtualenv.py
[2026-03-18T07:55:27.315+0000] {processor.py:830} INFO - Processing file /home/airflow/.local/lib/python3.8/site-packages/airflow/example_dags/tutorial_taskflow_api_virtualenv.py for tasks to queue
[2026-03-18T07:55:27.315+0000] {logging_mixin.py:188} INFO - [2026-03-18T07:55:27.315+0000] {dagbag.py:538} INFO - Filling up the DagBag from /home/airflow/.local/lib/python3.8/site-packages/airflow/example_dags/tutorial_taskflow_api_virtualenv.py
[2026-03-18T07:55:27.321+0000] {processor.py:840} INFO - DAG(s) 'tutorial_taskflow_api_virtualenv' retrieved from /home/airflow/.local/lib/python3.8/site-packages/airflow/example_dags/tutorial_taskflow_api_virtualenv.py
[2026-03-18T07:55:27.331+0000] {logging_mixin.py:188} INFO - [2026-03-18T07:55:27.331+0000] {dag.py:3036} INFO - Sync 1 DAGs
[2026-03-18T07:55:27.335+0000] {logging_mixin.py:188} INFO - [2026-03-18T07:55:27.335+0000] {dag.py:3823} INFO - Setting next_dagrun for tutorial_taskflow_api_virtualenv to None, run_after=None
[2026-03-18T07:55:27.346+0000] {processor.py:183} INFO - Processing /home/airflow/.local/lib/python3.8/site-packages/airflow/example_dags/tutorial_taskflow_api_virtualenv.py took 0.034 seconds
[2026-03-18T07:55:57.747+0000] {processor.py:161} INFO - Started process (PID=1237) to work on /home/airflow/.local/lib/python3.8/site-packages/airflow/example_dags/tutorial_taskflow_api_virtualenv.py
[2026-03-18T07:55:57.747+0000] {processor.py:830} INFO - Processing file /home/airflow/.local/lib/python3.8/site-packages/airflow/example_dags/tutorial_taskflow_api_virtualenv.py for tasks to queue
[2026-03-18T07:55:57.749+0000] {logging_mixin.py:188} INFO - [2026-03-18T07:55:57.749+0000] {dagbag.py:538} INFO - Filling up the DagBag from /home/airflow/.local/lib/python3.8/site-packages/airflow/example_dags/tutorial_taskflow_api_virtualenv.py
[2026-03-18T07:55:57.756+0000] {processor.py:840} INFO - DAG(s) 'tutorial_taskflow_api_virtualenv' retrieved from /home/airflow/.local/lib/python3.8/site-packages/airflow/example_dags/tutorial_taskflow_api_virtualenv.py
[2026-03-18T07:55:57.766+0000] {logging_mixin.py:188} INFO - [2026-03-18T07:55:57.766+0000] {dag.py:3036} INFO - Sync 1 DAGs
[2026-03-18T07:55:57.770+0000] {logging_mixin.py:188} INFO - [2026-03-18T07:55:57.770+0000] {dag.py:3823} INFO - Setting next_dagrun for tutorial_taskflow_api_virtualenv to None, run_after=None
[2026-03-18T07:55:57.777+0000] {processor.py:183} INFO - Processing /home/airflow/.local/lib/python3.8/site-packages/airflow/example_dags/tutorial_taskflow_api_virtualenv.py took 0.032 seconds
[2026-03-18T07:56:28.159+0000] {processor.py:161} INFO - Started process (PID=1293) to work on /home/airflow/.local/lib/python3.8/site-packages/airflow/example_dags/tutorial_taskflow_api_virtualenv.py
[2026-03-18T07:56:28.159+0000] {processor.py:830} INFO - Processing file /home/airflow/.local/lib/python3.8/site-packages/airflow/example_dags/tutorial_taskflow_api_virtualenv.py for tasks to queue
[2026-03-18T07:56:28.160+0000] {logging_mixin.py:188} INFO - [2026-03-18T07:56:28.160+0000] {dagbag.py:538} INFO - Filling up the DagBag from /home/airflow/.local/lib/python3.8/site-packages/airflow/example_dags/tutorial_taskflow_api_virtualenv.py
[2026-03-18T07:56:28.165+0000] {processor.py:840} INFO - DAG(s) 'tutorial_taskflow_api_virtualenv' retrieved from /home/airflow/.local/lib/python3.8/site-packages/airflow/example_dags/tutorial_taskflow_api_virtualenv.py
[2026-03-18T07:56:28.174+0000] {logging_mixin.py:188} INFO - [2026-03-18T07:56:28.174+0000] {dag.py:3036} INFO - Sync 1 DAGs
[2026-03-18T07:56:28.181+0000] {logging_mixin.py:188} INFO - [2026-03-18T07:56:28.181+0000] {dag.py:3823} INFO - Setting next_dagrun for tutorial_taskflow_api_virtualenv to None, run_after=None
[2026-03-18T07:56:28.194+0000] {processor.py:183} INFO - Processing /home/airflow/.local/lib/python3.8/site-packages/airflow/example_dags/tutorial_taskflow_api_virtualenv.py took 0.037 seconds
[2026-03-18T07:56:58.621+0000] {processor.py:161} INFO - Started process (PID=1349) to work on /home/airflow/.local/lib/python3.8/site-packages/airflow/example_dags/tutorial_taskflow_api_virtualenv.py
[2026-03-18T07:56:58.623+0000] {processor.py:830} INFO - Processing file /home/airflow/.local/lib/python3.8/site-packages/airflow/example_dags/tutorial_taskflow_api_virtualenv.py for tasks to queue
[2026-03-18T07:56:58.624+0000] {logging_mixin.py:188} INFO - [2026-03-18T07:56:58.624+0000] {dagbag.py:538} INFO - Filling up the DagBag from /home/airflow/.local/lib/python3.8/site-packages/airflow/example_dags/tutorial_taskflow_api_virtualenv.py
[2026-03-18T07:56:58.629+0000] {processor.py:840} INFO - DAG(s) 'tutorial_taskflow_api_virtualenv' retrieved from /home/airflow/.local/lib/python3.8/site-packages/airflow/example_dags/tutorial_taskflow_api_virtualenv.py
[2026-03-18T07:56:58.641+0000] {logging_mixin.py:188} INFO - [2026-03-18T07:56:58.641+0000] {dag.py:3036} INFO - Sync 1 DAGs
[2026-03-18T07:56:58.646+0000] {logging_mixin.py:188} INFO - [2026-03-18T07:56:58.646+0000] {dag.py:3823} INFO - Setting next_dagrun for tutorial_taskflow_api_virtualenv to None, run_after=None
[2026-03-18T07:56:58.657+0000] {processor.py:183} INFO - Processing /home/airflow/.local/lib/python3.8/site-packages/airflow/example_dags/tutorial_taskflow_api_virtualenv.py took 0.037 seconds
[2026-03-18T07:57:29.113+0000] {processor.py:161} INFO - Started process (PID=1405) to work on /home/airflow/.local/lib/python3.8/site-packages/airflow/example_dags/tutorial_taskflow_api_virtualenv.py
[2026-03-18T07:57:29.114+0000] {processor.py:830} INFO - Processing file /home/airflow/.local/lib/python3.8/site-packages/airflow/example_dags/tutorial_taskflow_api_virtualenv.py for tasks to queue
[2026-03-18T07:57:29.115+0000] {logging_mixin.py:188} INFO - [2026-03-18T07:57:29.115+0000] {dagbag.py:538} INFO - Filling up the DagBag from /home/airflow/.local/lib/python3.8/site-packages/airflow/example_dags/tutorial_taskflow_api_virtualenv.py
[2026-03-18T07:57:29.120+0000] {processor.py:840} INFO - DAG(s) 'tutorial_taskflow_api_virtualenv' retrieved from /home/airflow/.local/lib/python3.8/site-packages/airflow/example_dags/tutorial_taskflow_api_virtualenv.py
[2026-03-18T07:57:29.131+0000] {logging_mixin.py:188} INFO - [2026-03-18T07:57:29.131+0000] {dag.py:3036} INFO - Sync 1 DAGs
[2026-03-18T07:57:29.135+0000] {logging_mixin.py:188} INFO - [2026-03-18T07:57:29.135+0000] {dag.py:3823} INFO - Setting next_dagrun for tutorial_taskflow_api_virtualenv to None, run_after=None
[2026-03-18T07:57:29.144+0000] {processor.py:183} INFO - Processing /home/airflow/.local/lib/python3.8/site-packages/airflow/example_dags/tutorial_taskflow_api_virtualenv.py took 0.032 seconds
[2026-03-18T07:57:59.663+0000] {processor.py:161} INFO - Started process (PID=1461) to work on /home/airflow/.local/lib/python3.8/site-packages/airflow/example_dags/tutorial_taskflow_api_virtualenv.py
[2026-03-18T07:57:59.664+0000] {processor.py:830} INFO - Processing file /home/airflow/.local/lib/python3.8/site-packages/airflow/example_dags/tutorial_taskflow_api_virtualenv.py for tasks to queue
[2026-03-18T07:57:59.664+0000] {logging_mixin.py:188} INFO - [2026-03-18T07:57:59.664+0000] {dagbag.py:538} INFO - Filling up the DagBag from /home/airflow/.local/lib/python3.8/site-packages/airflow/example_dags/tutorial_taskflow_api_virtualenv.py
[2026-03-18T07:57:59.672+0000] {processor.py:840} INFO - DAG(s) 'tutorial_taskflow_api_virtualenv' retrieved from /home/airflow/.local/lib/python3.8/site-packages/airflow/example_dags/tutorial_taskflow_api_virtualenv.py
[2026-03-18T07:57:59.684+0000] {logging_mixin.py:188} INFO - [2026-03-18T07:57:59.684+0000] {dag.py:3036} INFO - Sync 1 DAGs
[2026-03-18T07:57:59.688+0000] {logging_mixin.py:188} INFO - [2026-03-18T07:57:59.688+0000] {dag.py:3823} INFO - Setting next_dagrun for tutorial_taskflow_api_virtualenv to None, run_after=None
[2026-03-18T07:57:59.700+0000] {processor.py:183} INFO - Processing /home/airflow/.local/lib/python3.8/site-packages/airflow/example_dags/tutorial_taskflow_api_virtualenv.py took 0.039 seconds
[2026-03-18T07:58:30.083+0000] {processor.py:161} INFO - Started process (PID=1517) to work on /home/airflow/.local/lib/python3.8/site-packages/airflow/example_dags/tutorial_taskflow_api_virtualenv.py
[2026-03-18T07:58:30.084+0000] {processor.py:830} INFO - Processing file /home/airflow/.local/lib/python3.8/site-packages/airflow/example_dags/tutorial_taskflow_api_virtualenv.py for tasks to queue
[2026-03-18T07:58:30.085+0000] {logging_mixin.py:188} INFO - [2026-03-18T07:58:30.085+0000] {dagbag.py:538} INFO - Filling up the DagBag from /home/airflow/.local/lib/python3.8/site-packages/airflow/example_dags/tutorial_taskflow_api_virtualenv.py
[2026-03-18T07:58:30.090+0000] {processor.py:840} INFO - DAG(s) 'tutorial_taskflow_api_virtualenv' retrieved from /home/airflow/.local/lib/python3.8/site-packages/airflow/example_dags/tutorial_taskflow_api_virtualenv.py
[2026-03-18T07:58:30.100+0000] {logging_mixin.py:188} INFO - [2026-03-18T07:58:30.099+0000] {dag.py:3036} INFO - Sync 1 DAGs
[2026-03-18T07:58:30.104+0000] {logging_mixin.py:188} INFO - [2026-03-18T07:58:30.104+0000] {dag.py:3823} INFO - Setting next_dagrun for tutorial_taskflow_api_virtualenv to None, run_after=None
[2026-03-18T07:58:30.114+0000] {processor.py:183} INFO - Processing /home/airflow/.local/lib/python3.8/site-packages/airflow/example_dags/tutorial_taskflow_api_virtualenv.py took 0.032 seconds
[2026-03-18T07:59:00.611+0000] {processor.py:161} INFO - Started process (PID=1573) to work on /home/airflow/.local/lib/python3.8/site-packages/airflow/example_dags/tutorial_taskflow_api_virtualenv.py
[2026-03-18T07:59:00.612+0000] {processor.py:830} INFO - Processing file /home/airflow/.local/lib/python3.8/site-packages/airflow/example_dags/tutorial_taskflow_api_virtualenv.py for tasks to queue
[2026-03-18T07:59:00.614+0000] {logging_mixin.py:188} INFO - [2026-03-18T07:59:00.613+0000] {dagbag.py:538} INFO - Filling up the DagBag from /home/airflow/.local/lib/python3.8/site-packages/airflow/example_dags/tutorial_taskflow_api_virtualenv.py
[2026-03-18T07:59:00.618+0000] {processor.py:840} INFO - DAG(s) 'tutorial_taskflow_api_virtualenv' retrieved from /home/airflow/.local/lib/python3.8/site-packages/airflow/example_dags/tutorial_taskflow_api_virtualenv.py
[2026-03-18T07:59:00.627+0000] {logging_mixin.py:188} INFO - [2026-03-18T07:59:00.627+0000] {dag.py:3036} INFO - Sync 1 DAGs
[2026-03-18T07:59:00.635+0000] {logging_mixin.py:188} INFO - [2026-03-18T07:59:00.635+0000] {dag.py:3823} INFO - Setting next_dagrun for tutorial_taskflow_api_virtualenv to None, run_after=None
[2026-03-18T07:59:00.649+0000] {processor.py:183} INFO - Processing /home/airflow/.local/lib/python3.8/site-packages/airflow/example_dags/tutorial_taskflow_api_virtualenv.py took 0.039 seconds
[2026-03-18T07:59:31.151+0000] {processor.py:161} INFO - Started process (PID=1629) to work on /home/airflow/.local/lib/python3.8/site-packages/airflow/example_dags/tutorial_taskflow_api_virtualenv.py
[2026-03-18T07:59:31.152+0000] {processor.py:830} INFO - Processing file /home/airflow/.local/lib/python3.8/site-packages/airflow/example_dags/tutorial_taskflow_api_virtualenv.py for tasks to queue
[2026-03-18T07:59:31.153+0000] {logging_mixin.py:188} INFO - [2026-03-18T07:59:31.153+0000] {dagbag.py:538} INFO - Filling up the DagBag from /home/airflow/.local/lib/python3.8/site-packages/airflow/example_dags/tutorial_taskflow_api_virtualenv.py
[2026-03-18T07:59:31.159+0000] {processor.py:840} INFO - DAG(s) 'tutorial_taskflow_api_virtualenv' retrieved from /home/airflow/.local/lib/python3.8/site-packages/airflow/example_dags/tutorial_taskflow_api_virtualenv.py
[2026-03-18T07:59:31.169+0000] {logging_mixin.py:188} INFO - [2026-03-18T07:59:31.169+0000] {dag.py:3036} INFO - Sync 1 DAGs
[2026-03-18T07:59:31.175+0000] {logging_mixin.py:188} INFO - [2026-03-18T07:59:31.174+0000] {dag.py:3823} INFO - Setting next_dagrun for tutorial_taskflow_api_virtualenv to None, run_after=None
[2026-03-18T07:59:31.185+0000] {processor.py:183} INFO - Processing /home/airflow/.local/lib/python3.8/site-packages/airflow/example_dags/tutorial_taskflow_api_virtualenv.py took 0.035 seconds
[2026-03-18T08:00:01.691+0000] {processor.py:161} INFO - Started process (PID=65) to work on /home/airflow/.local/lib/python3.8/site-packages/airflow/example_dags/tutorial_taskflow_api_virtualenv.py
[2026-03-18T08:00:01.692+0000] {processor.py:830} INFO - Processing file /home/airflow/.local/lib/python3.8/site-packages/airflow/example_dags/tutorial_taskflow_api_virtualenv.py for tasks to queue
[2026-03-18T08:00:01.693+0000] {logging_mixin.py:188} INFO - [2026-03-18T08:00:01.693+0000] {dagbag.py:538} INFO - Filling up the DagBag from /home/airflow/.local/lib/python3.8/site-packages/airflow/example_dags/tutorial_taskflow_api_virtualenv.py
[2026-03-18T08:00:01.698+0000] {processor.py:840} INFO - DAG(s) 'tutorial_taskflow_api_virtualenv' retrieved from /home/airflow/.local/lib/python3.8/site-packages/airflow/example_dags/tutorial_taskflow_api_virtualenv.py
[2026-03-18T08:00:01.711+0000] {logging_mixin.py:188} INFO - [2026-03-18T08:00:01.711+0000] {dag.py:3036} INFO - Sync 1 DAGs
[2026-03-18T08:00:01.721+0000] {logging_mixin.py:188} INFO - [2026-03-18T08:00:01.721+0000] {dag.py:3823} INFO - Setting next_dagrun for tutorial_taskflow_api_virtualenv to None, run_after=None
[2026-03-18T08:00:01.735+0000] {processor.py:183} INFO - Processing /home/airflow/.local/lib/python3.8/site-packages/airflow/example_dags/tutorial_taskflow_api_virtualenv.py took 0.046 seconds
[2026-03-18T08:00:32.189+0000] {processor.py:161} INFO - Started process (PID=120) to work on /home/airflow/.local/lib/python3.8/site-packages/airflow/example_dags/tutorial_taskflow_api_virtualenv.py
[2026-03-18T08:00:32.190+0000] {processor.py:830} INFO - Processing file /home/airflow/.local/lib/python3.8/site-packages/airflow/example_dags/tutorial_taskflow_api_virtualenv.py for tasks to queue
[2026-03-18T08:00:32.192+0000] {logging_mixin.py:188} INFO - [2026-03-18T08:00:32.192+0000] {dagbag.py:538} INFO - Filling up the DagBag from /home/airflow/.local/lib/python3.8/site-packages/airflow/example_dags/tutorial_taskflow_api_virtualenv.py
[2026-03-18T08:00:32.197+0000] {processor.py:840} INFO - DAG(s) 'tutorial_taskflow_api_virtualenv' retrieved from /home/airflow/.local/lib/python3.8/site-packages/airflow/example_dags/tutorial_taskflow_api_virtualenv.py
[2026-03-18T08:00:32.243+0000] {logging_mixin.py:188} INFO - [2026-03-18T08:00:32.243+0000] {dag.py:3036} INFO - Sync 1 DAGs
[2026-03-18T08:00:32.249+0000] {logging_mixin.py:188} INFO - [2026-03-18T08:00:32.249+0000] {dag.py:3823} INFO - Setting next_dagrun for tutorial_taskflow_api_virtualenv to None, run_after=None
[2026-03-18T08:00:32.262+0000] {processor.py:183} INFO - Processing /home/airflow/.local/lib/python3.8/site-packages/airflow/example_dags/tutorial_taskflow_api_virtualenv.py took 0.076 seconds
[2026-03-18T08:01:03.110+0000] {processor.py:161} INFO - Started process (PID=176) to work on /home/airflow/.local/lib/python3.8/site-packages/airflow/example_dags/tutorial_taskflow_api_virtualenv.py
[2026-03-18T08:01:03.113+0000] {processor.py:830} INFO - Processing file /home/airflow/.local/lib/python3.8/site-packages/airflow/example_dags/tutorial_taskflow_api_virtualenv.py for tasks to queue
[2026-03-18T08:01:03.114+0000] {logging_mixin.py:188} INFO - [2026-03-18T08:01:03.114+0000] {dagbag.py:538} INFO - Filling up the DagBag from /home/airflow/.local/lib/python3.8/site-packages/airflow/example_dags/tutorial_taskflow_api_virtualenv.py
[2026-03-18T08:01:03.121+0000] {processor.py:840} INFO - DAG(s) 'tutorial_taskflow_api_virtualenv' retrieved from /home/airflow/.local/lib/python3.8/site-packages/airflow/example_dags/tutorial_taskflow_api_virtualenv.py
[2026-03-18T08:01:03.134+0000] {logging_mixin.py:188} INFO - [2026-03-18T08:01:03.134+0000] {dag.py:3036} INFO - Sync 1 DAGs
[2026-03-18T08:01:03.139+0000] {logging_mixin.py:188} INFO - [2026-03-18T08:01:03.139+0000] {dag.py:3823} INFO - Setting next_dagrun for tutorial_taskflow_api_virtualenv to None, run_after=None
[2026-03-18T08:01:03.152+0000] {processor.py:183} INFO - Processing /home/airflow/.local/lib/python3.8/site-packages/airflow/example_dags/tutorial_taskflow_api_virtualenv.py took 0.043 seconds
[2026-03-18T08:01:33.647+0000] {processor.py:161} INFO - Started process (PID=232) to work on /home/airflow/.local/lib/python3.8/site-packages/airflow/example_dags/tutorial_taskflow_api_virtualenv.py
[2026-03-18T08:01:33.649+0000] {processor.py:830} INFO - Processing file /home/airflow/.local/lib/python3.8/site-packages/airflow/example_dags/tutorial_taskflow_api_virtualenv.py for tasks to queue
[2026-03-18T08:01:33.650+0000] {logging_mixin.py:188} INFO - [2026-03-18T08:01:33.650+0000] {dagbag.py:538} INFO - Filling up the DagBag from /home/airflow/.local/lib/python3.8/site-packages/airflow/example_dags/tutorial_taskflow_api_virtualenv.py
[2026-03-18T08:01:33.658+0000] {processor.py:840} INFO - DAG(s) 'tutorial_taskflow_api_virtualenv' retrieved from /home/airflow/.local/lib/python3.8/site-packages/airflow/example_dags/tutorial_taskflow_api_virtualenv.py
[2026-03-18T08:01:33.668+0000] {logging_mixin.py:188} INFO - [2026-03-18T08:01:33.668+0000] {dag.py:3036} INFO - Sync 1 DAGs
[2026-03-18T08:01:33.674+0000] {logging_mixin.py:188} INFO - [2026-03-18T08:01:33.674+0000] {dag.py:3823} INFO - Setting next_dagrun for tutorial_taskflow_api_virtualenv to None, run_after=None
[2026-03-18T08:01:33.687+0000] {processor.py:183} INFO - Processing /home/airflow/.local/lib/python3.8/site-packages/airflow/example_dags/tutorial_taskflow_api_virtualenv.py took 0.041 seconds
[2026-03-18T08:02:04.205+0000] {processor.py:161} INFO - Started process (PID=287) to work on /home/airflow/.local/lib/python3.8/site-packages/airflow/example_dags/tutorial_taskflow_api_virtualenv.py
[2026-03-18T08:02:04.206+0000] {processor.py:830} INFO - Processing file /home/airflow/.local/lib/python3.8/site-packages/airflow/example_dags/tutorial_taskflow_api_virtualenv.py for tasks to queue
[2026-03-18T08:02:04.207+0000] {logging_mixin.py:188} INFO - [2026-03-18T08:02:04.206+0000] {dagbag.py:538} INFO - Filling up the DagBag from /home/airflow/.local/lib/python3.8/site-packages/airflow/example_dags/tutorial_taskflow_api_virtualenv.py
[2026-03-18T08:02:04.213+0000] {processor.py:840} INFO - DAG(s) 'tutorial_taskflow_api_virtualenv' retrieved from /home/airflow/.local/lib/python3.8/site-packages/airflow/example_dags/tutorial_taskflow_api_virtualenv.py
[2026-03-18T08:02:04.222+0000] {logging_mixin.py:188} INFO - [2026-03-18T08:02:04.222+0000] {dag.py:3036} INFO - Sync 1 DAGs
[2026-03-18T08:02:04.227+0000] {logging_mixin.py:188} INFO - [2026-03-18T08:02:04.227+0000] {dag.py:3823} INFO - Setting next_dagrun for tutorial_taskflow_api_virtualenv to None, run_after=None
[2026-03-18T08:02:04.237+0000] {processor.py:183} INFO - Processing /home/airflow/.local/lib/python3.8/site-packages/airflow/example_dags/tutorial_taskflow_api_virtualenv.py took 0.034 seconds
[2026-03-18T08:02:34.811+0000] {processor.py:161} INFO - Started process (PID=343) to work on /home/airflow/.local/lib/python3.8/site-packages/airflow/example_dags/tutorial_taskflow_api_virtualenv.py
[2026-03-18T08:02:34.812+0000] {processor.py:830} INFO - Processing file /home/airflow/.local/lib/python3.8/site-packages/airflow/example_dags/tutorial_taskflow_api_virtualenv.py for tasks to queue
[2026-03-18T08:02:34.813+0000] {logging_mixin.py:188} INFO - [2026-03-18T08:02:34.813+0000] {dagbag.py:538} INFO - Filling up the DagBag from /home/airflow/.local/lib/python3.8/site-packages/airflow/example_dags/tutorial_taskflow_api_virtualenv.py
[2026-03-18T08:02:34.817+0000] {processor.py:840} INFO - DAG(s) 'tutorial_taskflow_api_virtualenv' retrieved from /home/airflow/.local/lib/python3.8/site-packages/airflow/example_dags/tutorial_taskflow_api_virtualenv.py
[2026-03-18T08:02:34.830+0000] {logging_mixin.py:188} INFO - [2026-03-18T08:02:34.830+0000] {dag.py:3036} INFO - Sync 1 DAGs
[2026-03-18T08:02:34.836+0000] {logging_mixin.py:188} INFO - [2026-03-18T08:02:34.836+0000] {dag.py:3823} INFO - Setting next_dagrun for tutorial_taskflow_api_virtualenv to None, run_after=None
[2026-03-18T08:02:34.849+0000] {processor.py:183} INFO - Processing /home/airflow/.local/lib/python3.8/site-packages/airflow/example_dags/tutorial_taskflow_api_virtualenv.py took 0.039 seconds
[2026-03-18T08:03:05.390+0000] {processor.py:161} INFO - Started process (PID=399) to work on /home/airflow/.local/lib/python3.8/site-packages/airflow/example_dags/tutorial_taskflow_api_virtualenv.py
[2026-03-18T08:03:05.390+0000] {processor.py:830} INFO - Processing file /home/airflow/.local/lib/python3.8/site-packages/airflow/example_dags/tutorial_taskflow_api_virtualenv.py for tasks to queue
[2026-03-18T08:03:05.391+0000] {logging_mixin.py:188} INFO - [2026-03-18T08:03:05.391+0000] {dagbag.py:538} INFO - Filling up the DagBag from /home/airflow/.local/lib/python3.8/site-packages/airflow/example_dags/tutorial_taskflow_api_virtualenv.py
[2026-03-18T08:03:05.398+0000] {processor.py:840} INFO - DAG(s) 'tutorial_taskflow_api_virtualenv' retrieved from /home/airflow/.local/lib/python3.8/site-packages/airflow/example_dags/tutorial_taskflow_api_virtualenv.py
[2026-03-18T08:03:05.413+0000] {logging_mixin.py:188} INFO - [2026-03-18T08:03:05.413+0000] {dag.py:3036} INFO - Sync 1 DAGs
[2026-03-18T08:03:05.420+0000] {logging_mixin.py:188} INFO - [2026-03-18T08:03:05.420+0000] {dag.py:3823} INFO - Setting next_dagrun for tutorial_taskflow_api_virtualenv to None, run_after=None
[2026-03-18T08:03:05.433+0000] {processor.py:183} INFO - Processing /home/airflow/.local/lib/python3.8/site-packages/airflow/example_dags/tutorial_taskflow_api_virtualenv.py took 0.045 seconds
[2026-03-18T08:03:36.026+0000] {processor.py:161} INFO - Started process (PID=461) to work on /home/airflow/.local/lib/python3.8/site-packages/airflow/example_dags/tutorial_taskflow_api_virtualenv.py
[2026-03-18T08:03:36.027+0000] {processor.py:830} INFO - Processing file /home/airflow/.local/lib/python3.8/site-packages/airflow/example_dags/tutorial_taskflow_api_virtualenv.py for tasks to queue
[2026-03-18T08:03:36.028+0000] {logging_mixin.py:188} INFO - [2026-03-18T08:03:36.028+0000] {dagbag.py:538} INFO - Filling up the DagBag from /home/airflow/.local/lib/python3.8/site-packages/airflow/example_dags/tutorial_taskflow_api_virtualenv.py
[2026-03-18T08:03:36.034+0000] {processor.py:840} INFO - DAG(s) 'tutorial_taskflow_api_virtualenv' retrieved from /home/airflow/.local/lib/python3.8/site-packages/airflow/example_dags/tutorial_taskflow_api_virtualenv.py
[2026-03-18T08:03:36.042+0000] {logging_mixin.py:188} INFO - [2026-03-18T08:03:36.042+0000] {dag.py:3036} INFO - Sync 1 DAGs
[2026-03-18T08:03:36.048+0000] {logging_mixin.py:188} INFO - [2026-03-18T08:03:36.048+0000] {dag.py:3823} INFO - Setting next_dagrun for tutorial_taskflow_api_virtualenv to None, run_after=None
[2026-03-18T08:03:36.058+0000] {processor.py:183} INFO - Processing /home/airflow/.local/lib/python3.8/site-packages/airflow/example_dags/tutorial_taskflow_api_virtualenv.py took 0.033 seconds
[2026-03-18T08:04:06.539+0000] {processor.py:161} INFO - Started process (PID=517) to work on /home/airflow/.local/lib/python3.8/site-packages/airflow/example_dags/tutorial_taskflow_api_virtualenv.py
[2026-03-18T08:04:06.540+0000] {processor.py:830} INFO - Processing file /home/airflow/.local/lib/python3.8/site-packages/airflow/example_dags/tutorial_taskflow_api_virtualenv.py for tasks to queue
[2026-03-18T08:04:06.541+0000] {logging_mixin.py:188} INFO - [2026-03-18T08:04:06.540+0000] {dagbag.py:538} INFO - Filling up the DagBag from /home/airflow/.local/lib/python3.8/site-packages/airflow/example_dags/tutorial_taskflow_api_virtualenv.py
[2026-03-18T08:04:06.545+0000] {processor.py:840} INFO - DAG(s) 'tutorial_taskflow_api_virtualenv' retrieved from /home/airflow/.local/lib/python3.8/site-packages/airflow/example_dags/tutorial_taskflow_api_virtualenv.py
[2026-03-18T08:04:06.557+0000] {logging_mixin.py:188} INFO - [2026-03-18T08:04:06.557+0000] {dag.py:3036} INFO - Sync 1 DAGs
[2026-03-18T08:04:06.563+0000] {logging_mixin.py:188} INFO - [2026-03-18T08:04:06.563+0000] {dag.py:3823} INFO - Setting next_dagrun for tutorial_taskflow_api_virtualenv to None, run_after=None
[2026-03-18T08:04:06.576+0000] {processor.py:183} INFO - Processing /home/airflow/.local/lib/python3.8/site-packages/airflow/example_dags/tutorial_taskflow_api_virtualenv.py took 0.040 seconds
[2026-03-18T08:04:29.437+0000] {processor.py:161} INFO - Started process (PID=65) to work on /home/airflow/.local/lib/python3.8/site-packages/airflow/example_dags/tutorial_taskflow_api_virtualenv.py
[2026-03-18T08:04:29.438+0000] {processor.py:830} INFO - Processing file /home/airflow/.local/lib/python3.8/site-packages/airflow/example_dags/tutorial_taskflow_api_virtualenv.py for tasks to queue
[2026-03-18T08:04:29.439+0000] {logging_mixin.py:188} INFO - [2026-03-18T08:04:29.438+0000] {dagbag.py:538} INFO - Filling up the DagBag from /home/airflow/.local/lib/python3.8/site-packages/airflow/example_dags/tutorial_taskflow_api_virtualenv.py
[2026-03-18T08:04:29.444+0000] {processor.py:840} INFO - DAG(s) 'tutorial_taskflow_api_virtualenv' retrieved from /home/airflow/.local/lib/python3.8/site-packages/airflow/example_dags/tutorial_taskflow_api_virtualenv.py
[2026-03-18T08:04:29.450+0000] {logging_mixin.py:188} INFO - [2026-03-18T08:04:29.450+0000] {dag.py:3036} INFO - Sync 1 DAGs
[2026-03-18T08:04:29.457+0000] {logging_mixin.py:188} INFO - [2026-03-18T08:04:29.457+0000] {dag.py:3823} INFO - Setting next_dagrun for tutorial_taskflow_api_virtualenv to None, run_after=None
[2026-03-18T08:04:29.465+0000] {processor.py:183} INFO - Processing /home/airflow/.local/lib/python3.8/site-packages/airflow/example_dags/tutorial_taskflow_api_virtualenv.py took 0.030 seconds
[2026-03-18T08:04:59.894+0000] {processor.py:161} INFO - Started process (PID=121) to work on /home/airflow/.local/lib/python3.8/site-packages/airflow/example_dags/tutorial_taskflow_api_virtualenv.py
[2026-03-18T08:04:59.896+0000] {processor.py:830} INFO - Processing file /home/airflow/.local/lib/python3.8/site-packages/airflow/example_dags/tutorial_taskflow_api_virtualenv.py for tasks to queue
[2026-03-18T08:04:59.897+0000] {logging_mixin.py:188} INFO - [2026-03-18T08:04:59.897+0000] {dagbag.py:538} INFO - Filling up the DagBag from /home/airflow/.local/lib/python3.8/site-packages/airflow/example_dags/tutorial_taskflow_api_virtualenv.py
[2026-03-18T08:04:59.902+0000] {processor.py:840} INFO - DAG(s) 'tutorial_taskflow_api_virtualenv' retrieved from /home/airflow/.local/lib/python3.8/site-packages/airflow/example_dags/tutorial_taskflow_api_virtualenv.py
[2026-03-18T08:04:59.947+0000] {logging_mixin.py:188} INFO - [2026-03-18T08:04:59.947+0000] {dag.py:3036} INFO - Sync 1 DAGs
[2026-03-18T08:04:59.951+0000] {logging_mixin.py:188} INFO - [2026-03-18T08:04:59.951+0000] {dag.py:3823} INFO - Setting next_dagrun for tutorial_taskflow_api_virtualenv to None, run_after=None
[2026-03-18T08:04:59.960+0000] {processor.py:183} INFO - Processing /home/airflow/.local/lib/python3.8/site-packages/airflow/example_dags/tutorial_taskflow_api_virtualenv.py took 0.068 seconds
[2026-03-18T08:05:30.907+0000] {processor.py:161} INFO - Started process (PID=176) to work on /home/airflow/.local/lib/python3.8/site-packages/airflow/example_dags/tutorial_taskflow_api_virtualenv.py
[2026-03-18T08:05:30.908+0000] {processor.py:830} INFO - Processing file /home/airflow/.local/lib/python3.8/site-packages/airflow/example_dags/tutorial_taskflow_api_virtualenv.py for tasks to queue
[2026-03-18T08:05:30.909+0000] {logging_mixin.py:188} INFO - [2026-03-18T08:05:30.909+0000] {dagbag.py:538} INFO - Filling up the DagBag from /home/airflow/.local/lib/python3.8/site-packages/airflow/example_dags/tutorial_taskflow_api_virtualenv.py
[2026-03-18T08:05:30.914+0000] {processor.py:840} INFO - DAG(s) 'tutorial_taskflow_api_virtualenv' retrieved from /home/airflow/.local/lib/python3.8/site-packages/airflow/example_dags/tutorial_taskflow_api_virtualenv.py
[2026-03-18T08:05:30.932+0000] {logging_mixin.py:188} INFO - [2026-03-18T08:05:30.932+0000] {dag.py:3036} INFO - Sync 1 DAGs
[2026-03-18T08:05:30.940+0000] {logging_mixin.py:188} INFO - [2026-03-18T08:05:30.940+0000] {dag.py:3823} INFO - Setting next_dagrun for tutorial_taskflow_api_virtualenv to None, run_after=None
[2026-03-18T08:05:30.954+0000] {processor.py:183} INFO - Processing /home/airflow/.local/lib/python3.8/site-packages/airflow/example_dags/tutorial_taskflow_api_virtualenv.py took 0.050 seconds
[2026-03-18T08:06:14.492+0000] {processor.py:161} INFO - Started process (PID=111) to work on /home/airflow/.local/lib/python3.8/site-packages/airflow/example_dags/tutorial_taskflow_api_virtualenv.py
[2026-03-18T08:06:14.493+0000] {processor.py:830} INFO - Processing file /home/airflow/.local/lib/python3.8/site-packages/airflow/example_dags/tutorial_taskflow_api_virtualenv.py for tasks to queue
[2026-03-18T08:06:14.494+0000] {logging_mixin.py:188} INFO - [2026-03-18T08:06:14.494+0000] {dagbag.py:538} INFO - Filling up the DagBag from /home/airflow/.local/lib/python3.8/site-packages/airflow/example_dags/tutorial_taskflow_api_virtualenv.py
[2026-03-18T08:06:14.499+0000] {processor.py:840} INFO - DAG(s) 'tutorial_taskflow_api_virtualenv' retrieved from /home/airflow/.local/lib/python3.8/site-packages/airflow/example_dags/tutorial_taskflow_api_virtualenv.py
[2026-03-18T08:06:14.555+0000] {logging_mixin.py:188} INFO - [2026-03-18T08:06:14.555+0000] {dag.py:3036} INFO - Sync 1 DAGs
[2026-03-18T08:06:14.561+0000] {logging_mixin.py:188} INFO - [2026-03-18T08:06:14.561+0000] {dag.py:3823} INFO - Setting next_dagrun for tutorial_taskflow_api_virtualenv to None, run_after=None
[2026-03-18T08:06:14.577+0000] {processor.py:183} INFO - Processing /home/airflow/.local/lib/python3.8/site-packages/airflow/example_dags/tutorial_taskflow_api_virtualenv.py took 0.086 seconds
[2026-03-18T08:06:45.285+0000] {processor.py:161} INFO - Started process (PID=167) to work on /home/airflow/.local/lib/python3.8/site-packages/airflow/example_dags/tutorial_taskflow_api_virtualenv.py
[2026-03-18T08:06:45.286+0000] {processor.py:830} INFO - Processing file /home/airflow/.local/lib/python3.8/site-packages/airflow/example_dags/tutorial_taskflow_api_virtualenv.py for tasks to queue
[2026-03-18T08:06:45.287+0000] {logging_mixin.py:188} INFO - [2026-03-18T08:06:45.287+0000] {dagbag.py:538} INFO - Filling up the DagBag from /home/airflow/.local/lib/python3.8/site-packages/airflow/example_dags/tutorial_taskflow_api_virtualenv.py
[2026-03-18T08:06:45.293+0000] {processor.py:840} INFO - DAG(s) 'tutorial_taskflow_api_virtualenv' retrieved from /home/airflow/.local/lib/python3.8/site-packages/airflow/example_dags/tutorial_taskflow_api_virtualenv.py
[2026-03-18T08:06:45.305+0000] {logging_mixin.py:188} INFO - [2026-03-18T08:06:45.305+0000] {dag.py:3036} INFO - Sync 1 DAGs
[2026-03-18T08:06:45.310+0000] {logging_mixin.py:188} INFO - [2026-03-18T08:06:45.310+0000] {dag.py:3823} INFO - Setting next_dagrun for tutorial_taskflow_api_virtualenv to None, run_after=None
[2026-03-18T08:06:45.320+0000] {processor.py:183} INFO - Processing /home/airflow/.local/lib/python3.8/site-packages/airflow/example_dags/tutorial_taskflow_api_virtualenv.py took 0.038 seconds
[2026-03-18T08:07:15.988+0000] {processor.py:161} INFO - Started process (PID=229) to work on /home/airflow/.local/lib/python3.8/site-packages/airflow/example_dags/tutorial_taskflow_api_virtualenv.py
[2026-03-18T08:07:15.988+0000] {processor.py:830} INFO - Processing file /home/airflow/.local/lib/python3.8/site-packages/airflow/example_dags/tutorial_taskflow_api_virtualenv.py for tasks to queue
[2026-03-18T08:07:15.990+0000] {logging_mixin.py:188} INFO - [2026-03-18T08:07:15.990+0000] {dagbag.py:538} INFO - Filling up the DagBag from /home/airflow/.local/lib/python3.8/site-packages/airflow/example_dags/tutorial_taskflow_api_virtualenv.py
[2026-03-18T08:07:15.995+0000] {processor.py:840} INFO - DAG(s) 'tutorial_taskflow_api_virtualenv' retrieved from /home/airflow/.local/lib/python3.8/site-packages/airflow/example_dags/tutorial_taskflow_api_virtualenv.py
[2026-03-18T08:07:16.003+0000] {logging_mixin.py:188} INFO - [2026-03-18T08:07:16.003+0000] {dag.py:3036} INFO - Sync 1 DAGs
[2026-03-18T08:07:16.008+0000] {logging_mixin.py:188} INFO - [2026-03-18T08:07:16.008+0000] {dag.py:3823} INFO - Setting next_dagrun for tutorial_taskflow_api_virtualenv to None, run_after=None
[2026-03-18T08:07:16.016+0000] {processor.py:183} INFO - Processing /home/airflow/.local/lib/python3.8/site-packages/airflow/example_dags/tutorial_taskflow_api_virtualenv.py took 0.030 seconds
[2026-03-18T08:07:46.524+0000] {processor.py:161} INFO - Started process (PID=285) to work on /home/airflow/.local/lib/python3.8/site-packages/airflow/example_dags/tutorial_taskflow_api_virtualenv.py
[2026-03-18T08:07:46.524+0000] {processor.py:830} INFO - Processing file /home/airflow/.local/lib/python3.8/site-packages/airflow/example_dags/tutorial_taskflow_api_virtualenv.py for tasks to queue
[2026-03-18T08:07:46.525+0000] {logging_mixin.py:188} INFO - [2026-03-18T08:07:46.525+0000] {dagbag.py:538} INFO - Filling up the DagBag from /home/airflow/.local/lib/python3.8/site-packages/airflow/example_dags/tutorial_taskflow_api_virtualenv.py
[2026-03-18T08:07:46.532+0000] {processor.py:840} INFO - DAG(s) 'tutorial_taskflow_api_virtualenv' retrieved from /home/airflow/.local/lib/python3.8/site-packages/airflow/example_dags/tutorial_taskflow_api_virtualenv.py
[2026-03-18T08:07:46.546+0000] {logging_mixin.py:188} INFO - [2026-03-18T08:07:46.546+0000] {dag.py:3036} INFO - Sync 1 DAGs
[2026-03-18T08:07:46.551+0000] {logging_mixin.py:188} INFO - [2026-03-18T08:07:46.551+0000] {dag.py:3823} INFO - Setting next_dagrun for tutorial_taskflow_api_virtualenv to None, run_after=None
[2026-03-18T08:07:46.561+0000] {processor.py:183} INFO - Processing /home/airflow/.local/lib/python3.8/site-packages/airflow/example_dags/tutorial_taskflow_api_virtualenv.py took 0.039 seconds
[2026-03-18T08:08:16.993+0000] {processor.py:161} INFO - Started process (PID=341) to work on /home/airflow/.local/lib/python3.8/site-packages/airflow/example_dags/tutorial_taskflow_api_virtualenv.py
[2026-03-18T08:08:16.994+0000] {processor.py:830} INFO - Processing file /home/airflow/.local/lib/python3.8/site-packages/airflow/example_dags/tutorial_taskflow_api_virtualenv.py for tasks to queue
[2026-03-18T08:08:16.995+0000] {logging_mixin.py:188} INFO - [2026-03-18T08:08:16.995+0000] {dagbag.py:538} INFO - Filling up the DagBag from /home/airflow/.local/lib/python3.8/site-packages/airflow/example_dags/tutorial_taskflow_api_virtualenv.py
[2026-03-18T08:08:17.003+0000] {processor.py:840} INFO - DAG(s) 'tutorial_taskflow_api_virtualenv' retrieved from /home/airflow/.local/lib/python3.8/site-packages/airflow/example_dags/tutorial_taskflow_api_virtualenv.py
[2026-03-18T08:08:17.016+0000] {logging_mixin.py:188} INFO - [2026-03-18T08:08:17.016+0000] {dag.py:3036} INFO - Sync 1 DAGs
[2026-03-18T08:08:17.023+0000] {logging_mixin.py:188} INFO - [2026-03-18T08:08:17.022+0000] {dag.py:3823} INFO - Setting next_dagrun for tutorial_taskflow_api_virtualenv to None, run_after=None
[2026-03-18T08:08:17.031+0000] {processor.py:183} INFO - Processing /home/airflow/.local/lib/python3.8/site-packages/airflow/example_dags/tutorial_taskflow_api_virtualenv.py took 0.039 seconds
[2026-03-18T08:08:47.558+0000] {processor.py:161} INFO - Started process (PID=397) to work on /home/airflow/.local/lib/python3.8/site-packages/airflow/example_dags/tutorial_taskflow_api_virtualenv.py
[2026-03-18T08:08:47.560+0000] {processor.py:830} INFO - Processing file /home/airflow/.local/lib/python3.8/site-packages/airflow/example_dags/tutorial_taskflow_api_virtualenv.py for tasks to queue
[2026-03-18T08:08:47.561+0000] {logging_mixin.py:188} INFO - [2026-03-18T08:08:47.560+0000] {dagbag.py:538} INFO - Filling up the DagBag from /home/airflow/.local/lib/python3.8/site-packages/airflow/example_dags/tutorial_taskflow_api_virtualenv.py
[2026-03-18T08:08:47.565+0000] {processor.py:840} INFO - DAG(s) 'tutorial_taskflow_api_virtualenv' retrieved from /home/airflow/.local/lib/python3.8/site-packages/airflow/example_dags/tutorial_taskflow_api_virtualenv.py
[2026-03-18T08:08:47.572+0000] {logging_mixin.py:188} INFO - [2026-03-18T08:08:47.572+0000] {dag.py:3036} INFO - Sync 1 DAGs
[2026-03-18T08:08:47.577+0000] {logging_mixin.py:188} INFO - [2026-03-18T08:08:47.577+0000] {dag.py:3823} INFO - Setting next_dagrun for tutorial_taskflow_api_virtualenv to None, run_after=None
[2026-03-18T08:08:47.585+0000] {processor.py:183} INFO - Processing /home/airflow/.local/lib/python3.8/site-packages/airflow/example_dags/tutorial_taskflow_api_virtualenv.py took 0.027 seconds
[2026-03-18T08:09:18.065+0000] {processor.py:161} INFO - Started process (PID=453) to work on /home/airflow/.local/lib/python3.8/site-packages/airflow/example_dags/tutorial_taskflow_api_virtualenv.py
[2026-03-18T08:09:18.066+0000] {processor.py:830} INFO - Processing file /home/airflow/.local/lib/python3.8/site-packages/airflow/example_dags/tutorial_taskflow_api_virtualenv.py for tasks to queue
[2026-03-18T08:09:18.068+0000] {logging_mixin.py:188} INFO - [2026-03-18T08:09:18.068+0000] {dagbag.py:538} INFO - Filling up the DagBag from /home/airflow/.local/lib/python3.8/site-packages/airflow/example_dags/tutorial_taskflow_api_virtualenv.py
[2026-03-18T08:09:18.074+0000] {processor.py:840} INFO - DAG(s) 'tutorial_taskflow_api_virtualenv' retrieved from /home/airflow/.local/lib/python3.8/site-packages/airflow/example_dags/tutorial_taskflow_api_virtualenv.py
[2026-03-18T08:09:18.086+0000] {logging_mixin.py:188} INFO - [2026-03-18T08:09:18.086+0000] {dag.py:3036} INFO - Sync 1 DAGs
[2026-03-18T08:09:18.091+0000] {logging_mixin.py:188} INFO - [2026-03-18T08:09:18.091+0000] {dag.py:3823} INFO - Setting next_dagrun for tutorial_taskflow_api_virtualenv to None, run_after=None
[2026-03-18T08:09:18.107+0000] {processor.py:183} INFO - Processing /home/airflow/.local/lib/python3.8/site-packages/airflow/example_dags/tutorial_taskflow_api_virtualenv.py took 0.043 seconds
[2026-03-18T08:09:48.601+0000] {processor.py:161} INFO - Started process (PID=509) to work on /home/airflow/.local/lib/python3.8/site-packages/airflow/example_dags/tutorial_taskflow_api_virtualenv.py
[2026-03-18T08:09:48.602+0000] {processor.py:830} INFO - Processing file /home/airflow/.local/lib/python3.8/site-packages/airflow/example_dags/tutorial_taskflow_api_virtualenv.py for tasks to queue
[2026-03-18T08:09:48.603+0000] {logging_mixin.py:188} INFO - [2026-03-18T08:09:48.603+0000] {dagbag.py:538} INFO - Filling up the DagBag from /home/airflow/.local/lib/python3.8/site-packages/airflow/example_dags/tutorial_taskflow_api_virtualenv.py
[2026-03-18T08:09:48.608+0000] {processor.py:840} INFO - DAG(s) 'tutorial_taskflow_api_virtualenv' retrieved from /home/airflow/.local/lib/python3.8/site-packages/airflow/example_dags/tutorial_taskflow_api_virtualenv.py
[2026-03-18T08:09:48.619+0000] {logging_mixin.py:188} INFO - [2026-03-18T08:09:48.619+0000] {dag.py:3036} INFO - Sync 1 DAGs
[2026-03-18T08:09:48.624+0000] {logging_mixin.py:188} INFO - [2026-03-18T08:09:48.624+0000] {dag.py:3823} INFO - Setting next_dagrun for tutorial_taskflow_api_virtualenv to None, run_after=None
[2026-03-18T08:09:48.632+0000] {processor.py:183} INFO - Processing /home/airflow/.local/lib/python3.8/site-packages/airflow/example_dags/tutorial_taskflow_api_virtualenv.py took 0.033 seconds
[2026-03-18T08:10:19.136+0000] {processor.py:161} INFO - Started process (PID=565) to work on /home/airflow/.local/lib/python3.8/site-packages/airflow/example_dags/tutorial_taskflow_api_virtualenv.py
[2026-03-18T08:10:19.138+0000] {processor.py:830} INFO - Processing file /home/airflow/.local/lib/python3.8/site-packages/airflow/example_dags/tutorial_taskflow_api_virtualenv.py for tasks to queue
[2026-03-18T08:10:19.140+0000] {logging_mixin.py:188} INFO - [2026-03-18T08:10:19.140+0000] {dagbag.py:538} INFO - Filling up the DagBag from /home/airflow/.local/lib/python3.8/site-packages/airflow/example_dags/tutorial_taskflow_api_virtualenv.py
[2026-03-18T08:10:19.148+0000] {processor.py:840} INFO - DAG(s) 'tutorial_taskflow_api_virtualenv' retrieved from /home/airflow/.local/lib/python3.8/site-packages/airflow/example_dags/tutorial_taskflow_api_virtualenv.py
[2026-03-18T08:10:19.160+0000] {logging_mixin.py:188} INFO - [2026-03-18T08:10:19.160+0000] {dag.py:3036} INFO - Sync 1 DAGs
[2026-03-18T08:10:19.165+0000] {logging_mixin.py:188} INFO - [2026-03-18T08:10:19.165+0000] {dag.py:3823} INFO - Setting next_dagrun for tutorial_taskflow_api_virtualenv to None, run_after=None
[2026-03-18T08:10:19.178+0000] {processor.py:183} INFO - Processing /home/airflow/.local/lib/python3.8/site-packages/airflow/example_dags/tutorial_taskflow_api_virtualenv.py took 0.044 seconds
[2026-03-18T08:10:49.683+0000] {processor.py:161} INFO - Started process (PID=621) to work on /home/airflow/.local/lib/python3.8/site-packages/airflow/example_dags/tutorial_taskflow_api_virtualenv.py
[2026-03-18T08:10:49.684+0000] {processor.py:830} INFO - Processing file /home/airflow/.local/lib/python3.8/site-packages/airflow/example_dags/tutorial_taskflow_api_virtualenv.py for tasks to queue
[2026-03-18T08:10:49.685+0000] {logging_mixin.py:188} INFO - [2026-03-18T08:10:49.685+0000] {dagbag.py:538} INFO - Filling up the DagBag from /home/airflow/.local/lib/python3.8/site-packages/airflow/example_dags/tutorial_taskflow_api_virtualenv.py
[2026-03-18T08:10:49.691+0000] {processor.py:840} INFO - DAG(s) 'tutorial_taskflow_api_virtualenv' retrieved from /home/airflow/.local/lib/python3.8/site-packages/airflow/example_dags/tutorial_taskflow_api_virtualenv.py
[2026-03-18T08:10:49.704+0000] {logging_mixin.py:188} INFO - [2026-03-18T08:10:49.704+0000] {dag.py:3036} INFO - Sync 1 DAGs
[2026-03-18T08:10:49.710+0000] {logging_mixin.py:188} INFO - [2026-03-18T08:10:49.710+0000] {dag.py:3823} INFO - Setting next_dagrun for tutorial_taskflow_api_virtualenv to None, run_after=None
[2026-03-18T08:10:49.722+0000] {processor.py:183} INFO - Processing /home/airflow/.local/lib/python3.8/site-packages/airflow/example_dags/tutorial_taskflow_api_virtualenv.py took 0.041 seconds
[2026-03-18T08:11:20.154+0000] {processor.py:161} INFO - Started process (PID=677) to work on /home/airflow/.local/lib/python3.8/site-packages/airflow/example_dags/tutorial_taskflow_api_virtualenv.py
[2026-03-18T08:11:20.154+0000] {processor.py:830} INFO - Processing file /home/airflow/.local/lib/python3.8/site-packages/airflow/example_dags/tutorial_taskflow_api_virtualenv.py for tasks to queue
[2026-03-18T08:11:20.155+0000] {logging_mixin.py:188} INFO - [2026-03-18T08:11:20.155+0000] {dagbag.py:538} INFO - Filling up the DagBag from /home/airflow/.local/lib/python3.8/site-packages/airflow/example_dags/tutorial_taskflow_api_virtualenv.py
[2026-03-18T08:11:20.160+0000] {processor.py:840} INFO - DAG(s) 'tutorial_taskflow_api_virtualenv' retrieved from /home/airflow/.local/lib/python3.8/site-packages/airflow/example_dags/tutorial_taskflow_api_virtualenv.py
[2026-03-18T08:11:20.171+0000] {logging_mixin.py:188} INFO - [2026-03-18T08:11:20.171+0000] {dag.py:3036} INFO - Sync 1 DAGs
[2026-03-18T08:11:20.177+0000] {logging_mixin.py:188} INFO - [2026-03-18T08:11:20.177+0000] {dag.py:3823} INFO - Setting next_dagrun for tutorial_taskflow_api_virtualenv to None, run_after=None
[2026-03-18T08:11:20.188+0000] {processor.py:183} INFO - Processing /home/airflow/.local/lib/python3.8/site-packages/airflow/example_dags/tutorial_taskflow_api_virtualenv.py took 0.036 seconds
[2026-03-18T08:11:50.694+0000] {processor.py:161} INFO - Started process (PID=733) to work on /home/airflow/.local/lib/python3.8/site-packages/airflow/example_dags/tutorial_taskflow_api_virtualenv.py
[2026-03-18T08:11:50.696+0000] {processor.py:830} INFO - Processing file /home/airflow/.local/lib/python3.8/site-packages/airflow/example_dags/tutorial_taskflow_api_virtualenv.py for tasks to queue
[2026-03-18T08:11:50.697+0000] {logging_mixin.py:188} INFO - [2026-03-18T08:11:50.697+0000] {dagbag.py:538} INFO - Filling up the DagBag from /home/airflow/.local/lib/python3.8/site-packages/airflow/example_dags/tutorial_taskflow_api_virtualenv.py
[2026-03-18T08:11:50.702+0000] {processor.py:840} INFO - DAG(s) 'tutorial_taskflow_api_virtualenv' retrieved from /home/airflow/.local/lib/python3.8/site-packages/airflow/example_dags/tutorial_taskflow_api_virtualenv.py
[2026-03-18T08:11:50.715+0000] {logging_mixin.py:188} INFO - [2026-03-18T08:11:50.715+0000] {dag.py:3036} INFO - Sync 1 DAGs
[2026-03-18T08:11:50.721+0000] {logging_mixin.py:188} INFO - [2026-03-18T08:11:50.721+0000] {dag.py:3823} INFO - Setting next_dagrun for tutorial_taskflow_api_virtualenv to None, run_after=None
[2026-03-18T08:11:50.734+0000] {processor.py:183} INFO - Processing /home/airflow/.local/lib/python3.8/site-packages/airflow/example_dags/tutorial_taskflow_api_virtualenv.py took 0.041 seconds
[2026-03-18T08:12:21.241+0000] {processor.py:161} INFO - Started process (PID=789) to work on /home/airflow/.local/lib/python3.8/site-packages/airflow/example_dags/tutorial_taskflow_api_virtualenv.py
[2026-03-18T08:12:21.242+0000] {processor.py:830} INFO - Processing file /home/airflow/.local/lib/python3.8/site-packages/airflow/example_dags/tutorial_taskflow_api_virtualenv.py for tasks to queue
[2026-03-18T08:12:21.244+0000] {logging_mixin.py:188} INFO - [2026-03-18T08:12:21.244+0000] {dagbag.py:538} INFO - Filling up the DagBag from /home/airflow/.local/lib/python3.8/site-packages/airflow/example_dags/tutorial_taskflow_api_virtualenv.py
[2026-03-18T08:12:21.252+0000] {processor.py:840} INFO - DAG(s) 'tutorial_taskflow_api_virtualenv' retrieved from /home/airflow/.local/lib/python3.8/site-packages/airflow/example_dags/tutorial_taskflow_api_virtualenv.py
[2026-03-18T08:12:21.265+0000] {logging_mixin.py:188} INFO - [2026-03-18T08:12:21.265+0000] {dag.py:3036} INFO - Sync 1 DAGs
[2026-03-18T08:12:21.271+0000] {logging_mixin.py:188} INFO - [2026-03-18T08:12:21.271+0000] {dag.py:3823} INFO - Setting next_dagrun for tutorial_taskflow_api_virtualenv to None, run_after=None
[2026-03-18T08:12:21.285+0000] {processor.py:183} INFO - Processing /home/airflow/.local/lib/python3.8/site-packages/airflow/example_dags/tutorial_taskflow_api_virtualenv.py took 0.046 seconds
[2026-03-18T08:12:51.617+0000] {processor.py:161} INFO - Started process (PID=845) to work on /home/airflow/.local/lib/python3.8/site-packages/airflow/example_dags/tutorial_taskflow_api_virtualenv.py
[2026-03-18T08:12:51.618+0000] {processor.py:830} INFO - Processing file /home/airflow/.local/lib/python3.8/site-packages/airflow/example_dags/tutorial_taskflow_api_virtualenv.py for tasks to queue
[2026-03-18T08:12:51.619+0000] {logging_mixin.py:188} INFO - [2026-03-18T08:12:51.618+0000] {dagbag.py:538} INFO - Filling up the DagBag from /home/airflow/.local/lib/python3.8/site-packages/airflow/example_dags/tutorial_taskflow_api_virtualenv.py
[2026-03-18T08:12:51.623+0000] {processor.py:840} INFO - DAG(s) 'tutorial_taskflow_api_virtualenv' retrieved from /home/airflow/.local/lib/python3.8/site-packages/airflow/example_dags/tutorial_taskflow_api_virtualenv.py
[2026-03-18T08:12:51.636+0000] {logging_mixin.py:188} INFO - [2026-03-18T08:12:51.634+0000] {dag.py:3036} INFO - Sync 1 DAGs
[2026-03-18T08:12:51.641+0000] {logging_mixin.py:188} INFO - [2026-03-18T08:12:51.641+0000] {dag.py:3823} INFO - Setting next_dagrun for tutorial_taskflow_api_virtualenv to None, run_after=None
[2026-03-18T08:12:51.652+0000] {processor.py:183} INFO - Processing /home/airflow/.local/lib/python3.8/site-packages/airflow/example_dags/tutorial_taskflow_api_virtualenv.py took 0.037 seconds
