[2026-03-18T07:45:18.352+0000] {processor.py:161} INFO - Started process (PID=62) to work on /home/airflow/.local/lib/python3.8/site-packages/airflow/example_dags/tutorial.py
[2026-03-18T07:45:18.353+0000] {processor.py:830} INFO - Processing file /home/airflow/.local/lib/python3.8/site-packages/airflow/example_dags/tutorial.py for tasks to queue
[2026-03-18T07:45:18.354+0000] {logging_mixin.py:188} INFO - [2026-03-18T07:45:18.354+0000] {dagbag.py:538} INFO - Filling up the DagBag from /home/airflow/.local/lib/python3.8/site-packages/airflow/example_dags/tutorial.py
[2026-03-18T07:45:18.358+0000] {processor.py:840} INFO - DAG(s) 'tutorial' retrieved from /home/airflow/.local/lib/python3.8/site-packages/airflow/example_dags/tutorial.py
[2026-03-18T07:45:18.403+0000] {logging_mixin.py:188} INFO - [2026-03-18T07:45:18.403+0000] {override.py:1769} INFO - Created Permission View: can read on DAG:tutorial
[2026-03-18T07:45:18.407+0000] {logging_mixin.py:188} INFO - [2026-03-18T07:45:18.407+0000] {override.py:1769} INFO - Created Permission View: can delete on DAG:tutorial
[2026-03-18T07:45:18.409+0000] {logging_mixin.py:188} INFO - [2026-03-18T07:45:18.409+0000] {override.py:1769} INFO - Created Permission View: can edit on DAG:tutorial
[2026-03-18T07:45:18.409+0000] {logging_mixin.py:188} INFO - [2026-03-18T07:45:18.409+0000] {dag.py:3036} INFO - Sync 1 DAGs
[2026-03-18T07:45:18.415+0000] {logging_mixin.py:188} INFO - [2026-03-18T07:45:18.415+0000] {dag.py:3058} INFO - Creating ORM DAG for tutorial
[2026-03-18T07:45:18.421+0000] {logging_mixin.py:188} INFO - [2026-03-18T07:45:18.421+0000] {dag.py:3823} INFO - Setting next_dagrun for tutorial to 2026-03-17 00:00:00+00:00, run_after=2026-03-18 00:00:00+00:00
[2026-03-18T07:45:18.428+0000] {processor.py:183} INFO - Processing /home/airflow/.local/lib/python3.8/site-packages/airflow/example_dags/tutorial.py took 0.079 seconds
[2026-03-18T07:45:49.308+0000] {processor.py:161} INFO - Started process (PID=117) to work on /home/airflow/.local/lib/python3.8/site-packages/airflow/example_dags/tutorial.py
[2026-03-18T07:45:49.309+0000] {processor.py:830} INFO - Processing file /home/airflow/.local/lib/python3.8/site-packages/airflow/example_dags/tutorial.py for tasks to queue
[2026-03-18T07:45:49.309+0000] {logging_mixin.py:188} INFO - [2026-03-18T07:45:49.309+0000] {dagbag.py:538} INFO - Filling up the DagBag from /home/airflow/.local/lib/python3.8/site-packages/airflow/example_dags/tutorial.py
[2026-03-18T07:45:49.312+0000] {processor.py:840} INFO - DAG(s) 'tutorial' retrieved from /home/airflow/.local/lib/python3.8/site-packages/airflow/example_dags/tutorial.py
[2026-03-18T07:45:49.324+0000] {logging_mixin.py:188} INFO - [2026-03-18T07:45:49.323+0000] {dag.py:3036} INFO - Sync 1 DAGs
[2026-03-18T07:45:49.332+0000] {logging_mixin.py:188} INFO - [2026-03-18T07:45:49.332+0000] {dag.py:3823} INFO - Setting next_dagrun for tutorial to 2026-03-17 00:00:00+00:00, run_after=2026-03-18 00:00:00+00:00
[2026-03-18T07:45:49.338+0000] {processor.py:183} INFO - Processing /home/airflow/.local/lib/python3.8/site-packages/airflow/example_dags/tutorial.py took 0.031 seconds
[2026-03-18T07:46:19.686+0000] {processor.py:161} INFO - Started process (PID=172) to work on /home/airflow/.local/lib/python3.8/site-packages/airflow/example_dags/tutorial.py
[2026-03-18T07:46:19.686+0000] {processor.py:830} INFO - Processing file /home/airflow/.local/lib/python3.8/site-packages/airflow/example_dags/tutorial.py for tasks to queue
[2026-03-18T07:46:19.687+0000] {logging_mixin.py:188} INFO - [2026-03-18T07:46:19.687+0000] {dagbag.py:538} INFO - Filling up the DagBag from /home/airflow/.local/lib/python3.8/site-packages/airflow/example_dags/tutorial.py
[2026-03-18T07:46:19.690+0000] {processor.py:840} INFO - DAG(s) 'tutorial' retrieved from /home/airflow/.local/lib/python3.8/site-packages/airflow/example_dags/tutorial.py
[2026-03-18T07:46:19.699+0000] {logging_mixin.py:188} INFO - [2026-03-18T07:46:19.698+0000] {dag.py:3036} INFO - Sync 1 DAGs
[2026-03-18T07:46:19.706+0000] {logging_mixin.py:188} INFO - [2026-03-18T07:46:19.706+0000] {dag.py:3823} INFO - Setting next_dagrun for tutorial to 2026-03-17 00:00:00+00:00, run_after=2026-03-18 00:00:00+00:00
[2026-03-18T07:46:19.713+0000] {processor.py:183} INFO - Processing /home/airflow/.local/lib/python3.8/site-packages/airflow/example_dags/tutorial.py took 0.028 seconds
[2026-03-18T07:46:50.008+0000] {processor.py:161} INFO - Started process (PID=227) to work on /home/airflow/.local/lib/python3.8/site-packages/airflow/example_dags/tutorial.py
[2026-03-18T07:46:50.008+0000] {processor.py:830} INFO - Processing file /home/airflow/.local/lib/python3.8/site-packages/airflow/example_dags/tutorial.py for tasks to queue
[2026-03-18T07:46:50.009+0000] {logging_mixin.py:188} INFO - [2026-03-18T07:46:50.009+0000] {dagbag.py:538} INFO - Filling up the DagBag from /home/airflow/.local/lib/python3.8/site-packages/airflow/example_dags/tutorial.py
[2026-03-18T07:46:50.012+0000] {processor.py:840} INFO - DAG(s) 'tutorial' retrieved from /home/airflow/.local/lib/python3.8/site-packages/airflow/example_dags/tutorial.py
[2026-03-18T07:46:50.022+0000] {logging_mixin.py:188} INFO - [2026-03-18T07:46:50.022+0000] {dag.py:3036} INFO - Sync 1 DAGs
[2026-03-18T07:46:50.031+0000] {logging_mixin.py:188} INFO - [2026-03-18T07:46:50.031+0000] {dag.py:3823} INFO - Setting next_dagrun for tutorial to 2026-03-17 00:00:00+00:00, run_after=2026-03-18 00:00:00+00:00
[2026-03-18T07:46:50.039+0000] {processor.py:183} INFO - Processing /home/airflow/.local/lib/python3.8/site-packages/airflow/example_dags/tutorial.py took 0.033 seconds
[2026-03-18T07:47:20.372+0000] {processor.py:161} INFO - Started process (PID=282) to work on /home/airflow/.local/lib/python3.8/site-packages/airflow/example_dags/tutorial.py
[2026-03-18T07:47:20.372+0000] {processor.py:830} INFO - Processing file /home/airflow/.local/lib/python3.8/site-packages/airflow/example_dags/tutorial.py for tasks to queue
[2026-03-18T07:47:20.373+0000] {logging_mixin.py:188} INFO - [2026-03-18T07:47:20.373+0000] {dagbag.py:538} INFO - Filling up the DagBag from /home/airflow/.local/lib/python3.8/site-packages/airflow/example_dags/tutorial.py
[2026-03-18T07:47:20.376+0000] {processor.py:840} INFO - DAG(s) 'tutorial' retrieved from /home/airflow/.local/lib/python3.8/site-packages/airflow/example_dags/tutorial.py
[2026-03-18T07:47:20.388+0000] {logging_mixin.py:188} INFO - [2026-03-18T07:47:20.388+0000] {dag.py:3036} INFO - Sync 1 DAGs
[2026-03-18T07:47:20.398+0000] {logging_mixin.py:188} INFO - [2026-03-18T07:47:20.398+0000] {dag.py:3823} INFO - Setting next_dagrun for tutorial to 2026-03-17 00:00:00+00:00, run_after=2026-03-18 00:00:00+00:00
[2026-03-18T07:47:20.406+0000] {processor.py:183} INFO - Processing /home/airflow/.local/lib/python3.8/site-packages/airflow/example_dags/tutorial.py took 0.036 seconds
[2026-03-18T07:47:50.811+0000] {processor.py:161} INFO - Started process (PID=337) to work on /home/airflow/.local/lib/python3.8/site-packages/airflow/example_dags/tutorial.py
[2026-03-18T07:47:50.812+0000] {processor.py:830} INFO - Processing file /home/airflow/.local/lib/python3.8/site-packages/airflow/example_dags/tutorial.py for tasks to queue
[2026-03-18T07:47:50.813+0000] {logging_mixin.py:188} INFO - [2026-03-18T07:47:50.813+0000] {dagbag.py:538} INFO - Filling up the DagBag from /home/airflow/.local/lib/python3.8/site-packages/airflow/example_dags/tutorial.py
[2026-03-18T07:47:50.819+0000] {processor.py:840} INFO - DAG(s) 'tutorial' retrieved from /home/airflow/.local/lib/python3.8/site-packages/airflow/example_dags/tutorial.py
[2026-03-18T07:47:50.830+0000] {logging_mixin.py:188} INFO - [2026-03-18T07:47:50.830+0000] {dag.py:3036} INFO - Sync 1 DAGs
[2026-03-18T07:47:50.839+0000] {logging_mixin.py:188} INFO - [2026-03-18T07:47:50.839+0000] {dag.py:3823} INFO - Setting next_dagrun for tutorial to 2026-03-17 00:00:00+00:00, run_after=2026-03-18 00:00:00+00:00
[2026-03-18T07:47:50.846+0000] {processor.py:183} INFO - Processing /home/airflow/.local/lib/python3.8/site-packages/airflow/example_dags/tutorial.py took 0.036 seconds
[2026-03-18T07:48:21.205+0000] {processor.py:161} INFO - Started process (PID=392) to work on /home/airflow/.local/lib/python3.8/site-packages/airflow/example_dags/tutorial.py
[2026-03-18T07:48:21.206+0000] {processor.py:830} INFO - Processing file /home/airflow/.local/lib/python3.8/site-packages/airflow/example_dags/tutorial.py for tasks to queue
[2026-03-18T07:48:21.207+0000] {logging_mixin.py:188} INFO - [2026-03-18T07:48:21.206+0000] {dagbag.py:538} INFO - Filling up the DagBag from /home/airflow/.local/lib/python3.8/site-packages/airflow/example_dags/tutorial.py
[2026-03-18T07:48:21.209+0000] {processor.py:840} INFO - DAG(s) 'tutorial' retrieved from /home/airflow/.local/lib/python3.8/site-packages/airflow/example_dags/tutorial.py
[2026-03-18T07:48:21.218+0000] {logging_mixin.py:188} INFO - [2026-03-18T07:48:21.217+0000] {dag.py:3036} INFO - Sync 1 DAGs
[2026-03-18T07:48:21.225+0000] {logging_mixin.py:188} INFO - [2026-03-18T07:48:21.225+0000] {dag.py:3823} INFO - Setting next_dagrun for tutorial to 2026-03-17 00:00:00+00:00, run_after=2026-03-18 00:00:00+00:00
[2026-03-18T07:48:21.232+0000] {processor.py:183} INFO - Processing /home/airflow/.local/lib/python3.8/site-packages/airflow/example_dags/tutorial.py took 0.028 seconds
[2026-03-18T07:48:51.521+0000] {processor.py:161} INFO - Started process (PID=447) to work on /home/airflow/.local/lib/python3.8/site-packages/airflow/example_dags/tutorial.py
[2026-03-18T07:48:51.521+0000] {processor.py:830} INFO - Processing file /home/airflow/.local/lib/python3.8/site-packages/airflow/example_dags/tutorial.py for tasks to queue
[2026-03-18T07:48:51.522+0000] {logging_mixin.py:188} INFO - [2026-03-18T07:48:51.522+0000] {dagbag.py:538} INFO - Filling up the DagBag from /home/airflow/.local/lib/python3.8/site-packages/airflow/example_dags/tutorial.py
[2026-03-18T07:48:51.525+0000] {processor.py:840} INFO - DAG(s) 'tutorial' retrieved from /home/airflow/.local/lib/python3.8/site-packages/airflow/example_dags/tutorial.py
[2026-03-18T07:48:51.537+0000] {logging_mixin.py:188} INFO - [2026-03-18T07:48:51.537+0000] {dag.py:3036} INFO - Sync 1 DAGs
[2026-03-18T07:48:51.545+0000] {logging_mixin.py:188} INFO - [2026-03-18T07:48:51.545+0000] {dag.py:3823} INFO - Setting next_dagrun for tutorial to 2026-03-17 00:00:00+00:00, run_after=2026-03-18 00:00:00+00:00
[2026-03-18T07:48:51.551+0000] {processor.py:183} INFO - Processing /home/airflow/.local/lib/python3.8/site-packages/airflow/example_dags/tutorial.py took 0.032 seconds
[2026-03-18T07:49:21.772+0000] {processor.py:161} INFO - Started process (PID=502) to work on /home/airflow/.local/lib/python3.8/site-packages/airflow/example_dags/tutorial.py
[2026-03-18T07:49:21.773+0000] {processor.py:830} INFO - Processing file /home/airflow/.local/lib/python3.8/site-packages/airflow/example_dags/tutorial.py for tasks to queue
[2026-03-18T07:49:21.773+0000] {logging_mixin.py:188} INFO - [2026-03-18T07:49:21.773+0000] {dagbag.py:538} INFO - Filling up the DagBag from /home/airflow/.local/lib/python3.8/site-packages/airflow/example_dags/tutorial.py
[2026-03-18T07:49:21.776+0000] {processor.py:840} INFO - DAG(s) 'tutorial' retrieved from /home/airflow/.local/lib/python3.8/site-packages/airflow/example_dags/tutorial.py
[2026-03-18T07:49:21.784+0000] {logging_mixin.py:188} INFO - [2026-03-18T07:49:21.784+0000] {dag.py:3036} INFO - Sync 1 DAGs
[2026-03-18T07:49:21.792+0000] {logging_mixin.py:188} INFO - [2026-03-18T07:49:21.791+0000] {dag.py:3823} INFO - Setting next_dagrun for tutorial to 2026-03-17 00:00:00+00:00, run_after=2026-03-18 00:00:00+00:00
[2026-03-18T07:49:21.798+0000] {processor.py:183} INFO - Processing /home/airflow/.local/lib/python3.8/site-packages/airflow/example_dags/tutorial.py took 0.027 seconds
[2026-03-18T07:49:52.058+0000] {processor.py:161} INFO - Started process (PID=563) to work on /home/airflow/.local/lib/python3.8/site-packages/airflow/example_dags/tutorial.py
[2026-03-18T07:49:52.059+0000] {processor.py:830} INFO - Processing file /home/airflow/.local/lib/python3.8/site-packages/airflow/example_dags/tutorial.py for tasks to queue
[2026-03-18T07:49:52.060+0000] {logging_mixin.py:188} INFO - [2026-03-18T07:49:52.060+0000] {dagbag.py:538} INFO - Filling up the DagBag from /home/airflow/.local/lib/python3.8/site-packages/airflow/example_dags/tutorial.py
[2026-03-18T07:49:52.063+0000] {processor.py:840} INFO - DAG(s) 'tutorial' retrieved from /home/airflow/.local/lib/python3.8/site-packages/airflow/example_dags/tutorial.py
[2026-03-18T07:49:52.074+0000] {logging_mixin.py:188} INFO - [2026-03-18T07:49:52.074+0000] {dag.py:3036} INFO - Sync 1 DAGs
[2026-03-18T07:49:52.082+0000] {logging_mixin.py:188} INFO - [2026-03-18T07:49:52.082+0000] {dag.py:3823} INFO - Setting next_dagrun for tutorial to 2026-03-17 00:00:00+00:00, run_after=2026-03-18 00:00:00+00:00
[2026-03-18T07:49:52.089+0000] {processor.py:183} INFO - Processing /home/airflow/.local/lib/python3.8/site-packages/airflow/example_dags/tutorial.py took 0.033 seconds
[2026-03-18T07:50:22.429+0000] {processor.py:161} INFO - Started process (PID=619) to work on /home/airflow/.local/lib/python3.8/site-packages/airflow/example_dags/tutorial.py
[2026-03-18T07:50:22.430+0000] {processor.py:830} INFO - Processing file /home/airflow/.local/lib/python3.8/site-packages/airflow/example_dags/tutorial.py for tasks to queue
[2026-03-18T07:50:22.433+0000] {logging_mixin.py:188} INFO - [2026-03-18T07:50:22.433+0000] {dagbag.py:538} INFO - Filling up the DagBag from /home/airflow/.local/lib/python3.8/site-packages/airflow/example_dags/tutorial.py
[2026-03-18T07:50:22.435+0000] {processor.py:840} INFO - DAG(s) 'tutorial' retrieved from /home/airflow/.local/lib/python3.8/site-packages/airflow/example_dags/tutorial.py
[2026-03-18T07:50:22.445+0000] {logging_mixin.py:188} INFO - [2026-03-18T07:50:22.445+0000] {dag.py:3036} INFO - Sync 1 DAGs
[2026-03-18T07:50:22.455+0000] {logging_mixin.py:188} INFO - [2026-03-18T07:50:22.455+0000] {dag.py:3823} INFO - Setting next_dagrun for tutorial to 2026-03-17 00:00:00+00:00, run_after=2026-03-18 00:00:00+00:00
[2026-03-18T07:50:22.468+0000] {processor.py:183} INFO - Processing /home/airflow/.local/lib/python3.8/site-packages/airflow/example_dags/tutorial.py took 0.040 seconds
[2026-03-18T07:50:52.911+0000] {processor.py:161} INFO - Started process (PID=675) to work on /home/airflow/.local/lib/python3.8/site-packages/airflow/example_dags/tutorial.py
[2026-03-18T07:50:52.911+0000] {processor.py:830} INFO - Processing file /home/airflow/.local/lib/python3.8/site-packages/airflow/example_dags/tutorial.py for tasks to queue
[2026-03-18T07:50:52.912+0000] {logging_mixin.py:188} INFO - [2026-03-18T07:50:52.912+0000] {dagbag.py:538} INFO - Filling up the DagBag from /home/airflow/.local/lib/python3.8/site-packages/airflow/example_dags/tutorial.py
[2026-03-18T07:50:52.915+0000] {processor.py:840} INFO - DAG(s) 'tutorial' retrieved from /home/airflow/.local/lib/python3.8/site-packages/airflow/example_dags/tutorial.py
[2026-03-18T07:50:52.930+0000] {logging_mixin.py:188} INFO - [2026-03-18T07:50:52.929+0000] {dag.py:3036} INFO - Sync 1 DAGs
[2026-03-18T07:50:52.942+0000] {logging_mixin.py:188} INFO - [2026-03-18T07:50:52.942+0000] {dag.py:3823} INFO - Setting next_dagrun for tutorial to 2026-03-17 00:00:00+00:00, run_after=2026-03-18 00:00:00+00:00
[2026-03-18T07:50:52.951+0000] {processor.py:183} INFO - Processing /home/airflow/.local/lib/python3.8/site-packages/airflow/example_dags/tutorial.py took 0.042 seconds
[2026-03-18T07:51:23.431+0000] {processor.py:161} INFO - Started process (PID=731) to work on /home/airflow/.local/lib/python3.8/site-packages/airflow/example_dags/tutorial.py
[2026-03-18T07:51:23.431+0000] {processor.py:830} INFO - Processing file /home/airflow/.local/lib/python3.8/site-packages/airflow/example_dags/tutorial.py for tasks to queue
[2026-03-18T07:51:23.432+0000] {logging_mixin.py:188} INFO - [2026-03-18T07:51:23.432+0000] {dagbag.py:538} INFO - Filling up the DagBag from /home/airflow/.local/lib/python3.8/site-packages/airflow/example_dags/tutorial.py
[2026-03-18T07:51:23.435+0000] {processor.py:840} INFO - DAG(s) 'tutorial' retrieved from /home/airflow/.local/lib/python3.8/site-packages/airflow/example_dags/tutorial.py
[2026-03-18T07:51:23.445+0000] {logging_mixin.py:188} INFO - [2026-03-18T07:51:23.445+0000] {dag.py:3036} INFO - Sync 1 DAGs
[2026-03-18T07:51:23.455+0000] {logging_mixin.py:188} INFO - [2026-03-18T07:51:23.455+0000] {dag.py:3823} INFO - Setting next_dagrun for tutorial to 2026-03-17 00:00:00+00:00, run_after=2026-03-18 00:00:00+00:00
[2026-03-18T07:51:23.467+0000] {processor.py:183} INFO - Processing /home/airflow/.local/lib/python3.8/site-packages/airflow/example_dags/tutorial.py took 0.038 seconds
[2026-03-18T07:51:53.896+0000] {processor.py:161} INFO - Started process (PID=787) to work on /home/airflow/.local/lib/python3.8/site-packages/airflow/example_dags/tutorial.py
[2026-03-18T07:51:53.897+0000] {processor.py:830} INFO - Processing file /home/airflow/.local/lib/python3.8/site-packages/airflow/example_dags/tutorial.py for tasks to queue
[2026-03-18T07:51:53.899+0000] {logging_mixin.py:188} INFO - [2026-03-18T07:51:53.899+0000] {dagbag.py:538} INFO - Filling up the DagBag from /home/airflow/.local/lib/python3.8/site-packages/airflow/example_dags/tutorial.py
[2026-03-18T07:51:53.901+0000] {processor.py:840} INFO - DAG(s) 'tutorial' retrieved from /home/airflow/.local/lib/python3.8/site-packages/airflow/example_dags/tutorial.py
[2026-03-18T07:51:53.915+0000] {logging_mixin.py:188} INFO - [2026-03-18T07:51:53.915+0000] {dag.py:3036} INFO - Sync 1 DAGs
[2026-03-18T07:51:53.928+0000] {logging_mixin.py:188} INFO - [2026-03-18T07:51:53.928+0000] {dag.py:3823} INFO - Setting next_dagrun for tutorial to 2026-03-17 00:00:00+00:00, run_after=2026-03-18 00:00:00+00:00
[2026-03-18T07:51:53.940+0000] {processor.py:183} INFO - Processing /home/airflow/.local/lib/python3.8/site-packages/airflow/example_dags/tutorial.py took 0.046 seconds
[2026-03-18T07:52:24.421+0000] {processor.py:161} INFO - Started process (PID=843) to work on /home/airflow/.local/lib/python3.8/site-packages/airflow/example_dags/tutorial.py
[2026-03-18T07:52:24.422+0000] {processor.py:830} INFO - Processing file /home/airflow/.local/lib/python3.8/site-packages/airflow/example_dags/tutorial.py for tasks to queue
[2026-03-18T07:52:24.423+0000] {logging_mixin.py:188} INFO - [2026-03-18T07:52:24.423+0000] {dagbag.py:538} INFO - Filling up the DagBag from /home/airflow/.local/lib/python3.8/site-packages/airflow/example_dags/tutorial.py
[2026-03-18T07:52:24.426+0000] {processor.py:840} INFO - DAG(s) 'tutorial' retrieved from /home/airflow/.local/lib/python3.8/site-packages/airflow/example_dags/tutorial.py
[2026-03-18T07:52:24.437+0000] {logging_mixin.py:188} INFO - [2026-03-18T07:52:24.437+0000] {dag.py:3036} INFO - Sync 1 DAGs
[2026-03-18T07:52:24.446+0000] {logging_mixin.py:188} INFO - [2026-03-18T07:52:24.446+0000] {dag.py:3823} INFO - Setting next_dagrun for tutorial to 2026-03-17 00:00:00+00:00, run_after=2026-03-18 00:00:00+00:00
[2026-03-18T07:52:24.458+0000] {processor.py:183} INFO - Processing /home/airflow/.local/lib/python3.8/site-packages/airflow/example_dags/tutorial.py took 0.039 seconds
[2026-03-18T07:52:54.920+0000] {processor.py:161} INFO - Started process (PID=899) to work on /home/airflow/.local/lib/python3.8/site-packages/airflow/example_dags/tutorial.py
[2026-03-18T07:52:54.921+0000] {processor.py:830} INFO - Processing file /home/airflow/.local/lib/python3.8/site-packages/airflow/example_dags/tutorial.py for tasks to queue
[2026-03-18T07:52:54.922+0000] {logging_mixin.py:188} INFO - [2026-03-18T07:52:54.922+0000] {dagbag.py:538} INFO - Filling up the DagBag from /home/airflow/.local/lib/python3.8/site-packages/airflow/example_dags/tutorial.py
[2026-03-18T07:52:54.925+0000] {processor.py:840} INFO - DAG(s) 'tutorial' retrieved from /home/airflow/.local/lib/python3.8/site-packages/airflow/example_dags/tutorial.py
[2026-03-18T07:52:54.935+0000] {logging_mixin.py:188} INFO - [2026-03-18T07:52:54.935+0000] {dag.py:3036} INFO - Sync 1 DAGs
[2026-03-18T07:52:54.946+0000] {logging_mixin.py:188} INFO - [2026-03-18T07:52:54.946+0000] {dag.py:3823} INFO - Setting next_dagrun for tutorial to 2026-03-17 00:00:00+00:00, run_after=2026-03-18 00:00:00+00:00
[2026-03-18T07:52:54.960+0000] {processor.py:183} INFO - Processing /home/airflow/.local/lib/python3.8/site-packages/airflow/example_dags/tutorial.py took 0.043 seconds
[2026-03-18T07:53:25.399+0000] {processor.py:161} INFO - Started process (PID=955) to work on /home/airflow/.local/lib/python3.8/site-packages/airflow/example_dags/tutorial.py
[2026-03-18T07:53:25.400+0000] {processor.py:830} INFO - Processing file /home/airflow/.local/lib/python3.8/site-packages/airflow/example_dags/tutorial.py for tasks to queue
[2026-03-18T07:53:25.401+0000] {logging_mixin.py:188} INFO - [2026-03-18T07:53:25.400+0000] {dagbag.py:538} INFO - Filling up the DagBag from /home/airflow/.local/lib/python3.8/site-packages/airflow/example_dags/tutorial.py
[2026-03-18T07:53:25.403+0000] {processor.py:840} INFO - DAG(s) 'tutorial' retrieved from /home/airflow/.local/lib/python3.8/site-packages/airflow/example_dags/tutorial.py
[2026-03-18T07:53:25.415+0000] {logging_mixin.py:188} INFO - [2026-03-18T07:53:25.415+0000] {dag.py:3036} INFO - Sync 1 DAGs
[2026-03-18T07:53:25.425+0000] {logging_mixin.py:188} INFO - [2026-03-18T07:53:25.425+0000] {dag.py:3823} INFO - Setting next_dagrun for tutorial to 2026-03-17 00:00:00+00:00, run_after=2026-03-18 00:00:00+00:00
[2026-03-18T07:53:25.439+0000] {processor.py:183} INFO - Processing /home/airflow/.local/lib/python3.8/site-packages/airflow/example_dags/tutorial.py took 0.041 seconds
[2026-03-18T07:53:55.870+0000] {processor.py:161} INFO - Started process (PID=1011) to work on /home/airflow/.local/lib/python3.8/site-packages/airflow/example_dags/tutorial.py
[2026-03-18T07:53:55.870+0000] {processor.py:830} INFO - Processing file /home/airflow/.local/lib/python3.8/site-packages/airflow/example_dags/tutorial.py for tasks to queue
[2026-03-18T07:53:55.875+0000] {logging_mixin.py:188} INFO - [2026-03-18T07:53:55.875+0000] {dagbag.py:538} INFO - Filling up the DagBag from /home/airflow/.local/lib/python3.8/site-packages/airflow/example_dags/tutorial.py
[2026-03-18T07:53:55.877+0000] {processor.py:840} INFO - DAG(s) 'tutorial' retrieved from /home/airflow/.local/lib/python3.8/site-packages/airflow/example_dags/tutorial.py
[2026-03-18T07:53:55.887+0000] {logging_mixin.py:188} INFO - [2026-03-18T07:53:55.887+0000] {dag.py:3036} INFO - Sync 1 DAGs
[2026-03-18T07:53:55.898+0000] {logging_mixin.py:188} INFO - [2026-03-18T07:53:55.898+0000] {dag.py:3823} INFO - Setting next_dagrun for tutorial to 2026-03-17 00:00:00+00:00, run_after=2026-03-18 00:00:00+00:00
[2026-03-18T07:53:55.911+0000] {processor.py:183} INFO - Processing /home/airflow/.local/lib/python3.8/site-packages/airflow/example_dags/tutorial.py took 0.043 seconds
[2026-03-18T07:54:26.268+0000] {processor.py:161} INFO - Started process (PID=1067) to work on /home/airflow/.local/lib/python3.8/site-packages/airflow/example_dags/tutorial.py
[2026-03-18T07:54:26.270+0000] {processor.py:830} INFO - Processing file /home/airflow/.local/lib/python3.8/site-packages/airflow/example_dags/tutorial.py for tasks to queue
[2026-03-18T07:54:26.271+0000] {logging_mixin.py:188} INFO - [2026-03-18T07:54:26.270+0000] {dagbag.py:538} INFO - Filling up the DagBag from /home/airflow/.local/lib/python3.8/site-packages/airflow/example_dags/tutorial.py
[2026-03-18T07:54:26.274+0000] {processor.py:840} INFO - DAG(s) 'tutorial' retrieved from /home/airflow/.local/lib/python3.8/site-packages/airflow/example_dags/tutorial.py
[2026-03-18T07:54:26.288+0000] {logging_mixin.py:188} INFO - [2026-03-18T07:54:26.288+0000] {dag.py:3036} INFO - Sync 1 DAGs
[2026-03-18T07:54:26.298+0000] {logging_mixin.py:188} INFO - [2026-03-18T07:54:26.298+0000] {dag.py:3823} INFO - Setting next_dagrun for tutorial to 2026-03-17 00:00:00+00:00, run_after=2026-03-18 00:00:00+00:00
[2026-03-18T07:54:26.309+0000] {processor.py:183} INFO - Processing /home/airflow/.local/lib/python3.8/site-packages/airflow/example_dags/tutorial.py took 0.043 seconds
[2026-03-18T07:54:56.765+0000] {processor.py:161} INFO - Started process (PID=1123) to work on /home/airflow/.local/lib/python3.8/site-packages/airflow/example_dags/tutorial.py
[2026-03-18T07:54:56.767+0000] {processor.py:830} INFO - Processing file /home/airflow/.local/lib/python3.8/site-packages/airflow/example_dags/tutorial.py for tasks to queue
[2026-03-18T07:54:56.768+0000] {logging_mixin.py:188} INFO - [2026-03-18T07:54:56.768+0000] {dagbag.py:538} INFO - Filling up the DagBag from /home/airflow/.local/lib/python3.8/site-packages/airflow/example_dags/tutorial.py
[2026-03-18T07:54:56.771+0000] {processor.py:840} INFO - DAG(s) 'tutorial' retrieved from /home/airflow/.local/lib/python3.8/site-packages/airflow/example_dags/tutorial.py
[2026-03-18T07:54:56.783+0000] {logging_mixin.py:188} INFO - [2026-03-18T07:54:56.783+0000] {dag.py:3036} INFO - Sync 1 DAGs
[2026-03-18T07:54:56.795+0000] {logging_mixin.py:188} INFO - [2026-03-18T07:54:56.795+0000] {dag.py:3823} INFO - Setting next_dagrun for tutorial to 2026-03-17 00:00:00+00:00, run_after=2026-03-18 00:00:00+00:00
[2026-03-18T07:54:56.805+0000] {processor.py:183} INFO - Processing /home/airflow/.local/lib/python3.8/site-packages/airflow/example_dags/tutorial.py took 0.041 seconds
[2026-03-18T07:55:27.232+0000] {processor.py:161} INFO - Started process (PID=1179) to work on /home/airflow/.local/lib/python3.8/site-packages/airflow/example_dags/tutorial.py
[2026-03-18T07:55:27.233+0000] {processor.py:830} INFO - Processing file /home/airflow/.local/lib/python3.8/site-packages/airflow/example_dags/tutorial.py for tasks to queue
[2026-03-18T07:55:27.233+0000] {logging_mixin.py:188} INFO - [2026-03-18T07:55:27.233+0000] {dagbag.py:538} INFO - Filling up the DagBag from /home/airflow/.local/lib/python3.8/site-packages/airflow/example_dags/tutorial.py
[2026-03-18T07:55:27.239+0000] {processor.py:840} INFO - DAG(s) 'tutorial' retrieved from /home/airflow/.local/lib/python3.8/site-packages/airflow/example_dags/tutorial.py
[2026-03-18T07:55:27.247+0000] {logging_mixin.py:188} INFO - [2026-03-18T07:55:27.247+0000] {dag.py:3036} INFO - Sync 1 DAGs
[2026-03-18T07:55:27.255+0000] {logging_mixin.py:188} INFO - [2026-03-18T07:55:27.255+0000] {dag.py:3823} INFO - Setting next_dagrun for tutorial to 2026-03-17 00:00:00+00:00, run_after=2026-03-18 00:00:00+00:00
[2026-03-18T07:55:27.266+0000] {processor.py:183} INFO - Processing /home/airflow/.local/lib/python3.8/site-packages/airflow/example_dags/tutorial.py took 0.035 seconds
[2026-03-18T07:55:57.698+0000] {processor.py:161} INFO - Started process (PID=1235) to work on /home/airflow/.local/lib/python3.8/site-packages/airflow/example_dags/tutorial.py
[2026-03-18T07:55:57.699+0000] {processor.py:830} INFO - Processing file /home/airflow/.local/lib/python3.8/site-packages/airflow/example_dags/tutorial.py for tasks to queue
[2026-03-18T07:55:57.699+0000] {logging_mixin.py:188} INFO - [2026-03-18T07:55:57.699+0000] {dagbag.py:538} INFO - Filling up the DagBag from /home/airflow/.local/lib/python3.8/site-packages/airflow/example_dags/tutorial.py
[2026-03-18T07:55:57.702+0000] {processor.py:840} INFO - DAG(s) 'tutorial' retrieved from /home/airflow/.local/lib/python3.8/site-packages/airflow/example_dags/tutorial.py
[2026-03-18T07:55:57.713+0000] {logging_mixin.py:188} INFO - [2026-03-18T07:55:57.713+0000] {dag.py:3036} INFO - Sync 1 DAGs
[2026-03-18T07:55:57.723+0000] {logging_mixin.py:188} INFO - [2026-03-18T07:55:57.722+0000] {dag.py:3823} INFO - Setting next_dagrun for tutorial to 2026-03-17 00:00:00+00:00, run_after=2026-03-18 00:00:00+00:00
[2026-03-18T07:55:57.736+0000] {processor.py:183} INFO - Processing /home/airflow/.local/lib/python3.8/site-packages/airflow/example_dags/tutorial.py took 0.040 seconds
[2026-03-18T07:56:28.078+0000] {processor.py:161} INFO - Started process (PID=1291) to work on /home/airflow/.local/lib/python3.8/site-packages/airflow/example_dags/tutorial.py
[2026-03-18T07:56:28.081+0000] {processor.py:830} INFO - Processing file /home/airflow/.local/lib/python3.8/site-packages/airflow/example_dags/tutorial.py for tasks to queue
[2026-03-18T07:56:28.082+0000] {logging_mixin.py:188} INFO - [2026-03-18T07:56:28.082+0000] {dagbag.py:538} INFO - Filling up the DagBag from /home/airflow/.local/lib/python3.8/site-packages/airflow/example_dags/tutorial.py
[2026-03-18T07:56:28.085+0000] {processor.py:840} INFO - DAG(s) 'tutorial' retrieved from /home/airflow/.local/lib/python3.8/site-packages/airflow/example_dags/tutorial.py
[2026-03-18T07:56:28.096+0000] {logging_mixin.py:188} INFO - [2026-03-18T07:56:28.096+0000] {dag.py:3036} INFO - Sync 1 DAGs
[2026-03-18T07:56:28.105+0000] {logging_mixin.py:188} INFO - [2026-03-18T07:56:28.104+0000] {dag.py:3823} INFO - Setting next_dagrun for tutorial to 2026-03-17 00:00:00+00:00, run_after=2026-03-18 00:00:00+00:00
[2026-03-18T07:56:28.114+0000] {processor.py:183} INFO - Processing /home/airflow/.local/lib/python3.8/site-packages/airflow/example_dags/tutorial.py took 0.037 seconds
[2026-03-18T07:56:58.538+0000] {processor.py:161} INFO - Started process (PID=1347) to work on /home/airflow/.local/lib/python3.8/site-packages/airflow/example_dags/tutorial.py
[2026-03-18T07:56:58.540+0000] {processor.py:830} INFO - Processing file /home/airflow/.local/lib/python3.8/site-packages/airflow/example_dags/tutorial.py for tasks to queue
[2026-03-18T07:56:58.541+0000] {logging_mixin.py:188} INFO - [2026-03-18T07:56:58.541+0000] {dagbag.py:538} INFO - Filling up the DagBag from /home/airflow/.local/lib/python3.8/site-packages/airflow/example_dags/tutorial.py
[2026-03-18T07:56:58.544+0000] {processor.py:840} INFO - DAG(s) 'tutorial' retrieved from /home/airflow/.local/lib/python3.8/site-packages/airflow/example_dags/tutorial.py
[2026-03-18T07:56:58.554+0000] {logging_mixin.py:188} INFO - [2026-03-18T07:56:58.554+0000] {dag.py:3036} INFO - Sync 1 DAGs
[2026-03-18T07:56:58.564+0000] {logging_mixin.py:188} INFO - [2026-03-18T07:56:58.564+0000] {dag.py:3823} INFO - Setting next_dagrun for tutorial to 2026-03-17 00:00:00+00:00, run_after=2026-03-18 00:00:00+00:00
[2026-03-18T07:56:58.575+0000] {processor.py:183} INFO - Processing /home/airflow/.local/lib/python3.8/site-packages/airflow/example_dags/tutorial.py took 0.038 seconds
[2026-03-18T07:57:29.071+0000] {processor.py:161} INFO - Started process (PID=1403) to work on /home/airflow/.local/lib/python3.8/site-packages/airflow/example_dags/tutorial.py
[2026-03-18T07:57:29.072+0000] {processor.py:830} INFO - Processing file /home/airflow/.local/lib/python3.8/site-packages/airflow/example_dags/tutorial.py for tasks to queue
[2026-03-18T07:57:29.073+0000] {logging_mixin.py:188} INFO - [2026-03-18T07:57:29.073+0000] {dagbag.py:538} INFO - Filling up the DagBag from /home/airflow/.local/lib/python3.8/site-packages/airflow/example_dags/tutorial.py
[2026-03-18T07:57:29.075+0000] {processor.py:840} INFO - DAG(s) 'tutorial' retrieved from /home/airflow/.local/lib/python3.8/site-packages/airflow/example_dags/tutorial.py
[2026-03-18T07:57:29.086+0000] {logging_mixin.py:188} INFO - [2026-03-18T07:57:29.086+0000] {dag.py:3036} INFO - Sync 1 DAGs
[2026-03-18T07:57:29.096+0000] {logging_mixin.py:188} INFO - [2026-03-18T07:57:29.096+0000] {dag.py:3823} INFO - Setting next_dagrun for tutorial to 2026-03-17 00:00:00+00:00, run_after=2026-03-18 00:00:00+00:00
[2026-03-18T07:57:29.104+0000] {processor.py:183} INFO - Processing /home/airflow/.local/lib/python3.8/site-packages/airflow/example_dags/tutorial.py took 0.034 seconds
[2026-03-18T07:57:59.569+0000] {processor.py:161} INFO - Started process (PID=1459) to work on /home/airflow/.local/lib/python3.8/site-packages/airflow/example_dags/tutorial.py
[2026-03-18T07:57:59.571+0000] {processor.py:830} INFO - Processing file /home/airflow/.local/lib/python3.8/site-packages/airflow/example_dags/tutorial.py for tasks to queue
[2026-03-18T07:57:59.572+0000] {logging_mixin.py:188} INFO - [2026-03-18T07:57:59.572+0000] {dagbag.py:538} INFO - Filling up the DagBag from /home/airflow/.local/lib/python3.8/site-packages/airflow/example_dags/tutorial.py
[2026-03-18T07:57:59.575+0000] {processor.py:840} INFO - DAG(s) 'tutorial' retrieved from /home/airflow/.local/lib/python3.8/site-packages/airflow/example_dags/tutorial.py
[2026-03-18T07:57:59.587+0000] {logging_mixin.py:188} INFO - [2026-03-18T07:57:59.587+0000] {dag.py:3036} INFO - Sync 1 DAGs
[2026-03-18T07:57:59.597+0000] {logging_mixin.py:188} INFO - [2026-03-18T07:57:59.597+0000] {dag.py:3823} INFO - Setting next_dagrun for tutorial to 2026-03-17 00:00:00+00:00, run_after=2026-03-18 00:00:00+00:00
[2026-03-18T07:57:59.609+0000] {processor.py:183} INFO - Processing /home/airflow/.local/lib/python3.8/site-packages/airflow/example_dags/tutorial.py took 0.042 seconds
[2026-03-18T07:58:30.042+0000] {processor.py:161} INFO - Started process (PID=1515) to work on /home/airflow/.local/lib/python3.8/site-packages/airflow/example_dags/tutorial.py
[2026-03-18T07:58:30.043+0000] {processor.py:830} INFO - Processing file /home/airflow/.local/lib/python3.8/site-packages/airflow/example_dags/tutorial.py for tasks to queue
[2026-03-18T07:58:30.044+0000] {logging_mixin.py:188} INFO - [2026-03-18T07:58:30.044+0000] {dagbag.py:538} INFO - Filling up the DagBag from /home/airflow/.local/lib/python3.8/site-packages/airflow/example_dags/tutorial.py
[2026-03-18T07:58:30.046+0000] {processor.py:840} INFO - DAG(s) 'tutorial' retrieved from /home/airflow/.local/lib/python3.8/site-packages/airflow/example_dags/tutorial.py
[2026-03-18T07:58:30.054+0000] {logging_mixin.py:188} INFO - [2026-03-18T07:58:30.054+0000] {dag.py:3036} INFO - Sync 1 DAGs
[2026-03-18T07:58:30.062+0000] {logging_mixin.py:188} INFO - [2026-03-18T07:58:30.062+0000] {dag.py:3823} INFO - Setting next_dagrun for tutorial to 2026-03-17 00:00:00+00:00, run_after=2026-03-18 00:00:00+00:00
[2026-03-18T07:58:30.076+0000] {processor.py:183} INFO - Processing /home/airflow/.local/lib/python3.8/site-packages/airflow/example_dags/tutorial.py took 0.035 seconds
[2026-03-18T07:59:00.559+0000] {processor.py:161} INFO - Started process (PID=1571) to work on /home/airflow/.local/lib/python3.8/site-packages/airflow/example_dags/tutorial.py
[2026-03-18T07:59:00.559+0000] {processor.py:830} INFO - Processing file /home/airflow/.local/lib/python3.8/site-packages/airflow/example_dags/tutorial.py for tasks to queue
[2026-03-18T07:59:00.560+0000] {logging_mixin.py:188} INFO - [2026-03-18T07:59:00.560+0000] {dagbag.py:538} INFO - Filling up the DagBag from /home/airflow/.local/lib/python3.8/site-packages/airflow/example_dags/tutorial.py
[2026-03-18T07:59:00.563+0000] {processor.py:840} INFO - DAG(s) 'tutorial' retrieved from /home/airflow/.local/lib/python3.8/site-packages/airflow/example_dags/tutorial.py
[2026-03-18T07:59:00.575+0000] {logging_mixin.py:188} INFO - [2026-03-18T07:59:00.574+0000] {dag.py:3036} INFO - Sync 1 DAGs
[2026-03-18T07:59:00.586+0000] {logging_mixin.py:188} INFO - [2026-03-18T07:59:00.586+0000] {dag.py:3823} INFO - Setting next_dagrun for tutorial to 2026-03-17 00:00:00+00:00, run_after=2026-03-18 00:00:00+00:00
[2026-03-18T07:59:00.599+0000] {processor.py:183} INFO - Processing /home/airflow/.local/lib/python3.8/site-packages/airflow/example_dags/tutorial.py took 0.042 seconds
[2026-03-18T07:59:31.105+0000] {processor.py:161} INFO - Started process (PID=1627) to work on /home/airflow/.local/lib/python3.8/site-packages/airflow/example_dags/tutorial.py
[2026-03-18T07:59:31.106+0000] {processor.py:830} INFO - Processing file /home/airflow/.local/lib/python3.8/site-packages/airflow/example_dags/tutorial.py for tasks to queue
[2026-03-18T07:59:31.106+0000] {logging_mixin.py:188} INFO - [2026-03-18T07:59:31.106+0000] {dagbag.py:538} INFO - Filling up the DagBag from /home/airflow/.local/lib/python3.8/site-packages/airflow/example_dags/tutorial.py
[2026-03-18T07:59:31.109+0000] {processor.py:840} INFO - DAG(s) 'tutorial' retrieved from /home/airflow/.local/lib/python3.8/site-packages/airflow/example_dags/tutorial.py
[2026-03-18T07:59:31.119+0000] {logging_mixin.py:188} INFO - [2026-03-18T07:59:31.119+0000] {dag.py:3036} INFO - Sync 1 DAGs
[2026-03-18T07:59:31.129+0000] {logging_mixin.py:188} INFO - [2026-03-18T07:59:31.129+0000] {dag.py:3823} INFO - Setting next_dagrun for tutorial to 2026-03-17 00:00:00+00:00, run_after=2026-03-18 00:00:00+00:00
[2026-03-18T07:59:31.143+0000] {processor.py:183} INFO - Processing /home/airflow/.local/lib/python3.8/site-packages/airflow/example_dags/tutorial.py took 0.039 seconds
[2026-03-18T08:00:01.634+0000] {processor.py:161} INFO - Started process (PID=63) to work on /home/airflow/.local/lib/python3.8/site-packages/airflow/example_dags/tutorial.py
[2026-03-18T08:00:01.635+0000] {processor.py:830} INFO - Processing file /home/airflow/.local/lib/python3.8/site-packages/airflow/example_dags/tutorial.py for tasks to queue
[2026-03-18T08:00:01.636+0000] {logging_mixin.py:188} INFO - [2026-03-18T08:00:01.635+0000] {dagbag.py:538} INFO - Filling up the DagBag from /home/airflow/.local/lib/python3.8/site-packages/airflow/example_dags/tutorial.py
[2026-03-18T08:00:01.639+0000] {processor.py:840} INFO - DAG(s) 'tutorial' retrieved from /home/airflow/.local/lib/python3.8/site-packages/airflow/example_dags/tutorial.py
[2026-03-18T08:00:01.645+0000] {logging_mixin.py:188} INFO - [2026-03-18T08:00:01.645+0000] {dag.py:3036} INFO - Sync 1 DAGs
[2026-03-18T08:00:01.663+0000] {logging_mixin.py:188} INFO - [2026-03-18T08:00:01.663+0000] {dag.py:3823} INFO - Setting next_dagrun for tutorial to 2026-03-17 00:00:00+00:00, run_after=2026-03-18 00:00:00+00:00
[2026-03-18T08:00:01.679+0000] {processor.py:183} INFO - Processing /home/airflow/.local/lib/python3.8/site-packages/airflow/example_dags/tutorial.py took 0.047 seconds
[2026-03-18T08:00:32.113+0000] {processor.py:161} INFO - Started process (PID=118) to work on /home/airflow/.local/lib/python3.8/site-packages/airflow/example_dags/tutorial.py
[2026-03-18T08:00:32.114+0000] {processor.py:830} INFO - Processing file /home/airflow/.local/lib/python3.8/site-packages/airflow/example_dags/tutorial.py for tasks to queue
[2026-03-18T08:00:32.115+0000] {logging_mixin.py:188} INFO - [2026-03-18T08:00:32.115+0000] {dagbag.py:538} INFO - Filling up the DagBag from /home/airflow/.local/lib/python3.8/site-packages/airflow/example_dags/tutorial.py
[2026-03-18T08:00:32.118+0000] {processor.py:840} INFO - DAG(s) 'tutorial' retrieved from /home/airflow/.local/lib/python3.8/site-packages/airflow/example_dags/tutorial.py
[2026-03-18T08:00:32.163+0000] {logging_mixin.py:188} INFO - [2026-03-18T08:00:32.162+0000] {dag.py:3036} INFO - Sync 1 DAGs
[2026-03-18T08:00:32.170+0000] {logging_mixin.py:188} INFO - [2026-03-18T08:00:32.170+0000] {dag.py:3823} INFO - Setting next_dagrun for tutorial to 2026-03-17 00:00:00+00:00, run_after=2026-03-18 00:00:00+00:00
[2026-03-18T08:00:32.177+0000] {processor.py:183} INFO - Processing /home/airflow/.local/lib/python3.8/site-packages/airflow/example_dags/tutorial.py took 0.065 seconds
[2026-03-18T08:01:03.056+0000] {processor.py:161} INFO - Started process (PID=174) to work on /home/airflow/.local/lib/python3.8/site-packages/airflow/example_dags/tutorial.py
[2026-03-18T08:01:03.057+0000] {processor.py:830} INFO - Processing file /home/airflow/.local/lib/python3.8/site-packages/airflow/example_dags/tutorial.py for tasks to queue
[2026-03-18T08:01:03.060+0000] {logging_mixin.py:188} INFO - [2026-03-18T08:01:03.059+0000] {dagbag.py:538} INFO - Filling up the DagBag from /home/airflow/.local/lib/python3.8/site-packages/airflow/example_dags/tutorial.py
[2026-03-18T08:01:03.064+0000] {processor.py:840} INFO - DAG(s) 'tutorial' retrieved from /home/airflow/.local/lib/python3.8/site-packages/airflow/example_dags/tutorial.py
[2026-03-18T08:01:03.077+0000] {logging_mixin.py:188} INFO - [2026-03-18T08:01:03.077+0000] {dag.py:3036} INFO - Sync 1 DAGs
[2026-03-18T08:01:03.091+0000] {logging_mixin.py:188} INFO - [2026-03-18T08:01:03.091+0000] {dag.py:3823} INFO - Setting next_dagrun for tutorial to 2026-03-17 00:00:00+00:00, run_after=2026-03-18 00:00:00+00:00
[2026-03-18T08:01:03.101+0000] {processor.py:183} INFO - Processing /home/airflow/.local/lib/python3.8/site-packages/airflow/example_dags/tutorial.py took 0.048 seconds
[2026-03-18T08:01:33.556+0000] {processor.py:161} INFO - Started process (PID=230) to work on /home/airflow/.local/lib/python3.8/site-packages/airflow/example_dags/tutorial.py
[2026-03-18T08:01:33.556+0000] {processor.py:830} INFO - Processing file /home/airflow/.local/lib/python3.8/site-packages/airflow/example_dags/tutorial.py for tasks to queue
[2026-03-18T08:01:33.559+0000] {logging_mixin.py:188} INFO - [2026-03-18T08:01:33.559+0000] {dagbag.py:538} INFO - Filling up the DagBag from /home/airflow/.local/lib/python3.8/site-packages/airflow/example_dags/tutorial.py
[2026-03-18T08:01:33.561+0000] {processor.py:840} INFO - DAG(s) 'tutorial' retrieved from /home/airflow/.local/lib/python3.8/site-packages/airflow/example_dags/tutorial.py
[2026-03-18T08:01:33.573+0000] {logging_mixin.py:188} INFO - [2026-03-18T08:01:33.573+0000] {dag.py:3036} INFO - Sync 1 DAGs
[2026-03-18T08:01:33.585+0000] {logging_mixin.py:188} INFO - [2026-03-18T08:01:33.585+0000] {dag.py:3823} INFO - Setting next_dagrun for tutorial to 2026-03-17 00:00:00+00:00, run_after=2026-03-18 00:00:00+00:00
[2026-03-18T08:01:33.596+0000] {processor.py:183} INFO - Processing /home/airflow/.local/lib/python3.8/site-packages/airflow/example_dags/tutorial.py took 0.042 seconds
[2026-03-18T08:02:04.114+0000] {processor.py:161} INFO - Started process (PID=285) to work on /home/airflow/.local/lib/python3.8/site-packages/airflow/example_dags/tutorial.py
[2026-03-18T08:02:04.115+0000] {processor.py:830} INFO - Processing file /home/airflow/.local/lib/python3.8/site-packages/airflow/example_dags/tutorial.py for tasks to queue
[2026-03-18T08:02:04.116+0000] {logging_mixin.py:188} INFO - [2026-03-18T08:02:04.116+0000] {dagbag.py:538} INFO - Filling up the DagBag from /home/airflow/.local/lib/python3.8/site-packages/airflow/example_dags/tutorial.py
[2026-03-18T08:02:04.119+0000] {processor.py:840} INFO - DAG(s) 'tutorial' retrieved from /home/airflow/.local/lib/python3.8/site-packages/airflow/example_dags/tutorial.py
[2026-03-18T08:02:04.130+0000] {logging_mixin.py:188} INFO - [2026-03-18T08:02:04.130+0000] {dag.py:3036} INFO - Sync 1 DAGs
[2026-03-18T08:02:04.144+0000] {logging_mixin.py:188} INFO - [2026-03-18T08:02:04.144+0000] {dag.py:3823} INFO - Setting next_dagrun for tutorial to 2026-03-17 00:00:00+00:00, run_after=2026-03-18 00:00:00+00:00
[2026-03-18T08:02:04.155+0000] {processor.py:183} INFO - Processing /home/airflow/.local/lib/python3.8/site-packages/airflow/example_dags/tutorial.py took 0.043 seconds
[2026-03-18T08:02:34.759+0000] {processor.py:161} INFO - Started process (PID=341) to work on /home/airflow/.local/lib/python3.8/site-packages/airflow/example_dags/tutorial.py
[2026-03-18T08:02:34.760+0000] {processor.py:830} INFO - Processing file /home/airflow/.local/lib/python3.8/site-packages/airflow/example_dags/tutorial.py for tasks to queue
[2026-03-18T08:02:34.761+0000] {logging_mixin.py:188} INFO - [2026-03-18T08:02:34.761+0000] {dagbag.py:538} INFO - Filling up the DagBag from /home/airflow/.local/lib/python3.8/site-packages/airflow/example_dags/tutorial.py
[2026-03-18T08:02:34.764+0000] {processor.py:840} INFO - DAG(s) 'tutorial' retrieved from /home/airflow/.local/lib/python3.8/site-packages/airflow/example_dags/tutorial.py
[2026-03-18T08:02:34.777+0000] {logging_mixin.py:188} INFO - [2026-03-18T08:02:34.777+0000] {dag.py:3036} INFO - Sync 1 DAGs
[2026-03-18T08:02:34.789+0000] {logging_mixin.py:188} INFO - [2026-03-18T08:02:34.789+0000] {dag.py:3823} INFO - Setting next_dagrun for tutorial to 2026-03-17 00:00:00+00:00, run_after=2026-03-18 00:00:00+00:00
[2026-03-18T08:02:34.802+0000] {processor.py:183} INFO - Processing /home/airflow/.local/lib/python3.8/site-packages/airflow/example_dags/tutorial.py took 0.044 seconds
[2026-03-18T08:03:05.304+0000] {processor.py:161} INFO - Started process (PID=397) to work on /home/airflow/.local/lib/python3.8/site-packages/airflow/example_dags/tutorial.py
[2026-03-18T08:03:05.305+0000] {processor.py:830} INFO - Processing file /home/airflow/.local/lib/python3.8/site-packages/airflow/example_dags/tutorial.py for tasks to queue
[2026-03-18T08:03:05.305+0000] {logging_mixin.py:188} INFO - [2026-03-18T08:03:05.305+0000] {dagbag.py:538} INFO - Filling up the DagBag from /home/airflow/.local/lib/python3.8/site-packages/airflow/example_dags/tutorial.py
[2026-03-18T08:03:05.308+0000] {processor.py:840} INFO - DAG(s) 'tutorial' retrieved from /home/airflow/.local/lib/python3.8/site-packages/airflow/example_dags/tutorial.py
[2026-03-18T08:03:05.316+0000] {logging_mixin.py:188} INFO - [2026-03-18T08:03:05.316+0000] {dag.py:3036} INFO - Sync 1 DAGs
[2026-03-18T08:03:05.327+0000] {logging_mixin.py:188} INFO - [2026-03-18T08:03:05.327+0000] {dag.py:3823} INFO - Setting next_dagrun for tutorial to 2026-03-17 00:00:00+00:00, run_after=2026-03-18 00:00:00+00:00
[2026-03-18T08:03:05.337+0000] {processor.py:183} INFO - Processing /home/airflow/.local/lib/python3.8/site-packages/airflow/example_dags/tutorial.py took 0.035 seconds
[2026-03-18T08:03:35.978+0000] {processor.py:161} INFO - Started process (PID=459) to work on /home/airflow/.local/lib/python3.8/site-packages/airflow/example_dags/tutorial.py
[2026-03-18T08:03:35.979+0000] {processor.py:830} INFO - Processing file /home/airflow/.local/lib/python3.8/site-packages/airflow/example_dags/tutorial.py for tasks to queue
[2026-03-18T08:03:35.980+0000] {logging_mixin.py:188} INFO - [2026-03-18T08:03:35.980+0000] {dagbag.py:538} INFO - Filling up the DagBag from /home/airflow/.local/lib/python3.8/site-packages/airflow/example_dags/tutorial.py
[2026-03-18T08:03:35.983+0000] {processor.py:840} INFO - DAG(s) 'tutorial' retrieved from /home/airflow/.local/lib/python3.8/site-packages/airflow/example_dags/tutorial.py
[2026-03-18T08:03:35.994+0000] {logging_mixin.py:188} INFO - [2026-03-18T08:03:35.993+0000] {dag.py:3036} INFO - Sync 1 DAGs
[2026-03-18T08:03:36.004+0000] {logging_mixin.py:188} INFO - [2026-03-18T08:03:36.004+0000] {dag.py:3823} INFO - Setting next_dagrun for tutorial to 2026-03-17 00:00:00+00:00, run_after=2026-03-18 00:00:00+00:00
[2026-03-18T08:03:36.018+0000] {processor.py:183} INFO - Processing /home/airflow/.local/lib/python3.8/site-packages/airflow/example_dags/tutorial.py took 0.041 seconds
[2026-03-18T08:04:06.502+0000] {processor.py:161} INFO - Started process (PID=515) to work on /home/airflow/.local/lib/python3.8/site-packages/airflow/example_dags/tutorial.py
[2026-03-18T08:04:06.502+0000] {processor.py:830} INFO - Processing file /home/airflow/.local/lib/python3.8/site-packages/airflow/example_dags/tutorial.py for tasks to queue
[2026-03-18T08:04:06.503+0000] {logging_mixin.py:188} INFO - [2026-03-18T08:04:06.503+0000] {dagbag.py:538} INFO - Filling up the DagBag from /home/airflow/.local/lib/python3.8/site-packages/airflow/example_dags/tutorial.py
[2026-03-18T08:04:06.505+0000] {processor.py:840} INFO - DAG(s) 'tutorial' retrieved from /home/airflow/.local/lib/python3.8/site-packages/airflow/example_dags/tutorial.py
[2026-03-18T08:04:06.513+0000] {logging_mixin.py:188} INFO - [2026-03-18T08:04:06.513+0000] {dag.py:3036} INFO - Sync 1 DAGs
[2026-03-18T08:04:06.520+0000] {logging_mixin.py:188} INFO - [2026-03-18T08:04:06.520+0000] {dag.py:3823} INFO - Setting next_dagrun for tutorial to 2026-03-17 00:00:00+00:00, run_after=2026-03-18 00:00:00+00:00
[2026-03-18T08:04:06.526+0000] {processor.py:183} INFO - Processing /home/airflow/.local/lib/python3.8/site-packages/airflow/example_dags/tutorial.py took 0.025 seconds
[2026-03-18T08:04:29.381+0000] {processor.py:161} INFO - Started process (PID=63) to work on /home/airflow/.local/lib/python3.8/site-packages/airflow/example_dags/tutorial.py
[2026-03-18T08:04:29.382+0000] {processor.py:830} INFO - Processing file /home/airflow/.local/lib/python3.8/site-packages/airflow/example_dags/tutorial.py for tasks to queue
[2026-03-18T08:04:29.383+0000] {logging_mixin.py:188} INFO - [2026-03-18T08:04:29.383+0000] {dagbag.py:538} INFO - Filling up the DagBag from /home/airflow/.local/lib/python3.8/site-packages/airflow/example_dags/tutorial.py
[2026-03-18T08:04:29.386+0000] {processor.py:840} INFO - DAG(s) 'tutorial' retrieved from /home/airflow/.local/lib/python3.8/site-packages/airflow/example_dags/tutorial.py
[2026-03-18T08:04:29.395+0000] {logging_mixin.py:188} INFO - [2026-03-18T08:04:29.395+0000] {dag.py:3036} INFO - Sync 1 DAGs
[2026-03-18T08:04:29.406+0000] {logging_mixin.py:188} INFO - [2026-03-18T08:04:29.406+0000] {dag.py:3823} INFO - Setting next_dagrun for tutorial to 2026-03-17 00:00:00+00:00, run_after=2026-03-18 00:00:00+00:00
[2026-03-18T08:04:29.425+0000] {processor.py:183} INFO - Processing /home/airflow/.local/lib/python3.8/site-packages/airflow/example_dags/tutorial.py took 0.047 seconds
[2026-03-18T08:04:59.824+0000] {processor.py:161} INFO - Started process (PID=119) to work on /home/airflow/.local/lib/python3.8/site-packages/airflow/example_dags/tutorial.py
[2026-03-18T08:04:59.825+0000] {processor.py:830} INFO - Processing file /home/airflow/.local/lib/python3.8/site-packages/airflow/example_dags/tutorial.py for tasks to queue
[2026-03-18T08:04:59.826+0000] {logging_mixin.py:188} INFO - [2026-03-18T08:04:59.825+0000] {dagbag.py:538} INFO - Filling up the DagBag from /home/airflow/.local/lib/python3.8/site-packages/airflow/example_dags/tutorial.py
[2026-03-18T08:04:59.828+0000] {processor.py:840} INFO - DAG(s) 'tutorial' retrieved from /home/airflow/.local/lib/python3.8/site-packages/airflow/example_dags/tutorial.py
[2026-03-18T08:04:59.866+0000] {logging_mixin.py:188} INFO - [2026-03-18T08:04:59.866+0000] {dag.py:3036} INFO - Sync 1 DAGs
[2026-03-18T08:04:59.873+0000] {logging_mixin.py:188} INFO - [2026-03-18T08:04:59.873+0000] {dag.py:3823} INFO - Setting next_dagrun for tutorial to 2026-03-17 00:00:00+00:00, run_after=2026-03-18 00:00:00+00:00
[2026-03-18T08:04:59.885+0000] {processor.py:183} INFO - Processing /home/airflow/.local/lib/python3.8/site-packages/airflow/example_dags/tutorial.py took 0.062 seconds
[2026-03-18T08:05:30.850+0000] {processor.py:161} INFO - Started process (PID=174) to work on /home/airflow/.local/lib/python3.8/site-packages/airflow/example_dags/tutorial.py
[2026-03-18T08:05:30.851+0000] {processor.py:830} INFO - Processing file /home/airflow/.local/lib/python3.8/site-packages/airflow/example_dags/tutorial.py for tasks to queue
[2026-03-18T08:05:30.852+0000] {logging_mixin.py:188} INFO - [2026-03-18T08:05:30.852+0000] {dagbag.py:538} INFO - Filling up the DagBag from /home/airflow/.local/lib/python3.8/site-packages/airflow/example_dags/tutorial.py
[2026-03-18T08:05:30.857+0000] {processor.py:840} INFO - DAG(s) 'tutorial' retrieved from /home/airflow/.local/lib/python3.8/site-packages/airflow/example_dags/tutorial.py
[2026-03-18T08:05:30.869+0000] {logging_mixin.py:188} INFO - [2026-03-18T08:05:30.869+0000] {dag.py:3036} INFO - Sync 1 DAGs
[2026-03-18T08:05:30.881+0000] {logging_mixin.py:188} INFO - [2026-03-18T08:05:30.881+0000] {dag.py:3823} INFO - Setting next_dagrun for tutorial to 2026-03-17 00:00:00+00:00, run_after=2026-03-18 00:00:00+00:00
[2026-03-18T08:05:30.892+0000] {processor.py:183} INFO - Processing /home/airflow/.local/lib/python3.8/site-packages/airflow/example_dags/tutorial.py took 0.044 seconds
[2026-03-18T08:06:14.398+0000] {processor.py:161} INFO - Started process (PID=109) to work on /home/airflow/.local/lib/python3.8/site-packages/airflow/example_dags/tutorial.py
[2026-03-18T08:06:14.399+0000] {processor.py:830} INFO - Processing file /home/airflow/.local/lib/python3.8/site-packages/airflow/example_dags/tutorial.py for tasks to queue
[2026-03-18T08:06:14.400+0000] {logging_mixin.py:188} INFO - [2026-03-18T08:06:14.400+0000] {dagbag.py:538} INFO - Filling up the DagBag from /home/airflow/.local/lib/python3.8/site-packages/airflow/example_dags/tutorial.py
[2026-03-18T08:06:14.405+0000] {processor.py:840} INFO - DAG(s) 'tutorial' retrieved from /home/airflow/.local/lib/python3.8/site-packages/airflow/example_dags/tutorial.py
[2026-03-18T08:06:14.455+0000] {logging_mixin.py:188} INFO - [2026-03-18T08:06:14.455+0000] {dag.py:3036} INFO - Sync 1 DAGs
[2026-03-18T08:06:14.464+0000] {logging_mixin.py:188} INFO - [2026-03-18T08:06:14.464+0000] {dag.py:3823} INFO - Setting next_dagrun for tutorial to 2026-03-17 00:00:00+00:00, run_after=2026-03-18 00:00:00+00:00
[2026-03-18T08:06:14.481+0000] {processor.py:183} INFO - Processing /home/airflow/.local/lib/python3.8/site-packages/airflow/example_dags/tutorial.py took 0.086 seconds
[2026-03-18T08:06:45.238+0000] {processor.py:161} INFO - Started process (PID=165) to work on /home/airflow/.local/lib/python3.8/site-packages/airflow/example_dags/tutorial.py
[2026-03-18T08:06:45.238+0000] {processor.py:830} INFO - Processing file /home/airflow/.local/lib/python3.8/site-packages/airflow/example_dags/tutorial.py for tasks to queue
[2026-03-18T08:06:45.239+0000] {logging_mixin.py:188} INFO - [2026-03-18T08:06:45.239+0000] {dagbag.py:538} INFO - Filling up the DagBag from /home/airflow/.local/lib/python3.8/site-packages/airflow/example_dags/tutorial.py
[2026-03-18T08:06:45.242+0000] {processor.py:840} INFO - DAG(s) 'tutorial' retrieved from /home/airflow/.local/lib/python3.8/site-packages/airflow/example_dags/tutorial.py
[2026-03-18T08:06:45.254+0000] {logging_mixin.py:188} INFO - [2026-03-18T08:06:45.254+0000] {dag.py:3036} INFO - Sync 1 DAGs
[2026-03-18T08:06:45.263+0000] {logging_mixin.py:188} INFO - [2026-03-18T08:06:45.263+0000] {dag.py:3823} INFO - Setting next_dagrun for tutorial to 2026-03-17 00:00:00+00:00, run_after=2026-03-18 00:00:00+00:00
[2026-03-18T08:06:45.274+0000] {processor.py:183} INFO - Processing /home/airflow/.local/lib/python3.8/site-packages/airflow/example_dags/tutorial.py took 0.038 seconds
[2026-03-18T08:07:15.930+0000] {processor.py:161} INFO - Started process (PID=227) to work on /home/airflow/.local/lib/python3.8/site-packages/airflow/example_dags/tutorial.py
[2026-03-18T08:07:15.931+0000] {processor.py:830} INFO - Processing file /home/airflow/.local/lib/python3.8/site-packages/airflow/example_dags/tutorial.py for tasks to queue
[2026-03-18T08:07:15.931+0000] {logging_mixin.py:188} INFO - [2026-03-18T08:07:15.931+0000] {dagbag.py:538} INFO - Filling up the DagBag from /home/airflow/.local/lib/python3.8/site-packages/airflow/example_dags/tutorial.py
[2026-03-18T08:07:15.934+0000] {processor.py:840} INFO - DAG(s) 'tutorial' retrieved from /home/airflow/.local/lib/python3.8/site-packages/airflow/example_dags/tutorial.py
[2026-03-18T08:07:15.950+0000] {logging_mixin.py:188} INFO - [2026-03-18T08:07:15.950+0000] {dag.py:3036} INFO - Sync 1 DAGs
[2026-03-18T08:07:15.959+0000] {logging_mixin.py:188} INFO - [2026-03-18T08:07:15.958+0000] {dag.py:3823} INFO - Setting next_dagrun for tutorial to 2026-03-17 00:00:00+00:00, run_after=2026-03-18 00:00:00+00:00
[2026-03-18T08:07:15.978+0000] {processor.py:183} INFO - Processing /home/airflow/.local/lib/python3.8/site-packages/airflow/example_dags/tutorial.py took 0.051 seconds
[2026-03-18T08:07:46.429+0000] {processor.py:161} INFO - Started process (PID=283) to work on /home/airflow/.local/lib/python3.8/site-packages/airflow/example_dags/tutorial.py
[2026-03-18T08:07:46.432+0000] {processor.py:830} INFO - Processing file /home/airflow/.local/lib/python3.8/site-packages/airflow/example_dags/tutorial.py for tasks to queue
[2026-03-18T08:07:46.433+0000] {logging_mixin.py:188} INFO - [2026-03-18T08:07:46.433+0000] {dagbag.py:538} INFO - Filling up the DagBag from /home/airflow/.local/lib/python3.8/site-packages/airflow/example_dags/tutorial.py
[2026-03-18T08:07:46.436+0000] {processor.py:840} INFO - DAG(s) 'tutorial' retrieved from /home/airflow/.local/lib/python3.8/site-packages/airflow/example_dags/tutorial.py
[2026-03-18T08:07:46.448+0000] {logging_mixin.py:188} INFO - [2026-03-18T08:07:46.448+0000] {dag.py:3036} INFO - Sync 1 DAGs
[2026-03-18T08:07:46.462+0000] {logging_mixin.py:188} INFO - [2026-03-18T08:07:46.462+0000] {dag.py:3823} INFO - Setting next_dagrun for tutorial to 2026-03-17 00:00:00+00:00, run_after=2026-03-18 00:00:00+00:00
[2026-03-18T08:07:46.474+0000] {processor.py:183} INFO - Processing /home/airflow/.local/lib/python3.8/site-packages/airflow/example_dags/tutorial.py took 0.047 seconds
[2026-03-18T08:08:16.938+0000] {processor.py:161} INFO - Started process (PID=339) to work on /home/airflow/.local/lib/python3.8/site-packages/airflow/example_dags/tutorial.py
[2026-03-18T08:08:16.939+0000] {processor.py:830} INFO - Processing file /home/airflow/.local/lib/python3.8/site-packages/airflow/example_dags/tutorial.py for tasks to queue
[2026-03-18T08:08:16.940+0000] {logging_mixin.py:188} INFO - [2026-03-18T08:08:16.940+0000] {dagbag.py:538} INFO - Filling up the DagBag from /home/airflow/.local/lib/python3.8/site-packages/airflow/example_dags/tutorial.py
[2026-03-18T08:08:16.944+0000] {processor.py:840} INFO - DAG(s) 'tutorial' retrieved from /home/airflow/.local/lib/python3.8/site-packages/airflow/example_dags/tutorial.py
[2026-03-18T08:08:16.956+0000] {logging_mixin.py:188} INFO - [2026-03-18T08:08:16.956+0000] {dag.py:3036} INFO - Sync 1 DAGs
[2026-03-18T08:08:16.969+0000] {logging_mixin.py:188} INFO - [2026-03-18T08:08:16.969+0000] {dag.py:3823} INFO - Setting next_dagrun for tutorial to 2026-03-17 00:00:00+00:00, run_after=2026-03-18 00:00:00+00:00
[2026-03-18T08:08:16.982+0000] {processor.py:183} INFO - Processing /home/airflow/.local/lib/python3.8/site-packages/airflow/example_dags/tutorial.py took 0.046 seconds
[2026-03-18T08:08:47.517+0000] {processor.py:161} INFO - Started process (PID=395) to work on /home/airflow/.local/lib/python3.8/site-packages/airflow/example_dags/tutorial.py
[2026-03-18T08:08:47.518+0000] {processor.py:830} INFO - Processing file /home/airflow/.local/lib/python3.8/site-packages/airflow/example_dags/tutorial.py for tasks to queue
[2026-03-18T08:08:47.518+0000] {logging_mixin.py:188} INFO - [2026-03-18T08:08:47.518+0000] {dagbag.py:538} INFO - Filling up the DagBag from /home/airflow/.local/lib/python3.8/site-packages/airflow/example_dags/tutorial.py
[2026-03-18T08:08:47.521+0000] {processor.py:840} INFO - DAG(s) 'tutorial' retrieved from /home/airflow/.local/lib/python3.8/site-packages/airflow/example_dags/tutorial.py
[2026-03-18T08:08:47.529+0000] {logging_mixin.py:188} INFO - [2026-03-18T08:08:47.529+0000] {dag.py:3036} INFO - Sync 1 DAGs
[2026-03-18T08:08:47.540+0000] {logging_mixin.py:188} INFO - [2026-03-18T08:08:47.540+0000] {dag.py:3823} INFO - Setting next_dagrun for tutorial to 2026-03-17 00:00:00+00:00, run_after=2026-03-18 00:00:00+00:00
[2026-03-18T08:08:47.550+0000] {processor.py:183} INFO - Processing /home/airflow/.local/lib/python3.8/site-packages/airflow/example_dags/tutorial.py took 0.034 seconds
[2026-03-18T08:09:18.017+0000] {processor.py:161} INFO - Started process (PID=451) to work on /home/airflow/.local/lib/python3.8/site-packages/airflow/example_dags/tutorial.py
[2026-03-18T08:09:18.018+0000] {processor.py:830} INFO - Processing file /home/airflow/.local/lib/python3.8/site-packages/airflow/example_dags/tutorial.py for tasks to queue
[2026-03-18T08:09:18.019+0000] {logging_mixin.py:188} INFO - [2026-03-18T08:09:18.019+0000] {dagbag.py:538} INFO - Filling up the DagBag from /home/airflow/.local/lib/python3.8/site-packages/airflow/example_dags/tutorial.py
[2026-03-18T08:09:18.022+0000] {processor.py:840} INFO - DAG(s) 'tutorial' retrieved from /home/airflow/.local/lib/python3.8/site-packages/airflow/example_dags/tutorial.py
[2026-03-18T08:09:18.033+0000] {logging_mixin.py:188} INFO - [2026-03-18T08:09:18.033+0000] {dag.py:3036} INFO - Sync 1 DAGs
[2026-03-18T08:09:18.043+0000] {logging_mixin.py:188} INFO - [2026-03-18T08:09:18.043+0000] {dag.py:3823} INFO - Setting next_dagrun for tutorial to 2026-03-17 00:00:00+00:00, run_after=2026-03-18 00:00:00+00:00
[2026-03-18T08:09:18.056+0000] {processor.py:183} INFO - Processing /home/airflow/.local/lib/python3.8/site-packages/airflow/example_dags/tutorial.py took 0.041 seconds
[2026-03-18T08:09:48.561+0000] {processor.py:161} INFO - Started process (PID=507) to work on /home/airflow/.local/lib/python3.8/site-packages/airflow/example_dags/tutorial.py
[2026-03-18T08:09:48.562+0000] {processor.py:830} INFO - Processing file /home/airflow/.local/lib/python3.8/site-packages/airflow/example_dags/tutorial.py for tasks to queue
[2026-03-18T08:09:48.562+0000] {logging_mixin.py:188} INFO - [2026-03-18T08:09:48.562+0000] {dagbag.py:538} INFO - Filling up the DagBag from /home/airflow/.local/lib/python3.8/site-packages/airflow/example_dags/tutorial.py
[2026-03-18T08:09:48.565+0000] {processor.py:840} INFO - DAG(s) 'tutorial' retrieved from /home/airflow/.local/lib/python3.8/site-packages/airflow/example_dags/tutorial.py
[2026-03-18T08:09:48.574+0000] {logging_mixin.py:188} INFO - [2026-03-18T08:09:48.573+0000] {dag.py:3036} INFO - Sync 1 DAGs
[2026-03-18T08:09:48.582+0000] {logging_mixin.py:188} INFO - [2026-03-18T08:09:48.582+0000] {dag.py:3823} INFO - Setting next_dagrun for tutorial to 2026-03-17 00:00:00+00:00, run_after=2026-03-18 00:00:00+00:00
[2026-03-18T08:09:48.592+0000] {processor.py:183} INFO - Processing /home/airflow/.local/lib/python3.8/site-packages/airflow/example_dags/tutorial.py took 0.033 seconds
[2026-03-18T08:10:19.090+0000] {processor.py:161} INFO - Started process (PID=563) to work on /home/airflow/.local/lib/python3.8/site-packages/airflow/example_dags/tutorial.py
[2026-03-18T08:10:19.091+0000] {processor.py:830} INFO - Processing file /home/airflow/.local/lib/python3.8/site-packages/airflow/example_dags/tutorial.py for tasks to queue
[2026-03-18T08:10:19.092+0000] {logging_mixin.py:188} INFO - [2026-03-18T08:10:19.092+0000] {dagbag.py:538} INFO - Filling up the DagBag from /home/airflow/.local/lib/python3.8/site-packages/airflow/example_dags/tutorial.py
[2026-03-18T08:10:19.096+0000] {processor.py:840} INFO - DAG(s) 'tutorial' retrieved from /home/airflow/.local/lib/python3.8/site-packages/airflow/example_dags/tutorial.py
[2026-03-18T08:10:19.105+0000] {logging_mixin.py:188} INFO - [2026-03-18T08:10:19.105+0000] {dag.py:3036} INFO - Sync 1 DAGs
[2026-03-18T08:10:19.115+0000] {logging_mixin.py:188} INFO - [2026-03-18T08:10:19.115+0000] {dag.py:3823} INFO - Setting next_dagrun for tutorial to 2026-03-17 00:00:00+00:00, run_after=2026-03-18 00:00:00+00:00
[2026-03-18T08:10:19.127+0000] {processor.py:183} INFO - Processing /home/airflow/.local/lib/python3.8/site-packages/airflow/example_dags/tutorial.py took 0.038 seconds
[2026-03-18T08:10:49.632+0000] {processor.py:161} INFO - Started process (PID=619) to work on /home/airflow/.local/lib/python3.8/site-packages/airflow/example_dags/tutorial.py
[2026-03-18T08:10:49.633+0000] {processor.py:830} INFO - Processing file /home/airflow/.local/lib/python3.8/site-packages/airflow/example_dags/tutorial.py for tasks to queue
[2026-03-18T08:10:49.634+0000] {logging_mixin.py:188} INFO - [2026-03-18T08:10:49.634+0000] {dagbag.py:538} INFO - Filling up the DagBag from /home/airflow/.local/lib/python3.8/site-packages/airflow/example_dags/tutorial.py
[2026-03-18T08:10:49.637+0000] {processor.py:840} INFO - DAG(s) 'tutorial' retrieved from /home/airflow/.local/lib/python3.8/site-packages/airflow/example_dags/tutorial.py
[2026-03-18T08:10:49.648+0000] {logging_mixin.py:188} INFO - [2026-03-18T08:10:49.648+0000] {dag.py:3036} INFO - Sync 1 DAGs
[2026-03-18T08:10:49.659+0000] {logging_mixin.py:188} INFO - [2026-03-18T08:10:49.659+0000] {dag.py:3823} INFO - Setting next_dagrun for tutorial to 2026-03-17 00:00:00+00:00, run_after=2026-03-18 00:00:00+00:00
[2026-03-18T08:10:49.674+0000] {processor.py:183} INFO - Processing /home/airflow/.local/lib/python3.8/site-packages/airflow/example_dags/tutorial.py took 0.045 seconds
[2026-03-18T08:11:20.106+0000] {processor.py:161} INFO - Started process (PID=675) to work on /home/airflow/.local/lib/python3.8/site-packages/airflow/example_dags/tutorial.py
[2026-03-18T08:11:20.107+0000] {processor.py:830} INFO - Processing file /home/airflow/.local/lib/python3.8/site-packages/airflow/example_dags/tutorial.py for tasks to queue
[2026-03-18T08:11:20.108+0000] {logging_mixin.py:188} INFO - [2026-03-18T08:11:20.108+0000] {dagbag.py:538} INFO - Filling up the DagBag from /home/airflow/.local/lib/python3.8/site-packages/airflow/example_dags/tutorial.py
[2026-03-18T08:11:20.112+0000] {processor.py:840} INFO - DAG(s) 'tutorial' retrieved from /home/airflow/.local/lib/python3.8/site-packages/airflow/example_dags/tutorial.py
[2026-03-18T08:11:20.121+0000] {logging_mixin.py:188} INFO - [2026-03-18T08:11:20.121+0000] {dag.py:3036} INFO - Sync 1 DAGs
[2026-03-18T08:11:20.131+0000] {logging_mixin.py:188} INFO - [2026-03-18T08:11:20.131+0000] {dag.py:3823} INFO - Setting next_dagrun for tutorial to 2026-03-17 00:00:00+00:00, run_after=2026-03-18 00:00:00+00:00
[2026-03-18T08:11:20.144+0000] {processor.py:183} INFO - Processing /home/airflow/.local/lib/python3.8/site-packages/airflow/example_dags/tutorial.py took 0.039 seconds
[2026-03-18T08:11:50.651+0000] {processor.py:161} INFO - Started process (PID=731) to work on /home/airflow/.local/lib/python3.8/site-packages/airflow/example_dags/tutorial.py
[2026-03-18T08:11:50.652+0000] {processor.py:830} INFO - Processing file /home/airflow/.local/lib/python3.8/site-packages/airflow/example_dags/tutorial.py for tasks to queue
[2026-03-18T08:11:50.653+0000] {logging_mixin.py:188} INFO - [2026-03-18T08:11:50.653+0000] {dagbag.py:538} INFO - Filling up the DagBag from /home/airflow/.local/lib/python3.8/site-packages/airflow/example_dags/tutorial.py
[2026-03-18T08:11:50.656+0000] {processor.py:840} INFO - DAG(s) 'tutorial' retrieved from /home/airflow/.local/lib/python3.8/site-packages/airflow/example_dags/tutorial.py
[2026-03-18T08:11:50.664+0000] {logging_mixin.py:188} INFO - [2026-03-18T08:11:50.664+0000] {dag.py:3036} INFO - Sync 1 DAGs
[2026-03-18T08:11:50.674+0000] {logging_mixin.py:188} INFO - [2026-03-18T08:11:50.674+0000] {dag.py:3823} INFO - Setting next_dagrun for tutorial to 2026-03-17 00:00:00+00:00, run_after=2026-03-18 00:00:00+00:00
[2026-03-18T08:11:50.686+0000] {processor.py:183} INFO - Processing /home/airflow/.local/lib/python3.8/site-packages/airflow/example_dags/tutorial.py took 0.037 seconds
[2026-03-18T08:12:21.198+0000] {processor.py:161} INFO - Started process (PID=787) to work on /home/airflow/.local/lib/python3.8/site-packages/airflow/example_dags/tutorial.py
[2026-03-18T08:12:21.199+0000] {processor.py:830} INFO - Processing file /home/airflow/.local/lib/python3.8/site-packages/airflow/example_dags/tutorial.py for tasks to queue
[2026-03-18T08:12:21.201+0000] {logging_mixin.py:188} INFO - [2026-03-18T08:12:21.200+0000] {dagbag.py:538} INFO - Filling up the DagBag from /home/airflow/.local/lib/python3.8/site-packages/airflow/example_dags/tutorial.py
[2026-03-18T08:12:21.204+0000] {processor.py:840} INFO - DAG(s) 'tutorial' retrieved from /home/airflow/.local/lib/python3.8/site-packages/airflow/example_dags/tutorial.py
[2026-03-18T08:12:21.212+0000] {logging_mixin.py:188} INFO - [2026-03-18T08:12:21.212+0000] {dag.py:3036} INFO - Sync 1 DAGs
[2026-03-18T08:12:21.224+0000] {logging_mixin.py:188} INFO - [2026-03-18T08:12:21.224+0000] {dag.py:3823} INFO - Setting next_dagrun for tutorial to 2026-03-17 00:00:00+00:00, run_after=2026-03-18 00:00:00+00:00
[2026-03-18T08:12:21.231+0000] {processor.py:183} INFO - Processing /home/airflow/.local/lib/python3.8/site-packages/airflow/example_dags/tutorial.py took 0.035 seconds
[2026-03-18T08:12:51.569+0000] {processor.py:161} INFO - Started process (PID=843) to work on /home/airflow/.local/lib/python3.8/site-packages/airflow/example_dags/tutorial.py
[2026-03-18T08:12:51.569+0000] {processor.py:830} INFO - Processing file /home/airflow/.local/lib/python3.8/site-packages/airflow/example_dags/tutorial.py for tasks to queue
[2026-03-18T08:12:51.572+0000] {logging_mixin.py:188} INFO - [2026-03-18T08:12:51.572+0000] {dagbag.py:538} INFO - Filling up the DagBag from /home/airflow/.local/lib/python3.8/site-packages/airflow/example_dags/tutorial.py
[2026-03-18T08:12:51.575+0000] {processor.py:840} INFO - DAG(s) 'tutorial' retrieved from /home/airflow/.local/lib/python3.8/site-packages/airflow/example_dags/tutorial.py
[2026-03-18T08:12:51.586+0000] {logging_mixin.py:188} INFO - [2026-03-18T08:12:51.586+0000] {dag.py:3036} INFO - Sync 1 DAGs
[2026-03-18T08:12:51.594+0000] {logging_mixin.py:188} INFO - [2026-03-18T08:12:51.594+0000] {dag.py:3823} INFO - Setting next_dagrun for tutorial to 2026-03-17 00:00:00+00:00, run_after=2026-03-18 00:00:00+00:00
[2026-03-18T08:12:51.608+0000] {processor.py:183} INFO - Processing /home/airflow/.local/lib/python3.8/site-packages/airflow/example_dags/tutorial.py took 0.041 seconds
[2026-03-18T08:13:22.021+0000] {processor.py:161} INFO - Started process (PID=899) to work on /home/airflow/.local/lib/python3.8/site-packages/airflow/example_dags/tutorial.py
[2026-03-18T08:13:22.022+0000] {processor.py:830} INFO - Processing file /home/airflow/.local/lib/python3.8/site-packages/airflow/example_dags/tutorial.py for tasks to queue
[2026-03-18T08:13:22.024+0000] {logging_mixin.py:188} INFO - [2026-03-18T08:13:22.023+0000] {dagbag.py:538} INFO - Filling up the DagBag from /home/airflow/.local/lib/python3.8/site-packages/airflow/example_dags/tutorial.py
[2026-03-18T08:13:22.026+0000] {processor.py:840} INFO - DAG(s) 'tutorial' retrieved from /home/airflow/.local/lib/python3.8/site-packages/airflow/example_dags/tutorial.py
[2026-03-18T08:13:22.036+0000] {logging_mixin.py:188} INFO - [2026-03-18T08:13:22.036+0000] {dag.py:3036} INFO - Sync 1 DAGs
[2026-03-18T08:13:22.044+0000] {logging_mixin.py:188} INFO - [2026-03-18T08:13:22.044+0000] {dag.py:3823} INFO - Setting next_dagrun for tutorial to 2026-03-17 00:00:00+00:00, run_after=2026-03-18 00:00:00+00:00
[2026-03-18T08:13:22.054+0000] {processor.py:183} INFO - Processing /home/airflow/.local/lib/python3.8/site-packages/airflow/example_dags/tutorial.py took 0.035 seconds
[2026-03-18T08:13:52.606+0000] {processor.py:161} INFO - Started process (PID=955) to work on /home/airflow/.local/lib/python3.8/site-packages/airflow/example_dags/tutorial.py
[2026-03-18T08:13:52.607+0000] {processor.py:830} INFO - Processing file /home/airflow/.local/lib/python3.8/site-packages/airflow/example_dags/tutorial.py for tasks to queue
[2026-03-18T08:13:52.608+0000] {logging_mixin.py:188} INFO - [2026-03-18T08:13:52.607+0000] {dagbag.py:538} INFO - Filling up the DagBag from /home/airflow/.local/lib/python3.8/site-packages/airflow/example_dags/tutorial.py
[2026-03-18T08:13:52.610+0000] {processor.py:840} INFO - DAG(s) 'tutorial' retrieved from /home/airflow/.local/lib/python3.8/site-packages/airflow/example_dags/tutorial.py
[2026-03-18T08:13:52.618+0000] {logging_mixin.py:188} INFO - [2026-03-18T08:13:52.618+0000] {dag.py:3036} INFO - Sync 1 DAGs
[2026-03-18T08:13:52.628+0000] {logging_mixin.py:188} INFO - [2026-03-18T08:13:52.628+0000] {dag.py:3823} INFO - Setting next_dagrun for tutorial to 2026-03-17 00:00:00+00:00, run_after=2026-03-18 00:00:00+00:00
[2026-03-18T08:13:52.641+0000] {processor.py:183} INFO - Processing /home/airflow/.local/lib/python3.8/site-packages/airflow/example_dags/tutorial.py took 0.037 seconds
[2026-03-18T08:14:23.161+0000] {processor.py:161} INFO - Started process (PID=1011) to work on /home/airflow/.local/lib/python3.8/site-packages/airflow/example_dags/tutorial.py
[2026-03-18T08:14:23.162+0000] {processor.py:830} INFO - Processing file /home/airflow/.local/lib/python3.8/site-packages/airflow/example_dags/tutorial.py for tasks to queue
[2026-03-18T08:14:23.164+0000] {logging_mixin.py:188} INFO - [2026-03-18T08:14:23.164+0000] {dagbag.py:538} INFO - Filling up the DagBag from /home/airflow/.local/lib/python3.8/site-packages/airflow/example_dags/tutorial.py
[2026-03-18T08:14:23.166+0000] {processor.py:840} INFO - DAG(s) 'tutorial' retrieved from /home/airflow/.local/lib/python3.8/site-packages/airflow/example_dags/tutorial.py
[2026-03-18T08:14:23.175+0000] {logging_mixin.py:188} INFO - [2026-03-18T08:14:23.175+0000] {dag.py:3036} INFO - Sync 1 DAGs
[2026-03-18T08:14:23.185+0000] {logging_mixin.py:188} INFO - [2026-03-18T08:14:23.185+0000] {dag.py:3823} INFO - Setting next_dagrun for tutorial to 2026-03-17 00:00:00+00:00, run_after=2026-03-18 00:00:00+00:00
[2026-03-18T08:14:23.200+0000] {processor.py:183} INFO - Processing /home/airflow/.local/lib/python3.8/site-packages/airflow/example_dags/tutorial.py took 0.040 seconds
[2026-03-18T08:14:53.746+0000] {processor.py:161} INFO - Started process (PID=1067) to work on /home/airflow/.local/lib/python3.8/site-packages/airflow/example_dags/tutorial.py
[2026-03-18T08:14:53.747+0000] {processor.py:830} INFO - Processing file /home/airflow/.local/lib/python3.8/site-packages/airflow/example_dags/tutorial.py for tasks to queue
[2026-03-18T08:14:53.747+0000] {logging_mixin.py:188} INFO - [2026-03-18T08:14:53.747+0000] {dagbag.py:538} INFO - Filling up the DagBag from /home/airflow/.local/lib/python3.8/site-packages/airflow/example_dags/tutorial.py
[2026-03-18T08:14:53.750+0000] {processor.py:840} INFO - DAG(s) 'tutorial' retrieved from /home/airflow/.local/lib/python3.8/site-packages/airflow/example_dags/tutorial.py
[2026-03-18T08:14:53.760+0000] {logging_mixin.py:188} INFO - [2026-03-18T08:14:53.760+0000] {dag.py:3036} INFO - Sync 1 DAGs
[2026-03-18T08:14:53.771+0000] {logging_mixin.py:188} INFO - [2026-03-18T08:14:53.771+0000] {dag.py:3823} INFO - Setting next_dagrun for tutorial to 2026-03-17 00:00:00+00:00, run_after=2026-03-18 00:00:00+00:00
[2026-03-18T08:14:53.783+0000] {processor.py:183} INFO - Processing /home/airflow/.local/lib/python3.8/site-packages/airflow/example_dags/tutorial.py took 0.039 seconds
[2026-03-18T08:15:24.429+0000] {processor.py:161} INFO - Started process (PID=1123) to work on /home/airflow/.local/lib/python3.8/site-packages/airflow/example_dags/tutorial.py
[2026-03-18T08:15:24.429+0000] {processor.py:830} INFO - Processing file /home/airflow/.local/lib/python3.8/site-packages/airflow/example_dags/tutorial.py for tasks to queue
[2026-03-18T08:15:24.431+0000] {logging_mixin.py:188} INFO - [2026-03-18T08:15:24.430+0000] {dagbag.py:538} INFO - Filling up the DagBag from /home/airflow/.local/lib/python3.8/site-packages/airflow/example_dags/tutorial.py
[2026-03-18T08:15:24.433+0000] {processor.py:840} INFO - DAG(s) 'tutorial' retrieved from /home/airflow/.local/lib/python3.8/site-packages/airflow/example_dags/tutorial.py
[2026-03-18T08:15:24.443+0000] {logging_mixin.py:188} INFO - [2026-03-18T08:15:24.443+0000] {dag.py:3036} INFO - Sync 1 DAGs
[2026-03-18T08:15:24.455+0000] {logging_mixin.py:188} INFO - [2026-03-18T08:15:24.455+0000] {dag.py:3823} INFO - Setting next_dagrun for tutorial to 2026-03-17 00:00:00+00:00, run_after=2026-03-18 00:00:00+00:00
[2026-03-18T08:15:24.464+0000] {processor.py:183} INFO - Processing /home/airflow/.local/lib/python3.8/site-packages/airflow/example_dags/tutorial.py took 0.037 seconds
[2026-03-18T08:15:54.976+0000] {processor.py:161} INFO - Started process (PID=1179) to work on /home/airflow/.local/lib/python3.8/site-packages/airflow/example_dags/tutorial.py
[2026-03-18T08:15:54.977+0000] {processor.py:830} INFO - Processing file /home/airflow/.local/lib/python3.8/site-packages/airflow/example_dags/tutorial.py for tasks to queue
[2026-03-18T08:15:54.980+0000] {logging_mixin.py:188} INFO - [2026-03-18T08:15:54.979+0000] {dagbag.py:538} INFO - Filling up the DagBag from /home/airflow/.local/lib/python3.8/site-packages/airflow/example_dags/tutorial.py
[2026-03-18T08:15:54.983+0000] {processor.py:840} INFO - DAG(s) 'tutorial' retrieved from /home/airflow/.local/lib/python3.8/site-packages/airflow/example_dags/tutorial.py
[2026-03-18T08:15:54.995+0000] {logging_mixin.py:188} INFO - [2026-03-18T08:15:54.995+0000] {dag.py:3036} INFO - Sync 1 DAGs
[2026-03-18T08:15:55.003+0000] {logging_mixin.py:188} INFO - [2026-03-18T08:15:55.003+0000] {dag.py:3823} INFO - Setting next_dagrun for tutorial to 2026-03-17 00:00:00+00:00, run_after=2026-03-18 00:00:00+00:00
[2026-03-18T08:15:55.015+0000] {processor.py:183} INFO - Processing /home/airflow/.local/lib/python3.8/site-packages/airflow/example_dags/tutorial.py took 0.041 seconds
[2026-03-18T08:16:25.490+0000] {processor.py:161} INFO - Started process (PID=1235) to work on /home/airflow/.local/lib/python3.8/site-packages/airflow/example_dags/tutorial.py
[2026-03-18T08:16:25.491+0000] {processor.py:830} INFO - Processing file /home/airflow/.local/lib/python3.8/site-packages/airflow/example_dags/tutorial.py for tasks to queue
[2026-03-18T08:16:25.492+0000] {logging_mixin.py:188} INFO - [2026-03-18T08:16:25.492+0000] {dagbag.py:538} INFO - Filling up the DagBag from /home/airflow/.local/lib/python3.8/site-packages/airflow/example_dags/tutorial.py
[2026-03-18T08:16:25.495+0000] {processor.py:840} INFO - DAG(s) 'tutorial' retrieved from /home/airflow/.local/lib/python3.8/site-packages/airflow/example_dags/tutorial.py
[2026-03-18T08:16:25.504+0000] {logging_mixin.py:188} INFO - [2026-03-18T08:16:25.504+0000] {dag.py:3036} INFO - Sync 1 DAGs
[2026-03-18T08:16:25.514+0000] {logging_mixin.py:188} INFO - [2026-03-18T08:16:25.514+0000] {dag.py:3823} INFO - Setting next_dagrun for tutorial to 2026-03-17 00:00:00+00:00, run_after=2026-03-18 00:00:00+00:00
[2026-03-18T08:16:25.526+0000] {processor.py:183} INFO - Processing /home/airflow/.local/lib/python3.8/site-packages/airflow/example_dags/tutorial.py took 0.038 seconds
[2026-03-18T08:16:56.073+0000] {processor.py:161} INFO - Started process (PID=1292) to work on /home/airflow/.local/lib/python3.8/site-packages/airflow/example_dags/tutorial.py
[2026-03-18T08:16:56.074+0000] {processor.py:830} INFO - Processing file /home/airflow/.local/lib/python3.8/site-packages/airflow/example_dags/tutorial.py for tasks to queue
[2026-03-18T08:16:56.075+0000] {logging_mixin.py:188} INFO - [2026-03-18T08:16:56.075+0000] {dagbag.py:538} INFO - Filling up the DagBag from /home/airflow/.local/lib/python3.8/site-packages/airflow/example_dags/tutorial.py
[2026-03-18T08:16:56.079+0000] {processor.py:840} INFO - DAG(s) 'tutorial' retrieved from /home/airflow/.local/lib/python3.8/site-packages/airflow/example_dags/tutorial.py
[2026-03-18T08:16:56.087+0000] {logging_mixin.py:188} INFO - [2026-03-18T08:16:56.087+0000] {dag.py:3036} INFO - Sync 1 DAGs
[2026-03-18T08:16:56.096+0000] {logging_mixin.py:188} INFO - [2026-03-18T08:16:56.096+0000] {dag.py:3823} INFO - Setting next_dagrun for tutorial to 2026-03-17 00:00:00+00:00, run_after=2026-03-18 00:00:00+00:00
[2026-03-18T08:16:56.108+0000] {processor.py:183} INFO - Processing /home/airflow/.local/lib/python3.8/site-packages/airflow/example_dags/tutorial.py took 0.037 seconds
[2026-03-18T08:17:26.576+0000] {processor.py:161} INFO - Started process (PID=1348) to work on /home/airflow/.local/lib/python3.8/site-packages/airflow/example_dags/tutorial.py
[2026-03-18T08:17:26.577+0000] {processor.py:830} INFO - Processing file /home/airflow/.local/lib/python3.8/site-packages/airflow/example_dags/tutorial.py for tasks to queue
[2026-03-18T08:17:26.578+0000] {logging_mixin.py:188} INFO - [2026-03-18T08:17:26.578+0000] {dagbag.py:538} INFO - Filling up the DagBag from /home/airflow/.local/lib/python3.8/site-packages/airflow/example_dags/tutorial.py
[2026-03-18T08:17:26.584+0000] {processor.py:840} INFO - DAG(s) 'tutorial' retrieved from /home/airflow/.local/lib/python3.8/site-packages/airflow/example_dags/tutorial.py
[2026-03-18T08:17:26.598+0000] {logging_mixin.py:188} INFO - [2026-03-18T08:17:26.598+0000] {dag.py:3036} INFO - Sync 1 DAGs
[2026-03-18T08:17:26.609+0000] {logging_mixin.py:188} INFO - [2026-03-18T08:17:26.609+0000] {dag.py:3823} INFO - Setting next_dagrun for tutorial to 2026-03-17 00:00:00+00:00, run_after=2026-03-18 00:00:00+00:00
[2026-03-18T08:17:26.624+0000] {processor.py:183} INFO - Processing /home/airflow/.local/lib/python3.8/site-packages/airflow/example_dags/tutorial.py took 0.050 seconds
[2026-03-18T08:17:57.079+0000] {processor.py:161} INFO - Started process (PID=1404) to work on /home/airflow/.local/lib/python3.8/site-packages/airflow/example_dags/tutorial.py
[2026-03-18T08:17:57.080+0000] {processor.py:830} INFO - Processing file /home/airflow/.local/lib/python3.8/site-packages/airflow/example_dags/tutorial.py for tasks to queue
[2026-03-18T08:17:57.081+0000] {logging_mixin.py:188} INFO - [2026-03-18T08:17:57.081+0000] {dagbag.py:538} INFO - Filling up the DagBag from /home/airflow/.local/lib/python3.8/site-packages/airflow/example_dags/tutorial.py
[2026-03-18T08:17:57.085+0000] {processor.py:840} INFO - DAG(s) 'tutorial' retrieved from /home/airflow/.local/lib/python3.8/site-packages/airflow/example_dags/tutorial.py
[2026-03-18T08:17:57.095+0000] {logging_mixin.py:188} INFO - [2026-03-18T08:17:57.094+0000] {dag.py:3036} INFO - Sync 1 DAGs
[2026-03-18T08:17:57.105+0000] {logging_mixin.py:188} INFO - [2026-03-18T08:17:57.104+0000] {dag.py:3823} INFO - Setting next_dagrun for tutorial to 2026-03-17 00:00:00+00:00, run_after=2026-03-18 00:00:00+00:00
[2026-03-18T08:17:57.112+0000] {processor.py:183} INFO - Processing /home/airflow/.local/lib/python3.8/site-packages/airflow/example_dags/tutorial.py took 0.035 seconds
[2026-03-18T08:18:27.640+0000] {processor.py:161} INFO - Started process (PID=1460) to work on /home/airflow/.local/lib/python3.8/site-packages/airflow/example_dags/tutorial.py
[2026-03-18T08:18:27.643+0000] {processor.py:830} INFO - Processing file /home/airflow/.local/lib/python3.8/site-packages/airflow/example_dags/tutorial.py for tasks to queue
[2026-03-18T08:18:27.644+0000] {logging_mixin.py:188} INFO - [2026-03-18T08:18:27.644+0000] {dagbag.py:538} INFO - Filling up the DagBag from /home/airflow/.local/lib/python3.8/site-packages/airflow/example_dags/tutorial.py
[2026-03-18T08:18:27.647+0000] {processor.py:840} INFO - DAG(s) 'tutorial' retrieved from /home/airflow/.local/lib/python3.8/site-packages/airflow/example_dags/tutorial.py
[2026-03-18T08:18:27.658+0000] {logging_mixin.py:188} INFO - [2026-03-18T08:18:27.658+0000] {dag.py:3036} INFO - Sync 1 DAGs
[2026-03-18T08:18:27.669+0000] {logging_mixin.py:188} INFO - [2026-03-18T08:18:27.669+0000] {dag.py:3823} INFO - Setting next_dagrun for tutorial to 2026-03-17 00:00:00+00:00, run_after=2026-03-18 00:00:00+00:00
[2026-03-18T08:18:27.678+0000] {processor.py:183} INFO - Processing /home/airflow/.local/lib/python3.8/site-packages/airflow/example_dags/tutorial.py took 0.039 seconds
[2026-03-18T08:18:58.197+0000] {processor.py:161} INFO - Started process (PID=1516) to work on /home/airflow/.local/lib/python3.8/site-packages/airflow/example_dags/tutorial.py
[2026-03-18T08:18:58.198+0000] {processor.py:830} INFO - Processing file /home/airflow/.local/lib/python3.8/site-packages/airflow/example_dags/tutorial.py for tasks to queue
[2026-03-18T08:18:58.199+0000] {logging_mixin.py:188} INFO - [2026-03-18T08:18:58.199+0000] {dagbag.py:538} INFO - Filling up the DagBag from /home/airflow/.local/lib/python3.8/site-packages/airflow/example_dags/tutorial.py
[2026-03-18T08:18:58.202+0000] {processor.py:840} INFO - DAG(s) 'tutorial' retrieved from /home/airflow/.local/lib/python3.8/site-packages/airflow/example_dags/tutorial.py
[2026-03-18T08:18:58.211+0000] {logging_mixin.py:188} INFO - [2026-03-18T08:18:58.211+0000] {dag.py:3036} INFO - Sync 1 DAGs
[2026-03-18T08:18:58.221+0000] {logging_mixin.py:188} INFO - [2026-03-18T08:18:58.221+0000] {dag.py:3823} INFO - Setting next_dagrun for tutorial to 2026-03-17 00:00:00+00:00, run_after=2026-03-18 00:00:00+00:00
[2026-03-18T08:18:58.235+0000] {processor.py:183} INFO - Processing /home/airflow/.local/lib/python3.8/site-packages/airflow/example_dags/tutorial.py took 0.039 seconds
[2026-03-18T08:19:28.633+0000] {processor.py:161} INFO - Started process (PID=1572) to work on /home/airflow/.local/lib/python3.8/site-packages/airflow/example_dags/tutorial.py
[2026-03-18T08:19:28.634+0000] {processor.py:830} INFO - Processing file /home/airflow/.local/lib/python3.8/site-packages/airflow/example_dags/tutorial.py for tasks to queue
[2026-03-18T08:19:28.635+0000] {logging_mixin.py:188} INFO - [2026-03-18T08:19:28.635+0000] {dagbag.py:538} INFO - Filling up the DagBag from /home/airflow/.local/lib/python3.8/site-packages/airflow/example_dags/tutorial.py
[2026-03-18T08:19:28.639+0000] {processor.py:840} INFO - DAG(s) 'tutorial' retrieved from /home/airflow/.local/lib/python3.8/site-packages/airflow/example_dags/tutorial.py
[2026-03-18T08:19:28.651+0000] {logging_mixin.py:188} INFO - [2026-03-18T08:19:28.651+0000] {dag.py:3036} INFO - Sync 1 DAGs
[2026-03-18T08:19:28.660+0000] {logging_mixin.py:188} INFO - [2026-03-18T08:19:28.660+0000] {dag.py:3823} INFO - Setting next_dagrun for tutorial to 2026-03-17 00:00:00+00:00, run_after=2026-03-18 00:00:00+00:00
[2026-03-18T08:19:28.671+0000] {processor.py:183} INFO - Processing /home/airflow/.local/lib/python3.8/site-packages/airflow/example_dags/tutorial.py took 0.040 seconds
